#
# A fatal error has been detected by the Java Runtime Environment:
#
#  SIGSEGV (0xb) at pc=0x00007f8d3c714c58, pid=6486, tid=140244672861952
#
# JRE version: 7.0_03-b147
# Java VM: OpenJDK 64-Bit Server VM (22.0-b10 mixed mode linux-amd64 compressed oops)
# Derivative: IcedTea7 2.1.1pre
# Distribution: Ubuntu 12.04 LTS, package 7~u3-2.1.1~pre1-1ubuntu3
# Problematic frame:
# C  [libX11.so.6+0x33c58]  XQueryExtension+0x28
#
# Failed to write core dump. Core dumps have been disabled. To enable core dumping, try "ulimit -c unlimited" before starting Java again
#
# If you would like to submit a bug report, please include
# instructions on how to reproduce the bug and visit:
#   https://bugs.launchpad.net/ubuntu/+source/openjdk-7/
#

---------------  T H R E A D  ---------------

Current thread is native thread

siginfo:si_signo=SIGSEGV: si_errno=0, si_code=1 (SEGV_MAPERR), si_addr=0xfffffffffc01a048

Registers:
RAX=0x0000000001225ba0, RBX=0xfffffffffc0196e0, RCX=0x00007fff442529b8, RDX=0x00007fff442529b4
RSP=0x00007fff44252950, RBP=0x00007f8d04b00932, RSI=0x00007f8d04b00932, RDI=0xfffffffffc0196e0
R8 =0x00007fff442529bc, R9 =0x0000000000000000, R10=0x00007f8d41a73fa8, R11=0x00007f8d416f5ca0
R12=0x0000000000000000, R13=0x00007f8d04b00932, R14=0x0000000001225ba0, R15=0x0000000000000000
RIP=0x00007f8d3c714c58, EFLAGS=0x0000000000010206, CSGSFS=0x0000000000000033, ERR=0x0000000000000005
  TRAPNO=0x000000000000000e

Top of Stack: (sp=0x00007fff44252950)
0x00007fff44252950:   00007f8d416c8790 00007f8d41e88000
0x00007fff44252960:   00007f8d41084070 00007f8d41e87000
0x00007fff44252970:   00000000ffffffff fffffffffc0196e0
0x00007fff44252980:   00007f8d04b00932 0000000000000000
0x00007fff44252990:   00007f8d04b00932 0000000001225ba0
0x00007fff442529a0:   0000000000000000 00007f8d3c708c55
0x00007fff442529b0:   00007f8d41ea8048 00007f8d04c39520
0x00007fff442529c0:   00007f8d04c39520 fffffffffc0196e0
0x00007fff442529d0:   00007f8cfc036f70 00007f8d3ca2202b
0x00007fff442529e0:   00007f8d416c8790 0000001100000061
0x00007fff442529f0:   00007fff44252a70 0000000000000000
0x00007fff44252a00:   00007fff44252a70 fffffffffc0196e0
0x00007fff44252a10:   0000000000000000 00007f8d41ea8048
0x00007fff44252a20:   00007f8d04c52d50 00007f8d04aa7119
0x00007fff44252a30:   0000000000000000 0000000000000061
0x00007fff44252a40:   00007fff44252a70 00007fff44252a90
0x00007fff44252a50:   0000000000000000 00007f8d41ea8048
0x00007fff44252a60:   00007f8cfc01c3e0 00007f8d04a9db42
0x00007fff44252a70:   00007fff44252e10 00007f8d04b008b1
0x00007fff44252a80:   0000000000000061 00007f8d41c9492d
0x00007fff44252a90:   00007f8d41ea92c8 00007f8d41ea9858
0x00007fff44252aa0:   00007f8d41ea66a8 00007f8d38006570
0x00007fff44252ab0:   00007f8d38007080 00007f8d38007580
0x00007fff44252ac0:   00007f8d3800c260 00007f8cf019d700
0x00007fff44252ad0:   00007f8cf01fec60 00007f8cf01bd790
0x00007fff44252ae0:   00007f8cfc00b6e0 00007f8cfc00a8e0
0x00007fff44252af0:   00007f8d381d92c0 00007f8d381de060
0x00007fff44252b00:   00007f8d381e5770 00007f8d381e5240
0x00007fff44252b10:   00007f8d381e4d20 00007f8d381ea0f0
0x00007fff44252b20:   00007f8d381e9be0 00007f8d381eb440
0x00007fff44252b30:   00007f8d381e96e0 00007f8d381e47f0
0x00007fff44252b40:   00007f8d381e8210 00007f8d381eadb0 

Instructions: (pc=0x00007f8d3c714c58)
0x00007f8d3c714c38:   24 d8 48 89 fb 4c 89 64 24 e0 4c 89 6c 24 e8 48
0x00007f8d3c714c48:   89 f5 4c 89 74 24 f0 4c 89 7c 24 f8 48 83 ec 58
0x00007f8d3c714c58:   48 8b 87 68 09 00 00 49 89 d4 49 89 cd 4d 89 c6
0x00007f8d3c714c68:   48 85 c0 74 02 ff 10 ba 08 00 00 00 be 62 00 00 

Register to memory mapping:

RAX=0x0000000001225ba0 is an unknown value
RBX=0xfffffffffc0196e0 is an unknown value
RCX=0x00007fff442529b8 is an unknown value
RDX=0x00007fff442529b4 is an unknown value
RSP=0x00007fff44252950 is an unknown value
RBP=0x00007f8d04b00932: <offset 0x96932> in /usr/lib/fglrx/libGL.so.1 at 0x00007f8d04a6a000
RSI=0x00007f8d04b00932: <offset 0x96932> in /usr/lib/fglrx/libGL.so.1 at 0x00007f8d04a6a000
RDI=0xfffffffffc0196e0 is an unknown value
R8 =0x00007fff442529bc is an unknown value
R9 =0x0000000000000000 is an unknown value
R10=0x00007f8d41a73fa8: <offset 0x3b9fa8> in /lib/x86_64-linux-gnu/libc.so.6 at 0x00007f8d416ba000
R11=0x00007f8d416f5ca0: __cxa_finalize+0 in /lib/x86_64-linux-gnu/libc.so.6 at 0x00007f8d416ba000
R12=0x0000000000000000 is an unknown value
R13=0x00007f8d04b00932: <offset 0x96932> in /usr/lib/fglrx/libGL.so.1 at 0x00007f8d04a6a000
R14=0x0000000001225ba0 is an unknown value
R15=0x0000000000000000 is an unknown value


Stack: [0x00007fff44154000,0x00007fff44254000],  sp=0x00007fff44252950,  free space=1018k
Native frames: (J=compiled Java code, j=interpreted, Vv=VM code, C=native code)
C  [libX11.so.6+0x33c58]  XQueryExtension+0x28


---------------  P R O C E S S  ---------------

VM state:at safepoint (shutting down)

VM Mutex/Monitor currently owned by a thread:  ([mutex/lock_event])
[0x00007f8d38004940] Threads_lock - owner thread: 0x00007f8d3809b800

Heap
 PSYoungGen      total 17280K, used 14319K [0x00000000ecb60000, 0x00000000edea0000, 0x0000000100000000)
  eden space 14848K, 80% used [0x00000000ecb60000,0x00000000ed6fffa0,0x00000000ed9e0000)
  from space 2432K, 99% used [0x00000000ed9e0000,0x00000000edc3c020,0x00000000edc40000)
  to   space 2432K, 0% used [0x00000000edc40000,0x00000000edc40000,0x00000000edea0000)
 PSOldGen        total 39552K, used 2123K [0x00000000c6200000, 0x00000000c88a0000, 0x00000000ecb60000)
  object space 39552K, 5% used [0x00000000c6200000,0x00000000c6412ea0,0x00000000c88a0000)
 PSPermGen       total 21248K, used 20717K [0x00000000bbc00000, 0x00000000bd0c0000, 0x00000000c6200000)
  object space 21248K, 97% used [0x00000000bbc00000,0x00000000bd03b5b0,0x00000000bd0c0000)

Code Cache  [0x00007f8d35000000, 0x00007f8d35270000, 0x00007f8d38000000)
 total_blobs=829 nmethods=203 adapters=579 free_code_cache=48136Kb largest_free_block=49265920

Dynamic libraries:
00400000-00401000 r-xp 00000000 08:16 3544606                            /usr/lib/jvm/java-7-openjdk-amd64/jre/bin/java
00600000-00601000 r--p 00000000 08:16 3544606                            /usr/lib/jvm/java-7-openjdk-amd64/jre/bin/java
00601000-00602000 rw-p 00001000 08:16 3544606                            /usr/lib/jvm/java-7-openjdk-amd64/jre/bin/java
01223000-01244000 rw-p 00000000 00:00 0                                  [heap]
bbc00000-bd0c0000 rw-p 00000000 00:00 0 
bd0c0000-c6200000 rw-p 00000000 00:00 0 
c6200000-c88a0000 rw-p 00000000 00:00 0 
c88a0000-ecb60000 rw-p 00000000 00:00 0 
ecb60000-edea0000 rw-p 00000000 00:00 0 
edea0000-100000000 rw-p 00000000 00:00 0 
7f8ce9bf0000-7f8ce9bf1000 ---p 00000000 00:00 0 
7f8ce9bf1000-7f8cea3f1000 rw-p 00000000 00:00 0 
7f8ceadf3000-7f8ceadfc000 r-xp 00000000 08:16 3544590                    /usr/lib/jvm/java-7-openjdk-amd64/jre/lib/amd64/libjavajpeg.so
7f8ceadfc000-7f8ceaffb000 ---p 00009000 08:16 3544590                    /usr/lib/jvm/java-7-openjdk-amd64/jre/lib/amd64/libjavajpeg.so
7f8ceaffb000-7f8ceaffc000 r--p 00008000 08:16 3544590                    /usr/lib/jvm/java-7-openjdk-amd64/jre/lib/amd64/libjavajpeg.so
7f8ceaffc000-7f8ceaffd000 rw-p 00009000 08:16 3544590                    /usr/lib/jvm/java-7-openjdk-amd64/jre/lib/amd64/libjavajpeg.so
7f8ceaffd000-7f8ceaffe000 ---p 00000000 00:00 0 
7f8ceaffe000-7f8ceb7fe000 rw-p 00000000 00:00 0 
7f8cef7ff000-7f8cef800000 ---p 00000000 00:00 0 
7f8cef800000-7f8cf0000000 rw-p 00000000 00:00 0 
7f8cf0000000-7f8cf0560000 rw-p 00000000 00:00 0 
7f8cf0560000-7f8cf4000000 ---p 00000000 00:00 0 
7f8cf401b000-7f8cf4059000 r-xp 00000000 08:16 1056348                    /usr/lib/x86_64-linux-gnu/libjpeg.so.8.0.2
7f8cf4059000-7f8cf4258000 ---p 0003e000 08:16 1056348                    /usr/lib/x86_64-linux-gnu/libjpeg.so.8.0.2
7f8cf4258000-7f8cf4259000 r--p 0003d000 08:16 1056348                    /usr/lib/x86_64-linux-gnu/libjpeg.so.8.0.2
7f8cf4259000-7f8cf425a000 rw-p 0003e000 08:16 1056348                    /usr/lib/x86_64-linux-gnu/libjpeg.so.8.0.2
7f8cf425a000-7f8cf426a000 rw-p 00000000 00:00 0 
7f8cf426a000-7f8cf4270000 r-xp 00000000 08:16 1056418                    /usr/lib/x86_64-linux-gnu/libogg.so.0.7.1
7f8cf4270000-7f8cf446f000 ---p 00006000 08:16 1056418                    /usr/lib/x86_64-linux-gnu/libogg.so.0.7.1
7f8cf446f000-7f8cf4470000 r--p 00005000 08:16 1056418                    /usr/lib/x86_64-linux-gnu/libogg.so.0.7.1
7f8cf4470000-7f8cf4471000 rw-p 00006000 08:16 1056418                    /usr/lib/x86_64-linux-gnu/libogg.so.0.7.1
7f8cf4471000-7f8cf449c000 r-xp 00000000 08:16 1056576                    /usr/lib/x86_64-linux-gnu/libvorbis.so.0.4.5
7f8cf449c000-7f8cf469b000 ---p 0002b000 08:16 1056576                    /usr/lib/x86_64-linux-gnu/libvorbis.so.0.4.5
7f8cf469b000-7f8cf469c000 r--p 0002a000 08:16 1056576                    /usr/lib/x86_64-linux-gnu/libvorbis.so.0.4.5
7f8cf469c000-7f8cf469d000 rw-p 0002b000 08:16 1056576                    /usr/lib/x86_64-linux-gnu/libvorbis.so.0.4.5
7f8cf469d000-7f8cf4950000 r-xp 00000000 08:16 1056578                    /usr/lib/x86_64-linux-gnu/libvorbisenc.so.2.0.8
7f8cf4950000-7f8cf4b4f000 ---p 002b3000 08:16 1056578                    /usr/lib/x86_64-linux-gnu/libvorbisenc.so.2.0.8
7f8cf4b4f000-7f8cf4b6b000 r--p 002b2000 08:16 1056578                    /usr/lib/x86_64-linux-gnu/libvorbisenc.so.2.0.8
7f8cf4b6b000-7f8cf4b6c000 rw-p 002ce000 08:16 1056578                    /usr/lib/x86_64-linux-gnu/libvorbisenc.so.2.0.8
7f8cf4b6c000-7f8cf4bb4000 r-xp 00000000 08:16 1055951                    /usr/lib/x86_64-linux-gnu/libFLAC.so.8.2.0
7f8cf4bb4000-7f8cf4db4000 ---p 00048000 08:16 1055951                    /usr/lib/x86_64-linux-gnu/libFLAC.so.8.2.0
7f8cf4db4000-7f8cf4db5000 r--p 00048000 08:16 1055951                    /usr/lib/x86_64-linux-gnu/libFLAC.so.8.2.0
7f8cf4db5000-7f8cf4db6000 rw-p 00049000 08:16 1055951                    /usr/lib/x86_64-linux-gnu/libFLAC.so.8.2.0
7f8cf4db6000-7f8cf4dbb000 r-xp 00000000 08:16 1056065                    /usr/lib/x86_64-linux-gnu/libasyncns.so.0.3.1
7f8cf4dbb000-7f8cf4fba000 ---p 00005000 08:16 1056065                    /usr/lib/x86_64-linux-gnu/libasyncns.so.0.3.1
7f8cf4fba000-7f8cf4fbb000 r--p 00004000 08:16 1056065                    /usr/lib/x86_64-linux-gnu/libasyncns.so.0.3.1
7f8cf4fbb000-7f8cf4fbc000 rw-p 00005000 08:16 1056065                    /usr/lib/x86_64-linux-gnu/libasyncns.so.0.3.1
7f8cf4fbc000-7f8cf501c000 r-xp 00000000 08:16 1056513                    /usr/lib/x86_64-linux-gnu/libsndfile.so.1.0.25
7f8cf501c000-7f8cf521c000 ---p 00060000 08:16 1056513                    /usr/lib/x86_64-linux-gnu/libsndfile.so.1.0.25
7f8cf521c000-7f8cf521e000 r--p 00060000 08:16 1056513                    /usr/lib/x86_64-linux-gnu/libsndfile.so.1.0.25
7f8cf521e000-7f8cf521f000 rw-p 00062000 08:16 1056513                    /usr/lib/x86_64-linux-gnu/libsndfile.so.1.0.25
7f8cf521f000-7f8cf5223000 rw-p 00000000 00:00 0 
7f8cf5223000-7f8cf522b000 r-xp 00000000 08:16 5246688                    /lib/x86_64-linux-gnu/libwrap.so.0.7.6
7f8cf522b000-7f8cf542a000 ---p 00008000 08:16 5246688                    /lib/x86_64-linux-gnu/libwrap.so.0.7.6
7f8cf542a000-7f8cf542b000 r--p 00007000 08:16 5246688                    /lib/x86_64-linux-gnu/libwrap.so.0.7.6
7f8cf542b000-7f8cf542c000 rw-p 00008000 08:16 5246688                    /lib/x86_64-linux-gnu/libwrap.so.0.7.6
7f8cf542c000-7f8cf5488000 r-xp 00000000 08:16 1055773                    /usr/lib/x86_64-linux-gnu/libpulsecommon-1.1.so
7f8cf5488000-7f8cf5688000 ---p 0005c000 08:16 1055773                    /usr/lib/x86_64-linux-gnu/libpulsecommon-1.1.so
7f8cf5688000-7f8cf5689000 r--p 0005c000 08:16 1055773                    /usr/lib/x86_64-linux-gnu/libpulsecommon-1.1.so
7f8cf5689000-7f8cf568a000 rw-p 0005d000 08:16 1055773                    /usr/lib/x86_64-linux-gnu/libpulsecommon-1.1.so
7f8cf568a000-7f8cf5691000 r-xp 00000000 08:16 1056352                    /usr/lib/x86_64-linux-gnu/libjson.so.0.0.1
7f8cf5691000-7f8cf5890000 ---p 00007000 08:16 1056352                    /usr/lib/x86_64-linux-gnu/libjson.so.0.0.1
7f8cf5890000-7f8cf5891000 r--p 00006000 08:16 1056352                    /usr/lib/x86_64-linux-gnu/libjson.so.0.0.1
7f8cf5891000-7f8cf5892000 rw-p 00007000 08:16 1056352                    /usr/lib/x86_64-linux-gnu/libjson.so.0.0.1
7f8cf5892000-7f8cf58d8000 r-xp 00000000 08:16 1055774                    /usr/lib/x86_64-linux-gnu/libpulse.so.0.13.5
7f8cf58d8000-7f8cf5ad8000 ---p 00046000 08:16 1055774                    /usr/lib/x86_64-linux-gnu/libpulse.so.0.13.5
7f8cf5ad8000-7f8cf5ad9000 r--p 00046000 08:16 1055774                    /usr/lib/x86_64-linux-gnu/libpulse.so.0.13.5
7f8cf5ad9000-7f8cf5ada000 rw-p 00047000 08:16 1055774                    /usr/lib/x86_64-linux-gnu/libpulse.so.0.13.5
7f8cf5d32000-7f8cf7c8c000 r-xp 00000000 08:16 1054642                    /usr/lib/fglrx/dri/fglrx_dri.so
7f8cf7c8c000-7f8cf7d8c000 ---p 01f5a000 08:16 1054642                    /usr/lib/fglrx/dri/fglrx_dri.so
7f8cf7d8c000-7f8cf7eda000 rwxp 01f5a000 08:16 1054642                    /usr/lib/fglrx/dri/fglrx_dri.so
7f8cf7eda000-7f8cf8000000 rwxp 00000000 00:00 0 
7f8cf8000000-7f8cf8021000 rw-p 00000000 00:00 0 
7f8cf8021000-7f8cfc000000 ---p 00000000 00:00 0 
7f8cfc000000-7f8cfd025000 rw-p 00000000 00:00 0 
7f8cfd025000-7f8d00000000 ---p 00000000 00:00 0 
7f8d00000000-7f8d00021000 rw-p 00000000 00:00 0 
7f8d00021000-7f8d04000000 ---p 00000000 00:00 0 
7f8d0410c000-7f8d0480c000 rw-s 19078000 00:05 9165                       /dev/ati/card0
7f8d0480c000-7f8d04847000 r-xp 00000000 08:16 1054638                    /usr/lib/fglrx/libatiadlxx.so
7f8d04847000-7f8d04947000 ---p 0003b000 08:16 1054638                    /usr/lib/fglrx/libatiadlxx.so
7f8d04947000-7f8d04950000 rw-p 0003b000 08:16 1054638                    /usr/lib/fglrx/libatiadlxx.so
7f8d04950000-7f8d04961000 rw-p 00000000 00:00 0 
7f8d04961000-7f8d04968000 r-xp 00000000 08:16 1054658                    /usr/lib/fglrx/libatiuki.so.1.0
7f8d04968000-7f8d04a68000 ---p 00007000 08:16 1054658                    /usr/lib/fglrx/libatiuki.so.1.0
7f8d04a68000-7f8d04a69000 rw-p 00007000 08:16 1054658                    /usr/lib/fglrx/libatiuki.so.1.0
7f8d04a69000-7f8d04a6a000 rw-p 00000000 00:00 0 
7f8d04a6a000-7f8d04b2d000 r-xp 00000000 08:16 1054665                    /usr/lib/fglrx/libGL.so.1.2
7f8d04b2d000-7f8d04c2c000 ---p 000c3000 08:16 1054665                    /usr/lib/fglrx/libGL.so.1.2
7f8d04c2c000-7f8d04c53000 rwxp 000c2000 08:16 1054665                    /usr/lib/fglrx/libGL.so.1.2
7f8d04c53000-7f8d04c73000 rwxp 00000000 00:00 0 
7f8d04c73000-7f8d04c77000 r-xp 00000000 08:16 1056049                    /usr/lib/x86_64-linux-gnu/libXxf86vm.so.1.0.0
7f8d04c77000-7f8d04e76000 ---p 00004000 08:16 1056049                    /usr/lib/x86_64-linux-gnu/libXxf86vm.so.1.0.0
7f8d04e76000-7f8d04e77000 r--p 00003000 08:16 1056049                    /usr/lib/x86_64-linux-gnu/libXxf86vm.so.1.0.0
7f8d04e77000-7f8d04e78000 rw-p 00004000 08:16 1056049                    /usr/lib/x86_64-linux-gnu/libXxf86vm.so.1.0.0
7f8d04e78000-7f8d04ede000 r-xp 00000000 08:16 3673310                    /home/relissa/.jme3/natives_9a0c8f4d/liblwjgl64.so
7f8d04ede000-7f8d050de000 ---p 00066000 08:16 3673310                    /home/relissa/.jme3/natives_9a0c8f4d/liblwjgl64.so
7f8d050de000-7f8d050e0000 r--p 00066000 08:16 3673310                    /home/relissa/.jme3/natives_9a0c8f4d/liblwjgl64.so
7f8d050e0000-7f8d050e1000 rw-p 00068000 08:16 3673310                    /home/relissa/.jme3/natives_9a0c8f4d/liblwjgl64.so
7f8d050e1000-7f8d050e2000 r-xp 00000000 08:16 3544578                    /usr/lib/jvm/java-7-openjdk-amd64/jre/lib/amd64/libjawt.so
7f8d050e2000-7f8d052e1000 ---p 00001000 08:16 3544578                    /usr/lib/jvm/java-7-openjdk-amd64/jre/lib/amd64/libjawt.so
7f8d052e1000-7f8d052e2000 r--p 00000000 08:16 3544578                    /usr/lib/jvm/java-7-openjdk-amd64/jre/lib/amd64/libjawt.so
7f8d052e2000-7f8d052e3000 rw-p 00001000 08:16 3544578                    /usr/lib/jvm/java-7-openjdk-amd64/jre/lib/amd64/libjawt.so
7f8d052e3000-7f8d052e6000 ---p 00000000 00:00 0 
7f8d052e6000-7f8d053e4000 rw-p 00000000 00:00 0 
7f8d053e4000-7f8d053f4000 r-xp 00000000 08:16 3544571                    /usr/lib/jvm/java-7-openjdk-amd64/jre/lib/amd64/libnio.so
7f8d053f4000-7f8d055f3000 ---p 00010000 08:16 3544571                    /usr/lib/jvm/java-7-openjdk-amd64/jre/lib/amd64/libnio.so
7f8d055f3000-7f8d055f4000 r--p 0000f000 08:16 3544571                    /usr/lib/jvm/java-7-openjdk-amd64/jre/lib/amd64/libnio.so
7f8d055f4000-7f8d055f5000 rw-p 00010000 08:16 3544571                    /usr/lib/jvm/java-7-openjdk-amd64/jre/lib/amd64/libnio.so
7f8d055f5000-7f8d0560b000 r-xp 00000000 08:16 3544572                    /usr/lib/jvm/java-7-openjdk-amd64/jre/lib/amd64/libnet.so
7f8d0560b000-7f8d0580b000 ---p 00016000 08:16 3544572                    /usr/lib/jvm/java-7-openjdk-amd64/jre/lib/amd64/libnet.so
7f8d0580b000-7f8d0580c000 r--p 00016000 08:16 3544572                    /usr/lib/jvm/java-7-openjdk-amd64/jre/lib/amd64/libnet.so
7f8d0580c000-7f8d0580d000 rw-p 00017000 08:16 3544572                    /usr/lib/jvm/java-7-openjdk-amd64/jre/lib/amd64/libnet.so
7f8d0580d000-7f8d05848000 r-xp 00000000 08:16 3544568                    /usr/lib/jvm/java-7-openjdk-amd64/jre/lib/amd64/libfontmanager.so
7f8d05848000-7f8d05a47000 ---p 0003b000 08:16 3544568                    /usr/lib/jvm/java-7-openjdk-amd64/jre/lib/amd64/libfontmanager.so
7f8d05a47000-7f8d05a49000 r--p 0003a000 08:16 3544568                    /usr/lib/jvm/java-7-openjdk-amd64/jre/lib/amd64/libfontmanager.so
7f8d05a49000-7f8d05a4a000 rw-p 0003c000 08:16 3544568                    /usr/lib/jvm/java-7-openjdk-amd64/jre/lib/amd64/libfontmanager.so
7f8d05a4a000-7f8d05a4d000 ---p 00000000 00:00 0 
7f8d05a4d000-7f8d05b4b000 rw-p 00000000 00:00 0 
7f8d05b4b000-7f8d05b4e000 ---p 00000000 00:00 0 
7f8d05b4e000-7f8d05c4c000 rw-p 00000000 00:00 0 
7f8d05c4c000-7f8d05c4f000 ---p 00000000 00:00 0 
7f8d05c4f000-7f8d05d4d000 rw-p 00000000 00:00 0 
7f8d05d4d000-7f8d05d50000 ---p 00000000 00:00 0 
7f8d05d50000-7f8d05e4e000 rw-p 00000000 00:00 0 
7f8d05e4e000-7f8d05e51000 ---p 00000000 00:00 0 
7f8d05e51000-7f8d05f4f000 rw-p 00000000 00:00 0 
7f8d05f4f000-7f8d05f52000 r-xp 00000000 08:16 5246606                    /lib/x86_64-linux-gnu/libgpg-error.so.0.8.0
7f8d05f52000-7f8d06151000 ---p 00003000 08:16 5246606                    /lib/x86_64-linux-gnu/libgpg-error.so.0.8.0
7f8d06151000-7f8d06152000 r--p 00002000 08:16 5246606                    /lib/x86_64-linux-gnu/libgpg-error.so.0.8.0
7f8d06152000-7f8d06153000 rw-p 00003000 08:16 5246606                    /lib/x86_64-linux-gnu/libgpg-error.so.0.8.0
7f8d06153000-7f8d06156000 r-xp 00000000 08:16 5246610                    /lib/x86_64-linux-gnu/libkeyutils.so.1.4
7f8d06156000-7f8d06355000 ---p 00003000 08:16 5246610                    /lib/x86_64-linux-gnu/libkeyutils.so.1.4
7f8d06355000-7f8d06356000 r--p 00002000 08:16 5246610                    /lib/x86_64-linux-gnu/libkeyutils.so.1.4
7f8d06356000-7f8d06357000 rw-p 00003000 08:16 5246610                    /lib/x86_64-linux-gnu/libkeyutils.so.1.4
7f8d06357000-7f8d06399000 r-xp 00000000 08:16 5246591                    /lib/x86_64-linux-gnu/libdbus-1.so.3.5.8
7f8d06399000-7f8d06599000 ---p 00042000 08:16 5246591                    /lib/x86_64-linux-gnu/libdbus-1.so.3.5.8
7f8d06599000-7f8d0659a000 r--p 00042000 08:16 5246591                    /lib/x86_64-linux-gnu/libdbus-1.so.3.5.8
7f8d0659a000-7f8d0659b000 rw-p 00043000 08:16 5246591                    /lib/x86_64-linux-gnu/libdbus-1.so.3.5.8
7f8d0659b000-7f8d065ac000 r-xp 00000000 08:16 1056424                    /usr/lib/x86_64-linux-gnu/libp11-kit.so.0.0.0
7f8d065ac000-7f8d067ab000 ---p 00011000 08:16 1056424                    /usr/lib/x86_64-linux-gnu/libp11-kit.so.0.0.0
7f8d067ab000-7f8d067ac000 r--p 00010000 08:16 1056424                    /usr/lib/x86_64-linux-gnu/libp11-kit.so.0.0.0
7f8d067ac000-7f8d067ad000 rw-p 00011000 08:16 1056424                    /usr/lib/x86_64-linux-gnu/libp11-kit.so.0.0.0
7f8d067ad000-7f8d06827000 r-xp 00000000 08:16 5246882                    /lib/x86_64-linux-gnu/libgcrypt.so.11.7.0
7f8d06827000-7f8d06a27000 ---p 0007a000 08:16 5246882                    /lib/x86_64-linux-gnu/libgcrypt.so.11.7.0
7f8d06a27000-7f8d06a28000 r--p 0007a000 08:16 5246882                    /lib/x86_64-linux-gnu/libgcrypt.so.11.7.0
7f8d06a28000-7f8d06a2b000 rw-p 0007b000 08:16 5246882                    /lib/x86_64-linux-gnu/libgcrypt.so.11.7.0
7f8d06a2b000-7f8d06a3b000 r-xp 00000000 08:16 1061093                    /usr/lib/x86_64-linux-gnu/libtasn1.so.3.1.12
7f8d06a3b000-7f8d06c3a000 ---p 00010000 08:16 1061093                    /usr/lib/x86_64-linux-gnu/libtasn1.so.3.1.12
7f8d06c3a000-7f8d06c3b000 r--p 0000f000 08:16 1061093                    /usr/lib/x86_64-linux-gnu/libtasn1.so.3.1.12
7f8d06c3b000-7f8d06c3c000 rw-p 00010000 08:16 1061093                    /usr/lib/x86_64-linux-gnu/libtasn1.so.3.1.12
7f8d06c3c000-7f8d06c43000 r-xp 00000000 08:16 1052728                    /usr/lib/x86_64-linux-gnu/libkrb5support.so.0.1
7f8d06c43000-7f8d06e42000 ---p 00007000 08:16 1052728                    /usr/lib/x86_64-linux-gnu/libkrb5support.so.0.1
7f8d06e42000-7f8d06e43000 r--p 00006000 08:16 1052728                    /usr/lib/x86_64-linux-gnu/libkrb5support.so.0.1
7f8d06e43000-7f8d06e44000 rw-p 00007000 08:16 1052728                    /usr/lib/x86_64-linux-gnu/libkrb5support.so.0.1
7f8d06e44000-7f8d06e47000 r-xp 00000000 08:16 5246586                    /lib/x86_64-linux-gnu/libcom_err.so.2.1
7f8d06e47000-7f8d07046000 ---p 00003000 08:16 5246586                    /lib/x86_64-linux-gnu/libcom_err.so.2.1
7f8d07046000-7f8d07047000 r--p 00002000 08:16 5246586                    /lib/x86_64-linux-gnu/libcom_err.so.2.1
7f8d07047000-7f8d07048000 rw-p 00003000 08:16 5246586                    /lib/x86_64-linux-gnu/libcom_err.so.2.1
7f8d07048000-7f8d0706d000 r-xp 00000000 08:16 1052714                    /usr/lib/x86_64-linux-gnu/libk5crypto.so.3.1
7f8d0706d000-7f8d0726d000 ---p 00025000 08:16 1052714                    /usr/lib/x86_64-linux-gnu/libk5crypto.so.3.1
7f8d0726d000-7f8d0726e000 r--p 00025000 08:16 1052714                    /usr/lib/x86_64-linux-gnu/libk5crypto.so.3.1
7f8d0726e000-7f8d0726f000 rw-p 00026000 08:16 1052714                    /usr/lib/x86_64-linux-gnu/libk5crypto.so.3.1
7f8d0726f000-7f8d07270000 rw-p 00000000 00:00 0 
7f8d07270000-7f8d07334000 r-xp 00000000 08:16 1052724                    /usr/lib/x86_64-linux-gnu/libkrb5.so.3.3
7f8d07334000-7f8d07533000 ---p 000c4000 08:16 1052724                    /usr/lib/x86_64-linux-gnu/libkrb5.so.3.3
7f8d07533000-7f8d0753d000 r--p 000c3000 08:16 1052724                    /usr/lib/x86_64-linux-gnu/libkrb5.so.3.3
7f8d0753d000-7f8d0753e000 rw-p 000cd000 08:16 1052724                    /usr/lib/x86_64-linux-gnu/libkrb5.so.3.3
7f8d0753e000-7f8d07546000 r-xp 00000000 08:16 1056599                    /usr/lib/x86_64-linux-gnu/libxcb-render.so.0.0.0
7f8d07546000-7f8d07746000 ---p 00008000 08:16 1056599                    /usr/lib/x86_64-linux-gnu/libxcb-render.so.0.0.0
7f8d07746000-7f8d07747000 r--p 00008000 08:16 1056599                    /usr/lib/x86_64-linux-gnu/libxcb-render.so.0.0.0
7f8d07747000-7f8d07748000 rw-p 00009000 08:16 1056599                    /usr/lib/x86_64-linux-gnu/libxcb-render.so.0.0.0
7f8d07748000-7f8d0774a000 r-xp 00000000 08:16 1056603                    /usr/lib/x86_64-linux-gnu/libxcb-shm.so.0.0.0
7f8d0774a000-7f8d07949000 ---p 00002000 08:16 1056603                    /usr/lib/x86_64-linux-gnu/libxcb-shm.so.0.0.0
7f8d07949000-7f8d0794a000 r--p 00001000 08:16 1056603                    /usr/lib/x86_64-linux-gnu/libxcb-shm.so.0.0.0
7f8d0794a000-7f8d0794b000 rw-p 00002000 08:16 1056603                    /usr/lib/x86_64-linux-gnu/libxcb-shm.so.0.0.0
7f8d0794b000-7f8d07971000 r-xp 00000000 08:16 5246656                    /lib/x86_64-linux-gnu/libpng12.so.0.46.0
7f8d07971000-7f8d07b71000 ---p 00026000 08:16 5246656                    /lib/x86_64-linux-gnu/libpng12.so.0.46.0
7f8d07b71000-7f8d07b72000 r--p 00026000 08:16 5246656                    /lib/x86_64-linux-gnu/libpng12.so.0.46.0
7f8d07b72000-7f8d07b73000 rw-p 00027000 08:16 5246656                    /lib/x86_64-linux-gnu/libpng12.so.0.46.0
7f8d07b73000-7f8d07bf4000 r-xp 00000000 08:16 1056450                    /usr/lib/x86_64-linux-gnu/libpixman-1.so.0.24.4
7f8d07bf4000-7f8d07df3000 ---p 00081000 08:16 1056450                    /usr/lib/x86_64-linux-gnu/libpixman-1.so.0.24.4
7f8d07df3000-7f8d07df9000 r--p 00080000 08:16 1056450                    /usr/lib/x86_64-linux-gnu/libpixman-1.so.0.24.4
7f8d07df9000-7f8d07dfa000 rw-p 00086000 08:16 1056450                    /usr/lib/x86_64-linux-gnu/libpixman-1.so.0.24.4
7f8d07dfa000-7f8d07dff000 r-xp 00000000 08:16 1056019                    /usr/lib/x86_64-linux-gnu/libXdmcp.so.6.0.0
7f8d07dff000-7f8d07ffe000 ---p 00005000 08:16 1056019                    /usr/lib/x86_64-linux-gnu/libXdmcp.so.6.0.0
7f8d07ffe000-7f8d07fff000 r--p 00004000 08:16 1056019                    /usr/lib/x86_64-linux-gnu/libXdmcp.so.6.0.0
7f8d07fff000-7f8d08000000 rw-p 00005000 08:16 1056019                    /usr/lib/x86_64-linux-gnu/libXdmcp.so.6.0.0
7f8d08000000-7f8d08021000 rw-p 00000000 00:00 0 
7f8d08021000-7f8d0c000000 ---p 00000000 00:00 0 
7f8d0c02d000-7f8d0c02f000 r-xp 00000000 08:16 1056008                    /usr/lib/x86_64-linux-gnu/libXau.so.6.0.0
7f8d0c02f000-7f8d0c22e000 ---p 00002000 08:16 1056008                    /usr/lib/x86_64-linux-gnu/libXau.so.6.0.0
7f8d0c22e000-7f8d0c22f000 r--p 00001000 08:16 1056008                    /usr/lib/x86_64-linux-gnu/libXau.so.6.0.0
7f8d0c22f000-7f8d0c230000 rw-p 00002000 08:16 1056008                    /usr/lib/x86_64-linux-gnu/libXau.so.6.0.0
7f8d0c230000-7f8d0c240000 r-xp 00000000 08:16 1056075                    /usr/lib/x86_64-linux-gnu/libavahi-client.so.3.2.9
7f8d0c240000-7f8d0c43f000 ---p 00010000 08:16 1056075                    /usr/lib/x86_64-linux-gnu/libavahi-client.so.3.2.9
7f8d0c43f000-7f8d0c440000 r--p 0000f000 08:16 1056075                    /usr/lib/x86_64-linux-gnu/libavahi-client.so.3.2.9
7f8d0c440000-7f8d0c441000 rw-p 00010000 08:16 1056075                    /usr/lib/x86_64-linux-gnu/libavahi-client.so.3.2.9
7f8d0c441000-7f8d0c44c000 r-xp 00000000 08:16 1056077                    /usr/lib/x86_64-linux-gnu/libavahi-common.so.3.5.3
7f8d0c44c000-7f8d0c64b000 ---p 0000b000 08:16 1056077                    /usr/lib/x86_64-linux-gnu/libavahi-common.so.3.5.3
7f8d0c64b000-7f8d0c64c000 r--p 0000a000 08:16 1056077                    /usr/lib/x86_64-linux-gnu/libavahi-common.so.3.5.3
7f8d0c64c000-7f8d0c64d000 rw-p 0000b000 08:16 1056077                    /usr/lib/x86_64-linux-gnu/libavahi-common.so.3.5.3
7f8d0c64d000-7f8d0c701000 r-xp 00000000 08:16 1056248                    /usr/lib/x86_64-linux-gnu/libgnutls.so.26.21.8
7f8d0c701000-7f8d0c901000 ---p 000b4000 08:16 1056248                    /usr/lib/x86_64-linux-gnu/libgnutls.so.26.21.8
7f8d0c901000-7f8d0c907000 r--p 000b4000 08:16 1056248                    /usr/lib/x86_64-linux-gnu/libgnutls.so.26.21.8
7f8d0c907000-7f8d0c908000 rw-p 000ba000 08:16 1056248                    /usr/lib/x86_64-linux-gnu/libgnutls.so.26.21.8
7f8d0c908000-7f8d0c909000 rw-p 00000000 00:00 0 
7f8d0c909000-7f8d0c944000 r-xp 00000000 08:16 1052718                    /usr/lib/x86_64-linux-gnu/libgssapi_krb5.so.2.2
7f8d0c944000-7f8d0cb44000 ---p 0003b000 08:16 1052718                    /usr/lib/x86_64-linux-gnu/libgssapi_krb5.so.2.2
7f8d0cb44000-7f8d0cb45000 r--p 0003b000 08:16 1052718                    /usr/lib/x86_64-linux-gnu/libgssapi_krb5.so.2.2
7f8d0cb45000-7f8d0cb47000 rw-p 0003c000 08:16 1052718                    /usr/lib/x86_64-linux-gnu/libgssapi_krb5.so.2.2
7f8d0cb47000-7f8d0cb83000 r-xp 00000000 08:16 5246652                    /lib/x86_64-linux-gnu/libpcre.so.3.12.1
7f8d0cb83000-7f8d0cd82000 ---p 0003c000 08:16 5246652                    /lib/x86_64-linux-gnu/libpcre.so.3.12.1
7f8d0cd82000-7f8d0cd83000 r--p 0003b000 08:16 5246652                    /lib/x86_64-linux-gnu/libpcre.so.3.12.1
7f8d0cd83000-7f8d0cd84000 rw-p 0003c000 08:16 5246652                    /lib/x86_64-linux-gnu/libpcre.so.3.12.1
7f8d0cd84000-7f8d0cd8b000 r-xp 00000000 08:16 1056193                    /usr/lib/x86_64-linux-gnu/libffi.so.6.0.0
7f8d0cd8b000-7f8d0cf8a000 ---p 00007000 08:16 1056193                    /usr/lib/x86_64-linux-gnu/libffi.so.6.0.0
7f8d0cf8a000-7f8d0cf8b000 r--p 00006000 08:16 1056193                    /usr/lib/x86_64-linux-gnu/libffi.so.6.0.0
7f8d0cf8b000-7f8d0cf8c000 rw-p 00007000 08:16 1056193                    /usr/lib/x86_64-linux-gnu/libffi.so.6.0.0
7f8d0cf8c000-7f8d0cfb3000 r-xp 00000000 08:16 5246597                    /lib/x86_64-linux-gnu/libexpat.so.1.5.2
7f8d0cfb3000-7f8d0d1b3000 ---p 00027000 08:16 5246597                    /lib/x86_64-linux-gnu/libexpat.so.1.5.2
7f8d0d1b3000-7f8d0d1b5000 r--p 00027000 08:16 5246597                    /lib/x86_64-linux-gnu/libexpat.so.1.5.2
7f8d0d1b5000-7f8d0d1b6000 rw-p 00029000 08:16 5246597                    /lib/x86_64-linux-gnu/libexpat.so.1.5.2
7f8d0d1b6000-7f8d0d24c000 r-xp 00000000 08:16 1056201                    /usr/lib/x86_64-linux-gnu/libfreetype.so.6.8.0
7f8d0d24c000-7f8d0d44b000 ---p 00096000 08:16 1056201                    /usr/lib/x86_64-linux-gnu/libfreetype.so.6.8.0
7f8d0d44b000-7f8d0d451000 r--p 00095000 08:16 1056201                    /usr/lib/x86_64-linux-gnu/libfreetype.so.6.8.0
7f8d0d451000-7f8d0d452000 rw-p 0009b000 08:16 1056201                    /usr/lib/x86_64-linux-gnu/libfreetype.so.6.8.0
7f8d0d452000-7f8d0d46a000 r-xp 00000000 08:16 5246663                    /lib/x86_64-linux-gnu/libresolv-2.15.so
7f8d0d46a000-7f8d0d66a000 ---p 00018000 08:16 5246663                    /lib/x86_64-linux-gnu/libresolv-2.15.so
7f8d0d66a000-7f8d0d66b000 r--p 00018000 08:16 5246663                    /lib/x86_64-linux-gnu/libresolv-2.15.so
7f8d0d66b000-7f8d0d66c000 rw-p 00019000 08:16 5246663                    /lib/x86_64-linux-gnu/libresolv-2.15.so
7f8d0d66c000-7f8d0d66e000 rw-p 00000000 00:00 0 
7f8d0d66e000-7f8d0d68b000 r-xp 00000000 08:16 5246667                    /lib/x86_64-linux-gnu/libselinux.so.1
7f8d0d68b000-7f8d0d88a000 ---p 0001d000 08:16 5246667                    /lib/x86_64-linux-gnu/libselinux.so.1
7f8d0d88a000-7f8d0d88b000 r--p 0001c000 08:16 5246667                    /lib/x86_64-linux-gnu/libselinux.so.1
7f8d0d88b000-7f8d0d88c000 rw-p 0001d000 08:16 5246667                    /lib/x86_64-linux-gnu/libselinux.so.1
7f8d0d88c000-7f8d0d88d000 rw-p 00000000 00:00 0 
7f8d0d88d000-7f8d0d890000 r-xp 00000000 08:16 1056240                    /usr/lib/x86_64-linux-gnu/libgmodule-2.0.so.0.3200.1
7f8d0d890000-7f8d0da8f000 ---p 00003000 08:16 1056240                    /usr/lib/x86_64-linux-gnu/libgmodule-2.0.so.0.3200.1
7f8d0da8f000-7f8d0da90000 r--p 00002000 08:16 1056240                    /usr/lib/x86_64-linux-gnu/libgmodule-2.0.so.0.3200.1
7f8d0da90000-7f8d0da91000 rw-p 00003000 08:16 1056240                    /usr/lib/x86_64-linux-gnu/libgmodule-2.0.so.0.3200.1
7f8d0da91000-7f8d0da93000 r-xp 00000000 08:16 1056017                    /usr/lib/x86_64-linux-gnu/libXdamage.so.1.1.0
7f8d0da93000-7f8d0dc92000 ---p 00002000 08:16 1056017                    /usr/lib/x86_64-linux-gnu/libXdamage.so.1.1.0
7f8d0dc92000-7f8d0dc93000 r--p 00001000 08:16 1056017                    /usr/lib/x86_64-linux-gnu/libXdamage.so.1.1.0
7f8d0dc93000-7f8d0dc94000 rw-p 00002000 08:16 1056017                    /usr/lib/x86_64-linux-gnu/libXdamage.so.1.1.0
7f8d0dc94000-7f8d0dc96000 r-xp 00000000 08:16 1056013                    /usr/lib/x86_64-linux-gnu/libXcomposite.so.1.0.0
7f8d0dc96000-7f8d0de95000 ---p 00002000 08:16 1056013                    /usr/lib/x86_64-linux-gnu/libXcomposite.so.1.0.0
7f8d0de95000-7f8d0de96000 r--p 00001000 08:16 1056013                    /usr/lib/x86_64-linux-gnu/libXcomposite.so.1.0.0
7f8d0de96000-7f8d0de97000 rw-p 00002000 08:16 1056013                    /usr/lib/x86_64-linux-gnu/libXcomposite.so.1.0.0
7f8d0de97000-7f8d0dea0000 r-xp 00000000 08:16 1056015                    /usr/lib/x86_64-linux-gnu/libXcursor.so.1.0.2
7f8d0dea0000-7f8d0e09f000 ---p 00009000 08:16 1056015                    /usr/lib/x86_64-linux-gnu/libXcursor.so.1.0.2
7f8d0e09f000-7f8d0e0a0000 r--p 00008000 08:16 1056015                    /usr/lib/x86_64-linux-gnu/libXcursor.so.1.0.2
7f8d0e0a0000-7f8d0e0a1000 rw-p 00009000 08:16 1056015                    /usr/lib/x86_64-linux-gnu/libXcursor.so.1.0.2
7f8d0e0a1000-7f8d0e0a9000 r-xp 00000000 08:16 1056039                    /usr/lib/x86_64-linux-gnu/libXrandr.so.2.2.0
7f8d0e0a9000-7f8d0e2a8000 ---p 00008000 08:16 1056039                    /usr/lib/x86_64-linux-gnu/libXrandr.so.2.2.0
7f8d0e2a8000-7f8d0e2a9000 r--p 00007000 08:16 1056039                    /usr/lib/x86_64-linux-gnu/libXrandr.so.2.2.0
7f8d0e2a9000-7f8d0e2aa000 rw-p 00008000 08:16 1056039                    /usr/lib/x86_64-linux-gnu/libXrandr.so.2.2.0
7f8d0e2aa000-7f8d0e2ac000 r-xp 00000000 08:16 1056029                    /usr/lib/x86_64-linux-gnu/libXinerama.so.1.0.0
7f8d0e2ac000-7f8d0e4ab000 ---p 00002000 08:16 1056029                    /usr/lib/x86_64-linux-gnu/libXinerama.so.1.0.0
7f8d0e4ab000-7f8d0e4ac000 r--p 00001000 08:16 1056029                    /usr/lib/x86_64-linux-gnu/libXinerama.so.1.0.0
7f8d0e4ac000-7f8d0e4ad000 rw-p 00002000 08:16 1056029                    /usr/lib/x86_64-linux-gnu/libXinerama.so.1.0.0
7f8d0e4ad000-7f8d0e4d6000 r-xp 00000000 08:16 1056434                    /usr/lib/x86_64-linux-gnu/libpangoft2-1.0.so.0.3000.0
7f8d0e4d6000-7f8d0e6d5000 ---p 00029000 08:16 1056434                    /usr/lib/x86_64-linux-gnu/libpangoft2-1.0.so.0.3000.0
7f8d0e6d5000-7f8d0e6d6000 r--p 00028000 08:16 1056434                    /usr/lib/x86_64-linux-gnu/libpangoft2-1.0.so.0.3000.0
7f8d0e6d6000-7f8d0e6d7000 rw-p 00029000 08:16 1056434                    /usr/lib/x86_64-linux-gnu/libpangoft2-1.0.so.0.3000.0
7f8d0e6d7000-7f8d0e790000 r-xp 00000000 08:16 1055379                    /usr/lib/x86_64-linux-gnu/libcairo.so.2.11000.2
7f8d0e790000-7f8d0e98f000 ---p 000b9000 08:16 1055379                    /usr/lib/x86_64-linux-gnu/libcairo.so.2.11000.2
7f8d0e98f000-7f8d0e991000 r--p 000b8000 08:16 1055379                    /usr/lib/x86_64-linux-gnu/libcairo.so.2.11000.2
7f8d0e991000-7f8d0e992000 rw-p 000ba000 08:16 1055379                    /usr/lib/x86_64-linux-gnu/libcairo.so.2.11000.2
7f8d0e992000-7f8d0e995000 rw-p 00000000 00:00 0 
7f8d0e995000-7f8d0e9b4000 r-xp 00000000 08:16 1056067                    /usr/lib/x86_64-linux-gnu/libatk-1.0.so.0.20409.1
7f8d0e9b4000-7f8d0ebb4000 ---p 0001f000 08:16 1056067                    /usr/lib/x86_64-linux-gnu/libatk-1.0.so.0.20409.1
7f8d0ebb4000-7f8d0ebb6000 r--p 0001f000 08:16 1056067                    /usr/lib/x86_64-linux-gnu/libatk-1.0.so.0.20409.1
7f8d0ebb6000-7f8d0ebb7000 rw-p 00021000 08:16 1056067                    /usr/lib/x86_64-linux-gnu/libatk-1.0.so.0.20409.1
7f8d0ebb7000-7f8d0ebbc000 r-xp 00000000 08:16 1056023                    /usr/lib/x86_64-linux-gnu/libXfixes.so.3.1.0
7f8d0ebbc000-7f8d0edbb000 ---p 00005000 08:16 1056023                    /usr/lib/x86_64-linux-gnu/libXfixes.so.3.1.0
7f8d0edbb000-7f8d0edbc000 r--p 00004000 08:16 1056023                    /usr/lib/x86_64-linux-gnu/libXfixes.so.3.1.0
7f8d0edbc000-7f8d0edbd000 rw-p 00005000 08:16 1056023                    /usr/lib/x86_64-linux-gnu/libXfixes.so.3.1.0
7f8d0edbd000-7f8d0edc8000 r-xp 00000000 08:16 1056432                    /usr/lib/x86_64-linux-gnu/libpangocairo-1.0.so.0.3000.0
7f8d0edc8000-7f8d0efc7000 ---p 0000b000 08:16 1056432                    /usr/lib/x86_64-linux-gnu/libpangocairo-1.0.so.0.3000.0
7f8d0efc7000-7f8d0efc8000 r--p 0000a000 08:16 1056432                    /usr/lib/x86_64-linux-gnu/libpangocairo-1.0.so.0.3000.0
7f8d0efc8000-7f8d0efc9000 rw-p 0000b000 08:16 1056432                    /usr/lib/x86_64-linux-gnu/libpangocairo-1.0.so.0.3000.0
7f8d0efc9000-7f8d0efe6000 r-xp 00000000 08:16 1056607                    /usr/lib/x86_64-linux-gnu/libxcb.so.1.1.0
7f8d0efe6000-7f8d0f1e5000 ---p 0001d000 08:16 1056607                    /usr/lib/x86_64-linux-gnu/libxcb.so.1.1.0
7f8d0f1e5000-7f8d0f1e6000 r--p 0001c000 08:16 1056607                    /usr/lib/x86_64-linux-gnu/libxcb.so.1.1.0
7f8d0f1e6000-7f8d0f1e7000 rw-p 0001d000 08:16 1056607                    /usr/lib/x86_64-linux-gnu/libxcb.so.1.1.0
7f8d0f1e7000-7f8d0f237000 r-xp 00000000 08:16 1061164                    /usr/lib/x86_64-linux-gnu/libcups.so.2
7f8d0f237000-7f8d0f436000 ---p 00050000 08:16 1061164                    /usr/lib/x86_64-linux-gnu/libcups.so.2
7f8d0f436000-7f8d0f43a000 r--p 0004f000 08:16 1061164                    /usr/lib/x86_64-linux-gnu/libcups.so.2
7f8d0f43a000-7f8d0f43b000 rw-p 00053000 08:16 1061164                    /usr/lib/x86_64-linux-gnu/libcups.so.2
7f8d0f43b000-7f8d0f52d000 r-xp 00000000 08:16 5246604                    /lib/x86_64-linux-gnu/libglib-2.0.so.0.3200.1
7f8d0f52d000-7f8d0f72d000 ---p 000f2000 08:16 5246604                    /lib/x86_64-linux-gnu/libglib-2.0.so.0.3200.1
7f8d0f72d000-7f8d0f72e000 r--p 000f2000 08:16 5246604                    /lib/x86_64-linux-gnu/libglib-2.0.so.0.3200.1
7f8d0f72e000-7f8d0f72f000 rw-p 000f3000 08:16 5246604                    /lib/x86_64-linux-gnu/libglib-2.0.so.0.3200.1
7f8d0f72f000-7f8d0f730000 rw-p 00000000 00:00 0 
7f8d0f730000-7f8d0f731000 r-xp 00000000 08:16 1056309                    /usr/lib/x86_64-linux-gnu/libgthread-2.0.so.0.3200.1
7f8d0f731000-7f8d0f930000 ---p 00001000 08:16 1056309                    /usr/lib/x86_64-linux-gnu/libgthread-2.0.so.0.3200.1
7f8d0f930000-7f8d0f931000 r--p 00000000 08:16 1056309                    /usr/lib/x86_64-linux-gnu/libgthread-2.0.so.0.3200.1
7f8d0f931000-7f8d0f932000 rw-p 00001000 08:16 1056309                    /usr/lib/x86_64-linux-gnu/libgthread-2.0.so.0.3200.1
7f8d0f932000-7f8d0f97f000 r-xp 00000000 08:16 1056254                    /usr/lib/x86_64-linux-gnu/libgobject-2.0.so.0.3200.1
7f8d0f97f000-7f8d0fb7f000 ---p 0004d000 08:16 1056254                    /usr/lib/x86_64-linux-gnu/libgobject-2.0.so.0.3200.1
7f8d0fb7f000-7f8d0fb80000 r--p 0004d000 08:16 1056254                    /usr/lib/x86_64-linux-gnu/libgobject-2.0.so.0.3200.1
7f8d0fb80000-7f8d0fb81000 rw-p 0004e000 08:16 1056254                    /usr/lib/x86_64-linux-gnu/libgobject-2.0.so.0.3200.1
7f8d0fb81000-7f8d0fbb5000 r-xp 00000000 08:16 1056195                    /usr/lib/x86_64-linux-gnu/libfontconfig.so.1.4.4
7f8d0fbb5000-7f8d0fdb5000 ---p 00034000 08:16 1056195                    /usr/lib/x86_64-linux-gnu/libfontconfig.so.1.4.4
7f8d0fdb5000-7f8d0fdb6000 r--p 00034000 08:16 1056195                    /usr/lib/x86_64-linux-gnu/libfontconfig.so.1.4.4
7f8d0fdb6000-7f8d0fdb7000 rw-p 00035000 08:16 1056195                    /usr/lib/x86_64-linux-gnu/libfontconfig.so.1.4.4
7f8d0fdb7000-7f8d0fdfd000 r-xp 00000000 08:16 1056430                    /usr/lib/x86_64-linux-gnu/libpango-1.0.so.0.3000.0
7f8d0fdfd000-7f8d0fffd000 ---p 00046000 08:16 1056430                    /usr/lib/x86_64-linux-gnu/libpango-1.0.so.0.3000.0
7f8d0fffd000-7f8d0ffff000 r--p 00046000 08:16 1056430                    /usr/lib/x86_64-linux-gnu/libpango-1.0.so.0.3000.0
7f8d0ffff000-7f8d10000000 rw-p 00048000 08:16 1056430                    /usr/lib/x86_64-linux-gnu/libpango-1.0.so.0.3000.0
7f8d10000000-7f8d10454000 rw-p 00000000 00:00 0 
7f8d10454000-7f8d14000000 ---p 00000000 00:00 0 
7f8d14000000-7f8d14021000 rw-p 00000000 00:00 0 
7f8d14021000-7f8d18000000 ---p 00000000 00:00 0 
7f8d18000000-7f8d18021000 rw-p 00000000 00:00 0 
7f8d18021000-7f8d1c000000 ---p 00000000 00:00 0 
7f8d1c000000-7f8d1c364000 rw-p 00000000 00:00 0 
7f8d1c364000-7f8d20000000 ---p 00000000 00:00 0 
7f8d20000000-7f8d20021000 rw-p 00000000 00:00 0 
7f8d20021000-7f8d24000000 ---p 00000000 00:00 0 
7f8d24000000-7f8d24021000 rw-p 00000000 00:00 0 
7f8d24021000-7f8d28000000 ---p 00000000 00:00 0 
7f8d28000000-7f8d28021000 rw-p 00000000 00:00 0 
7f8d28021000-7f8d2c000000 ---p 00000000 00:00 0 
7f8d2c000000-7f8d2c021000 rw-p 00000000 00:00 0 
7f8d2c021000-7f8d30000000 ---p 00000000 00:00 0 
7f8d30000000-7f8d30021000 rw-p 00000000 00:00 0 
7f8d30021000-7f8d34000000 ---p 00000000 00:00 0 
7f8d340a4000-7f8d340a7000 ---p 00000000 00:00 0 
7f8d340a7000-7f8d341a5000 rw-p 00000000 00:00 0 
7f8d341a5000-7f8d341c3000 r-xp 00000000 08:16 1056220                    /usr/lib/x86_64-linux-gnu/libgdk_pixbuf-2.0.so.0.2600.1
7f8d341c3000-7f8d343c3000 ---p 0001e000 08:16 1056220                    /usr/lib/x86_64-linux-gnu/libgdk_pixbuf-2.0.so.0.2600.1
7f8d343c3000-7f8d343c4000 r--p 0001e000 08:16 1056220                    /usr/lib/x86_64-linux-gnu/libgdk_pixbuf-2.0.so.0.2600.1
7f8d343c4000-7f8d343c5000 rw-p 0001f000 08:16 1056220                    /usr/lib/x86_64-linux-gnu/libgdk_pixbuf-2.0.so.0.2600.1
7f8d343c5000-7f8d3450d000 r-xp 00000000 08:16 1056230                    /usr/lib/x86_64-linux-gnu/libgio-2.0.so.0.3200.1
7f8d3450d000-7f8d3470c000 ---p 00148000 08:16 1056230                    /usr/lib/x86_64-linux-gnu/libgio-2.0.so.0.3200.1
7f8d3470c000-7f8d34710000 r--p 00147000 08:16 1056230                    /usr/lib/x86_64-linux-gnu/libgio-2.0.so.0.3200.1
7f8d34710000-7f8d34712000 rw-p 0014b000 08:16 1056230                    /usr/lib/x86_64-linux-gnu/libgio-2.0.so.0.3200.1
7f8d34712000-7f8d34714000 rw-p 00000000 00:00 0 
7f8d34714000-7f8d347c1000 r-xp 00000000 08:16 1056218                    /usr/lib/x86_64-linux-gnu/libgdk-x11-2.0.so.0.2400.10
7f8d347c1000-7f8d349c0000 ---p 000ad000 08:16 1056218                    /usr/lib/x86_64-linux-gnu/libgdk-x11-2.0.so.0.2400.10
7f8d349c0000-7f8d349c4000 r--p 000ac000 08:16 1056218                    /usr/lib/x86_64-linux-gnu/libgdk-x11-2.0.so.0.2400.10
7f8d349c4000-7f8d349c6000 rw-p 000b0000 08:16 1056218                    /usr/lib/x86_64-linux-gnu/libgdk-x11-2.0.so.0.2400.10
7f8d349c6000-7f8d34df3000 r-xp 00000000 08:16 1056313                    /usr/lib/x86_64-linux-gnu/libgtk-x11-2.0.so.0.2400.10
7f8d34df3000-7f8d34ff3000 ---p 0042d000 08:16 1056313                    /usr/lib/x86_64-linux-gnu/libgtk-x11-2.0.so.0.2400.10
7f8d34ff3000-7f8d34ffa000 r--p 0042d000 08:16 1056313                    /usr/lib/x86_64-linux-gnu/libgtk-x11-2.0.so.0.2400.10
7f8d34ffa000-7f8d34ffe000 rw-p 00434000 08:16 1056313                    /usr/lib/x86_64-linux-gnu/libgtk-x11-2.0.so.0.2400.10
7f8d34ffe000-7f8d35000000 rw-p 00000000 00:00 0 
7f8d35000000-7f8d35270000 rwxp 00000000 00:00 0 
7f8d35270000-7f8d38345000 rw-p 00000000 00:00 0 
7f8d38345000-7f8d3c000000 ---p 00000000 00:00 0 
7f8d3c000000-7f8d3c001000 rw-p 00000000 00:00 0 
7f8d3c001000-7f8d3c008000 r--s 00000000 08:16 1314519                    /usr/lib/x86_64-linux-gnu/gconv/gconv-modules.cache
7f8d3c008000-7f8d3c009000 rw-s 19077000 00:05 9165                       /dev/ati/card0
7f8d3c009000-7f8d3c019000 rw-s fe9f0000 00:05 9165                       /dev/ati/card0
7f8d3c019000-7f8d3c01b000 rw-s 19074000 00:05 9165                       /dev/ati/card0
7f8d3c01b000-7f8d3c01e000 ---p 00000000 00:00 0 
7f8d3c01e000-7f8d3c035000 rw-p 00000000 00:00 0 
7f8d3c035000-7f8d3c036000 r--s 00000000 08:16 1843619                    /var/cache/fontconfig/c05880de57d1f5e948fdfacc138775d9-le64.cache-3
7f8d3c036000-7f8d3c03f000 r--s 00000000 08:16 1843614                    /var/cache/fontconfig/945677eb7aeaf62f1d50efc3fb3ec7d8-le64.cache-3
7f8d3c03f000-7f8d3c041000 r--s 00000000 08:16 1843615                    /var/cache/fontconfig/99e8ed0e538f840c565b6ed5dad60d56-le64.cache-3
7f8d3c041000-7f8d3c049000 r--s 00000000 08:16 1846703                    /var/cache/fontconfig/a6d8cf8e4ec09cdbc8633c31745a07dd-le64.cache-3
7f8d3c049000-7f8d3c04d000 r--s 00000000 08:16 1843601                    /var/cache/fontconfig/2cd17615ca594fa2959ae173292e504c-le64.cache-3
7f8d3c04d000-7f8d3c04e000 r--s 00000000 08:16 1843626                    /var/cache/fontconfig/e7071f4a29fa870f4323321c154eba04-le64.cache-3
7f8d3c04e000-7f8d3c04f000 r--s 00000000 08:16 1843599                    /var/cache/fontconfig/0d8c3b2ac0904cb8a57a757ad11a4a08-le64.cache-3
7f8d3c04f000-7f8d3c055000 r--s 00000000 08:16 1843616                    /var/cache/fontconfig/a755afe4a08bf5b97852ceb7400b47bc-le64.cache-3
7f8d3c055000-7f8d3c056000 r--s 00000000 08:16 1846509                    /var/cache/fontconfig/5a76b20910bc01daa5b6abd117531ab8-le64.cache-3
7f8d3c056000-7f8d3c05f000 r--s 00000000 08:16 1847215                    /var/cache/fontconfig/6d41288fd70b0be22e8c3a91e032eec0-le64.cache-3
7f8d3c05f000-7f8d3c06f000 r--s 00000000 08:16 1843598                    /var/cache/fontconfig/04aabc0a78ac019cf9454389977116d2-le64.cache-3
7f8d3c06f000-7f8d3c072000 r--s 00000000 08:16 1843604                    /var/cache/fontconfig/385c0604a188198f04d133e54aba7fe7-le64.cache-3
7f8d3c072000-7f8d3c0a0000 r--s 00000000 08:16 1846701                    /var/cache/fontconfig/365b55f210c0a22e9a19e35191240f32-le64.cache-3
7f8d3c0a0000-7f8d3c0a5000 r--s 00000000 08:16 1843602                    /var/cache/fontconfig/3047814df9a2f067bd2d96a2b9c36e5a-le64.cache-3
7f8d3c0a5000-7f8d3c0aa000 r--s 00000000 08:16 1843617                    /var/cache/fontconfig/b47c4e1ecd0709278f4910c18777a504-le64.cache-3
7f8d3c0aa000-7f8d3c0b2000 r--s 00000000 08:16 1846702                    /var/cache/fontconfig/52f7bdb7ce746bfd7eaa1985bd9cfa93-le64.cache-3
7f8d3c0b2000-7f8d3c0c2000 r--s 00000000 08:16 1843622                    /var/cache/fontconfig/d52a8644073d54c13679302ca1180695-le64.cache-3
7f8d3c0c2000-7f8d3c0d0000 r-xp 00000000 08:16 1056027                    /usr/lib/x86_64-linux-gnu/libXi.so.6.1.0
7f8d3c0d0000-7f8d3c2cf000 ---p 0000e000 08:16 1056027                    /usr/lib/x86_64-linux-gnu/libXi.so.6.1.0
7f8d3c2cf000-7f8d3c2d0000 r--p 0000d000 08:16 1056027                    /usr/lib/x86_64-linux-gnu/libXi.so.6.1.0
7f8d3c2d0000-7f8d3c2d1000 rw-p 0000e000 08:16 1056027                    /usr/lib/x86_64-linux-gnu/libXi.so.6.1.0
7f8d3c2d1000-7f8d3c2d6000 r-xp 00000000 08:16 1056045                    /usr/lib/x86_64-linux-gnu/libXtst.so.6.1.0
7f8d3c2d6000-7f8d3c4d5000 ---p 00005000 08:16 1056045                    /usr/lib/x86_64-linux-gnu/libXtst.so.6.1.0
7f8d3c4d5000-7f8d3c4d6000 r--p 00004000 08:16 1056045                    /usr/lib/x86_64-linux-gnu/libXtst.so.6.1.0
7f8d3c4d6000-7f8d3c4d7000 rw-p 00005000 08:16 1056045                    /usr/lib/x86_64-linux-gnu/libXtst.so.6.1.0
7f8d3c4d7000-7f8d3c4e0000 r-xp 00000000 08:16 1056041                    /usr/lib/x86_64-linux-gnu/libXrender.so.1.3.0
7f8d3c4e0000-7f8d3c6df000 ---p 00009000 08:16 1056041                    /usr/lib/x86_64-linux-gnu/libXrender.so.1.3.0
7f8d3c6df000-7f8d3c6e0000 r--p 00008000 08:16 1056041                    /usr/lib/x86_64-linux-gnu/libXrender.so.1.3.0
7f8d3c6e0000-7f8d3c6e1000 rw-p 00009000 08:16 1056041                    /usr/lib/x86_64-linux-gnu/libXrender.so.1.3.0
7f8d3c6e1000-7f8d3c810000 r-xp 00000000 08:16 1056006                    /usr/lib/x86_64-linux-gnu/libX11.so.6.3.0
7f8d3c810000-7f8d3ca10000 ---p 0012f000 08:16 1056006                    /usr/lib/x86_64-linux-gnu/libX11.so.6.3.0
7f8d3ca10000-7f8d3ca11000 r--p 0012f000 08:16 1056006                    /usr/lib/x86_64-linux-gnu/libX11.so.6.3.0
7f8d3ca11000-7f8d3ca15000 rw-p 00130000 08:16 1056006                    /usr/lib/x86_64-linux-gnu/libX11.so.6.3.0
7f8d3ca15000-7f8d3ca25000 r-xp 00000000 08:16 1056021                    /usr/lib/x86_64-linux-gnu/libXext.so.6.4.0
7f8d3ca25000-7f8d3cc24000 ---p 00010000 08:16 1056021                    /usr/lib/x86_64-linux-gnu/libXext.so.6.4.0
7f8d3cc24000-7f8d3cc25000 r--p 0000f000 08:16 1056021                    /usr/lib/x86_64-linux-gnu/libXext.so.6.4.0
7f8d3cc25000-7f8d3cc26000 rw-p 00010000 08:16 1056021                    /usr/lib/x86_64-linux-gnu/libXext.so.6.4.0
7f8d3cc26000-7f8d3cc27000 r--s 00000000 08:16 1841789                    /var/cache/fontconfig/4794a0821666d79190d59a36cb4f44b5-le64.cache-3
7f8d3cc27000-7f8d3cc2a000 r--s 00000000 08:16 1843613                    /var/cache/fontconfig/8801497958630a81b71ace7c5f9b32a8-le64.cache-3
7f8d3cc2a000-7f8d3cc2b000 r--s 00000000 08:16 1843607                    /var/cache/fontconfig/56cf4f4769d0f4abc89a4895d7bd3ae1-le64.cache-3
7f8d3cc2b000-7f8d3cc2c000 r--s 00000000 08:16 1843618                    /var/cache/fontconfig/b9d506c9ac06c20b433354fa67a72993-le64.cache-3
7f8d3cc2c000-7f8d3cc32000 r--s 00000000 08:16 1846508                    /var/cache/fontconfig/3f7329c5293ffd510edef78f73874cfd-le64.cache-3
7f8d3cc32000-7f8d3cc35000 r--s 00000000 08:16 1842402                    /var/cache/fontconfig/e13b20fdb08344e0e664864cc2ede53d-le64.cache-3
7f8d3cc35000-7f8d3cc39000 r--s 00000000 08:16 1846742                    /var/cache/fontconfig/7ef2298fde41cc6eeb7af42e48b7d293-le64.cache-3
7f8d3cc39000-7f8d3cc42000 r--s 00263000 08:16 1050329                    /usr/lib/jvm/java-7-openjdk-common/jre/lib/resources.jar
7f8d3cc42000-7f8d3cc98000 r-xp 00000000 08:16 3544819                    /usr/lib/jvm/java-7-openjdk-amd64/jre/lib/amd64/xawt/libmawt.so
7f8d3cc98000-7f8d3ce97000 ---p 00056000 08:16 3544819                    /usr/lib/jvm/java-7-openjdk-amd64/jre/lib/amd64/xawt/libmawt.so
7f8d3ce97000-7f8d3ce98000 r--p 00055000 08:16 3544819                    /usr/lib/jvm/java-7-openjdk-amd64/jre/lib/amd64/xawt/libmawt.so
7f8d3ce98000-7f8d3ce9b000 rw-p 00056000 08:16 3544819                    /usr/lib/jvm/java-7-openjdk-amd64/jre/lib/amd64/xawt/libmawt.so
7f8d3ce9b000-7f8d3ce9c000 rw-p 00000000 00:00 0 
7f8d3ce9c000-7f8d3cf4a000 r-xp 00000000 08:16 3544588                    /usr/lib/jvm/java-7-openjdk-amd64/jre/lib/amd64/libawt.so
7f8d3cf4a000-7f8d3d149000 ---p 000ae000 08:16 3544588                    /usr/lib/jvm/java-7-openjdk-amd64/jre/lib/amd64/libawt.so
7f8d3d149000-7f8d3d14a000 r--p 000ad000 08:16 3544588                    /usr/lib/jvm/java-7-openjdk-amd64/jre/lib/amd64/libawt.so
7f8d3d14a000-7f8d3d155000 rw-p 000ae000 08:16 3544588                    /usr/lib/jvm/java-7-openjdk-amd64/jre/lib/amd64/libawt.so
7f8d3d155000-7f8d3d17a000 rw-p 00000000 00:00 0 
7f8d3d17a000-7f8d3d17b000 r--s 00006000 08:16 3676784                    /home/relissa/jmonkeyplatform/jmonkeyplatform/libs/noise-0.0.1-SNAPSHOT.jar
7f8d3d17b000-7f8d3d17e000 r--s 0001a000 08:16 3677188                    /home/relissa/jmonkeyplatform/jmonkeyplatform/libs/xmlpull-xpp3.jar
7f8d3d17e000-7f8d3d180000 r--s 0003c000 08:16 3677429                    /home/relissa/jmonkeyplatform/jmonkeyplatform/libs/vecmath.jar
7f8d3d180000-7f8d3d181000 r--s 0000b000 08:16 3677222                    /home/relissa/jmonkeyplatform/jmonkeyplatform/libs/stack-alloc.jar
7f8d3d181000-7f8d3d183000 r--s 0000d000 08:16 3676956                    /home/relissa/jmonkeyplatform/jmonkeyplatform/libs/nifty-style-black.jar
7f8d3d183000-7f8d3d189000 r--s 00030000 08:16 3676642                    /home/relissa/jmonkeyplatform/jmonkeyplatform/libs/nifty-default-controls.jar
7f8d3d189000-7f8d3d193000 r--s 0006a000 08:16 3677370                    /home/relissa/jmonkeyplatform/jmonkeyplatform/libs/nifty.jar
7f8d3d193000-7f8d3d195000 r--s 00012000 08:16 3677292                    /home/relissa/jmonkeyplatform/jmonkeyplatform/libs/eventbus.jar
7f8d3d195000-7f8d3d1a2000 r--s 000d2000 08:16 3677369                    /home/relissa/jmonkeyplatform/jmonkeyplatform/libs/lwjgl.jar
7f8d3d1a2000-7f8d3d1a6000 r--s 00030000 08:16 3677346                    /home/relissa/jmonkeyplatform/jmonkeyplatform/libs/jinput.jar
7f8d3d1a6000-7f8d3d1b0000 r--s 00079000 08:16 3677317                    /home/relissa/jmonkeyplatform/jmonkeyplatform/libs/jbullet.jar
7f8d3d1b0000-7f8d3d1b1000 r--s 001f3000 08:16 3676914                    /home/relissa/jmonkeyplatform/jmonkeyplatform/libs/jME3-lwjgl-natives.jar
7f8d3d1b1000-7f8d3d1b4000 r--s 00020000 08:16 3677185                    /home/relissa/jmonkeyplatform/jmonkeyplatform/libs/jME3-jbullet.jar
7f8d3d1b4000-7f8d3d1b5000 ---p 00000000 00:00 0 
7f8d3d1b5000-7f8d3d2b5000 rw-p 00000000 00:00 0 
7f8d3d2b5000-7f8d3d2b8000 ---p 00000000 00:00 0 
7f8d3d2b8000-7f8d3d3b6000 rw-p 00000000 00:00 0 
7f8d3d3b6000-7f8d3d3b9000 ---p 00000000 00:00 0 
7f8d3d3b9000-7f8d3d4b7000 rw-p 00000000 00:00 0 
7f8d3d4b7000-7f8d3d4ba000 ---p 00000000 00:00 0 
7f8d3d4ba000-7f8d3d5b8000 rw-p 00000000 00:00 0 
7f8d3d5b8000-7f8d3d5bb000 ---p 00000000 00:00 0 
7f8d3d5bb000-7f8d3d6b9000 rw-p 00000000 00:00 0 
7f8d3d6b9000-7f8d3dd9c000 r--p 00000000 08:16 1055298                    /usr/lib/locale/locale-archive
7f8d3dd9c000-7f8d3dd9f000 ---p 00000000 00:00 0 
7f8d3dd9f000-7f8d3de9d000 rw-p 00000000 00:00 0 
7f8d3de9d000-7f8d3dea0000 ---p 00000000 00:00 0 
7f8d3dea0000-7f8d3df9e000 rw-p 00000000 00:00 0 
7f8d3df9e000-7f8d3df9f000 ---p 00000000 00:00 0 
7f8d3df9f000-7f8d3e40e000 rw-p 00000000 00:00 0 
7f8d3e40e000-7f8d3e5bd000 r--s 03e91000 08:16 3544596                    /usr/lib/jvm/java-7-openjdk-amd64/jre/lib/rt.jar
7f8d3e5bd000-7f8d3e5e5000 rw-p 00000000 00:00 0 
7f8d3e5e5000-7f8d3e5e6000 ---p 00000000 00:00 0 
7f8d3e5e6000-7f8d3e6e6000 rw-p 00000000 00:00 0 
7f8d3e6e6000-7f8d3e6e7000 ---p 00000000 00:00 0 
7f8d3e6e7000-7f8d3e7f2000 rw-p 00000000 00:00 0 
7f8d3e7f2000-7f8d3e83a000 rw-p 00000000 00:00 0 
7f8d3e83a000-7f8d3e84e000 rw-p 00000000 00:00 0 
7f8d3e84e000-7f8d3e96f000 rw-p 00000000 00:00 0 
7f8d3e96f000-7f8d3e97a000 rw-p 00000000 00:00 0 
7f8d3e97a000-7f8d3e9c2000 rw-p 00000000 00:00 0 
7f8d3e9c2000-7f8d3e9d6000 rw-p 00000000 00:00 0 
7f8d3e9d6000-7f8d3eaf6000 rw-p 00000000 00:00 0 
7f8d3eaf6000-7f8d3eb01000 rw-p 00000000 00:00 0 
7f8d3eb01000-7f8d3eb91000 rw-p 00000000 00:00 0 
7f8d3eb91000-7f8d3eb92000 rw-p 00000000 00:00 0 
7f8d3eb92000-7f8d3eb9a000 r-xp 00000000 08:16 3544581                    /usr/lib/jvm/java-7-openjdk-amd64/jre/lib/amd64/libzip.so
7f8d3eb9a000-7f8d3ed99000 ---p 00008000 08:16 3544581                    /usr/lib/jvm/java-7-openjdk-amd64/jre/lib/amd64/libzip.so
7f8d3ed99000-7f8d3ed9a000 r--p 00007000 08:16 3544581                    /usr/lib/jvm/java-7-openjdk-amd64/jre/lib/amd64/libzip.so
7f8d3ed9a000-7f8d3ed9b000 rw-p 00008000 08:16 3544581                    /usr/lib/jvm/java-7-openjdk-amd64/jre/lib/amd64/libzip.so
7f8d3ed9b000-7f8d3eda7000 r-xp 00000000 08:16 5246630                    /lib/x86_64-linux-gnu/libnss_files-2.15.so
7f8d3eda7000-7f8d3efa6000 ---p 0000c000 08:16 5246630                    /lib/x86_64-linux-gnu/libnss_files-2.15.so
7f8d3efa6000-7f8d3efa7000 r--p 0000b000 08:16 5246630                    /lib/x86_64-linux-gnu/libnss_files-2.15.so
7f8d3efa7000-7f8d3efa8000 rw-p 0000c000 08:16 5246630                    /lib/x86_64-linux-gnu/libnss_files-2.15.so
7f8d3efa8000-7f8d3efb2000 r-xp 00000000 08:16 5246634                    /lib/x86_64-linux-gnu/libnss_nis-2.15.so
7f8d3efb2000-7f8d3f1b2000 ---p 0000a000 08:16 5246634                    /lib/x86_64-linux-gnu/libnss_nis-2.15.so
7f8d3f1b2000-7f8d3f1b3000 r--p 0000a000 08:16 5246634                    /lib/x86_64-linux-gnu/libnss_nis-2.15.so
7f8d3f1b3000-7f8d3f1b4000 rw-p 0000b000 08:16 5246634                    /lib/x86_64-linux-gnu/libnss_nis-2.15.so
7f8d3f1b4000-7f8d3f1cb000 r-xp 00000000 08:16 5246624                    /lib/x86_64-linux-gnu/libnsl-2.15.so
7f8d3f1cb000-7f8d3f3ca000 ---p 00017000 08:16 5246624                    /lib/x86_64-linux-gnu/libnsl-2.15.so
7f8d3f3ca000-7f8d3f3cb000 r--p 00016000 08:16 5246624                    /lib/x86_64-linux-gnu/libnsl-2.15.so
7f8d3f3cb000-7f8d3f3cc000 rw-p 00017000 08:16 5246624                    /lib/x86_64-linux-gnu/libnsl-2.15.so
7f8d3f3cc000-7f8d3f3ce000 rw-p 00000000 00:00 0 
7f8d3f3ce000-7f8d3f3d6000 r-xp 00000000 08:16 5246626                    /lib/x86_64-linux-gnu/libnss_compat-2.15.so
7f8d3f3d6000-7f8d3f5d5000 ---p 00008000 08:16 5246626                    /lib/x86_64-linux-gnu/libnss_compat-2.15.so
7f8d3f5d5000-7f8d3f5d6000 r--p 00007000 08:16 5246626                    /lib/x86_64-linux-gnu/libnss_compat-2.15.so
7f8d3f5d6000-7f8d3f5d7000 rw-p 00008000 08:16 5246626                    /lib/x86_64-linux-gnu/libnss_compat-2.15.so
7f8d3f5d7000-7f8d3f5fe000 r-xp 00000000 08:16 3544563                    /usr/lib/jvm/java-7-openjdk-amd64/jre/lib/amd64/libjava.so
7f8d3f5fe000-7f8d3f7fd000 ---p 00027000 08:16 3544563                    /usr/lib/jvm/java-7-openjdk-amd64/jre/lib/amd64/libjava.so
7f8d3f7fd000-7f8d3f7fe000 r--p 00026000 08:16 3544563                    /usr/lib/jvm/java-7-openjdk-amd64/jre/lib/amd64/libjava.so
7f8d3f7fe000-7f8d3f800000 rw-p 00027000 08:16 3544563                    /usr/lib/jvm/java-7-openjdk-amd64/jre/lib/amd64/libjava.so
7f8d3f800000-7f8d3f80e000 r-xp 00000000 08:16 3544574                    /usr/lib/jvm/java-7-openjdk-amd64/jre/lib/amd64/libverify.so
7f8d3f80e000-7f8d3fa0d000 ---p 0000e000 08:16 3544574                    /usr/lib/jvm/java-7-openjdk-amd64/jre/lib/amd64/libverify.so
7f8d3fa0d000-7f8d3fa0f000 r--p 0000d000 08:16 3544574                    /usr/lib/jvm/java-7-openjdk-amd64/jre/lib/amd64/libverify.so
7f8d3fa0f000-7f8d3fa10000 rw-p 0000f000 08:16 3544574                    /usr/lib/jvm/java-7-openjdk-amd64/jre/lib/amd64/libverify.so
7f8d3fa10000-7f8d3fa17000 r-xp 00000000 08:16 5246665                    /lib/x86_64-linux-gnu/librt-2.15.so
7f8d3fa17000-7f8d3fc16000 ---p 00007000 08:16 5246665                    /lib/x86_64-linux-gnu/librt-2.15.so
7f8d3fc16000-7f8d3fc17000 r--p 00006000 08:16 5246665                    /lib/x86_64-linux-gnu/librt-2.15.so
7f8d3fc17000-7f8d3fc18000 rw-p 00007000 08:16 5246665                    /lib/x86_64-linux-gnu/librt-2.15.so
7f8d3fc18000-7f8d3fc2d000 r-xp 00000000 08:16 5246600                    /lib/x86_64-linux-gnu/libgcc_s.so.1
7f8d3fc2d000-7f8d3fe2c000 ---p 00015000 08:16 5246600                    /lib/x86_64-linux-gnu/libgcc_s.so.1
7f8d3fe2c000-7f8d3fe2d000 r--p 00014000 08:16 5246600                    /lib/x86_64-linux-gnu/libgcc_s.so.1
7f8d3fe2d000-7f8d3fe2e000 rw-p 00015000 08:16 5246600                    /lib/x86_64-linux-gnu/libgcc_s.so.1
7f8d3fe2e000-7f8d3ff27000 r-xp 00000000 08:16 5246611                    /lib/x86_64-linux-gnu/libm-2.15.so
7f8d3ff27000-7f8d40126000 ---p 000f9000 08:16 5246611                    /lib/x86_64-linux-gnu/libm-2.15.so
7f8d40126000-7f8d40127000 r--p 000f8000 08:16 5246611                    /lib/x86_64-linux-gnu/libm-2.15.so
7f8d40127000-7f8d40128000 rw-p 000f9000 08:16 5246611                    /lib/x86_64-linux-gnu/libm-2.15.so
7f8d40128000-7f8d4020a000 r-xp 00000000 08:16 1056535                    /usr/lib/x86_64-linux-gnu/libstdc++.so.6.0.16
7f8d4020a000-7f8d40409000 ---p 000e2000 08:16 1056535                    /usr/lib/x86_64-linux-gnu/libstdc++.so.6.0.16
7f8d40409000-7f8d40411000 r--p 000e1000 08:16 1056535                    /usr/lib/x86_64-linux-gnu/libstdc++.so.6.0.16
7f8d40411000-7f8d40413000 rw-p 000e9000 08:16 1056535                    /usr/lib/x86_64-linux-gnu/libstdc++.so.6.0.16
7f8d40413000-7f8d40428000 rw-p 00000000 00:00 0 
7f8d40428000-7f8d40dbb000 r-xp 00000000 08:16 3544559                    /usr/lib/jvm/java-7-openjdk-amd64/jre/lib/amd64/server/libjvm.so
7f8d40dbb000-7f8d40fbb000 ---p 00993000 08:16 3544559                    /usr/lib/jvm/java-7-openjdk-amd64/jre/lib/amd64/server/libjvm.so
7f8d40fbb000-7f8d41035000 r--p 00993000 08:16 3544559                    /usr/lib/jvm/java-7-openjdk-amd64/jre/lib/amd64/server/libjvm.so
7f8d41035000-7f8d41057000 rw-p 00a0d000 08:16 3544559                    /usr/lib/jvm/java-7-openjdk-amd64/jre/lib/amd64/server/libjvm.so
7f8d41057000-7f8d41082000 rw-p 00000000 00:00 0 
7f8d41082000-7f8d4109a000 r-xp 00000000 08:16 5246659                    /lib/x86_64-linux-gnu/libpthread-2.15.so
7f8d4109a000-7f8d41299000 ---p 00018000 08:16 5246659                    /lib/x86_64-linux-gnu/libpthread-2.15.so
7f8d41299000-7f8d4129a000 r--p 00017000 08:16 5246659                    /lib/x86_64-linux-gnu/libpthread-2.15.so
7f8d4129a000-7f8d4129b000 rw-p 00018000 08:16 5246659                    /lib/x86_64-linux-gnu/libpthread-2.15.so
7f8d4129b000-7f8d4129f000 rw-p 00000000 00:00 0 
7f8d4129f000-7f8d412b5000 r-xp 00000000 08:16 5246690                    /lib/x86_64-linux-gnu/libz.so.1.2.3.4
7f8d412b5000-7f8d414b4000 ---p 00016000 08:16 5246690                    /lib/x86_64-linux-gnu/libz.so.1.2.3.4
7f8d414b4000-7f8d414b5000 r--p 00015000 08:16 5246690                    /lib/x86_64-linux-gnu/libz.so.1.2.3.4
7f8d414b5000-7f8d414b6000 rw-p 00016000 08:16 5246690                    /lib/x86_64-linux-gnu/libz.so.1.2.3.4
7f8d414b6000-7f8d414b8000 r-xp 00000000 08:16 5246592                    /lib/x86_64-linux-gnu/libdl-2.15.so
7f8d414b8000-7f8d416b8000 ---p 00002000 08:16 5246592                    /lib/x86_64-linux-gnu/libdl-2.15.so
7f8d416b8000-7f8d416b9000 r--p 00002000 08:16 5246592                    /lib/x86_64-linux-gnu/libdl-2.15.so
7f8d416b9000-7f8d416ba000 rw-p 00003000 08:16 5246592                    /lib/x86_64-linux-gnu/libdl-2.15.so
7f8d416ba000-7f8d4186d000 r-xp 00000000 08:16 5246579                    /lib/x86_64-linux-gnu/libc-2.15.so
7f8d4186d000-7f8d41a6c000 ---p 001b3000 08:16 5246579                    /lib/x86_64-linux-gnu/libc-2.15.so
7f8d41a6c000-7f8d41a70000 r--p 001b2000 08:16 5246579                    /lib/x86_64-linux-gnu/libc-2.15.so
7f8d41a70000-7f8d41a72000 rw-p 001b6000 08:16 5246579                    /lib/x86_64-linux-gnu/libc-2.15.so
7f8d41a72000-7f8d41a77000 rw-p 00000000 00:00 0 
7f8d41a77000-7f8d41a83000 r-xp 00000000 08:16 3544565                    /usr/lib/jvm/java-7-openjdk-amd64/jre/lib/amd64/jli/libjli.so
7f8d41a83000-7f8d41c83000 ---p 0000c000 08:16 3544565                    /usr/lib/jvm/java-7-openjdk-amd64/jre/lib/amd64/jli/libjli.so
7f8d41c83000-7f8d41c84000 r--p 0000c000 08:16 3544565                    /usr/lib/jvm/java-7-openjdk-amd64/jre/lib/amd64/jli/libjli.so
7f8d41c84000-7f8d41c85000 rw-p 0000d000 08:16 3544565                    /usr/lib/jvm/java-7-openjdk-amd64/jre/lib/amd64/jli/libjli.so
7f8d41c85000-7f8d41ca7000 r-xp 00000000 08:16 5246559                    /lib/x86_64-linux-gnu/ld-2.15.so
7f8d41ca7000-7f8d41ca8000 r--s 00009000 08:16 3677159                    /home/relissa/jmonkeyplatform/jmonkeyplatform/libs/j-ogg-vorbisd.jar
7f8d41ca8000-7f8d41cc3000 r--s 00228000 08:16 3677111                    /home/relissa/jmonkeyplatform/jmonkeyplatform/libs/jMonkeyEngine3.jar
7f8d41cc3000-7f8d41ccd000 rw-p 00000000 00:00 0 
7f8d41ccd000-7f8d41d83000 rw-p 00000000 00:00 0 
7f8d41d83000-7f8d41d86000 ---p 00000000 00:00 0 
7f8d41d86000-7f8d41e89000 rw-p 00000000 00:00 0 
7f8d41e89000-7f8d41e8b000 r--s 00005000 08:16 3677249                    /home/relissa/jmonkeyplatform/jmonkeyplatform/libs/j-ogg-oggd.jar
7f8d41e8b000-7f8d41e8e000 r--s 00032000 08:16 1050313                    /usr/lib/jvm/java-7-openjdk-common/jre/lib/ext/sunjce_provider.jar
7f8d41e8e000-7f8d41e90000 r--s 00012000 08:16 1050314                    /usr/lib/jvm/java-7-openjdk-common/jre/lib/ext/zipfs.jar
7f8d41e90000-7f8d41e91000 r--s 00002000 08:16 1050311                    /usr/lib/jvm/java-7-openjdk-common/jre/lib/ext/dnsns.jar
7f8d41e91000-7f8d41e94000 r--s 00085000 08:16 1050312                    /usr/lib/jvm/java-7-openjdk-common/jre/lib/ext/localedata.jar
7f8d41e94000-7f8d41e97000 r--s 0000f000 08:16 1050315                    /usr/lib/jvm/java-7-openjdk-common/jre/lib/ext/pulse-java.jar
7f8d41e97000-7f8d41e98000 r--s 00007000 08:16 1453403                    /usr/share/java/java-atk-wrapper.jar
7f8d41e98000-7f8d41e9b000 r--s 0003c000 08:16 1050310                    /usr/lib/jvm/java-7-openjdk-common/jre/lib/ext/sunpkcs11.jar
7f8d41e9b000-7f8d41ea3000 rw-s 00000000 08:16 4063324                    /tmp/hsperfdata_relissa/6486 (deleted)
7f8d41ea3000-7f8d41ea4000 rw-p 00000000 00:00 0 
7f8d41ea4000-7f8d41ea5000 ---p 00000000 00:00 0 
7f8d41ea5000-7f8d41ea7000 rw-p 00000000 00:00 0 
7f8d41ea7000-7f8d41ea8000 r--p 00022000 08:16 5246559                    /lib/x86_64-linux-gnu/ld-2.15.so
7f8d41ea8000-7f8d41eaa000 rw-p 00023000 08:16 5246559                    /lib/x86_64-linux-gnu/ld-2.15.so
7fff44233000-7fff44254000 rw-p 00000000 00:00 0                          [stack]
7fff44317000-7fff44318000 r-xp 00000000 00:00 0                          [vdso]
ffffffffff600000-ffffffffff601000 r-xp 00000000 00:00 0                  [vsyscall]

VM Arguments:
jvm_args: -Dfile.encoding=UTF-8 
java_command: OCLP.Main
Launcher Type: SUN_STANDARD

Environment Variables:
PATH=/usr/lib/lightdm/lightdm:/usr/local/sbin:/usr/local/bin:/usr/sbin:/usr/bin:/sbin:/bin:/usr/games
SHELL=/bin/bash
DISPLAY=:0

Signal Handlers:
SIGSEGV: [libjvm.so+0x8065e0], sa_mask[0]=0x7ffbfeff, sa_flags=0x10000004
SIGBUS: [libjvm.so+0x8065e0], sa_mask[0]=0x7ffbfeff, sa_flags=0x10000004
SIGFPE: [libjvm.so+0x6ac6d0], sa_mask[0]=0x7ffbfeff, sa_flags=0x10000004
SIGPIPE: [libjvm.so+0x6ac6d0], sa_mask[0]=0x7ffbfeff, sa_flags=0x10000004
SIGXFSZ: [libjvm.so+0x6ac6d0], sa_mask[0]=0x7ffbfeff, sa_flags=0x10000004
SIGILL: [libjvm.so+0x6ac6d0], sa_mask[0]=0x7ffbfeff, sa_flags=0x10000004
SIGUSR1: SIG_DFL, sa_mask[0]=0x00000000, sa_flags=0x00000000
SIGUSR2: [libjvm.so+0x6acaa0], sa_mask[0]=0x00000004, sa_flags=0x10000004
SIGHUP: [libjvm.so+0x6acbe0], sa_mask[0]=0x7ffbfeff, sa_flags=0x10000004
SIGINT: SIG_IGN, sa_mask[0]=0x00000000, sa_flags=0x00000000
SIGTERM: [libjvm.so+0x6acbe0], sa_mask[0]=0x7ffbfeff, sa_flags=0x10000004
SIGQUIT: [libjvm.so+0x6acbe0], sa_mask[0]=0x7ffbfeff, sa_flags=0x10000004


---------------  S Y S T E M  ---------------

OS:Ubuntu 12.04 (precise)
uname:Linux 3.2.0-24-generic #39-Ubuntu SMP Mon May 21 16:52:17 UTC 2012 x86_64
libc:glibc 2.15 NPTL 2.15 
rlimit: STACK 8192k, CORE 0k, NPROC 28916, NOFILE 4096, AS infinity
load average:2.89 2.06 1.58

/proc/meminfo:
MemTotal:        3791568 kB
MemFree:          857980 kB
Buffers:          117108 kB
Cached:          1268700 kB
SwapCached:          448 kB
Active:          1655144 kB
Inactive:         951664 kB
Active(anon):    1001908 kB
Inactive(anon):   234428 kB
Active(file):     653236 kB
Inactive(file):   717236 kB
Unevictable:           0 kB
Mlocked:               0 kB
SwapTotal:        999420 kB
SwapFree:         997980 kB
Dirty:               280 kB
Writeback:             0 kB
AnonPages:       1220572 kB
Mapped:           225760 kB
Shmem:             15336 kB
Slab:             143340 kB
SReclaimable:     116916 kB
SUnreclaim:        26424 kB
KernelStack:        3136 kB
PageTables:        31756 kB
NFS_Unstable:          0 kB
Bounce:                0 kB
WritebackTmp:          0 kB
CommitLimit:     2895204 kB
Committed_AS:    2775368 kB
VmallocTotal:   34359738367 kB
VmallocUsed:      300648 kB
VmallocChunk:   34359435432 kB
HardwareCorrupted:     0 kB
AnonHugePages:         0 kB
HugePages_Total:       0
HugePages_Free:        0
HugePages_Rsvd:        0
HugePages_Surp:        0
Hugepagesize:       2048 kB
DirectMap4k:     3659264 kB
DirectMap2M:      272384 kB
DirectMap1G:           0 kB


CPU:total 2 (2 cores per cpu, 1 threads per core) family 16 model 6 stepping 2, cmov, cx8, fxsr, mmx, sse, sse2, sse3, popcnt, mmxext, 3dnowpref, lzcnt, sse4a

/proc/cpuinfo:
processor	: 0
vendor_id	: AuthenticAMD
cpu family	: 16
model		: 6
model name	: AMD Athlon(tm) II X2 215 Processor
stepping	: 2
microcode	: 0x100009f
cpu MHz		: 2700.000
cache size	: 512 KB
physical id	: 0
siblings	: 2
core id		: 0
cpu cores	: 2
apicid		: 0
initial apicid	: 0
fpu		: yes
fpu_exception	: yes
cpuid level	: 5
wp		: yes
flags		: fpu vme de pse tsc msr pae mce cx8 apic sep mtrr pge mca cmov pat pse36 clflush mmx fxsr sse sse2 ht syscall nx mmxext fxsr_opt pdpe1gb rdtscp lm 3dnowext 3dnow constant_tsc rep_good nopl nonstop_tsc extd_apicid pni monitor cx16 popcnt lahf_lm cmp_legacy svm extapic cr8_legacy abm sse4a misalignsse 3dnowprefetch osvw ibs skinit wdt npt lbrv svm_lock nrip_save
bogomips	: 5400.31
TLB size	: 1024 4K pages
clflush size	: 64
cache_alignment	: 64
address sizes	: 48 bits physical, 48 bits virtual
power management: ts ttp tm stc 100mhzsteps hwpstate

processor	: 1
vendor_id	: AuthenticAMD
cpu family	: 16
model		: 6
model name	: AMD Athlon(tm) II X2 215 Processor
stepping	: 2
microcode	: 0x100009f
cpu MHz		: 1500.000
cache size	: 512 KB
physical id	: 0
siblings	: 2
core id		: 1
cpu cores	: 2
apicid		: 1
initial apicid	: 1
fpu		: yes
fpu_exception	: yes
cpuid level	: 5
wp		: yes
flags		: fpu vme de pse tsc msr pae mce cx8 apic sep mtrr pge mca cmov pat pse36 clflush mmx fxsr sse sse2 ht syscall nx mmxext fxsr_opt pdpe1gb rdtscp lm 3dnowext 3dnow constant_tsc rep_good nopl nonstop_tsc extd_apicid pni monitor cx16 popcnt lahf_lm cmp_legacy svm extapic cr8_legacy abm sse4a misalignsse 3dnowprefetch osvw ibs skinit wdt npt lbrv svm_lock nrip_save
bogomips	: 5386.51
TLB size	: 1024 4K pages
clflush size	: 64
cache_alignment	: 64
address sizes	: 48 bits physical, 48 bits virtual
power management: ts ttp tm stc 100mhzsteps hwpstate



Memory: 4k page, physical 3791568k(857980k free), swap 999420k(997980k free)

vm_info: OpenJDK 64-Bit Server VM (22.0-b10) for linux-amd64 JRE (1.7.0_03-b147), built on May  2 2012 16:57:58 by "buildd" with gcc 4.6.3

time: Sat Jun  9 11:30:52 2012
elapsed time: 17 seconds

