#
# A fatal error has been detected by the Java Runtime Environment:
#
#  SIGSEGV (0xb) at pc=0x00007ff3866cbc58, pid=6944, tid=140684185388800
#
# JRE version: 7.0_03-b147
# Java VM: OpenJDK 64-Bit Server VM (22.0-b10 mixed mode linux-amd64 compressed oops)
# Derivative: IcedTea7 2.1.1pre
# Distribution: Ubuntu 12.04 LTS, package 7~u3-2.1.1~pre1-1ubuntu3
# Problematic frame:
# C  [libX11.so.6+0x33c58]  XQueryExtension+0x28
#
# Failed to write core dump. Core dumps have been disabled. To enable core dumping, try "ulimit -c unlimited" before starting Java again
#
# If you would like to submit a bug report, please include
# instructions on how to reproduce the bug and visit:
#   https://bugs.launchpad.net/ubuntu/+source/openjdk-7/
#

---------------  T H R E A D  ---------------

Current thread is native thread

siginfo:si_signo=SIGSEGV: si_errno=0, si_code=1 (SEGV_MAPERR), si_addr=0x0000000050028018

Registers:
RAX=0x00000000011e0ba0, RBX=0x00000000500276b0, RCX=0x00007fff9b5d8888, RDX=0x00007fff9b5d8884
RSP=0x00007fff9b5d8820, RBP=0x00007ff359ab8932, RSI=0x00007ff359ab8932, RDI=0x00000000500276b0
R8 =0x00007fff9b5d888c, R9 =0x0000000000000000, R10=0x00007ff396a42fa8, R11=0x00007ff3966c4ca0
R12=0x0000000000000000, R13=0x00007ff359ab8932, R14=0x00000000011e0ba0, R15=0x0000000000000000
RIP=0x00007ff3866cbc58, EFLAGS=0x0000000000010202, CSGSFS=0x0000000000000033, ERR=0x0000000000000004
  TRAPNO=0x000000000000000e

Top of Stack: (sp=0x00007fff9b5d8820)
0x00007fff9b5d8820:   00007ff396697790 00007ff396e57000
0x00007fff9b5d8830:   00007ff396053070 00007ff396e56000
0x00007fff9b5d8840:   00000000ffffffff 00000000500276b0
0x00007fff9b5d8850:   00007ff359ab8932 0000000000000000
0x00007fff9b5d8860:   00007ff359ab8932 00000000011e0ba0
0x00007fff9b5d8870:   0000000000000000 00007ff3866bfc55
0x00007fff9b5d8880:   00007ff396e77048 00007ff359bf1520
0x00007fff9b5d8890:   00007ff359bf1520 00000000500276b0
0x00007fff9b5d88a0:   00007ff35003a510 00007ff3869d902b
0x00007fff9b5d88b0:   00007ff396697790 0000001100000061
0x00007fff9b5d88c0:   00007fff9b5d8940 0000000000000000
0x00007fff9b5d88d0:   00007fff9b5d8940 00000000500276b0
0x00007fff9b5d88e0:   0000000000000000 00007ff396e77048
0x00007fff9b5d88f0:   00007ff359c0ad50 00007ff359a5f119
0x00007fff9b5d8900:   0000000000000000 0000000000000061
0x00007fff9b5d8910:   00007fff9b5d8940 00007fff9b5d8960
0x00007fff9b5d8920:   0000000000000000 00007ff396e77048
0x00007fff9b5d8930:   00007ff35001e8d0 00007ff359a55b42
0x00007fff9b5d8940:   00007fff9b5d8ce0 00007ff359ab88b1
0x00007fff9b5d8950:   0000000000000061 00007ff396c6392d
0x00007fff9b5d8960:   00007ff396e782c8 00007ff396e78858
0x00007fff9b5d8970:   00007ff396e756a8 00007ff390006570
0x00007fff9b5d8980:   00007ff390007080 00007ff390007580
0x00007fff9b5d8990:   00007ff39000c260 00007ff3441b5850
0x00007fff9b5d89a0:   00007ff344216ec0 00007ff3441d58f0
0x00007fff9b5d89b0:   00007ff35000b790 00007ff350008160
0x00007fff9b5d89c0:   00007ff3901d0fa0 00007ff3901d5d40
0x00007fff9b5d89d0:   00007ff3901dd450 00007ff3901dcf20
0x00007fff9b5d89e0:   00007ff3901dca00 00007ff3901e1dd0
0x00007fff9b5d89f0:   00007ff3901e18c0 00007ff3901e3120
0x00007fff9b5d8a00:   00007ff3901e13c0 00007ff3901dc4d0
0x00007fff9b5d8a10:   00007ff3901dfef0 00007ff3901e2a90 

Instructions: (pc=0x00007ff3866cbc58)
0x00007ff3866cbc38:   24 d8 48 89 fb 4c 89 64 24 e0 4c 89 6c 24 e8 48
0x00007ff3866cbc48:   89 f5 4c 89 74 24 f0 4c 89 7c 24 f8 48 83 ec 58
0x00007ff3866cbc58:   48 8b 87 68 09 00 00 49 89 d4 49 89 cd 4d 89 c6
0x00007ff3866cbc68:   48 85 c0 74 02 ff 10 ba 08 00 00 00 be 62 00 00 

Register to memory mapping:

RAX=0x00000000011e0ba0 is an unknown value
RBX=0x00000000500276b0 is an unknown value
RCX=0x00007fff9b5d8888 is an unknown value
RDX=0x00007fff9b5d8884 is an unknown value
RSP=0x00007fff9b5d8820 is an unknown value
RBP=0x00007ff359ab8932: <offset 0x96932> in /usr/lib/fglrx/libGL.so.1 at 0x00007ff359a22000
RSI=0x00007ff359ab8932: <offset 0x96932> in /usr/lib/fglrx/libGL.so.1 at 0x00007ff359a22000
RDI=0x00000000500276b0 is an unknown value
R8 =0x00007fff9b5d888c is an unknown value
R9 =0x0000000000000000 is an unknown value
R10=0x00007ff396a42fa8: <offset 0x3b9fa8> in /lib/x86_64-linux-gnu/libc.so.6 at 0x00007ff396689000
R11=0x00007ff3966c4ca0: __cxa_finalize+0 in /lib/x86_64-linux-gnu/libc.so.6 at 0x00007ff396689000
R12=0x0000000000000000 is an unknown value
R13=0x00007ff359ab8932: <offset 0x96932> in /usr/lib/fglrx/libGL.so.1 at 0x00007ff359a22000
R14=0x00000000011e0ba0 is an unknown value
R15=0x0000000000000000 is an unknown value


Stack: [0x00007fff9b4da000,0x00007fff9b5da000],  sp=0x00007fff9b5d8820,  free space=1018k
Native frames: (J=compiled Java code, j=interpreted, Vv=VM code, C=native code)
C  [libX11.so.6+0x33c58]  XQueryExtension+0x28


---------------  P R O C E S S  ---------------

VM state:at safepoint (shutting down)

VM Mutex/Monitor currently owned by a thread:  ([mutex/lock_event])
[0x00007ff390004940] Threads_lock - owner thread: 0x00007ff39009b800

Heap
 PSYoungGen      total 17280K, used 9360K [0x00000000ecb60000, 0x00000000edea0000, 0x0000000100000000)
  eden space 14848K, 46% used [0x00000000ecb60000,0x00000000ed22c3c0,0x00000000ed9e0000)
  from space 2432K, 98% used [0x00000000edc40000,0x00000000ede98030,0x00000000edea0000)
  to   space 2432K, 0% used [0x00000000ed9e0000,0x00000000ed9e0000,0x00000000edc40000)
 PSOldGen        total 39552K, used 3874K [0x00000000c6200000, 0x00000000c88a0000, 0x00000000ecb60000)
  object space 39552K, 9% used [0x00000000c6200000,0x00000000c65c8820,0x00000000c88a0000)
 PSPermGen       total 21248K, used 20823K [0x00000000bbc00000, 0x00000000bd0c0000, 0x00000000c6200000)
  object space 21248K, 98% used [0x00000000bbc00000,0x00000000bd055e50,0x00000000bd0c0000)

Code Cache  [0x00007ff38c9de000, 0x00007ff38cc4e000, 0x00007ff38f9de000)
 total_blobs=992 nmethods=366 adapters=579 free_code_cache=47859Kb largest_free_block=48983360

Dynamic libraries:
00400000-00401000 r-xp 00000000 08:16 3544606                            /usr/lib/jvm/java-7-openjdk-amd64/jre/bin/java
00600000-00601000 r--p 00000000 08:16 3544606                            /usr/lib/jvm/java-7-openjdk-amd64/jre/bin/java
00601000-00602000 rw-p 00001000 08:16 3544606                            /usr/lib/jvm/java-7-openjdk-amd64/jre/bin/java
011de000-011ff000 rw-p 00000000 00:00 0                                  [heap]
bbc00000-bd0c0000 rw-p 00000000 00:00 0 
bd0c0000-c6200000 rw-p 00000000 00:00 0 
c6200000-c88a0000 rw-p 00000000 00:00 0 
c88a0000-ecb60000 rw-p 00000000 00:00 0 
ecb60000-edea0000 rw-p 00000000 00:00 0 
edea0000-100000000 rw-p 00000000 00:00 0 
7ff33e9a4000-7ff33e9a5000 ---p 00000000 00:00 0 
7ff33e9a5000-7ff33f1a5000 rw-p 00000000 00:00 0 
7ff33fba6000-7ff33fbe4000 r-xp 00000000 08:16 1056348                    /usr/lib/x86_64-linux-gnu/libjpeg.so.8.0.2
7ff33fbe4000-7ff33fde3000 ---p 0003e000 08:16 1056348                    /usr/lib/x86_64-linux-gnu/libjpeg.so.8.0.2
7ff33fde3000-7ff33fde4000 r--p 0003d000 08:16 1056348                    /usr/lib/x86_64-linux-gnu/libjpeg.so.8.0.2
7ff33fde4000-7ff33fde5000 rw-p 0003e000 08:16 1056348                    /usr/lib/x86_64-linux-gnu/libjpeg.so.8.0.2
7ff33fde5000-7ff33fdf5000 rw-p 00000000 00:00 0 
7ff33fdf5000-7ff33fdfe000 r-xp 00000000 08:16 3544590                    /usr/lib/jvm/java-7-openjdk-amd64/jre/lib/amd64/libjavajpeg.so
7ff33fdfe000-7ff33fffd000 ---p 00009000 08:16 3544590                    /usr/lib/jvm/java-7-openjdk-amd64/jre/lib/amd64/libjavajpeg.so
7ff33fffd000-7ff33fffe000 r--p 00008000 08:16 3544590                    /usr/lib/jvm/java-7-openjdk-amd64/jre/lib/amd64/libjavajpeg.so
7ff33fffe000-7ff33ffff000 rw-p 00009000 08:16 3544590                    /usr/lib/jvm/java-7-openjdk-amd64/jre/lib/amd64/libjavajpeg.so
7ff344000000-7ff34441e000 rw-p 00000000 00:00 0 
7ff34441e000-7ff348000000 ---p 00000000 00:00 0 
7ff3481e4000-7ff3481e5000 ---p 00000000 00:00 0 
7ff3481e5000-7ff3489e5000 rw-p 00000000 00:00 0 
7ff3489e5000-7ff3489e6000 ---p 00000000 00:00 0 
7ff3489e6000-7ff3491e6000 rw-p 00000000 00:00 0 
7ff3491e6000-7ff3491ec000 r-xp 00000000 08:16 1056418                    /usr/lib/x86_64-linux-gnu/libogg.so.0.7.1
7ff3491ec000-7ff3493eb000 ---p 00006000 08:16 1056418                    /usr/lib/x86_64-linux-gnu/libogg.so.0.7.1
7ff3493eb000-7ff3493ec000 r--p 00005000 08:16 1056418                    /usr/lib/x86_64-linux-gnu/libogg.so.0.7.1
7ff3493ec000-7ff3493ed000 rw-p 00006000 08:16 1056418                    /usr/lib/x86_64-linux-gnu/libogg.so.0.7.1
7ff3493ed000-7ff349418000 r-xp 00000000 08:16 1056576                    /usr/lib/x86_64-linux-gnu/libvorbis.so.0.4.5
7ff349418000-7ff349617000 ---p 0002b000 08:16 1056576                    /usr/lib/x86_64-linux-gnu/libvorbis.so.0.4.5
7ff349617000-7ff349618000 r--p 0002a000 08:16 1056576                    /usr/lib/x86_64-linux-gnu/libvorbis.so.0.4.5
7ff349618000-7ff349619000 rw-p 0002b000 08:16 1056576                    /usr/lib/x86_64-linux-gnu/libvorbis.so.0.4.5
7ff349619000-7ff3498cc000 r-xp 00000000 08:16 1056578                    /usr/lib/x86_64-linux-gnu/libvorbisenc.so.2.0.8
7ff3498cc000-7ff349acb000 ---p 002b3000 08:16 1056578                    /usr/lib/x86_64-linux-gnu/libvorbisenc.so.2.0.8
7ff349acb000-7ff349ae7000 r--p 002b2000 08:16 1056578                    /usr/lib/x86_64-linux-gnu/libvorbisenc.so.2.0.8
7ff349ae7000-7ff349ae8000 rw-p 002ce000 08:16 1056578                    /usr/lib/x86_64-linux-gnu/libvorbisenc.so.2.0.8
7ff349ae8000-7ff349b30000 r-xp 00000000 08:16 1055951                    /usr/lib/x86_64-linux-gnu/libFLAC.so.8.2.0
7ff349b30000-7ff349d30000 ---p 00048000 08:16 1055951                    /usr/lib/x86_64-linux-gnu/libFLAC.so.8.2.0
7ff349d30000-7ff349d31000 r--p 00048000 08:16 1055951                    /usr/lib/x86_64-linux-gnu/libFLAC.so.8.2.0
7ff349d31000-7ff349d32000 rw-p 00049000 08:16 1055951                    /usr/lib/x86_64-linux-gnu/libFLAC.so.8.2.0
7ff349d32000-7ff34bc8c000 r-xp 00000000 08:16 1054642                    /usr/lib/fglrx/dri/fglrx_dri.so
7ff34bc8c000-7ff34bd8c000 ---p 01f5a000 08:16 1054642                    /usr/lib/fglrx/dri/fglrx_dri.so
7ff34bd8c000-7ff34beda000 rwxp 01f5a000 08:16 1054642                    /usr/lib/fglrx/dri/fglrx_dri.so
7ff34beda000-7ff34c000000 rwxp 00000000 00:00 0 
7ff34c000000-7ff34c021000 rw-p 00000000 00:00 0 
7ff34c021000-7ff350000000 ---p 00000000 00:00 0 
7ff350000000-7ff350f51000 rw-p 00000000 00:00 0 
7ff350f51000-7ff354000000 ---p 00000000 00:00 0 
7ff354000000-7ff354021000 rw-p 00000000 00:00 0 
7ff354021000-7ff358000000 ---p 00000000 00:00 0 
7ff358148000-7ff35814d000 r-xp 00000000 08:16 1056065                    /usr/lib/x86_64-linux-gnu/libasyncns.so.0.3.1
7ff35814d000-7ff35834c000 ---p 00005000 08:16 1056065                    /usr/lib/x86_64-linux-gnu/libasyncns.so.0.3.1
7ff35834c000-7ff35834d000 r--p 00004000 08:16 1056065                    /usr/lib/x86_64-linux-gnu/libasyncns.so.0.3.1
7ff35834d000-7ff35834e000 rw-p 00005000 08:16 1056065                    /usr/lib/x86_64-linux-gnu/libasyncns.so.0.3.1
7ff35834e000-7ff3583ae000 r-xp 00000000 08:16 1056513                    /usr/lib/x86_64-linux-gnu/libsndfile.so.1.0.25
7ff3583ae000-7ff3585ae000 ---p 00060000 08:16 1056513                    /usr/lib/x86_64-linux-gnu/libsndfile.so.1.0.25
7ff3585ae000-7ff3585b0000 r--p 00060000 08:16 1056513                    /usr/lib/x86_64-linux-gnu/libsndfile.so.1.0.25
7ff3585b0000-7ff3585b1000 rw-p 00062000 08:16 1056513                    /usr/lib/x86_64-linux-gnu/libsndfile.so.1.0.25
7ff3585b1000-7ff3585b5000 rw-p 00000000 00:00 0 
7ff3585b5000-7ff3585bd000 r-xp 00000000 08:16 5246688                    /lib/x86_64-linux-gnu/libwrap.so.0.7.6
7ff3585bd000-7ff3587bc000 ---p 00008000 08:16 5246688                    /lib/x86_64-linux-gnu/libwrap.so.0.7.6
7ff3587bc000-7ff3587bd000 r--p 00007000 08:16 5246688                    /lib/x86_64-linux-gnu/libwrap.so.0.7.6
7ff3587bd000-7ff3587be000 rw-p 00008000 08:16 5246688                    /lib/x86_64-linux-gnu/libwrap.so.0.7.6
7ff3587be000-7ff35881a000 r-xp 00000000 08:16 1055773                    /usr/lib/x86_64-linux-gnu/libpulsecommon-1.1.so
7ff35881a000-7ff358a1a000 ---p 0005c000 08:16 1055773                    /usr/lib/x86_64-linux-gnu/libpulsecommon-1.1.so
7ff358a1a000-7ff358a1b000 r--p 0005c000 08:16 1055773                    /usr/lib/x86_64-linux-gnu/libpulsecommon-1.1.so
7ff358a1b000-7ff358a1c000 rw-p 0005d000 08:16 1055773                    /usr/lib/x86_64-linux-gnu/libpulsecommon-1.1.so
7ff358a1c000-7ff358a23000 r-xp 00000000 08:16 1056352                    /usr/lib/x86_64-linux-gnu/libjson.so.0.0.1
7ff358a23000-7ff358c22000 ---p 00007000 08:16 1056352                    /usr/lib/x86_64-linux-gnu/libjson.so.0.0.1
7ff358c22000-7ff358c23000 r--p 00006000 08:16 1056352                    /usr/lib/x86_64-linux-gnu/libjson.so.0.0.1
7ff358c23000-7ff358c24000 rw-p 00007000 08:16 1056352                    /usr/lib/x86_64-linux-gnu/libjson.so.0.0.1
7ff358c24000-7ff358c6a000 r-xp 00000000 08:16 1055774                    /usr/lib/x86_64-linux-gnu/libpulse.so.0.13.5
7ff358c6a000-7ff358e6a000 ---p 00046000 08:16 1055774                    /usr/lib/x86_64-linux-gnu/libpulse.so.0.13.5
7ff358e6a000-7ff358e6b000 r--p 00046000 08:16 1055774                    /usr/lib/x86_64-linux-gnu/libpulse.so.0.13.5
7ff358e6b000-7ff358e6c000 rw-p 00047000 08:16 1055774                    /usr/lib/x86_64-linux-gnu/libpulse.so.0.13.5
7ff3590c4000-7ff3597c4000 rw-s 19078000 00:05 9165                       /dev/ati/card0
7ff3597c4000-7ff3597ff000 r-xp 00000000 08:16 1054638                    /usr/lib/fglrx/libatiadlxx.so
7ff3597ff000-7ff3598ff000 ---p 0003b000 08:16 1054638                    /usr/lib/fglrx/libatiadlxx.so
7ff3598ff000-7ff359908000 rw-p 0003b000 08:16 1054638                    /usr/lib/fglrx/libatiadlxx.so
7ff359908000-7ff359919000 rw-p 00000000 00:00 0 
7ff359919000-7ff359920000 r-xp 00000000 08:16 1054658                    /usr/lib/fglrx/libatiuki.so.1.0
7ff359920000-7ff359a20000 ---p 00007000 08:16 1054658                    /usr/lib/fglrx/libatiuki.so.1.0
7ff359a20000-7ff359a21000 rw-p 00007000 08:16 1054658                    /usr/lib/fglrx/libatiuki.so.1.0
7ff359a21000-7ff359a22000 rw-p 00000000 00:00 0 
7ff359a22000-7ff359ae5000 r-xp 00000000 08:16 1054665                    /usr/lib/fglrx/libGL.so.1.2
7ff359ae5000-7ff359be4000 ---p 000c3000 08:16 1054665                    /usr/lib/fglrx/libGL.so.1.2
7ff359be4000-7ff359c0b000 rwxp 000c2000 08:16 1054665                    /usr/lib/fglrx/libGL.so.1.2
7ff359c0b000-7ff359c2b000 rwxp 00000000 00:00 0 
7ff359c2b000-7ff359c2f000 r-xp 00000000 08:16 1056049                    /usr/lib/x86_64-linux-gnu/libXxf86vm.so.1.0.0
7ff359c2f000-7ff359e2e000 ---p 00004000 08:16 1056049                    /usr/lib/x86_64-linux-gnu/libXxf86vm.so.1.0.0
7ff359e2e000-7ff359e2f000 r--p 00003000 08:16 1056049                    /usr/lib/x86_64-linux-gnu/libXxf86vm.so.1.0.0
7ff359e2f000-7ff359e30000 rw-p 00004000 08:16 1056049                    /usr/lib/x86_64-linux-gnu/libXxf86vm.so.1.0.0
7ff359e30000-7ff359e96000 r-xp 00000000 08:16 3673310                    /home/relissa/.jme3/natives_9a0c8f4d/liblwjgl64.so
7ff359e96000-7ff35a096000 ---p 00066000 08:16 3673310                    /home/relissa/.jme3/natives_9a0c8f4d/liblwjgl64.so
7ff35a096000-7ff35a098000 r--p 00066000 08:16 3673310                    /home/relissa/.jme3/natives_9a0c8f4d/liblwjgl64.so
7ff35a098000-7ff35a099000 rw-p 00068000 08:16 3673310                    /home/relissa/.jme3/natives_9a0c8f4d/liblwjgl64.so
7ff35a099000-7ff35a09a000 r-xp 00000000 08:16 3544578                    /usr/lib/jvm/java-7-openjdk-amd64/jre/lib/amd64/libjawt.so
7ff35a09a000-7ff35a299000 ---p 00001000 08:16 3544578                    /usr/lib/jvm/java-7-openjdk-amd64/jre/lib/amd64/libjawt.so
7ff35a299000-7ff35a29a000 r--p 00000000 08:16 3544578                    /usr/lib/jvm/java-7-openjdk-amd64/jre/lib/amd64/libjawt.so
7ff35a29a000-7ff35a29b000 rw-p 00001000 08:16 3544578                    /usr/lib/jvm/java-7-openjdk-amd64/jre/lib/amd64/libjawt.so
7ff35a29b000-7ff35a29e000 ---p 00000000 00:00 0 
7ff35a29e000-7ff35a39c000 rw-p 00000000 00:00 0 
7ff35a39c000-7ff35a3ac000 r-xp 00000000 08:16 3544571                    /usr/lib/jvm/java-7-openjdk-amd64/jre/lib/amd64/libnio.so
7ff35a3ac000-7ff35a5ab000 ---p 00010000 08:16 3544571                    /usr/lib/jvm/java-7-openjdk-amd64/jre/lib/amd64/libnio.so
7ff35a5ab000-7ff35a5ac000 r--p 0000f000 08:16 3544571                    /usr/lib/jvm/java-7-openjdk-amd64/jre/lib/amd64/libnio.so
7ff35a5ac000-7ff35a5ad000 rw-p 00010000 08:16 3544571                    /usr/lib/jvm/java-7-openjdk-amd64/jre/lib/amd64/libnio.so
7ff35a5ad000-7ff35a5c3000 r-xp 00000000 08:16 3544572                    /usr/lib/jvm/java-7-openjdk-amd64/jre/lib/amd64/libnet.so
7ff35a5c3000-7ff35a7c3000 ---p 00016000 08:16 3544572                    /usr/lib/jvm/java-7-openjdk-amd64/jre/lib/amd64/libnet.so
7ff35a7c3000-7ff35a7c4000 r--p 00016000 08:16 3544572                    /usr/lib/jvm/java-7-openjdk-amd64/jre/lib/amd64/libnet.so
7ff35a7c4000-7ff35a7c5000 rw-p 00017000 08:16 3544572                    /usr/lib/jvm/java-7-openjdk-amd64/jre/lib/amd64/libnet.so
7ff35a7c5000-7ff35a800000 r-xp 00000000 08:16 3544568                    /usr/lib/jvm/java-7-openjdk-amd64/jre/lib/amd64/libfontmanager.so
7ff35a800000-7ff35a9ff000 ---p 0003b000 08:16 3544568                    /usr/lib/jvm/java-7-openjdk-amd64/jre/lib/amd64/libfontmanager.so
7ff35a9ff000-7ff35aa01000 r--p 0003a000 08:16 3544568                    /usr/lib/jvm/java-7-openjdk-amd64/jre/lib/amd64/libfontmanager.so
7ff35aa01000-7ff35aa02000 rw-p 0003c000 08:16 3544568                    /usr/lib/jvm/java-7-openjdk-amd64/jre/lib/amd64/libfontmanager.so
7ff35aa02000-7ff35aa05000 ---p 00000000 00:00 0 
7ff35aa05000-7ff35ab03000 rw-p 00000000 00:00 0 
7ff35ab03000-7ff35ab06000 ---p 00000000 00:00 0 
7ff35ab06000-7ff35ac04000 rw-p 00000000 00:00 0 
7ff35ac04000-7ff35ac07000 ---p 00000000 00:00 0 
7ff35ac07000-7ff35ad05000 rw-p 00000000 00:00 0 
7ff35ad05000-7ff35ad08000 ---p 00000000 00:00 0 
7ff35ad08000-7ff35ae06000 rw-p 00000000 00:00 0 
7ff35ae06000-7ff35ae09000 ---p 00000000 00:00 0 
7ff35ae09000-7ff35af07000 rw-p 00000000 00:00 0 
7ff35af07000-7ff35af0a000 r-xp 00000000 08:16 5246606                    /lib/x86_64-linux-gnu/libgpg-error.so.0.8.0
7ff35af0a000-7ff35b109000 ---p 00003000 08:16 5246606                    /lib/x86_64-linux-gnu/libgpg-error.so.0.8.0
7ff35b109000-7ff35b10a000 r--p 00002000 08:16 5246606                    /lib/x86_64-linux-gnu/libgpg-error.so.0.8.0
7ff35b10a000-7ff35b10b000 rw-p 00003000 08:16 5246606                    /lib/x86_64-linux-gnu/libgpg-error.so.0.8.0
7ff35b10b000-7ff35b10e000 r-xp 00000000 08:16 5246610                    /lib/x86_64-linux-gnu/libkeyutils.so.1.4
7ff35b10e000-7ff35b30d000 ---p 00003000 08:16 5246610                    /lib/x86_64-linux-gnu/libkeyutils.so.1.4
7ff35b30d000-7ff35b30e000 r--p 00002000 08:16 5246610                    /lib/x86_64-linux-gnu/libkeyutils.so.1.4
7ff35b30e000-7ff35b30f000 rw-p 00003000 08:16 5246610                    /lib/x86_64-linux-gnu/libkeyutils.so.1.4
7ff35b30f000-7ff35b351000 r-xp 00000000 08:16 5246591                    /lib/x86_64-linux-gnu/libdbus-1.so.3.5.8
7ff35b351000-7ff35b551000 ---p 00042000 08:16 5246591                    /lib/x86_64-linux-gnu/libdbus-1.so.3.5.8
7ff35b551000-7ff35b552000 r--p 00042000 08:16 5246591                    /lib/x86_64-linux-gnu/libdbus-1.so.3.5.8
7ff35b552000-7ff35b553000 rw-p 00043000 08:16 5246591                    /lib/x86_64-linux-gnu/libdbus-1.so.3.5.8
7ff35b553000-7ff35b564000 r-xp 00000000 08:16 1056424                    /usr/lib/x86_64-linux-gnu/libp11-kit.so.0.0.0
7ff35b564000-7ff35b763000 ---p 00011000 08:16 1056424                    /usr/lib/x86_64-linux-gnu/libp11-kit.so.0.0.0
7ff35b763000-7ff35b764000 r--p 00010000 08:16 1056424                    /usr/lib/x86_64-linux-gnu/libp11-kit.so.0.0.0
7ff35b764000-7ff35b765000 rw-p 00011000 08:16 1056424                    /usr/lib/x86_64-linux-gnu/libp11-kit.so.0.0.0
7ff35b765000-7ff35b7df000 r-xp 00000000 08:16 5246882                    /lib/x86_64-linux-gnu/libgcrypt.so.11.7.0
7ff35b7df000-7ff35b9df000 ---p 0007a000 08:16 5246882                    /lib/x86_64-linux-gnu/libgcrypt.so.11.7.0
7ff35b9df000-7ff35b9e0000 r--p 0007a000 08:16 5246882                    /lib/x86_64-linux-gnu/libgcrypt.so.11.7.0
7ff35b9e0000-7ff35b9e3000 rw-p 0007b000 08:16 5246882                    /lib/x86_64-linux-gnu/libgcrypt.so.11.7.0
7ff35b9e3000-7ff35b9f3000 r-xp 00000000 08:16 1061093                    /usr/lib/x86_64-linux-gnu/libtasn1.so.3.1.12
7ff35b9f3000-7ff35bbf2000 ---p 00010000 08:16 1061093                    /usr/lib/x86_64-linux-gnu/libtasn1.so.3.1.12
7ff35bbf2000-7ff35bbf3000 r--p 0000f000 08:16 1061093                    /usr/lib/x86_64-linux-gnu/libtasn1.so.3.1.12
7ff35bbf3000-7ff35bbf4000 rw-p 00010000 08:16 1061093                    /usr/lib/x86_64-linux-gnu/libtasn1.so.3.1.12
7ff35bbf4000-7ff35bbfb000 r-xp 00000000 08:16 1052728                    /usr/lib/x86_64-linux-gnu/libkrb5support.so.0.1
7ff35bbfb000-7ff35bdfa000 ---p 00007000 08:16 1052728                    /usr/lib/x86_64-linux-gnu/libkrb5support.so.0.1
7ff35bdfa000-7ff35bdfb000 r--p 00006000 08:16 1052728                    /usr/lib/x86_64-linux-gnu/libkrb5support.so.0.1
7ff35bdfb000-7ff35bdfc000 rw-p 00007000 08:16 1052728                    /usr/lib/x86_64-linux-gnu/libkrb5support.so.0.1
7ff35bdfc000-7ff35bdff000 r-xp 00000000 08:16 5246586                    /lib/x86_64-linux-gnu/libcom_err.so.2.1
7ff35bdff000-7ff35bffe000 ---p 00003000 08:16 5246586                    /lib/x86_64-linux-gnu/libcom_err.so.2.1
7ff35bffe000-7ff35bfff000 r--p 00002000 08:16 5246586                    /lib/x86_64-linux-gnu/libcom_err.so.2.1
7ff35bfff000-7ff35c000000 rw-p 00003000 08:16 5246586                    /lib/x86_64-linux-gnu/libcom_err.so.2.1
7ff35c000000-7ff35c0b4000 rw-p 00000000 00:00 0 
7ff35c0b4000-7ff360000000 ---p 00000000 00:00 0 
7ff3600ac000-7ff3600d1000 r-xp 00000000 08:16 1052714                    /usr/lib/x86_64-linux-gnu/libk5crypto.so.3.1
7ff3600d1000-7ff3602d1000 ---p 00025000 08:16 1052714                    /usr/lib/x86_64-linux-gnu/libk5crypto.so.3.1
7ff3602d1000-7ff3602d2000 r--p 00025000 08:16 1052714                    /usr/lib/x86_64-linux-gnu/libk5crypto.so.3.1
7ff3602d2000-7ff3602d3000 rw-p 00026000 08:16 1052714                    /usr/lib/x86_64-linux-gnu/libk5crypto.so.3.1
7ff3602d3000-7ff3602d4000 rw-p 00000000 00:00 0 
7ff3602d4000-7ff360398000 r-xp 00000000 08:16 1052724                    /usr/lib/x86_64-linux-gnu/libkrb5.so.3.3
7ff360398000-7ff360597000 ---p 000c4000 08:16 1052724                    /usr/lib/x86_64-linux-gnu/libkrb5.so.3.3
7ff360597000-7ff3605a1000 r--p 000c3000 08:16 1052724                    /usr/lib/x86_64-linux-gnu/libkrb5.so.3.3
7ff3605a1000-7ff3605a2000 rw-p 000cd000 08:16 1052724                    /usr/lib/x86_64-linux-gnu/libkrb5.so.3.3
7ff3605a2000-7ff3605aa000 r-xp 00000000 08:16 1056599                    /usr/lib/x86_64-linux-gnu/libxcb-render.so.0.0.0
7ff3605aa000-7ff3607aa000 ---p 00008000 08:16 1056599                    /usr/lib/x86_64-linux-gnu/libxcb-render.so.0.0.0
7ff3607aa000-7ff3607ab000 r--p 00008000 08:16 1056599                    /usr/lib/x86_64-linux-gnu/libxcb-render.so.0.0.0
7ff3607ab000-7ff3607ac000 rw-p 00009000 08:16 1056599                    /usr/lib/x86_64-linux-gnu/libxcb-render.so.0.0.0
7ff3607ac000-7ff3607ae000 r-xp 00000000 08:16 1056603                    /usr/lib/x86_64-linux-gnu/libxcb-shm.so.0.0.0
7ff3607ae000-7ff3609ad000 ---p 00002000 08:16 1056603                    /usr/lib/x86_64-linux-gnu/libxcb-shm.so.0.0.0
7ff3609ad000-7ff3609ae000 r--p 00001000 08:16 1056603                    /usr/lib/x86_64-linux-gnu/libxcb-shm.so.0.0.0
7ff3609ae000-7ff3609af000 rw-p 00002000 08:16 1056603                    /usr/lib/x86_64-linux-gnu/libxcb-shm.so.0.0.0
7ff3609af000-7ff3609d5000 r-xp 00000000 08:16 5246656                    /lib/x86_64-linux-gnu/libpng12.so.0.46.0
7ff3609d5000-7ff360bd5000 ---p 00026000 08:16 5246656                    /lib/x86_64-linux-gnu/libpng12.so.0.46.0
7ff360bd5000-7ff360bd6000 r--p 00026000 08:16 5246656                    /lib/x86_64-linux-gnu/libpng12.so.0.46.0
7ff360bd6000-7ff360bd7000 rw-p 00027000 08:16 5246656                    /lib/x86_64-linux-gnu/libpng12.so.0.46.0
7ff360bd7000-7ff360c58000 r-xp 00000000 08:16 1056450                    /usr/lib/x86_64-linux-gnu/libpixman-1.so.0.24.4
7ff360c58000-7ff360e57000 ---p 00081000 08:16 1056450                    /usr/lib/x86_64-linux-gnu/libpixman-1.so.0.24.4
7ff360e57000-7ff360e5d000 r--p 00080000 08:16 1056450                    /usr/lib/x86_64-linux-gnu/libpixman-1.so.0.24.4
7ff360e5d000-7ff360e5e000 rw-p 00086000 08:16 1056450                    /usr/lib/x86_64-linux-gnu/libpixman-1.so.0.24.4
7ff360e5e000-7ff360e63000 r-xp 00000000 08:16 1056019                    /usr/lib/x86_64-linux-gnu/libXdmcp.so.6.0.0
7ff360e63000-7ff361062000 ---p 00005000 08:16 1056019                    /usr/lib/x86_64-linux-gnu/libXdmcp.so.6.0.0
7ff361062000-7ff361063000 r--p 00004000 08:16 1056019                    /usr/lib/x86_64-linux-gnu/libXdmcp.so.6.0.0
7ff361063000-7ff361064000 rw-p 00005000 08:16 1056019                    /usr/lib/x86_64-linux-gnu/libXdmcp.so.6.0.0
7ff361064000-7ff361066000 r-xp 00000000 08:16 1056008                    /usr/lib/x86_64-linux-gnu/libXau.so.6.0.0
7ff361066000-7ff361265000 ---p 00002000 08:16 1056008                    /usr/lib/x86_64-linux-gnu/libXau.so.6.0.0
7ff361265000-7ff361266000 r--p 00001000 08:16 1056008                    /usr/lib/x86_64-linux-gnu/libXau.so.6.0.0
7ff361266000-7ff361267000 rw-p 00002000 08:16 1056008                    /usr/lib/x86_64-linux-gnu/libXau.so.6.0.0
7ff361267000-7ff361277000 r-xp 00000000 08:16 1056075                    /usr/lib/x86_64-linux-gnu/libavahi-client.so.3.2.9
7ff361277000-7ff361476000 ---p 00010000 08:16 1056075                    /usr/lib/x86_64-linux-gnu/libavahi-client.so.3.2.9
7ff361476000-7ff361477000 r--p 0000f000 08:16 1056075                    /usr/lib/x86_64-linux-gnu/libavahi-client.so.3.2.9
7ff361477000-7ff361478000 rw-p 00010000 08:16 1056075                    /usr/lib/x86_64-linux-gnu/libavahi-client.so.3.2.9
7ff361478000-7ff361483000 r-xp 00000000 08:16 1056077                    /usr/lib/x86_64-linux-gnu/libavahi-common.so.3.5.3
7ff361483000-7ff361682000 ---p 0000b000 08:16 1056077                    /usr/lib/x86_64-linux-gnu/libavahi-common.so.3.5.3
7ff361682000-7ff361683000 r--p 0000a000 08:16 1056077                    /usr/lib/x86_64-linux-gnu/libavahi-common.so.3.5.3
7ff361683000-7ff361684000 rw-p 0000b000 08:16 1056077                    /usr/lib/x86_64-linux-gnu/libavahi-common.so.3.5.3
7ff361684000-7ff361738000 r-xp 00000000 08:16 1056248                    /usr/lib/x86_64-linux-gnu/libgnutls.so.26.21.8
7ff361738000-7ff361938000 ---p 000b4000 08:16 1056248                    /usr/lib/x86_64-linux-gnu/libgnutls.so.26.21.8
7ff361938000-7ff36193e000 r--p 000b4000 08:16 1056248                    /usr/lib/x86_64-linux-gnu/libgnutls.so.26.21.8
7ff36193e000-7ff36193f000 rw-p 000ba000 08:16 1056248                    /usr/lib/x86_64-linux-gnu/libgnutls.so.26.21.8
7ff36193f000-7ff361940000 rw-p 00000000 00:00 0 
7ff361940000-7ff36197b000 r-xp 00000000 08:16 1052718                    /usr/lib/x86_64-linux-gnu/libgssapi_krb5.so.2.2
7ff36197b000-7ff361b7b000 ---p 0003b000 08:16 1052718                    /usr/lib/x86_64-linux-gnu/libgssapi_krb5.so.2.2
7ff361b7b000-7ff361b7c000 r--p 0003b000 08:16 1052718                    /usr/lib/x86_64-linux-gnu/libgssapi_krb5.so.2.2
7ff361b7c000-7ff361b7e000 rw-p 0003c000 08:16 1052718                    /usr/lib/x86_64-linux-gnu/libgssapi_krb5.so.2.2
7ff361b7e000-7ff361bba000 r-xp 00000000 08:16 5246652                    /lib/x86_64-linux-gnu/libpcre.so.3.12.1
7ff361bba000-7ff361db9000 ---p 0003c000 08:16 5246652                    /lib/x86_64-linux-gnu/libpcre.so.3.12.1
7ff361db9000-7ff361dba000 r--p 0003b000 08:16 5246652                    /lib/x86_64-linux-gnu/libpcre.so.3.12.1
7ff361dba000-7ff361dbb000 rw-p 0003c000 08:16 5246652                    /lib/x86_64-linux-gnu/libpcre.so.3.12.1
7ff361dbb000-7ff361dc2000 r-xp 00000000 08:16 1056193                    /usr/lib/x86_64-linux-gnu/libffi.so.6.0.0
7ff361dc2000-7ff361fc1000 ---p 00007000 08:16 1056193                    /usr/lib/x86_64-linux-gnu/libffi.so.6.0.0
7ff361fc1000-7ff361fc2000 r--p 00006000 08:16 1056193                    /usr/lib/x86_64-linux-gnu/libffi.so.6.0.0
7ff361fc2000-7ff361fc3000 rw-p 00007000 08:16 1056193                    /usr/lib/x86_64-linux-gnu/libffi.so.6.0.0
7ff361fc3000-7ff361fea000 r-xp 00000000 08:16 5246597                    /lib/x86_64-linux-gnu/libexpat.so.1.5.2
7ff361fea000-7ff3621ea000 ---p 00027000 08:16 5246597                    /lib/x86_64-linux-gnu/libexpat.so.1.5.2
7ff3621ea000-7ff3621ec000 r--p 00027000 08:16 5246597                    /lib/x86_64-linux-gnu/libexpat.so.1.5.2
7ff3621ec000-7ff3621ed000 rw-p 00029000 08:16 5246597                    /lib/x86_64-linux-gnu/libexpat.so.1.5.2
7ff3621ed000-7ff362283000 r-xp 00000000 08:16 1056201                    /usr/lib/x86_64-linux-gnu/libfreetype.so.6.8.0
7ff362283000-7ff362482000 ---p 00096000 08:16 1056201                    /usr/lib/x86_64-linux-gnu/libfreetype.so.6.8.0
7ff362482000-7ff362488000 r--p 00095000 08:16 1056201                    /usr/lib/x86_64-linux-gnu/libfreetype.so.6.8.0
7ff362488000-7ff362489000 rw-p 0009b000 08:16 1056201                    /usr/lib/x86_64-linux-gnu/libfreetype.so.6.8.0
7ff362489000-7ff3624a1000 r-xp 00000000 08:16 5246663                    /lib/x86_64-linux-gnu/libresolv-2.15.so
7ff3624a1000-7ff3626a1000 ---p 00018000 08:16 5246663                    /lib/x86_64-linux-gnu/libresolv-2.15.so
7ff3626a1000-7ff3626a2000 r--p 00018000 08:16 5246663                    /lib/x86_64-linux-gnu/libresolv-2.15.so
7ff3626a2000-7ff3626a3000 rw-p 00019000 08:16 5246663                    /lib/x86_64-linux-gnu/libresolv-2.15.so
7ff3626a3000-7ff3626a5000 rw-p 00000000 00:00 0 
7ff3626a5000-7ff3626c2000 r-xp 00000000 08:16 5246667                    /lib/x86_64-linux-gnu/libselinux.so.1
7ff3626c2000-7ff3628c1000 ---p 0001d000 08:16 5246667                    /lib/x86_64-linux-gnu/libselinux.so.1
7ff3628c1000-7ff3628c2000 r--p 0001c000 08:16 5246667                    /lib/x86_64-linux-gnu/libselinux.so.1
7ff3628c2000-7ff3628c3000 rw-p 0001d000 08:16 5246667                    /lib/x86_64-linux-gnu/libselinux.so.1
7ff3628c3000-7ff3628c4000 rw-p 00000000 00:00 0 
7ff3628c4000-7ff3628c7000 r-xp 00000000 08:16 1056240                    /usr/lib/x86_64-linux-gnu/libgmodule-2.0.so.0.3200.1
7ff3628c7000-7ff362ac6000 ---p 00003000 08:16 1056240                    /usr/lib/x86_64-linux-gnu/libgmodule-2.0.so.0.3200.1
7ff362ac6000-7ff362ac7000 r--p 00002000 08:16 1056240                    /usr/lib/x86_64-linux-gnu/libgmodule-2.0.so.0.3200.1
7ff362ac7000-7ff362ac8000 rw-p 00003000 08:16 1056240                    /usr/lib/x86_64-linux-gnu/libgmodule-2.0.so.0.3200.1
7ff362ac8000-7ff362aca000 r-xp 00000000 08:16 1056017                    /usr/lib/x86_64-linux-gnu/libXdamage.so.1.1.0
7ff362aca000-7ff362cc9000 ---p 00002000 08:16 1056017                    /usr/lib/x86_64-linux-gnu/libXdamage.so.1.1.0
7ff362cc9000-7ff362cca000 r--p 00001000 08:16 1056017                    /usr/lib/x86_64-linux-gnu/libXdamage.so.1.1.0
7ff362cca000-7ff362ccb000 rw-p 00002000 08:16 1056017                    /usr/lib/x86_64-linux-gnu/libXdamage.so.1.1.0
7ff362ccb000-7ff362ccd000 r-xp 00000000 08:16 1056013                    /usr/lib/x86_64-linux-gnu/libXcomposite.so.1.0.0
7ff362ccd000-7ff362ecc000 ---p 00002000 08:16 1056013                    /usr/lib/x86_64-linux-gnu/libXcomposite.so.1.0.0
7ff362ecc000-7ff362ecd000 r--p 00001000 08:16 1056013                    /usr/lib/x86_64-linux-gnu/libXcomposite.so.1.0.0
7ff362ecd000-7ff362ece000 rw-p 00002000 08:16 1056013                    /usr/lib/x86_64-linux-gnu/libXcomposite.so.1.0.0
7ff362ece000-7ff362ed7000 r-xp 00000000 08:16 1056015                    /usr/lib/x86_64-linux-gnu/libXcursor.so.1.0.2
7ff362ed7000-7ff3630d6000 ---p 00009000 08:16 1056015                    /usr/lib/x86_64-linux-gnu/libXcursor.so.1.0.2
7ff3630d6000-7ff3630d7000 r--p 00008000 08:16 1056015                    /usr/lib/x86_64-linux-gnu/libXcursor.so.1.0.2
7ff3630d7000-7ff3630d8000 rw-p 00009000 08:16 1056015                    /usr/lib/x86_64-linux-gnu/libXcursor.so.1.0.2
7ff3630d8000-7ff3630e0000 r-xp 00000000 08:16 1056039                    /usr/lib/x86_64-linux-gnu/libXrandr.so.2.2.0
7ff3630e0000-7ff3632df000 ---p 00008000 08:16 1056039                    /usr/lib/x86_64-linux-gnu/libXrandr.so.2.2.0
7ff3632df000-7ff3632e0000 r--p 00007000 08:16 1056039                    /usr/lib/x86_64-linux-gnu/libXrandr.so.2.2.0
7ff3632e0000-7ff3632e1000 rw-p 00008000 08:16 1056039                    /usr/lib/x86_64-linux-gnu/libXrandr.so.2.2.0
7ff3632e1000-7ff3632e3000 r-xp 00000000 08:16 1056029                    /usr/lib/x86_64-linux-gnu/libXinerama.so.1.0.0
7ff3632e3000-7ff3634e2000 ---p 00002000 08:16 1056029                    /usr/lib/x86_64-linux-gnu/libXinerama.so.1.0.0
7ff3634e2000-7ff3634e3000 r--p 00001000 08:16 1056029                    /usr/lib/x86_64-linux-gnu/libXinerama.so.1.0.0
7ff3634e3000-7ff3634e4000 rw-p 00002000 08:16 1056029                    /usr/lib/x86_64-linux-gnu/libXinerama.so.1.0.0
7ff3634e4000-7ff36350d000 r-xp 00000000 08:16 1056434                    /usr/lib/x86_64-linux-gnu/libpangoft2-1.0.so.0.3000.0
7ff36350d000-7ff36370c000 ---p 00029000 08:16 1056434                    /usr/lib/x86_64-linux-gnu/libpangoft2-1.0.so.0.3000.0
7ff36370c000-7ff36370d000 r--p 00028000 08:16 1056434                    /usr/lib/x86_64-linux-gnu/libpangoft2-1.0.so.0.3000.0
7ff36370d000-7ff36370e000 rw-p 00029000 08:16 1056434                    /usr/lib/x86_64-linux-gnu/libpangoft2-1.0.so.0.3000.0
7ff36370e000-7ff3637c7000 r-xp 00000000 08:16 1055379                    /usr/lib/x86_64-linux-gnu/libcairo.so.2.11000.2
7ff3637c7000-7ff3639c6000 ---p 000b9000 08:16 1055379                    /usr/lib/x86_64-linux-gnu/libcairo.so.2.11000.2
7ff3639c6000-7ff3639c8000 r--p 000b8000 08:16 1055379                    /usr/lib/x86_64-linux-gnu/libcairo.so.2.11000.2
7ff3639c8000-7ff3639c9000 rw-p 000ba000 08:16 1055379                    /usr/lib/x86_64-linux-gnu/libcairo.so.2.11000.2
7ff3639c9000-7ff3639cc000 rw-p 00000000 00:00 0 
7ff3639cc000-7ff3639eb000 r-xp 00000000 08:16 1056067                    /usr/lib/x86_64-linux-gnu/libatk-1.0.so.0.20409.1
7ff3639eb000-7ff363beb000 ---p 0001f000 08:16 1056067                    /usr/lib/x86_64-linux-gnu/libatk-1.0.so.0.20409.1
7ff363beb000-7ff363bed000 r--p 0001f000 08:16 1056067                    /usr/lib/x86_64-linux-gnu/libatk-1.0.so.0.20409.1
7ff363bed000-7ff363bee000 rw-p 00021000 08:16 1056067                    /usr/lib/x86_64-linux-gnu/libatk-1.0.so.0.20409.1
7ff363bee000-7ff363bf3000 r-xp 00000000 08:16 1056023                    /usr/lib/x86_64-linux-gnu/libXfixes.so.3.1.0
7ff363bf3000-7ff363df2000 ---p 00005000 08:16 1056023                    /usr/lib/x86_64-linux-gnu/libXfixes.so.3.1.0
7ff363df2000-7ff363df3000 r--p 00004000 08:16 1056023                    /usr/lib/x86_64-linux-gnu/libXfixes.so.3.1.0
7ff363df3000-7ff363df4000 rw-p 00005000 08:16 1056023                    /usr/lib/x86_64-linux-gnu/libXfixes.so.3.1.0
7ff363df4000-7ff363dff000 r-xp 00000000 08:16 1056432                    /usr/lib/x86_64-linux-gnu/libpangocairo-1.0.so.0.3000.0
7ff363dff000-7ff363ffe000 ---p 0000b000 08:16 1056432                    /usr/lib/x86_64-linux-gnu/libpangocairo-1.0.so.0.3000.0
7ff363ffe000-7ff363fff000 r--p 0000a000 08:16 1056432                    /usr/lib/x86_64-linux-gnu/libpangocairo-1.0.so.0.3000.0
7ff363fff000-7ff364000000 rw-p 0000b000 08:16 1056432                    /usr/lib/x86_64-linux-gnu/libpangocairo-1.0.so.0.3000.0
7ff364000000-7ff3643df000 rw-p 00000000 00:00 0 
7ff3643df000-7ff368000000 ---p 00000000 00:00 0 
7ff368000000-7ff3680ab000 rw-p 00000000 00:00 0 
7ff3680ab000-7ff36c000000 ---p 00000000 00:00 0 
7ff36c000000-7ff36c021000 rw-p 00000000 00:00 0 
7ff36c021000-7ff370000000 ---p 00000000 00:00 0 
7ff370000000-7ff3703fd000 rw-p 00000000 00:00 0 
7ff3703fd000-7ff374000000 ---p 00000000 00:00 0 
7ff374000000-7ff374021000 rw-p 00000000 00:00 0 
7ff374021000-7ff378000000 ---p 00000000 00:00 0 
7ff378000000-7ff378021000 rw-p 00000000 00:00 0 
7ff378021000-7ff37c000000 ---p 00000000 00:00 0 
7ff37c000000-7ff37c021000 rw-p 00000000 00:00 0 
7ff37c021000-7ff380000000 ---p 00000000 00:00 0 
7ff380000000-7ff380021000 rw-p 00000000 00:00 0 
7ff380021000-7ff384000000 ---p 00000000 00:00 0 
7ff38403c000-7ff384043000 r--s 00000000 08:16 1314519                    /usr/lib/x86_64-linux-gnu/gconv/gconv-modules.cache
7ff384043000-7ff384053000 rw-s fe9f0000 00:05 9165                       /dev/ati/card0
7ff384053000-7ff384056000 ---p 00000000 00:00 0 
7ff384056000-7ff38406d000 rw-p 00000000 00:00 0 
7ff38406d000-7ff38406e000 r--s 00000000 08:16 1843619                    /var/cache/fontconfig/c05880de57d1f5e948fdfacc138775d9-le64.cache-3
7ff38406e000-7ff384077000 r--s 00000000 08:16 1843614                    /var/cache/fontconfig/945677eb7aeaf62f1d50efc3fb3ec7d8-le64.cache-3
7ff384077000-7ff384079000 r--s 00000000 08:16 1843615                    /var/cache/fontconfig/99e8ed0e538f840c565b6ed5dad60d56-le64.cache-3
7ff384079000-7ff384081000 r--s 00000000 08:16 1846703                    /var/cache/fontconfig/a6d8cf8e4ec09cdbc8633c31745a07dd-le64.cache-3
7ff384081000-7ff384085000 r--s 00000000 08:16 1843601                    /var/cache/fontconfig/2cd17615ca594fa2959ae173292e504c-le64.cache-3
7ff384085000-7ff384086000 r--s 00000000 08:16 1843626                    /var/cache/fontconfig/e7071f4a29fa870f4323321c154eba04-le64.cache-3
7ff384086000-7ff384087000 r--s 00000000 08:16 1843599                    /var/cache/fontconfig/0d8c3b2ac0904cb8a57a757ad11a4a08-le64.cache-3
7ff384087000-7ff38408d000 r--s 00000000 08:16 1843616                    /var/cache/fontconfig/a755afe4a08bf5b97852ceb7400b47bc-le64.cache-3
7ff38408d000-7ff38408e000 r--s 00000000 08:16 1846509                    /var/cache/fontconfig/5a76b20910bc01daa5b6abd117531ab8-le64.cache-3
7ff38408e000-7ff384097000 r--s 00000000 08:16 1847215                    /var/cache/fontconfig/6d41288fd70b0be22e8c3a91e032eec0-le64.cache-3
7ff384097000-7ff3840a7000 r--s 00000000 08:16 1843598                    /var/cache/fontconfig/04aabc0a78ac019cf9454389977116d2-le64.cache-3
7ff3840a7000-7ff3840aa000 r--s 00000000 08:16 1843604                    /var/cache/fontconfig/385c0604a188198f04d133e54aba7fe7-le64.cache-3
7ff3840aa000-7ff3840ab000 r--s 00000000 08:16 1841789                    /var/cache/fontconfig/4794a0821666d79190d59a36cb4f44b5-le64.cache-3
7ff3840ab000-7ff3840ae000 r--s 00000000 08:16 1843613                    /var/cache/fontconfig/8801497958630a81b71ace7c5f9b32a8-le64.cache-3
7ff3840ae000-7ff3840dc000 r--s 00000000 08:16 1846701                    /var/cache/fontconfig/365b55f210c0a22e9a19e35191240f32-le64.cache-3
7ff3840dc000-7ff3840e1000 r--s 00000000 08:16 1843602                    /var/cache/fontconfig/3047814df9a2f067bd2d96a2b9c36e5a-le64.cache-3
7ff3840e1000-7ff3840e6000 r--s 00000000 08:16 1843617                    /var/cache/fontconfig/b47c4e1ecd0709278f4910c18777a504-le64.cache-3
7ff3840e6000-7ff3840e9000 ---p 00000000 00:00 0 
7ff3840e9000-7ff3841e7000 rw-p 00000000 00:00 0 
7ff3841e7000-7ff384204000 r-xp 00000000 08:16 1056607                    /usr/lib/x86_64-linux-gnu/libxcb.so.1.1.0
7ff384204000-7ff384403000 ---p 0001d000 08:16 1056607                    /usr/lib/x86_64-linux-gnu/libxcb.so.1.1.0
7ff384403000-7ff384404000 r--p 0001c000 08:16 1056607                    /usr/lib/x86_64-linux-gnu/libxcb.so.1.1.0
7ff384404000-7ff384405000 rw-p 0001d000 08:16 1056607                    /usr/lib/x86_64-linux-gnu/libxcb.so.1.1.0
7ff384405000-7ff384455000 r-xp 00000000 08:16 1061164                    /usr/lib/x86_64-linux-gnu/libcups.so.2
7ff384455000-7ff384654000 ---p 00050000 08:16 1061164                    /usr/lib/x86_64-linux-gnu/libcups.so.2
7ff384654000-7ff384658000 r--p 0004f000 08:16 1061164                    /usr/lib/x86_64-linux-gnu/libcups.so.2
7ff384658000-7ff384659000 rw-p 00053000 08:16 1061164                    /usr/lib/x86_64-linux-gnu/libcups.so.2
7ff384659000-7ff38474b000 r-xp 00000000 08:16 5246604                    /lib/x86_64-linux-gnu/libglib-2.0.so.0.3200.1
7ff38474b000-7ff38494b000 ---p 000f2000 08:16 5246604                    /lib/x86_64-linux-gnu/libglib-2.0.so.0.3200.1
7ff38494b000-7ff38494c000 r--p 000f2000 08:16 5246604                    /lib/x86_64-linux-gnu/libglib-2.0.so.0.3200.1
7ff38494c000-7ff38494d000 rw-p 000f3000 08:16 5246604                    /lib/x86_64-linux-gnu/libglib-2.0.so.0.3200.1
7ff38494d000-7ff38494e000 rw-p 00000000 00:00 0 
7ff38494e000-7ff38494f000 r-xp 00000000 08:16 1056309                    /usr/lib/x86_64-linux-gnu/libgthread-2.0.so.0.3200.1
7ff38494f000-7ff384b4e000 ---p 00001000 08:16 1056309                    /usr/lib/x86_64-linux-gnu/libgthread-2.0.so.0.3200.1
7ff384b4e000-7ff384b4f000 r--p 00000000 08:16 1056309                    /usr/lib/x86_64-linux-gnu/libgthread-2.0.so.0.3200.1
7ff384b4f000-7ff384b50000 rw-p 00001000 08:16 1056309                    /usr/lib/x86_64-linux-gnu/libgthread-2.0.so.0.3200.1
7ff384b50000-7ff384b9d000 r-xp 00000000 08:16 1056254                    /usr/lib/x86_64-linux-gnu/libgobject-2.0.so.0.3200.1
7ff384b9d000-7ff384d9d000 ---p 0004d000 08:16 1056254                    /usr/lib/x86_64-linux-gnu/libgobject-2.0.so.0.3200.1
7ff384d9d000-7ff384d9e000 r--p 0004d000 08:16 1056254                    /usr/lib/x86_64-linux-gnu/libgobject-2.0.so.0.3200.1
7ff384d9e000-7ff384d9f000 rw-p 0004e000 08:16 1056254                    /usr/lib/x86_64-linux-gnu/libgobject-2.0.so.0.3200.1
7ff384d9f000-7ff384dd3000 r-xp 00000000 08:16 1056195                    /usr/lib/x86_64-linux-gnu/libfontconfig.so.1.4.4
7ff384dd3000-7ff384fd3000 ---p 00034000 08:16 1056195                    /usr/lib/x86_64-linux-gnu/libfontconfig.so.1.4.4
7ff384fd3000-7ff384fd4000 r--p 00034000 08:16 1056195                    /usr/lib/x86_64-linux-gnu/libfontconfig.so.1.4.4
7ff384fd4000-7ff384fd5000 rw-p 00035000 08:16 1056195                    /usr/lib/x86_64-linux-gnu/libfontconfig.so.1.4.4
7ff384fd5000-7ff38501b000 r-xp 00000000 08:16 1056430                    /usr/lib/x86_64-linux-gnu/libpango-1.0.so.0.3000.0
7ff38501b000-7ff38521b000 ---p 00046000 08:16 1056430                    /usr/lib/x86_64-linux-gnu/libpango-1.0.so.0.3000.0
7ff38521b000-7ff38521d000 r--p 00046000 08:16 1056430                    /usr/lib/x86_64-linux-gnu/libpango-1.0.so.0.3000.0
7ff38521d000-7ff38521e000 rw-p 00048000 08:16 1056430                    /usr/lib/x86_64-linux-gnu/libpango-1.0.so.0.3000.0
7ff38521e000-7ff38523c000 r-xp 00000000 08:16 1056220                    /usr/lib/x86_64-linux-gnu/libgdk_pixbuf-2.0.so.0.2600.1
7ff38523c000-7ff38543c000 ---p 0001e000 08:16 1056220                    /usr/lib/x86_64-linux-gnu/libgdk_pixbuf-2.0.so.0.2600.1
7ff38543c000-7ff38543d000 r--p 0001e000 08:16 1056220                    /usr/lib/x86_64-linux-gnu/libgdk_pixbuf-2.0.so.0.2600.1
7ff38543d000-7ff38543e000 rw-p 0001f000 08:16 1056220                    /usr/lib/x86_64-linux-gnu/libgdk_pixbuf-2.0.so.0.2600.1
7ff38543e000-7ff385586000 r-xp 00000000 08:16 1056230                    /usr/lib/x86_64-linux-gnu/libgio-2.0.so.0.3200.1
7ff385586000-7ff385785000 ---p 00148000 08:16 1056230                    /usr/lib/x86_64-linux-gnu/libgio-2.0.so.0.3200.1
7ff385785000-7ff385789000 r--p 00147000 08:16 1056230                    /usr/lib/x86_64-linux-gnu/libgio-2.0.so.0.3200.1
7ff385789000-7ff38578b000 rw-p 0014b000 08:16 1056230                    /usr/lib/x86_64-linux-gnu/libgio-2.0.so.0.3200.1
7ff38578b000-7ff38578d000 rw-p 00000000 00:00 0 
7ff38578d000-7ff38583a000 r-xp 00000000 08:16 1056218                    /usr/lib/x86_64-linux-gnu/libgdk-x11-2.0.so.0.2400.10
7ff38583a000-7ff385a39000 ---p 000ad000 08:16 1056218                    /usr/lib/x86_64-linux-gnu/libgdk-x11-2.0.so.0.2400.10
7ff385a39000-7ff385a3d000 r--p 000ac000 08:16 1056218                    /usr/lib/x86_64-linux-gnu/libgdk-x11-2.0.so.0.2400.10
7ff385a3d000-7ff385a3f000 rw-p 000b0000 08:16 1056218                    /usr/lib/x86_64-linux-gnu/libgdk-x11-2.0.so.0.2400.10
7ff385a3f000-7ff385e6c000 r-xp 00000000 08:16 1056313                    /usr/lib/x86_64-linux-gnu/libgtk-x11-2.0.so.0.2400.10
7ff385e6c000-7ff38606c000 ---p 0042d000 08:16 1056313                    /usr/lib/x86_64-linux-gnu/libgtk-x11-2.0.so.0.2400.10
7ff38606c000-7ff386073000 r--p 0042d000 08:16 1056313                    /usr/lib/x86_64-linux-gnu/libgtk-x11-2.0.so.0.2400.10
7ff386073000-7ff386077000 rw-p 00434000 08:16 1056313                    /usr/lib/x86_64-linux-gnu/libgtk-x11-2.0.so.0.2400.10
7ff386077000-7ff386079000 rw-p 00000000 00:00 0 
7ff386079000-7ff386087000 r-xp 00000000 08:16 1056027                    /usr/lib/x86_64-linux-gnu/libXi.so.6.1.0
7ff386087000-7ff386286000 ---p 0000e000 08:16 1056027                    /usr/lib/x86_64-linux-gnu/libXi.so.6.1.0
7ff386286000-7ff386287000 r--p 0000d000 08:16 1056027                    /usr/lib/x86_64-linux-gnu/libXi.so.6.1.0
7ff386287000-7ff386288000 rw-p 0000e000 08:16 1056027                    /usr/lib/x86_64-linux-gnu/libXi.so.6.1.0
7ff386288000-7ff38628d000 r-xp 00000000 08:16 1056045                    /usr/lib/x86_64-linux-gnu/libXtst.so.6.1.0
7ff38628d000-7ff38648c000 ---p 00005000 08:16 1056045                    /usr/lib/x86_64-linux-gnu/libXtst.so.6.1.0
7ff38648c000-7ff38648d000 r--p 00004000 08:16 1056045                    /usr/lib/x86_64-linux-gnu/libXtst.so.6.1.0
7ff38648d000-7ff38648e000 rw-p 00005000 08:16 1056045                    /usr/lib/x86_64-linux-gnu/libXtst.so.6.1.0
7ff38648e000-7ff386497000 r-xp 00000000 08:16 1056041                    /usr/lib/x86_64-linux-gnu/libXrender.so.1.3.0
7ff386497000-7ff386696000 ---p 00009000 08:16 1056041                    /usr/lib/x86_64-linux-gnu/libXrender.so.1.3.0
7ff386696000-7ff386697000 r--p 00008000 08:16 1056041                    /usr/lib/x86_64-linux-gnu/libXrender.so.1.3.0
7ff386697000-7ff386698000 rw-p 00009000 08:16 1056041                    /usr/lib/x86_64-linux-gnu/libXrender.so.1.3.0
7ff386698000-7ff3867c7000 r-xp 00000000 08:16 1056006                    /usr/lib/x86_64-linux-gnu/libX11.so.6.3.0
7ff3867c7000-7ff3869c7000 ---p 0012f000 08:16 1056006                    /usr/lib/x86_64-linux-gnu/libX11.so.6.3.0
7ff3869c7000-7ff3869c8000 r--p 0012f000 08:16 1056006                    /usr/lib/x86_64-linux-gnu/libX11.so.6.3.0
7ff3869c8000-7ff3869cc000 rw-p 00130000 08:16 1056006                    /usr/lib/x86_64-linux-gnu/libX11.so.6.3.0
7ff3869cc000-7ff3869dc000 r-xp 00000000 08:16 1056021                    /usr/lib/x86_64-linux-gnu/libXext.so.6.4.0
7ff3869dc000-7ff386bdb000 ---p 00010000 08:16 1056021                    /usr/lib/x86_64-linux-gnu/libXext.so.6.4.0
7ff386bdb000-7ff386bdc000 r--p 0000f000 08:16 1056021                    /usr/lib/x86_64-linux-gnu/libXext.so.6.4.0
7ff386bdc000-7ff386bdd000 rw-p 00010000 08:16 1056021                    /usr/lib/x86_64-linux-gnu/libXext.so.6.4.0
7ff386bdd000-7ff386c33000 r-xp 00000000 08:16 3544819                    /usr/lib/jvm/java-7-openjdk-amd64/jre/lib/amd64/xawt/libmawt.so
7ff386c33000-7ff386e32000 ---p 00056000 08:16 3544819                    /usr/lib/jvm/java-7-openjdk-amd64/jre/lib/amd64/xawt/libmawt.so
7ff386e32000-7ff386e33000 r--p 00055000 08:16 3544819                    /usr/lib/jvm/java-7-openjdk-amd64/jre/lib/amd64/xawt/libmawt.so
7ff386e33000-7ff386e36000 rw-p 00056000 08:16 3544819                    /usr/lib/jvm/java-7-openjdk-amd64/jre/lib/amd64/xawt/libmawt.so
7ff386e36000-7ff386e37000 rw-p 00000000 00:00 0 
7ff386e37000-7ff386ee5000 r-xp 00000000 08:16 3544588                    /usr/lib/jvm/java-7-openjdk-amd64/jre/lib/amd64/libawt.so
7ff386ee5000-7ff3870e4000 ---p 000ae000 08:16 3544588                    /usr/lib/jvm/java-7-openjdk-amd64/jre/lib/amd64/libawt.so
7ff3870e4000-7ff3870e5000 r--p 000ad000 08:16 3544588                    /usr/lib/jvm/java-7-openjdk-amd64/jre/lib/amd64/libawt.so
7ff3870e5000-7ff3870f0000 rw-p 000ae000 08:16 3544588                    /usr/lib/jvm/java-7-openjdk-amd64/jre/lib/amd64/libawt.so
7ff3870f0000-7ff387115000 rw-p 00000000 00:00 0 
7ff387115000-7ff387116000 ---p 00000000 00:00 0 
7ff387116000-7ff387216000 rw-p 00000000 00:00 0 
7ff387216000-7ff387219000 ---p 00000000 00:00 0 
7ff387219000-7ff387317000 rw-p 00000000 00:00 0 
7ff387317000-7ff38731a000 ---p 00000000 00:00 0 
7ff38731a000-7ff387418000 rw-p 00000000 00:00 0 
7ff387418000-7ff38741b000 ---p 00000000 00:00 0 
7ff38741b000-7ff387519000 rw-p 00000000 00:00 0 
7ff387519000-7ff38751c000 ---p 00000000 00:00 0 
7ff38751c000-7ff38761a000 rw-p 00000000 00:00 0 
7ff38761a000-7ff387cfd000 r--p 00000000 08:16 1055298                    /usr/lib/locale/locale-archive
7ff387cfd000-7ff387d00000 ---p 00000000 00:00 0 
7ff387d00000-7ff387dfe000 rw-p 00000000 00:00 0 
7ff387dfe000-7ff387e01000 ---p 00000000 00:00 0 
7ff387e01000-7ff387eff000 rw-p 00000000 00:00 0 
7ff387eff000-7ff387f00000 ---p 00000000 00:00 0 
7ff387f00000-7ff388000000 rw-p 00000000 00:00 0 
7ff388000000-7ff388021000 rw-p 00000000 00:00 0 
7ff388021000-7ff38c000000 ---p 00000000 00:00 0 
7ff38c000000-7ff38c001000 rw-p 00000000 00:00 0 
7ff38c001000-7ff38c009000 r--s 00000000 08:16 1846702                    /var/cache/fontconfig/52f7bdb7ce746bfd7eaa1985bd9cfa93-le64.cache-3
7ff38c009000-7ff38c019000 r--s 00000000 08:16 1843622                    /var/cache/fontconfig/d52a8644073d54c13679302ca1180695-le64.cache-3
7ff38c019000-7ff38c01f000 r--s 00000000 08:16 1846508                    /var/cache/fontconfig/3f7329c5293ffd510edef78f73874cfd-le64.cache-3
7ff38c01f000-7ff38c022000 r--s 00000000 08:16 1842402                    /var/cache/fontconfig/e13b20fdb08344e0e664864cc2ede53d-le64.cache-3
7ff38c022000-7ff38c026000 r--s 00000000 08:16 1846742                    /var/cache/fontconfig/7ef2298fde41cc6eeb7af42e48b7d293-le64.cache-3
7ff38c026000-7ff38c02f000 r--s 00263000 08:16 1050329                    /usr/lib/jvm/java-7-openjdk-common/jre/lib/resources.jar
7ff38c02f000-7ff38c030000 r--s 00006000 08:16 3676784                    /home/relissa/jmonkeyplatform/jmonkeyplatform/libs/noise-0.0.1-SNAPSHOT.jar
7ff38c030000-7ff38c033000 r--s 0001a000 08:16 3677188                    /home/relissa/jmonkeyplatform/jmonkeyplatform/libs/xmlpull-xpp3.jar
7ff38c033000-7ff38c035000 r--s 0003c000 08:16 3677429                    /home/relissa/jmonkeyplatform/jmonkeyplatform/libs/vecmath.jar
7ff38c035000-7ff38c036000 r--s 0000b000 08:16 3677222                    /home/relissa/jmonkeyplatform/jmonkeyplatform/libs/stack-alloc.jar
7ff38c036000-7ff38c038000 r--s 0000d000 08:16 3676956                    /home/relissa/jmonkeyplatform/jmonkeyplatform/libs/nifty-style-black.jar
7ff38c038000-7ff38c03e000 r--s 00030000 08:16 3676642                    /home/relissa/jmonkeyplatform/jmonkeyplatform/libs/nifty-default-controls.jar
7ff38c03e000-7ff38c048000 r--s 0006a000 08:16 3677370                    /home/relissa/jmonkeyplatform/jmonkeyplatform/libs/nifty.jar
7ff38c048000-7ff38c3b7000 rw-p 00000000 00:00 0 
7ff38c3b7000-7ff38c566000 r--s 03e91000 08:16 3544596                    /usr/lib/jvm/java-7-openjdk-amd64/jre/lib/rt.jar
7ff38c566000-7ff38c567000 ---p 00000000 00:00 0 
7ff38c567000-7ff38c667000 rw-p 00000000 00:00 0 
7ff38c667000-7ff38c668000 ---p 00000000 00:00 0 
7ff38c668000-7ff38c773000 rw-p 00000000 00:00 0 
7ff38c773000-7ff38c7bb000 rw-p 00000000 00:00 0 
7ff38c7bb000-7ff38c7c6000 rw-p 00000000 00:00 0 
7ff38c7c6000-7ff38c80e000 rw-p 00000000 00:00 0 
7ff38c80e000-7ff38c822000 rw-p 00000000 00:00 0 
7ff38c822000-7ff38c942000 rw-p 00000000 00:00 0 
7ff38c942000-7ff38c94d000 rw-p 00000000 00:00 0 
7ff38c94d000-7ff38c9dd000 rw-p 00000000 00:00 0 
7ff38c9dd000-7ff38c9de000 rw-p 00000000 00:00 0 
7ff38c9de000-7ff38cc4e000 rwxp 00000000 00:00 0 
7ff38cc4e000-7ff38f9de000 rw-p 00000000 00:00 0 
7ff38f9de000-7ff38f9e6000 r-xp 00000000 08:16 3544581                    /usr/lib/jvm/java-7-openjdk-amd64/jre/lib/amd64/libzip.so
7ff38f9e6000-7ff38fbe5000 ---p 00008000 08:16 3544581                    /usr/lib/jvm/java-7-openjdk-amd64/jre/lib/amd64/libzip.so
7ff38fbe5000-7ff38fbe6000 r--p 00007000 08:16 3544581                    /usr/lib/jvm/java-7-openjdk-amd64/jre/lib/amd64/libzip.so
7ff38fbe6000-7ff38fbe7000 rw-p 00008000 08:16 3544581                    /usr/lib/jvm/java-7-openjdk-amd64/jre/lib/amd64/libzip.so
7ff38fbe7000-7ff38fbf3000 r-xp 00000000 08:16 5246630                    /lib/x86_64-linux-gnu/libnss_files-2.15.so
7ff38fbf3000-7ff38fdf2000 ---p 0000c000 08:16 5246630                    /lib/x86_64-linux-gnu/libnss_files-2.15.so
7ff38fdf2000-7ff38fdf3000 r--p 0000b000 08:16 5246630                    /lib/x86_64-linux-gnu/libnss_files-2.15.so
7ff38fdf3000-7ff38fdf4000 rw-p 0000c000 08:16 5246630                    /lib/x86_64-linux-gnu/libnss_files-2.15.so
7ff38fdf4000-7ff38fdfe000 r-xp 00000000 08:16 5246634                    /lib/x86_64-linux-gnu/libnss_nis-2.15.so
7ff38fdfe000-7ff38fffe000 ---p 0000a000 08:16 5246634                    /lib/x86_64-linux-gnu/libnss_nis-2.15.so
7ff38fffe000-7ff38ffff000 r--p 0000a000 08:16 5246634                    /lib/x86_64-linux-gnu/libnss_nis-2.15.so
7ff38ffff000-7ff390000000 rw-p 0000b000 08:16 5246634                    /lib/x86_64-linux-gnu/libnss_nis-2.15.so
7ff390000000-7ff39033b000 rw-p 00000000 00:00 0 
7ff39033b000-7ff394000000 ---p 00000000 00:00 0 
7ff394000000-7ff394002000 rw-s 19074000 00:05 9165                       /dev/ati/card0
7ff394002000-7ff394004000 r--s 00012000 08:16 3677292                    /home/relissa/jmonkeyplatform/jmonkeyplatform/libs/eventbus.jar
7ff394004000-7ff394011000 r--s 000d2000 08:16 3677369                    /home/relissa/jmonkeyplatform/jmonkeyplatform/libs/lwjgl.jar
7ff394011000-7ff394015000 r--s 00030000 08:16 3677346                    /home/relissa/jmonkeyplatform/jmonkeyplatform/libs/jinput.jar
7ff394015000-7ff39401f000 r--s 00079000 08:16 3677317                    /home/relissa/jmonkeyplatform/jmonkeyplatform/libs/jbullet.jar
7ff39401f000-7ff394020000 r--s 001f3000 08:16 3676914                    /home/relissa/jmonkeyplatform/jmonkeyplatform/libs/jME3-lwjgl-natives.jar
7ff394020000-7ff394021000 r--s 00009000 08:16 3677159                    /home/relissa/jmonkeyplatform/jmonkeyplatform/libs/j-ogg-vorbisd.jar
7ff394021000-7ff394023000 r--s 00005000 08:16 3677249                    /home/relissa/jmonkeyplatform/jmonkeyplatform/libs/j-ogg-oggd.jar
7ff394023000-7ff394026000 r--s 00020000 08:16 3677185                    /home/relissa/jmonkeyplatform/jmonkeyplatform/libs/jME3-jbullet.jar
7ff394026000-7ff394062000 rw-p 00000000 00:00 0 
7ff394062000-7ff394183000 rw-p 00000000 00:00 0 
7ff394183000-7ff39419a000 r-xp 00000000 08:16 5246624                    /lib/x86_64-linux-gnu/libnsl-2.15.so
7ff39419a000-7ff394399000 ---p 00017000 08:16 5246624                    /lib/x86_64-linux-gnu/libnsl-2.15.so
7ff394399000-7ff39439a000 r--p 00016000 08:16 5246624                    /lib/x86_64-linux-gnu/libnsl-2.15.so
7ff39439a000-7ff39439b000 rw-p 00017000 08:16 5246624                    /lib/x86_64-linux-gnu/libnsl-2.15.so
7ff39439b000-7ff39439d000 rw-p 00000000 00:00 0 
7ff39439d000-7ff3943a5000 r-xp 00000000 08:16 5246626                    /lib/x86_64-linux-gnu/libnss_compat-2.15.so
7ff3943a5000-7ff3945a4000 ---p 00008000 08:16 5246626                    /lib/x86_64-linux-gnu/libnss_compat-2.15.so
7ff3945a4000-7ff3945a5000 r--p 00007000 08:16 5246626                    /lib/x86_64-linux-gnu/libnss_compat-2.15.so
7ff3945a5000-7ff3945a6000 rw-p 00008000 08:16 5246626                    /lib/x86_64-linux-gnu/libnss_compat-2.15.so
7ff3945a6000-7ff3945cd000 r-xp 00000000 08:16 3544563                    /usr/lib/jvm/java-7-openjdk-amd64/jre/lib/amd64/libjava.so
7ff3945cd000-7ff3947cc000 ---p 00027000 08:16 3544563                    /usr/lib/jvm/java-7-openjdk-amd64/jre/lib/amd64/libjava.so
7ff3947cc000-7ff3947cd000 r--p 00026000 08:16 3544563                    /usr/lib/jvm/java-7-openjdk-amd64/jre/lib/amd64/libjava.so
7ff3947cd000-7ff3947cf000 rw-p 00027000 08:16 3544563                    /usr/lib/jvm/java-7-openjdk-amd64/jre/lib/amd64/libjava.so
7ff3947cf000-7ff3947dd000 r-xp 00000000 08:16 3544574                    /usr/lib/jvm/java-7-openjdk-amd64/jre/lib/amd64/libverify.so
7ff3947dd000-7ff3949dc000 ---p 0000e000 08:16 3544574                    /usr/lib/jvm/java-7-openjdk-amd64/jre/lib/amd64/libverify.so
7ff3949dc000-7ff3949de000 r--p 0000d000 08:16 3544574                    /usr/lib/jvm/java-7-openjdk-amd64/jre/lib/amd64/libverify.so
7ff3949de000-7ff3949df000 rw-p 0000f000 08:16 3544574                    /usr/lib/jvm/java-7-openjdk-amd64/jre/lib/amd64/libverify.so
7ff3949df000-7ff3949e6000 r-xp 00000000 08:16 5246665                    /lib/x86_64-linux-gnu/librt-2.15.so
7ff3949e6000-7ff394be5000 ---p 00007000 08:16 5246665                    /lib/x86_64-linux-gnu/librt-2.15.so
7ff394be5000-7ff394be6000 r--p 00006000 08:16 5246665                    /lib/x86_64-linux-gnu/librt-2.15.so
7ff394be6000-7ff394be7000 rw-p 00007000 08:16 5246665                    /lib/x86_64-linux-gnu/librt-2.15.so
7ff394be7000-7ff394bfc000 r-xp 00000000 08:16 5246600                    /lib/x86_64-linux-gnu/libgcc_s.so.1
7ff394bfc000-7ff394dfb000 ---p 00015000 08:16 5246600                    /lib/x86_64-linux-gnu/libgcc_s.so.1
7ff394dfb000-7ff394dfc000 r--p 00014000 08:16 5246600                    /lib/x86_64-linux-gnu/libgcc_s.so.1
7ff394dfc000-7ff394dfd000 rw-p 00015000 08:16 5246600                    /lib/x86_64-linux-gnu/libgcc_s.so.1
7ff394dfd000-7ff394ef6000 r-xp 00000000 08:16 5246611                    /lib/x86_64-linux-gnu/libm-2.15.so
7ff394ef6000-7ff3950f5000 ---p 000f9000 08:16 5246611                    /lib/x86_64-linux-gnu/libm-2.15.so
7ff3950f5000-7ff3950f6000 r--p 000f8000 08:16 5246611                    /lib/x86_64-linux-gnu/libm-2.15.so
7ff3950f6000-7ff3950f7000 rw-p 000f9000 08:16 5246611                    /lib/x86_64-linux-gnu/libm-2.15.so
7ff3950f7000-7ff3951d9000 r-xp 00000000 08:16 1056535                    /usr/lib/x86_64-linux-gnu/libstdc++.so.6.0.16
7ff3951d9000-7ff3953d8000 ---p 000e2000 08:16 1056535                    /usr/lib/x86_64-linux-gnu/libstdc++.so.6.0.16
7ff3953d8000-7ff3953e0000 r--p 000e1000 08:16 1056535                    /usr/lib/x86_64-linux-gnu/libstdc++.so.6.0.16
7ff3953e0000-7ff3953e2000 rw-p 000e9000 08:16 1056535                    /usr/lib/x86_64-linux-gnu/libstdc++.so.6.0.16
7ff3953e2000-7ff3953f7000 rw-p 00000000 00:00 0 
7ff3953f7000-7ff395d8a000 r-xp 00000000 08:16 3544559                    /usr/lib/jvm/java-7-openjdk-amd64/jre/lib/amd64/server/libjvm.so
7ff395d8a000-7ff395f8a000 ---p 00993000 08:16 3544559                    /usr/lib/jvm/java-7-openjdk-amd64/jre/lib/amd64/server/libjvm.so
7ff395f8a000-7ff396004000 r--p 00993000 08:16 3544559                    /usr/lib/jvm/java-7-openjdk-amd64/jre/lib/amd64/server/libjvm.so
7ff396004000-7ff396026000 rw-p 00a0d000 08:16 3544559                    /usr/lib/jvm/java-7-openjdk-amd64/jre/lib/amd64/server/libjvm.so
7ff396026000-7ff396051000 rw-p 00000000 00:00 0 
7ff396051000-7ff396069000 r-xp 00000000 08:16 5246659                    /lib/x86_64-linux-gnu/libpthread-2.15.so
7ff396069000-7ff396268000 ---p 00018000 08:16 5246659                    /lib/x86_64-linux-gnu/libpthread-2.15.so
7ff396268000-7ff396269000 r--p 00017000 08:16 5246659                    /lib/x86_64-linux-gnu/libpthread-2.15.so
7ff396269000-7ff39626a000 rw-p 00018000 08:16 5246659                    /lib/x86_64-linux-gnu/libpthread-2.15.so
7ff39626a000-7ff39626e000 rw-p 00000000 00:00 0 
7ff39626e000-7ff396284000 r-xp 00000000 08:16 5246690                    /lib/x86_64-linux-gnu/libz.so.1.2.3.4
7ff396284000-7ff396483000 ---p 00016000 08:16 5246690                    /lib/x86_64-linux-gnu/libz.so.1.2.3.4
7ff396483000-7ff396484000 r--p 00015000 08:16 5246690                    /lib/x86_64-linux-gnu/libz.so.1.2.3.4
7ff396484000-7ff396485000 rw-p 00016000 08:16 5246690                    /lib/x86_64-linux-gnu/libz.so.1.2.3.4
7ff396485000-7ff396487000 r-xp 00000000 08:16 5246592                    /lib/x86_64-linux-gnu/libdl-2.15.so
7ff396487000-7ff396687000 ---p 00002000 08:16 5246592                    /lib/x86_64-linux-gnu/libdl-2.15.so
7ff396687000-7ff396688000 r--p 00002000 08:16 5246592                    /lib/x86_64-linux-gnu/libdl-2.15.so
7ff396688000-7ff396689000 rw-p 00003000 08:16 5246592                    /lib/x86_64-linux-gnu/libdl-2.15.so
7ff396689000-7ff39683c000 r-xp 00000000 08:16 5246579                    /lib/x86_64-linux-gnu/libc-2.15.so
7ff39683c000-7ff396a3b000 ---p 001b3000 08:16 5246579                    /lib/x86_64-linux-gnu/libc-2.15.so
7ff396a3b000-7ff396a3f000 r--p 001b2000 08:16 5246579                    /lib/x86_64-linux-gnu/libc-2.15.so
7ff396a3f000-7ff396a41000 rw-p 001b6000 08:16 5246579                    /lib/x86_64-linux-gnu/libc-2.15.so
7ff396a41000-7ff396a46000 rw-p 00000000 00:00 0 
7ff396a46000-7ff396a52000 r-xp 00000000 08:16 3544565                    /usr/lib/jvm/java-7-openjdk-amd64/jre/lib/amd64/jli/libjli.so
7ff396a52000-7ff396c52000 ---p 0000c000 08:16 3544565                    /usr/lib/jvm/java-7-openjdk-amd64/jre/lib/amd64/jli/libjli.so
7ff396c52000-7ff396c53000 r--p 0000c000 08:16 3544565                    /usr/lib/jvm/java-7-openjdk-amd64/jre/lib/amd64/jli/libjli.so
7ff396c53000-7ff396c54000 rw-p 0000d000 08:16 3544565                    /usr/lib/jvm/java-7-openjdk-amd64/jre/lib/amd64/jli/libjli.so
7ff396c54000-7ff396c76000 r-xp 00000000 08:16 5246559                    /lib/x86_64-linux-gnu/ld-2.15.so
7ff396c76000-7ff396c77000 rw-s 19077000 00:05 9165                       /dev/ati/card0
7ff396c77000-7ff396c92000 r--s 00228000 08:16 3677111                    /home/relissa/jmonkeyplatform/jmonkeyplatform/libs/jMonkeyEngine3.jar
7ff396c92000-7ff396c9c000 rw-p 00000000 00:00 0 
7ff396c9c000-7ff396d52000 rw-p 00000000 00:00 0 
7ff396d52000-7ff396d55000 ---p 00000000 00:00 0 
7ff396d55000-7ff396e58000 rw-p 00000000 00:00 0 
7ff396e58000-7ff396e59000 r--s 00000000 08:16 1843607                    /var/cache/fontconfig/56cf4f4769d0f4abc89a4895d7bd3ae1-le64.cache-3
7ff396e59000-7ff396e5a000 r--s 00000000 08:16 1843618                    /var/cache/fontconfig/b9d506c9ac06c20b433354fa67a72993-le64.cache-3
7ff396e5a000-7ff396e5d000 r--s 00032000 08:16 1050313                    /usr/lib/jvm/java-7-openjdk-common/jre/lib/ext/sunjce_provider.jar
7ff396e5d000-7ff396e5f000 r--s 00012000 08:16 1050314                    /usr/lib/jvm/java-7-openjdk-common/jre/lib/ext/zipfs.jar
7ff396e5f000-7ff396e60000 r--s 00002000 08:16 1050311                    /usr/lib/jvm/java-7-openjdk-common/jre/lib/ext/dnsns.jar
7ff396e60000-7ff396e63000 r--s 00085000 08:16 1050312                    /usr/lib/jvm/java-7-openjdk-common/jre/lib/ext/localedata.jar
7ff396e63000-7ff396e66000 r--s 0000f000 08:16 1050315                    /usr/lib/jvm/java-7-openjdk-common/jre/lib/ext/pulse-java.jar
7ff396e66000-7ff396e67000 r--s 00007000 08:16 1453403                    /usr/share/java/java-atk-wrapper.jar
7ff396e67000-7ff396e6a000 r--s 0003c000 08:16 1050310                    /usr/lib/jvm/java-7-openjdk-common/jre/lib/ext/sunpkcs11.jar
7ff396e6a000-7ff396e72000 rw-s 00000000 08:16 4063324                    /tmp/hsperfdata_relissa/6944 (deleted)
7ff396e72000-7ff396e73000 rw-p 00000000 00:00 0 
7ff396e73000-7ff396e74000 ---p 00000000 00:00 0 
7ff396e74000-7ff396e76000 rw-p 00000000 00:00 0 
7ff396e76000-7ff396e77000 r--p 00022000 08:16 5246559                    /lib/x86_64-linux-gnu/ld-2.15.so
7ff396e77000-7ff396e79000 rw-p 00023000 08:16 5246559                    /lib/x86_64-linux-gnu/ld-2.15.so
7fff9b5b9000-7fff9b5da000 rw-p 00000000 00:00 0                          [stack]
7fff9b5ff000-7fff9b600000 r-xp 00000000 00:00 0                          [vdso]
ffffffffff600000-ffffffffff601000 r-xp 00000000 00:00 0                  [vsyscall]

VM Arguments:
jvm_args: -Dfile.encoding=UTF-8 
java_command: OCLP.Main
Launcher Type: SUN_STANDARD

Environment Variables:
PATH=/usr/lib/lightdm/lightdm:/usr/local/sbin:/usr/local/bin:/usr/sbin:/usr/bin:/sbin:/bin:/usr/games
SHELL=/bin/bash
DISPLAY=:0

Signal Handlers:
SIGSEGV: [libjvm.so+0x8065e0], sa_mask[0]=0x7ffbfeff, sa_flags=0x10000004
SIGBUS: [libjvm.so+0x8065e0], sa_mask[0]=0x7ffbfeff, sa_flags=0x10000004
SIGFPE: [libjvm.so+0x6ac6d0], sa_mask[0]=0x7ffbfeff, sa_flags=0x10000004
SIGPIPE: [libjvm.so+0x6ac6d0], sa_mask[0]=0x7ffbfeff, sa_flags=0x10000004
SIGXFSZ: [libjvm.so+0x6ac6d0], sa_mask[0]=0x7ffbfeff, sa_flags=0x10000004
SIGILL: [libjvm.so+0x6ac6d0], sa_mask[0]=0x7ffbfeff, sa_flags=0x10000004
SIGUSR1: SIG_DFL, sa_mask[0]=0x00000000, sa_flags=0x00000000
SIGUSR2: [libjvm.so+0x6acaa0], sa_mask[0]=0x00000004, sa_flags=0x10000004
SIGHUP: [libjvm.so+0x6acbe0], sa_mask[0]=0x7ffbfeff, sa_flags=0x10000004
SIGINT: SIG_IGN, sa_mask[0]=0x00000000, sa_flags=0x00000000
SIGTERM: [libjvm.so+0x6acbe0], sa_mask[0]=0x7ffbfeff, sa_flags=0x10000004
SIGQUIT: [libjvm.so+0x6acbe0], sa_mask[0]=0x7ffbfeff, sa_flags=0x10000004


---------------  S Y S T E M  ---------------

OS:Ubuntu 12.04 (precise)
uname:Linux 3.2.0-24-generic #39-Ubuntu SMP Mon May 21 16:52:17 UTC 2012 x86_64
libc:glibc 2.15 NPTL 2.15 
rlimit: STACK 8192k, CORE 0k, NPROC 28916, NOFILE 4096, AS infinity
load average:2.66 2.13 1.77

/proc/meminfo:
MemTotal:        3791568 kB
MemFree:          850644 kB
Buffers:          119440 kB
Cached:          1269568 kB
SwapCached:          448 kB
Active:          1660088 kB
Inactive:         953916 kB
Active(anon):    1005912 kB
Inactive(anon):   234408 kB
Active(file):     654176 kB
Inactive(file):   719508 kB
Unevictable:           0 kB
Mlocked:               0 kB
SwapTotal:        999420 kB
SwapFree:         997980 kB
Dirty:               392 kB
Writeback:             0 kB
AnonPages:       1224584 kB
Mapped:           222772 kB
Shmem:             15324 kB
Slab:             143248 kB
SReclaimable:     116968 kB
SUnreclaim:        26280 kB
KernelStack:        3088 kB
PageTables:        31688 kB
NFS_Unstable:          0 kB
Bounce:                0 kB
WritebackTmp:          0 kB
CommitLimit:     2895204 kB
Committed_AS:    2778012 kB
VmallocTotal:   34359738367 kB
VmallocUsed:      300648 kB
VmallocChunk:   34359435432 kB
HardwareCorrupted:     0 kB
AnonHugePages:         0 kB
HugePages_Total:       0
HugePages_Free:        0
HugePages_Rsvd:        0
HugePages_Surp:        0
Hugepagesize:       2048 kB
DirectMap4k:     3659264 kB
DirectMap2M:      272384 kB
DirectMap1G:           0 kB


CPU:total 2 (2 cores per cpu, 1 threads per core) family 16 model 6 stepping 2, cmov, cx8, fxsr, mmx, sse, sse2, sse3, popcnt, mmxext, 3dnowpref, lzcnt, sse4a

/proc/cpuinfo:
processor	: 0
vendor_id	: AuthenticAMD
cpu family	: 16
model		: 6
model name	: AMD Athlon(tm) II X2 215 Processor
stepping	: 2
microcode	: 0x100009f
cpu MHz		: 800.000
cache size	: 512 KB
physical id	: 0
siblings	: 2
core id		: 0
cpu cores	: 2
apicid		: 0
initial apicid	: 0
fpu		: yes
fpu_exception	: yes
cpuid level	: 5
wp		: yes
flags		: fpu vme de pse tsc msr pae mce cx8 apic sep mtrr pge mca cmov pat pse36 clflush mmx fxsr sse sse2 ht syscall nx mmxext fxsr_opt pdpe1gb rdtscp lm 3dnowext 3dnow constant_tsc rep_good nopl nonstop_tsc extd_apicid pni monitor cx16 popcnt lahf_lm cmp_legacy svm extapic cr8_legacy abm sse4a misalignsse 3dnowprefetch osvw ibs skinit wdt npt lbrv svm_lock nrip_save
bogomips	: 5400.31
TLB size	: 1024 4K pages
clflush size	: 64
cache_alignment	: 64
address sizes	: 48 bits physical, 48 bits virtual
power management: ts ttp tm stc 100mhzsteps hwpstate

processor	: 1
vendor_id	: AuthenticAMD
cpu family	: 16
model		: 6
model name	: AMD Athlon(tm) II X2 215 Processor
stepping	: 2
microcode	: 0x100009f
cpu MHz		: 2700.000
cache size	: 512 KB
physical id	: 0
siblings	: 2
core id		: 1
cpu cores	: 2
apicid		: 1
initial apicid	: 1
fpu		: yes
fpu_exception	: yes
cpuid level	: 5
wp		: yes
flags		: fpu vme de pse tsc msr pae mce cx8 apic sep mtrr pge mca cmov pat pse36 clflush mmx fxsr sse sse2 ht syscall nx mmxext fxsr_opt pdpe1gb rdtscp lm 3dnowext 3dnow constant_tsc rep_good nopl nonstop_tsc extd_apicid pni monitor cx16 popcnt lahf_lm cmp_legacy svm extapic cr8_legacy abm sse4a misalignsse 3dnowprefetch osvw ibs skinit wdt npt lbrv svm_lock nrip_save
bogomips	: 5386.51
TLB size	: 1024 4K pages
clflush size	: 64
cache_alignment	: 64
address sizes	: 48 bits physical, 48 bits virtual
power management: ts ttp tm stc 100mhzsteps hwpstate



Memory: 4k page, physical 3791568k(850644k free), swap 999420k(997980k free)

vm_info: OpenJDK 64-Bit Server VM (22.0-b10) for linux-amd64 JRE (1.7.0_03-b147), built on May  2 2012 16:57:58 by "buildd" with gcc 4.6.3

time: Sat Jun  9 11:40:46 2012
elapsed time: 30 seconds

