#
# A fatal error has been detected by the Java Runtime Environment:
#
#  SIGSEGV (0xb) at pc=0x00007f59ee9cec58, pid=8959, tid=140024642909952
#
# JRE version: 7.0_03-b147
# Java VM: OpenJDK 64-Bit Server VM (22.0-b10 mixed mode linux-amd64 compressed oops)
# Derivative: IcedTea7 2.1.1pre
# Distribution: Ubuntu 12.04 LTS, package 7~u3-2.1.1~pre1-1ubuntu3
# Problematic frame:
# C  [libX11.so.6+0x33c58]  XQueryExtension+0x28
#
# Failed to write core dump. Core dumps have been disabled. To enable core dumping, try "ulimit -c unlimited" before starting Java again
#
# If you would like to submit a bug report, please include
# instructions on how to reproduce the bug and visit:
#   https://bugs.launchpad.net/ubuntu/+source/openjdk-7/
#

---------------  T H R E A D  ---------------

Current thread is native thread

siginfo:si_signo=SIGSEGV: si_errno=0, si_code=1 (SEGV_MAPERR), si_addr=0xffffffffc00262d8

Registers:
RAX=0x0000000002353ba0, RBX=0xffffffffc0025970, RCX=0x00007fffaf71c538, RDX=0x00007fffaf71c534
RSP=0x00007fffaf71c4d0, RBP=0x00007f59c9dc3932, RSI=0x00007f59c9dc3932, RDI=0xffffffffc0025970
R8 =0x00007fffaf71c53c, R9 =0x0000000000000000, R10=0x00007f5a06d89fa8, R11=0x00007f5a06a0bca0
R12=0x0000000000000000, R13=0x00007f59c9dc3932, R14=0x0000000002353ba0, R15=0x0000000000000000
RIP=0x00007f59ee9cec58, EFLAGS=0x0000000000010202, CSGSFS=0x0000000000000033, ERR=0x0000000000000005
  TRAPNO=0x000000000000000e

Top of Stack: (sp=0x00007fffaf71c4d0)
0x00007fffaf71c4d0:   00007f5a069de790 00007f5a0719e000
0x00007fffaf71c4e0:   00007f5a0639a070 00007f5a0719d000
0x00007fffaf71c4f0:   00000000ffffffff ffffffffc0025970
0x00007fffaf71c500:   00007f59c9dc3932 0000000000000000
0x00007fffaf71c510:   00007f59c9dc3932 0000000002353ba0
0x00007fffaf71c520:   0000000000000000 00007f59ee9c2c55
0x00007fffaf71c530:   00007f5a071be048 00007f59c9efc520
0x00007fffaf71c540:   00007f59c9efc520 ffffffffc0025970
0x00007fffaf71c550:   00007f59c0042d40 00007f59eecdc02b
0x00007fffaf71c560:   00007f5a069de790 0000001100000061
0x00007fffaf71c570:   00007fffaf71c5f0 0000000000000000
0x00007fffaf71c580:   00007fffaf71c5f0 ffffffffc0025970
0x00007fffaf71c590:   0000000000000000 00007f5a071be048
0x00007fffaf71c5a0:   00007f59c9f15d50 00007f59c9d6a119
0x00007fffaf71c5b0:   0000000000000000 0000000000000061
0x00007fffaf71c5c0:   00007fffaf71c5f0 00007fffaf71c610
0x00007fffaf71c5d0:   0000000000000000 00007f5a071be048
0x00007fffaf71c5e0:   00007f59c0028690 00007f59c9d60b42
0x00007fffaf71c5f0:   00007fffaf71c990 00007f59c9dc38b1
0x00007fffaf71c600:   0000000000000061 00007f5a06faa92d
0x00007fffaf71c610:   00007f5a071bf2c8 00007f5a071bf858
0x00007fffaf71c620:   00007f5a071bc6a8 00007f5a00006570
0x00007fffaf71c630:   00007f5a00007080 00007f5a00007580
0x00007fffaf71c640:   00007f5a0000c260 00007f59b41a1d10
0x00007fffaf71c650:   00007f59b4201040 00007f59b41c1d30
0x00007fffaf71c660:   00007f59c0016cf0 00007f59c0015a90
0x00007fffaf71c670:   00007f5a001db120 00007f5a001dff80
0x00007fffaf71c680:   00007f5a001e7690 00007f5a001e7160
0x00007fffaf71c690:   00007f5a001e6c40 00007f5a001ec010
0x00007fffaf71c6a0:   00007f5a001ebb00 00007f5a001ed360
0x00007fffaf71c6b0:   00007f5a001eb600 00007f5a001e6710
0x00007fffaf71c6c0:   00007f5a001ea130 00007f5a001eccd0 

Instructions: (pc=0x00007f59ee9cec58)
0x00007f59ee9cec38:   24 d8 48 89 fb 4c 89 64 24 e0 4c 89 6c 24 e8 48
0x00007f59ee9cec48:   89 f5 4c 89 74 24 f0 4c 89 7c 24 f8 48 83 ec 58
0x00007f59ee9cec58:   48 8b 87 68 09 00 00 49 89 d4 49 89 cd 4d 89 c6
0x00007f59ee9cec68:   48 85 c0 74 02 ff 10 ba 08 00 00 00 be 62 00 00 

Register to memory mapping:

RAX=0x0000000002353ba0 is an unknown value
RBX=0xffffffffc0025970 is an unknown value
RCX=0x00007fffaf71c538 is an unknown value
RDX=0x00007fffaf71c534 is an unknown value
RSP=0x00007fffaf71c4d0 is an unknown value
RBP=0x00007f59c9dc3932: <offset 0x96932> in /usr/lib/fglrx/libGL.so.1 at 0x00007f59c9d2d000
RSI=0x00007f59c9dc3932: <offset 0x96932> in /usr/lib/fglrx/libGL.so.1 at 0x00007f59c9d2d000
RDI=0xffffffffc0025970 is an unknown value
R8 =0x00007fffaf71c53c is an unknown value
R9 =0x0000000000000000 is an unknown value
R10=0x00007f5a06d89fa8: <offset 0x3b9fa8> in /lib/x86_64-linux-gnu/libc.so.6 at 0x00007f5a069d0000
R11=0x00007f5a06a0bca0: __cxa_finalize+0 in /lib/x86_64-linux-gnu/libc.so.6 at 0x00007f5a069d0000
R12=0x0000000000000000 is an unknown value
R13=0x00007f59c9dc3932: <offset 0x96932> in /usr/lib/fglrx/libGL.so.1 at 0x00007f59c9d2d000
R14=0x0000000002353ba0 is an unknown value
R15=0x0000000000000000 is an unknown value


Stack: [0x00007fffaf61e000,0x00007fffaf71e000],  sp=0x00007fffaf71c4d0,  free space=1017k
Native frames: (J=compiled Java code, j=interpreted, Vv=VM code, C=native code)
C  [libX11.so.6+0x33c58]  XQueryExtension+0x28


---------------  P R O C E S S  ---------------

VM state:at safepoint (shutting down)

VM Mutex/Monitor currently owned by a thread:  ([mutex/lock_event])
[0x00007f5a00004940] Threads_lock - owner thread: 0x00007f5a0009b800

Heap
 PSYoungGen      total 17280K, used 14130K [0x00000000ecb60000, 0x00000000edea0000, 0x0000000100000000)
  eden space 14848K, 78% used [0x00000000ecb60000,0x00000000ed6d0b38,0x00000000ed9e0000)
  from space 2432K, 99% used [0x00000000ed9e0000,0x00000000edc3c020,0x00000000edc40000)
  to   space 2432K, 0% used [0x00000000edc40000,0x00000000edc40000,0x00000000edea0000)
 PSOldGen        total 39552K, used 2118K [0x00000000c6200000, 0x00000000c88a0000, 0x00000000ecb60000)
  object space 39552K, 5% used [0x00000000c6200000,0x00000000c6411978,0x00000000c88a0000)
 PSPermGen       total 21248K, used 20414K [0x00000000bbc00000, 0x00000000bd0c0000, 0x00000000c6200000)
  object space 21248K, 96% used [0x00000000bbc00000,0x00000000bcfefbb8,0x00000000bd0c0000)

Code Cache  [0x00007f59fcdf7000, 0x00007f59fd067000, 0x00007f59ffdf7000)
 total_blobs=699 nmethods=96 adapters=556 free_code_cache=48302Kb largest_free_block=49437056

Dynamic libraries:
00400000-00401000 r-xp 00000000 08:16 3544606                            /usr/lib/jvm/java-7-openjdk-amd64/jre/bin/java
00600000-00601000 r--p 00000000 08:16 3544606                            /usr/lib/jvm/java-7-openjdk-amd64/jre/bin/java
00601000-00602000 rw-p 00001000 08:16 3544606                            /usr/lib/jvm/java-7-openjdk-amd64/jre/bin/java
02351000-02372000 rw-p 00000000 00:00 0                                  [heap]
bbc00000-bd0c0000 rw-p 00000000 00:00 0 
bd0c0000-c6200000 rw-p 00000000 00:00 0 
c6200000-c88a0000 rw-p 00000000 00:00 0 
c88a0000-ecb60000 rw-p 00000000 00:00 0 
ecb60000-edea0000 rw-p 00000000 00:00 0 
edea0000-100000000 rw-p 00000000 00:00 0 
7f59b4000000-7f59b4405000 rw-p 00000000 00:00 0 
7f59b4405000-7f59b8000000 ---p 00000000 00:00 0 
7f59b811f000-7f59b815d000 r-xp 00000000 08:16 1056348                    /usr/lib/x86_64-linux-gnu/libjpeg.so.8.0.2
7f59b815d000-7f59b835c000 ---p 0003e000 08:16 1056348                    /usr/lib/x86_64-linux-gnu/libjpeg.so.8.0.2
7f59b835c000-7f59b835d000 r--p 0003d000 08:16 1056348                    /usr/lib/x86_64-linux-gnu/libjpeg.so.8.0.2
7f59b835d000-7f59b835e000 rw-p 0003e000 08:16 1056348                    /usr/lib/x86_64-linux-gnu/libjpeg.so.8.0.2
7f59b835e000-7f59b836e000 rw-p 00000000 00:00 0 
7f59b836e000-7f59b8377000 r-xp 00000000 08:16 3544590                    /usr/lib/jvm/java-7-openjdk-amd64/jre/lib/amd64/libjavajpeg.so
7f59b8377000-7f59b8576000 ---p 00009000 08:16 3544590                    /usr/lib/jvm/java-7-openjdk-amd64/jre/lib/amd64/libjavajpeg.so
7f59b8576000-7f59b8577000 r--p 00008000 08:16 3544590                    /usr/lib/jvm/java-7-openjdk-amd64/jre/lib/amd64/libjavajpeg.so
7f59b8577000-7f59b8578000 rw-p 00009000 08:16 3544590                    /usr/lib/jvm/java-7-openjdk-amd64/jre/lib/amd64/libjavajpeg.so
7f59b8635000-7f59b8636000 ---p 00000000 00:00 0 
7f59b8636000-7f59b8e36000 rw-p 00000000 00:00 0 
7f59b8e36000-7f59b8e37000 ---p 00000000 00:00 0 
7f59b8e37000-7f59b9637000 rw-p 00000000 00:00 0 
7f59b9637000-7f59b9662000 r-xp 00000000 08:16 1056576                    /usr/lib/x86_64-linux-gnu/libvorbis.so.0.4.5
7f59b9662000-7f59b9861000 ---p 0002b000 08:16 1056576                    /usr/lib/x86_64-linux-gnu/libvorbis.so.0.4.5
7f59b9861000-7f59b9862000 r--p 0002a000 08:16 1056576                    /usr/lib/x86_64-linux-gnu/libvorbis.so.0.4.5
7f59b9862000-7f59b9863000 rw-p 0002b000 08:16 1056576                    /usr/lib/x86_64-linux-gnu/libvorbis.so.0.4.5
7f59b9863000-7f59b9b16000 r-xp 00000000 08:16 1056578                    /usr/lib/x86_64-linux-gnu/libvorbisenc.so.2.0.8
7f59b9b16000-7f59b9d15000 ---p 002b3000 08:16 1056578                    /usr/lib/x86_64-linux-gnu/libvorbisenc.so.2.0.8
7f59b9d15000-7f59b9d31000 r--p 002b2000 08:16 1056578                    /usr/lib/x86_64-linux-gnu/libvorbisenc.so.2.0.8
7f59b9d31000-7f59b9d32000 rw-p 002ce000 08:16 1056578                    /usr/lib/x86_64-linux-gnu/libvorbisenc.so.2.0.8
7f59b9d32000-7f59bbc8c000 r-xp 00000000 08:16 1054642                    /usr/lib/fglrx/dri/fglrx_dri.so
7f59bbc8c000-7f59bbd8c000 ---p 01f5a000 08:16 1054642                    /usr/lib/fglrx/dri/fglrx_dri.so
7f59bbd8c000-7f59bbeda000 rwxp 01f5a000 08:16 1054642                    /usr/lib/fglrx/dri/fglrx_dri.so
7f59bbeda000-7f59bc000000 rwxp 00000000 00:00 0 
7f59bc000000-7f59bc021000 rw-p 00000000 00:00 0 
7f59bc021000-7f59c0000000 ---p 00000000 00:00 0 
7f59c0000000-7f59c08e0000 rw-p 00000000 00:00 0 
7f59c08e0000-7f59c4000000 ---p 00000000 00:00 0 
7f59c4000000-7f59c4021000 rw-p 00000000 00:00 0 
7f59c4021000-7f59c8000000 ---p 00000000 00:00 0 
7f59c8002000-7f59c8008000 r-xp 00000000 08:16 1056418                    /usr/lib/x86_64-linux-gnu/libogg.so.0.7.1
7f59c8008000-7f59c8207000 ---p 00006000 08:16 1056418                    /usr/lib/x86_64-linux-gnu/libogg.so.0.7.1
7f59c8207000-7f59c8208000 r--p 00005000 08:16 1056418                    /usr/lib/x86_64-linux-gnu/libogg.so.0.7.1
7f59c8208000-7f59c8209000 rw-p 00006000 08:16 1056418                    /usr/lib/x86_64-linux-gnu/libogg.so.0.7.1
7f59c8209000-7f59c8251000 r-xp 00000000 08:16 1055951                    /usr/lib/x86_64-linux-gnu/libFLAC.so.8.2.0
7f59c8251000-7f59c8451000 ---p 00048000 08:16 1055951                    /usr/lib/x86_64-linux-gnu/libFLAC.so.8.2.0
7f59c8451000-7f59c8452000 r--p 00048000 08:16 1055951                    /usr/lib/x86_64-linux-gnu/libFLAC.so.8.2.0
7f59c8452000-7f59c8453000 rw-p 00049000 08:16 1055951                    /usr/lib/x86_64-linux-gnu/libFLAC.so.8.2.0
7f59c8453000-7f59c8458000 r-xp 00000000 08:16 1056065                    /usr/lib/x86_64-linux-gnu/libasyncns.so.0.3.1
7f59c8458000-7f59c8657000 ---p 00005000 08:16 1056065                    /usr/lib/x86_64-linux-gnu/libasyncns.so.0.3.1
7f59c8657000-7f59c8658000 r--p 00004000 08:16 1056065                    /usr/lib/x86_64-linux-gnu/libasyncns.so.0.3.1
7f59c8658000-7f59c8659000 rw-p 00005000 08:16 1056065                    /usr/lib/x86_64-linux-gnu/libasyncns.so.0.3.1
7f59c8659000-7f59c86b9000 r-xp 00000000 08:16 1056513                    /usr/lib/x86_64-linux-gnu/libsndfile.so.1.0.25
7f59c86b9000-7f59c88b9000 ---p 00060000 08:16 1056513                    /usr/lib/x86_64-linux-gnu/libsndfile.so.1.0.25
7f59c88b9000-7f59c88bb000 r--p 00060000 08:16 1056513                    /usr/lib/x86_64-linux-gnu/libsndfile.so.1.0.25
7f59c88bb000-7f59c88bc000 rw-p 00062000 08:16 1056513                    /usr/lib/x86_64-linux-gnu/libsndfile.so.1.0.25
7f59c88bc000-7f59c88c0000 rw-p 00000000 00:00 0 
7f59c88c0000-7f59c88c8000 r-xp 00000000 08:16 5246688                    /lib/x86_64-linux-gnu/libwrap.so.0.7.6
7f59c88c8000-7f59c8ac7000 ---p 00008000 08:16 5246688                    /lib/x86_64-linux-gnu/libwrap.so.0.7.6
7f59c8ac7000-7f59c8ac8000 r--p 00007000 08:16 5246688                    /lib/x86_64-linux-gnu/libwrap.so.0.7.6
7f59c8ac8000-7f59c8ac9000 rw-p 00008000 08:16 5246688                    /lib/x86_64-linux-gnu/libwrap.so.0.7.6
7f59c8ac9000-7f59c8b25000 r-xp 00000000 08:16 1055773                    /usr/lib/x86_64-linux-gnu/libpulsecommon-1.1.so
7f59c8b25000-7f59c8d25000 ---p 0005c000 08:16 1055773                    /usr/lib/x86_64-linux-gnu/libpulsecommon-1.1.so
7f59c8d25000-7f59c8d26000 r--p 0005c000 08:16 1055773                    /usr/lib/x86_64-linux-gnu/libpulsecommon-1.1.so
7f59c8d26000-7f59c8d27000 rw-p 0005d000 08:16 1055773                    /usr/lib/x86_64-linux-gnu/libpulsecommon-1.1.so
7f59c8d27000-7f59c8d2e000 r-xp 00000000 08:16 1056352                    /usr/lib/x86_64-linux-gnu/libjson.so.0.0.1
7f59c8d2e000-7f59c8f2d000 ---p 00007000 08:16 1056352                    /usr/lib/x86_64-linux-gnu/libjson.so.0.0.1
7f59c8f2d000-7f59c8f2e000 r--p 00006000 08:16 1056352                    /usr/lib/x86_64-linux-gnu/libjson.so.0.0.1
7f59c8f2e000-7f59c8f2f000 rw-p 00007000 08:16 1056352                    /usr/lib/x86_64-linux-gnu/libjson.so.0.0.1
7f59c8f2f000-7f59c8f75000 r-xp 00000000 08:16 1055774                    /usr/lib/x86_64-linux-gnu/libpulse.so.0.13.5
7f59c8f75000-7f59c9175000 ---p 00046000 08:16 1055774                    /usr/lib/x86_64-linux-gnu/libpulse.so.0.13.5
7f59c9175000-7f59c9176000 r--p 00046000 08:16 1055774                    /usr/lib/x86_64-linux-gnu/libpulse.so.0.13.5
7f59c9176000-7f59c9177000 rw-p 00047000 08:16 1055774                    /usr/lib/x86_64-linux-gnu/libpulse.so.0.13.5
7f59c93cf000-7f59c9acf000 rw-s 19078000 00:05 9165                       /dev/ati/card0
7f59c9acf000-7f59c9b0a000 r-xp 00000000 08:16 1054638                    /usr/lib/fglrx/libatiadlxx.so
7f59c9b0a000-7f59c9c0a000 ---p 0003b000 08:16 1054638                    /usr/lib/fglrx/libatiadlxx.so
7f59c9c0a000-7f59c9c13000 rw-p 0003b000 08:16 1054638                    /usr/lib/fglrx/libatiadlxx.so
7f59c9c13000-7f59c9c24000 rw-p 00000000 00:00 0 
7f59c9c24000-7f59c9c2b000 r-xp 00000000 08:16 1054658                    /usr/lib/fglrx/libatiuki.so.1.0
7f59c9c2b000-7f59c9d2b000 ---p 00007000 08:16 1054658                    /usr/lib/fglrx/libatiuki.so.1.0
7f59c9d2b000-7f59c9d2c000 rw-p 00007000 08:16 1054658                    /usr/lib/fglrx/libatiuki.so.1.0
7f59c9d2c000-7f59c9d2d000 rw-p 00000000 00:00 0 
7f59c9d2d000-7f59c9df0000 r-xp 00000000 08:16 1054665                    /usr/lib/fglrx/libGL.so.1.2
7f59c9df0000-7f59c9eef000 ---p 000c3000 08:16 1054665                    /usr/lib/fglrx/libGL.so.1.2
7f59c9eef000-7f59c9f16000 rwxp 000c2000 08:16 1054665                    /usr/lib/fglrx/libGL.so.1.2
7f59c9f16000-7f59c9f36000 rwxp 00000000 00:00 0 
7f59c9f36000-7f59c9f3a000 r-xp 00000000 08:16 1056049                    /usr/lib/x86_64-linux-gnu/libXxf86vm.so.1.0.0
7f59c9f3a000-7f59ca139000 ---p 00004000 08:16 1056049                    /usr/lib/x86_64-linux-gnu/libXxf86vm.so.1.0.0
7f59ca139000-7f59ca13a000 r--p 00003000 08:16 1056049                    /usr/lib/x86_64-linux-gnu/libXxf86vm.so.1.0.0
7f59ca13a000-7f59ca13b000 rw-p 00004000 08:16 1056049                    /usr/lib/x86_64-linux-gnu/libXxf86vm.so.1.0.0
7f59ca13b000-7f59ca1a1000 r-xp 00000000 08:16 3673310                    /home/relissa/.jme3/natives_9a0c8f4d/liblwjgl64.so
7f59ca1a1000-7f59ca3a1000 ---p 00066000 08:16 3673310                    /home/relissa/.jme3/natives_9a0c8f4d/liblwjgl64.so
7f59ca3a1000-7f59ca3a3000 r--p 00066000 08:16 3673310                    /home/relissa/.jme3/natives_9a0c8f4d/liblwjgl64.so
7f59ca3a3000-7f59ca3a4000 rw-p 00068000 08:16 3673310                    /home/relissa/.jme3/natives_9a0c8f4d/liblwjgl64.so
7f59ca3a4000-7f59ca3a5000 r-xp 00000000 08:16 3544578                    /usr/lib/jvm/java-7-openjdk-amd64/jre/lib/amd64/libjawt.so
7f59ca3a5000-7f59ca5a4000 ---p 00001000 08:16 3544578                    /usr/lib/jvm/java-7-openjdk-amd64/jre/lib/amd64/libjawt.so
7f59ca5a4000-7f59ca5a5000 r--p 00000000 08:16 3544578                    /usr/lib/jvm/java-7-openjdk-amd64/jre/lib/amd64/libjawt.so
7f59ca5a5000-7f59ca5a6000 rw-p 00001000 08:16 3544578                    /usr/lib/jvm/java-7-openjdk-amd64/jre/lib/amd64/libjawt.so
7f59ca5a6000-7f59ca5a9000 ---p 00000000 00:00 0 
7f59ca5a9000-7f59ca6a7000 rw-p 00000000 00:00 0 
7f59ca6a7000-7f59ca6b7000 r-xp 00000000 08:16 3544571                    /usr/lib/jvm/java-7-openjdk-amd64/jre/lib/amd64/libnio.so
7f59ca6b7000-7f59ca8b6000 ---p 00010000 08:16 3544571                    /usr/lib/jvm/java-7-openjdk-amd64/jre/lib/amd64/libnio.so
7f59ca8b6000-7f59ca8b7000 r--p 0000f000 08:16 3544571                    /usr/lib/jvm/java-7-openjdk-amd64/jre/lib/amd64/libnio.so
7f59ca8b7000-7f59ca8b8000 rw-p 00010000 08:16 3544571                    /usr/lib/jvm/java-7-openjdk-amd64/jre/lib/amd64/libnio.so
7f59ca8b8000-7f59ca8ce000 r-xp 00000000 08:16 3544572                    /usr/lib/jvm/java-7-openjdk-amd64/jre/lib/amd64/libnet.so
7f59ca8ce000-7f59caace000 ---p 00016000 08:16 3544572                    /usr/lib/jvm/java-7-openjdk-amd64/jre/lib/amd64/libnet.so
7f59caace000-7f59caacf000 r--p 00016000 08:16 3544572                    /usr/lib/jvm/java-7-openjdk-amd64/jre/lib/amd64/libnet.so
7f59caacf000-7f59caad0000 rw-p 00017000 08:16 3544572                    /usr/lib/jvm/java-7-openjdk-amd64/jre/lib/amd64/libnet.so
7f59caad0000-7f59cab0b000 r-xp 00000000 08:16 3544568                    /usr/lib/jvm/java-7-openjdk-amd64/jre/lib/amd64/libfontmanager.so
7f59cab0b000-7f59cad0a000 ---p 0003b000 08:16 3544568                    /usr/lib/jvm/java-7-openjdk-amd64/jre/lib/amd64/libfontmanager.so
7f59cad0a000-7f59cad0c000 r--p 0003a000 08:16 3544568                    /usr/lib/jvm/java-7-openjdk-amd64/jre/lib/amd64/libfontmanager.so
7f59cad0c000-7f59cad0d000 rw-p 0003c000 08:16 3544568                    /usr/lib/jvm/java-7-openjdk-amd64/jre/lib/amd64/libfontmanager.so
7f59cad0d000-7f59cad10000 ---p 00000000 00:00 0 
7f59cad10000-7f59cae0e000 rw-p 00000000 00:00 0 
7f59cae0e000-7f59cae11000 ---p 00000000 00:00 0 
7f59cae11000-7f59caf0f000 rw-p 00000000 00:00 0 
7f59caf0f000-7f59caf12000 ---p 00000000 00:00 0 
7f59caf12000-7f59cb010000 rw-p 00000000 00:00 0 
7f59cb010000-7f59cb013000 ---p 00000000 00:00 0 
7f59cb013000-7f59cb111000 rw-p 00000000 00:00 0 
7f59cb111000-7f59cb114000 ---p 00000000 00:00 0 
7f59cb114000-7f59cb212000 rw-p 00000000 00:00 0 
7f59cb212000-7f59cb215000 ---p 00000000 00:00 0 
7f59cb215000-7f59cb313000 rw-p 00000000 00:00 0 
7f59cb313000-7f59cb316000 r-xp 00000000 08:16 5246606                    /lib/x86_64-linux-gnu/libgpg-error.so.0.8.0
7f59cb316000-7f59cb515000 ---p 00003000 08:16 5246606                    /lib/x86_64-linux-gnu/libgpg-error.so.0.8.0
7f59cb515000-7f59cb516000 r--p 00002000 08:16 5246606                    /lib/x86_64-linux-gnu/libgpg-error.so.0.8.0
7f59cb516000-7f59cb517000 rw-p 00003000 08:16 5246606                    /lib/x86_64-linux-gnu/libgpg-error.so.0.8.0
7f59cb517000-7f59cb51a000 r-xp 00000000 08:16 5246610                    /lib/x86_64-linux-gnu/libkeyutils.so.1.4
7f59cb51a000-7f59cb719000 ---p 00003000 08:16 5246610                    /lib/x86_64-linux-gnu/libkeyutils.so.1.4
7f59cb719000-7f59cb71a000 r--p 00002000 08:16 5246610                    /lib/x86_64-linux-gnu/libkeyutils.so.1.4
7f59cb71a000-7f59cb71b000 rw-p 00003000 08:16 5246610                    /lib/x86_64-linux-gnu/libkeyutils.so.1.4
7f59cb71b000-7f59cb75d000 r-xp 00000000 08:16 5246591                    /lib/x86_64-linux-gnu/libdbus-1.so.3.5.8
7f59cb75d000-7f59cb95d000 ---p 00042000 08:16 5246591                    /lib/x86_64-linux-gnu/libdbus-1.so.3.5.8
7f59cb95d000-7f59cb95e000 r--p 00042000 08:16 5246591                    /lib/x86_64-linux-gnu/libdbus-1.so.3.5.8
7f59cb95e000-7f59cb95f000 rw-p 00043000 08:16 5246591                    /lib/x86_64-linux-gnu/libdbus-1.so.3.5.8
7f59cb95f000-7f59cb970000 r-xp 00000000 08:16 1056424                    /usr/lib/x86_64-linux-gnu/libp11-kit.so.0.0.0
7f59cb970000-7f59cbb6f000 ---p 00011000 08:16 1056424                    /usr/lib/x86_64-linux-gnu/libp11-kit.so.0.0.0
7f59cbb6f000-7f59cbb70000 r--p 00010000 08:16 1056424                    /usr/lib/x86_64-linux-gnu/libp11-kit.so.0.0.0
7f59cbb70000-7f59cbb71000 rw-p 00011000 08:16 1056424                    /usr/lib/x86_64-linux-gnu/libp11-kit.so.0.0.0
7f59cbb71000-7f59cbbeb000 r-xp 00000000 08:16 5246882                    /lib/x86_64-linux-gnu/libgcrypt.so.11.7.0
7f59cbbeb000-7f59cbdeb000 ---p 0007a000 08:16 5246882                    /lib/x86_64-linux-gnu/libgcrypt.so.11.7.0
7f59cbdeb000-7f59cbdec000 r--p 0007a000 08:16 5246882                    /lib/x86_64-linux-gnu/libgcrypt.so.11.7.0
7f59cbdec000-7f59cbdef000 rw-p 0007b000 08:16 5246882                    /lib/x86_64-linux-gnu/libgcrypt.so.11.7.0
7f59cbdef000-7f59cbdff000 r-xp 00000000 08:16 1061093                    /usr/lib/x86_64-linux-gnu/libtasn1.so.3.1.12
7f59cbdff000-7f59cbffe000 ---p 00010000 08:16 1061093                    /usr/lib/x86_64-linux-gnu/libtasn1.so.3.1.12
7f59cbffe000-7f59cbfff000 r--p 0000f000 08:16 1061093                    /usr/lib/x86_64-linux-gnu/libtasn1.so.3.1.12
7f59cbfff000-7f59cc000000 rw-p 00010000 08:16 1061093                    /usr/lib/x86_64-linux-gnu/libtasn1.so.3.1.12
7f59cc000000-7f59cc021000 rw-p 00000000 00:00 0 
7f59cc021000-7f59d0000000 ---p 00000000 00:00 0 
7f59d00b2000-7f59d00b9000 r-xp 00000000 08:16 1052728                    /usr/lib/x86_64-linux-gnu/libkrb5support.so.0.1
7f59d00b9000-7f59d02b8000 ---p 00007000 08:16 1052728                    /usr/lib/x86_64-linux-gnu/libkrb5support.so.0.1
7f59d02b8000-7f59d02b9000 r--p 00006000 08:16 1052728                    /usr/lib/x86_64-linux-gnu/libkrb5support.so.0.1
7f59d02b9000-7f59d02ba000 rw-p 00007000 08:16 1052728                    /usr/lib/x86_64-linux-gnu/libkrb5support.so.0.1
7f59d02ba000-7f59d02bd000 r-xp 00000000 08:16 5246586                    /lib/x86_64-linux-gnu/libcom_err.so.2.1
7f59d02bd000-7f59d04bc000 ---p 00003000 08:16 5246586                    /lib/x86_64-linux-gnu/libcom_err.so.2.1
7f59d04bc000-7f59d04bd000 r--p 00002000 08:16 5246586                    /lib/x86_64-linux-gnu/libcom_err.so.2.1
7f59d04bd000-7f59d04be000 rw-p 00003000 08:16 5246586                    /lib/x86_64-linux-gnu/libcom_err.so.2.1
7f59d04be000-7f59d04e3000 r-xp 00000000 08:16 1052714                    /usr/lib/x86_64-linux-gnu/libk5crypto.so.3.1
7f59d04e3000-7f59d06e3000 ---p 00025000 08:16 1052714                    /usr/lib/x86_64-linux-gnu/libk5crypto.so.3.1
7f59d06e3000-7f59d06e4000 r--p 00025000 08:16 1052714                    /usr/lib/x86_64-linux-gnu/libk5crypto.so.3.1
7f59d06e4000-7f59d06e5000 rw-p 00026000 08:16 1052714                    /usr/lib/x86_64-linux-gnu/libk5crypto.so.3.1
7f59d06e5000-7f59d06e6000 rw-p 00000000 00:00 0 
7f59d06e6000-7f59d07aa000 r-xp 00000000 08:16 1052724                    /usr/lib/x86_64-linux-gnu/libkrb5.so.3.3
7f59d07aa000-7f59d09a9000 ---p 000c4000 08:16 1052724                    /usr/lib/x86_64-linux-gnu/libkrb5.so.3.3
7f59d09a9000-7f59d09b3000 r--p 000c3000 08:16 1052724                    /usr/lib/x86_64-linux-gnu/libkrb5.so.3.3
7f59d09b3000-7f59d09b4000 rw-p 000cd000 08:16 1052724                    /usr/lib/x86_64-linux-gnu/libkrb5.so.3.3
7f59d09b4000-7f59d09bc000 r-xp 00000000 08:16 1056599                    /usr/lib/x86_64-linux-gnu/libxcb-render.so.0.0.0
7f59d09bc000-7f59d0bbc000 ---p 00008000 08:16 1056599                    /usr/lib/x86_64-linux-gnu/libxcb-render.so.0.0.0
7f59d0bbc000-7f59d0bbd000 r--p 00008000 08:16 1056599                    /usr/lib/x86_64-linux-gnu/libxcb-render.so.0.0.0
7f59d0bbd000-7f59d0bbe000 rw-p 00009000 08:16 1056599                    /usr/lib/x86_64-linux-gnu/libxcb-render.so.0.0.0
7f59d0bbe000-7f59d0bc0000 r-xp 00000000 08:16 1056603                    /usr/lib/x86_64-linux-gnu/libxcb-shm.so.0.0.0
7f59d0bc0000-7f59d0dbf000 ---p 00002000 08:16 1056603                    /usr/lib/x86_64-linux-gnu/libxcb-shm.so.0.0.0
7f59d0dbf000-7f59d0dc0000 r--p 00001000 08:16 1056603                    /usr/lib/x86_64-linux-gnu/libxcb-shm.so.0.0.0
7f59d0dc0000-7f59d0dc1000 rw-p 00002000 08:16 1056603                    /usr/lib/x86_64-linux-gnu/libxcb-shm.so.0.0.0
7f59d0dc1000-7f59d0de7000 r-xp 00000000 08:16 5246656                    /lib/x86_64-linux-gnu/libpng12.so.0.46.0
7f59d0de7000-7f59d0fe7000 ---p 00026000 08:16 5246656                    /lib/x86_64-linux-gnu/libpng12.so.0.46.0
7f59d0fe7000-7f59d0fe8000 r--p 00026000 08:16 5246656                    /lib/x86_64-linux-gnu/libpng12.so.0.46.0
7f59d0fe8000-7f59d0fe9000 rw-p 00027000 08:16 5246656                    /lib/x86_64-linux-gnu/libpng12.so.0.46.0
7f59d0fe9000-7f59d106a000 r-xp 00000000 08:16 1056450                    /usr/lib/x86_64-linux-gnu/libpixman-1.so.0.24.4
7f59d106a000-7f59d1269000 ---p 00081000 08:16 1056450                    /usr/lib/x86_64-linux-gnu/libpixman-1.so.0.24.4
7f59d1269000-7f59d126f000 r--p 00080000 08:16 1056450                    /usr/lib/x86_64-linux-gnu/libpixman-1.so.0.24.4
7f59d126f000-7f59d1270000 rw-p 00086000 08:16 1056450                    /usr/lib/x86_64-linux-gnu/libpixman-1.so.0.24.4
7f59d1270000-7f59d1275000 r-xp 00000000 08:16 1056019                    /usr/lib/x86_64-linux-gnu/libXdmcp.so.6.0.0
7f59d1275000-7f59d1474000 ---p 00005000 08:16 1056019                    /usr/lib/x86_64-linux-gnu/libXdmcp.so.6.0.0
7f59d1474000-7f59d1475000 r--p 00004000 08:16 1056019                    /usr/lib/x86_64-linux-gnu/libXdmcp.so.6.0.0
7f59d1475000-7f59d1476000 rw-p 00005000 08:16 1056019                    /usr/lib/x86_64-linux-gnu/libXdmcp.so.6.0.0
7f59d1476000-7f59d1478000 r-xp 00000000 08:16 1056008                    /usr/lib/x86_64-linux-gnu/libXau.so.6.0.0
7f59d1478000-7f59d1677000 ---p 00002000 08:16 1056008                    /usr/lib/x86_64-linux-gnu/libXau.so.6.0.0
7f59d1677000-7f59d1678000 r--p 00001000 08:16 1056008                    /usr/lib/x86_64-linux-gnu/libXau.so.6.0.0
7f59d1678000-7f59d1679000 rw-p 00002000 08:16 1056008                    /usr/lib/x86_64-linux-gnu/libXau.so.6.0.0
7f59d1679000-7f59d1689000 r-xp 00000000 08:16 1056075                    /usr/lib/x86_64-linux-gnu/libavahi-client.so.3.2.9
7f59d1689000-7f59d1888000 ---p 00010000 08:16 1056075                    /usr/lib/x86_64-linux-gnu/libavahi-client.so.3.2.9
7f59d1888000-7f59d1889000 r--p 0000f000 08:16 1056075                    /usr/lib/x86_64-linux-gnu/libavahi-client.so.3.2.9
7f59d1889000-7f59d188a000 rw-p 00010000 08:16 1056075                    /usr/lib/x86_64-linux-gnu/libavahi-client.so.3.2.9
7f59d188a000-7f59d1895000 r-xp 00000000 08:16 1056077                    /usr/lib/x86_64-linux-gnu/libavahi-common.so.3.5.3
7f59d1895000-7f59d1a94000 ---p 0000b000 08:16 1056077                    /usr/lib/x86_64-linux-gnu/libavahi-common.so.3.5.3
7f59d1a94000-7f59d1a95000 r--p 0000a000 08:16 1056077                    /usr/lib/x86_64-linux-gnu/libavahi-common.so.3.5.3
7f59d1a95000-7f59d1a96000 rw-p 0000b000 08:16 1056077                    /usr/lib/x86_64-linux-gnu/libavahi-common.so.3.5.3
7f59d1a96000-7f59d1b4a000 r-xp 00000000 08:16 1056248                    /usr/lib/x86_64-linux-gnu/libgnutls.so.26.21.8
7f59d1b4a000-7f59d1d4a000 ---p 000b4000 08:16 1056248                    /usr/lib/x86_64-linux-gnu/libgnutls.so.26.21.8
7f59d1d4a000-7f59d1d50000 r--p 000b4000 08:16 1056248                    /usr/lib/x86_64-linux-gnu/libgnutls.so.26.21.8
7f59d1d50000-7f59d1d51000 rw-p 000ba000 08:16 1056248                    /usr/lib/x86_64-linux-gnu/libgnutls.so.26.21.8
7f59d1d51000-7f59d1d52000 rw-p 00000000 00:00 0 
7f59d1d52000-7f59d1d8d000 r-xp 00000000 08:16 1052718                    /usr/lib/x86_64-linux-gnu/libgssapi_krb5.so.2.2
7f59d1d8d000-7f59d1f8d000 ---p 0003b000 08:16 1052718                    /usr/lib/x86_64-linux-gnu/libgssapi_krb5.so.2.2
7f59d1f8d000-7f59d1f8e000 r--p 0003b000 08:16 1052718                    /usr/lib/x86_64-linux-gnu/libgssapi_krb5.so.2.2
7f59d1f8e000-7f59d1f90000 rw-p 0003c000 08:16 1052718                    /usr/lib/x86_64-linux-gnu/libgssapi_krb5.so.2.2
7f59d1f90000-7f59d1fcc000 r-xp 00000000 08:16 5246652                    /lib/x86_64-linux-gnu/libpcre.so.3.12.1
7f59d1fcc000-7f59d21cb000 ---p 0003c000 08:16 5246652                    /lib/x86_64-linux-gnu/libpcre.so.3.12.1
7f59d21cb000-7f59d21cc000 r--p 0003b000 08:16 5246652                    /lib/x86_64-linux-gnu/libpcre.so.3.12.1
7f59d21cc000-7f59d21cd000 rw-p 0003c000 08:16 5246652                    /lib/x86_64-linux-gnu/libpcre.so.3.12.1
7f59d21cd000-7f59d21d4000 r-xp 00000000 08:16 1056193                    /usr/lib/x86_64-linux-gnu/libffi.so.6.0.0
7f59d21d4000-7f59d23d3000 ---p 00007000 08:16 1056193                    /usr/lib/x86_64-linux-gnu/libffi.so.6.0.0
7f59d23d3000-7f59d23d4000 r--p 00006000 08:16 1056193                    /usr/lib/x86_64-linux-gnu/libffi.so.6.0.0
7f59d23d4000-7f59d23d5000 rw-p 00007000 08:16 1056193                    /usr/lib/x86_64-linux-gnu/libffi.so.6.0.0
7f59d23d5000-7f59d23fc000 r-xp 00000000 08:16 5246597                    /lib/x86_64-linux-gnu/libexpat.so.1.5.2
7f59d23fc000-7f59d25fc000 ---p 00027000 08:16 5246597                    /lib/x86_64-linux-gnu/libexpat.so.1.5.2
7f59d25fc000-7f59d25fe000 r--p 00027000 08:16 5246597                    /lib/x86_64-linux-gnu/libexpat.so.1.5.2
7f59d25fe000-7f59d25ff000 rw-p 00029000 08:16 5246597                    /lib/x86_64-linux-gnu/libexpat.so.1.5.2
7f59d25ff000-7f59d2695000 r-xp 00000000 08:16 1056201                    /usr/lib/x86_64-linux-gnu/libfreetype.so.6.8.0
7f59d2695000-7f59d2894000 ---p 00096000 08:16 1056201                    /usr/lib/x86_64-linux-gnu/libfreetype.so.6.8.0
7f59d2894000-7f59d289a000 r--p 00095000 08:16 1056201                    /usr/lib/x86_64-linux-gnu/libfreetype.so.6.8.0
7f59d289a000-7f59d289b000 rw-p 0009b000 08:16 1056201                    /usr/lib/x86_64-linux-gnu/libfreetype.so.6.8.0
7f59d289b000-7f59d28b3000 r-xp 00000000 08:16 5246663                    /lib/x86_64-linux-gnu/libresolv-2.15.so
7f59d28b3000-7f59d2ab3000 ---p 00018000 08:16 5246663                    /lib/x86_64-linux-gnu/libresolv-2.15.so
7f59d2ab3000-7f59d2ab4000 r--p 00018000 08:16 5246663                    /lib/x86_64-linux-gnu/libresolv-2.15.so
7f59d2ab4000-7f59d2ab5000 rw-p 00019000 08:16 5246663                    /lib/x86_64-linux-gnu/libresolv-2.15.so
7f59d2ab5000-7f59d2ab7000 rw-p 00000000 00:00 0 
7f59d2ab7000-7f59d2ad4000 r-xp 00000000 08:16 5246667                    /lib/x86_64-linux-gnu/libselinux.so.1
7f59d2ad4000-7f59d2cd3000 ---p 0001d000 08:16 5246667                    /lib/x86_64-linux-gnu/libselinux.so.1
7f59d2cd3000-7f59d2cd4000 r--p 0001c000 08:16 5246667                    /lib/x86_64-linux-gnu/libselinux.so.1
7f59d2cd4000-7f59d2cd5000 rw-p 0001d000 08:16 5246667                    /lib/x86_64-linux-gnu/libselinux.so.1
7f59d2cd5000-7f59d2cd6000 rw-p 00000000 00:00 0 
7f59d2cd6000-7f59d2cd9000 r-xp 00000000 08:16 1056240                    /usr/lib/x86_64-linux-gnu/libgmodule-2.0.so.0.3200.1
7f59d2cd9000-7f59d2ed8000 ---p 00003000 08:16 1056240                    /usr/lib/x86_64-linux-gnu/libgmodule-2.0.so.0.3200.1
7f59d2ed8000-7f59d2ed9000 r--p 00002000 08:16 1056240                    /usr/lib/x86_64-linux-gnu/libgmodule-2.0.so.0.3200.1
7f59d2ed9000-7f59d2eda000 rw-p 00003000 08:16 1056240                    /usr/lib/x86_64-linux-gnu/libgmodule-2.0.so.0.3200.1
7f59d2eda000-7f59d2edc000 r-xp 00000000 08:16 1056017                    /usr/lib/x86_64-linux-gnu/libXdamage.so.1.1.0
7f59d2edc000-7f59d30db000 ---p 00002000 08:16 1056017                    /usr/lib/x86_64-linux-gnu/libXdamage.so.1.1.0
7f59d30db000-7f59d30dc000 r--p 00001000 08:16 1056017                    /usr/lib/x86_64-linux-gnu/libXdamage.so.1.1.0
7f59d30dc000-7f59d30dd000 rw-p 00002000 08:16 1056017                    /usr/lib/x86_64-linux-gnu/libXdamage.so.1.1.0
7f59d30dd000-7f59d30df000 r-xp 00000000 08:16 1056013                    /usr/lib/x86_64-linux-gnu/libXcomposite.so.1.0.0
7f59d30df000-7f59d32de000 ---p 00002000 08:16 1056013                    /usr/lib/x86_64-linux-gnu/libXcomposite.so.1.0.0
7f59d32de000-7f59d32df000 r--p 00001000 08:16 1056013                    /usr/lib/x86_64-linux-gnu/libXcomposite.so.1.0.0
7f59d32df000-7f59d32e0000 rw-p 00002000 08:16 1056013                    /usr/lib/x86_64-linux-gnu/libXcomposite.so.1.0.0
7f59d32e0000-7f59d32e9000 r-xp 00000000 08:16 1056015                    /usr/lib/x86_64-linux-gnu/libXcursor.so.1.0.2
7f59d32e9000-7f59d34e8000 ---p 00009000 08:16 1056015                    /usr/lib/x86_64-linux-gnu/libXcursor.so.1.0.2
7f59d34e8000-7f59d34e9000 r--p 00008000 08:16 1056015                    /usr/lib/x86_64-linux-gnu/libXcursor.so.1.0.2
7f59d34e9000-7f59d34ea000 rw-p 00009000 08:16 1056015                    /usr/lib/x86_64-linux-gnu/libXcursor.so.1.0.2
7f59d34ea000-7f59d34f2000 r-xp 00000000 08:16 1056039                    /usr/lib/x86_64-linux-gnu/libXrandr.so.2.2.0
7f59d34f2000-7f59d36f1000 ---p 00008000 08:16 1056039                    /usr/lib/x86_64-linux-gnu/libXrandr.so.2.2.0
7f59d36f1000-7f59d36f2000 r--p 00007000 08:16 1056039                    /usr/lib/x86_64-linux-gnu/libXrandr.so.2.2.0
7f59d36f2000-7f59d36f3000 rw-p 00008000 08:16 1056039                    /usr/lib/x86_64-linux-gnu/libXrandr.so.2.2.0
7f59d36f3000-7f59d36f5000 r-xp 00000000 08:16 1056029                    /usr/lib/x86_64-linux-gnu/libXinerama.so.1.0.0
7f59d36f5000-7f59d38f4000 ---p 00002000 08:16 1056029                    /usr/lib/x86_64-linux-gnu/libXinerama.so.1.0.0
7f59d38f4000-7f59d38f5000 r--p 00001000 08:16 1056029                    /usr/lib/x86_64-linux-gnu/libXinerama.so.1.0.0
7f59d38f5000-7f59d38f6000 rw-p 00002000 08:16 1056029                    /usr/lib/x86_64-linux-gnu/libXinerama.so.1.0.0
7f59d38f6000-7f59d391f000 r-xp 00000000 08:16 1056434                    /usr/lib/x86_64-linux-gnu/libpangoft2-1.0.so.0.3000.0
7f59d391f000-7f59d3b1e000 ---p 00029000 08:16 1056434                    /usr/lib/x86_64-linux-gnu/libpangoft2-1.0.so.0.3000.0
7f59d3b1e000-7f59d3b1f000 r--p 00028000 08:16 1056434                    /usr/lib/x86_64-linux-gnu/libpangoft2-1.0.so.0.3000.0
7f59d3b1f000-7f59d3b20000 rw-p 00029000 08:16 1056434                    /usr/lib/x86_64-linux-gnu/libpangoft2-1.0.so.0.3000.0
7f59d3b20000-7f59d3bd9000 r-xp 00000000 08:16 1055379                    /usr/lib/x86_64-linux-gnu/libcairo.so.2.11000.2
7f59d3bd9000-7f59d3dd8000 ---p 000b9000 08:16 1055379                    /usr/lib/x86_64-linux-gnu/libcairo.so.2.11000.2
7f59d3dd8000-7f59d3dda000 r--p 000b8000 08:16 1055379                    /usr/lib/x86_64-linux-gnu/libcairo.so.2.11000.2
7f59d3dda000-7f59d3ddb000 rw-p 000ba000 08:16 1055379                    /usr/lib/x86_64-linux-gnu/libcairo.so.2.11000.2
7f59d3ddb000-7f59d3dde000 rw-p 00000000 00:00 0 
7f59d3dde000-7f59d3dfd000 r-xp 00000000 08:16 1056067                    /usr/lib/x86_64-linux-gnu/libatk-1.0.so.0.20409.1
7f59d3dfd000-7f59d3ffd000 ---p 0001f000 08:16 1056067                    /usr/lib/x86_64-linux-gnu/libatk-1.0.so.0.20409.1
7f59d3ffd000-7f59d3fff000 r--p 0001f000 08:16 1056067                    /usr/lib/x86_64-linux-gnu/libatk-1.0.so.0.20409.1
7f59d3fff000-7f59d4000000 rw-p 00021000 08:16 1056067                    /usr/lib/x86_64-linux-gnu/libatk-1.0.so.0.20409.1
7f59d4000000-7f59d43e8000 rw-p 00000000 00:00 0 
7f59d43e8000-7f59d8000000 ---p 00000000 00:00 0 
7f59d8000000-7f59d8021000 rw-p 00000000 00:00 0 
7f59d8021000-7f59dc000000 ---p 00000000 00:00 0 
7f59dc000000-7f59dc021000 rw-p 00000000 00:00 0 
7f59dc021000-7f59e0000000 ---p 00000000 00:00 0 
7f59e0000000-7f59e04d1000 rw-p 00000000 00:00 0 
7f59e04d1000-7f59e4000000 ---p 00000000 00:00 0 
7f59e4000000-7f59e4021000 rw-p 00000000 00:00 0 
7f59e4021000-7f59e8000000 ---p 00000000 00:00 0 
7f59e8000000-7f59e8021000 rw-p 00000000 00:00 0 
7f59e8021000-7f59ec000000 ---p 00000000 00:00 0 
7f59ec056000-7f59ec057000 rw-p 00000000 00:00 0 
7f59ec073000-7f59ec07a000 r--s 00000000 08:16 1314519                    /usr/lib/x86_64-linux-gnu/gconv/gconv-modules.cache
7f59ec07a000-7f59ec07b000 rw-s 19077000 00:05 9165                       /dev/ati/card0
7f59ec07b000-7f59ec08b000 rw-s fe9f0000 00:05 9165                       /dev/ati/card0
7f59ec08b000-7f59ec08d000 rw-s 19074000 00:05 9165                       /dev/ati/card0
7f59ec08d000-7f59ec090000 ---p 00000000 00:00 0 
7f59ec090000-7f59ec0a7000 rw-p 00000000 00:00 0 
7f59ec0a7000-7f59ec0a8000 r--s 00000000 08:16 1843619                    /var/cache/fontconfig/c05880de57d1f5e948fdfacc138775d9-le64.cache-3
7f59ec0a8000-7f59ec0b1000 r--s 00000000 08:16 1843614                    /var/cache/fontconfig/945677eb7aeaf62f1d50efc3fb3ec7d8-le64.cache-3
7f59ec0b1000-7f59ec0b3000 r--s 00000000 08:16 1843615                    /var/cache/fontconfig/99e8ed0e538f840c565b6ed5dad60d56-le64.cache-3
7f59ec0b3000-7f59ec0bb000 r--s 00000000 08:16 1846703                    /var/cache/fontconfig/a6d8cf8e4ec09cdbc8633c31745a07dd-le64.cache-3
7f59ec0bb000-7f59ec0bf000 r--s 00000000 08:16 1843601                    /var/cache/fontconfig/2cd17615ca594fa2959ae173292e504c-le64.cache-3
7f59ec0bf000-7f59ec0c8000 r--s 00000000 08:16 1847215                    /var/cache/fontconfig/6d41288fd70b0be22e8c3a91e032eec0-le64.cache-3
7f59ec0c8000-7f59ec0d8000 r--s 00000000 08:16 1843598                    /var/cache/fontconfig/04aabc0a78ac019cf9454389977116d2-le64.cache-3
7f59ec0d8000-7f59ec0dd000 r-xp 00000000 08:16 1056023                    /usr/lib/x86_64-linux-gnu/libXfixes.so.3.1.0
7f59ec0dd000-7f59ec2dc000 ---p 00005000 08:16 1056023                    /usr/lib/x86_64-linux-gnu/libXfixes.so.3.1.0
7f59ec2dc000-7f59ec2dd000 r--p 00004000 08:16 1056023                    /usr/lib/x86_64-linux-gnu/libXfixes.so.3.1.0
7f59ec2dd000-7f59ec2de000 rw-p 00005000 08:16 1056023                    /usr/lib/x86_64-linux-gnu/libXfixes.so.3.1.0
7f59ec2de000-7f59ec2e9000 r-xp 00000000 08:16 1056432                    /usr/lib/x86_64-linux-gnu/libpangocairo-1.0.so.0.3000.0
7f59ec2e9000-7f59ec4e8000 ---p 0000b000 08:16 1056432                    /usr/lib/x86_64-linux-gnu/libpangocairo-1.0.so.0.3000.0
7f59ec4e8000-7f59ec4e9000 r--p 0000a000 08:16 1056432                    /usr/lib/x86_64-linux-gnu/libpangocairo-1.0.so.0.3000.0
7f59ec4e9000-7f59ec4ea000 rw-p 0000b000 08:16 1056432                    /usr/lib/x86_64-linux-gnu/libpangocairo-1.0.so.0.3000.0
7f59ec4ea000-7f59ec507000 r-xp 00000000 08:16 1056607                    /usr/lib/x86_64-linux-gnu/libxcb.so.1.1.0
7f59ec507000-7f59ec706000 ---p 0001d000 08:16 1056607                    /usr/lib/x86_64-linux-gnu/libxcb.so.1.1.0
7f59ec706000-7f59ec707000 r--p 0001c000 08:16 1056607                    /usr/lib/x86_64-linux-gnu/libxcb.so.1.1.0
7f59ec707000-7f59ec708000 rw-p 0001d000 08:16 1056607                    /usr/lib/x86_64-linux-gnu/libxcb.so.1.1.0
7f59ec708000-7f59ec758000 r-xp 00000000 08:16 1061164                    /usr/lib/x86_64-linux-gnu/libcups.so.2
7f59ec758000-7f59ec957000 ---p 00050000 08:16 1061164                    /usr/lib/x86_64-linux-gnu/libcups.so.2
7f59ec957000-7f59ec95b000 r--p 0004f000 08:16 1061164                    /usr/lib/x86_64-linux-gnu/libcups.so.2
7f59ec95b000-7f59ec95c000 rw-p 00053000 08:16 1061164                    /usr/lib/x86_64-linux-gnu/libcups.so.2
7f59ec95c000-7f59eca4e000 r-xp 00000000 08:16 5246604                    /lib/x86_64-linux-gnu/libglib-2.0.so.0.3200.1
7f59eca4e000-7f59ecc4e000 ---p 000f2000 08:16 5246604                    /lib/x86_64-linux-gnu/libglib-2.0.so.0.3200.1
7f59ecc4e000-7f59ecc4f000 r--p 000f2000 08:16 5246604                    /lib/x86_64-linux-gnu/libglib-2.0.so.0.3200.1
7f59ecc4f000-7f59ecc50000 rw-p 000f3000 08:16 5246604                    /lib/x86_64-linux-gnu/libglib-2.0.so.0.3200.1
7f59ecc50000-7f59ecc51000 rw-p 00000000 00:00 0 
7f59ecc51000-7f59ecc52000 r-xp 00000000 08:16 1056309                    /usr/lib/x86_64-linux-gnu/libgthread-2.0.so.0.3200.1
7f59ecc52000-7f59ece51000 ---p 00001000 08:16 1056309                    /usr/lib/x86_64-linux-gnu/libgthread-2.0.so.0.3200.1
7f59ece51000-7f59ece52000 r--p 00000000 08:16 1056309                    /usr/lib/x86_64-linux-gnu/libgthread-2.0.so.0.3200.1
7f59ece52000-7f59ece53000 rw-p 00001000 08:16 1056309                    /usr/lib/x86_64-linux-gnu/libgthread-2.0.so.0.3200.1
7f59ece53000-7f59ecea0000 r-xp 00000000 08:16 1056254                    /usr/lib/x86_64-linux-gnu/libgobject-2.0.so.0.3200.1
7f59ecea0000-7f59ed0a0000 ---p 0004d000 08:16 1056254                    /usr/lib/x86_64-linux-gnu/libgobject-2.0.so.0.3200.1
7f59ed0a0000-7f59ed0a1000 r--p 0004d000 08:16 1056254                    /usr/lib/x86_64-linux-gnu/libgobject-2.0.so.0.3200.1
7f59ed0a1000-7f59ed0a2000 rw-p 0004e000 08:16 1056254                    /usr/lib/x86_64-linux-gnu/libgobject-2.0.so.0.3200.1
7f59ed0a2000-7f59ed0d6000 r-xp 00000000 08:16 1056195                    /usr/lib/x86_64-linux-gnu/libfontconfig.so.1.4.4
7f59ed0d6000-7f59ed2d6000 ---p 00034000 08:16 1056195                    /usr/lib/x86_64-linux-gnu/libfontconfig.so.1.4.4
7f59ed2d6000-7f59ed2d7000 r--p 00034000 08:16 1056195                    /usr/lib/x86_64-linux-gnu/libfontconfig.so.1.4.4
7f59ed2d7000-7f59ed2d8000 rw-p 00035000 08:16 1056195                    /usr/lib/x86_64-linux-gnu/libfontconfig.so.1.4.4
7f59ed2d8000-7f59ed31e000 r-xp 00000000 08:16 1056430                    /usr/lib/x86_64-linux-gnu/libpango-1.0.so.0.3000.0
7f59ed31e000-7f59ed51e000 ---p 00046000 08:16 1056430                    /usr/lib/x86_64-linux-gnu/libpango-1.0.so.0.3000.0
7f59ed51e000-7f59ed520000 r--p 00046000 08:16 1056430                    /usr/lib/x86_64-linux-gnu/libpango-1.0.so.0.3000.0
7f59ed520000-7f59ed521000 rw-p 00048000 08:16 1056430                    /usr/lib/x86_64-linux-gnu/libpango-1.0.so.0.3000.0
7f59ed521000-7f59ed53f000 r-xp 00000000 08:16 1056220                    /usr/lib/x86_64-linux-gnu/libgdk_pixbuf-2.0.so.0.2600.1
7f59ed53f000-7f59ed73f000 ---p 0001e000 08:16 1056220                    /usr/lib/x86_64-linux-gnu/libgdk_pixbuf-2.0.so.0.2600.1
7f59ed73f000-7f59ed740000 r--p 0001e000 08:16 1056220                    /usr/lib/x86_64-linux-gnu/libgdk_pixbuf-2.0.so.0.2600.1
7f59ed740000-7f59ed741000 rw-p 0001f000 08:16 1056220                    /usr/lib/x86_64-linux-gnu/libgdk_pixbuf-2.0.so.0.2600.1
7f59ed741000-7f59ed889000 r-xp 00000000 08:16 1056230                    /usr/lib/x86_64-linux-gnu/libgio-2.0.so.0.3200.1
7f59ed889000-7f59eda88000 ---p 00148000 08:16 1056230                    /usr/lib/x86_64-linux-gnu/libgio-2.0.so.0.3200.1
7f59eda88000-7f59eda8c000 r--p 00147000 08:16 1056230                    /usr/lib/x86_64-linux-gnu/libgio-2.0.so.0.3200.1
7f59eda8c000-7f59eda8e000 rw-p 0014b000 08:16 1056230                    /usr/lib/x86_64-linux-gnu/libgio-2.0.so.0.3200.1
7f59eda8e000-7f59eda90000 rw-p 00000000 00:00 0 
7f59eda90000-7f59edb3d000 r-xp 00000000 08:16 1056218                    /usr/lib/x86_64-linux-gnu/libgdk-x11-2.0.so.0.2400.10
7f59edb3d000-7f59edd3c000 ---p 000ad000 08:16 1056218                    /usr/lib/x86_64-linux-gnu/libgdk-x11-2.0.so.0.2400.10
7f59edd3c000-7f59edd40000 r--p 000ac000 08:16 1056218                    /usr/lib/x86_64-linux-gnu/libgdk-x11-2.0.so.0.2400.10
7f59edd40000-7f59edd42000 rw-p 000b0000 08:16 1056218                    /usr/lib/x86_64-linux-gnu/libgdk-x11-2.0.so.0.2400.10
7f59edd42000-7f59ee16f000 r-xp 00000000 08:16 1056313                    /usr/lib/x86_64-linux-gnu/libgtk-x11-2.0.so.0.2400.10
7f59ee16f000-7f59ee36f000 ---p 0042d000 08:16 1056313                    /usr/lib/x86_64-linux-gnu/libgtk-x11-2.0.so.0.2400.10
7f59ee36f000-7f59ee376000 r--p 0042d000 08:16 1056313                    /usr/lib/x86_64-linux-gnu/libgtk-x11-2.0.so.0.2400.10
7f59ee376000-7f59ee37a000 rw-p 00434000 08:16 1056313                    /usr/lib/x86_64-linux-gnu/libgtk-x11-2.0.so.0.2400.10
7f59ee37a000-7f59ee37c000 rw-p 00000000 00:00 0 
7f59ee37c000-7f59ee38a000 r-xp 00000000 08:16 1056027                    /usr/lib/x86_64-linux-gnu/libXi.so.6.1.0
7f59ee38a000-7f59ee589000 ---p 0000e000 08:16 1056027                    /usr/lib/x86_64-linux-gnu/libXi.so.6.1.0
7f59ee589000-7f59ee58a000 r--p 0000d000 08:16 1056027                    /usr/lib/x86_64-linux-gnu/libXi.so.6.1.0
7f59ee58a000-7f59ee58b000 rw-p 0000e000 08:16 1056027                    /usr/lib/x86_64-linux-gnu/libXi.so.6.1.0
7f59ee58b000-7f59ee590000 r-xp 00000000 08:16 1056045                    /usr/lib/x86_64-linux-gnu/libXtst.so.6.1.0
7f59ee590000-7f59ee78f000 ---p 00005000 08:16 1056045                    /usr/lib/x86_64-linux-gnu/libXtst.so.6.1.0
7f59ee78f000-7f59ee790000 r--p 00004000 08:16 1056045                    /usr/lib/x86_64-linux-gnu/libXtst.so.6.1.0
7f59ee790000-7f59ee791000 rw-p 00005000 08:16 1056045                    /usr/lib/x86_64-linux-gnu/libXtst.so.6.1.0
7f59ee791000-7f59ee79a000 r-xp 00000000 08:16 1056041                    /usr/lib/x86_64-linux-gnu/libXrender.so.1.3.0
7f59ee79a000-7f59ee999000 ---p 00009000 08:16 1056041                    /usr/lib/x86_64-linux-gnu/libXrender.so.1.3.0
7f59ee999000-7f59ee99a000 r--p 00008000 08:16 1056041                    /usr/lib/x86_64-linux-gnu/libXrender.so.1.3.0
7f59ee99a000-7f59ee99b000 rw-p 00009000 08:16 1056041                    /usr/lib/x86_64-linux-gnu/libXrender.so.1.3.0
7f59ee99b000-7f59eeaca000 r-xp 00000000 08:16 1056006                    /usr/lib/x86_64-linux-gnu/libX11.so.6.3.0
7f59eeaca000-7f59eecca000 ---p 0012f000 08:16 1056006                    /usr/lib/x86_64-linux-gnu/libX11.so.6.3.0
7f59eecca000-7f59eeccb000 r--p 0012f000 08:16 1056006                    /usr/lib/x86_64-linux-gnu/libX11.so.6.3.0
7f59eeccb000-7f59eeccf000 rw-p 00130000 08:16 1056006                    /usr/lib/x86_64-linux-gnu/libX11.so.6.3.0
7f59eeccf000-7f59eecdf000 r-xp 00000000 08:16 1056021                    /usr/lib/x86_64-linux-gnu/libXext.so.6.4.0
7f59eecdf000-7f59eeede000 ---p 00010000 08:16 1056021                    /usr/lib/x86_64-linux-gnu/libXext.so.6.4.0
7f59eeede000-7f59eeedf000 r--p 0000f000 08:16 1056021                    /usr/lib/x86_64-linux-gnu/libXext.so.6.4.0
7f59eeedf000-7f59eeee0000 rw-p 00010000 08:16 1056021                    /usr/lib/x86_64-linux-gnu/libXext.so.6.4.0
7f59eeee0000-7f59eef36000 r-xp 00000000 08:16 3544819                    /usr/lib/jvm/java-7-openjdk-amd64/jre/lib/amd64/xawt/libmawt.so
7f59eef36000-7f59ef135000 ---p 00056000 08:16 3544819                    /usr/lib/jvm/java-7-openjdk-amd64/jre/lib/amd64/xawt/libmawt.so
7f59ef135000-7f59ef136000 r--p 00055000 08:16 3544819                    /usr/lib/jvm/java-7-openjdk-amd64/jre/lib/amd64/xawt/libmawt.so
7f59ef136000-7f59ef139000 rw-p 00056000 08:16 3544819                    /usr/lib/jvm/java-7-openjdk-amd64/jre/lib/amd64/xawt/libmawt.so
7f59ef139000-7f59ef13a000 rw-p 00000000 00:00 0 
7f59ef13a000-7f59ef1e8000 r-xp 00000000 08:16 3544588                    /usr/lib/jvm/java-7-openjdk-amd64/jre/lib/amd64/libawt.so
7f59ef1e8000-7f59ef3e7000 ---p 000ae000 08:16 3544588                    /usr/lib/jvm/java-7-openjdk-amd64/jre/lib/amd64/libawt.so
7f59ef3e7000-7f59ef3e8000 r--p 000ad000 08:16 3544588                    /usr/lib/jvm/java-7-openjdk-amd64/jre/lib/amd64/libawt.so
7f59ef3e8000-7f59ef3f3000 rw-p 000ae000 08:16 3544588                    /usr/lib/jvm/java-7-openjdk-amd64/jre/lib/amd64/libawt.so
7f59ef3f3000-7f59ef418000 rw-p 00000000 00:00 0 
7f59ef418000-7f59ef419000 ---p 00000000 00:00 0 
7f59ef419000-7f59ef519000 rw-p 00000000 00:00 0 
7f59ef519000-7f59ef51c000 ---p 00000000 00:00 0 
7f59ef51c000-7f59ef61a000 rw-p 00000000 00:00 0 
7f59ef61a000-7f59ef61d000 ---p 00000000 00:00 0 
7f59ef61d000-7f59ef71b000 rw-p 00000000 00:00 0 
7f59ef71b000-7f59ef71e000 ---p 00000000 00:00 0 
7f59ef71e000-7f59ef81c000 rw-p 00000000 00:00 0 
7f59ef81c000-7f59ef81f000 ---p 00000000 00:00 0 
7f59ef81f000-7f59ef91d000 rw-p 00000000 00:00 0 
7f59ef91d000-7f59f0000000 r--p 00000000 08:16 1055298                    /usr/lib/locale/locale-archive
7f59f0000000-7f59f0021000 rw-p 00000000 00:00 0 
7f59f0021000-7f59f4000000 ---p 00000000 00:00 0 
7f59f4000000-7f59f4021000 rw-p 00000000 00:00 0 
7f59f4021000-7f59f8000000 ---p 00000000 00:00 0 
7f59f8000000-7f59f8021000 rw-p 00000000 00:00 0 
7f59f8021000-7f59fc000000 ---p 00000000 00:00 0 
7f59fc000000-7f59fc001000 r--s 00000000 08:16 1843626                    /var/cache/fontconfig/e7071f4a29fa870f4323321c154eba04-le64.cache-3
7f59fc001000-7f59fc002000 r--s 00000000 08:16 1843599                    /var/cache/fontconfig/0d8c3b2ac0904cb8a57a757ad11a4a08-le64.cache-3
7f59fc002000-7f59fc008000 r--s 00000000 08:16 1843616                    /var/cache/fontconfig/a755afe4a08bf5b97852ceb7400b47bc-le64.cache-3
7f59fc008000-7f59fc00b000 r--s 00000000 08:16 1843604                    /var/cache/fontconfig/385c0604a188198f04d133e54aba7fe7-le64.cache-3
7f59fc00b000-7f59fc00c000 r--s 00000000 08:16 1841789                    /var/cache/fontconfig/4794a0821666d79190d59a36cb4f44b5-le64.cache-3
7f59fc00c000-7f59fc00f000 r--s 00000000 08:16 1843613                    /var/cache/fontconfig/8801497958630a81b71ace7c5f9b32a8-le64.cache-3
7f59fc00f000-7f59fc03d000 r--s 00000000 08:16 1846701                    /var/cache/fontconfig/365b55f210c0a22e9a19e35191240f32-le64.cache-3
7f59fc03d000-7f59fc042000 r--s 00000000 08:16 1843602                    /var/cache/fontconfig/3047814df9a2f067bd2d96a2b9c36e5a-le64.cache-3
7f59fc042000-7f59fc043000 r--s 00000000 08:16 1843607                    /var/cache/fontconfig/56cf4f4769d0f4abc89a4895d7bd3ae1-le64.cache-3
7f59fc043000-7f59fc044000 r--s 00000000 08:16 1843618                    /var/cache/fontconfig/b9d506c9ac06c20b433354fa67a72993-le64.cache-3
7f59fc044000-7f59fc049000 r--s 00000000 08:16 1843617                    /var/cache/fontconfig/b47c4e1ecd0709278f4910c18777a504-le64.cache-3
7f59fc049000-7f59fc051000 r--s 00000000 08:16 1846702                    /var/cache/fontconfig/52f7bdb7ce746bfd7eaa1985bd9cfa93-le64.cache-3
7f59fc051000-7f59fc061000 r--s 00000000 08:16 1843622                    /var/cache/fontconfig/d52a8644073d54c13679302ca1180695-le64.cache-3
7f59fc061000-7f59fc067000 r--s 00000000 08:16 1846508                    /var/cache/fontconfig/3f7329c5293ffd510edef78f73874cfd-le64.cache-3
7f59fc067000-7f59fc06a000 r--s 00000000 08:16 1842402                    /var/cache/fontconfig/e13b20fdb08344e0e664864cc2ede53d-le64.cache-3
7f59fc06a000-7f59fc06e000 r--s 00000000 08:16 1846742                    /var/cache/fontconfig/7ef2298fde41cc6eeb7af42e48b7d293-le64.cache-3
7f59fc06e000-7f59fc077000 r--s 00263000 08:16 1050329                    /usr/lib/jvm/java-7-openjdk-common/jre/lib/resources.jar
7f59fc077000-7f59fc07a000 r--s 0001a000 08:16 3677188                    /home/relissa/jmonkeyplatform/jmonkeyplatform/libs/xmlpull-xpp3.jar
7f59fc07a000-7f59fc07c000 r--s 0003c000 08:16 3677429                    /home/relissa/jmonkeyplatform/jmonkeyplatform/libs/vecmath.jar
7f59fc07c000-7f59fc07f000 ---p 00000000 00:00 0 
7f59fc07f000-7f59fc17d000 rw-p 00000000 00:00 0 
7f59fc17d000-7f59fc180000 ---p 00000000 00:00 0 
7f59fc180000-7f59fc27e000 rw-p 00000000 00:00 0 
7f59fc27e000-7f59fc27f000 ---p 00000000 00:00 0 
7f59fc27f000-7f59fc6ee000 rw-p 00000000 00:00 0 
7f59fc6ee000-7f59fc89d000 r--s 03e91000 08:16 3544596                    /usr/lib/jvm/java-7-openjdk-amd64/jre/lib/rt.jar
7f59fc89d000-7f59fc89e000 ---p 00000000 00:00 0 
7f59fc89e000-7f59fc99e000 rw-p 00000000 00:00 0 
7f59fc99e000-7f59fc99f000 ---p 00000000 00:00 0 
7f59fc99f000-7f59fcab3000 rw-p 00000000 00:00 0 
7f59fcab3000-7f59fcbd4000 rw-p 00000000 00:00 0 
7f59fcbd4000-7f59fcbdf000 rw-p 00000000 00:00 0 
7f59fcbdf000-7f59fcc27000 rw-p 00000000 00:00 0 
7f59fcc27000-7f59fcc3b000 rw-p 00000000 00:00 0 
7f59fcc3b000-7f59fcd5b000 rw-p 00000000 00:00 0 
7f59fcd5b000-7f59fcd66000 rw-p 00000000 00:00 0 
7f59fcd66000-7f59fcdf6000 rw-p 00000000 00:00 0 
7f59fcdf6000-7f59fcdf7000 rw-p 00000000 00:00 0 
7f59fcdf7000-7f59fd067000 rwxp 00000000 00:00 0 
7f59fd067000-7f59ffdf7000 rw-p 00000000 00:00 0 
7f59ffdf7000-7f59ffdff000 r-xp 00000000 08:16 3544581                    /usr/lib/jvm/java-7-openjdk-amd64/jre/lib/amd64/libzip.so
7f59ffdff000-7f59ffffe000 ---p 00008000 08:16 3544581                    /usr/lib/jvm/java-7-openjdk-amd64/jre/lib/amd64/libzip.so
7f59ffffe000-7f59fffff000 r--p 00007000 08:16 3544581                    /usr/lib/jvm/java-7-openjdk-amd64/jre/lib/amd64/libzip.so
7f59fffff000-7f5a00000000 rw-p 00008000 08:16 3544581                    /usr/lib/jvm/java-7-openjdk-amd64/jre/lib/amd64/libzip.so
7f5a00000000-7f5a00345000 rw-p 00000000 00:00 0 
7f5a00345000-7f5a04000000 ---p 00000000 00:00 0 
7f5a04000000-7f5a04002000 r--s 0000d000 08:16 3676956                    /home/relissa/jmonkeyplatform/jmonkeyplatform/libs/nifty-style-black.jar
7f5a04002000-7f5a04008000 r--s 00030000 08:16 3676642                    /home/relissa/jmonkeyplatform/jmonkeyplatform/libs/nifty-default-controls.jar
7f5a04008000-7f5a04012000 r--s 0006a000 08:16 3677370                    /home/relissa/jmonkeyplatform/jmonkeyplatform/libs/nifty.jar
7f5a04012000-7f5a04014000 r--s 00012000 08:16 3677292                    /home/relissa/jmonkeyplatform/jmonkeyplatform/libs/eventbus.jar
7f5a04014000-7f5a04021000 r--s 000d2000 08:16 3677369                    /home/relissa/jmonkeyplatform/jmonkeyplatform/libs/lwjgl.jar
7f5a04021000-7f5a04025000 r--s 00030000 08:16 3677346                    /home/relissa/jmonkeyplatform/jmonkeyplatform/libs/jinput.jar
7f5a04025000-7f5a0402f000 r--s 00079000 08:16 3677317                    /home/relissa/jmonkeyplatform/jmonkeyplatform/libs/jbullet.jar
7f5a0402f000-7f5a04030000 r--s 001f3000 08:16 3676914                    /home/relissa/jmonkeyplatform/jmonkeyplatform/libs/jME3-lwjgl-natives.jar
7f5a04030000-7f5a04031000 r--s 00009000 08:16 3677159                    /home/relissa/jmonkeyplatform/jmonkeyplatform/libs/j-ogg-vorbisd.jar
7f5a04031000-7f5a04033000 r--s 00005000 08:16 3677249                    /home/relissa/jmonkeyplatform/jmonkeyplatform/libs/j-ogg-oggd.jar
7f5a04033000-7f5a04036000 r--s 00020000 08:16 3677185                    /home/relissa/jmonkeyplatform/jmonkeyplatform/libs/jME3-jbullet.jar
7f5a04036000-7f5a04069000 rw-p 00000000 00:00 0 
7f5a04069000-7f5a040b1000 rw-p 00000000 00:00 0 
7f5a040b1000-7f5a040bd000 r-xp 00000000 08:16 5246630                    /lib/x86_64-linux-gnu/libnss_files-2.15.so
7f5a040bd000-7f5a042bc000 ---p 0000c000 08:16 5246630                    /lib/x86_64-linux-gnu/libnss_files-2.15.so
7f5a042bc000-7f5a042bd000 r--p 0000b000 08:16 5246630                    /lib/x86_64-linux-gnu/libnss_files-2.15.so
7f5a042bd000-7f5a042be000 rw-p 0000c000 08:16 5246630                    /lib/x86_64-linux-gnu/libnss_files-2.15.so
7f5a042be000-7f5a042c8000 r-xp 00000000 08:16 5246634                    /lib/x86_64-linux-gnu/libnss_nis-2.15.so
7f5a042c8000-7f5a044c8000 ---p 0000a000 08:16 5246634                    /lib/x86_64-linux-gnu/libnss_nis-2.15.so
7f5a044c8000-7f5a044c9000 r--p 0000a000 08:16 5246634                    /lib/x86_64-linux-gnu/libnss_nis-2.15.so
7f5a044c9000-7f5a044ca000 rw-p 0000b000 08:16 5246634                    /lib/x86_64-linux-gnu/libnss_nis-2.15.so
7f5a044ca000-7f5a044e1000 r-xp 00000000 08:16 5246624                    /lib/x86_64-linux-gnu/libnsl-2.15.so
7f5a044e1000-7f5a046e0000 ---p 00017000 08:16 5246624                    /lib/x86_64-linux-gnu/libnsl-2.15.so
7f5a046e0000-7f5a046e1000 r--p 00016000 08:16 5246624                    /lib/x86_64-linux-gnu/libnsl-2.15.so
7f5a046e1000-7f5a046e2000 rw-p 00017000 08:16 5246624                    /lib/x86_64-linux-gnu/libnsl-2.15.so
7f5a046e2000-7f5a046e4000 rw-p 00000000 00:00 0 
7f5a046e4000-7f5a046ec000 r-xp 00000000 08:16 5246626                    /lib/x86_64-linux-gnu/libnss_compat-2.15.so
7f5a046ec000-7f5a048eb000 ---p 00008000 08:16 5246626                    /lib/x86_64-linux-gnu/libnss_compat-2.15.so
7f5a048eb000-7f5a048ec000 r--p 00007000 08:16 5246626                    /lib/x86_64-linux-gnu/libnss_compat-2.15.so
7f5a048ec000-7f5a048ed000 rw-p 00008000 08:16 5246626                    /lib/x86_64-linux-gnu/libnss_compat-2.15.so
7f5a048ed000-7f5a04914000 r-xp 00000000 08:16 3544563                    /usr/lib/jvm/java-7-openjdk-amd64/jre/lib/amd64/libjava.so
7f5a04914000-7f5a04b13000 ---p 00027000 08:16 3544563                    /usr/lib/jvm/java-7-openjdk-amd64/jre/lib/amd64/libjava.so
7f5a04b13000-7f5a04b14000 r--p 00026000 08:16 3544563                    /usr/lib/jvm/java-7-openjdk-amd64/jre/lib/amd64/libjava.so
7f5a04b14000-7f5a04b16000 rw-p 00027000 08:16 3544563                    /usr/lib/jvm/java-7-openjdk-amd64/jre/lib/amd64/libjava.so
7f5a04b16000-7f5a04b24000 r-xp 00000000 08:16 3544574                    /usr/lib/jvm/java-7-openjdk-amd64/jre/lib/amd64/libverify.so
7f5a04b24000-7f5a04d23000 ---p 0000e000 08:16 3544574                    /usr/lib/jvm/java-7-openjdk-amd64/jre/lib/amd64/libverify.so
7f5a04d23000-7f5a04d25000 r--p 0000d000 08:16 3544574                    /usr/lib/jvm/java-7-openjdk-amd64/jre/lib/amd64/libverify.so
7f5a04d25000-7f5a04d26000 rw-p 0000f000 08:16 3544574                    /usr/lib/jvm/java-7-openjdk-amd64/jre/lib/amd64/libverify.so
7f5a04d26000-7f5a04d2d000 r-xp 00000000 08:16 5246665                    /lib/x86_64-linux-gnu/librt-2.15.so
7f5a04d2d000-7f5a04f2c000 ---p 00007000 08:16 5246665                    /lib/x86_64-linux-gnu/librt-2.15.so
7f5a04f2c000-7f5a04f2d000 r--p 00006000 08:16 5246665                    /lib/x86_64-linux-gnu/librt-2.15.so
7f5a04f2d000-7f5a04f2e000 rw-p 00007000 08:16 5246665                    /lib/x86_64-linux-gnu/librt-2.15.so
7f5a04f2e000-7f5a04f43000 r-xp 00000000 08:16 5246600                    /lib/x86_64-linux-gnu/libgcc_s.so.1
7f5a04f43000-7f5a05142000 ---p 00015000 08:16 5246600                    /lib/x86_64-linux-gnu/libgcc_s.so.1
7f5a05142000-7f5a05143000 r--p 00014000 08:16 5246600                    /lib/x86_64-linux-gnu/libgcc_s.so.1
7f5a05143000-7f5a05144000 rw-p 00015000 08:16 5246600                    /lib/x86_64-linux-gnu/libgcc_s.so.1
7f5a05144000-7f5a0523d000 r-xp 00000000 08:16 5246611                    /lib/x86_64-linux-gnu/libm-2.15.so
7f5a0523d000-7f5a0543c000 ---p 000f9000 08:16 5246611                    /lib/x86_64-linux-gnu/libm-2.15.so
7f5a0543c000-7f5a0543d000 r--p 000f8000 08:16 5246611                    /lib/x86_64-linux-gnu/libm-2.15.so
7f5a0543d000-7f5a0543e000 rw-p 000f9000 08:16 5246611                    /lib/x86_64-linux-gnu/libm-2.15.so
7f5a0543e000-7f5a05520000 r-xp 00000000 08:16 1056535                    /usr/lib/x86_64-linux-gnu/libstdc++.so.6.0.16
7f5a05520000-7f5a0571f000 ---p 000e2000 08:16 1056535                    /usr/lib/x86_64-linux-gnu/libstdc++.so.6.0.16
7f5a0571f000-7f5a05727000 r--p 000e1000 08:16 1056535                    /usr/lib/x86_64-linux-gnu/libstdc++.so.6.0.16
7f5a05727000-7f5a05729000 rw-p 000e9000 08:16 1056535                    /usr/lib/x86_64-linux-gnu/libstdc++.so.6.0.16
7f5a05729000-7f5a0573e000 rw-p 00000000 00:00 0 
7f5a0573e000-7f5a060d1000 r-xp 00000000 08:16 3544559                    /usr/lib/jvm/java-7-openjdk-amd64/jre/lib/amd64/server/libjvm.so
7f5a060d1000-7f5a062d1000 ---p 00993000 08:16 3544559                    /usr/lib/jvm/java-7-openjdk-amd64/jre/lib/amd64/server/libjvm.so
7f5a062d1000-7f5a0634b000 r--p 00993000 08:16 3544559                    /usr/lib/jvm/java-7-openjdk-amd64/jre/lib/amd64/server/libjvm.so
7f5a0634b000-7f5a0636d000 rw-p 00a0d000 08:16 3544559                    /usr/lib/jvm/java-7-openjdk-amd64/jre/lib/amd64/server/libjvm.so
7f5a0636d000-7f5a06398000 rw-p 00000000 00:00 0 
7f5a06398000-7f5a063b0000 r-xp 00000000 08:16 5246659                    /lib/x86_64-linux-gnu/libpthread-2.15.so
7f5a063b0000-7f5a065af000 ---p 00018000 08:16 5246659                    /lib/x86_64-linux-gnu/libpthread-2.15.so
7f5a065af000-7f5a065b0000 r--p 00017000 08:16 5246659                    /lib/x86_64-linux-gnu/libpthread-2.15.so
7f5a065b0000-7f5a065b1000 rw-p 00018000 08:16 5246659                    /lib/x86_64-linux-gnu/libpthread-2.15.so
7f5a065b1000-7f5a065b5000 rw-p 00000000 00:00 0 
7f5a065b5000-7f5a065cb000 r-xp 00000000 08:16 5246690                    /lib/x86_64-linux-gnu/libz.so.1.2.3.4
7f5a065cb000-7f5a067ca000 ---p 00016000 08:16 5246690                    /lib/x86_64-linux-gnu/libz.so.1.2.3.4
7f5a067ca000-7f5a067cb000 r--p 00015000 08:16 5246690                    /lib/x86_64-linux-gnu/libz.so.1.2.3.4
7f5a067cb000-7f5a067cc000 rw-p 00016000 08:16 5246690                    /lib/x86_64-linux-gnu/libz.so.1.2.3.4
7f5a067cc000-7f5a067ce000 r-xp 00000000 08:16 5246592                    /lib/x86_64-linux-gnu/libdl-2.15.so
7f5a067ce000-7f5a069ce000 ---p 00002000 08:16 5246592                    /lib/x86_64-linux-gnu/libdl-2.15.so
7f5a069ce000-7f5a069cf000 r--p 00002000 08:16 5246592                    /lib/x86_64-linux-gnu/libdl-2.15.so
7f5a069cf000-7f5a069d0000 rw-p 00003000 08:16 5246592                    /lib/x86_64-linux-gnu/libdl-2.15.so
7f5a069d0000-7f5a06b83000 r-xp 00000000 08:16 5246579                    /lib/x86_64-linux-gnu/libc-2.15.so
7f5a06b83000-7f5a06d82000 ---p 001b3000 08:16 5246579                    /lib/x86_64-linux-gnu/libc-2.15.so
7f5a06d82000-7f5a06d86000 r--p 001b2000 08:16 5246579                    /lib/x86_64-linux-gnu/libc-2.15.so
7f5a06d86000-7f5a06d88000 rw-p 001b6000 08:16 5246579                    /lib/x86_64-linux-gnu/libc-2.15.so
7f5a06d88000-7f5a06d8d000 rw-p 00000000 00:00 0 
7f5a06d8d000-7f5a06d99000 r-xp 00000000 08:16 3544565                    /usr/lib/jvm/java-7-openjdk-amd64/jre/lib/amd64/jli/libjli.so
7f5a06d99000-7f5a06f99000 ---p 0000c000 08:16 3544565                    /usr/lib/jvm/java-7-openjdk-amd64/jre/lib/amd64/jli/libjli.so
7f5a06f99000-7f5a06f9a000 r--p 0000c000 08:16 3544565                    /usr/lib/jvm/java-7-openjdk-amd64/jre/lib/amd64/jli/libjli.so
7f5a06f9a000-7f5a06f9b000 rw-p 0000d000 08:16 3544565                    /usr/lib/jvm/java-7-openjdk-amd64/jre/lib/amd64/jli/libjli.so
7f5a06f9b000-7f5a06fbd000 r-xp 00000000 08:16 5246559                    /lib/x86_64-linux-gnu/ld-2.15.so
7f5a06fbd000-7f5a06fbe000 r--s 00000000 08:16 1846509                    /var/cache/fontconfig/5a76b20910bc01daa5b6abd117531ab8-le64.cache-3
7f5a06fbe000-7f5a06fd9000 r--s 00228000 08:16 3677111                    /home/relissa/jmonkeyplatform/jmonkeyplatform/libs/jMonkeyEngine3.jar
7f5a06fd9000-7f5a06fe3000 rw-p 00000000 00:00 0 
7f5a06fe3000-7f5a07099000 rw-p 00000000 00:00 0 
7f5a07099000-7f5a0709c000 ---p 00000000 00:00 0 
7f5a0709c000-7f5a0719f000 rw-p 00000000 00:00 0 
7f5a0719f000-7f5a071a0000 r--s 00006000 08:16 3676784                    /home/relissa/jmonkeyplatform/jmonkeyplatform/libs/noise-0.0.1-SNAPSHOT.jar
7f5a071a0000-7f5a071a1000 r--s 0000b000 08:16 3677222                    /home/relissa/jmonkeyplatform/jmonkeyplatform/libs/stack-alloc.jar
7f5a071a1000-7f5a071a4000 r--s 00032000 08:16 1050313                    /usr/lib/jvm/java-7-openjdk-common/jre/lib/ext/sunjce_provider.jar
7f5a071a4000-7f5a071a6000 r--s 00012000 08:16 1050314                    /usr/lib/jvm/java-7-openjdk-common/jre/lib/ext/zipfs.jar
7f5a071a6000-7f5a071a7000 r--s 00002000 08:16 1050311                    /usr/lib/jvm/java-7-openjdk-common/jre/lib/ext/dnsns.jar
7f5a071a7000-7f5a071aa000 r--s 00085000 08:16 1050312                    /usr/lib/jvm/java-7-openjdk-common/jre/lib/ext/localedata.jar
7f5a071aa000-7f5a071ad000 r--s 0000f000 08:16 1050315                    /usr/lib/jvm/java-7-openjdk-common/jre/lib/ext/pulse-java.jar
7f5a071ad000-7f5a071ae000 r--s 00007000 08:16 1453403                    /usr/share/java/java-atk-wrapper.jar
7f5a071ae000-7f5a071b1000 r--s 0003c000 08:16 1050310                    /usr/lib/jvm/java-7-openjdk-common/jre/lib/ext/sunpkcs11.jar
7f5a071b1000-7f5a071b9000 rw-s 00000000 08:16 4063325                    /tmp/hsperfdata_relissa/8959 (deleted)
7f5a071b9000-7f5a071ba000 rw-p 00000000 00:00 0 
7f5a071ba000-7f5a071bb000 ---p 00000000 00:00 0 
7f5a071bb000-7f5a071bd000 rw-p 00000000 00:00 0 
7f5a071bd000-7f5a071be000 r--p 00022000 08:16 5246559                    /lib/x86_64-linux-gnu/ld-2.15.so
7f5a071be000-7f5a071c0000 rw-p 00023000 08:16 5246559                    /lib/x86_64-linux-gnu/ld-2.15.so
7fffaf6fd000-7fffaf71e000 rw-p 00000000 00:00 0                          [stack]
7fffaf78e000-7fffaf78f000 r-xp 00000000 00:00 0                          [vdso]
ffffffffff600000-ffffffffff601000 r-xp 00000000 00:00 0                  [vsyscall]

VM Arguments:
jvm_args: -Dfile.encoding=UTF-8 
java_command: OCLP.Main
Launcher Type: SUN_STANDARD

Environment Variables:
PATH=/usr/lib/lightdm/lightdm:/usr/local/sbin:/usr/local/bin:/usr/sbin:/usr/bin:/sbin:/bin:/usr/games
SHELL=/bin/bash
DISPLAY=:0

Signal Handlers:
SIGSEGV: [libjvm.so+0x8065e0], sa_mask[0]=0x7ffbfeff, sa_flags=0x10000004
SIGBUS: [libjvm.so+0x8065e0], sa_mask[0]=0x7ffbfeff, sa_flags=0x10000004
SIGFPE: [libjvm.so+0x6ac6d0], sa_mask[0]=0x7ffbfeff, sa_flags=0x10000004
SIGPIPE: [libjvm.so+0x6ac6d0], sa_mask[0]=0x7ffbfeff, sa_flags=0x10000004
SIGXFSZ: [libjvm.so+0x6ac6d0], sa_mask[0]=0x7ffbfeff, sa_flags=0x10000004
SIGILL: [libjvm.so+0x6ac6d0], sa_mask[0]=0x7ffbfeff, sa_flags=0x10000004
SIGUSR1: SIG_DFL, sa_mask[0]=0x00000000, sa_flags=0x00000000
SIGUSR2: [libjvm.so+0x6acaa0], sa_mask[0]=0x00000004, sa_flags=0x10000004
SIGHUP: [libjvm.so+0x6acbe0], sa_mask[0]=0x7ffbfeff, sa_flags=0x10000004
SIGINT: SIG_IGN, sa_mask[0]=0x00000000, sa_flags=0x00000000
SIGTERM: [libjvm.so+0x6acbe0], sa_mask[0]=0x7ffbfeff, sa_flags=0x10000004
SIGQUIT: [libjvm.so+0x6acbe0], sa_mask[0]=0x7ffbfeff, sa_flags=0x10000004


---------------  S Y S T E M  ---------------

OS:Ubuntu 12.04 (precise)
uname:Linux 3.2.0-24-generic #39-Ubuntu SMP Mon May 21 16:52:17 UTC 2012 x86_64
libc:glibc 2.15 NPTL 2.15 
rlimit: STACK 8192k, CORE 0k, NPROC 28916, NOFILE 4096, AS infinity
load average:1.45 1.61 1.52

/proc/meminfo:
MemTotal:        3791568 kB
MemFree:          799924 kB
Buffers:          136388 kB
Cached:          1283468 kB
SwapCached:          448 kB
Active:          1696680 kB
Inactive:         967008 kB
Active(anon):    1024832 kB
Inactive(anon):   231760 kB
Active(file):     671848 kB
Inactive(file):   735248 kB
Unevictable:           0 kB
Mlocked:               0 kB
SwapTotal:        999420 kB
SwapFree:         997980 kB
Dirty:               404 kB
Writeback:             0 kB
AnonPages:       1243360 kB
Mapped:           218160 kB
Shmem:             12756 kB
Slab:             145276 kB
SReclaimable:     119140 kB
SUnreclaim:        26136 kB
KernelStack:        3120 kB
PageTables:        31096 kB
NFS_Unstable:          0 kB
Bounce:                0 kB
WritebackTmp:          0 kB
CommitLimit:     2895204 kB
Committed_AS:    2790728 kB
VmallocTotal:   34359738367 kB
VmallocUsed:      300648 kB
VmallocChunk:   34359435432 kB
HardwareCorrupted:     0 kB
AnonHugePages:         0 kB
HugePages_Total:       0
HugePages_Free:        0
HugePages_Rsvd:        0
HugePages_Surp:        0
Hugepagesize:       2048 kB
DirectMap4k:     3659264 kB
DirectMap2M:      272384 kB
DirectMap1G:           0 kB


CPU:total 2 (2 cores per cpu, 1 threads per core) family 16 model 6 stepping 2, cmov, cx8, fxsr, mmx, sse, sse2, sse3, popcnt, mmxext, 3dnowpref, lzcnt, sse4a

/proc/cpuinfo:
processor	: 0
vendor_id	: AuthenticAMD
cpu family	: 16
model		: 6
model name	: AMD Athlon(tm) II X2 215 Processor
stepping	: 2
microcode	: 0x100009f
cpu MHz		: 2700.000
cache size	: 512 KB
physical id	: 0
siblings	: 2
core id		: 0
cpu cores	: 2
apicid		: 0
initial apicid	: 0
fpu		: yes
fpu_exception	: yes
cpuid level	: 5
wp		: yes
flags		: fpu vme de pse tsc msr pae mce cx8 apic sep mtrr pge mca cmov pat pse36 clflush mmx fxsr sse sse2 ht syscall nx mmxext fxsr_opt pdpe1gb rdtscp lm 3dnowext 3dnow constant_tsc rep_good nopl nonstop_tsc extd_apicid pni monitor cx16 popcnt lahf_lm cmp_legacy svm extapic cr8_legacy abm sse4a misalignsse 3dnowprefetch osvw ibs skinit wdt npt lbrv svm_lock nrip_save
bogomips	: 5400.31
TLB size	: 1024 4K pages
clflush size	: 64
cache_alignment	: 64
address sizes	: 48 bits physical, 48 bits virtual
power management: ts ttp tm stc 100mhzsteps hwpstate

processor	: 1
vendor_id	: AuthenticAMD
cpu family	: 16
model		: 6
model name	: AMD Athlon(tm) II X2 215 Processor
stepping	: 2
microcode	: 0x100009f
cpu MHz		: 2700.000
cache size	: 512 KB
physical id	: 0
siblings	: 2
core id		: 1
cpu cores	: 2
apicid		: 1
initial apicid	: 1
fpu		: yes
fpu_exception	: yes
cpuid level	: 5
wp		: yes
flags		: fpu vme de pse tsc msr pae mce cx8 apic sep mtrr pge mca cmov pat pse36 clflush mmx fxsr sse sse2 ht syscall nx mmxext fxsr_opt pdpe1gb rdtscp lm 3dnowext 3dnow constant_tsc rep_good nopl nonstop_tsc extd_apicid pni monitor cx16 popcnt lahf_lm cmp_legacy svm extapic cr8_legacy abm sse4a misalignsse 3dnowprefetch osvw ibs skinit wdt npt lbrv svm_lock nrip_save
bogomips	: 5386.51
TLB size	: 1024 4K pages
clflush size	: 64
cache_alignment	: 64
address sizes	: 48 bits physical, 48 bits virtual
power management: ts ttp tm stc 100mhzsteps hwpstate



Memory: 4k page, physical 3791568k(799924k free), swap 999420k(997980k free)

vm_info: OpenJDK 64-Bit Server VM (22.0-b10) for linux-amd64 JRE (1.7.0_03-b147), built on May  2 2012 16:57:58 by "buildd" with gcc 4.6.3

time: Sat Jun  9 12:51:41 2012
elapsed time: 5 seconds

