#
# A fatal error has been detected by the Java Runtime Environment:
#
#  SIGSEGV (0xb) at pc=0x00007f1b9437bc58, pid=7899, tid=139756519212800
#
# JRE version: 7.0_03-b147
# Java VM: OpenJDK 64-Bit Server VM (22.0-b10 mixed mode linux-amd64 compressed oops)
# Derivative: IcedTea7 2.1.1pre
# Distribution: Ubuntu 12.04 LTS, package 7~u3-2.1.1~pre1-1ubuntu3
# Problematic frame:
# C  [libX11.so.6+0x33c58]  XQueryExtension+0x28
#
# Failed to write core dump. Core dumps have been disabled. To enable core dumping, try "ulimit -c unlimited" before starting Java again
#
# If you would like to submit a bug report, please include
# instructions on how to reproduce the bug and visit:
#   https://bugs.launchpad.net/ubuntu/+source/openjdk-7/
#

---------------  T H R E A D  ---------------

Current thread is native thread

siginfo:si_signo=SIGSEGV: si_errno=0, si_code=1 (SEGV_MAPERR), si_addr=0x000000004c01a068

Registers:
RAX=0x0000000002132ba0, RBX=0x000000004c019700, RCX=0x00007fff0ebeccb8, RDX=0x00007fff0ebeccb4
RSP=0x00007fff0ebecc50, RBP=0x00007f1b5c6c2932, RSI=0x00007f1b5c6c2932, RDI=0x000000004c019700
R8 =0x00007fff0ebeccbc, R9 =0x0000000000000000, R10=0x00007f1b996dafa8, R11=0x00007f1b9935cca0
R12=0x0000000000000000, R13=0x00007f1b5c6c2932, R14=0x0000000002132ba0, R15=0x0000000000000000
RIP=0x00007f1b9437bc58, EFLAGS=0x0000000000010206, CSGSFS=0x0000000000000033, ERR=0x0000000000000004
  TRAPNO=0x000000000000000e

Top of Stack: (sp=0x00007fff0ebecc50)
0x00007fff0ebecc50:   00007f1b9932f790 00007f1b99aef000
0x00007fff0ebecc60:   00007f1b98ceb070 00007f1b99aee000
0x00007fff0ebecc70:   00000000ffffffff 000000004c019700
0x00007fff0ebecc80:   00007f1b5c6c2932 0000000000000000
0x00007fff0ebecc90:   00007f1b5c6c2932 0000000002132ba0
0x00007fff0ebecca0:   0000000000000000 00007f1b9436fc55
0x00007fff0ebeccb0:   00007f1b99b0f048 00007f1b5c7fb520
0x00007fff0ebeccc0:   00007f1b5c7fb520 000000004c019700
0x00007fff0ebeccd0:   00007f1b4c036fd0 00007f1b9468902b
0x00007fff0ebecce0:   00007f1b9932f790 0000001100000061
0x00007fff0ebeccf0:   00007fff0ebecd70 0000000000000000
0x00007fff0ebecd00:   00007fff0ebecd70 000000004c019700
0x00007fff0ebecd10:   0000000000000000 00007f1b99b0f048
0x00007fff0ebecd20:   00007f1b5c814d50 00007f1b5c669119
0x00007fff0ebecd30:   0000000000000000 0000000000000061
0x00007fff0ebecd40:   00007fff0ebecd70 00007fff0ebecd90
0x00007fff0ebecd50:   0000000000000000 00007f1b99b0f048
0x00007fff0ebecd60:   00007f1b4c01c3a0 00007f1b5c65fb42
0x00007fff0ebecd70:   00007fff0ebed110 00007f1b5c6c28b1
0x00007fff0ebecd80:   0000000000000061 00007f1b998fb92d
0x00007fff0ebecd90:   00007f1b99b102c8 00007f1b99b10858
0x00007fff0ebecda0:   00007f1b99b0d6a8 00007f1b90006570
0x00007fff0ebecdb0:   00007f1b90007080 00007f1b90007580
0x00007fff0ebecdc0:   00007f1b9000c260 00007f1b441a1d10
0x00007fff0ebecdd0:   00007f1b442012e0 00007f1b441bfd20
0x00007fff0ebecde0:   00007f1b4c00bc70 00007f1b4c00a8e0
0x00007fff0ebecdf0:   00007f1b901d12c0 00007f1b901d6060
0x00007fff0ebece00:   00007f1b901dd770 00007f1b901dd240
0x00007fff0ebece10:   00007f1b901dcd20 00007f1b901e20f0
0x00007fff0ebece20:   00007f1b901e1be0 00007f1b901e3440
0x00007fff0ebece30:   00007f1b901e16e0 00007f1b901dc7f0
0x00007fff0ebece40:   00007f1b901e0210 00007f1b901e2db0 

Instructions: (pc=0x00007f1b9437bc58)
0x00007f1b9437bc38:   24 d8 48 89 fb 4c 89 64 24 e0 4c 89 6c 24 e8 48
0x00007f1b9437bc48:   89 f5 4c 89 74 24 f0 4c 89 7c 24 f8 48 83 ec 58
0x00007f1b9437bc58:   48 8b 87 68 09 00 00 49 89 d4 49 89 cd 4d 89 c6
0x00007f1b9437bc68:   48 85 c0 74 02 ff 10 ba 08 00 00 00 be 62 00 00 

Register to memory mapping:

RAX=0x0000000002132ba0 is an unknown value
RBX=0x000000004c019700 is an unknown value
RCX=0x00007fff0ebeccb8 is an unknown value
RDX=0x00007fff0ebeccb4 is an unknown value
RSP=0x00007fff0ebecc50 is an unknown value
RBP=0x00007f1b5c6c2932: <offset 0x96932> in /usr/lib/fglrx/libGL.so.1 at 0x00007f1b5c62c000
RSI=0x00007f1b5c6c2932: <offset 0x96932> in /usr/lib/fglrx/libGL.so.1 at 0x00007f1b5c62c000
RDI=0x000000004c019700 is an unknown value
R8 =0x00007fff0ebeccbc is an unknown value
R9 =0x0000000000000000 is an unknown value
R10=0x00007f1b996dafa8: <offset 0x3b9fa8> in /lib/x86_64-linux-gnu/libc.so.6 at 0x00007f1b99321000
R11=0x00007f1b9935cca0: __cxa_finalize+0 in /lib/x86_64-linux-gnu/libc.so.6 at 0x00007f1b99321000
R12=0x0000000000000000 is an unknown value
R13=0x00007f1b5c6c2932: <offset 0x96932> in /usr/lib/fglrx/libGL.so.1 at 0x00007f1b5c62c000
R14=0x0000000002132ba0 is an unknown value
R15=0x0000000000000000 is an unknown value


Stack: [0x00007fff0eaef000,0x00007fff0ebef000],  sp=0x00007fff0ebecc50,  free space=1015k
Native frames: (J=compiled Java code, j=interpreted, Vv=VM code, C=native code)
C  [libX11.so.6+0x33c58]  XQueryExtension+0x28


---------------  P R O C E S S  ---------------

VM state:at safepoint (shutting down)

VM Mutex/Monitor currently owned by a thread:  ([mutex/lock_event])
[0x00007f1b90004940] Threads_lock - owner thread: 0x00007f1b9009b800

Heap
 PSYoungGen      total 17280K, used 13976K [0x00000000ecb60000, 0x00000000edea0000, 0x0000000100000000)
  eden space 14848K, 77% used [0x00000000ecb60000,0x00000000ed6aa300,0x00000000ed9e0000)
  from space 2432K, 99% used [0x00000000ed9e0000,0x00000000edc3c020,0x00000000edc40000)
  to   space 2432K, 0% used [0x00000000edc40000,0x00000000edc40000,0x00000000edea0000)
 PSOldGen        total 39552K, used 2107K [0x00000000c6200000, 0x00000000c88a0000, 0x00000000ecb60000)
  object space 39552K, 5% used [0x00000000c6200000,0x00000000c640ec00,0x00000000c88a0000)
 PSPermGen       total 21248K, used 20422K [0x00000000bbc00000, 0x00000000bd0c0000, 0x00000000c6200000)
  object space 21248K, 96% used [0x00000000bbc00000,0x00000000bcff18e8,0x00000000bd0c0000)

Code Cache  [0x00007f1b8d000000, 0x00007f1b8d270000, 0x00007f1b90000000)
 total_blobs=700 nmethods=97 adapters=556 free_code_cache=48326Kb largest_free_block=49464960

Dynamic libraries:
00400000-00401000 r-xp 00000000 08:16 3544606                            /usr/lib/jvm/java-7-openjdk-amd64/jre/bin/java
00600000-00601000 r--p 00000000 08:16 3544606                            /usr/lib/jvm/java-7-openjdk-amd64/jre/bin/java
00601000-00602000 rw-p 00001000 08:16 3544606                            /usr/lib/jvm/java-7-openjdk-amd64/jre/bin/java
02130000-02151000 rw-p 00000000 00:00 0                                  [heap]
bbc00000-bd0c0000 rw-p 00000000 00:00 0 
bd0c0000-c6200000 rw-p 00000000 00:00 0 
c6200000-c88a0000 rw-p 00000000 00:00 0 
c88a0000-ecb60000 rw-p 00000000 00:00 0 
ecb60000-edea0000 rw-p 00000000 00:00 0 
edea0000-100000000 rw-p 00000000 00:00 0 
7f1b44000000-7f1b44409000 rw-p 00000000 00:00 0 
7f1b44409000-7f1b48000000 ---p 00000000 00:00 0 
7f1b4a772000-7f1b4a7b0000 r-xp 00000000 08:16 1056348                    /usr/lib/x86_64-linux-gnu/libjpeg.so.8.0.2
7f1b4a7b0000-7f1b4a9af000 ---p 0003e000 08:16 1056348                    /usr/lib/x86_64-linux-gnu/libjpeg.so.8.0.2
7f1b4a9af000-7f1b4a9b0000 r--p 0003d000 08:16 1056348                    /usr/lib/x86_64-linux-gnu/libjpeg.so.8.0.2
7f1b4a9b0000-7f1b4a9b1000 rw-p 0003e000 08:16 1056348                    /usr/lib/x86_64-linux-gnu/libjpeg.so.8.0.2
7f1b4a9b1000-7f1b4a9c1000 rw-p 00000000 00:00 0 
7f1b4a9c1000-7f1b4a9ca000 r-xp 00000000 08:16 3544590                    /usr/lib/jvm/java-7-openjdk-amd64/jre/lib/amd64/libjavajpeg.so
7f1b4a9ca000-7f1b4abc9000 ---p 00009000 08:16 3544590                    /usr/lib/jvm/java-7-openjdk-amd64/jre/lib/amd64/libjavajpeg.so
7f1b4abc9000-7f1b4abca000 r--p 00008000 08:16 3544590                    /usr/lib/jvm/java-7-openjdk-amd64/jre/lib/amd64/libjavajpeg.so
7f1b4abca000-7f1b4abcb000 rw-p 00009000 08:16 3544590                    /usr/lib/jvm/java-7-openjdk-amd64/jre/lib/amd64/libjavajpeg.so
7f1b4abcb000-7f1b4abcc000 ---p 00000000 00:00 0 
7f1b4abcc000-7f1b4b3cc000 rw-p 00000000 00:00 0 
7f1b4b3cc000-7f1b4b3cd000 ---p 00000000 00:00 0 
7f1b4b3cd000-7f1b4bbcd000 rw-p 00000000 00:00 0 
7f1b4bbcd000-7f1b4bbd3000 r-xp 00000000 08:16 1056418                    /usr/lib/x86_64-linux-gnu/libogg.so.0.7.1
7f1b4bbd3000-7f1b4bdd2000 ---p 00006000 08:16 1056418                    /usr/lib/x86_64-linux-gnu/libogg.so.0.7.1
7f1b4bdd2000-7f1b4bdd3000 r--p 00005000 08:16 1056418                    /usr/lib/x86_64-linux-gnu/libogg.so.0.7.1
7f1b4bdd3000-7f1b4bdd4000 rw-p 00006000 08:16 1056418                    /usr/lib/x86_64-linux-gnu/libogg.so.0.7.1
7f1b4bdd4000-7f1b4bdff000 r-xp 00000000 08:16 1056576                    /usr/lib/x86_64-linux-gnu/libvorbis.so.0.4.5
7f1b4bdff000-7f1b4bffe000 ---p 0002b000 08:16 1056576                    /usr/lib/x86_64-linux-gnu/libvorbis.so.0.4.5
7f1b4bffe000-7f1b4bfff000 r--p 0002a000 08:16 1056576                    /usr/lib/x86_64-linux-gnu/libvorbis.so.0.4.5
7f1b4bfff000-7f1b4c000000 rw-p 0002b000 08:16 1056576                    /usr/lib/x86_64-linux-gnu/libvorbis.so.0.4.5
7f1b4c000000-7f1b4c8d3000 rw-p 00000000 00:00 0 
7f1b4c8d3000-7f1b50000000 ---p 00000000 00:00 0 
7f1b50000000-7f1b50021000 rw-p 00000000 00:00 0 
7f1b50021000-7f1b54000000 ---p 00000000 00:00 0 
7f1b540f4000-7f1b543a7000 r-xp 00000000 08:16 1056578                    /usr/lib/x86_64-linux-gnu/libvorbisenc.so.2.0.8
7f1b543a7000-7f1b545a6000 ---p 002b3000 08:16 1056578                    /usr/lib/x86_64-linux-gnu/libvorbisenc.so.2.0.8
7f1b545a6000-7f1b545c2000 r--p 002b2000 08:16 1056578                    /usr/lib/x86_64-linux-gnu/libvorbisenc.so.2.0.8
7f1b545c2000-7f1b545c3000 rw-p 002ce000 08:16 1056578                    /usr/lib/x86_64-linux-gnu/libvorbisenc.so.2.0.8
7f1b545c3000-7f1b5460b000 r-xp 00000000 08:16 1055951                    /usr/lib/x86_64-linux-gnu/libFLAC.so.8.2.0
7f1b5460b000-7f1b5480b000 ---p 00048000 08:16 1055951                    /usr/lib/x86_64-linux-gnu/libFLAC.so.8.2.0
7f1b5480b000-7f1b5480c000 r--p 00048000 08:16 1055951                    /usr/lib/x86_64-linux-gnu/libFLAC.so.8.2.0
7f1b5480c000-7f1b5480d000 rw-p 00049000 08:16 1055951                    /usr/lib/x86_64-linux-gnu/libFLAC.so.8.2.0
7f1b5480d000-7f1b54812000 r-xp 00000000 08:16 1056065                    /usr/lib/x86_64-linux-gnu/libasyncns.so.0.3.1
7f1b54812000-7f1b54a11000 ---p 00005000 08:16 1056065                    /usr/lib/x86_64-linux-gnu/libasyncns.so.0.3.1
7f1b54a11000-7f1b54a12000 r--p 00004000 08:16 1056065                    /usr/lib/x86_64-linux-gnu/libasyncns.so.0.3.1
7f1b54a12000-7f1b54a13000 rw-p 00005000 08:16 1056065                    /usr/lib/x86_64-linux-gnu/libasyncns.so.0.3.1
7f1b54a13000-7f1b54a73000 r-xp 00000000 08:16 1056513                    /usr/lib/x86_64-linux-gnu/libsndfile.so.1.0.25
7f1b54a73000-7f1b54c73000 ---p 00060000 08:16 1056513                    /usr/lib/x86_64-linux-gnu/libsndfile.so.1.0.25
7f1b54c73000-7f1b54c75000 r--p 00060000 08:16 1056513                    /usr/lib/x86_64-linux-gnu/libsndfile.so.1.0.25
7f1b54c75000-7f1b54c76000 rw-p 00062000 08:16 1056513                    /usr/lib/x86_64-linux-gnu/libsndfile.so.1.0.25
7f1b54c76000-7f1b54c7a000 rw-p 00000000 00:00 0 
7f1b54c7a000-7f1b54c82000 r-xp 00000000 08:16 5246688                    /lib/x86_64-linux-gnu/libwrap.so.0.7.6
7f1b54c82000-7f1b54e81000 ---p 00008000 08:16 5246688                    /lib/x86_64-linux-gnu/libwrap.so.0.7.6
7f1b54e81000-7f1b54e82000 r--p 00007000 08:16 5246688                    /lib/x86_64-linux-gnu/libwrap.so.0.7.6
7f1b54e82000-7f1b54e83000 rw-p 00008000 08:16 5246688                    /lib/x86_64-linux-gnu/libwrap.so.0.7.6
7f1b54e83000-7f1b54edf000 r-xp 00000000 08:16 1055773                    /usr/lib/x86_64-linux-gnu/libpulsecommon-1.1.so
7f1b54edf000-7f1b550df000 ---p 0005c000 08:16 1055773                    /usr/lib/x86_64-linux-gnu/libpulsecommon-1.1.so
7f1b550df000-7f1b550e0000 r--p 0005c000 08:16 1055773                    /usr/lib/x86_64-linux-gnu/libpulsecommon-1.1.so
7f1b550e0000-7f1b550e1000 rw-p 0005d000 08:16 1055773                    /usr/lib/x86_64-linux-gnu/libpulsecommon-1.1.so
7f1b550e1000-7f1b550e8000 r-xp 00000000 08:16 1056352                    /usr/lib/x86_64-linux-gnu/libjson.so.0.0.1
7f1b550e8000-7f1b552e7000 ---p 00007000 08:16 1056352                    /usr/lib/x86_64-linux-gnu/libjson.so.0.0.1
7f1b552e7000-7f1b552e8000 r--p 00006000 08:16 1056352                    /usr/lib/x86_64-linux-gnu/libjson.so.0.0.1
7f1b552e8000-7f1b552e9000 rw-p 00007000 08:16 1056352                    /usr/lib/x86_64-linux-gnu/libjson.so.0.0.1
7f1b552e9000-7f1b5532f000 r-xp 00000000 08:16 1055774                    /usr/lib/x86_64-linux-gnu/libpulse.so.0.13.5
7f1b5532f000-7f1b5552f000 ---p 00046000 08:16 1055774                    /usr/lib/x86_64-linux-gnu/libpulse.so.0.13.5
7f1b5552f000-7f1b55530000 r--p 00046000 08:16 1055774                    /usr/lib/x86_64-linux-gnu/libpulse.so.0.13.5
7f1b55530000-7f1b55531000 rw-p 00047000 08:16 1055774                    /usr/lib/x86_64-linux-gnu/libpulse.so.0.13.5
7f1b55531000-7f1b55c31000 rw-s 19078000 00:05 9165                       /dev/ati/card0
7f1b55c31000-7f1b57b8b000 r-xp 00000000 08:16 1054642                    /usr/lib/fglrx/dri/fglrx_dri.so
7f1b57b8b000-7f1b57c8b000 ---p 01f5a000 08:16 1054642                    /usr/lib/fglrx/dri/fglrx_dri.so
7f1b57c8b000-7f1b57dd9000 rwxp 01f5a000 08:16 1054642                    /usr/lib/fglrx/dri/fglrx_dri.so
7f1b57dd9000-7f1b57eff000 rwxp 00000000 00:00 0 
7f1b57eff000-7f1b57f02000 ---p 00000000 00:00 0 
7f1b57f02000-7f1b58000000 rw-p 00000000 00:00 0 
7f1b58000000-7f1b58021000 rw-p 00000000 00:00 0 
7f1b58021000-7f1b5c000000 ---p 00000000 00:00 0 
7f1b5c075000-7f1b5c078000 ---p 00000000 00:00 0 
7f1b5c078000-7f1b5c176000 rw-p 00000000 00:00 0 
7f1b5c3ce000-7f1b5c409000 r-xp 00000000 08:16 1054638                    /usr/lib/fglrx/libatiadlxx.so
7f1b5c409000-7f1b5c509000 ---p 0003b000 08:16 1054638                    /usr/lib/fglrx/libatiadlxx.so
7f1b5c509000-7f1b5c512000 rw-p 0003b000 08:16 1054638                    /usr/lib/fglrx/libatiadlxx.so
7f1b5c512000-7f1b5c523000 rw-p 00000000 00:00 0 
7f1b5c523000-7f1b5c52a000 r-xp 00000000 08:16 1054658                    /usr/lib/fglrx/libatiuki.so.1.0
7f1b5c52a000-7f1b5c62a000 ---p 00007000 08:16 1054658                    /usr/lib/fglrx/libatiuki.so.1.0
7f1b5c62a000-7f1b5c62b000 rw-p 00007000 08:16 1054658                    /usr/lib/fglrx/libatiuki.so.1.0
7f1b5c62b000-7f1b5c62c000 rw-p 00000000 00:00 0 
7f1b5c62c000-7f1b5c6ef000 r-xp 00000000 08:16 1054665                    /usr/lib/fglrx/libGL.so.1.2
7f1b5c6ef000-7f1b5c7ee000 ---p 000c3000 08:16 1054665                    /usr/lib/fglrx/libGL.so.1.2
7f1b5c7ee000-7f1b5c815000 rwxp 000c2000 08:16 1054665                    /usr/lib/fglrx/libGL.so.1.2
7f1b5c815000-7f1b5c835000 rwxp 00000000 00:00 0 
7f1b5c835000-7f1b5c839000 r-xp 00000000 08:16 1056049                    /usr/lib/x86_64-linux-gnu/libXxf86vm.so.1.0.0
7f1b5c839000-7f1b5ca38000 ---p 00004000 08:16 1056049                    /usr/lib/x86_64-linux-gnu/libXxf86vm.so.1.0.0
7f1b5ca38000-7f1b5ca39000 r--p 00003000 08:16 1056049                    /usr/lib/x86_64-linux-gnu/libXxf86vm.so.1.0.0
7f1b5ca39000-7f1b5ca3a000 rw-p 00004000 08:16 1056049                    /usr/lib/x86_64-linux-gnu/libXxf86vm.so.1.0.0
7f1b5ca3a000-7f1b5caa0000 r-xp 00000000 08:16 3673310                    /home/relissa/.jme3/natives_9a0c8f4d/liblwjgl64.so
7f1b5caa0000-7f1b5cca0000 ---p 00066000 08:16 3673310                    /home/relissa/.jme3/natives_9a0c8f4d/liblwjgl64.so
7f1b5cca0000-7f1b5cca2000 r--p 00066000 08:16 3673310                    /home/relissa/.jme3/natives_9a0c8f4d/liblwjgl64.so
7f1b5cca2000-7f1b5cca3000 rw-p 00068000 08:16 3673310                    /home/relissa/.jme3/natives_9a0c8f4d/liblwjgl64.so
7f1b5cca3000-7f1b5cca4000 r-xp 00000000 08:16 3544578                    /usr/lib/jvm/java-7-openjdk-amd64/jre/lib/amd64/libjawt.so
7f1b5cca4000-7f1b5cea3000 ---p 00001000 08:16 3544578                    /usr/lib/jvm/java-7-openjdk-amd64/jre/lib/amd64/libjawt.so
7f1b5cea3000-7f1b5cea4000 r--p 00000000 08:16 3544578                    /usr/lib/jvm/java-7-openjdk-amd64/jre/lib/amd64/libjawt.so
7f1b5cea4000-7f1b5cea5000 rw-p 00001000 08:16 3544578                    /usr/lib/jvm/java-7-openjdk-amd64/jre/lib/amd64/libjawt.so
7f1b5cea5000-7f1b5cfa5000 rw-s 00000000 00:04 90800179                   /SYSV00000000 (deleted)
7f1b5cfd0000-7f1b5cfd3000 ---p 00000000 00:00 0 
7f1b5cfd3000-7f1b5d0d1000 rw-p 00000000 00:00 0 
7f1b5d0d1000-7f1b5d0e1000 r-xp 00000000 08:16 3544571                    /usr/lib/jvm/java-7-openjdk-amd64/jre/lib/amd64/libnio.so
7f1b5d0e1000-7f1b5d2e0000 ---p 00010000 08:16 3544571                    /usr/lib/jvm/java-7-openjdk-amd64/jre/lib/amd64/libnio.so
7f1b5d2e0000-7f1b5d2e1000 r--p 0000f000 08:16 3544571                    /usr/lib/jvm/java-7-openjdk-amd64/jre/lib/amd64/libnio.so
7f1b5d2e1000-7f1b5d2e2000 rw-p 00010000 08:16 3544571                    /usr/lib/jvm/java-7-openjdk-amd64/jre/lib/amd64/libnio.so
7f1b5d2e2000-7f1b5d2f8000 r-xp 00000000 08:16 3544572                    /usr/lib/jvm/java-7-openjdk-amd64/jre/lib/amd64/libnet.so
7f1b5d2f8000-7f1b5d4f8000 ---p 00016000 08:16 3544572                    /usr/lib/jvm/java-7-openjdk-amd64/jre/lib/amd64/libnet.so
7f1b5d4f8000-7f1b5d4f9000 r--p 00016000 08:16 3544572                    /usr/lib/jvm/java-7-openjdk-amd64/jre/lib/amd64/libnet.so
7f1b5d4f9000-7f1b5d4fa000 rw-p 00017000 08:16 3544572                    /usr/lib/jvm/java-7-openjdk-amd64/jre/lib/amd64/libnet.so
7f1b5d4fa000-7f1b5d535000 r-xp 00000000 08:16 3544568                    /usr/lib/jvm/java-7-openjdk-amd64/jre/lib/amd64/libfontmanager.so
7f1b5d535000-7f1b5d734000 ---p 0003b000 08:16 3544568                    /usr/lib/jvm/java-7-openjdk-amd64/jre/lib/amd64/libfontmanager.so
7f1b5d734000-7f1b5d736000 r--p 0003a000 08:16 3544568                    /usr/lib/jvm/java-7-openjdk-amd64/jre/lib/amd64/libfontmanager.so
7f1b5d736000-7f1b5d737000 rw-p 0003c000 08:16 3544568                    /usr/lib/jvm/java-7-openjdk-amd64/jre/lib/amd64/libfontmanager.so
7f1b5d737000-7f1b5d73a000 ---p 00000000 00:00 0 
7f1b5d73a000-7f1b5d838000 rw-p 00000000 00:00 0 
7f1b5d838000-7f1b5d83b000 ---p 00000000 00:00 0 
7f1b5d83b000-7f1b5d939000 rw-p 00000000 00:00 0 
7f1b5d939000-7f1b5d93c000 ---p 00000000 00:00 0 
7f1b5d93c000-7f1b5da3a000 rw-p 00000000 00:00 0 
7f1b5da3a000-7f1b5da3d000 ---p 00000000 00:00 0 
7f1b5da3d000-7f1b5db3b000 rw-p 00000000 00:00 0 
7f1b5db3b000-7f1b5db3e000 r-xp 00000000 08:16 5246606                    /lib/x86_64-linux-gnu/libgpg-error.so.0.8.0
7f1b5db3e000-7f1b5dd3d000 ---p 00003000 08:16 5246606                    /lib/x86_64-linux-gnu/libgpg-error.so.0.8.0
7f1b5dd3d000-7f1b5dd3e000 r--p 00002000 08:16 5246606                    /lib/x86_64-linux-gnu/libgpg-error.so.0.8.0
7f1b5dd3e000-7f1b5dd3f000 rw-p 00003000 08:16 5246606                    /lib/x86_64-linux-gnu/libgpg-error.so.0.8.0
7f1b5dd3f000-7f1b5dd42000 r-xp 00000000 08:16 5246610                    /lib/x86_64-linux-gnu/libkeyutils.so.1.4
7f1b5dd42000-7f1b5df41000 ---p 00003000 08:16 5246610                    /lib/x86_64-linux-gnu/libkeyutils.so.1.4
7f1b5df41000-7f1b5df42000 r--p 00002000 08:16 5246610                    /lib/x86_64-linux-gnu/libkeyutils.so.1.4
7f1b5df42000-7f1b5df43000 rw-p 00003000 08:16 5246610                    /lib/x86_64-linux-gnu/libkeyutils.so.1.4
7f1b5df43000-7f1b5df85000 r-xp 00000000 08:16 5246591                    /lib/x86_64-linux-gnu/libdbus-1.so.3.5.8
7f1b5df85000-7f1b5e185000 ---p 00042000 08:16 5246591                    /lib/x86_64-linux-gnu/libdbus-1.so.3.5.8
7f1b5e185000-7f1b5e186000 r--p 00042000 08:16 5246591                    /lib/x86_64-linux-gnu/libdbus-1.so.3.5.8
7f1b5e186000-7f1b5e187000 rw-p 00043000 08:16 5246591                    /lib/x86_64-linux-gnu/libdbus-1.so.3.5.8
7f1b5e187000-7f1b5e198000 r-xp 00000000 08:16 1056424                    /usr/lib/x86_64-linux-gnu/libp11-kit.so.0.0.0
7f1b5e198000-7f1b5e397000 ---p 00011000 08:16 1056424                    /usr/lib/x86_64-linux-gnu/libp11-kit.so.0.0.0
7f1b5e397000-7f1b5e398000 r--p 00010000 08:16 1056424                    /usr/lib/x86_64-linux-gnu/libp11-kit.so.0.0.0
7f1b5e398000-7f1b5e399000 rw-p 00011000 08:16 1056424                    /usr/lib/x86_64-linux-gnu/libp11-kit.so.0.0.0
7f1b5e399000-7f1b5e413000 r-xp 00000000 08:16 5246882                    /lib/x86_64-linux-gnu/libgcrypt.so.11.7.0
7f1b5e413000-7f1b5e613000 ---p 0007a000 08:16 5246882                    /lib/x86_64-linux-gnu/libgcrypt.so.11.7.0
7f1b5e613000-7f1b5e614000 r--p 0007a000 08:16 5246882                    /lib/x86_64-linux-gnu/libgcrypt.so.11.7.0
7f1b5e614000-7f1b5e617000 rw-p 0007b000 08:16 5246882                    /lib/x86_64-linux-gnu/libgcrypt.so.11.7.0
7f1b5e617000-7f1b5e627000 r-xp 00000000 08:16 1061093                    /usr/lib/x86_64-linux-gnu/libtasn1.so.3.1.12
7f1b5e627000-7f1b5e826000 ---p 00010000 08:16 1061093                    /usr/lib/x86_64-linux-gnu/libtasn1.so.3.1.12
7f1b5e826000-7f1b5e827000 r--p 0000f000 08:16 1061093                    /usr/lib/x86_64-linux-gnu/libtasn1.so.3.1.12
7f1b5e827000-7f1b5e828000 rw-p 00010000 08:16 1061093                    /usr/lib/x86_64-linux-gnu/libtasn1.so.3.1.12
7f1b5e828000-7f1b5e82f000 r-xp 00000000 08:16 1052728                    /usr/lib/x86_64-linux-gnu/libkrb5support.so.0.1
7f1b5e82f000-7f1b5ea2e000 ---p 00007000 08:16 1052728                    /usr/lib/x86_64-linux-gnu/libkrb5support.so.0.1
7f1b5ea2e000-7f1b5ea2f000 r--p 00006000 08:16 1052728                    /usr/lib/x86_64-linux-gnu/libkrb5support.so.0.1
7f1b5ea2f000-7f1b5ea30000 rw-p 00007000 08:16 1052728                    /usr/lib/x86_64-linux-gnu/libkrb5support.so.0.1
7f1b5ea30000-7f1b5ea33000 r-xp 00000000 08:16 5246586                    /lib/x86_64-linux-gnu/libcom_err.so.2.1
7f1b5ea33000-7f1b5ec32000 ---p 00003000 08:16 5246586                    /lib/x86_64-linux-gnu/libcom_err.so.2.1
7f1b5ec32000-7f1b5ec33000 r--p 00002000 08:16 5246586                    /lib/x86_64-linux-gnu/libcom_err.so.2.1
7f1b5ec33000-7f1b5ec34000 rw-p 00003000 08:16 5246586                    /lib/x86_64-linux-gnu/libcom_err.so.2.1
7f1b5ec34000-7f1b5ec59000 r-xp 00000000 08:16 1052714                    /usr/lib/x86_64-linux-gnu/libk5crypto.so.3.1
7f1b5ec59000-7f1b5ee59000 ---p 00025000 08:16 1052714                    /usr/lib/x86_64-linux-gnu/libk5crypto.so.3.1
7f1b5ee59000-7f1b5ee5a000 r--p 00025000 08:16 1052714                    /usr/lib/x86_64-linux-gnu/libk5crypto.so.3.1
7f1b5ee5a000-7f1b5ee5b000 rw-p 00026000 08:16 1052714                    /usr/lib/x86_64-linux-gnu/libk5crypto.so.3.1
7f1b5ee5b000-7f1b5ee5c000 rw-p 00000000 00:00 0 
7f1b5ee5c000-7f1b5ef20000 r-xp 00000000 08:16 1052724                    /usr/lib/x86_64-linux-gnu/libkrb5.so.3.3
7f1b5ef20000-7f1b5f11f000 ---p 000c4000 08:16 1052724                    /usr/lib/x86_64-linux-gnu/libkrb5.so.3.3
7f1b5f11f000-7f1b5f129000 r--p 000c3000 08:16 1052724                    /usr/lib/x86_64-linux-gnu/libkrb5.so.3.3
7f1b5f129000-7f1b5f12a000 rw-p 000cd000 08:16 1052724                    /usr/lib/x86_64-linux-gnu/libkrb5.so.3.3
7f1b5f12a000-7f1b5f132000 r-xp 00000000 08:16 1056599                    /usr/lib/x86_64-linux-gnu/libxcb-render.so.0.0.0
7f1b5f132000-7f1b5f332000 ---p 00008000 08:16 1056599                    /usr/lib/x86_64-linux-gnu/libxcb-render.so.0.0.0
7f1b5f332000-7f1b5f333000 r--p 00008000 08:16 1056599                    /usr/lib/x86_64-linux-gnu/libxcb-render.so.0.0.0
7f1b5f333000-7f1b5f334000 rw-p 00009000 08:16 1056599                    /usr/lib/x86_64-linux-gnu/libxcb-render.so.0.0.0
7f1b5f334000-7f1b5f336000 r-xp 00000000 08:16 1056603                    /usr/lib/x86_64-linux-gnu/libxcb-shm.so.0.0.0
7f1b5f336000-7f1b5f535000 ---p 00002000 08:16 1056603                    /usr/lib/x86_64-linux-gnu/libxcb-shm.so.0.0.0
7f1b5f535000-7f1b5f536000 r--p 00001000 08:16 1056603                    /usr/lib/x86_64-linux-gnu/libxcb-shm.so.0.0.0
7f1b5f536000-7f1b5f537000 rw-p 00002000 08:16 1056603                    /usr/lib/x86_64-linux-gnu/libxcb-shm.so.0.0.0
7f1b5f537000-7f1b5f55d000 r-xp 00000000 08:16 5246656                    /lib/x86_64-linux-gnu/libpng12.so.0.46.0
7f1b5f55d000-7f1b5f75d000 ---p 00026000 08:16 5246656                    /lib/x86_64-linux-gnu/libpng12.so.0.46.0
7f1b5f75d000-7f1b5f75e000 r--p 00026000 08:16 5246656                    /lib/x86_64-linux-gnu/libpng12.so.0.46.0
7f1b5f75e000-7f1b5f75f000 rw-p 00027000 08:16 5246656                    /lib/x86_64-linux-gnu/libpng12.so.0.46.0
7f1b5f75f000-7f1b5f7e0000 r-xp 00000000 08:16 1056450                    /usr/lib/x86_64-linux-gnu/libpixman-1.so.0.24.4
7f1b5f7e0000-7f1b5f9df000 ---p 00081000 08:16 1056450                    /usr/lib/x86_64-linux-gnu/libpixman-1.so.0.24.4
7f1b5f9df000-7f1b5f9e5000 r--p 00080000 08:16 1056450                    /usr/lib/x86_64-linux-gnu/libpixman-1.so.0.24.4
7f1b5f9e5000-7f1b5f9e6000 rw-p 00086000 08:16 1056450                    /usr/lib/x86_64-linux-gnu/libpixman-1.so.0.24.4
7f1b5f9e6000-7f1b5f9eb000 r-xp 00000000 08:16 1056019                    /usr/lib/x86_64-linux-gnu/libXdmcp.so.6.0.0
7f1b5f9eb000-7f1b5fbea000 ---p 00005000 08:16 1056019                    /usr/lib/x86_64-linux-gnu/libXdmcp.so.6.0.0
7f1b5fbea000-7f1b5fbeb000 r--p 00004000 08:16 1056019                    /usr/lib/x86_64-linux-gnu/libXdmcp.so.6.0.0
7f1b5fbeb000-7f1b5fbec000 rw-p 00005000 08:16 1056019                    /usr/lib/x86_64-linux-gnu/libXdmcp.so.6.0.0
7f1b5fbec000-7f1b5fbee000 r-xp 00000000 08:16 1056008                    /usr/lib/x86_64-linux-gnu/libXau.so.6.0.0
7f1b5fbee000-7f1b5fded000 ---p 00002000 08:16 1056008                    /usr/lib/x86_64-linux-gnu/libXau.so.6.0.0
7f1b5fded000-7f1b5fdee000 r--p 00001000 08:16 1056008                    /usr/lib/x86_64-linux-gnu/libXau.so.6.0.0
7f1b5fdee000-7f1b5fdef000 rw-p 00002000 08:16 1056008                    /usr/lib/x86_64-linux-gnu/libXau.so.6.0.0
7f1b5fdef000-7f1b5fdff000 r-xp 00000000 08:16 1056075                    /usr/lib/x86_64-linux-gnu/libavahi-client.so.3.2.9
7f1b5fdff000-7f1b5fffe000 ---p 00010000 08:16 1056075                    /usr/lib/x86_64-linux-gnu/libavahi-client.so.3.2.9
7f1b5fffe000-7f1b5ffff000 r--p 0000f000 08:16 1056075                    /usr/lib/x86_64-linux-gnu/libavahi-client.so.3.2.9
7f1b5ffff000-7f1b60000000 rw-p 00010000 08:16 1056075                    /usr/lib/x86_64-linux-gnu/libavahi-client.so.3.2.9
7f1b60000000-7f1b60023000 rw-p 00000000 00:00 0 
7f1b60023000-7f1b64000000 ---p 00000000 00:00 0 
7f1b640f2000-7f1b640fd000 r-xp 00000000 08:16 1056077                    /usr/lib/x86_64-linux-gnu/libavahi-common.so.3.5.3
7f1b640fd000-7f1b642fc000 ---p 0000b000 08:16 1056077                    /usr/lib/x86_64-linux-gnu/libavahi-common.so.3.5.3
7f1b642fc000-7f1b642fd000 r--p 0000a000 08:16 1056077                    /usr/lib/x86_64-linux-gnu/libavahi-common.so.3.5.3
7f1b642fd000-7f1b642fe000 rw-p 0000b000 08:16 1056077                    /usr/lib/x86_64-linux-gnu/libavahi-common.so.3.5.3
7f1b642fe000-7f1b643b2000 r-xp 00000000 08:16 1056248                    /usr/lib/x86_64-linux-gnu/libgnutls.so.26.21.8
7f1b643b2000-7f1b645b2000 ---p 000b4000 08:16 1056248                    /usr/lib/x86_64-linux-gnu/libgnutls.so.26.21.8
7f1b645b2000-7f1b645b8000 r--p 000b4000 08:16 1056248                    /usr/lib/x86_64-linux-gnu/libgnutls.so.26.21.8
7f1b645b8000-7f1b645b9000 rw-p 000ba000 08:16 1056248                    /usr/lib/x86_64-linux-gnu/libgnutls.so.26.21.8
7f1b645b9000-7f1b645ba000 rw-p 00000000 00:00 0 
7f1b645ba000-7f1b645f5000 r-xp 00000000 08:16 1052718                    /usr/lib/x86_64-linux-gnu/libgssapi_krb5.so.2.2
7f1b645f5000-7f1b647f5000 ---p 0003b000 08:16 1052718                    /usr/lib/x86_64-linux-gnu/libgssapi_krb5.so.2.2
7f1b647f5000-7f1b647f6000 r--p 0003b000 08:16 1052718                    /usr/lib/x86_64-linux-gnu/libgssapi_krb5.so.2.2
7f1b647f6000-7f1b647f8000 rw-p 0003c000 08:16 1052718                    /usr/lib/x86_64-linux-gnu/libgssapi_krb5.so.2.2
7f1b647f8000-7f1b64834000 r-xp 00000000 08:16 5246652                    /lib/x86_64-linux-gnu/libpcre.so.3.12.1
7f1b64834000-7f1b64a33000 ---p 0003c000 08:16 5246652                    /lib/x86_64-linux-gnu/libpcre.so.3.12.1
7f1b64a33000-7f1b64a34000 r--p 0003b000 08:16 5246652                    /lib/x86_64-linux-gnu/libpcre.so.3.12.1
7f1b64a34000-7f1b64a35000 rw-p 0003c000 08:16 5246652                    /lib/x86_64-linux-gnu/libpcre.so.3.12.1
7f1b64a35000-7f1b64a3c000 r-xp 00000000 08:16 1056193                    /usr/lib/x86_64-linux-gnu/libffi.so.6.0.0
7f1b64a3c000-7f1b64c3b000 ---p 00007000 08:16 1056193                    /usr/lib/x86_64-linux-gnu/libffi.so.6.0.0
7f1b64c3b000-7f1b64c3c000 r--p 00006000 08:16 1056193                    /usr/lib/x86_64-linux-gnu/libffi.so.6.0.0
7f1b64c3c000-7f1b64c3d000 rw-p 00007000 08:16 1056193                    /usr/lib/x86_64-linux-gnu/libffi.so.6.0.0
7f1b64c3d000-7f1b64c64000 r-xp 00000000 08:16 5246597                    /lib/x86_64-linux-gnu/libexpat.so.1.5.2
7f1b64c64000-7f1b64e64000 ---p 00027000 08:16 5246597                    /lib/x86_64-linux-gnu/libexpat.so.1.5.2
7f1b64e64000-7f1b64e66000 r--p 00027000 08:16 5246597                    /lib/x86_64-linux-gnu/libexpat.so.1.5.2
7f1b64e66000-7f1b64e67000 rw-p 00029000 08:16 5246597                    /lib/x86_64-linux-gnu/libexpat.so.1.5.2
7f1b64e67000-7f1b64efd000 r-xp 00000000 08:16 1056201                    /usr/lib/x86_64-linux-gnu/libfreetype.so.6.8.0
7f1b64efd000-7f1b650fc000 ---p 00096000 08:16 1056201                    /usr/lib/x86_64-linux-gnu/libfreetype.so.6.8.0
7f1b650fc000-7f1b65102000 r--p 00095000 08:16 1056201                    /usr/lib/x86_64-linux-gnu/libfreetype.so.6.8.0
7f1b65102000-7f1b65103000 rw-p 0009b000 08:16 1056201                    /usr/lib/x86_64-linux-gnu/libfreetype.so.6.8.0
7f1b65103000-7f1b6511b000 r-xp 00000000 08:16 5246663                    /lib/x86_64-linux-gnu/libresolv-2.15.so
7f1b6511b000-7f1b6531b000 ---p 00018000 08:16 5246663                    /lib/x86_64-linux-gnu/libresolv-2.15.so
7f1b6531b000-7f1b6531c000 r--p 00018000 08:16 5246663                    /lib/x86_64-linux-gnu/libresolv-2.15.so
7f1b6531c000-7f1b6531d000 rw-p 00019000 08:16 5246663                    /lib/x86_64-linux-gnu/libresolv-2.15.so
7f1b6531d000-7f1b6531f000 rw-p 00000000 00:00 0 
7f1b6531f000-7f1b6533c000 r-xp 00000000 08:16 5246667                    /lib/x86_64-linux-gnu/libselinux.so.1
7f1b6533c000-7f1b6553b000 ---p 0001d000 08:16 5246667                    /lib/x86_64-linux-gnu/libselinux.so.1
7f1b6553b000-7f1b6553c000 r--p 0001c000 08:16 5246667                    /lib/x86_64-linux-gnu/libselinux.so.1
7f1b6553c000-7f1b6553d000 rw-p 0001d000 08:16 5246667                    /lib/x86_64-linux-gnu/libselinux.so.1
7f1b6553d000-7f1b6553e000 rw-p 00000000 00:00 0 
7f1b6553e000-7f1b65541000 r-xp 00000000 08:16 1056240                    /usr/lib/x86_64-linux-gnu/libgmodule-2.0.so.0.3200.1
7f1b65541000-7f1b65740000 ---p 00003000 08:16 1056240                    /usr/lib/x86_64-linux-gnu/libgmodule-2.0.so.0.3200.1
7f1b65740000-7f1b65741000 r--p 00002000 08:16 1056240                    /usr/lib/x86_64-linux-gnu/libgmodule-2.0.so.0.3200.1
7f1b65741000-7f1b65742000 rw-p 00003000 08:16 1056240                    /usr/lib/x86_64-linux-gnu/libgmodule-2.0.so.0.3200.1
7f1b65742000-7f1b65744000 r-xp 00000000 08:16 1056017                    /usr/lib/x86_64-linux-gnu/libXdamage.so.1.1.0
7f1b65744000-7f1b65943000 ---p 00002000 08:16 1056017                    /usr/lib/x86_64-linux-gnu/libXdamage.so.1.1.0
7f1b65943000-7f1b65944000 r--p 00001000 08:16 1056017                    /usr/lib/x86_64-linux-gnu/libXdamage.so.1.1.0
7f1b65944000-7f1b65945000 rw-p 00002000 08:16 1056017                    /usr/lib/x86_64-linux-gnu/libXdamage.so.1.1.0
7f1b65945000-7f1b65947000 r-xp 00000000 08:16 1056013                    /usr/lib/x86_64-linux-gnu/libXcomposite.so.1.0.0
7f1b65947000-7f1b65b46000 ---p 00002000 08:16 1056013                    /usr/lib/x86_64-linux-gnu/libXcomposite.so.1.0.0
7f1b65b46000-7f1b65b47000 r--p 00001000 08:16 1056013                    /usr/lib/x86_64-linux-gnu/libXcomposite.so.1.0.0
7f1b65b47000-7f1b65b48000 rw-p 00002000 08:16 1056013                    /usr/lib/x86_64-linux-gnu/libXcomposite.so.1.0.0
7f1b65b48000-7f1b65b51000 r-xp 00000000 08:16 1056015                    /usr/lib/x86_64-linux-gnu/libXcursor.so.1.0.2
7f1b65b51000-7f1b65d50000 ---p 00009000 08:16 1056015                    /usr/lib/x86_64-linux-gnu/libXcursor.so.1.0.2
7f1b65d50000-7f1b65d51000 r--p 00008000 08:16 1056015                    /usr/lib/x86_64-linux-gnu/libXcursor.so.1.0.2
7f1b65d51000-7f1b65d52000 rw-p 00009000 08:16 1056015                    /usr/lib/x86_64-linux-gnu/libXcursor.so.1.0.2
7f1b65d52000-7f1b65d5a000 r-xp 00000000 08:16 1056039                    /usr/lib/x86_64-linux-gnu/libXrandr.so.2.2.0
7f1b65d5a000-7f1b65f59000 ---p 00008000 08:16 1056039                    /usr/lib/x86_64-linux-gnu/libXrandr.so.2.2.0
7f1b65f59000-7f1b65f5a000 r--p 00007000 08:16 1056039                    /usr/lib/x86_64-linux-gnu/libXrandr.so.2.2.0
7f1b65f5a000-7f1b65f5b000 rw-p 00008000 08:16 1056039                    /usr/lib/x86_64-linux-gnu/libXrandr.so.2.2.0
7f1b65f5b000-7f1b65f5d000 r-xp 00000000 08:16 1056029                    /usr/lib/x86_64-linux-gnu/libXinerama.so.1.0.0
7f1b65f5d000-7f1b6615c000 ---p 00002000 08:16 1056029                    /usr/lib/x86_64-linux-gnu/libXinerama.so.1.0.0
7f1b6615c000-7f1b6615d000 r--p 00001000 08:16 1056029                    /usr/lib/x86_64-linux-gnu/libXinerama.so.1.0.0
7f1b6615d000-7f1b6615e000 rw-p 00002000 08:16 1056029                    /usr/lib/x86_64-linux-gnu/libXinerama.so.1.0.0
7f1b6615e000-7f1b66187000 r-xp 00000000 08:16 1056434                    /usr/lib/x86_64-linux-gnu/libpangoft2-1.0.so.0.3000.0
7f1b66187000-7f1b66386000 ---p 00029000 08:16 1056434                    /usr/lib/x86_64-linux-gnu/libpangoft2-1.0.so.0.3000.0
7f1b66386000-7f1b66387000 r--p 00028000 08:16 1056434                    /usr/lib/x86_64-linux-gnu/libpangoft2-1.0.so.0.3000.0
7f1b66387000-7f1b66388000 rw-p 00029000 08:16 1056434                    /usr/lib/x86_64-linux-gnu/libpangoft2-1.0.so.0.3000.0
7f1b66388000-7f1b66441000 r-xp 00000000 08:16 1055379                    /usr/lib/x86_64-linux-gnu/libcairo.so.2.11000.2
7f1b66441000-7f1b66640000 ---p 000b9000 08:16 1055379                    /usr/lib/x86_64-linux-gnu/libcairo.so.2.11000.2
7f1b66640000-7f1b66642000 r--p 000b8000 08:16 1055379                    /usr/lib/x86_64-linux-gnu/libcairo.so.2.11000.2
7f1b66642000-7f1b66643000 rw-p 000ba000 08:16 1055379                    /usr/lib/x86_64-linux-gnu/libcairo.so.2.11000.2
7f1b66643000-7f1b66646000 rw-p 00000000 00:00 0 
7f1b66646000-7f1b66665000 r-xp 00000000 08:16 1056067                    /usr/lib/x86_64-linux-gnu/libatk-1.0.so.0.20409.1
7f1b66665000-7f1b66865000 ---p 0001f000 08:16 1056067                    /usr/lib/x86_64-linux-gnu/libatk-1.0.so.0.20409.1
7f1b66865000-7f1b66867000 r--p 0001f000 08:16 1056067                    /usr/lib/x86_64-linux-gnu/libatk-1.0.so.0.20409.1
7f1b66867000-7f1b66868000 rw-p 00021000 08:16 1056067                    /usr/lib/x86_64-linux-gnu/libatk-1.0.so.0.20409.1
7f1b66868000-7f1b6686d000 r-xp 00000000 08:16 1056023                    /usr/lib/x86_64-linux-gnu/libXfixes.so.3.1.0
7f1b6686d000-7f1b66a6c000 ---p 00005000 08:16 1056023                    /usr/lib/x86_64-linux-gnu/libXfixes.so.3.1.0
7f1b66a6c000-7f1b66a6d000 r--p 00004000 08:16 1056023                    /usr/lib/x86_64-linux-gnu/libXfixes.so.3.1.0
7f1b66a6d000-7f1b66a6e000 rw-p 00005000 08:16 1056023                    /usr/lib/x86_64-linux-gnu/libXfixes.so.3.1.0
7f1b66a6e000-7f1b66a79000 r-xp 00000000 08:16 1056432                    /usr/lib/x86_64-linux-gnu/libpangocairo-1.0.so.0.3000.0
7f1b66a79000-7f1b66c78000 ---p 0000b000 08:16 1056432                    /usr/lib/x86_64-linux-gnu/libpangocairo-1.0.so.0.3000.0
7f1b66c78000-7f1b66c79000 r--p 0000a000 08:16 1056432                    /usr/lib/x86_64-linux-gnu/libpangocairo-1.0.so.0.3000.0
7f1b66c79000-7f1b66c7a000 rw-p 0000b000 08:16 1056432                    /usr/lib/x86_64-linux-gnu/libpangocairo-1.0.so.0.3000.0
7f1b66c7a000-7f1b66c97000 r-xp 00000000 08:16 1056607                    /usr/lib/x86_64-linux-gnu/libxcb.so.1.1.0
7f1b66c97000-7f1b66e96000 ---p 0001d000 08:16 1056607                    /usr/lib/x86_64-linux-gnu/libxcb.so.1.1.0
7f1b66e96000-7f1b66e97000 r--p 0001c000 08:16 1056607                    /usr/lib/x86_64-linux-gnu/libxcb.so.1.1.0
7f1b66e97000-7f1b66e98000 rw-p 0001d000 08:16 1056607                    /usr/lib/x86_64-linux-gnu/libxcb.so.1.1.0
7f1b66e98000-7f1b66ee8000 r-xp 00000000 08:16 1061164                    /usr/lib/x86_64-linux-gnu/libcups.so.2
7f1b66ee8000-7f1b670e7000 ---p 00050000 08:16 1061164                    /usr/lib/x86_64-linux-gnu/libcups.so.2
7f1b670e7000-7f1b670eb000 r--p 0004f000 08:16 1061164                    /usr/lib/x86_64-linux-gnu/libcups.so.2
7f1b670eb000-7f1b670ec000 rw-p 00053000 08:16 1061164                    /usr/lib/x86_64-linux-gnu/libcups.so.2
7f1b670ec000-7f1b671de000 r-xp 00000000 08:16 5246604                    /lib/x86_64-linux-gnu/libglib-2.0.so.0.3200.1
7f1b671de000-7f1b673de000 ---p 000f2000 08:16 5246604                    /lib/x86_64-linux-gnu/libglib-2.0.so.0.3200.1
7f1b673de000-7f1b673df000 r--p 000f2000 08:16 5246604                    /lib/x86_64-linux-gnu/libglib-2.0.so.0.3200.1
7f1b673df000-7f1b673e0000 rw-p 000f3000 08:16 5246604                    /lib/x86_64-linux-gnu/libglib-2.0.so.0.3200.1
7f1b673e0000-7f1b673e1000 rw-p 00000000 00:00 0 
7f1b673e1000-7f1b673e2000 r-xp 00000000 08:16 1056309                    /usr/lib/x86_64-linux-gnu/libgthread-2.0.so.0.3200.1
7f1b673e2000-7f1b675e1000 ---p 00001000 08:16 1056309                    /usr/lib/x86_64-linux-gnu/libgthread-2.0.so.0.3200.1
7f1b675e1000-7f1b675e2000 r--p 00000000 08:16 1056309                    /usr/lib/x86_64-linux-gnu/libgthread-2.0.so.0.3200.1
7f1b675e2000-7f1b675e3000 rw-p 00001000 08:16 1056309                    /usr/lib/x86_64-linux-gnu/libgthread-2.0.so.0.3200.1
7f1b675e3000-7f1b67630000 r-xp 00000000 08:16 1056254                    /usr/lib/x86_64-linux-gnu/libgobject-2.0.so.0.3200.1
7f1b67630000-7f1b67830000 ---p 0004d000 08:16 1056254                    /usr/lib/x86_64-linux-gnu/libgobject-2.0.so.0.3200.1
7f1b67830000-7f1b67831000 r--p 0004d000 08:16 1056254                    /usr/lib/x86_64-linux-gnu/libgobject-2.0.so.0.3200.1
7f1b67831000-7f1b67832000 rw-p 0004e000 08:16 1056254                    /usr/lib/x86_64-linux-gnu/libgobject-2.0.so.0.3200.1
7f1b67832000-7f1b67866000 r-xp 00000000 08:16 1056195                    /usr/lib/x86_64-linux-gnu/libfontconfig.so.1.4.4
7f1b67866000-7f1b67a66000 ---p 00034000 08:16 1056195                    /usr/lib/x86_64-linux-gnu/libfontconfig.so.1.4.4
7f1b67a66000-7f1b67a67000 r--p 00034000 08:16 1056195                    /usr/lib/x86_64-linux-gnu/libfontconfig.so.1.4.4
7f1b67a67000-7f1b67a68000 rw-p 00035000 08:16 1056195                    /usr/lib/x86_64-linux-gnu/libfontconfig.so.1.4.4
7f1b67a68000-7f1b67aae000 r-xp 00000000 08:16 1056430                    /usr/lib/x86_64-linux-gnu/libpango-1.0.so.0.3000.0
7f1b67aae000-7f1b67cae000 ---p 00046000 08:16 1056430                    /usr/lib/x86_64-linux-gnu/libpango-1.0.so.0.3000.0
7f1b67cae000-7f1b67cb0000 r--p 00046000 08:16 1056430                    /usr/lib/x86_64-linux-gnu/libpango-1.0.so.0.3000.0
7f1b67cb0000-7f1b67cb1000 rw-p 00048000 08:16 1056430                    /usr/lib/x86_64-linux-gnu/libpango-1.0.so.0.3000.0
7f1b67cb1000-7f1b67df9000 r-xp 00000000 08:16 1056230                    /usr/lib/x86_64-linux-gnu/libgio-2.0.so.0.3200.1
7f1b67df9000-7f1b67ff8000 ---p 00148000 08:16 1056230                    /usr/lib/x86_64-linux-gnu/libgio-2.0.so.0.3200.1
7f1b67ff8000-7f1b67ffc000 r--p 00147000 08:16 1056230                    /usr/lib/x86_64-linux-gnu/libgio-2.0.so.0.3200.1
7f1b67ffc000-7f1b67ffe000 rw-p 0014b000 08:16 1056230                    /usr/lib/x86_64-linux-gnu/libgio-2.0.so.0.3200.1
7f1b67ffe000-7f1b68000000 rw-p 00000000 00:00 0 
7f1b68000000-7f1b684dd000 rw-p 00000000 00:00 0 
7f1b684dd000-7f1b6c000000 ---p 00000000 00:00 0 
7f1b6c000000-7f1b6c021000 rw-p 00000000 00:00 0 
7f1b6c021000-7f1b70000000 ---p 00000000 00:00 0 
7f1b70000000-7f1b70021000 rw-p 00000000 00:00 0 
7f1b70021000-7f1b74000000 ---p 00000000 00:00 0 
7f1b74000000-7f1b743a5000 rw-p 00000000 00:00 0 
7f1b743a5000-7f1b78000000 ---p 00000000 00:00 0 
7f1b78000000-7f1b78021000 rw-p 00000000 00:00 0 
7f1b78021000-7f1b7c000000 ---p 00000000 00:00 0 
7f1b7c000000-7f1b7c021000 rw-p 00000000 00:00 0 
7f1b7c021000-7f1b80000000 ---p 00000000 00:00 0 
7f1b80000000-7f1b80021000 rw-p 00000000 00:00 0 
7f1b80021000-7f1b84000000 ---p 00000000 00:00 0 
7f1b84000000-7f1b84021000 rw-p 00000000 00:00 0 
7f1b84021000-7f1b88000000 ---p 00000000 00:00 0 
7f1b88000000-7f1b88021000 rw-p 00000000 00:00 0 
7f1b88021000-7f1b8c000000 ---p 00000000 00:00 0 
7f1b8c03e000-7f1b8c03f000 rw-p 00000000 00:00 0 
7f1b8c05b000-7f1b8c062000 r--s 00000000 08:16 1314519                    /usr/lib/x86_64-linux-gnu/gconv/gconv-modules.cache
7f1b8c062000-7f1b8c063000 rw-s 19077000 00:05 9165                       /dev/ati/card0
7f1b8c063000-7f1b8c073000 rw-s fe9f0000 00:05 9165                       /dev/ati/card0
7f1b8c073000-7f1b8c075000 rw-s 19074000 00:05 9165                       /dev/ati/card0
7f1b8c075000-7f1b8c078000 ---p 00000000 00:00 0 
7f1b8c078000-7f1b8c08f000 rw-p 00000000 00:00 0 
7f1b8c08f000-7f1b8c090000 r--s 00000000 08:16 1843619                    /var/cache/fontconfig/c05880de57d1f5e948fdfacc138775d9-le64.cache-3
7f1b8c090000-7f1b8c099000 r--s 00000000 08:16 1843614                    /var/cache/fontconfig/945677eb7aeaf62f1d50efc3fb3ec7d8-le64.cache-3
7f1b8c099000-7f1b8c09b000 r--s 00000000 08:16 1843615                    /var/cache/fontconfig/99e8ed0e538f840c565b6ed5dad60d56-le64.cache-3
7f1b8c09b000-7f1b8c0a3000 r--s 00000000 08:16 1846703                    /var/cache/fontconfig/a6d8cf8e4ec09cdbc8633c31745a07dd-le64.cache-3
7f1b8c0a3000-7f1b8c0a7000 r--s 00000000 08:16 1843601                    /var/cache/fontconfig/2cd17615ca594fa2959ae173292e504c-le64.cache-3
7f1b8c0a7000-7f1b8c0a8000 r--s 00000000 08:16 1843626                    /var/cache/fontconfig/e7071f4a29fa870f4323321c154eba04-le64.cache-3
7f1b8c0a8000-7f1b8c0b1000 r--s 00000000 08:16 1847215                    /var/cache/fontconfig/6d41288fd70b0be22e8c3a91e032eec0-le64.cache-3
7f1b8c0b1000-7f1b8c0df000 r--s 00000000 08:16 1846701                    /var/cache/fontconfig/365b55f210c0a22e9a19e35191240f32-le64.cache-3
7f1b8c0df000-7f1b8c0fd000 r-xp 00000000 08:16 1056220                    /usr/lib/x86_64-linux-gnu/libgdk_pixbuf-2.0.so.0.2600.1
7f1b8c0fd000-7f1b8c2fd000 ---p 0001e000 08:16 1056220                    /usr/lib/x86_64-linux-gnu/libgdk_pixbuf-2.0.so.0.2600.1
7f1b8c2fd000-7f1b8c2fe000 r--p 0001e000 08:16 1056220                    /usr/lib/x86_64-linux-gnu/libgdk_pixbuf-2.0.so.0.2600.1
7f1b8c2fe000-7f1b8c2ff000 rw-p 0001f000 08:16 1056220                    /usr/lib/x86_64-linux-gnu/libgdk_pixbuf-2.0.so.0.2600.1
7f1b8c2ff000-7f1b8c3ac000 r-xp 00000000 08:16 1056218                    /usr/lib/x86_64-linux-gnu/libgdk-x11-2.0.so.0.2400.10
7f1b8c3ac000-7f1b8c5ab000 ---p 000ad000 08:16 1056218                    /usr/lib/x86_64-linux-gnu/libgdk-x11-2.0.so.0.2400.10
7f1b8c5ab000-7f1b8c5af000 r--p 000ac000 08:16 1056218                    /usr/lib/x86_64-linux-gnu/libgdk-x11-2.0.so.0.2400.10
7f1b8c5af000-7f1b8c5b1000 rw-p 000b0000 08:16 1056218                    /usr/lib/x86_64-linux-gnu/libgdk-x11-2.0.so.0.2400.10
7f1b8c5b1000-7f1b8c9de000 r-xp 00000000 08:16 1056313                    /usr/lib/x86_64-linux-gnu/libgtk-x11-2.0.so.0.2400.10
7f1b8c9de000-7f1b8cbde000 ---p 0042d000 08:16 1056313                    /usr/lib/x86_64-linux-gnu/libgtk-x11-2.0.so.0.2400.10
7f1b8cbde000-7f1b8cbe5000 r--p 0042d000 08:16 1056313                    /usr/lib/x86_64-linux-gnu/libgtk-x11-2.0.so.0.2400.10
7f1b8cbe5000-7f1b8cbe9000 rw-p 00434000 08:16 1056313                    /usr/lib/x86_64-linux-gnu/libgtk-x11-2.0.so.0.2400.10
7f1b8cbe9000-7f1b8cbeb000 rw-p 00000000 00:00 0 
7f1b8cbeb000-7f1b8cbf9000 r-xp 00000000 08:16 1056027                    /usr/lib/x86_64-linux-gnu/libXi.so.6.1.0
7f1b8cbf9000-7f1b8cdf8000 ---p 0000e000 08:16 1056027                    /usr/lib/x86_64-linux-gnu/libXi.so.6.1.0
7f1b8cdf8000-7f1b8cdf9000 r--p 0000d000 08:16 1056027                    /usr/lib/x86_64-linux-gnu/libXi.so.6.1.0
7f1b8cdf9000-7f1b8cdfa000 rw-p 0000e000 08:16 1056027                    /usr/lib/x86_64-linux-gnu/libXi.so.6.1.0
7f1b8cdfa000-7f1b8cdff000 r-xp 00000000 08:16 1056045                    /usr/lib/x86_64-linux-gnu/libXtst.so.6.1.0
7f1b8cdff000-7f1b8cffe000 ---p 00005000 08:16 1056045                    /usr/lib/x86_64-linux-gnu/libXtst.so.6.1.0
7f1b8cffe000-7f1b8cfff000 r--p 00004000 08:16 1056045                    /usr/lib/x86_64-linux-gnu/libXtst.so.6.1.0
7f1b8cfff000-7f1b8d000000 rw-p 00005000 08:16 1056045                    /usr/lib/x86_64-linux-gnu/libXtst.so.6.1.0
7f1b8d000000-7f1b8d270000 rwxp 00000000 00:00 0 
7f1b8d270000-7f1b9033d000 rw-p 00000000 00:00 0 
7f1b9033d000-7f1b94000000 ---p 00000000 00:00 0 
7f1b94000000-7f1b94006000 r--s 00000000 08:16 1843616                    /var/cache/fontconfig/a755afe4a08bf5b97852ceb7400b47bc-le64.cache-3
7f1b94006000-7f1b94016000 r--s 00000000 08:16 1843598                    /var/cache/fontconfig/04aabc0a78ac019cf9454389977116d2-le64.cache-3
7f1b94016000-7f1b94019000 r--s 00000000 08:16 1843604                    /var/cache/fontconfig/385c0604a188198f04d133e54aba7fe7-le64.cache-3
7f1b94019000-7f1b9401e000 r--s 00000000 08:16 1843602                    /var/cache/fontconfig/3047814df9a2f067bd2d96a2b9c36e5a-le64.cache-3
7f1b9401e000-7f1b9401f000 r--s 00000000 08:16 1843607                    /var/cache/fontconfig/56cf4f4769d0f4abc89a4895d7bd3ae1-le64.cache-3
7f1b9401f000-7f1b94020000 r--s 00000000 08:16 1843618                    /var/cache/fontconfig/b9d506c9ac06c20b433354fa67a72993-le64.cache-3
7f1b94020000-7f1b94025000 r--s 00000000 08:16 1843617                    /var/cache/fontconfig/b47c4e1ecd0709278f4910c18777a504-le64.cache-3
7f1b94025000-7f1b9402d000 r--s 00000000 08:16 1846702                    /var/cache/fontconfig/52f7bdb7ce746bfd7eaa1985bd9cfa93-le64.cache-3
7f1b9402d000-7f1b9403d000 r--s 00000000 08:16 1843622                    /var/cache/fontconfig/d52a8644073d54c13679302ca1180695-le64.cache-3
7f1b9403d000-7f1b94040000 ---p 00000000 00:00 0 
7f1b94040000-7f1b9413e000 rw-p 00000000 00:00 0 
7f1b9413e000-7f1b94147000 r-xp 00000000 08:16 1056041                    /usr/lib/x86_64-linux-gnu/libXrender.so.1.3.0
7f1b94147000-7f1b94346000 ---p 00009000 08:16 1056041                    /usr/lib/x86_64-linux-gnu/libXrender.so.1.3.0
7f1b94346000-7f1b94347000 r--p 00008000 08:16 1056041                    /usr/lib/x86_64-linux-gnu/libXrender.so.1.3.0
7f1b94347000-7f1b94348000 rw-p 00009000 08:16 1056041                    /usr/lib/x86_64-linux-gnu/libXrender.so.1.3.0
7f1b94348000-7f1b94477000 r-xp 00000000 08:16 1056006                    /usr/lib/x86_64-linux-gnu/libX11.so.6.3.0
7f1b94477000-7f1b94677000 ---p 0012f000 08:16 1056006                    /usr/lib/x86_64-linux-gnu/libX11.so.6.3.0
7f1b94677000-7f1b94678000 r--p 0012f000 08:16 1056006                    /usr/lib/x86_64-linux-gnu/libX11.so.6.3.0
7f1b94678000-7f1b9467c000 rw-p 00130000 08:16 1056006                    /usr/lib/x86_64-linux-gnu/libX11.so.6.3.0
7f1b9467c000-7f1b9468c000 r-xp 00000000 08:16 1056021                    /usr/lib/x86_64-linux-gnu/libXext.so.6.4.0
7f1b9468c000-7f1b9488b000 ---p 00010000 08:16 1056021                    /usr/lib/x86_64-linux-gnu/libXext.so.6.4.0
7f1b9488b000-7f1b9488c000 r--p 0000f000 08:16 1056021                    /usr/lib/x86_64-linux-gnu/libXext.so.6.4.0
7f1b9488c000-7f1b9488d000 rw-p 00010000 08:16 1056021                    /usr/lib/x86_64-linux-gnu/libXext.so.6.4.0
7f1b9488d000-7f1b9488e000 r--s 00000000 08:16 1843599                    /var/cache/fontconfig/0d8c3b2ac0904cb8a57a757ad11a4a08-le64.cache-3
7f1b9488e000-7f1b9488f000 r--s 00000000 08:16 1846509                    /var/cache/fontconfig/5a76b20910bc01daa5b6abd117531ab8-le64.cache-3
7f1b9488f000-7f1b94890000 r--s 00000000 08:16 1841789                    /var/cache/fontconfig/4794a0821666d79190d59a36cb4f44b5-le64.cache-3
7f1b94890000-7f1b94893000 r--s 00000000 08:16 1843613                    /var/cache/fontconfig/8801497958630a81b71ace7c5f9b32a8-le64.cache-3
7f1b94893000-7f1b94899000 r--s 00000000 08:16 1846508                    /var/cache/fontconfig/3f7329c5293ffd510edef78f73874cfd-le64.cache-3
7f1b94899000-7f1b9489c000 r--s 00000000 08:16 1842402                    /var/cache/fontconfig/e13b20fdb08344e0e664864cc2ede53d-le64.cache-3
7f1b9489c000-7f1b948a0000 r--s 00000000 08:16 1846742                    /var/cache/fontconfig/7ef2298fde41cc6eeb7af42e48b7d293-le64.cache-3
7f1b948a0000-7f1b948a9000 r--s 00263000 08:16 1050329                    /usr/lib/jvm/java-7-openjdk-common/jre/lib/resources.jar
7f1b948a9000-7f1b948ff000 r-xp 00000000 08:16 3544819                    /usr/lib/jvm/java-7-openjdk-amd64/jre/lib/amd64/xawt/libmawt.so
7f1b948ff000-7f1b94afe000 ---p 00056000 08:16 3544819                    /usr/lib/jvm/java-7-openjdk-amd64/jre/lib/amd64/xawt/libmawt.so
7f1b94afe000-7f1b94aff000 r--p 00055000 08:16 3544819                    /usr/lib/jvm/java-7-openjdk-amd64/jre/lib/amd64/xawt/libmawt.so
7f1b94aff000-7f1b94b02000 rw-p 00056000 08:16 3544819                    /usr/lib/jvm/java-7-openjdk-amd64/jre/lib/amd64/xawt/libmawt.so
7f1b94b02000-7f1b94b03000 rw-p 00000000 00:00 0 
7f1b94b03000-7f1b94bb1000 r-xp 00000000 08:16 3544588                    /usr/lib/jvm/java-7-openjdk-amd64/jre/lib/amd64/libawt.so
7f1b94bb1000-7f1b94db0000 ---p 000ae000 08:16 3544588                    /usr/lib/jvm/java-7-openjdk-amd64/jre/lib/amd64/libawt.so
7f1b94db0000-7f1b94db1000 r--p 000ad000 08:16 3544588                    /usr/lib/jvm/java-7-openjdk-amd64/jre/lib/amd64/libawt.so
7f1b94db1000-7f1b94dbc000 rw-p 000ae000 08:16 3544588                    /usr/lib/jvm/java-7-openjdk-amd64/jre/lib/amd64/libawt.so
7f1b94dbc000-7f1b94de1000 rw-p 00000000 00:00 0 
7f1b94de1000-7f1b94de2000 r--s 00006000 08:16 3676784                    /home/relissa/jmonkeyplatform/jmonkeyplatform/libs/noise-0.0.1-SNAPSHOT.jar
7f1b94de2000-7f1b94de5000 r--s 0001a000 08:16 3677188                    /home/relissa/jmonkeyplatform/jmonkeyplatform/libs/xmlpull-xpp3.jar
7f1b94de5000-7f1b94de7000 r--s 0003c000 08:16 3677429                    /home/relissa/jmonkeyplatform/jmonkeyplatform/libs/vecmath.jar
7f1b94de7000-7f1b94de8000 r--s 0000b000 08:16 3677222                    /home/relissa/jmonkeyplatform/jmonkeyplatform/libs/stack-alloc.jar
7f1b94de8000-7f1b94dea000 r--s 0000d000 08:16 3676956                    /home/relissa/jmonkeyplatform/jmonkeyplatform/libs/nifty-style-black.jar
7f1b94dea000-7f1b94df0000 r--s 00030000 08:16 3676642                    /home/relissa/jmonkeyplatform/jmonkeyplatform/libs/nifty-default-controls.jar
7f1b94df0000-7f1b94dfa000 r--s 0006a000 08:16 3677370                    /home/relissa/jmonkeyplatform/jmonkeyplatform/libs/nifty.jar
7f1b94dfa000-7f1b94dfc000 r--s 00012000 08:16 3677292                    /home/relissa/jmonkeyplatform/jmonkeyplatform/libs/eventbus.jar
7f1b94dfc000-7f1b94e09000 r--s 000d2000 08:16 3677369                    /home/relissa/jmonkeyplatform/jmonkeyplatform/libs/lwjgl.jar
7f1b94e09000-7f1b94e0d000 r--s 00030000 08:16 3677346                    /home/relissa/jmonkeyplatform/jmonkeyplatform/libs/jinput.jar
7f1b94e0d000-7f1b94e17000 r--s 00079000 08:16 3677317                    /home/relissa/jmonkeyplatform/jmonkeyplatform/libs/jbullet.jar
7f1b94e17000-7f1b94e18000 r--s 001f3000 08:16 3676914                    /home/relissa/jmonkeyplatform/jmonkeyplatform/libs/jME3-lwjgl-natives.jar
7f1b94e18000-7f1b94e1b000 r--s 00020000 08:16 3677185                    /home/relissa/jmonkeyplatform/jmonkeyplatform/libs/jME3-jbullet.jar
7f1b94e1b000-7f1b94e1c000 ---p 00000000 00:00 0 
7f1b94e1c000-7f1b94f1c000 rw-p 00000000 00:00 0 
7f1b94f1c000-7f1b94f1f000 ---p 00000000 00:00 0 
7f1b94f1f000-7f1b9501d000 rw-p 00000000 00:00 0 
7f1b9501d000-7f1b95020000 ---p 00000000 00:00 0 
7f1b95020000-7f1b9511e000 rw-p 00000000 00:00 0 
7f1b9511e000-7f1b95121000 ---p 00000000 00:00 0 
7f1b95121000-7f1b9521f000 rw-p 00000000 00:00 0 
7f1b9521f000-7f1b95222000 ---p 00000000 00:00 0 
7f1b95222000-7f1b95320000 rw-p 00000000 00:00 0 
7f1b95320000-7f1b95a03000 r--p 00000000 08:16 1055298                    /usr/lib/locale/locale-archive
7f1b95a03000-7f1b95a06000 ---p 00000000 00:00 0 
7f1b95a06000-7f1b95b04000 rw-p 00000000 00:00 0 
7f1b95b04000-7f1b95b07000 ---p 00000000 00:00 0 
7f1b95b07000-7f1b95c05000 rw-p 00000000 00:00 0 
7f1b95c05000-7f1b95c06000 ---p 00000000 00:00 0 
7f1b95c06000-7f1b96075000 rw-p 00000000 00:00 0 
7f1b96075000-7f1b96224000 r--s 03e91000 08:16 3544596                    /usr/lib/jvm/java-7-openjdk-amd64/jre/lib/rt.jar
7f1b96224000-7f1b9624c000 rw-p 00000000 00:00 0 
7f1b9624c000-7f1b9624d000 ---p 00000000 00:00 0 
7f1b9624d000-7f1b9634d000 rw-p 00000000 00:00 0 
7f1b9634d000-7f1b9634e000 ---p 00000000 00:00 0 
7f1b9634e000-7f1b96459000 rw-p 00000000 00:00 0 
7f1b96459000-7f1b964a1000 rw-p 00000000 00:00 0 
7f1b964a1000-7f1b964b5000 rw-p 00000000 00:00 0 
7f1b964b5000-7f1b965d6000 rw-p 00000000 00:00 0 
7f1b965d6000-7f1b965e1000 rw-p 00000000 00:00 0 
7f1b965e1000-7f1b96629000 rw-p 00000000 00:00 0 
7f1b96629000-7f1b9663d000 rw-p 00000000 00:00 0 
7f1b9663d000-7f1b9675d000 rw-p 00000000 00:00 0 
7f1b9675d000-7f1b96768000 rw-p 00000000 00:00 0 
7f1b96768000-7f1b967f8000 rw-p 00000000 00:00 0 
7f1b967f8000-7f1b967f9000 rw-p 00000000 00:00 0 
7f1b967f9000-7f1b96801000 r-xp 00000000 08:16 3544581                    /usr/lib/jvm/java-7-openjdk-amd64/jre/lib/amd64/libzip.so
7f1b96801000-7f1b96a00000 ---p 00008000 08:16 3544581                    /usr/lib/jvm/java-7-openjdk-amd64/jre/lib/amd64/libzip.so
7f1b96a00000-7f1b96a01000 r--p 00007000 08:16 3544581                    /usr/lib/jvm/java-7-openjdk-amd64/jre/lib/amd64/libzip.so
7f1b96a01000-7f1b96a02000 rw-p 00008000 08:16 3544581                    /usr/lib/jvm/java-7-openjdk-amd64/jre/lib/amd64/libzip.so
7f1b96a02000-7f1b96a0e000 r-xp 00000000 08:16 5246630                    /lib/x86_64-linux-gnu/libnss_files-2.15.so
7f1b96a0e000-7f1b96c0d000 ---p 0000c000 08:16 5246630                    /lib/x86_64-linux-gnu/libnss_files-2.15.so
7f1b96c0d000-7f1b96c0e000 r--p 0000b000 08:16 5246630                    /lib/x86_64-linux-gnu/libnss_files-2.15.so
7f1b96c0e000-7f1b96c0f000 rw-p 0000c000 08:16 5246630                    /lib/x86_64-linux-gnu/libnss_files-2.15.so
7f1b96c0f000-7f1b96c19000 r-xp 00000000 08:16 5246634                    /lib/x86_64-linux-gnu/libnss_nis-2.15.so
7f1b96c19000-7f1b96e19000 ---p 0000a000 08:16 5246634                    /lib/x86_64-linux-gnu/libnss_nis-2.15.so
7f1b96e19000-7f1b96e1a000 r--p 0000a000 08:16 5246634                    /lib/x86_64-linux-gnu/libnss_nis-2.15.so
7f1b96e1a000-7f1b96e1b000 rw-p 0000b000 08:16 5246634                    /lib/x86_64-linux-gnu/libnss_nis-2.15.so
7f1b96e1b000-7f1b96e32000 r-xp 00000000 08:16 5246624                    /lib/x86_64-linux-gnu/libnsl-2.15.so
7f1b96e32000-7f1b97031000 ---p 00017000 08:16 5246624                    /lib/x86_64-linux-gnu/libnsl-2.15.so
7f1b97031000-7f1b97032000 r--p 00016000 08:16 5246624                    /lib/x86_64-linux-gnu/libnsl-2.15.so
7f1b97032000-7f1b97033000 rw-p 00017000 08:16 5246624                    /lib/x86_64-linux-gnu/libnsl-2.15.so
7f1b97033000-7f1b97035000 rw-p 00000000 00:00 0 
7f1b97035000-7f1b9703d000 r-xp 00000000 08:16 5246626                    /lib/x86_64-linux-gnu/libnss_compat-2.15.so
7f1b9703d000-7f1b9723c000 ---p 00008000 08:16 5246626                    /lib/x86_64-linux-gnu/libnss_compat-2.15.so
7f1b9723c000-7f1b9723d000 r--p 00007000 08:16 5246626                    /lib/x86_64-linux-gnu/libnss_compat-2.15.so
7f1b9723d000-7f1b9723e000 rw-p 00008000 08:16 5246626                    /lib/x86_64-linux-gnu/libnss_compat-2.15.so
7f1b9723e000-7f1b97265000 r-xp 00000000 08:16 3544563                    /usr/lib/jvm/java-7-openjdk-amd64/jre/lib/amd64/libjava.so
7f1b97265000-7f1b97464000 ---p 00027000 08:16 3544563                    /usr/lib/jvm/java-7-openjdk-amd64/jre/lib/amd64/libjava.so
7f1b97464000-7f1b97465000 r--p 00026000 08:16 3544563                    /usr/lib/jvm/java-7-openjdk-amd64/jre/lib/amd64/libjava.so
7f1b97465000-7f1b97467000 rw-p 00027000 08:16 3544563                    /usr/lib/jvm/java-7-openjdk-amd64/jre/lib/amd64/libjava.so
7f1b97467000-7f1b97475000 r-xp 00000000 08:16 3544574                    /usr/lib/jvm/java-7-openjdk-amd64/jre/lib/amd64/libverify.so
7f1b97475000-7f1b97674000 ---p 0000e000 08:16 3544574                    /usr/lib/jvm/java-7-openjdk-amd64/jre/lib/amd64/libverify.so
7f1b97674000-7f1b97676000 r--p 0000d000 08:16 3544574                    /usr/lib/jvm/java-7-openjdk-amd64/jre/lib/amd64/libverify.so
7f1b97676000-7f1b97677000 rw-p 0000f000 08:16 3544574                    /usr/lib/jvm/java-7-openjdk-amd64/jre/lib/amd64/libverify.so
7f1b97677000-7f1b9767e000 r-xp 00000000 08:16 5246665                    /lib/x86_64-linux-gnu/librt-2.15.so
7f1b9767e000-7f1b9787d000 ---p 00007000 08:16 5246665                    /lib/x86_64-linux-gnu/librt-2.15.so
7f1b9787d000-7f1b9787e000 r--p 00006000 08:16 5246665                    /lib/x86_64-linux-gnu/librt-2.15.so
7f1b9787e000-7f1b9787f000 rw-p 00007000 08:16 5246665                    /lib/x86_64-linux-gnu/librt-2.15.so
7f1b9787f000-7f1b97894000 r-xp 00000000 08:16 5246600                    /lib/x86_64-linux-gnu/libgcc_s.so.1
7f1b97894000-7f1b97a93000 ---p 00015000 08:16 5246600                    /lib/x86_64-linux-gnu/libgcc_s.so.1
7f1b97a93000-7f1b97a94000 r--p 00014000 08:16 5246600                    /lib/x86_64-linux-gnu/libgcc_s.so.1
7f1b97a94000-7f1b97a95000 rw-p 00015000 08:16 5246600                    /lib/x86_64-linux-gnu/libgcc_s.so.1
7f1b97a95000-7f1b97b8e000 r-xp 00000000 08:16 5246611                    /lib/x86_64-linux-gnu/libm-2.15.so
7f1b97b8e000-7f1b97d8d000 ---p 000f9000 08:16 5246611                    /lib/x86_64-linux-gnu/libm-2.15.so
7f1b97d8d000-7f1b97d8e000 r--p 000f8000 08:16 5246611                    /lib/x86_64-linux-gnu/libm-2.15.so
7f1b97d8e000-7f1b97d8f000 rw-p 000f9000 08:16 5246611                    /lib/x86_64-linux-gnu/libm-2.15.so
7f1b97d8f000-7f1b97e71000 r-xp 00000000 08:16 1056535                    /usr/lib/x86_64-linux-gnu/libstdc++.so.6.0.16
7f1b97e71000-7f1b98070000 ---p 000e2000 08:16 1056535                    /usr/lib/x86_64-linux-gnu/libstdc++.so.6.0.16
7f1b98070000-7f1b98078000 r--p 000e1000 08:16 1056535                    /usr/lib/x86_64-linux-gnu/libstdc++.so.6.0.16
7f1b98078000-7f1b9807a000 rw-p 000e9000 08:16 1056535                    /usr/lib/x86_64-linux-gnu/libstdc++.so.6.0.16
7f1b9807a000-7f1b9808f000 rw-p 00000000 00:00 0 
7f1b9808f000-7f1b98a22000 r-xp 00000000 08:16 3544559                    /usr/lib/jvm/java-7-openjdk-amd64/jre/lib/amd64/server/libjvm.so
7f1b98a22000-7f1b98c22000 ---p 00993000 08:16 3544559                    /usr/lib/jvm/java-7-openjdk-amd64/jre/lib/amd64/server/libjvm.so
7f1b98c22000-7f1b98c9c000 r--p 00993000 08:16 3544559                    /usr/lib/jvm/java-7-openjdk-amd64/jre/lib/amd64/server/libjvm.so
7f1b98c9c000-7f1b98cbe000 rw-p 00a0d000 08:16 3544559                    /usr/lib/jvm/java-7-openjdk-amd64/jre/lib/amd64/server/libjvm.so
7f1b98cbe000-7f1b98ce9000 rw-p 00000000 00:00 0 
7f1b98ce9000-7f1b98d01000 r-xp 00000000 08:16 5246659                    /lib/x86_64-linux-gnu/libpthread-2.15.so
7f1b98d01000-7f1b98f00000 ---p 00018000 08:16 5246659                    /lib/x86_64-linux-gnu/libpthread-2.15.so
7f1b98f00000-7f1b98f01000 r--p 00017000 08:16 5246659                    /lib/x86_64-linux-gnu/libpthread-2.15.so
7f1b98f01000-7f1b98f02000 rw-p 00018000 08:16 5246659                    /lib/x86_64-linux-gnu/libpthread-2.15.so
7f1b98f02000-7f1b98f06000 rw-p 00000000 00:00 0 
7f1b98f06000-7f1b98f1c000 r-xp 00000000 08:16 5246690                    /lib/x86_64-linux-gnu/libz.so.1.2.3.4
7f1b98f1c000-7f1b9911b000 ---p 00016000 08:16 5246690                    /lib/x86_64-linux-gnu/libz.so.1.2.3.4
7f1b9911b000-7f1b9911c000 r--p 00015000 08:16 5246690                    /lib/x86_64-linux-gnu/libz.so.1.2.3.4
7f1b9911c000-7f1b9911d000 rw-p 00016000 08:16 5246690                    /lib/x86_64-linux-gnu/libz.so.1.2.3.4
7f1b9911d000-7f1b9911f000 r-xp 00000000 08:16 5246592                    /lib/x86_64-linux-gnu/libdl-2.15.so
7f1b9911f000-7f1b9931f000 ---p 00002000 08:16 5246592                    /lib/x86_64-linux-gnu/libdl-2.15.so
7f1b9931f000-7f1b99320000 r--p 00002000 08:16 5246592                    /lib/x86_64-linux-gnu/libdl-2.15.so
7f1b99320000-7f1b99321000 rw-p 00003000 08:16 5246592                    /lib/x86_64-linux-gnu/libdl-2.15.so
7f1b99321000-7f1b994d4000 r-xp 00000000 08:16 5246579                    /lib/x86_64-linux-gnu/libc-2.15.so
7f1b994d4000-7f1b996d3000 ---p 001b3000 08:16 5246579                    /lib/x86_64-linux-gnu/libc-2.15.so
7f1b996d3000-7f1b996d7000 r--p 001b2000 08:16 5246579                    /lib/x86_64-linux-gnu/libc-2.15.so
7f1b996d7000-7f1b996d9000 rw-p 001b6000 08:16 5246579                    /lib/x86_64-linux-gnu/libc-2.15.so
7f1b996d9000-7f1b996de000 rw-p 00000000 00:00 0 
7f1b996de000-7f1b996ea000 r-xp 00000000 08:16 3544565                    /usr/lib/jvm/java-7-openjdk-amd64/jre/lib/amd64/jli/libjli.so
7f1b996ea000-7f1b998ea000 ---p 0000c000 08:16 3544565                    /usr/lib/jvm/java-7-openjdk-amd64/jre/lib/amd64/jli/libjli.so
7f1b998ea000-7f1b998eb000 r--p 0000c000 08:16 3544565                    /usr/lib/jvm/java-7-openjdk-amd64/jre/lib/amd64/jli/libjli.so
7f1b998eb000-7f1b998ec000 rw-p 0000d000 08:16 3544565                    /usr/lib/jvm/java-7-openjdk-amd64/jre/lib/amd64/jli/libjli.so
7f1b998ec000-7f1b9990e000 r-xp 00000000 08:16 5246559                    /lib/x86_64-linux-gnu/ld-2.15.so
7f1b9990e000-7f1b9990f000 r--s 00009000 08:16 3677159                    /home/relissa/jmonkeyplatform/jmonkeyplatform/libs/j-ogg-vorbisd.jar
7f1b9990f000-7f1b9992a000 r--s 00228000 08:16 3677111                    /home/relissa/jmonkeyplatform/jmonkeyplatform/libs/jMonkeyEngine3.jar
7f1b9992a000-7f1b99934000 rw-p 00000000 00:00 0 
7f1b99934000-7f1b999ea000 rw-p 00000000 00:00 0 
7f1b999ea000-7f1b999ed000 ---p 00000000 00:00 0 
7f1b999ed000-7f1b99af0000 rw-p 00000000 00:00 0 
7f1b99af0000-7f1b99af2000 r--s 00005000 08:16 3677249                    /home/relissa/jmonkeyplatform/jmonkeyplatform/libs/j-ogg-oggd.jar
7f1b99af2000-7f1b99af5000 r--s 00032000 08:16 1050313                    /usr/lib/jvm/java-7-openjdk-common/jre/lib/ext/sunjce_provider.jar
7f1b99af5000-7f1b99af7000 r--s 00012000 08:16 1050314                    /usr/lib/jvm/java-7-openjdk-common/jre/lib/ext/zipfs.jar
7f1b99af7000-7f1b99af8000 r--s 00002000 08:16 1050311                    /usr/lib/jvm/java-7-openjdk-common/jre/lib/ext/dnsns.jar
7f1b99af8000-7f1b99afb000 r--s 00085000 08:16 1050312                    /usr/lib/jvm/java-7-openjdk-common/jre/lib/ext/localedata.jar
7f1b99afb000-7f1b99afe000 r--s 0000f000 08:16 1050315                    /usr/lib/jvm/java-7-openjdk-common/jre/lib/ext/pulse-java.jar
7f1b99afe000-7f1b99aff000 r--s 00007000 08:16 1453403                    /usr/share/java/java-atk-wrapper.jar
7f1b99aff000-7f1b99b02000 r--s 0003c000 08:16 1050310                    /usr/lib/jvm/java-7-openjdk-common/jre/lib/ext/sunpkcs11.jar
7f1b99b02000-7f1b99b0a000 rw-s 00000000 08:16 4063324                    /tmp/hsperfdata_relissa/7899 (deleted)
7f1b99b0a000-7f1b99b0b000 rw-p 00000000 00:00 0 
7f1b99b0b000-7f1b99b0c000 ---p 00000000 00:00 0 
7f1b99b0c000-7f1b99b0e000 rw-p 00000000 00:00 0 
7f1b99b0e000-7f1b99b0f000 r--p 00022000 08:16 5246559                    /lib/x86_64-linux-gnu/ld-2.15.so
7f1b99b0f000-7f1b99b11000 rw-p 00023000 08:16 5246559                    /lib/x86_64-linux-gnu/ld-2.15.so
7fff0ebce000-7fff0ebef000 rw-p 00000000 00:00 0                          [stack]
7fff0ebff000-7fff0ec00000 r-xp 00000000 00:00 0                          [vdso]
ffffffffff600000-ffffffffff601000 r-xp 00000000 00:00 0                  [vsyscall]

VM Arguments:
jvm_args: -Dfile.encoding=UTF-8 
java_command: OCLP.Main
Launcher Type: SUN_STANDARD

Environment Variables:
PATH=/usr/lib/lightdm/lightdm:/usr/local/sbin:/usr/local/bin:/usr/sbin:/usr/bin:/sbin:/bin:/usr/games
SHELL=/bin/bash
DISPLAY=:0

Signal Handlers:
SIGSEGV: [libjvm.so+0x8065e0], sa_mask[0]=0x7ffbfeff, sa_flags=0x10000004
SIGBUS: [libjvm.so+0x8065e0], sa_mask[0]=0x7ffbfeff, sa_flags=0x10000004
SIGFPE: [libjvm.so+0x6ac6d0], sa_mask[0]=0x7ffbfeff, sa_flags=0x10000004
SIGPIPE: [libjvm.so+0x6ac6d0], sa_mask[0]=0x7ffbfeff, sa_flags=0x10000004
SIGXFSZ: [libjvm.so+0x6ac6d0], sa_mask[0]=0x7ffbfeff, sa_flags=0x10000004
SIGILL: [libjvm.so+0x6ac6d0], sa_mask[0]=0x7ffbfeff, sa_flags=0x10000004
SIGUSR1: SIG_DFL, sa_mask[0]=0x00000000, sa_flags=0x00000000
SIGUSR2: [libjvm.so+0x6acaa0], sa_mask[0]=0x00000004, sa_flags=0x10000004
SIGHUP: [libjvm.so+0x6acbe0], sa_mask[0]=0x7ffbfeff, sa_flags=0x10000004
SIGINT: SIG_IGN, sa_mask[0]=0x00000000, sa_flags=0x00000000
SIGTERM: [libjvm.so+0x6acbe0], sa_mask[0]=0x7ffbfeff, sa_flags=0x10000004
SIGQUIT: [libjvm.so+0x6acbe0], sa_mask[0]=0x7ffbfeff, sa_flags=0x10000004


---------------  S Y S T E M  ---------------

OS:Ubuntu 12.04 (precise)
uname:Linux 3.2.0-24-generic #39-Ubuntu SMP Mon May 21 16:52:17 UTC 2012 x86_64
libc:glibc 2.15 NPTL 2.15 
rlimit: STACK 8192k, CORE 0k, NPROC 28916, NOFILE 4096, AS infinity
load average:1.48 1.30 1.32

/proc/meminfo:
MemTotal:        3791568 kB
MemFree:          859204 kB
Buffers:          128880 kB
Cached:          1272600 kB
SwapCached:          448 kB
Active:          1640592 kB
Inactive:         957400 kB
Active(anon):     977564 kB
Inactive(anon):   232476 kB
Active(file):     663028 kB
Inactive(file):   724924 kB
Unevictable:           0 kB
Mlocked:               0 kB
SwapTotal:        999420 kB
SwapFree:         997980 kB
Dirty:               440 kB
Writeback:             0 kB
AnonPages:       1196156 kB
Mapped:           218452 kB
Shmem:             13528 kB
Slab:             144120 kB
SReclaimable:     118028 kB
SUnreclaim:        26092 kB
KernelStack:        3096 kB
PageTables:        31004 kB
NFS_Unstable:          0 kB
Bounce:                0 kB
WritebackTmp:          0 kB
CommitLimit:     2895204 kB
Committed_AS:    2736308 kB
VmallocTotal:   34359738367 kB
VmallocUsed:      300648 kB
VmallocChunk:   34359435432 kB
HardwareCorrupted:     0 kB
AnonHugePages:         0 kB
HugePages_Total:       0
HugePages_Free:        0
HugePages_Rsvd:        0
HugePages_Surp:        0
Hugepagesize:       2048 kB
DirectMap4k:     3659264 kB
DirectMap2M:      272384 kB
DirectMap1G:           0 kB


CPU:total 2 (2 cores per cpu, 1 threads per core) family 16 model 6 stepping 2, cmov, cx8, fxsr, mmx, sse, sse2, sse3, popcnt, mmxext, 3dnowpref, lzcnt, sse4a

/proc/cpuinfo:
processor	: 0
vendor_id	: AuthenticAMD
cpu family	: 16
model		: 6
model name	: AMD Athlon(tm) II X2 215 Processor
stepping	: 2
microcode	: 0x100009f
cpu MHz		: 2700.000
cache size	: 512 KB
physical id	: 0
siblings	: 2
core id		: 0
cpu cores	: 2
apicid		: 0
initial apicid	: 0
fpu		: yes
fpu_exception	: yes
cpuid level	: 5
wp		: yes
flags		: fpu vme de pse tsc msr pae mce cx8 apic sep mtrr pge mca cmov pat pse36 clflush mmx fxsr sse sse2 ht syscall nx mmxext fxsr_opt pdpe1gb rdtscp lm 3dnowext 3dnow constant_tsc rep_good nopl nonstop_tsc extd_apicid pni monitor cx16 popcnt lahf_lm cmp_legacy svm extapic cr8_legacy abm sse4a misalignsse 3dnowprefetch osvw ibs skinit wdt npt lbrv svm_lock nrip_save
bogomips	: 5400.31
TLB size	: 1024 4K pages
clflush size	: 64
cache_alignment	: 64
address sizes	: 48 bits physical, 48 bits virtual
power management: ts ttp tm stc 100mhzsteps hwpstate

processor	: 1
vendor_id	: AuthenticAMD
cpu family	: 16
model		: 6
model name	: AMD Athlon(tm) II X2 215 Processor
stepping	: 2
microcode	: 0x100009f
cpu MHz		: 2700.000
cache size	: 512 KB
physical id	: 0
siblings	: 2
core id		: 1
cpu cores	: 2
apicid		: 1
initial apicid	: 1
fpu		: yes
fpu_exception	: yes
cpuid level	: 5
wp		: yes
flags		: fpu vme de pse tsc msr pae mce cx8 apic sep mtrr pge mca cmov pat pse36 clflush mmx fxsr sse sse2 ht syscall nx mmxext fxsr_opt pdpe1gb rdtscp lm 3dnowext 3dnow constant_tsc rep_good nopl nonstop_tsc extd_apicid pni monitor cx16 popcnt lahf_lm cmp_legacy svm extapic cr8_legacy abm sse4a misalignsse 3dnowprefetch osvw ibs skinit wdt npt lbrv svm_lock nrip_save
bogomips	: 5386.51
TLB size	: 1024 4K pages
clflush size	: 64
cache_alignment	: 64
address sizes	: 48 bits physical, 48 bits virtual
power management: ts ttp tm stc 100mhzsteps hwpstate



Memory: 4k page, physical 3791568k(859204k free), swap 999420k(997980k free)

vm_info: OpenJDK 64-Bit Server VM (22.0-b10) for linux-amd64 JRE (1.7.0_03-b147), built on May  2 2012 16:57:58 by "buildd" with gcc 4.6.3

time: Sat Jun  9 12:29:58 2012
elapsed time: 5 seconds

