#
# A fatal error has been detected by the Java Runtime Environment:
#
#  SIGSEGV (0xb) at pc=0x00007faa39c1dc58, pid=7763, tid=140369299379968
#
# JRE version: 7.0_03-b147
# Java VM: OpenJDK 64-Bit Server VM (22.0-b10 mixed mode linux-amd64 compressed oops)
# Derivative: IcedTea7 2.1.1pre
# Distribution: Ubuntu 12.04 LTS, package 7~u3-2.1.1~pre1-1ubuntu3
# Problematic frame:
# C  [libX11.so.6+0x33c58]  XQueryExtension+0x28
#
# Failed to write core dump. Core dumps have been disabled. To enable core dumping, try "ulimit -c unlimited" before starting Java again
#
# If you would like to submit a bug report, please include
# instructions on how to reproduce the bug and visit:
#   https://bugs.launchpad.net/ubuntu/+source/openjdk-7/
#

---------------  T H R E A D  ---------------

Current thread is native thread

siginfo:si_signo=SIGSEGV: si_errno=0, si_code=1 (SEGV_MAPERR), si_addr=0xfffffffffc030f08

Registers:
RAX=0x00000000024e7ba0, RBX=0xfffffffffc0305a0, RCX=0x00007fff994b1808, RDX=0x00007fff994b1804
RSP=0x00007fff994b17a0, RBP=0x00007faa08f7d932, RSI=0x00007faa08f7d932, RDI=0xfffffffffc0305a0
R8 =0x00007fff994b180c, R9 =0x0000000000000000, R10=0x00007faa45f8ffa8, R11=0x00007faa45c11ca0
R12=0x0000000000000000, R13=0x00007faa08f7d932, R14=0x00000000024e7ba0, R15=0x0000000000000000
RIP=0x00007faa39c1dc58, EFLAGS=0x0000000000010206, CSGSFS=0x0000000000000033, ERR=0x0000000000000005
  TRAPNO=0x000000000000000e

Top of Stack: (sp=0x00007fff994b17a0)
0x00007fff994b17a0:   00007faa45be4790 00007faa463a4000
0x00007fff994b17b0:   00007faa455a0070 00007faa463a3000
0x00007fff994b17c0:   00000000ffffffff fffffffffc0305a0
0x00007fff994b17d0:   00007faa08f7d932 0000000000000000
0x00007fff994b17e0:   00007faa08f7d932 00000000024e7ba0
0x00007fff994b17f0:   0000000000000000 00007faa39c11c55
0x00007fff994b1800:   00007faa463c4048 00007faa090b6520
0x00007fff994b1810:   00007faa090b6520 fffffffffc0305a0
0x00007fff994b1820:   00007fa9fc042ea0 00007faa39f2b02b
0x00007fff994b1830:   00007faa45be4790 0000001100000061
0x00007fff994b1840:   00007fff994b18c0 0000000000000000
0x00007fff994b1850:   00007fff994b18c0 fffffffffc0305a0
0x00007fff994b1860:   0000000000000000 00007faa463c4048
0x00007fff994b1870:   00007faa090cfd50 00007faa08f24119
0x00007fff994b1880:   0000000000000000 0000000000000061
0x00007fff994b1890:   00007fff994b18c0 00007fff994b18e0
0x00007fff994b18a0:   0000000000000000 00007faa463c4048
0x00007fff994b18b0:   00007fa9fc027410 00007faa08f1ab42
0x00007fff994b18c0:   00007fff994b1c60 00007faa08f7d8b1
0x00007fff994b18d0:   0000000000000061 00007faa461b092d
0x00007fff994b18e0:   00007faa463c52c8 00007faa463c5858
0x00007fff994b18f0:   00007faa463c26a8 00007faa40006570
0x00007fff994b1900:   00007faa40007080 00007faa40007580
0x00007fff994b1910:   00007faa4000c260 00007fa9f419d4a0
0x00007fff994b1920:   00007fa9f41fe9c0 00007fa9f41bd5b0
0x00007fff994b1930:   00007fa9fc0154d0 00007fa9fc013e10
0x00007fff994b1940:   00007faa401c92d0 00007faa401ce070
0x00007fff994b1950:   00007faa401d5780 00007faa401d5250
0x00007fff994b1960:   00007faa401d4d30 00007faa401da100
0x00007fff994b1970:   00007faa401d9bf0 00007faa401db450
0x00007fff994b1980:   00007faa401d96f0 00007faa401d4800
0x00007fff994b1990:   00007faa401d8220 00007faa401dadc0 

Instructions: (pc=0x00007faa39c1dc58)
0x00007faa39c1dc38:   24 d8 48 89 fb 4c 89 64 24 e0 4c 89 6c 24 e8 48
0x00007faa39c1dc48:   89 f5 4c 89 74 24 f0 4c 89 7c 24 f8 48 83 ec 58
0x00007faa39c1dc58:   48 8b 87 68 09 00 00 49 89 d4 49 89 cd 4d 89 c6
0x00007faa39c1dc68:   48 85 c0 74 02 ff 10 ba 08 00 00 00 be 62 00 00 

Register to memory mapping:

RAX=0x00000000024e7ba0 is an unknown value
RBX=0xfffffffffc0305a0 is an unknown value
RCX=0x00007fff994b1808 is an unknown value
RDX=0x00007fff994b1804 is an unknown value
RSP=0x00007fff994b17a0 is an unknown value
RBP=0x00007faa08f7d932: <offset 0x96932> in /usr/lib/fglrx/libGL.so.1 at 0x00007faa08ee7000
RSI=0x00007faa08f7d932: <offset 0x96932> in /usr/lib/fglrx/libGL.so.1 at 0x00007faa08ee7000
RDI=0xfffffffffc0305a0 is an unknown value
R8 =0x00007fff994b180c is an unknown value
R9 =0x0000000000000000 is an unknown value
R10=0x00007faa45f8ffa8: <offset 0x3b9fa8> in /lib/x86_64-linux-gnu/libc.so.6 at 0x00007faa45bd6000
R11=0x00007faa45c11ca0: __cxa_finalize+0 in /lib/x86_64-linux-gnu/libc.so.6 at 0x00007faa45bd6000
R12=0x0000000000000000 is an unknown value
R13=0x00007faa08f7d932: <offset 0x96932> in /usr/lib/fglrx/libGL.so.1 at 0x00007faa08ee7000
R14=0x00000000024e7ba0 is an unknown value
R15=0x0000000000000000 is an unknown value


Stack: [0x00007fff993b3000,0x00007fff994b3000],  sp=0x00007fff994b17a0,  free space=1017k
Native frames: (J=compiled Java code, j=interpreted, Vv=VM code, C=native code)
C  [libX11.so.6+0x33c58]  XQueryExtension+0x28


---------------  P R O C E S S  ---------------

VM state:at safepoint (shutting down)

VM Mutex/Monitor currently owned by a thread:  ([mutex/lock_event])
[0x00007faa40004940] Threads_lock - owner thread: 0x00007faa4009b800

Heap
 PSYoungGen      total 17280K, used 15591K [0x00000000ecb60000, 0x00000000edea0000, 0x0000000100000000)
  eden space 14848K, 88% used [0x00000000ecb60000,0x00000000ed83df10,0x00000000ed9e0000)
  from space 2432K, 99% used [0x00000000ed9e0000,0x00000000edc3c020,0x00000000edc40000)
  to   space 2432K, 0% used [0x00000000edc40000,0x00000000edc40000,0x00000000edea0000)
 PSOldGen        total 39552K, used 1752K [0x00000000c6200000, 0x00000000c88a0000, 0x00000000ecb60000)
  object space 39552K, 4% used [0x00000000c6200000,0x00000000c63b6108,0x00000000c88a0000)
 PSPermGen       total 21248K, used 20635K [0x00000000bbc00000, 0x00000000bd0c0000, 0x00000000c6200000)
  object space 21248K, 97% used [0x00000000bbc00000,0x00000000bd026ec8,0x00000000bd0c0000)

Code Cache  [0x00007faa3bf7a000, 0x00007faa3c1ea000, 0x00007faa3ef7a000)
 total_blobs=723 nmethods=115 adapters=561 free_code_cache=48273Kb largest_free_block=49399808

Dynamic libraries:
00400000-00401000 r-xp 00000000 08:16 3544606                            /usr/lib/jvm/java-7-openjdk-amd64/jre/bin/java
00600000-00601000 r--p 00000000 08:16 3544606                            /usr/lib/jvm/java-7-openjdk-amd64/jre/bin/java
00601000-00602000 rw-p 00001000 08:16 3544606                            /usr/lib/jvm/java-7-openjdk-amd64/jre/bin/java
024e5000-02506000 rw-p 00000000 00:00 0                                  [heap]
bbc00000-bd0c0000 rw-p 00000000 00:00 0 
bd0c0000-c6200000 rw-p 00000000 00:00 0 
c6200000-c88a0000 rw-p 00000000 00:00 0 
c88a0000-ecb60000 rw-p 00000000 00:00 0 
ecb60000-edea0000 rw-p 00000000 00:00 0 
edea0000-100000000 rw-p 00000000 00:00 0 
7fa9eeffd000-7fa9eeffe000 ---p 00000000 00:00 0 
7fa9eeffe000-7fa9ef7fe000 rw-p 00000000 00:00 0 
7fa9f37ff000-7fa9f3800000 ---p 00000000 00:00 0 
7fa9f3800000-7fa9f4000000 rw-p 00000000 00:00 0 
7fa9f4000000-7fa9f441f000 rw-p 00000000 00:00 0 
7fa9f441f000-7fa9f8000000 ---p 00000000 00:00 0 
7fa9f82b1000-7fa9f82ef000 r-xp 00000000 08:16 1056348                    /usr/lib/x86_64-linux-gnu/libjpeg.so.8.0.2
7fa9f82ef000-7fa9f84ee000 ---p 0003e000 08:16 1056348                    /usr/lib/x86_64-linux-gnu/libjpeg.so.8.0.2
7fa9f84ee000-7fa9f84ef000 r--p 0003d000 08:16 1056348                    /usr/lib/x86_64-linux-gnu/libjpeg.so.8.0.2
7fa9f84ef000-7fa9f84f0000 rw-p 0003e000 08:16 1056348                    /usr/lib/x86_64-linux-gnu/libjpeg.so.8.0.2
7fa9f84f0000-7fa9f8500000 rw-p 00000000 00:00 0 
7fa9f8500000-7fa9f8509000 r-xp 00000000 08:16 3544590                    /usr/lib/jvm/java-7-openjdk-amd64/jre/lib/amd64/libjavajpeg.so
7fa9f8509000-7fa9f8708000 ---p 00009000 08:16 3544590                    /usr/lib/jvm/java-7-openjdk-amd64/jre/lib/amd64/libjavajpeg.so
7fa9f8708000-7fa9f8709000 r--p 00008000 08:16 3544590                    /usr/lib/jvm/java-7-openjdk-amd64/jre/lib/amd64/libjavajpeg.so
7fa9f8709000-7fa9f870a000 rw-p 00009000 08:16 3544590                    /usr/lib/jvm/java-7-openjdk-amd64/jre/lib/amd64/libjavajpeg.so
7fa9f870a000-7fa9f8710000 r-xp 00000000 08:16 1056418                    /usr/lib/x86_64-linux-gnu/libogg.so.0.7.1
7fa9f8710000-7fa9f890f000 ---p 00006000 08:16 1056418                    /usr/lib/x86_64-linux-gnu/libogg.so.0.7.1
7fa9f890f000-7fa9f8910000 r--p 00005000 08:16 1056418                    /usr/lib/x86_64-linux-gnu/libogg.so.0.7.1
7fa9f8910000-7fa9f8911000 rw-p 00006000 08:16 1056418                    /usr/lib/x86_64-linux-gnu/libogg.so.0.7.1
7fa9f8911000-7fa9f893c000 r-xp 00000000 08:16 1056576                    /usr/lib/x86_64-linux-gnu/libvorbis.so.0.4.5
7fa9f893c000-7fa9f8b3b000 ---p 0002b000 08:16 1056576                    /usr/lib/x86_64-linux-gnu/libvorbis.so.0.4.5
7fa9f8b3b000-7fa9f8b3c000 r--p 0002a000 08:16 1056576                    /usr/lib/x86_64-linux-gnu/libvorbis.so.0.4.5
7fa9f8b3c000-7fa9f8b3d000 rw-p 0002b000 08:16 1056576                    /usr/lib/x86_64-linux-gnu/libvorbis.so.0.4.5
7fa9f8b3d000-7fa9f8df0000 r-xp 00000000 08:16 1056578                    /usr/lib/x86_64-linux-gnu/libvorbisenc.so.2.0.8
7fa9f8df0000-7fa9f8fef000 ---p 002b3000 08:16 1056578                    /usr/lib/x86_64-linux-gnu/libvorbisenc.so.2.0.8
7fa9f8fef000-7fa9f900b000 r--p 002b2000 08:16 1056578                    /usr/lib/x86_64-linux-gnu/libvorbisenc.so.2.0.8
7fa9f900b000-7fa9f900c000 rw-p 002ce000 08:16 1056578                    /usr/lib/x86_64-linux-gnu/libvorbisenc.so.2.0.8
7fa9f900c000-7fa9f9054000 r-xp 00000000 08:16 1055951                    /usr/lib/x86_64-linux-gnu/libFLAC.so.8.2.0
7fa9f9054000-7fa9f9254000 ---p 00048000 08:16 1055951                    /usr/lib/x86_64-linux-gnu/libFLAC.so.8.2.0
7fa9f9254000-7fa9f9255000 r--p 00048000 08:16 1055951                    /usr/lib/x86_64-linux-gnu/libFLAC.so.8.2.0
7fa9f9255000-7fa9f9256000 rw-p 00049000 08:16 1055951                    /usr/lib/x86_64-linux-gnu/libFLAC.so.8.2.0
7fa9f9256000-7fa9f925b000 r-xp 00000000 08:16 1056065                    /usr/lib/x86_64-linux-gnu/libasyncns.so.0.3.1
7fa9f925b000-7fa9f945a000 ---p 00005000 08:16 1056065                    /usr/lib/x86_64-linux-gnu/libasyncns.so.0.3.1
7fa9f945a000-7fa9f945b000 r--p 00004000 08:16 1056065                    /usr/lib/x86_64-linux-gnu/libasyncns.so.0.3.1
7fa9f945b000-7fa9f945c000 rw-p 00005000 08:16 1056065                    /usr/lib/x86_64-linux-gnu/libasyncns.so.0.3.1
7fa9f945c000-7fa9f94bc000 r-xp 00000000 08:16 1056513                    /usr/lib/x86_64-linux-gnu/libsndfile.so.1.0.25
7fa9f94bc000-7fa9f96bc000 ---p 00060000 08:16 1056513                    /usr/lib/x86_64-linux-gnu/libsndfile.so.1.0.25
7fa9f96bc000-7fa9f96be000 r--p 00060000 08:16 1056513                    /usr/lib/x86_64-linux-gnu/libsndfile.so.1.0.25
7fa9f96be000-7fa9f96bf000 rw-p 00062000 08:16 1056513                    /usr/lib/x86_64-linux-gnu/libsndfile.so.1.0.25
7fa9f96bf000-7fa9f96c3000 rw-p 00000000 00:00 0 
7fa9f96c3000-7fa9f96cb000 r-xp 00000000 08:16 5246688                    /lib/x86_64-linux-gnu/libwrap.so.0.7.6
7fa9f96cb000-7fa9f98ca000 ---p 00008000 08:16 5246688                    /lib/x86_64-linux-gnu/libwrap.so.0.7.6
7fa9f98ca000-7fa9f98cb000 r--p 00007000 08:16 5246688                    /lib/x86_64-linux-gnu/libwrap.so.0.7.6
7fa9f98cb000-7fa9f98cc000 rw-p 00008000 08:16 5246688                    /lib/x86_64-linux-gnu/libwrap.so.0.7.6
7fa9f98cc000-7fa9f9928000 r-xp 00000000 08:16 1055773                    /usr/lib/x86_64-linux-gnu/libpulsecommon-1.1.so
7fa9f9928000-7fa9f9b28000 ---p 0005c000 08:16 1055773                    /usr/lib/x86_64-linux-gnu/libpulsecommon-1.1.so
7fa9f9b28000-7fa9f9b29000 r--p 0005c000 08:16 1055773                    /usr/lib/x86_64-linux-gnu/libpulsecommon-1.1.so
7fa9f9b29000-7fa9f9b2a000 rw-p 0005d000 08:16 1055773                    /usr/lib/x86_64-linux-gnu/libpulsecommon-1.1.so
7fa9f9b2a000-7fa9f9b31000 r-xp 00000000 08:16 1056352                    /usr/lib/x86_64-linux-gnu/libjson.so.0.0.1
7fa9f9b31000-7fa9f9d30000 ---p 00007000 08:16 1056352                    /usr/lib/x86_64-linux-gnu/libjson.so.0.0.1
7fa9f9d30000-7fa9f9d31000 r--p 00006000 08:16 1056352                    /usr/lib/x86_64-linux-gnu/libjson.so.0.0.1
7fa9f9d31000-7fa9f9d32000 rw-p 00007000 08:16 1056352                    /usr/lib/x86_64-linux-gnu/libjson.so.0.0.1
7fa9f9d32000-7fa9fbc8c000 r-xp 00000000 08:16 1054642                    /usr/lib/fglrx/dri/fglrx_dri.so
7fa9fbc8c000-7fa9fbd8c000 ---p 01f5a000 08:16 1054642                    /usr/lib/fglrx/dri/fglrx_dri.so
7fa9fbd8c000-7fa9fbeda000 rwxp 01f5a000 08:16 1054642                    /usr/lib/fglrx/dri/fglrx_dri.so
7fa9fbeda000-7fa9fc000000 rwxp 00000000 00:00 0 
7fa9fc000000-7fa9fc997000 rw-p 00000000 00:00 0 
7fa9fc997000-7faa00000000 ---p 00000000 00:00 0 
7faa00000000-7faa00021000 rw-p 00000000 00:00 0 
7faa00021000-7faa04000000 ---p 00000000 00:00 0 
7faa04000000-7faa04021000 rw-p 00000000 00:00 0 
7faa04021000-7faa08000000 ---p 00000000 00:00 0 
7faa080e9000-7faa0812f000 r-xp 00000000 08:16 1055774                    /usr/lib/x86_64-linux-gnu/libpulse.so.0.13.5
7faa0812f000-7faa0832f000 ---p 00046000 08:16 1055774                    /usr/lib/x86_64-linux-gnu/libpulse.so.0.13.5
7faa0832f000-7faa08330000 r--p 00046000 08:16 1055774                    /usr/lib/x86_64-linux-gnu/libpulse.so.0.13.5
7faa08330000-7faa08331000 rw-p 00047000 08:16 1055774                    /usr/lib/x86_64-linux-gnu/libpulse.so.0.13.5
7faa08589000-7faa08c89000 rw-s 19078000 00:05 9165                       /dev/ati/card0
7faa08c89000-7faa08cc4000 r-xp 00000000 08:16 1054638                    /usr/lib/fglrx/libatiadlxx.so
7faa08cc4000-7faa08dc4000 ---p 0003b000 08:16 1054638                    /usr/lib/fglrx/libatiadlxx.so
7faa08dc4000-7faa08dcd000 rw-p 0003b000 08:16 1054638                    /usr/lib/fglrx/libatiadlxx.so
7faa08dcd000-7faa08dde000 rw-p 00000000 00:00 0 
7faa08dde000-7faa08de5000 r-xp 00000000 08:16 1054658                    /usr/lib/fglrx/libatiuki.so.1.0
7faa08de5000-7faa08ee5000 ---p 00007000 08:16 1054658                    /usr/lib/fglrx/libatiuki.so.1.0
7faa08ee5000-7faa08ee6000 rw-p 00007000 08:16 1054658                    /usr/lib/fglrx/libatiuki.so.1.0
7faa08ee6000-7faa08ee7000 rw-p 00000000 00:00 0 
7faa08ee7000-7faa08faa000 r-xp 00000000 08:16 1054665                    /usr/lib/fglrx/libGL.so.1.2
7faa08faa000-7faa090a9000 ---p 000c3000 08:16 1054665                    /usr/lib/fglrx/libGL.so.1.2
7faa090a9000-7faa090d0000 rwxp 000c2000 08:16 1054665                    /usr/lib/fglrx/libGL.so.1.2
7faa090d0000-7faa090f0000 rwxp 00000000 00:00 0 
7faa090f0000-7faa090f4000 r-xp 00000000 08:16 1056049                    /usr/lib/x86_64-linux-gnu/libXxf86vm.so.1.0.0
7faa090f4000-7faa092f3000 ---p 00004000 08:16 1056049                    /usr/lib/x86_64-linux-gnu/libXxf86vm.so.1.0.0
7faa092f3000-7faa092f4000 r--p 00003000 08:16 1056049                    /usr/lib/x86_64-linux-gnu/libXxf86vm.so.1.0.0
7faa092f4000-7faa092f5000 rw-p 00004000 08:16 1056049                    /usr/lib/x86_64-linux-gnu/libXxf86vm.so.1.0.0
7faa092f5000-7faa0935b000 r-xp 00000000 08:16 3673310                    /home/relissa/.jme3/natives_9a0c8f4d/liblwjgl64.so
7faa0935b000-7faa0955b000 ---p 00066000 08:16 3673310                    /home/relissa/.jme3/natives_9a0c8f4d/liblwjgl64.so
7faa0955b000-7faa0955d000 r--p 00066000 08:16 3673310                    /home/relissa/.jme3/natives_9a0c8f4d/liblwjgl64.so
7faa0955d000-7faa0955e000 rw-p 00068000 08:16 3673310                    /home/relissa/.jme3/natives_9a0c8f4d/liblwjgl64.so
7faa0955e000-7faa0955f000 r-xp 00000000 08:16 3544578                    /usr/lib/jvm/java-7-openjdk-amd64/jre/lib/amd64/libjawt.so
7faa0955f000-7faa0975e000 ---p 00001000 08:16 3544578                    /usr/lib/jvm/java-7-openjdk-amd64/jre/lib/amd64/libjawt.so
7faa0975e000-7faa0975f000 r--p 00000000 08:16 3544578                    /usr/lib/jvm/java-7-openjdk-amd64/jre/lib/amd64/libjawt.so
7faa0975f000-7faa09760000 rw-p 00001000 08:16 3544578                    /usr/lib/jvm/java-7-openjdk-amd64/jre/lib/amd64/libjawt.so
7faa09760000-7faa09763000 ---p 00000000 00:00 0 
7faa09763000-7faa09861000 rw-p 00000000 00:00 0 
7faa09861000-7faa0986c000 rw-s 00000000 00:04 90505267                   /SYSV00000000 (deleted)
7faa09897000-7faa0989a000 ---p 00000000 00:00 0 
7faa0989a000-7faa09998000 rw-p 00000000 00:00 0 
7faa09998000-7faa099a8000 r-xp 00000000 08:16 3544571                    /usr/lib/jvm/java-7-openjdk-amd64/jre/lib/amd64/libnio.so
7faa099a8000-7faa09ba7000 ---p 00010000 08:16 3544571                    /usr/lib/jvm/java-7-openjdk-amd64/jre/lib/amd64/libnio.so
7faa09ba7000-7faa09ba8000 r--p 0000f000 08:16 3544571                    /usr/lib/jvm/java-7-openjdk-amd64/jre/lib/amd64/libnio.so
7faa09ba8000-7faa09ba9000 rw-p 00010000 08:16 3544571                    /usr/lib/jvm/java-7-openjdk-amd64/jre/lib/amd64/libnio.so
7faa09ba9000-7faa09bbf000 r-xp 00000000 08:16 3544572                    /usr/lib/jvm/java-7-openjdk-amd64/jre/lib/amd64/libnet.so
7faa09bbf000-7faa09dbf000 ---p 00016000 08:16 3544572                    /usr/lib/jvm/java-7-openjdk-amd64/jre/lib/amd64/libnet.so
7faa09dbf000-7faa09dc0000 r--p 00016000 08:16 3544572                    /usr/lib/jvm/java-7-openjdk-amd64/jre/lib/amd64/libnet.so
7faa09dc0000-7faa09dc1000 rw-p 00017000 08:16 3544572                    /usr/lib/jvm/java-7-openjdk-amd64/jre/lib/amd64/libnet.so
7faa09dc1000-7faa09dfc000 r-xp 00000000 08:16 3544568                    /usr/lib/jvm/java-7-openjdk-amd64/jre/lib/amd64/libfontmanager.so
7faa09dfc000-7faa09ffb000 ---p 0003b000 08:16 3544568                    /usr/lib/jvm/java-7-openjdk-amd64/jre/lib/amd64/libfontmanager.so
7faa09ffb000-7faa09ffd000 r--p 0003a000 08:16 3544568                    /usr/lib/jvm/java-7-openjdk-amd64/jre/lib/amd64/libfontmanager.so
7faa09ffd000-7faa09ffe000 rw-p 0003c000 08:16 3544568                    /usr/lib/jvm/java-7-openjdk-amd64/jre/lib/amd64/libfontmanager.so
7faa09ffe000-7faa0a001000 ---p 00000000 00:00 0 
7faa0a001000-7faa0a0ff000 rw-p 00000000 00:00 0 
7faa0a0ff000-7faa0a102000 ---p 00000000 00:00 0 
7faa0a102000-7faa0a200000 rw-p 00000000 00:00 0 
7faa0a200000-7faa0a203000 ---p 00000000 00:00 0 
7faa0a203000-7faa0a301000 rw-p 00000000 00:00 0 
7faa0a301000-7faa0a304000 ---p 00000000 00:00 0 
7faa0a304000-7faa0a402000 rw-p 00000000 00:00 0 
7faa0a402000-7faa0a405000 ---p 00000000 00:00 0 
7faa0a405000-7faa0a503000 rw-p 00000000 00:00 0 
7faa0a503000-7faa0a506000 ---p 00000000 00:00 0 
7faa0a506000-7faa0a604000 rw-p 00000000 00:00 0 
7faa0a604000-7faa0a607000 r-xp 00000000 08:16 5246606                    /lib/x86_64-linux-gnu/libgpg-error.so.0.8.0
7faa0a607000-7faa0a806000 ---p 00003000 08:16 5246606                    /lib/x86_64-linux-gnu/libgpg-error.so.0.8.0
7faa0a806000-7faa0a807000 r--p 00002000 08:16 5246606                    /lib/x86_64-linux-gnu/libgpg-error.so.0.8.0
7faa0a807000-7faa0a808000 rw-p 00003000 08:16 5246606                    /lib/x86_64-linux-gnu/libgpg-error.so.0.8.0
7faa0a808000-7faa0a80b000 r-xp 00000000 08:16 5246610                    /lib/x86_64-linux-gnu/libkeyutils.so.1.4
7faa0a80b000-7faa0aa0a000 ---p 00003000 08:16 5246610                    /lib/x86_64-linux-gnu/libkeyutils.so.1.4
7faa0aa0a000-7faa0aa0b000 r--p 00002000 08:16 5246610                    /lib/x86_64-linux-gnu/libkeyutils.so.1.4
7faa0aa0b000-7faa0aa0c000 rw-p 00003000 08:16 5246610                    /lib/x86_64-linux-gnu/libkeyutils.so.1.4
7faa0aa0c000-7faa0aa4e000 r-xp 00000000 08:16 5246591                    /lib/x86_64-linux-gnu/libdbus-1.so.3.5.8
7faa0aa4e000-7faa0ac4e000 ---p 00042000 08:16 5246591                    /lib/x86_64-linux-gnu/libdbus-1.so.3.5.8
7faa0ac4e000-7faa0ac4f000 r--p 00042000 08:16 5246591                    /lib/x86_64-linux-gnu/libdbus-1.so.3.5.8
7faa0ac4f000-7faa0ac50000 rw-p 00043000 08:16 5246591                    /lib/x86_64-linux-gnu/libdbus-1.so.3.5.8
7faa0ac50000-7faa0ac61000 r-xp 00000000 08:16 1056424                    /usr/lib/x86_64-linux-gnu/libp11-kit.so.0.0.0
7faa0ac61000-7faa0ae60000 ---p 00011000 08:16 1056424                    /usr/lib/x86_64-linux-gnu/libp11-kit.so.0.0.0
7faa0ae60000-7faa0ae61000 r--p 00010000 08:16 1056424                    /usr/lib/x86_64-linux-gnu/libp11-kit.so.0.0.0
7faa0ae61000-7faa0ae62000 rw-p 00011000 08:16 1056424                    /usr/lib/x86_64-linux-gnu/libp11-kit.so.0.0.0
7faa0ae62000-7faa0aedc000 r-xp 00000000 08:16 5246882                    /lib/x86_64-linux-gnu/libgcrypt.so.11.7.0
7faa0aedc000-7faa0b0dc000 ---p 0007a000 08:16 5246882                    /lib/x86_64-linux-gnu/libgcrypt.so.11.7.0
7faa0b0dc000-7faa0b0dd000 r--p 0007a000 08:16 5246882                    /lib/x86_64-linux-gnu/libgcrypt.so.11.7.0
7faa0b0dd000-7faa0b0e0000 rw-p 0007b000 08:16 5246882                    /lib/x86_64-linux-gnu/libgcrypt.so.11.7.0
7faa0b0e0000-7faa0b0f0000 r-xp 00000000 08:16 1061093                    /usr/lib/x86_64-linux-gnu/libtasn1.so.3.1.12
7faa0b0f0000-7faa0b2ef000 ---p 00010000 08:16 1061093                    /usr/lib/x86_64-linux-gnu/libtasn1.so.3.1.12
7faa0b2ef000-7faa0b2f0000 r--p 0000f000 08:16 1061093                    /usr/lib/x86_64-linux-gnu/libtasn1.so.3.1.12
7faa0b2f0000-7faa0b2f1000 rw-p 00010000 08:16 1061093                    /usr/lib/x86_64-linux-gnu/libtasn1.so.3.1.12
7faa0b2f1000-7faa0b2f8000 r-xp 00000000 08:16 1052728                    /usr/lib/x86_64-linux-gnu/libkrb5support.so.0.1
7faa0b2f8000-7faa0b4f7000 ---p 00007000 08:16 1052728                    /usr/lib/x86_64-linux-gnu/libkrb5support.so.0.1
7faa0b4f7000-7faa0b4f8000 r--p 00006000 08:16 1052728                    /usr/lib/x86_64-linux-gnu/libkrb5support.so.0.1
7faa0b4f8000-7faa0b4f9000 rw-p 00007000 08:16 1052728                    /usr/lib/x86_64-linux-gnu/libkrb5support.so.0.1
7faa0b4f9000-7faa0b4fc000 r-xp 00000000 08:16 5246586                    /lib/x86_64-linux-gnu/libcom_err.so.2.1
7faa0b4fc000-7faa0b6fb000 ---p 00003000 08:16 5246586                    /lib/x86_64-linux-gnu/libcom_err.so.2.1
7faa0b6fb000-7faa0b6fc000 r--p 00002000 08:16 5246586                    /lib/x86_64-linux-gnu/libcom_err.so.2.1
7faa0b6fc000-7faa0b6fd000 rw-p 00003000 08:16 5246586                    /lib/x86_64-linux-gnu/libcom_err.so.2.1
7faa0b6fd000-7faa0b722000 r-xp 00000000 08:16 1052714                    /usr/lib/x86_64-linux-gnu/libk5crypto.so.3.1
7faa0b722000-7faa0b922000 ---p 00025000 08:16 1052714                    /usr/lib/x86_64-linux-gnu/libk5crypto.so.3.1
7faa0b922000-7faa0b923000 r--p 00025000 08:16 1052714                    /usr/lib/x86_64-linux-gnu/libk5crypto.so.3.1
7faa0b923000-7faa0b924000 rw-p 00026000 08:16 1052714                    /usr/lib/x86_64-linux-gnu/libk5crypto.so.3.1
7faa0b924000-7faa0b925000 rw-p 00000000 00:00 0 
7faa0b925000-7faa0b9e9000 r-xp 00000000 08:16 1052724                    /usr/lib/x86_64-linux-gnu/libkrb5.so.3.3
7faa0b9e9000-7faa0bbe8000 ---p 000c4000 08:16 1052724                    /usr/lib/x86_64-linux-gnu/libkrb5.so.3.3
7faa0bbe8000-7faa0bbf2000 r--p 000c3000 08:16 1052724                    /usr/lib/x86_64-linux-gnu/libkrb5.so.3.3
7faa0bbf2000-7faa0bbf3000 rw-p 000cd000 08:16 1052724                    /usr/lib/x86_64-linux-gnu/libkrb5.so.3.3
7faa0bbf3000-7faa0bbfb000 r-xp 00000000 08:16 1056599                    /usr/lib/x86_64-linux-gnu/libxcb-render.so.0.0.0
7faa0bbfb000-7faa0bdfb000 ---p 00008000 08:16 1056599                    /usr/lib/x86_64-linux-gnu/libxcb-render.so.0.0.0
7faa0bdfb000-7faa0bdfc000 r--p 00008000 08:16 1056599                    /usr/lib/x86_64-linux-gnu/libxcb-render.so.0.0.0
7faa0bdfc000-7faa0bdfd000 rw-p 00009000 08:16 1056599                    /usr/lib/x86_64-linux-gnu/libxcb-render.so.0.0.0
7faa0bdfd000-7faa0bdff000 r-xp 00000000 08:16 1056603                    /usr/lib/x86_64-linux-gnu/libxcb-shm.so.0.0.0
7faa0bdff000-7faa0bffe000 ---p 00002000 08:16 1056603                    /usr/lib/x86_64-linux-gnu/libxcb-shm.so.0.0.0
7faa0bffe000-7faa0bfff000 r--p 00001000 08:16 1056603                    /usr/lib/x86_64-linux-gnu/libxcb-shm.so.0.0.0
7faa0bfff000-7faa0c000000 rw-p 00002000 08:16 1056603                    /usr/lib/x86_64-linux-gnu/libxcb-shm.so.0.0.0
7faa0c000000-7faa0c021000 rw-p 00000000 00:00 0 
7faa0c021000-7faa10000000 ---p 00000000 00:00 0 
7faa10035000-7faa10036000 rw-s 19077000 00:05 9165                       /dev/ati/card0
7faa10036000-7faa10046000 rw-s fe9f0000 00:05 9165                       /dev/ati/card0
7faa10046000-7faa1006c000 r-xp 00000000 08:16 5246656                    /lib/x86_64-linux-gnu/libpng12.so.0.46.0
7faa1006c000-7faa1026c000 ---p 00026000 08:16 5246656                    /lib/x86_64-linux-gnu/libpng12.so.0.46.0
7faa1026c000-7faa1026d000 r--p 00026000 08:16 5246656                    /lib/x86_64-linux-gnu/libpng12.so.0.46.0
7faa1026d000-7faa1026e000 rw-p 00027000 08:16 5246656                    /lib/x86_64-linux-gnu/libpng12.so.0.46.0
7faa1026e000-7faa102ef000 r-xp 00000000 08:16 1056450                    /usr/lib/x86_64-linux-gnu/libpixman-1.so.0.24.4
7faa102ef000-7faa104ee000 ---p 00081000 08:16 1056450                    /usr/lib/x86_64-linux-gnu/libpixman-1.so.0.24.4
7faa104ee000-7faa104f4000 r--p 00080000 08:16 1056450                    /usr/lib/x86_64-linux-gnu/libpixman-1.so.0.24.4
7faa104f4000-7faa104f5000 rw-p 00086000 08:16 1056450                    /usr/lib/x86_64-linux-gnu/libpixman-1.so.0.24.4
7faa104f5000-7faa104fa000 r-xp 00000000 08:16 1056019                    /usr/lib/x86_64-linux-gnu/libXdmcp.so.6.0.0
7faa104fa000-7faa106f9000 ---p 00005000 08:16 1056019                    /usr/lib/x86_64-linux-gnu/libXdmcp.so.6.0.0
7faa106f9000-7faa106fa000 r--p 00004000 08:16 1056019                    /usr/lib/x86_64-linux-gnu/libXdmcp.so.6.0.0
7faa106fa000-7faa106fb000 rw-p 00005000 08:16 1056019                    /usr/lib/x86_64-linux-gnu/libXdmcp.so.6.0.0
7faa106fb000-7faa106fd000 r-xp 00000000 08:16 1056008                    /usr/lib/x86_64-linux-gnu/libXau.so.6.0.0
7faa106fd000-7faa108fc000 ---p 00002000 08:16 1056008                    /usr/lib/x86_64-linux-gnu/libXau.so.6.0.0
7faa108fc000-7faa108fd000 r--p 00001000 08:16 1056008                    /usr/lib/x86_64-linux-gnu/libXau.so.6.0.0
7faa108fd000-7faa108fe000 rw-p 00002000 08:16 1056008                    /usr/lib/x86_64-linux-gnu/libXau.so.6.0.0
7faa108fe000-7faa1090e000 r-xp 00000000 08:16 1056075                    /usr/lib/x86_64-linux-gnu/libavahi-client.so.3.2.9
7faa1090e000-7faa10b0d000 ---p 00010000 08:16 1056075                    /usr/lib/x86_64-linux-gnu/libavahi-client.so.3.2.9
7faa10b0d000-7faa10b0e000 r--p 0000f000 08:16 1056075                    /usr/lib/x86_64-linux-gnu/libavahi-client.so.3.2.9
7faa10b0e000-7faa10b0f000 rw-p 00010000 08:16 1056075                    /usr/lib/x86_64-linux-gnu/libavahi-client.so.3.2.9
7faa10b0f000-7faa10b1a000 r-xp 00000000 08:16 1056077                    /usr/lib/x86_64-linux-gnu/libavahi-common.so.3.5.3
7faa10b1a000-7faa10d19000 ---p 0000b000 08:16 1056077                    /usr/lib/x86_64-linux-gnu/libavahi-common.so.3.5.3
7faa10d19000-7faa10d1a000 r--p 0000a000 08:16 1056077                    /usr/lib/x86_64-linux-gnu/libavahi-common.so.3.5.3
7faa10d1a000-7faa10d1b000 rw-p 0000b000 08:16 1056077                    /usr/lib/x86_64-linux-gnu/libavahi-common.so.3.5.3
7faa10d1b000-7faa10dcf000 r-xp 00000000 08:16 1056248                    /usr/lib/x86_64-linux-gnu/libgnutls.so.26.21.8
7faa10dcf000-7faa10fcf000 ---p 000b4000 08:16 1056248                    /usr/lib/x86_64-linux-gnu/libgnutls.so.26.21.8
7faa10fcf000-7faa10fd5000 r--p 000b4000 08:16 1056248                    /usr/lib/x86_64-linux-gnu/libgnutls.so.26.21.8
7faa10fd5000-7faa10fd6000 rw-p 000ba000 08:16 1056248                    /usr/lib/x86_64-linux-gnu/libgnutls.so.26.21.8
7faa10fd6000-7faa10fd7000 rw-p 00000000 00:00 0 
7faa10fd7000-7faa11012000 r-xp 00000000 08:16 1052718                    /usr/lib/x86_64-linux-gnu/libgssapi_krb5.so.2.2
7faa11012000-7faa11212000 ---p 0003b000 08:16 1052718                    /usr/lib/x86_64-linux-gnu/libgssapi_krb5.so.2.2
7faa11212000-7faa11213000 r--p 0003b000 08:16 1052718                    /usr/lib/x86_64-linux-gnu/libgssapi_krb5.so.2.2
7faa11213000-7faa11215000 rw-p 0003c000 08:16 1052718                    /usr/lib/x86_64-linux-gnu/libgssapi_krb5.so.2.2
7faa11215000-7faa11251000 r-xp 00000000 08:16 5246652                    /lib/x86_64-linux-gnu/libpcre.so.3.12.1
7faa11251000-7faa11450000 ---p 0003c000 08:16 5246652                    /lib/x86_64-linux-gnu/libpcre.so.3.12.1
7faa11450000-7faa11451000 r--p 0003b000 08:16 5246652                    /lib/x86_64-linux-gnu/libpcre.so.3.12.1
7faa11451000-7faa11452000 rw-p 0003c000 08:16 5246652                    /lib/x86_64-linux-gnu/libpcre.so.3.12.1
7faa11452000-7faa11459000 r-xp 00000000 08:16 1056193                    /usr/lib/x86_64-linux-gnu/libffi.so.6.0.0
7faa11459000-7faa11658000 ---p 00007000 08:16 1056193                    /usr/lib/x86_64-linux-gnu/libffi.so.6.0.0
7faa11658000-7faa11659000 r--p 00006000 08:16 1056193                    /usr/lib/x86_64-linux-gnu/libffi.so.6.0.0
7faa11659000-7faa1165a000 rw-p 00007000 08:16 1056193                    /usr/lib/x86_64-linux-gnu/libffi.so.6.0.0
7faa1165a000-7faa11681000 r-xp 00000000 08:16 5246597                    /lib/x86_64-linux-gnu/libexpat.so.1.5.2
7faa11681000-7faa11881000 ---p 00027000 08:16 5246597                    /lib/x86_64-linux-gnu/libexpat.so.1.5.2
7faa11881000-7faa11883000 r--p 00027000 08:16 5246597                    /lib/x86_64-linux-gnu/libexpat.so.1.5.2
7faa11883000-7faa11884000 rw-p 00029000 08:16 5246597                    /lib/x86_64-linux-gnu/libexpat.so.1.5.2
7faa11884000-7faa1191a000 r-xp 00000000 08:16 1056201                    /usr/lib/x86_64-linux-gnu/libfreetype.so.6.8.0
7faa1191a000-7faa11b19000 ---p 00096000 08:16 1056201                    /usr/lib/x86_64-linux-gnu/libfreetype.so.6.8.0
7faa11b19000-7faa11b1f000 r--p 00095000 08:16 1056201                    /usr/lib/x86_64-linux-gnu/libfreetype.so.6.8.0
7faa11b1f000-7faa11b20000 rw-p 0009b000 08:16 1056201                    /usr/lib/x86_64-linux-gnu/libfreetype.so.6.8.0
7faa11b20000-7faa11b38000 r-xp 00000000 08:16 5246663                    /lib/x86_64-linux-gnu/libresolv-2.15.so
7faa11b38000-7faa11d38000 ---p 00018000 08:16 5246663                    /lib/x86_64-linux-gnu/libresolv-2.15.so
7faa11d38000-7faa11d39000 r--p 00018000 08:16 5246663                    /lib/x86_64-linux-gnu/libresolv-2.15.so
7faa11d39000-7faa11d3a000 rw-p 00019000 08:16 5246663                    /lib/x86_64-linux-gnu/libresolv-2.15.so
7faa11d3a000-7faa11d3c000 rw-p 00000000 00:00 0 
7faa11d3c000-7faa11d59000 r-xp 00000000 08:16 5246667                    /lib/x86_64-linux-gnu/libselinux.so.1
7faa11d59000-7faa11f58000 ---p 0001d000 08:16 5246667                    /lib/x86_64-linux-gnu/libselinux.so.1
7faa11f58000-7faa11f59000 r--p 0001c000 08:16 5246667                    /lib/x86_64-linux-gnu/libselinux.so.1
7faa11f59000-7faa11f5a000 rw-p 0001d000 08:16 5246667                    /lib/x86_64-linux-gnu/libselinux.so.1
7faa11f5a000-7faa11f5b000 rw-p 00000000 00:00 0 
7faa11f5b000-7faa11f5e000 r-xp 00000000 08:16 1056240                    /usr/lib/x86_64-linux-gnu/libgmodule-2.0.so.0.3200.1
7faa11f5e000-7faa1215d000 ---p 00003000 08:16 1056240                    /usr/lib/x86_64-linux-gnu/libgmodule-2.0.so.0.3200.1
7faa1215d000-7faa1215e000 r--p 00002000 08:16 1056240                    /usr/lib/x86_64-linux-gnu/libgmodule-2.0.so.0.3200.1
7faa1215e000-7faa1215f000 rw-p 00003000 08:16 1056240                    /usr/lib/x86_64-linux-gnu/libgmodule-2.0.so.0.3200.1
7faa1215f000-7faa12161000 r-xp 00000000 08:16 1056017                    /usr/lib/x86_64-linux-gnu/libXdamage.so.1.1.0
7faa12161000-7faa12360000 ---p 00002000 08:16 1056017                    /usr/lib/x86_64-linux-gnu/libXdamage.so.1.1.0
7faa12360000-7faa12361000 r--p 00001000 08:16 1056017                    /usr/lib/x86_64-linux-gnu/libXdamage.so.1.1.0
7faa12361000-7faa12362000 rw-p 00002000 08:16 1056017                    /usr/lib/x86_64-linux-gnu/libXdamage.so.1.1.0
7faa12362000-7faa12364000 r-xp 00000000 08:16 1056013                    /usr/lib/x86_64-linux-gnu/libXcomposite.so.1.0.0
7faa12364000-7faa12563000 ---p 00002000 08:16 1056013                    /usr/lib/x86_64-linux-gnu/libXcomposite.so.1.0.0
7faa12563000-7faa12564000 r--p 00001000 08:16 1056013                    /usr/lib/x86_64-linux-gnu/libXcomposite.so.1.0.0
7faa12564000-7faa12565000 rw-p 00002000 08:16 1056013                    /usr/lib/x86_64-linux-gnu/libXcomposite.so.1.0.0
7faa12565000-7faa1256e000 r-xp 00000000 08:16 1056015                    /usr/lib/x86_64-linux-gnu/libXcursor.so.1.0.2
7faa1256e000-7faa1276d000 ---p 00009000 08:16 1056015                    /usr/lib/x86_64-linux-gnu/libXcursor.so.1.0.2
7faa1276d000-7faa1276e000 r--p 00008000 08:16 1056015                    /usr/lib/x86_64-linux-gnu/libXcursor.so.1.0.2
7faa1276e000-7faa1276f000 rw-p 00009000 08:16 1056015                    /usr/lib/x86_64-linux-gnu/libXcursor.so.1.0.2
7faa1276f000-7faa12777000 r-xp 00000000 08:16 1056039                    /usr/lib/x86_64-linux-gnu/libXrandr.so.2.2.0
7faa12777000-7faa12976000 ---p 00008000 08:16 1056039                    /usr/lib/x86_64-linux-gnu/libXrandr.so.2.2.0
7faa12976000-7faa12977000 r--p 00007000 08:16 1056039                    /usr/lib/x86_64-linux-gnu/libXrandr.so.2.2.0
7faa12977000-7faa12978000 rw-p 00008000 08:16 1056039                    /usr/lib/x86_64-linux-gnu/libXrandr.so.2.2.0
7faa12978000-7faa1297a000 r-xp 00000000 08:16 1056029                    /usr/lib/x86_64-linux-gnu/libXinerama.so.1.0.0
7faa1297a000-7faa12b79000 ---p 00002000 08:16 1056029                    /usr/lib/x86_64-linux-gnu/libXinerama.so.1.0.0
7faa12b79000-7faa12b7a000 r--p 00001000 08:16 1056029                    /usr/lib/x86_64-linux-gnu/libXinerama.so.1.0.0
7faa12b7a000-7faa12b7b000 rw-p 00002000 08:16 1056029                    /usr/lib/x86_64-linux-gnu/libXinerama.so.1.0.0
7faa12b7b000-7faa12ba4000 r-xp 00000000 08:16 1056434                    /usr/lib/x86_64-linux-gnu/libpangoft2-1.0.so.0.3000.0
7faa12ba4000-7faa12da3000 ---p 00029000 08:16 1056434                    /usr/lib/x86_64-linux-gnu/libpangoft2-1.0.so.0.3000.0
7faa12da3000-7faa12da4000 r--p 00028000 08:16 1056434                    /usr/lib/x86_64-linux-gnu/libpangoft2-1.0.so.0.3000.0
7faa12da4000-7faa12da5000 rw-p 00029000 08:16 1056434                    /usr/lib/x86_64-linux-gnu/libpangoft2-1.0.so.0.3000.0
7faa12da5000-7faa12e5e000 r-xp 00000000 08:16 1055379                    /usr/lib/x86_64-linux-gnu/libcairo.so.2.11000.2
7faa12e5e000-7faa1305d000 ---p 000b9000 08:16 1055379                    /usr/lib/x86_64-linux-gnu/libcairo.so.2.11000.2
7faa1305d000-7faa1305f000 r--p 000b8000 08:16 1055379                    /usr/lib/x86_64-linux-gnu/libcairo.so.2.11000.2
7faa1305f000-7faa13060000 rw-p 000ba000 08:16 1055379                    /usr/lib/x86_64-linux-gnu/libcairo.so.2.11000.2
7faa13060000-7faa13063000 rw-p 00000000 00:00 0 
7faa13063000-7faa13082000 r-xp 00000000 08:16 1056067                    /usr/lib/x86_64-linux-gnu/libatk-1.0.so.0.20409.1
7faa13082000-7faa13282000 ---p 0001f000 08:16 1056067                    /usr/lib/x86_64-linux-gnu/libatk-1.0.so.0.20409.1
7faa13282000-7faa13284000 r--p 0001f000 08:16 1056067                    /usr/lib/x86_64-linux-gnu/libatk-1.0.so.0.20409.1
7faa13284000-7faa13285000 rw-p 00021000 08:16 1056067                    /usr/lib/x86_64-linux-gnu/libatk-1.0.so.0.20409.1
7faa13285000-7faa1328a000 r-xp 00000000 08:16 1056023                    /usr/lib/x86_64-linux-gnu/libXfixes.so.3.1.0
7faa1328a000-7faa13489000 ---p 00005000 08:16 1056023                    /usr/lib/x86_64-linux-gnu/libXfixes.so.3.1.0
7faa13489000-7faa1348a000 r--p 00004000 08:16 1056023                    /usr/lib/x86_64-linux-gnu/libXfixes.so.3.1.0
7faa1348a000-7faa1348b000 rw-p 00005000 08:16 1056023                    /usr/lib/x86_64-linux-gnu/libXfixes.so.3.1.0
7faa1348b000-7faa13496000 r-xp 00000000 08:16 1056432                    /usr/lib/x86_64-linux-gnu/libpangocairo-1.0.so.0.3000.0
7faa13496000-7faa13695000 ---p 0000b000 08:16 1056432                    /usr/lib/x86_64-linux-gnu/libpangocairo-1.0.so.0.3000.0
7faa13695000-7faa13696000 r--p 0000a000 08:16 1056432                    /usr/lib/x86_64-linux-gnu/libpangocairo-1.0.so.0.3000.0
7faa13696000-7faa13697000 rw-p 0000b000 08:16 1056432                    /usr/lib/x86_64-linux-gnu/libpangocairo-1.0.so.0.3000.0
7faa13697000-7faa136b4000 r-xp 00000000 08:16 1056607                    /usr/lib/x86_64-linux-gnu/libxcb.so.1.1.0
7faa136b4000-7faa138b3000 ---p 0001d000 08:16 1056607                    /usr/lib/x86_64-linux-gnu/libxcb.so.1.1.0
7faa138b3000-7faa138b4000 r--p 0001c000 08:16 1056607                    /usr/lib/x86_64-linux-gnu/libxcb.so.1.1.0
7faa138b4000-7faa138b5000 rw-p 0001d000 08:16 1056607                    /usr/lib/x86_64-linux-gnu/libxcb.so.1.1.0
7faa138b5000-7faa13905000 r-xp 00000000 08:16 1061164                    /usr/lib/x86_64-linux-gnu/libcups.so.2
7faa13905000-7faa13b04000 ---p 00050000 08:16 1061164                    /usr/lib/x86_64-linux-gnu/libcups.so.2
7faa13b04000-7faa13b08000 r--p 0004f000 08:16 1061164                    /usr/lib/x86_64-linux-gnu/libcups.so.2
7faa13b08000-7faa13b09000 rw-p 00053000 08:16 1061164                    /usr/lib/x86_64-linux-gnu/libcups.so.2
7faa13b09000-7faa13bfb000 r-xp 00000000 08:16 5246604                    /lib/x86_64-linux-gnu/libglib-2.0.so.0.3200.1
7faa13bfb000-7faa13dfb000 ---p 000f2000 08:16 5246604                    /lib/x86_64-linux-gnu/libglib-2.0.so.0.3200.1
7faa13dfb000-7faa13dfc000 r--p 000f2000 08:16 5246604                    /lib/x86_64-linux-gnu/libglib-2.0.so.0.3200.1
7faa13dfc000-7faa13dfd000 rw-p 000f3000 08:16 5246604                    /lib/x86_64-linux-gnu/libglib-2.0.so.0.3200.1
7faa13dfd000-7faa13dfe000 rw-p 00000000 00:00 0 
7faa13dfe000-7faa13dff000 r-xp 00000000 08:16 1056309                    /usr/lib/x86_64-linux-gnu/libgthread-2.0.so.0.3200.1
7faa13dff000-7faa13ffe000 ---p 00001000 08:16 1056309                    /usr/lib/x86_64-linux-gnu/libgthread-2.0.so.0.3200.1
7faa13ffe000-7faa13fff000 r--p 00000000 08:16 1056309                    /usr/lib/x86_64-linux-gnu/libgthread-2.0.so.0.3200.1
7faa13fff000-7faa14000000 rw-p 00001000 08:16 1056309                    /usr/lib/x86_64-linux-gnu/libgthread-2.0.so.0.3200.1
7faa14000000-7faa14398000 rw-p 00000000 00:00 0 
7faa14398000-7faa18000000 ---p 00000000 00:00 0 
7faa18000000-7faa18021000 rw-p 00000000 00:00 0 
7faa18021000-7faa1c000000 ---p 00000000 00:00 0 
7faa1c000000-7faa1c021000 rw-p 00000000 00:00 0 
7faa1c021000-7faa20000000 ---p 00000000 00:00 0 
7faa20000000-7faa203df000 rw-p 00000000 00:00 0 
7faa203df000-7faa24000000 ---p 00000000 00:00 0 
7faa24000000-7faa24021000 rw-p 00000000 00:00 0 
7faa24021000-7faa28000000 ---p 00000000 00:00 0 
7faa28000000-7faa28021000 rw-p 00000000 00:00 0 
7faa28021000-7faa2c000000 ---p 00000000 00:00 0 
7faa2c000000-7faa2c021000 rw-p 00000000 00:00 0 
7faa2c021000-7faa30000000 ---p 00000000 00:00 0 
7faa30000000-7faa30021000 rw-p 00000000 00:00 0 
7faa30021000-7faa34000000 ---p 00000000 00:00 0 
7faa34000000-7faa34021000 rw-p 00000000 00:00 0 
7faa34021000-7faa38000000 ---p 00000000 00:00 0 
7faa38003000-7faa3800a000 r--s 00000000 08:16 1314519                    /usr/lib/x86_64-linux-gnu/gconv/gconv-modules.cache
7faa3800a000-7faa3800c000 rw-s 19074000 00:05 9165                       /dev/ati/card0
7faa3800c000-7faa3800f000 ---p 00000000 00:00 0 
7faa3800f000-7faa38026000 rw-p 00000000 00:00 0 
7faa38026000-7faa38027000 r--s 00000000 08:16 1843619                    /var/cache/fontconfig/c05880de57d1f5e948fdfacc138775d9-le64.cache-3
7faa38027000-7faa38030000 r--s 00000000 08:16 1843614                    /var/cache/fontconfig/945677eb7aeaf62f1d50efc3fb3ec7d8-le64.cache-3
7faa38030000-7faa38032000 r--s 00000000 08:16 1843615                    /var/cache/fontconfig/99e8ed0e538f840c565b6ed5dad60d56-le64.cache-3
7faa38032000-7faa3803a000 r--s 00000000 08:16 1846703                    /var/cache/fontconfig/a6d8cf8e4ec09cdbc8633c31745a07dd-le64.cache-3
7faa3803a000-7faa3803e000 r--s 00000000 08:16 1843601                    /var/cache/fontconfig/2cd17615ca594fa2959ae173292e504c-le64.cache-3
7faa3803e000-7faa3803f000 r--s 00000000 08:16 1843626                    /var/cache/fontconfig/e7071f4a29fa870f4323321c154eba04-le64.cache-3
7faa3803f000-7faa38040000 r--s 00000000 08:16 1843599                    /var/cache/fontconfig/0d8c3b2ac0904cb8a57a757ad11a4a08-le64.cache-3
7faa38040000-7faa38046000 r--s 00000000 08:16 1843616                    /var/cache/fontconfig/a755afe4a08bf5b97852ceb7400b47bc-le64.cache-3
7faa38046000-7faa38047000 r--s 00000000 08:16 1846509                    /var/cache/fontconfig/5a76b20910bc01daa5b6abd117531ab8-le64.cache-3
7faa38047000-7faa38050000 r--s 00000000 08:16 1847215                    /var/cache/fontconfig/6d41288fd70b0be22e8c3a91e032eec0-le64.cache-3
7faa38050000-7faa38060000 r--s 00000000 08:16 1843598                    /var/cache/fontconfig/04aabc0a78ac019cf9454389977116d2-le64.cache-3
7faa38060000-7faa38063000 r--s 00000000 08:16 1843604                    /var/cache/fontconfig/385c0604a188198f04d133e54aba7fe7-le64.cache-3
7faa38063000-7faa38064000 r--s 00000000 08:16 1841789                    /var/cache/fontconfig/4794a0821666d79190d59a36cb4f44b5-le64.cache-3
7faa38064000-7faa38067000 r--s 00000000 08:16 1843613                    /var/cache/fontconfig/8801497958630a81b71ace7c5f9b32a8-le64.cache-3
7faa38067000-7faa38095000 r--s 00000000 08:16 1846701                    /var/cache/fontconfig/365b55f210c0a22e9a19e35191240f32-le64.cache-3
7faa38095000-7faa3809a000 r--s 00000000 08:16 1843617                    /var/cache/fontconfig/b47c4e1ecd0709278f4910c18777a504-le64.cache-3
7faa3809a000-7faa380a2000 r--s 00000000 08:16 1846702                    /var/cache/fontconfig/52f7bdb7ce746bfd7eaa1985bd9cfa93-le64.cache-3
7faa380a2000-7faa380ef000 r-xp 00000000 08:16 1056254                    /usr/lib/x86_64-linux-gnu/libgobject-2.0.so.0.3200.1
7faa380ef000-7faa382ef000 ---p 0004d000 08:16 1056254                    /usr/lib/x86_64-linux-gnu/libgobject-2.0.so.0.3200.1
7faa382ef000-7faa382f0000 r--p 0004d000 08:16 1056254                    /usr/lib/x86_64-linux-gnu/libgobject-2.0.so.0.3200.1
7faa382f0000-7faa382f1000 rw-p 0004e000 08:16 1056254                    /usr/lib/x86_64-linux-gnu/libgobject-2.0.so.0.3200.1
7faa382f1000-7faa38325000 r-xp 00000000 08:16 1056195                    /usr/lib/x86_64-linux-gnu/libfontconfig.so.1.4.4
7faa38325000-7faa38525000 ---p 00034000 08:16 1056195                    /usr/lib/x86_64-linux-gnu/libfontconfig.so.1.4.4
7faa38525000-7faa38526000 r--p 00034000 08:16 1056195                    /usr/lib/x86_64-linux-gnu/libfontconfig.so.1.4.4
7faa38526000-7faa38527000 rw-p 00035000 08:16 1056195                    /usr/lib/x86_64-linux-gnu/libfontconfig.so.1.4.4
7faa38527000-7faa3856d000 r-xp 00000000 08:16 1056430                    /usr/lib/x86_64-linux-gnu/libpango-1.0.so.0.3000.0
7faa3856d000-7faa3876d000 ---p 00046000 08:16 1056430                    /usr/lib/x86_64-linux-gnu/libpango-1.0.so.0.3000.0
7faa3876d000-7faa3876f000 r--p 00046000 08:16 1056430                    /usr/lib/x86_64-linux-gnu/libpango-1.0.so.0.3000.0
7faa3876f000-7faa38770000 rw-p 00048000 08:16 1056430                    /usr/lib/x86_64-linux-gnu/libpango-1.0.so.0.3000.0
7faa38770000-7faa3878e000 r-xp 00000000 08:16 1056220                    /usr/lib/x86_64-linux-gnu/libgdk_pixbuf-2.0.so.0.2600.1
7faa3878e000-7faa3898e000 ---p 0001e000 08:16 1056220                    /usr/lib/x86_64-linux-gnu/libgdk_pixbuf-2.0.so.0.2600.1
7faa3898e000-7faa3898f000 r--p 0001e000 08:16 1056220                    /usr/lib/x86_64-linux-gnu/libgdk_pixbuf-2.0.so.0.2600.1
7faa3898f000-7faa38990000 rw-p 0001f000 08:16 1056220                    /usr/lib/x86_64-linux-gnu/libgdk_pixbuf-2.0.so.0.2600.1
7faa38990000-7faa38ad8000 r-xp 00000000 08:16 1056230                    /usr/lib/x86_64-linux-gnu/libgio-2.0.so.0.3200.1
7faa38ad8000-7faa38cd7000 ---p 00148000 08:16 1056230                    /usr/lib/x86_64-linux-gnu/libgio-2.0.so.0.3200.1
7faa38cd7000-7faa38cdb000 r--p 00147000 08:16 1056230                    /usr/lib/x86_64-linux-gnu/libgio-2.0.so.0.3200.1
7faa38cdb000-7faa38cdd000 rw-p 0014b000 08:16 1056230                    /usr/lib/x86_64-linux-gnu/libgio-2.0.so.0.3200.1
7faa38cdd000-7faa38cdf000 rw-p 00000000 00:00 0 
7faa38cdf000-7faa38d8c000 r-xp 00000000 08:16 1056218                    /usr/lib/x86_64-linux-gnu/libgdk-x11-2.0.so.0.2400.10
7faa38d8c000-7faa38f8b000 ---p 000ad000 08:16 1056218                    /usr/lib/x86_64-linux-gnu/libgdk-x11-2.0.so.0.2400.10
7faa38f8b000-7faa38f8f000 r--p 000ac000 08:16 1056218                    /usr/lib/x86_64-linux-gnu/libgdk-x11-2.0.so.0.2400.10
7faa38f8f000-7faa38f91000 rw-p 000b0000 08:16 1056218                    /usr/lib/x86_64-linux-gnu/libgdk-x11-2.0.so.0.2400.10
7faa38f91000-7faa393be000 r-xp 00000000 08:16 1056313                    /usr/lib/x86_64-linux-gnu/libgtk-x11-2.0.so.0.2400.10
7faa393be000-7faa395be000 ---p 0042d000 08:16 1056313                    /usr/lib/x86_64-linux-gnu/libgtk-x11-2.0.so.0.2400.10
7faa395be000-7faa395c5000 r--p 0042d000 08:16 1056313                    /usr/lib/x86_64-linux-gnu/libgtk-x11-2.0.so.0.2400.10
7faa395c5000-7faa395c9000 rw-p 00434000 08:16 1056313                    /usr/lib/x86_64-linux-gnu/libgtk-x11-2.0.so.0.2400.10
7faa395c9000-7faa395cb000 rw-p 00000000 00:00 0 
7faa395cb000-7faa395d9000 r-xp 00000000 08:16 1056027                    /usr/lib/x86_64-linux-gnu/libXi.so.6.1.0
7faa395d9000-7faa397d8000 ---p 0000e000 08:16 1056027                    /usr/lib/x86_64-linux-gnu/libXi.so.6.1.0
7faa397d8000-7faa397d9000 r--p 0000d000 08:16 1056027                    /usr/lib/x86_64-linux-gnu/libXi.so.6.1.0
7faa397d9000-7faa397da000 rw-p 0000e000 08:16 1056027                    /usr/lib/x86_64-linux-gnu/libXi.so.6.1.0
7faa397da000-7faa397df000 r-xp 00000000 08:16 1056045                    /usr/lib/x86_64-linux-gnu/libXtst.so.6.1.0
7faa397df000-7faa399de000 ---p 00005000 08:16 1056045                    /usr/lib/x86_64-linux-gnu/libXtst.so.6.1.0
7faa399de000-7faa399df000 r--p 00004000 08:16 1056045                    /usr/lib/x86_64-linux-gnu/libXtst.so.6.1.0
7faa399df000-7faa399e0000 rw-p 00005000 08:16 1056045                    /usr/lib/x86_64-linux-gnu/libXtst.so.6.1.0
7faa399e0000-7faa399e9000 r-xp 00000000 08:16 1056041                    /usr/lib/x86_64-linux-gnu/libXrender.so.1.3.0
7faa399e9000-7faa39be8000 ---p 00009000 08:16 1056041                    /usr/lib/x86_64-linux-gnu/libXrender.so.1.3.0
7faa39be8000-7faa39be9000 r--p 00008000 08:16 1056041                    /usr/lib/x86_64-linux-gnu/libXrender.so.1.3.0
7faa39be9000-7faa39bea000 rw-p 00009000 08:16 1056041                    /usr/lib/x86_64-linux-gnu/libXrender.so.1.3.0
7faa39bea000-7faa39d19000 r-xp 00000000 08:16 1056006                    /usr/lib/x86_64-linux-gnu/libX11.so.6.3.0
7faa39d19000-7faa39f19000 ---p 0012f000 08:16 1056006                    /usr/lib/x86_64-linux-gnu/libX11.so.6.3.0
7faa39f19000-7faa39f1a000 r--p 0012f000 08:16 1056006                    /usr/lib/x86_64-linux-gnu/libX11.so.6.3.0
7faa39f1a000-7faa39f1e000 rw-p 00130000 08:16 1056006                    /usr/lib/x86_64-linux-gnu/libX11.so.6.3.0
7faa39f1e000-7faa39f2e000 r-xp 00000000 08:16 1056021                    /usr/lib/x86_64-linux-gnu/libXext.so.6.4.0
7faa39f2e000-7faa3a12d000 ---p 00010000 08:16 1056021                    /usr/lib/x86_64-linux-gnu/libXext.so.6.4.0
7faa3a12d000-7faa3a12e000 r--p 0000f000 08:16 1056021                    /usr/lib/x86_64-linux-gnu/libXext.so.6.4.0
7faa3a12e000-7faa3a12f000 rw-p 00010000 08:16 1056021                    /usr/lib/x86_64-linux-gnu/libXext.so.6.4.0
7faa3a130000-7faa3a135000 r--s 00000000 08:16 1843602                    /var/cache/fontconfig/3047814df9a2f067bd2d96a2b9c36e5a-le64.cache-3
7faa3a135000-7faa3a145000 r--s 00000000 08:16 1843622                    /var/cache/fontconfig/d52a8644073d54c13679302ca1180695-le64.cache-3
7faa3a145000-7faa3a14b000 r--s 00000000 08:16 1846508                    /var/cache/fontconfig/3f7329c5293ffd510edef78f73874cfd-le64.cache-3
7faa3a14b000-7faa3a1a1000 r-xp 00000000 08:16 3544819                    /usr/lib/jvm/java-7-openjdk-amd64/jre/lib/amd64/xawt/libmawt.so
7faa3a1a1000-7faa3a3a0000 ---p 00056000 08:16 3544819                    /usr/lib/jvm/java-7-openjdk-amd64/jre/lib/amd64/xawt/libmawt.so
7faa3a3a0000-7faa3a3a1000 r--p 00055000 08:16 3544819                    /usr/lib/jvm/java-7-openjdk-amd64/jre/lib/amd64/xawt/libmawt.so
7faa3a3a1000-7faa3a3a4000 rw-p 00056000 08:16 3544819                    /usr/lib/jvm/java-7-openjdk-amd64/jre/lib/amd64/xawt/libmawt.so
7faa3a3a4000-7faa3a3a5000 rw-p 00000000 00:00 0 
7faa3a3a5000-7faa3a453000 r-xp 00000000 08:16 3544588                    /usr/lib/jvm/java-7-openjdk-amd64/jre/lib/amd64/libawt.so
7faa3a453000-7faa3a652000 ---p 000ae000 08:16 3544588                    /usr/lib/jvm/java-7-openjdk-amd64/jre/lib/amd64/libawt.so
7faa3a652000-7faa3a653000 r--p 000ad000 08:16 3544588                    /usr/lib/jvm/java-7-openjdk-amd64/jre/lib/amd64/libawt.so
7faa3a653000-7faa3a65e000 rw-p 000ae000 08:16 3544588                    /usr/lib/jvm/java-7-openjdk-amd64/jre/lib/amd64/libawt.so
7faa3a65e000-7faa3a683000 rw-p 00000000 00:00 0 
7faa3a683000-7faa3a684000 ---p 00000000 00:00 0 
7faa3a684000-7faa3a784000 rw-p 00000000 00:00 0 
7faa3a784000-7faa3a787000 ---p 00000000 00:00 0 
7faa3a787000-7faa3a885000 rw-p 00000000 00:00 0 
7faa3a885000-7faa3a888000 ---p 00000000 00:00 0 
7faa3a888000-7faa3a986000 rw-p 00000000 00:00 0 
7faa3a986000-7faa3a989000 ---p 00000000 00:00 0 
7faa3a989000-7faa3aa87000 rw-p 00000000 00:00 0 
7faa3aa87000-7faa3aa8a000 ---p 00000000 00:00 0 
7faa3aa8a000-7faa3ab88000 rw-p 00000000 00:00 0 
7faa3ab88000-7faa3b26b000 r--p 00000000 08:16 1055298                    /usr/lib/locale/locale-archive
7faa3b26b000-7faa3b26e000 ---p 00000000 00:00 0 
7faa3b26e000-7faa3b36c000 rw-p 00000000 00:00 0 
7faa3b36c000-7faa3b36f000 ---p 00000000 00:00 0 
7faa3b36f000-7faa3b46d000 rw-p 00000000 00:00 0 
7faa3b46d000-7faa3b46e000 ---p 00000000 00:00 0 
7faa3b46e000-7faa3b871000 rw-p 00000000 00:00 0 
7faa3b871000-7faa3ba20000 r--s 03e91000 08:16 3544596                    /usr/lib/jvm/java-7-openjdk-amd64/jre/lib/rt.jar
7faa3ba20000-7faa3ba21000 ---p 00000000 00:00 0 
7faa3ba21000-7faa3bb21000 rw-p 00000000 00:00 0 
7faa3bb21000-7faa3bb22000 ---p 00000000 00:00 0 
7faa3bb22000-7faa3bc36000 rw-p 00000000 00:00 0 
7faa3bc36000-7faa3bd57000 rw-p 00000000 00:00 0 
7faa3bd57000-7faa3bd62000 rw-p 00000000 00:00 0 
7faa3bd62000-7faa3bdaa000 rw-p 00000000 00:00 0 
7faa3bdaa000-7faa3bdbe000 rw-p 00000000 00:00 0 
7faa3bdbe000-7faa3bede000 rw-p 00000000 00:00 0 
7faa3bede000-7faa3bee9000 rw-p 00000000 00:00 0 
7faa3bee9000-7faa3bf79000 rw-p 00000000 00:00 0 
7faa3bf79000-7faa3bf7a000 rw-p 00000000 00:00 0 
7faa3bf7a000-7faa3c1ea000 rwxp 00000000 00:00 0 
7faa3c1ea000-7faa3ef7a000 rw-p 00000000 00:00 0 
7faa3ef7a000-7faa3ef82000 r-xp 00000000 08:16 3544581                    /usr/lib/jvm/java-7-openjdk-amd64/jre/lib/amd64/libzip.so
7faa3ef82000-7faa3f181000 ---p 00008000 08:16 3544581                    /usr/lib/jvm/java-7-openjdk-amd64/jre/lib/amd64/libzip.so
7faa3f181000-7faa3f182000 r--p 00007000 08:16 3544581                    /usr/lib/jvm/java-7-openjdk-amd64/jre/lib/amd64/libzip.so
7faa3f182000-7faa3f183000 rw-p 00008000 08:16 3544581                    /usr/lib/jvm/java-7-openjdk-amd64/jre/lib/amd64/libzip.so
7faa3f183000-7faa3f18f000 r-xp 00000000 08:16 5246630                    /lib/x86_64-linux-gnu/libnss_files-2.15.so
7faa3f18f000-7faa3f38e000 ---p 0000c000 08:16 5246630                    /lib/x86_64-linux-gnu/libnss_files-2.15.so
7faa3f38e000-7faa3f38f000 r--p 0000b000 08:16 5246630                    /lib/x86_64-linux-gnu/libnss_files-2.15.so
7faa3f38f000-7faa3f390000 rw-p 0000c000 08:16 5246630                    /lib/x86_64-linux-gnu/libnss_files-2.15.so
7faa3f390000-7faa3f39a000 r-xp 00000000 08:16 5246634                    /lib/x86_64-linux-gnu/libnss_nis-2.15.so
7faa3f39a000-7faa3f59a000 ---p 0000a000 08:16 5246634                    /lib/x86_64-linux-gnu/libnss_nis-2.15.so
7faa3f59a000-7faa3f59b000 r--p 0000a000 08:16 5246634                    /lib/x86_64-linux-gnu/libnss_nis-2.15.so
7faa3f59b000-7faa3f59c000 rw-p 0000b000 08:16 5246634                    /lib/x86_64-linux-gnu/libnss_nis-2.15.so
7faa3f59c000-7faa3f5b3000 r-xp 00000000 08:16 5246624                    /lib/x86_64-linux-gnu/libnsl-2.15.so
7faa3f5b3000-7faa3f7b2000 ---p 00017000 08:16 5246624                    /lib/x86_64-linux-gnu/libnsl-2.15.so
7faa3f7b2000-7faa3f7b3000 r--p 00016000 08:16 5246624                    /lib/x86_64-linux-gnu/libnsl-2.15.so
7faa3f7b3000-7faa3f7b4000 rw-p 00017000 08:16 5246624                    /lib/x86_64-linux-gnu/libnsl-2.15.so
7faa3f7b4000-7faa3f7b6000 rw-p 00000000 00:00 0 
7faa3f7b6000-7faa3f7be000 r-xp 00000000 08:16 5246626                    /lib/x86_64-linux-gnu/libnss_compat-2.15.so
7faa3f7be000-7faa3f9bd000 ---p 00008000 08:16 5246626                    /lib/x86_64-linux-gnu/libnss_compat-2.15.so
7faa3f9bd000-7faa3f9be000 r--p 00007000 08:16 5246626                    /lib/x86_64-linux-gnu/libnss_compat-2.15.so
7faa3f9be000-7faa3f9bf000 rw-p 00008000 08:16 5246626                    /lib/x86_64-linux-gnu/libnss_compat-2.15.so
7faa3f9bf000-7faa3f9e6000 r-xp 00000000 08:16 3544563                    /usr/lib/jvm/java-7-openjdk-amd64/jre/lib/amd64/libjava.so
7faa3f9e6000-7faa3fbe5000 ---p 00027000 08:16 3544563                    /usr/lib/jvm/java-7-openjdk-amd64/jre/lib/amd64/libjava.so
7faa3fbe5000-7faa3fbe6000 r--p 00026000 08:16 3544563                    /usr/lib/jvm/java-7-openjdk-amd64/jre/lib/amd64/libjava.so
7faa3fbe6000-7faa3fbe8000 rw-p 00027000 08:16 3544563                    /usr/lib/jvm/java-7-openjdk-amd64/jre/lib/amd64/libjava.so
7faa3fbe8000-7faa3fbf6000 r-xp 00000000 08:16 3544574                    /usr/lib/jvm/java-7-openjdk-amd64/jre/lib/amd64/libverify.so
7faa3fbf6000-7faa3fdf5000 ---p 0000e000 08:16 3544574                    /usr/lib/jvm/java-7-openjdk-amd64/jre/lib/amd64/libverify.so
7faa3fdf5000-7faa3fdf7000 r--p 0000d000 08:16 3544574                    /usr/lib/jvm/java-7-openjdk-amd64/jre/lib/amd64/libverify.so
7faa3fdf7000-7faa3fdf8000 rw-p 0000f000 08:16 3544574                    /usr/lib/jvm/java-7-openjdk-amd64/jre/lib/amd64/libverify.so
7faa3fdf8000-7faa3fdff000 r-xp 00000000 08:16 5246665                    /lib/x86_64-linux-gnu/librt-2.15.so
7faa3fdff000-7faa3fffe000 ---p 00007000 08:16 5246665                    /lib/x86_64-linux-gnu/librt-2.15.so
7faa3fffe000-7faa3ffff000 r--p 00006000 08:16 5246665                    /lib/x86_64-linux-gnu/librt-2.15.so
7faa3ffff000-7faa40000000 rw-p 00007000 08:16 5246665                    /lib/x86_64-linux-gnu/librt-2.15.so
7faa40000000-7faa4032b000 rw-p 00000000 00:00 0 
7faa4032b000-7faa44000000 ---p 00000000 00:00 0 
7faa44000000-7faa44003000 r--s 00000000 08:16 1842402                    /var/cache/fontconfig/e13b20fdb08344e0e664864cc2ede53d-le64.cache-3
7faa44003000-7faa44007000 r--s 00000000 08:16 1846742                    /var/cache/fontconfig/7ef2298fde41cc6eeb7af42e48b7d293-le64.cache-3
7faa44007000-7faa44010000 r--s 00263000 08:16 1050329                    /usr/lib/jvm/java-7-openjdk-common/jre/lib/resources.jar
7faa44010000-7faa44011000 r--s 00006000 08:16 3676784                    /home/relissa/jmonkeyplatform/jmonkeyplatform/libs/noise-0.0.1-SNAPSHOT.jar
7faa44011000-7faa44014000 r--s 0001a000 08:16 3677188                    /home/relissa/jmonkeyplatform/jmonkeyplatform/libs/xmlpull-xpp3.jar
7faa44014000-7faa44016000 r--s 0003c000 08:16 3677429                    /home/relissa/jmonkeyplatform/jmonkeyplatform/libs/vecmath.jar
7faa44016000-7faa44017000 r--s 0000b000 08:16 3677222                    /home/relissa/jmonkeyplatform/jmonkeyplatform/libs/stack-alloc.jar
7faa44017000-7faa44019000 r--s 0000d000 08:16 3676956                    /home/relissa/jmonkeyplatform/jmonkeyplatform/libs/nifty-style-black.jar
7faa44019000-7faa4401f000 r--s 00030000 08:16 3676642                    /home/relissa/jmonkeyplatform/jmonkeyplatform/libs/nifty-default-controls.jar
7faa4401f000-7faa44029000 r--s 0006a000 08:16 3677370                    /home/relissa/jmonkeyplatform/jmonkeyplatform/libs/nifty.jar
7faa44029000-7faa4402b000 r--s 00012000 08:16 3677292                    /home/relissa/jmonkeyplatform/jmonkeyplatform/libs/eventbus.jar
7faa4402b000-7faa44038000 r--s 000d2000 08:16 3677369                    /home/relissa/jmonkeyplatform/jmonkeyplatform/libs/lwjgl.jar
7faa44038000-7faa4403c000 r--s 00030000 08:16 3677346                    /home/relissa/jmonkeyplatform/jmonkeyplatform/libs/jinput.jar
7faa4403c000-7faa44046000 r--s 00079000 08:16 3677317                    /home/relissa/jmonkeyplatform/jmonkeyplatform/libs/jbullet.jar
7faa44046000-7faa44047000 r--s 001f3000 08:16 3676914                    /home/relissa/jmonkeyplatform/jmonkeyplatform/libs/jME3-lwjgl-natives.jar
7faa44047000-7faa44048000 r--s 00009000 08:16 3677159                    /home/relissa/jmonkeyplatform/jmonkeyplatform/libs/j-ogg-vorbisd.jar
7faa44048000-7faa4404a000 r--s 00005000 08:16 3677249                    /home/relissa/jmonkeyplatform/jmonkeyplatform/libs/j-ogg-oggd.jar
7faa4404a000-7faa4404d000 r--s 00020000 08:16 3677185                    /home/relissa/jmonkeyplatform/jmonkeyplatform/libs/jME3-jbullet.jar
7faa4404d000-7faa440ec000 rw-p 00000000 00:00 0 
7faa440ec000-7faa44134000 rw-p 00000000 00:00 0 
7faa44134000-7faa44149000 r-xp 00000000 08:16 5246600                    /lib/x86_64-linux-gnu/libgcc_s.so.1
7faa44149000-7faa44348000 ---p 00015000 08:16 5246600                    /lib/x86_64-linux-gnu/libgcc_s.so.1
7faa44348000-7faa44349000 r--p 00014000 08:16 5246600                    /lib/x86_64-linux-gnu/libgcc_s.so.1
7faa44349000-7faa4434a000 rw-p 00015000 08:16 5246600                    /lib/x86_64-linux-gnu/libgcc_s.so.1
7faa4434a000-7faa44443000 r-xp 00000000 08:16 5246611                    /lib/x86_64-linux-gnu/libm-2.15.so
7faa44443000-7faa44642000 ---p 000f9000 08:16 5246611                    /lib/x86_64-linux-gnu/libm-2.15.so
7faa44642000-7faa44643000 r--p 000f8000 08:16 5246611                    /lib/x86_64-linux-gnu/libm-2.15.so
7faa44643000-7faa44644000 rw-p 000f9000 08:16 5246611                    /lib/x86_64-linux-gnu/libm-2.15.so
7faa44644000-7faa44726000 r-xp 00000000 08:16 1056535                    /usr/lib/x86_64-linux-gnu/libstdc++.so.6.0.16
7faa44726000-7faa44925000 ---p 000e2000 08:16 1056535                    /usr/lib/x86_64-linux-gnu/libstdc++.so.6.0.16
7faa44925000-7faa4492d000 r--p 000e1000 08:16 1056535                    /usr/lib/x86_64-linux-gnu/libstdc++.so.6.0.16
7faa4492d000-7faa4492f000 rw-p 000e9000 08:16 1056535                    /usr/lib/x86_64-linux-gnu/libstdc++.so.6.0.16
7faa4492f000-7faa44944000 rw-p 00000000 00:00 0 
7faa44944000-7faa452d7000 r-xp 00000000 08:16 3544559                    /usr/lib/jvm/java-7-openjdk-amd64/jre/lib/amd64/server/libjvm.so
7faa452d7000-7faa454d7000 ---p 00993000 08:16 3544559                    /usr/lib/jvm/java-7-openjdk-amd64/jre/lib/amd64/server/libjvm.so
7faa454d7000-7faa45551000 r--p 00993000 08:16 3544559                    /usr/lib/jvm/java-7-openjdk-amd64/jre/lib/amd64/server/libjvm.so
7faa45551000-7faa45573000 rw-p 00a0d000 08:16 3544559                    /usr/lib/jvm/java-7-openjdk-amd64/jre/lib/amd64/server/libjvm.so
7faa45573000-7faa4559e000 rw-p 00000000 00:00 0 
7faa4559e000-7faa455b6000 r-xp 00000000 08:16 5246659                    /lib/x86_64-linux-gnu/libpthread-2.15.so
7faa455b6000-7faa457b5000 ---p 00018000 08:16 5246659                    /lib/x86_64-linux-gnu/libpthread-2.15.so
7faa457b5000-7faa457b6000 r--p 00017000 08:16 5246659                    /lib/x86_64-linux-gnu/libpthread-2.15.so
7faa457b6000-7faa457b7000 rw-p 00018000 08:16 5246659                    /lib/x86_64-linux-gnu/libpthread-2.15.so
7faa457b7000-7faa457bb000 rw-p 00000000 00:00 0 
7faa457bb000-7faa457d1000 r-xp 00000000 08:16 5246690                    /lib/x86_64-linux-gnu/libz.so.1.2.3.4
7faa457d1000-7faa459d0000 ---p 00016000 08:16 5246690                    /lib/x86_64-linux-gnu/libz.so.1.2.3.4
7faa459d0000-7faa459d1000 r--p 00015000 08:16 5246690                    /lib/x86_64-linux-gnu/libz.so.1.2.3.4
7faa459d1000-7faa459d2000 rw-p 00016000 08:16 5246690                    /lib/x86_64-linux-gnu/libz.so.1.2.3.4
7faa459d2000-7faa459d4000 r-xp 00000000 08:16 5246592                    /lib/x86_64-linux-gnu/libdl-2.15.so
7faa459d4000-7faa45bd4000 ---p 00002000 08:16 5246592                    /lib/x86_64-linux-gnu/libdl-2.15.so
7faa45bd4000-7faa45bd5000 r--p 00002000 08:16 5246592                    /lib/x86_64-linux-gnu/libdl-2.15.so
7faa45bd5000-7faa45bd6000 rw-p 00003000 08:16 5246592                    /lib/x86_64-linux-gnu/libdl-2.15.so
7faa45bd6000-7faa45d89000 r-xp 00000000 08:16 5246579                    /lib/x86_64-linux-gnu/libc-2.15.so
7faa45d89000-7faa45f88000 ---p 001b3000 08:16 5246579                    /lib/x86_64-linux-gnu/libc-2.15.so
7faa45f88000-7faa45f8c000 r--p 001b2000 08:16 5246579                    /lib/x86_64-linux-gnu/libc-2.15.so
7faa45f8c000-7faa45f8e000 rw-p 001b6000 08:16 5246579                    /lib/x86_64-linux-gnu/libc-2.15.so
7faa45f8e000-7faa45f93000 rw-p 00000000 00:00 0 
7faa45f93000-7faa45f9f000 r-xp 00000000 08:16 3544565                    /usr/lib/jvm/java-7-openjdk-amd64/jre/lib/amd64/jli/libjli.so
7faa45f9f000-7faa4619f000 ---p 0000c000 08:16 3544565                    /usr/lib/jvm/java-7-openjdk-amd64/jre/lib/amd64/jli/libjli.so
7faa4619f000-7faa461a0000 r--p 0000c000 08:16 3544565                    /usr/lib/jvm/java-7-openjdk-amd64/jre/lib/amd64/jli/libjli.so
7faa461a0000-7faa461a1000 rw-p 0000d000 08:16 3544565                    /usr/lib/jvm/java-7-openjdk-amd64/jre/lib/amd64/jli/libjli.so
7faa461a1000-7faa461c3000 r-xp 00000000 08:16 5246559                    /lib/x86_64-linux-gnu/ld-2.15.so
7faa461c3000-7faa461c4000 rw-p 00000000 00:00 0 
7faa461c4000-7faa461df000 r--s 00228000 08:16 3677111                    /home/relissa/jmonkeyplatform/jmonkeyplatform/libs/jMonkeyEngine3.jar
7faa461df000-7faa461e9000 rw-p 00000000 00:00 0 
7faa461e9000-7faa4629f000 rw-p 00000000 00:00 0 
7faa4629f000-7faa462a2000 ---p 00000000 00:00 0 
7faa462a2000-7faa463a5000 rw-p 00000000 00:00 0 
7faa463a5000-7faa463a6000 r--s 00000000 08:16 1843607                    /var/cache/fontconfig/56cf4f4769d0f4abc89a4895d7bd3ae1-le64.cache-3
7faa463a6000-7faa463a7000 r--s 00000000 08:16 1843618                    /var/cache/fontconfig/b9d506c9ac06c20b433354fa67a72993-le64.cache-3
7faa463a7000-7faa463aa000 r--s 00032000 08:16 1050313                    /usr/lib/jvm/java-7-openjdk-common/jre/lib/ext/sunjce_provider.jar
7faa463aa000-7faa463ac000 r--s 00012000 08:16 1050314                    /usr/lib/jvm/java-7-openjdk-common/jre/lib/ext/zipfs.jar
7faa463ac000-7faa463ad000 r--s 00002000 08:16 1050311                    /usr/lib/jvm/java-7-openjdk-common/jre/lib/ext/dnsns.jar
7faa463ad000-7faa463b0000 r--s 00085000 08:16 1050312                    /usr/lib/jvm/java-7-openjdk-common/jre/lib/ext/localedata.jar
7faa463b0000-7faa463b3000 r--s 0000f000 08:16 1050315                    /usr/lib/jvm/java-7-openjdk-common/jre/lib/ext/pulse-java.jar
7faa463b3000-7faa463b4000 r--s 00007000 08:16 1453403                    /usr/share/java/java-atk-wrapper.jar
7faa463b4000-7faa463b7000 r--s 0003c000 08:16 1050310                    /usr/lib/jvm/java-7-openjdk-common/jre/lib/ext/sunpkcs11.jar
7faa463b7000-7faa463bf000 rw-s 00000000 08:16 4063324                    /tmp/hsperfdata_relissa/7763 (deleted)
7faa463bf000-7faa463c0000 rw-p 00000000 00:00 0 
7faa463c0000-7faa463c1000 ---p 00000000 00:00 0 
7faa463c1000-7faa463c3000 rw-p 00000000 00:00 0 
7faa463c3000-7faa463c4000 r--p 00022000 08:16 5246559                    /lib/x86_64-linux-gnu/ld-2.15.so
7faa463c4000-7faa463c6000 rw-p 00023000 08:16 5246559                    /lib/x86_64-linux-gnu/ld-2.15.so
7fff99492000-7fff994b3000 rw-p 00000000 00:00 0                          [stack]
7fff994ce000-7fff994cf000 r-xp 00000000 00:00 0                          [vdso]
ffffffffff600000-ffffffffff601000 r-xp 00000000 00:00 0                  [vsyscall]

VM Arguments:
jvm_args: -Dfile.encoding=UTF-8 
java_command: OCLP.Main
Launcher Type: SUN_STANDARD

Environment Variables:
PATH=/usr/lib/lightdm/lightdm:/usr/local/sbin:/usr/local/bin:/usr/sbin:/usr/bin:/sbin:/bin:/usr/games
SHELL=/bin/bash
DISPLAY=:0

Signal Handlers:
SIGSEGV: [libjvm.so+0x8065e0], sa_mask[0]=0x7ffbfeff, sa_flags=0x10000004
SIGBUS: [libjvm.so+0x8065e0], sa_mask[0]=0x7ffbfeff, sa_flags=0x10000004
SIGFPE: [libjvm.so+0x6ac6d0], sa_mask[0]=0x7ffbfeff, sa_flags=0x10000004
SIGPIPE: [libjvm.so+0x6ac6d0], sa_mask[0]=0x7ffbfeff, sa_flags=0x10000004
SIGXFSZ: [libjvm.so+0x6ac6d0], sa_mask[0]=0x7ffbfeff, sa_flags=0x10000004
SIGILL: [libjvm.so+0x6ac6d0], sa_mask[0]=0x7ffbfeff, sa_flags=0x10000004
SIGUSR1: SIG_DFL, sa_mask[0]=0x00000000, sa_flags=0x00000000
SIGUSR2: [libjvm.so+0x6acaa0], sa_mask[0]=0x00000004, sa_flags=0x10000004
SIGHUP: [libjvm.so+0x6acbe0], sa_mask[0]=0x7ffbfeff, sa_flags=0x10000004
SIGINT: SIG_IGN, sa_mask[0]=0x00000000, sa_flags=0x00000000
SIGTERM: [libjvm.so+0x6acbe0], sa_mask[0]=0x7ffbfeff, sa_flags=0x10000004
SIGQUIT: [libjvm.so+0x6acbe0], sa_mask[0]=0x7ffbfeff, sa_flags=0x10000004


---------------  S Y S T E M  ---------------

OS:Ubuntu 12.04 (precise)
uname:Linux 3.2.0-24-generic #39-Ubuntu SMP Mon May 21 16:52:17 UTC 2012 x86_64
libc:glibc 2.15 NPTL 2.15 
rlimit: STACK 8192k, CORE 0k, NPROC 28916, NOFILE 4096, AS infinity
load average:0.88 1.19 1.29

/proc/meminfo:
MemTotal:        3791568 kB
MemFree:          841860 kB
Buffers:          128272 kB
Cached:          1271308 kB
SwapCached:          448 kB
Active:          1642952 kB
Inactive:         955900 kB
Active(anon):     980280 kB
Inactive(anon):   231480 kB
Active(file):     662672 kB
Inactive(file):   724420 kB
Unevictable:           0 kB
Mlocked:               0 kB
SwapTotal:        999420 kB
SwapFree:         997980 kB
Dirty:               244 kB
Writeback:             0 kB
AnonPages:       1198876 kB
Mapped:           217256 kB
Shmem:             12480 kB
Slab:             144100 kB
SReclaimable:     118048 kB
SUnreclaim:        26052 kB
KernelStack:        3088 kB
PageTables:        31000 kB
NFS_Unstable:          0 kB
Bounce:                0 kB
WritebackTmp:          0 kB
CommitLimit:     2895204 kB
Committed_AS:    2735700 kB
VmallocTotal:   34359738367 kB
VmallocUsed:      300648 kB
VmallocChunk:   34359435432 kB
HardwareCorrupted:     0 kB
AnonHugePages:         0 kB
HugePages_Total:       0
HugePages_Free:        0
HugePages_Rsvd:        0
HugePages_Surp:        0
Hugepagesize:       2048 kB
DirectMap4k:     3659264 kB
DirectMap2M:      272384 kB
DirectMap1G:           0 kB


CPU:total 2 (2 cores per cpu, 1 threads per core) family 16 model 6 stepping 2, cmov, cx8, fxsr, mmx, sse, sse2, sse3, popcnt, mmxext, 3dnowpref, lzcnt, sse4a

/proc/cpuinfo:
processor	: 0
vendor_id	: AuthenticAMD
cpu family	: 16
model		: 6
model name	: AMD Athlon(tm) II X2 215 Processor
stepping	: 2
microcode	: 0x100009f
cpu MHz		: 2700.000
cache size	: 512 KB
physical id	: 0
siblings	: 2
core id		: 0
cpu cores	: 2
apicid		: 0
initial apicid	: 0
fpu		: yes
fpu_exception	: yes
cpuid level	: 5
wp		: yes
flags		: fpu vme de pse tsc msr pae mce cx8 apic sep mtrr pge mca cmov pat pse36 clflush mmx fxsr sse sse2 ht syscall nx mmxext fxsr_opt pdpe1gb rdtscp lm 3dnowext 3dnow constant_tsc rep_good nopl nonstop_tsc extd_apicid pni monitor cx16 popcnt lahf_lm cmp_legacy svm extapic cr8_legacy abm sse4a misalignsse 3dnowprefetch osvw ibs skinit wdt npt lbrv svm_lock nrip_save
bogomips	: 5400.31
TLB size	: 1024 4K pages
clflush size	: 64
cache_alignment	: 64
address sizes	: 48 bits physical, 48 bits virtual
power management: ts ttp tm stc 100mhzsteps hwpstate

processor	: 1
vendor_id	: AuthenticAMD
cpu family	: 16
model		: 6
model name	: AMD Athlon(tm) II X2 215 Processor
stepping	: 2
microcode	: 0x100009f
cpu MHz		: 2700.000
cache size	: 512 KB
physical id	: 0
siblings	: 2
core id		: 1
cpu cores	: 2
apicid		: 1
initial apicid	: 1
fpu		: yes
fpu_exception	: yes
cpuid level	: 5
wp		: yes
flags		: fpu vme de pse tsc msr pae mce cx8 apic sep mtrr pge mca cmov pat pse36 clflush mmx fxsr sse sse2 ht syscall nx mmxext fxsr_opt pdpe1gb rdtscp lm 3dnowext 3dnow constant_tsc rep_good nopl nonstop_tsc extd_apicid pni monitor cx16 popcnt lahf_lm cmp_legacy svm extapic cr8_legacy abm sse4a misalignsse 3dnowprefetch osvw ibs skinit wdt npt lbrv svm_lock nrip_save
bogomips	: 5386.51
TLB size	: 1024 4K pages
clflush size	: 64
cache_alignment	: 64
address sizes	: 48 bits physical, 48 bits virtual
power management: ts ttp tm stc 100mhzsteps hwpstate



Memory: 4k page, physical 3791568k(841860k free), swap 999420k(997980k free)

vm_info: OpenJDK 64-Bit Server VM (22.0-b10) for linux-amd64 JRE (1.7.0_03-b147), built on May  2 2012 16:57:58 by "buildd" with gcc 4.6.3

time: Sat Jun  9 12:28:11 2012
elapsed time: 7 seconds

