#
# A fatal error has been detected by the Java Runtime Environment:
#
#  SIGSEGV (0xb) at pc=0x00007f77baab0c58, pid=8351, tid=140152620066560
#
# JRE version: 7.0_03-b147
# Java VM: OpenJDK 64-Bit Server VM (22.0-b10 mixed mode linux-amd64 compressed oops)
# Derivative: IcedTea7 2.1.1pre
# Distribution: Ubuntu 12.04 LTS, package 7~u3-2.1.1~pre1-1ubuntu3
# Problematic frame:
# C  [libX11.so.6+0x33c58]  XQueryExtension+0x28
#
# Failed to write core dump. Core dumps have been disabled. To enable core dumping, try "ulimit -c unlimited" before starting Java again
#
# If you would like to submit a bug report, please include
# instructions on how to reproduce the bug and visit:
#   https://bugs.launchpad.net/ubuntu/+source/openjdk-7/
#

---------------  T H R E A D  ---------------

Current thread is native thread

siginfo:si_signo=SIGSEGV: si_errno=0, si_code=1 (SEGV_MAPERR), si_addr=0xffffffff8c029788

Registers:
RAX=0x00000000010d8ba0, RBX=0xffffffff8c028e20, RCX=0x00007fffae169458, RDX=0x00007fffae169454
RSP=0x00007fffae1693f0, RBP=0x00007f7795ec4932, RSI=0x00007f7795ec4932, RDI=0xffffffff8c028e20
R8 =0x00007fffae16945c, R9 =0x0000000000000000, R10=0x00007f77d2e10fa8, R11=0x00007f77d2a92ca0
R12=0x0000000000000000, R13=0x00007f7795ec4932, R14=0x00000000010d8ba0, R15=0x0000000000000000
RIP=0x00007f77baab0c58, EFLAGS=0x0000000000010206, CSGSFS=0x0000000000000033, ERR=0x0000000000000005
  TRAPNO=0x000000000000000e

Top of Stack: (sp=0x00007fffae1693f0)
0x00007fffae1693f0:   00007f77d2a65790 00007f77d3225000
0x00007fffae169400:   00007f77d2421070 00007f77d3224000
0x00007fffae169410:   00000000ffffffff ffffffff8c028e20
0x00007fffae169420:   00007f7795ec4932 0000000000000000
0x00007fffae169430:   00007f7795ec4932 00000000010d8ba0
0x00007fffae169440:   0000000000000000 00007f77baaa4c55
0x00007fffae169450:   00007f77d3245048 00007f7795ffd520
0x00007fffae169460:   00007f7795ffd520 ffffffff8c028e20
0x00007fffae169470:   00007f778c03a710 00007f77badbe02b
0x00007fffae169480:   00007f77d2a65790 0000001100000061
0x00007fffae169490:   00007fffae169510 0000000000000000
0x00007fffae1694a0:   00007fffae169510 ffffffff8c028e20
0x00007fffae1694b0:   0000000000000000 00007f77d3245048
0x00007fffae1694c0:   00007f7796016d50 00007f7795e6b119
0x00007fffae1694d0:   0000000000000000 0000000000000061
0x00007fffae1694e0:   00007fffae169510 00007fffae169530
0x00007fffae1694f0:   0000000000000000 00007f77d3245048
0x00007fffae169500:   00007f778c024110 00007f7795e61b42
0x00007fffae169510:   00007fffae1698b0 00007f7795ec48b1
0x00007fffae169520:   0000000000000061 00007f77d303192d
0x00007fffae169530:   00007f77d32462c8 00007f77d3246858
0x00007fffae169540:   00007f77d32436a8 00007f77cc006570
0x00007fffae169550:   00007f77cc007080 00007f77cc007580
0x00007fffae169560:   00007f77cc00c260 00007f77801a1b60
0x00007fffae169570:   00007f7780201190 00007f77801c1be0
0x00007fffae169580:   00007f778c00b820 00007f778c00a8e0
0x00007fffae169590:   00007f77cc1eb230 00007f77cc1f0090
0x00007fffae1695a0:   00007f77cc1f77a0 00007f77cc1f7270
0x00007fffae1695b0:   00007f77cc1f6d50 00007f77cc1fc120
0x00007fffae1695c0:   00007f77cc1fbc10 00007f77cc1fd470
0x00007fffae1695d0:   00007f77cc1fb710 00007f77cc1f6820
0x00007fffae1695e0:   00007f77cc1fa240 00007f77cc1fcde0 

Instructions: (pc=0x00007f77baab0c58)
0x00007f77baab0c38:   24 d8 48 89 fb 4c 89 64 24 e0 4c 89 6c 24 e8 48
0x00007f77baab0c48:   89 f5 4c 89 74 24 f0 4c 89 7c 24 f8 48 83 ec 58
0x00007f77baab0c58:   48 8b 87 68 09 00 00 49 89 d4 49 89 cd 4d 89 c6
0x00007f77baab0c68:   48 85 c0 74 02 ff 10 ba 08 00 00 00 be 62 00 00 

Register to memory mapping:

RAX=0x00000000010d8ba0 is an unknown value
RBX=0xffffffff8c028e20 is an unknown value
RCX=0x00007fffae169458 is an unknown value
RDX=0x00007fffae169454 is an unknown value
RSP=0x00007fffae1693f0 is an unknown value
RBP=0x00007f7795ec4932: <offset 0x96932> in /usr/lib/fglrx/libGL.so.1 at 0x00007f7795e2e000
RSI=0x00007f7795ec4932: <offset 0x96932> in /usr/lib/fglrx/libGL.so.1 at 0x00007f7795e2e000
RDI=0xffffffff8c028e20 is an unknown value
R8 =0x00007fffae16945c is an unknown value
R9 =0x0000000000000000 is an unknown value
R10=0x00007f77d2e10fa8: <offset 0x3b9fa8> in /lib/x86_64-linux-gnu/libc.so.6 at 0x00007f77d2a57000
R11=0x00007f77d2a92ca0: __cxa_finalize+0 in /lib/x86_64-linux-gnu/libc.so.6 at 0x00007f77d2a57000
R12=0x0000000000000000 is an unknown value
R13=0x00007f7795ec4932: <offset 0x96932> in /usr/lib/fglrx/libGL.so.1 at 0x00007f7795e2e000
R14=0x00000000010d8ba0 is an unknown value
R15=0x0000000000000000 is an unknown value


Stack: [0x00007fffae06b000,0x00007fffae16b000],  sp=0x00007fffae1693f0,  free space=1016k
Native frames: (J=compiled Java code, j=interpreted, Vv=VM code, C=native code)
C  [libX11.so.6+0x33c58]  XQueryExtension+0x28


---------------  P R O C E S S  ---------------

VM state:at safepoint (shutting down)

VM Mutex/Monitor currently owned by a thread:  ([mutex/lock_event])
[0x00007f77cc004940] Threads_lock - owner thread: 0x00007f77cc09b800

Heap
 PSYoungGen      total 17280K, used 14154K [0x00000000ecb60000, 0x00000000edea0000, 0x0000000100000000)
  eden space 14848K, 79% used [0x00000000ecb60000,0x00000000ed6d6978,0x00000000ed9e0000)
  from space 2432K, 99% used [0x00000000ed9e0000,0x00000000edc3c020,0x00000000edc40000)
  to   space 2432K, 0% used [0x00000000edc40000,0x00000000edc40000,0x00000000edea0000)
 PSOldGen        total 39552K, used 2119K [0x00000000c6200000, 0x00000000c88a0000, 0x00000000ecb60000)
  object space 39552K, 5% used [0x00000000c6200000,0x00000000c6411d60,0x00000000c88a0000)
 PSPermGen       total 21248K, used 20421K [0x00000000bbc00000, 0x00000000bd0c0000, 0x00000000c6200000)
  object space 21248K, 96% used [0x00000000bbc00000,0x00000000bcff17b0,0x00000000bd0c0000)

Code Cache  [0x00007f77c8df7000, 0x00007f77c9067000, 0x00007f77cbdf7000)
 total_blobs=704 nmethods=101 adapters=556 free_code_cache=48273Kb largest_free_block=49399104

Dynamic libraries:
00400000-00401000 r-xp 00000000 08:16 3544606                            /usr/lib/jvm/java-7-openjdk-amd64/jre/bin/java
00600000-00601000 r--p 00000000 08:16 3544606                            /usr/lib/jvm/java-7-openjdk-amd64/jre/bin/java
00601000-00602000 rw-p 00001000 08:16 3544606                            /usr/lib/jvm/java-7-openjdk-amd64/jre/bin/java
010d6000-010f7000 rw-p 00000000 00:00 0                                  [heap]
bbc00000-bd0c0000 rw-p 00000000 00:00 0 
bd0c0000-c6200000 rw-p 00000000 00:00 0 
c6200000-c88a0000 rw-p 00000000 00:00 0 
c88a0000-ecb60000 rw-p 00000000 00:00 0 
ecb60000-edea0000 rw-p 00000000 00:00 0 
edea0000-100000000 rw-p 00000000 00:00 0 
7f7780000000-7f7780407000 rw-p 00000000 00:00 0 
7f7780407000-7f7784000000 ---p 00000000 00:00 0 
7f7784201000-7f778423f000 r-xp 00000000 08:16 1056348                    /usr/lib/x86_64-linux-gnu/libjpeg.so.8.0.2
7f778423f000-7f778443e000 ---p 0003e000 08:16 1056348                    /usr/lib/x86_64-linux-gnu/libjpeg.so.8.0.2
7f778443e000-7f778443f000 r--p 0003d000 08:16 1056348                    /usr/lib/x86_64-linux-gnu/libjpeg.so.8.0.2
7f778443f000-7f7784440000 rw-p 0003e000 08:16 1056348                    /usr/lib/x86_64-linux-gnu/libjpeg.so.8.0.2
7f7784440000-7f7784450000 rw-p 00000000 00:00 0 
7f7784450000-7f7784459000 r-xp 00000000 08:16 3544590                    /usr/lib/jvm/java-7-openjdk-amd64/jre/lib/amd64/libjavajpeg.so
7f7784459000-7f7784658000 ---p 00009000 08:16 3544590                    /usr/lib/jvm/java-7-openjdk-amd64/jre/lib/amd64/libjavajpeg.so
7f7784658000-7f7784659000 r--p 00008000 08:16 3544590                    /usr/lib/jvm/java-7-openjdk-amd64/jre/lib/amd64/libjavajpeg.so
7f7784659000-7f778465a000 rw-p 00009000 08:16 3544590                    /usr/lib/jvm/java-7-openjdk-amd64/jre/lib/amd64/libjavajpeg.so
7f778465a000-7f778465b000 ---p 00000000 00:00 0 
7f778465b000-7f7784e5b000 rw-p 00000000 00:00 0 
7f7784e5b000-7f7784e5c000 ---p 00000000 00:00 0 
7f7784e5c000-7f778565c000 rw-p 00000000 00:00 0 
7f778565c000-7f7785662000 r-xp 00000000 08:16 1056418                    /usr/lib/x86_64-linux-gnu/libogg.so.0.7.1
7f7785662000-7f7785861000 ---p 00006000 08:16 1056418                    /usr/lib/x86_64-linux-gnu/libogg.so.0.7.1
7f7785861000-7f7785862000 r--p 00005000 08:16 1056418                    /usr/lib/x86_64-linux-gnu/libogg.so.0.7.1
7f7785862000-7f7785863000 rw-p 00006000 08:16 1056418                    /usr/lib/x86_64-linux-gnu/libogg.so.0.7.1
7f7785863000-7f7785b16000 r-xp 00000000 08:16 1056578                    /usr/lib/x86_64-linux-gnu/libvorbisenc.so.2.0.8
7f7785b16000-7f7785d15000 ---p 002b3000 08:16 1056578                    /usr/lib/x86_64-linux-gnu/libvorbisenc.so.2.0.8
7f7785d15000-7f7785d31000 r--p 002b2000 08:16 1056578                    /usr/lib/x86_64-linux-gnu/libvorbisenc.so.2.0.8
7f7785d31000-7f7785d32000 rw-p 002ce000 08:16 1056578                    /usr/lib/x86_64-linux-gnu/libvorbisenc.so.2.0.8
7f7785d32000-7f7787c8c000 r-xp 00000000 08:16 1054642                    /usr/lib/fglrx/dri/fglrx_dri.so
7f7787c8c000-7f7787d8c000 ---p 01f5a000 08:16 1054642                    /usr/lib/fglrx/dri/fglrx_dri.so
7f7787d8c000-7f7787eda000 rwxp 01f5a000 08:16 1054642                    /usr/lib/fglrx/dri/fglrx_dri.so
7f7787eda000-7f7788000000 rwxp 00000000 00:00 0 
7f7788000000-7f7788021000 rw-p 00000000 00:00 0 
7f7788021000-7f778c000000 ---p 00000000 00:00 0 
7f778c000000-7f778c8d3000 rw-p 00000000 00:00 0 
7f778c8d3000-7f7790000000 ---p 00000000 00:00 0 
7f7790000000-7f7790021000 rw-p 00000000 00:00 0 
7f7790021000-7f7794000000 ---p 00000000 00:00 0 
7f77940de000-7f7794109000 r-xp 00000000 08:16 1056576                    /usr/lib/x86_64-linux-gnu/libvorbis.so.0.4.5
7f7794109000-7f7794308000 ---p 0002b000 08:16 1056576                    /usr/lib/x86_64-linux-gnu/libvorbis.so.0.4.5
7f7794308000-7f7794309000 r--p 0002a000 08:16 1056576                    /usr/lib/x86_64-linux-gnu/libvorbis.so.0.4.5
7f7794309000-7f779430a000 rw-p 0002b000 08:16 1056576                    /usr/lib/x86_64-linux-gnu/libvorbis.so.0.4.5
7f779430a000-7f7794352000 r-xp 00000000 08:16 1055951                    /usr/lib/x86_64-linux-gnu/libFLAC.so.8.2.0
7f7794352000-7f7794552000 ---p 00048000 08:16 1055951                    /usr/lib/x86_64-linux-gnu/libFLAC.so.8.2.0
7f7794552000-7f7794553000 r--p 00048000 08:16 1055951                    /usr/lib/x86_64-linux-gnu/libFLAC.so.8.2.0
7f7794553000-7f7794554000 rw-p 00049000 08:16 1055951                    /usr/lib/x86_64-linux-gnu/libFLAC.so.8.2.0
7f7794554000-7f7794559000 r-xp 00000000 08:16 1056065                    /usr/lib/x86_64-linux-gnu/libasyncns.so.0.3.1
7f7794559000-7f7794758000 ---p 00005000 08:16 1056065                    /usr/lib/x86_64-linux-gnu/libasyncns.so.0.3.1
7f7794758000-7f7794759000 r--p 00004000 08:16 1056065                    /usr/lib/x86_64-linux-gnu/libasyncns.so.0.3.1
7f7794759000-7f779475a000 rw-p 00005000 08:16 1056065                    /usr/lib/x86_64-linux-gnu/libasyncns.so.0.3.1
7f779475a000-7f77947ba000 r-xp 00000000 08:16 1056513                    /usr/lib/x86_64-linux-gnu/libsndfile.so.1.0.25
7f77947ba000-7f77949ba000 ---p 00060000 08:16 1056513                    /usr/lib/x86_64-linux-gnu/libsndfile.so.1.0.25
7f77949ba000-7f77949bc000 r--p 00060000 08:16 1056513                    /usr/lib/x86_64-linux-gnu/libsndfile.so.1.0.25
7f77949bc000-7f77949bd000 rw-p 00062000 08:16 1056513                    /usr/lib/x86_64-linux-gnu/libsndfile.so.1.0.25
7f77949bd000-7f77949c1000 rw-p 00000000 00:00 0 
7f77949c1000-7f77949c9000 r-xp 00000000 08:16 5246688                    /lib/x86_64-linux-gnu/libwrap.so.0.7.6
7f77949c9000-7f7794bc8000 ---p 00008000 08:16 5246688                    /lib/x86_64-linux-gnu/libwrap.so.0.7.6
7f7794bc8000-7f7794bc9000 r--p 00007000 08:16 5246688                    /lib/x86_64-linux-gnu/libwrap.so.0.7.6
7f7794bc9000-7f7794bca000 rw-p 00008000 08:16 5246688                    /lib/x86_64-linux-gnu/libwrap.so.0.7.6
7f7794bca000-7f7794c26000 r-xp 00000000 08:16 1055773                    /usr/lib/x86_64-linux-gnu/libpulsecommon-1.1.so
7f7794c26000-7f7794e26000 ---p 0005c000 08:16 1055773                    /usr/lib/x86_64-linux-gnu/libpulsecommon-1.1.so
7f7794e26000-7f7794e27000 r--p 0005c000 08:16 1055773                    /usr/lib/x86_64-linux-gnu/libpulsecommon-1.1.so
7f7794e27000-7f7794e28000 rw-p 0005d000 08:16 1055773                    /usr/lib/x86_64-linux-gnu/libpulsecommon-1.1.so
7f7794e28000-7f7794e2f000 r-xp 00000000 08:16 1056352                    /usr/lib/x86_64-linux-gnu/libjson.so.0.0.1
7f7794e2f000-7f779502e000 ---p 00007000 08:16 1056352                    /usr/lib/x86_64-linux-gnu/libjson.so.0.0.1
7f779502e000-7f779502f000 r--p 00006000 08:16 1056352                    /usr/lib/x86_64-linux-gnu/libjson.so.0.0.1
7f779502f000-7f7795030000 rw-p 00007000 08:16 1056352                    /usr/lib/x86_64-linux-gnu/libjson.so.0.0.1
7f7795030000-7f7795076000 r-xp 00000000 08:16 1055774                    /usr/lib/x86_64-linux-gnu/libpulse.so.0.13.5
7f7795076000-7f7795276000 ---p 00046000 08:16 1055774                    /usr/lib/x86_64-linux-gnu/libpulse.so.0.13.5
7f7795276000-7f7795277000 r--p 00046000 08:16 1055774                    /usr/lib/x86_64-linux-gnu/libpulse.so.0.13.5
7f7795277000-7f7795278000 rw-p 00047000 08:16 1055774                    /usr/lib/x86_64-linux-gnu/libpulse.so.0.13.5
7f77954d0000-7f7795bd0000 rw-s 19078000 00:05 9165                       /dev/ati/card0
7f7795bd0000-7f7795c0b000 r-xp 00000000 08:16 1054638                    /usr/lib/fglrx/libatiadlxx.so
7f7795c0b000-7f7795d0b000 ---p 0003b000 08:16 1054638                    /usr/lib/fglrx/libatiadlxx.so
7f7795d0b000-7f7795d14000 rw-p 0003b000 08:16 1054638                    /usr/lib/fglrx/libatiadlxx.so
7f7795d14000-7f7795d25000 rw-p 00000000 00:00 0 
7f7795d25000-7f7795d2c000 r-xp 00000000 08:16 1054658                    /usr/lib/fglrx/libatiuki.so.1.0
7f7795d2c000-7f7795e2c000 ---p 00007000 08:16 1054658                    /usr/lib/fglrx/libatiuki.so.1.0
7f7795e2c000-7f7795e2d000 rw-p 00007000 08:16 1054658                    /usr/lib/fglrx/libatiuki.so.1.0
7f7795e2d000-7f7795e2e000 rw-p 00000000 00:00 0 
7f7795e2e000-7f7795ef1000 r-xp 00000000 08:16 1054665                    /usr/lib/fglrx/libGL.so.1.2
7f7795ef1000-7f7795ff0000 ---p 000c3000 08:16 1054665                    /usr/lib/fglrx/libGL.so.1.2
7f7795ff0000-7f7796017000 rwxp 000c2000 08:16 1054665                    /usr/lib/fglrx/libGL.so.1.2
7f7796017000-7f7796037000 rwxp 00000000 00:00 0 
7f7796037000-7f779603b000 r-xp 00000000 08:16 1056049                    /usr/lib/x86_64-linux-gnu/libXxf86vm.so.1.0.0
7f779603b000-7f779623a000 ---p 00004000 08:16 1056049                    /usr/lib/x86_64-linux-gnu/libXxf86vm.so.1.0.0
7f779623a000-7f779623b000 r--p 00003000 08:16 1056049                    /usr/lib/x86_64-linux-gnu/libXxf86vm.so.1.0.0
7f779623b000-7f779623c000 rw-p 00004000 08:16 1056049                    /usr/lib/x86_64-linux-gnu/libXxf86vm.so.1.0.0
7f779623c000-7f77962a2000 r-xp 00000000 08:16 3673310                    /home/relissa/.jme3/natives_9a0c8f4d/liblwjgl64.so
7f77962a2000-7f77964a2000 ---p 00066000 08:16 3673310                    /home/relissa/.jme3/natives_9a0c8f4d/liblwjgl64.so
7f77964a2000-7f77964a4000 r--p 00066000 08:16 3673310                    /home/relissa/.jme3/natives_9a0c8f4d/liblwjgl64.so
7f77964a4000-7f77964a5000 rw-p 00068000 08:16 3673310                    /home/relissa/.jme3/natives_9a0c8f4d/liblwjgl64.so
7f77964a5000-7f77964a6000 r-xp 00000000 08:16 3544578                    /usr/lib/jvm/java-7-openjdk-amd64/jre/lib/amd64/libjawt.so
7f77964a6000-7f77966a5000 ---p 00001000 08:16 3544578                    /usr/lib/jvm/java-7-openjdk-amd64/jre/lib/amd64/libjawt.so
7f77966a5000-7f77966a6000 r--p 00000000 08:16 3544578                    /usr/lib/jvm/java-7-openjdk-amd64/jre/lib/amd64/libjawt.so
7f77966a6000-7f77966a7000 rw-p 00001000 08:16 3544578                    /usr/lib/jvm/java-7-openjdk-amd64/jre/lib/amd64/libjawt.so
7f77966a7000-7f77966aa000 ---p 00000000 00:00 0 
7f77966aa000-7f77967a8000 rw-p 00000000 00:00 0 
7f77967a8000-7f77967b8000 r-xp 00000000 08:16 3544571                    /usr/lib/jvm/java-7-openjdk-amd64/jre/lib/amd64/libnio.so
7f77967b8000-7f77969b7000 ---p 00010000 08:16 3544571                    /usr/lib/jvm/java-7-openjdk-amd64/jre/lib/amd64/libnio.so
7f77969b7000-7f77969b8000 r--p 0000f000 08:16 3544571                    /usr/lib/jvm/java-7-openjdk-amd64/jre/lib/amd64/libnio.so
7f77969b8000-7f77969b9000 rw-p 00010000 08:16 3544571                    /usr/lib/jvm/java-7-openjdk-amd64/jre/lib/amd64/libnio.so
7f77969b9000-7f77969cf000 r-xp 00000000 08:16 3544572                    /usr/lib/jvm/java-7-openjdk-amd64/jre/lib/amd64/libnet.so
7f77969cf000-7f7796bcf000 ---p 00016000 08:16 3544572                    /usr/lib/jvm/java-7-openjdk-amd64/jre/lib/amd64/libnet.so
7f7796bcf000-7f7796bd0000 r--p 00016000 08:16 3544572                    /usr/lib/jvm/java-7-openjdk-amd64/jre/lib/amd64/libnet.so
7f7796bd0000-7f7796bd1000 rw-p 00017000 08:16 3544572                    /usr/lib/jvm/java-7-openjdk-amd64/jre/lib/amd64/libnet.so
7f7796bd1000-7f7796c0c000 r-xp 00000000 08:16 3544568                    /usr/lib/jvm/java-7-openjdk-amd64/jre/lib/amd64/libfontmanager.so
7f7796c0c000-7f7796e0b000 ---p 0003b000 08:16 3544568                    /usr/lib/jvm/java-7-openjdk-amd64/jre/lib/amd64/libfontmanager.so
7f7796e0b000-7f7796e0d000 r--p 0003a000 08:16 3544568                    /usr/lib/jvm/java-7-openjdk-amd64/jre/lib/amd64/libfontmanager.so
7f7796e0d000-7f7796e0e000 rw-p 0003c000 08:16 3544568                    /usr/lib/jvm/java-7-openjdk-amd64/jre/lib/amd64/libfontmanager.so
7f7796e0e000-7f7796e11000 ---p 00000000 00:00 0 
7f7796e11000-7f7796f0f000 rw-p 00000000 00:00 0 
7f7796f0f000-7f7796f12000 ---p 00000000 00:00 0 
7f7796f12000-7f7797010000 rw-p 00000000 00:00 0 
7f7797010000-7f7797013000 ---p 00000000 00:00 0 
7f7797013000-7f7797111000 rw-p 00000000 00:00 0 
7f7797111000-7f7797114000 ---p 00000000 00:00 0 
7f7797114000-7f7797212000 rw-p 00000000 00:00 0 
7f7797212000-7f7797215000 ---p 00000000 00:00 0 
7f7797215000-7f7797313000 rw-p 00000000 00:00 0 
7f7797313000-7f7797316000 r-xp 00000000 08:16 5246606                    /lib/x86_64-linux-gnu/libgpg-error.so.0.8.0
7f7797316000-7f7797515000 ---p 00003000 08:16 5246606                    /lib/x86_64-linux-gnu/libgpg-error.so.0.8.0
7f7797515000-7f7797516000 r--p 00002000 08:16 5246606                    /lib/x86_64-linux-gnu/libgpg-error.so.0.8.0
7f7797516000-7f7797517000 rw-p 00003000 08:16 5246606                    /lib/x86_64-linux-gnu/libgpg-error.so.0.8.0
7f7797517000-7f779751a000 r-xp 00000000 08:16 5246610                    /lib/x86_64-linux-gnu/libkeyutils.so.1.4
7f779751a000-7f7797719000 ---p 00003000 08:16 5246610                    /lib/x86_64-linux-gnu/libkeyutils.so.1.4
7f7797719000-7f779771a000 r--p 00002000 08:16 5246610                    /lib/x86_64-linux-gnu/libkeyutils.so.1.4
7f779771a000-7f779771b000 rw-p 00003000 08:16 5246610                    /lib/x86_64-linux-gnu/libkeyutils.so.1.4
7f779771b000-7f779775d000 r-xp 00000000 08:16 5246591                    /lib/x86_64-linux-gnu/libdbus-1.so.3.5.8
7f779775d000-7f779795d000 ---p 00042000 08:16 5246591                    /lib/x86_64-linux-gnu/libdbus-1.so.3.5.8
7f779795d000-7f779795e000 r--p 00042000 08:16 5246591                    /lib/x86_64-linux-gnu/libdbus-1.so.3.5.8
7f779795e000-7f779795f000 rw-p 00043000 08:16 5246591                    /lib/x86_64-linux-gnu/libdbus-1.so.3.5.8
7f779795f000-7f7797970000 r-xp 00000000 08:16 1056424                    /usr/lib/x86_64-linux-gnu/libp11-kit.so.0.0.0
7f7797970000-7f7797b6f000 ---p 00011000 08:16 1056424                    /usr/lib/x86_64-linux-gnu/libp11-kit.so.0.0.0
7f7797b6f000-7f7797b70000 r--p 00010000 08:16 1056424                    /usr/lib/x86_64-linux-gnu/libp11-kit.so.0.0.0
7f7797b70000-7f7797b71000 rw-p 00011000 08:16 1056424                    /usr/lib/x86_64-linux-gnu/libp11-kit.so.0.0.0
7f7797b71000-7f7797beb000 r-xp 00000000 08:16 5246882                    /lib/x86_64-linux-gnu/libgcrypt.so.11.7.0
7f7797beb000-7f7797deb000 ---p 0007a000 08:16 5246882                    /lib/x86_64-linux-gnu/libgcrypt.so.11.7.0
7f7797deb000-7f7797dec000 r--p 0007a000 08:16 5246882                    /lib/x86_64-linux-gnu/libgcrypt.so.11.7.0
7f7797dec000-7f7797def000 rw-p 0007b000 08:16 5246882                    /lib/x86_64-linux-gnu/libgcrypt.so.11.7.0
7f7797def000-7f7797dff000 r-xp 00000000 08:16 1061093                    /usr/lib/x86_64-linux-gnu/libtasn1.so.3.1.12
7f7797dff000-7f7797ffe000 ---p 00010000 08:16 1061093                    /usr/lib/x86_64-linux-gnu/libtasn1.so.3.1.12
7f7797ffe000-7f7797fff000 r--p 0000f000 08:16 1061093                    /usr/lib/x86_64-linux-gnu/libtasn1.so.3.1.12
7f7797fff000-7f7798000000 rw-p 00010000 08:16 1061093                    /usr/lib/x86_64-linux-gnu/libtasn1.so.3.1.12
7f7798000000-7f7798021000 rw-p 00000000 00:00 0 
7f7798021000-7f779c000000 ---p 00000000 00:00 0 
7f779c0a2000-7f779c0b2000 rw-s fe9f0000 00:05 9165                       /dev/ati/card0
7f779c0b2000-7f779c0b9000 r-xp 00000000 08:16 1052728                    /usr/lib/x86_64-linux-gnu/libkrb5support.so.0.1
7f779c0b9000-7f779c2b8000 ---p 00007000 08:16 1052728                    /usr/lib/x86_64-linux-gnu/libkrb5support.so.0.1
7f779c2b8000-7f779c2b9000 r--p 00006000 08:16 1052728                    /usr/lib/x86_64-linux-gnu/libkrb5support.so.0.1
7f779c2b9000-7f779c2ba000 rw-p 00007000 08:16 1052728                    /usr/lib/x86_64-linux-gnu/libkrb5support.so.0.1
7f779c2ba000-7f779c2bd000 r-xp 00000000 08:16 5246586                    /lib/x86_64-linux-gnu/libcom_err.so.2.1
7f779c2bd000-7f779c4bc000 ---p 00003000 08:16 5246586                    /lib/x86_64-linux-gnu/libcom_err.so.2.1
7f779c4bc000-7f779c4bd000 r--p 00002000 08:16 5246586                    /lib/x86_64-linux-gnu/libcom_err.so.2.1
7f779c4bd000-7f779c4be000 rw-p 00003000 08:16 5246586                    /lib/x86_64-linux-gnu/libcom_err.so.2.1
7f779c4be000-7f779c4e3000 r-xp 00000000 08:16 1052714                    /usr/lib/x86_64-linux-gnu/libk5crypto.so.3.1
7f779c4e3000-7f779c6e3000 ---p 00025000 08:16 1052714                    /usr/lib/x86_64-linux-gnu/libk5crypto.so.3.1
7f779c6e3000-7f779c6e4000 r--p 00025000 08:16 1052714                    /usr/lib/x86_64-linux-gnu/libk5crypto.so.3.1
7f779c6e4000-7f779c6e5000 rw-p 00026000 08:16 1052714                    /usr/lib/x86_64-linux-gnu/libk5crypto.so.3.1
7f779c6e5000-7f779c6e6000 rw-p 00000000 00:00 0 
7f779c6e6000-7f779c7aa000 r-xp 00000000 08:16 1052724                    /usr/lib/x86_64-linux-gnu/libkrb5.so.3.3
7f779c7aa000-7f779c9a9000 ---p 000c4000 08:16 1052724                    /usr/lib/x86_64-linux-gnu/libkrb5.so.3.3
7f779c9a9000-7f779c9b3000 r--p 000c3000 08:16 1052724                    /usr/lib/x86_64-linux-gnu/libkrb5.so.3.3
7f779c9b3000-7f779c9b4000 rw-p 000cd000 08:16 1052724                    /usr/lib/x86_64-linux-gnu/libkrb5.so.3.3
7f779c9b4000-7f779c9bc000 r-xp 00000000 08:16 1056599                    /usr/lib/x86_64-linux-gnu/libxcb-render.so.0.0.0
7f779c9bc000-7f779cbbc000 ---p 00008000 08:16 1056599                    /usr/lib/x86_64-linux-gnu/libxcb-render.so.0.0.0
7f779cbbc000-7f779cbbd000 r--p 00008000 08:16 1056599                    /usr/lib/x86_64-linux-gnu/libxcb-render.so.0.0.0
7f779cbbd000-7f779cbbe000 rw-p 00009000 08:16 1056599                    /usr/lib/x86_64-linux-gnu/libxcb-render.so.0.0.0
7f779cbbe000-7f779cbc0000 r-xp 00000000 08:16 1056603                    /usr/lib/x86_64-linux-gnu/libxcb-shm.so.0.0.0
7f779cbc0000-7f779cdbf000 ---p 00002000 08:16 1056603                    /usr/lib/x86_64-linux-gnu/libxcb-shm.so.0.0.0
7f779cdbf000-7f779cdc0000 r--p 00001000 08:16 1056603                    /usr/lib/x86_64-linux-gnu/libxcb-shm.so.0.0.0
7f779cdc0000-7f779cdc1000 rw-p 00002000 08:16 1056603                    /usr/lib/x86_64-linux-gnu/libxcb-shm.so.0.0.0
7f779cdc1000-7f779cde7000 r-xp 00000000 08:16 5246656                    /lib/x86_64-linux-gnu/libpng12.so.0.46.0
7f779cde7000-7f779cfe7000 ---p 00026000 08:16 5246656                    /lib/x86_64-linux-gnu/libpng12.so.0.46.0
7f779cfe7000-7f779cfe8000 r--p 00026000 08:16 5246656                    /lib/x86_64-linux-gnu/libpng12.so.0.46.0
7f779cfe8000-7f779cfe9000 rw-p 00027000 08:16 5246656                    /lib/x86_64-linux-gnu/libpng12.so.0.46.0
7f779cfe9000-7f779d06a000 r-xp 00000000 08:16 1056450                    /usr/lib/x86_64-linux-gnu/libpixman-1.so.0.24.4
7f779d06a000-7f779d269000 ---p 00081000 08:16 1056450                    /usr/lib/x86_64-linux-gnu/libpixman-1.so.0.24.4
7f779d269000-7f779d26f000 r--p 00080000 08:16 1056450                    /usr/lib/x86_64-linux-gnu/libpixman-1.so.0.24.4
7f779d26f000-7f779d270000 rw-p 00086000 08:16 1056450                    /usr/lib/x86_64-linux-gnu/libpixman-1.so.0.24.4
7f779d270000-7f779d275000 r-xp 00000000 08:16 1056019                    /usr/lib/x86_64-linux-gnu/libXdmcp.so.6.0.0
7f779d275000-7f779d474000 ---p 00005000 08:16 1056019                    /usr/lib/x86_64-linux-gnu/libXdmcp.so.6.0.0
7f779d474000-7f779d475000 r--p 00004000 08:16 1056019                    /usr/lib/x86_64-linux-gnu/libXdmcp.so.6.0.0
7f779d475000-7f779d476000 rw-p 00005000 08:16 1056019                    /usr/lib/x86_64-linux-gnu/libXdmcp.so.6.0.0
7f779d476000-7f779d478000 r-xp 00000000 08:16 1056008                    /usr/lib/x86_64-linux-gnu/libXau.so.6.0.0
7f779d478000-7f779d677000 ---p 00002000 08:16 1056008                    /usr/lib/x86_64-linux-gnu/libXau.so.6.0.0
7f779d677000-7f779d678000 r--p 00001000 08:16 1056008                    /usr/lib/x86_64-linux-gnu/libXau.so.6.0.0
7f779d678000-7f779d679000 rw-p 00002000 08:16 1056008                    /usr/lib/x86_64-linux-gnu/libXau.so.6.0.0
7f779d679000-7f779d689000 r-xp 00000000 08:16 1056075                    /usr/lib/x86_64-linux-gnu/libavahi-client.so.3.2.9
7f779d689000-7f779d888000 ---p 00010000 08:16 1056075                    /usr/lib/x86_64-linux-gnu/libavahi-client.so.3.2.9
7f779d888000-7f779d889000 r--p 0000f000 08:16 1056075                    /usr/lib/x86_64-linux-gnu/libavahi-client.so.3.2.9
7f779d889000-7f779d88a000 rw-p 00010000 08:16 1056075                    /usr/lib/x86_64-linux-gnu/libavahi-client.so.3.2.9
7f779d88a000-7f779d895000 r-xp 00000000 08:16 1056077                    /usr/lib/x86_64-linux-gnu/libavahi-common.so.3.5.3
7f779d895000-7f779da94000 ---p 0000b000 08:16 1056077                    /usr/lib/x86_64-linux-gnu/libavahi-common.so.3.5.3
7f779da94000-7f779da95000 r--p 0000a000 08:16 1056077                    /usr/lib/x86_64-linux-gnu/libavahi-common.so.3.5.3
7f779da95000-7f779da96000 rw-p 0000b000 08:16 1056077                    /usr/lib/x86_64-linux-gnu/libavahi-common.so.3.5.3
7f779da96000-7f779db4a000 r-xp 00000000 08:16 1056248                    /usr/lib/x86_64-linux-gnu/libgnutls.so.26.21.8
7f779db4a000-7f779dd4a000 ---p 000b4000 08:16 1056248                    /usr/lib/x86_64-linux-gnu/libgnutls.so.26.21.8
7f779dd4a000-7f779dd50000 r--p 000b4000 08:16 1056248                    /usr/lib/x86_64-linux-gnu/libgnutls.so.26.21.8
7f779dd50000-7f779dd51000 rw-p 000ba000 08:16 1056248                    /usr/lib/x86_64-linux-gnu/libgnutls.so.26.21.8
7f779dd51000-7f779dd52000 rw-p 00000000 00:00 0 
7f779dd52000-7f779dd8d000 r-xp 00000000 08:16 1052718                    /usr/lib/x86_64-linux-gnu/libgssapi_krb5.so.2.2
7f779dd8d000-7f779df8d000 ---p 0003b000 08:16 1052718                    /usr/lib/x86_64-linux-gnu/libgssapi_krb5.so.2.2
7f779df8d000-7f779df8e000 r--p 0003b000 08:16 1052718                    /usr/lib/x86_64-linux-gnu/libgssapi_krb5.so.2.2
7f779df8e000-7f779df90000 rw-p 0003c000 08:16 1052718                    /usr/lib/x86_64-linux-gnu/libgssapi_krb5.so.2.2
7f779df90000-7f779dfcc000 r-xp 00000000 08:16 5246652                    /lib/x86_64-linux-gnu/libpcre.so.3.12.1
7f779dfcc000-7f779e1cb000 ---p 0003c000 08:16 5246652                    /lib/x86_64-linux-gnu/libpcre.so.3.12.1
7f779e1cb000-7f779e1cc000 r--p 0003b000 08:16 5246652                    /lib/x86_64-linux-gnu/libpcre.so.3.12.1
7f779e1cc000-7f779e1cd000 rw-p 0003c000 08:16 5246652                    /lib/x86_64-linux-gnu/libpcre.so.3.12.1
7f779e1cd000-7f779e1d4000 r-xp 00000000 08:16 1056193                    /usr/lib/x86_64-linux-gnu/libffi.so.6.0.0
7f779e1d4000-7f779e3d3000 ---p 00007000 08:16 1056193                    /usr/lib/x86_64-linux-gnu/libffi.so.6.0.0
7f779e3d3000-7f779e3d4000 r--p 00006000 08:16 1056193                    /usr/lib/x86_64-linux-gnu/libffi.so.6.0.0
7f779e3d4000-7f779e3d5000 rw-p 00007000 08:16 1056193                    /usr/lib/x86_64-linux-gnu/libffi.so.6.0.0
7f779e3d5000-7f779e3fc000 r-xp 00000000 08:16 5246597                    /lib/x86_64-linux-gnu/libexpat.so.1.5.2
7f779e3fc000-7f779e5fc000 ---p 00027000 08:16 5246597                    /lib/x86_64-linux-gnu/libexpat.so.1.5.2
7f779e5fc000-7f779e5fe000 r--p 00027000 08:16 5246597                    /lib/x86_64-linux-gnu/libexpat.so.1.5.2
7f779e5fe000-7f779e5ff000 rw-p 00029000 08:16 5246597                    /lib/x86_64-linux-gnu/libexpat.so.1.5.2
7f779e5ff000-7f779e695000 r-xp 00000000 08:16 1056201                    /usr/lib/x86_64-linux-gnu/libfreetype.so.6.8.0
7f779e695000-7f779e894000 ---p 00096000 08:16 1056201                    /usr/lib/x86_64-linux-gnu/libfreetype.so.6.8.0
7f779e894000-7f779e89a000 r--p 00095000 08:16 1056201                    /usr/lib/x86_64-linux-gnu/libfreetype.so.6.8.0
7f779e89a000-7f779e89b000 rw-p 0009b000 08:16 1056201                    /usr/lib/x86_64-linux-gnu/libfreetype.so.6.8.0
7f779e89b000-7f779e8b3000 r-xp 00000000 08:16 5246663                    /lib/x86_64-linux-gnu/libresolv-2.15.so
7f779e8b3000-7f779eab3000 ---p 00018000 08:16 5246663                    /lib/x86_64-linux-gnu/libresolv-2.15.so
7f779eab3000-7f779eab4000 r--p 00018000 08:16 5246663                    /lib/x86_64-linux-gnu/libresolv-2.15.so
7f779eab4000-7f779eab5000 rw-p 00019000 08:16 5246663                    /lib/x86_64-linux-gnu/libresolv-2.15.so
7f779eab5000-7f779eab7000 rw-p 00000000 00:00 0 
7f779eab7000-7f779ead4000 r-xp 00000000 08:16 5246667                    /lib/x86_64-linux-gnu/libselinux.so.1
7f779ead4000-7f779ecd3000 ---p 0001d000 08:16 5246667                    /lib/x86_64-linux-gnu/libselinux.so.1
7f779ecd3000-7f779ecd4000 r--p 0001c000 08:16 5246667                    /lib/x86_64-linux-gnu/libselinux.so.1
7f779ecd4000-7f779ecd5000 rw-p 0001d000 08:16 5246667                    /lib/x86_64-linux-gnu/libselinux.so.1
7f779ecd5000-7f779ecd6000 rw-p 00000000 00:00 0 
7f779ecd6000-7f779ecd9000 r-xp 00000000 08:16 1056240                    /usr/lib/x86_64-linux-gnu/libgmodule-2.0.so.0.3200.1
7f779ecd9000-7f779eed8000 ---p 00003000 08:16 1056240                    /usr/lib/x86_64-linux-gnu/libgmodule-2.0.so.0.3200.1
7f779eed8000-7f779eed9000 r--p 00002000 08:16 1056240                    /usr/lib/x86_64-linux-gnu/libgmodule-2.0.so.0.3200.1
7f779eed9000-7f779eeda000 rw-p 00003000 08:16 1056240                    /usr/lib/x86_64-linux-gnu/libgmodule-2.0.so.0.3200.1
7f779eeda000-7f779eedc000 r-xp 00000000 08:16 1056017                    /usr/lib/x86_64-linux-gnu/libXdamage.so.1.1.0
7f779eedc000-7f779f0db000 ---p 00002000 08:16 1056017                    /usr/lib/x86_64-linux-gnu/libXdamage.so.1.1.0
7f779f0db000-7f779f0dc000 r--p 00001000 08:16 1056017                    /usr/lib/x86_64-linux-gnu/libXdamage.so.1.1.0
7f779f0dc000-7f779f0dd000 rw-p 00002000 08:16 1056017                    /usr/lib/x86_64-linux-gnu/libXdamage.so.1.1.0
7f779f0dd000-7f779f0df000 r-xp 00000000 08:16 1056013                    /usr/lib/x86_64-linux-gnu/libXcomposite.so.1.0.0
7f779f0df000-7f779f2de000 ---p 00002000 08:16 1056013                    /usr/lib/x86_64-linux-gnu/libXcomposite.so.1.0.0
7f779f2de000-7f779f2df000 r--p 00001000 08:16 1056013                    /usr/lib/x86_64-linux-gnu/libXcomposite.so.1.0.0
7f779f2df000-7f779f2e0000 rw-p 00002000 08:16 1056013                    /usr/lib/x86_64-linux-gnu/libXcomposite.so.1.0.0
7f779f2e0000-7f779f2e9000 r-xp 00000000 08:16 1056015                    /usr/lib/x86_64-linux-gnu/libXcursor.so.1.0.2
7f779f2e9000-7f779f4e8000 ---p 00009000 08:16 1056015                    /usr/lib/x86_64-linux-gnu/libXcursor.so.1.0.2
7f779f4e8000-7f779f4e9000 r--p 00008000 08:16 1056015                    /usr/lib/x86_64-linux-gnu/libXcursor.so.1.0.2
7f779f4e9000-7f779f4ea000 rw-p 00009000 08:16 1056015                    /usr/lib/x86_64-linux-gnu/libXcursor.so.1.0.2
7f779f4ea000-7f779f4f2000 r-xp 00000000 08:16 1056039                    /usr/lib/x86_64-linux-gnu/libXrandr.so.2.2.0
7f779f4f2000-7f779f6f1000 ---p 00008000 08:16 1056039                    /usr/lib/x86_64-linux-gnu/libXrandr.so.2.2.0
7f779f6f1000-7f779f6f2000 r--p 00007000 08:16 1056039                    /usr/lib/x86_64-linux-gnu/libXrandr.so.2.2.0
7f779f6f2000-7f779f6f3000 rw-p 00008000 08:16 1056039                    /usr/lib/x86_64-linux-gnu/libXrandr.so.2.2.0
7f779f6f3000-7f779f6f5000 r-xp 00000000 08:16 1056029                    /usr/lib/x86_64-linux-gnu/libXinerama.so.1.0.0
7f779f6f5000-7f779f8f4000 ---p 00002000 08:16 1056029                    /usr/lib/x86_64-linux-gnu/libXinerama.so.1.0.0
7f779f8f4000-7f779f8f5000 r--p 00001000 08:16 1056029                    /usr/lib/x86_64-linux-gnu/libXinerama.so.1.0.0
7f779f8f5000-7f779f8f6000 rw-p 00002000 08:16 1056029                    /usr/lib/x86_64-linux-gnu/libXinerama.so.1.0.0
7f779f8f6000-7f779f91f000 r-xp 00000000 08:16 1056434                    /usr/lib/x86_64-linux-gnu/libpangoft2-1.0.so.0.3000.0
7f779f91f000-7f779fb1e000 ---p 00029000 08:16 1056434                    /usr/lib/x86_64-linux-gnu/libpangoft2-1.0.so.0.3000.0
7f779fb1e000-7f779fb1f000 r--p 00028000 08:16 1056434                    /usr/lib/x86_64-linux-gnu/libpangoft2-1.0.so.0.3000.0
7f779fb1f000-7f779fb20000 rw-p 00029000 08:16 1056434                    /usr/lib/x86_64-linux-gnu/libpangoft2-1.0.so.0.3000.0
7f779fb20000-7f779fbd9000 r-xp 00000000 08:16 1055379                    /usr/lib/x86_64-linux-gnu/libcairo.so.2.11000.2
7f779fbd9000-7f779fdd8000 ---p 000b9000 08:16 1055379                    /usr/lib/x86_64-linux-gnu/libcairo.so.2.11000.2
7f779fdd8000-7f779fdda000 r--p 000b8000 08:16 1055379                    /usr/lib/x86_64-linux-gnu/libcairo.so.2.11000.2
7f779fdda000-7f779fddb000 rw-p 000ba000 08:16 1055379                    /usr/lib/x86_64-linux-gnu/libcairo.so.2.11000.2
7f779fddb000-7f779fdde000 rw-p 00000000 00:00 0 
7f779fdde000-7f779fdfd000 r-xp 00000000 08:16 1056067                    /usr/lib/x86_64-linux-gnu/libatk-1.0.so.0.20409.1
7f779fdfd000-7f779fffd000 ---p 0001f000 08:16 1056067                    /usr/lib/x86_64-linux-gnu/libatk-1.0.so.0.20409.1
7f779fffd000-7f779ffff000 r--p 0001f000 08:16 1056067                    /usr/lib/x86_64-linux-gnu/libatk-1.0.so.0.20409.1
7f779ffff000-7f77a0000000 rw-p 00021000 08:16 1056067                    /usr/lib/x86_64-linux-gnu/libatk-1.0.so.0.20409.1
7f77a0000000-7f77a0472000 rw-p 00000000 00:00 0 
7f77a0472000-7f77a4000000 ---p 00000000 00:00 0 
7f77a4000000-7f77a4021000 rw-p 00000000 00:00 0 
7f77a4021000-7f77a8000000 ---p 00000000 00:00 0 
7f77a8000000-7f77a8021000 rw-p 00000000 00:00 0 
7f77a8021000-7f77ac000000 ---p 00000000 00:00 0 
7f77ac000000-7f77ac2d8000 rw-p 00000000 00:00 0 
7f77ac2d8000-7f77b0000000 ---p 00000000 00:00 0 
7f77b0000000-7f77b0021000 rw-p 00000000 00:00 0 
7f77b0021000-7f77b4000000 ---p 00000000 00:00 0 
7f77b4000000-7f77b4021000 rw-p 00000000 00:00 0 
7f77b4021000-7f77b8000000 ---p 00000000 00:00 0 
7f77b8005000-7f77b800c000 r--s 00000000 08:16 1314519                    /usr/lib/x86_64-linux-gnu/gconv/gconv-modules.cache
7f77b800c000-7f77b800f000 ---p 00000000 00:00 0 
7f77b800f000-7f77b8026000 rw-p 00000000 00:00 0 
7f77b8026000-7f77b8027000 r--s 00000000 08:16 1843619                    /var/cache/fontconfig/c05880de57d1f5e948fdfacc138775d9-le64.cache-3
7f77b8027000-7f77b8030000 r--s 00000000 08:16 1843614                    /var/cache/fontconfig/945677eb7aeaf62f1d50efc3fb3ec7d8-le64.cache-3
7f77b8030000-7f77b8032000 r--s 00000000 08:16 1843615                    /var/cache/fontconfig/99e8ed0e538f840c565b6ed5dad60d56-le64.cache-3
7f77b8032000-7f77b803a000 r--s 00000000 08:16 1846703                    /var/cache/fontconfig/a6d8cf8e4ec09cdbc8633c31745a07dd-le64.cache-3
7f77b803a000-7f77b803e000 r--s 00000000 08:16 1843601                    /var/cache/fontconfig/2cd17615ca594fa2959ae173292e504c-le64.cache-3
7f77b803e000-7f77b803f000 r--s 00000000 08:16 1843626                    /var/cache/fontconfig/e7071f4a29fa870f4323321c154eba04-le64.cache-3
7f77b803f000-7f77b8040000 r--s 00000000 08:16 1843599                    /var/cache/fontconfig/0d8c3b2ac0904cb8a57a757ad11a4a08-le64.cache-3
7f77b8040000-7f77b8046000 r--s 00000000 08:16 1843616                    /var/cache/fontconfig/a755afe4a08bf5b97852ceb7400b47bc-le64.cache-3
7f77b8046000-7f77b8047000 r--s 00000000 08:16 1846509                    /var/cache/fontconfig/5a76b20910bc01daa5b6abd117531ab8-le64.cache-3
7f77b8047000-7f77b8050000 r--s 00000000 08:16 1847215                    /var/cache/fontconfig/6d41288fd70b0be22e8c3a91e032eec0-le64.cache-3
7f77b8050000-7f77b8060000 r--s 00000000 08:16 1843598                    /var/cache/fontconfig/04aabc0a78ac019cf9454389977116d2-le64.cache-3
7f77b8060000-7f77b8063000 r--s 00000000 08:16 1843604                    /var/cache/fontconfig/385c0604a188198f04d133e54aba7fe7-le64.cache-3
7f77b8063000-7f77b8064000 r--s 00000000 08:16 1841789                    /var/cache/fontconfig/4794a0821666d79190d59a36cb4f44b5-le64.cache-3
7f77b8064000-7f77b8067000 r--s 00000000 08:16 1843613                    /var/cache/fontconfig/8801497958630a81b71ace7c5f9b32a8-le64.cache-3
7f77b8067000-7f77b8095000 r--s 00000000 08:16 1846701                    /var/cache/fontconfig/365b55f210c0a22e9a19e35191240f32-le64.cache-3
7f77b8095000-7f77b809a000 r--s 00000000 08:16 1843602                    /var/cache/fontconfig/3047814df9a2f067bd2d96a2b9c36e5a-le64.cache-3
7f77b809a000-7f77b809b000 r--s 00000000 08:16 1843607                    /var/cache/fontconfig/56cf4f4769d0f4abc89a4895d7bd3ae1-le64.cache-3
7f77b809b000-7f77b809c000 r--s 00000000 08:16 1843618                    /var/cache/fontconfig/b9d506c9ac06c20b433354fa67a72993-le64.cache-3
7f77b809c000-7f77b80a1000 r--s 00000000 08:16 1843617                    /var/cache/fontconfig/b47c4e1ecd0709278f4910c18777a504-le64.cache-3
7f77b80a1000-7f77b80a9000 r--s 00000000 08:16 1846702                    /var/cache/fontconfig/52f7bdb7ce746bfd7eaa1985bd9cfa93-le64.cache-3
7f77b80a9000-7f77b80b9000 r--s 00000000 08:16 1843622                    /var/cache/fontconfig/d52a8644073d54c13679302ca1180695-le64.cache-3
7f77b80b9000-7f77b80bc000 ---p 00000000 00:00 0 
7f77b80bc000-7f77b81ba000 rw-p 00000000 00:00 0 
7f77b81ba000-7f77b81bf000 r-xp 00000000 08:16 1056023                    /usr/lib/x86_64-linux-gnu/libXfixes.so.3.1.0
7f77b81bf000-7f77b83be000 ---p 00005000 08:16 1056023                    /usr/lib/x86_64-linux-gnu/libXfixes.so.3.1.0
7f77b83be000-7f77b83bf000 r--p 00004000 08:16 1056023                    /usr/lib/x86_64-linux-gnu/libXfixes.so.3.1.0
7f77b83bf000-7f77b83c0000 rw-p 00005000 08:16 1056023                    /usr/lib/x86_64-linux-gnu/libXfixes.so.3.1.0
7f77b83c0000-7f77b83cb000 r-xp 00000000 08:16 1056432                    /usr/lib/x86_64-linux-gnu/libpangocairo-1.0.so.0.3000.0
7f77b83cb000-7f77b85ca000 ---p 0000b000 08:16 1056432                    /usr/lib/x86_64-linux-gnu/libpangocairo-1.0.so.0.3000.0
7f77b85ca000-7f77b85cb000 r--p 0000a000 08:16 1056432                    /usr/lib/x86_64-linux-gnu/libpangocairo-1.0.so.0.3000.0
7f77b85cb000-7f77b85cc000 rw-p 0000b000 08:16 1056432                    /usr/lib/x86_64-linux-gnu/libpangocairo-1.0.so.0.3000.0
7f77b85cc000-7f77b85e9000 r-xp 00000000 08:16 1056607                    /usr/lib/x86_64-linux-gnu/libxcb.so.1.1.0
7f77b85e9000-7f77b87e8000 ---p 0001d000 08:16 1056607                    /usr/lib/x86_64-linux-gnu/libxcb.so.1.1.0
7f77b87e8000-7f77b87e9000 r--p 0001c000 08:16 1056607                    /usr/lib/x86_64-linux-gnu/libxcb.so.1.1.0
7f77b87e9000-7f77b87ea000 rw-p 0001d000 08:16 1056607                    /usr/lib/x86_64-linux-gnu/libxcb.so.1.1.0
7f77b87ea000-7f77b883a000 r-xp 00000000 08:16 1061164                    /usr/lib/x86_64-linux-gnu/libcups.so.2
7f77b883a000-7f77b8a39000 ---p 00050000 08:16 1061164                    /usr/lib/x86_64-linux-gnu/libcups.so.2
7f77b8a39000-7f77b8a3d000 r--p 0004f000 08:16 1061164                    /usr/lib/x86_64-linux-gnu/libcups.so.2
7f77b8a3d000-7f77b8a3e000 rw-p 00053000 08:16 1061164                    /usr/lib/x86_64-linux-gnu/libcups.so.2
7f77b8a3e000-7f77b8b30000 r-xp 00000000 08:16 5246604                    /lib/x86_64-linux-gnu/libglib-2.0.so.0.3200.1
7f77b8b30000-7f77b8d30000 ---p 000f2000 08:16 5246604                    /lib/x86_64-linux-gnu/libglib-2.0.so.0.3200.1
7f77b8d30000-7f77b8d31000 r--p 000f2000 08:16 5246604                    /lib/x86_64-linux-gnu/libglib-2.0.so.0.3200.1
7f77b8d31000-7f77b8d32000 rw-p 000f3000 08:16 5246604                    /lib/x86_64-linux-gnu/libglib-2.0.so.0.3200.1
7f77b8d32000-7f77b8d33000 rw-p 00000000 00:00 0 
7f77b8d33000-7f77b8d34000 r-xp 00000000 08:16 1056309                    /usr/lib/x86_64-linux-gnu/libgthread-2.0.so.0.3200.1
7f77b8d34000-7f77b8f33000 ---p 00001000 08:16 1056309                    /usr/lib/x86_64-linux-gnu/libgthread-2.0.so.0.3200.1
7f77b8f33000-7f77b8f34000 r--p 00000000 08:16 1056309                    /usr/lib/x86_64-linux-gnu/libgthread-2.0.so.0.3200.1
7f77b8f34000-7f77b8f35000 rw-p 00001000 08:16 1056309                    /usr/lib/x86_64-linux-gnu/libgthread-2.0.so.0.3200.1
7f77b8f35000-7f77b8f82000 r-xp 00000000 08:16 1056254                    /usr/lib/x86_64-linux-gnu/libgobject-2.0.so.0.3200.1
7f77b8f82000-7f77b9182000 ---p 0004d000 08:16 1056254                    /usr/lib/x86_64-linux-gnu/libgobject-2.0.so.0.3200.1
7f77b9182000-7f77b9183000 r--p 0004d000 08:16 1056254                    /usr/lib/x86_64-linux-gnu/libgobject-2.0.so.0.3200.1
7f77b9183000-7f77b9184000 rw-p 0004e000 08:16 1056254                    /usr/lib/x86_64-linux-gnu/libgobject-2.0.so.0.3200.1
7f77b9184000-7f77b91b8000 r-xp 00000000 08:16 1056195                    /usr/lib/x86_64-linux-gnu/libfontconfig.so.1.4.4
7f77b91b8000-7f77b93b8000 ---p 00034000 08:16 1056195                    /usr/lib/x86_64-linux-gnu/libfontconfig.so.1.4.4
7f77b93b8000-7f77b93b9000 r--p 00034000 08:16 1056195                    /usr/lib/x86_64-linux-gnu/libfontconfig.so.1.4.4
7f77b93b9000-7f77b93ba000 rw-p 00035000 08:16 1056195                    /usr/lib/x86_64-linux-gnu/libfontconfig.so.1.4.4
7f77b93ba000-7f77b9400000 r-xp 00000000 08:16 1056430                    /usr/lib/x86_64-linux-gnu/libpango-1.0.so.0.3000.0
7f77b9400000-7f77b9600000 ---p 00046000 08:16 1056430                    /usr/lib/x86_64-linux-gnu/libpango-1.0.so.0.3000.0
7f77b9600000-7f77b9602000 r--p 00046000 08:16 1056430                    /usr/lib/x86_64-linux-gnu/libpango-1.0.so.0.3000.0
7f77b9602000-7f77b9603000 rw-p 00048000 08:16 1056430                    /usr/lib/x86_64-linux-gnu/libpango-1.0.so.0.3000.0
7f77b9603000-7f77b9621000 r-xp 00000000 08:16 1056220                    /usr/lib/x86_64-linux-gnu/libgdk_pixbuf-2.0.so.0.2600.1
7f77b9621000-7f77b9821000 ---p 0001e000 08:16 1056220                    /usr/lib/x86_64-linux-gnu/libgdk_pixbuf-2.0.so.0.2600.1
7f77b9821000-7f77b9822000 r--p 0001e000 08:16 1056220                    /usr/lib/x86_64-linux-gnu/libgdk_pixbuf-2.0.so.0.2600.1
7f77b9822000-7f77b9823000 rw-p 0001f000 08:16 1056220                    /usr/lib/x86_64-linux-gnu/libgdk_pixbuf-2.0.so.0.2600.1
7f77b9823000-7f77b996b000 r-xp 00000000 08:16 1056230                    /usr/lib/x86_64-linux-gnu/libgio-2.0.so.0.3200.1
7f77b996b000-7f77b9b6a000 ---p 00148000 08:16 1056230                    /usr/lib/x86_64-linux-gnu/libgio-2.0.so.0.3200.1
7f77b9b6a000-7f77b9b6e000 r--p 00147000 08:16 1056230                    /usr/lib/x86_64-linux-gnu/libgio-2.0.so.0.3200.1
7f77b9b6e000-7f77b9b70000 rw-p 0014b000 08:16 1056230                    /usr/lib/x86_64-linux-gnu/libgio-2.0.so.0.3200.1
7f77b9b70000-7f77b9b72000 rw-p 00000000 00:00 0 
7f77b9b72000-7f77b9c1f000 r-xp 00000000 08:16 1056218                    /usr/lib/x86_64-linux-gnu/libgdk-x11-2.0.so.0.2400.10
7f77b9c1f000-7f77b9e1e000 ---p 000ad000 08:16 1056218                    /usr/lib/x86_64-linux-gnu/libgdk-x11-2.0.so.0.2400.10
7f77b9e1e000-7f77b9e22000 r--p 000ac000 08:16 1056218                    /usr/lib/x86_64-linux-gnu/libgdk-x11-2.0.so.0.2400.10
7f77b9e22000-7f77b9e24000 rw-p 000b0000 08:16 1056218                    /usr/lib/x86_64-linux-gnu/libgdk-x11-2.0.so.0.2400.10
7f77b9e24000-7f77ba251000 r-xp 00000000 08:16 1056313                    /usr/lib/x86_64-linux-gnu/libgtk-x11-2.0.so.0.2400.10
7f77ba251000-7f77ba451000 ---p 0042d000 08:16 1056313                    /usr/lib/x86_64-linux-gnu/libgtk-x11-2.0.so.0.2400.10
7f77ba451000-7f77ba458000 r--p 0042d000 08:16 1056313                    /usr/lib/x86_64-linux-gnu/libgtk-x11-2.0.so.0.2400.10
7f77ba458000-7f77ba45c000 rw-p 00434000 08:16 1056313                    /usr/lib/x86_64-linux-gnu/libgtk-x11-2.0.so.0.2400.10
7f77ba45c000-7f77ba45e000 rw-p 00000000 00:00 0 
7f77ba45e000-7f77ba46c000 r-xp 00000000 08:16 1056027                    /usr/lib/x86_64-linux-gnu/libXi.so.6.1.0
7f77ba46c000-7f77ba66b000 ---p 0000e000 08:16 1056027                    /usr/lib/x86_64-linux-gnu/libXi.so.6.1.0
7f77ba66b000-7f77ba66c000 r--p 0000d000 08:16 1056027                    /usr/lib/x86_64-linux-gnu/libXi.so.6.1.0
7f77ba66c000-7f77ba66d000 rw-p 0000e000 08:16 1056027                    /usr/lib/x86_64-linux-gnu/libXi.so.6.1.0
7f77ba66d000-7f77ba672000 r-xp 00000000 08:16 1056045                    /usr/lib/x86_64-linux-gnu/libXtst.so.6.1.0
7f77ba672000-7f77ba871000 ---p 00005000 08:16 1056045                    /usr/lib/x86_64-linux-gnu/libXtst.so.6.1.0
7f77ba871000-7f77ba872000 r--p 00004000 08:16 1056045                    /usr/lib/x86_64-linux-gnu/libXtst.so.6.1.0
7f77ba872000-7f77ba873000 rw-p 00005000 08:16 1056045                    /usr/lib/x86_64-linux-gnu/libXtst.so.6.1.0
7f77ba873000-7f77ba87c000 r-xp 00000000 08:16 1056041                    /usr/lib/x86_64-linux-gnu/libXrender.so.1.3.0
7f77ba87c000-7f77baa7b000 ---p 00009000 08:16 1056041                    /usr/lib/x86_64-linux-gnu/libXrender.so.1.3.0
7f77baa7b000-7f77baa7c000 r--p 00008000 08:16 1056041                    /usr/lib/x86_64-linux-gnu/libXrender.so.1.3.0
7f77baa7c000-7f77baa7d000 rw-p 00009000 08:16 1056041                    /usr/lib/x86_64-linux-gnu/libXrender.so.1.3.0
7f77baa7d000-7f77babac000 r-xp 00000000 08:16 1056006                    /usr/lib/x86_64-linux-gnu/libX11.so.6.3.0
7f77babac000-7f77badac000 ---p 0012f000 08:16 1056006                    /usr/lib/x86_64-linux-gnu/libX11.so.6.3.0
7f77badac000-7f77badad000 r--p 0012f000 08:16 1056006                    /usr/lib/x86_64-linux-gnu/libX11.so.6.3.0
7f77badad000-7f77badb1000 rw-p 00130000 08:16 1056006                    /usr/lib/x86_64-linux-gnu/libX11.so.6.3.0
7f77badb1000-7f77badc1000 r-xp 00000000 08:16 1056021                    /usr/lib/x86_64-linux-gnu/libXext.so.6.4.0
7f77badc1000-7f77bafc0000 ---p 00010000 08:16 1056021                    /usr/lib/x86_64-linux-gnu/libXext.so.6.4.0
7f77bafc0000-7f77bafc1000 r--p 0000f000 08:16 1056021                    /usr/lib/x86_64-linux-gnu/libXext.so.6.4.0
7f77bafc1000-7f77bafc2000 rw-p 00010000 08:16 1056021                    /usr/lib/x86_64-linux-gnu/libXext.so.6.4.0
7f77bafc5000-7f77bafc6000 rw-p 00000000 00:00 0 
7f77bafc6000-7f77bafc8000 rw-s 19074000 00:05 9165                       /dev/ati/card0
7f77bafc8000-7f77bafce000 r--s 00000000 08:16 1846508                    /var/cache/fontconfig/3f7329c5293ffd510edef78f73874cfd-le64.cache-3
7f77bafce000-7f77bafd1000 r--s 00000000 08:16 1842402                    /var/cache/fontconfig/e13b20fdb08344e0e664864cc2ede53d-le64.cache-3
7f77bafd1000-7f77bafd5000 r--s 00000000 08:16 1846742                    /var/cache/fontconfig/7ef2298fde41cc6eeb7af42e48b7d293-le64.cache-3
7f77bafd5000-7f77bafde000 r--s 00263000 08:16 1050329                    /usr/lib/jvm/java-7-openjdk-common/jre/lib/resources.jar
7f77bafde000-7f77bb034000 r-xp 00000000 08:16 3544819                    /usr/lib/jvm/java-7-openjdk-amd64/jre/lib/amd64/xawt/libmawt.so
7f77bb034000-7f77bb233000 ---p 00056000 08:16 3544819                    /usr/lib/jvm/java-7-openjdk-amd64/jre/lib/amd64/xawt/libmawt.so
7f77bb233000-7f77bb234000 r--p 00055000 08:16 3544819                    /usr/lib/jvm/java-7-openjdk-amd64/jre/lib/amd64/xawt/libmawt.so
7f77bb234000-7f77bb237000 rw-p 00056000 08:16 3544819                    /usr/lib/jvm/java-7-openjdk-amd64/jre/lib/amd64/xawt/libmawt.so
7f77bb237000-7f77bb238000 rw-p 00000000 00:00 0 
7f77bb238000-7f77bb2e6000 r-xp 00000000 08:16 3544588                    /usr/lib/jvm/java-7-openjdk-amd64/jre/lib/amd64/libawt.so
7f77bb2e6000-7f77bb4e5000 ---p 000ae000 08:16 3544588                    /usr/lib/jvm/java-7-openjdk-amd64/jre/lib/amd64/libawt.so
7f77bb4e5000-7f77bb4e6000 r--p 000ad000 08:16 3544588                    /usr/lib/jvm/java-7-openjdk-amd64/jre/lib/amd64/libawt.so
7f77bb4e6000-7f77bb4f1000 rw-p 000ae000 08:16 3544588                    /usr/lib/jvm/java-7-openjdk-amd64/jre/lib/amd64/libawt.so
7f77bb4f1000-7f77bb516000 rw-p 00000000 00:00 0 
7f77bb516000-7f77bb519000 r--s 0001a000 08:16 3677188                    /home/relissa/jmonkeyplatform/jmonkeyplatform/libs/xmlpull-xpp3.jar
7f77bb519000-7f77bb51a000 ---p 00000000 00:00 0 
7f77bb51a000-7f77bb61a000 rw-p 00000000 00:00 0 
7f77bb61a000-7f77bb61d000 ---p 00000000 00:00 0 
7f77bb61d000-7f77bb71b000 rw-p 00000000 00:00 0 
7f77bb71b000-7f77bb71e000 ---p 00000000 00:00 0 
7f77bb71e000-7f77bb81c000 rw-p 00000000 00:00 0 
7f77bb81c000-7f77bb81f000 ---p 00000000 00:00 0 
7f77bb81f000-7f77bb91d000 rw-p 00000000 00:00 0 
7f77bb91d000-7f77bc000000 r--p 00000000 08:16 1055298                    /usr/lib/locale/locale-archive
7f77bc000000-7f77bc021000 rw-p 00000000 00:00 0 
7f77bc021000-7f77c0000000 ---p 00000000 00:00 0 
7f77c0000000-7f77c0021000 rw-p 00000000 00:00 0 
7f77c0021000-7f77c4000000 ---p 00000000 00:00 0 
7f77c4000000-7f77c4021000 rw-p 00000000 00:00 0 
7f77c4021000-7f77c8000000 ---p 00000000 00:00 0 
7f77c8000000-7f77c8001000 rw-s 19077000 00:05 9165                       /dev/ati/card0
7f77c8001000-7f77c8002000 r--s 00006000 08:16 3676784                    /home/relissa/jmonkeyplatform/jmonkeyplatform/libs/noise-0.0.1-SNAPSHOT.jar
7f77c8002000-7f77c8004000 r--s 0003c000 08:16 3677429                    /home/relissa/jmonkeyplatform/jmonkeyplatform/libs/vecmath.jar
7f77c8004000-7f77c8005000 r--s 0000b000 08:16 3677222                    /home/relissa/jmonkeyplatform/jmonkeyplatform/libs/stack-alloc.jar
7f77c8005000-7f77c8007000 r--s 0000d000 08:16 3676956                    /home/relissa/jmonkeyplatform/jmonkeyplatform/libs/nifty-style-black.jar
7f77c8007000-7f77c800d000 r--s 00030000 08:16 3676642                    /home/relissa/jmonkeyplatform/jmonkeyplatform/libs/nifty-default-controls.jar
7f77c800d000-7f77c8017000 r--s 0006a000 08:16 3677370                    /home/relissa/jmonkeyplatform/jmonkeyplatform/libs/nifty.jar
7f77c8017000-7f77c8019000 r--s 00012000 08:16 3677292                    /home/relissa/jmonkeyplatform/jmonkeyplatform/libs/eventbus.jar
7f77c8019000-7f77c8026000 r--s 000d2000 08:16 3677369                    /home/relissa/jmonkeyplatform/jmonkeyplatform/libs/lwjgl.jar
7f77c8026000-7f77c802a000 r--s 00030000 08:16 3677346                    /home/relissa/jmonkeyplatform/jmonkeyplatform/libs/jinput.jar
7f77c802a000-7f77c8034000 r--s 00079000 08:16 3677317                    /home/relissa/jmonkeyplatform/jmonkeyplatform/libs/jbullet.jar
7f77c8034000-7f77c8035000 r--s 001f3000 08:16 3676914                    /home/relissa/jmonkeyplatform/jmonkeyplatform/libs/jME3-lwjgl-natives.jar
7f77c8035000-7f77c8038000 ---p 00000000 00:00 0 
7f77c8038000-7f77c8136000 rw-p 00000000 00:00 0 
7f77c8136000-7f77c8139000 ---p 00000000 00:00 0 
7f77c8139000-7f77c8237000 rw-p 00000000 00:00 0 
7f77c8237000-7f77c823a000 ---p 00000000 00:00 0 
7f77c823a000-7f77c8338000 rw-p 00000000 00:00 0 
7f77c8338000-7f77c8339000 ---p 00000000 00:00 0 
7f77c8339000-7f77c87a8000 rw-p 00000000 00:00 0 
7f77c87a8000-7f77c8957000 r--s 03e91000 08:16 3544596                    /usr/lib/jvm/java-7-openjdk-amd64/jre/lib/rt.jar
7f77c8957000-7f77c897f000 rw-p 00000000 00:00 0 
7f77c897f000-7f77c8980000 ---p 00000000 00:00 0 
7f77c8980000-7f77c8a80000 rw-p 00000000 00:00 0 
7f77c8a80000-7f77c8a81000 ---p 00000000 00:00 0 
7f77c8a81000-7f77c8b8c000 rw-p 00000000 00:00 0 
7f77c8b8c000-7f77c8bd4000 rw-p 00000000 00:00 0 
7f77c8bd4000-7f77c8bdf000 rw-p 00000000 00:00 0 
7f77c8bdf000-7f77c8c27000 rw-p 00000000 00:00 0 
7f77c8c27000-7f77c8c3b000 rw-p 00000000 00:00 0 
7f77c8c3b000-7f77c8d5b000 rw-p 00000000 00:00 0 
7f77c8d5b000-7f77c8d66000 rw-p 00000000 00:00 0 
7f77c8d66000-7f77c8df6000 rw-p 00000000 00:00 0 
7f77c8df6000-7f77c8df7000 rw-p 00000000 00:00 0 
7f77c8df7000-7f77c9067000 rwxp 00000000 00:00 0 
7f77c9067000-7f77cbdf7000 rw-p 00000000 00:00 0 
7f77cbdf7000-7f77cbdff000 r-xp 00000000 08:16 3544581                    /usr/lib/jvm/java-7-openjdk-amd64/jre/lib/amd64/libzip.so
7f77cbdff000-7f77cbffe000 ---p 00008000 08:16 3544581                    /usr/lib/jvm/java-7-openjdk-amd64/jre/lib/amd64/libzip.so
7f77cbffe000-7f77cbfff000 r--p 00007000 08:16 3544581                    /usr/lib/jvm/java-7-openjdk-amd64/jre/lib/amd64/libzip.so
7f77cbfff000-7f77cc000000 rw-p 00008000 08:16 3544581                    /usr/lib/jvm/java-7-openjdk-amd64/jre/lib/amd64/libzip.so
7f77cc000000-7f77cc355000 rw-p 00000000 00:00 0 
7f77cc355000-7f77d0000000 ---p 00000000 00:00 0 
7f77d0000000-7f77d0003000 r--s 00020000 08:16 3677185                    /home/relissa/jmonkeyplatform/jmonkeyplatform/libs/jME3-jbullet.jar
7f77d0003000-7f77d0017000 rw-p 00000000 00:00 0 
7f77d0017000-7f77d0138000 rw-p 00000000 00:00 0 
7f77d0138000-7f77d0144000 r-xp 00000000 08:16 5246630                    /lib/x86_64-linux-gnu/libnss_files-2.15.so
7f77d0144000-7f77d0343000 ---p 0000c000 08:16 5246630                    /lib/x86_64-linux-gnu/libnss_files-2.15.so
7f77d0343000-7f77d0344000 r--p 0000b000 08:16 5246630                    /lib/x86_64-linux-gnu/libnss_files-2.15.so
7f77d0344000-7f77d0345000 rw-p 0000c000 08:16 5246630                    /lib/x86_64-linux-gnu/libnss_files-2.15.so
7f77d0345000-7f77d034f000 r-xp 00000000 08:16 5246634                    /lib/x86_64-linux-gnu/libnss_nis-2.15.so
7f77d034f000-7f77d054f000 ---p 0000a000 08:16 5246634                    /lib/x86_64-linux-gnu/libnss_nis-2.15.so
7f77d054f000-7f77d0550000 r--p 0000a000 08:16 5246634                    /lib/x86_64-linux-gnu/libnss_nis-2.15.so
7f77d0550000-7f77d0551000 rw-p 0000b000 08:16 5246634                    /lib/x86_64-linux-gnu/libnss_nis-2.15.so
7f77d0551000-7f77d0568000 r-xp 00000000 08:16 5246624                    /lib/x86_64-linux-gnu/libnsl-2.15.so
7f77d0568000-7f77d0767000 ---p 00017000 08:16 5246624                    /lib/x86_64-linux-gnu/libnsl-2.15.so
7f77d0767000-7f77d0768000 r--p 00016000 08:16 5246624                    /lib/x86_64-linux-gnu/libnsl-2.15.so
7f77d0768000-7f77d0769000 rw-p 00017000 08:16 5246624                    /lib/x86_64-linux-gnu/libnsl-2.15.so
7f77d0769000-7f77d076b000 rw-p 00000000 00:00 0 
7f77d076b000-7f77d0773000 r-xp 00000000 08:16 5246626                    /lib/x86_64-linux-gnu/libnss_compat-2.15.so
7f77d0773000-7f77d0972000 ---p 00008000 08:16 5246626                    /lib/x86_64-linux-gnu/libnss_compat-2.15.so
7f77d0972000-7f77d0973000 r--p 00007000 08:16 5246626                    /lib/x86_64-linux-gnu/libnss_compat-2.15.so
7f77d0973000-7f77d0974000 rw-p 00008000 08:16 5246626                    /lib/x86_64-linux-gnu/libnss_compat-2.15.so
7f77d0974000-7f77d099b000 r-xp 00000000 08:16 3544563                    /usr/lib/jvm/java-7-openjdk-amd64/jre/lib/amd64/libjava.so
7f77d099b000-7f77d0b9a000 ---p 00027000 08:16 3544563                    /usr/lib/jvm/java-7-openjdk-amd64/jre/lib/amd64/libjava.so
7f77d0b9a000-7f77d0b9b000 r--p 00026000 08:16 3544563                    /usr/lib/jvm/java-7-openjdk-amd64/jre/lib/amd64/libjava.so
7f77d0b9b000-7f77d0b9d000 rw-p 00027000 08:16 3544563                    /usr/lib/jvm/java-7-openjdk-amd64/jre/lib/amd64/libjava.so
7f77d0b9d000-7f77d0bab000 r-xp 00000000 08:16 3544574                    /usr/lib/jvm/java-7-openjdk-amd64/jre/lib/amd64/libverify.so
7f77d0bab000-7f77d0daa000 ---p 0000e000 08:16 3544574                    /usr/lib/jvm/java-7-openjdk-amd64/jre/lib/amd64/libverify.so
7f77d0daa000-7f77d0dac000 r--p 0000d000 08:16 3544574                    /usr/lib/jvm/java-7-openjdk-amd64/jre/lib/amd64/libverify.so
7f77d0dac000-7f77d0dad000 rw-p 0000f000 08:16 3544574                    /usr/lib/jvm/java-7-openjdk-amd64/jre/lib/amd64/libverify.so
7f77d0dad000-7f77d0db4000 r-xp 00000000 08:16 5246665                    /lib/x86_64-linux-gnu/librt-2.15.so
7f77d0db4000-7f77d0fb3000 ---p 00007000 08:16 5246665                    /lib/x86_64-linux-gnu/librt-2.15.so
7f77d0fb3000-7f77d0fb4000 r--p 00006000 08:16 5246665                    /lib/x86_64-linux-gnu/librt-2.15.so
7f77d0fb4000-7f77d0fb5000 rw-p 00007000 08:16 5246665                    /lib/x86_64-linux-gnu/librt-2.15.so
7f77d0fb5000-7f77d0fca000 r-xp 00000000 08:16 5246600                    /lib/x86_64-linux-gnu/libgcc_s.so.1
7f77d0fca000-7f77d11c9000 ---p 00015000 08:16 5246600                    /lib/x86_64-linux-gnu/libgcc_s.so.1
7f77d11c9000-7f77d11ca000 r--p 00014000 08:16 5246600                    /lib/x86_64-linux-gnu/libgcc_s.so.1
7f77d11ca000-7f77d11cb000 rw-p 00015000 08:16 5246600                    /lib/x86_64-linux-gnu/libgcc_s.so.1
7f77d11cb000-7f77d12c4000 r-xp 00000000 08:16 5246611                    /lib/x86_64-linux-gnu/libm-2.15.so
7f77d12c4000-7f77d14c3000 ---p 000f9000 08:16 5246611                    /lib/x86_64-linux-gnu/libm-2.15.so
7f77d14c3000-7f77d14c4000 r--p 000f8000 08:16 5246611                    /lib/x86_64-linux-gnu/libm-2.15.so
7f77d14c4000-7f77d14c5000 rw-p 000f9000 08:16 5246611                    /lib/x86_64-linux-gnu/libm-2.15.so
7f77d14c5000-7f77d15a7000 r-xp 00000000 08:16 1056535                    /usr/lib/x86_64-linux-gnu/libstdc++.so.6.0.16
7f77d15a7000-7f77d17a6000 ---p 000e2000 08:16 1056535                    /usr/lib/x86_64-linux-gnu/libstdc++.so.6.0.16
7f77d17a6000-7f77d17ae000 r--p 000e1000 08:16 1056535                    /usr/lib/x86_64-linux-gnu/libstdc++.so.6.0.16
7f77d17ae000-7f77d17b0000 rw-p 000e9000 08:16 1056535                    /usr/lib/x86_64-linux-gnu/libstdc++.so.6.0.16
7f77d17b0000-7f77d17c5000 rw-p 00000000 00:00 0 
7f77d17c5000-7f77d2158000 r-xp 00000000 08:16 3544559                    /usr/lib/jvm/java-7-openjdk-amd64/jre/lib/amd64/server/libjvm.so
7f77d2158000-7f77d2358000 ---p 00993000 08:16 3544559                    /usr/lib/jvm/java-7-openjdk-amd64/jre/lib/amd64/server/libjvm.so
7f77d2358000-7f77d23d2000 r--p 00993000 08:16 3544559                    /usr/lib/jvm/java-7-openjdk-amd64/jre/lib/amd64/server/libjvm.so
7f77d23d2000-7f77d23f4000 rw-p 00a0d000 08:16 3544559                    /usr/lib/jvm/java-7-openjdk-amd64/jre/lib/amd64/server/libjvm.so
7f77d23f4000-7f77d241f000 rw-p 00000000 00:00 0 
7f77d241f000-7f77d2437000 r-xp 00000000 08:16 5246659                    /lib/x86_64-linux-gnu/libpthread-2.15.so
7f77d2437000-7f77d2636000 ---p 00018000 08:16 5246659                    /lib/x86_64-linux-gnu/libpthread-2.15.so
7f77d2636000-7f77d2637000 r--p 00017000 08:16 5246659                    /lib/x86_64-linux-gnu/libpthread-2.15.so
7f77d2637000-7f77d2638000 rw-p 00018000 08:16 5246659                    /lib/x86_64-linux-gnu/libpthread-2.15.so
7f77d2638000-7f77d263c000 rw-p 00000000 00:00 0 
7f77d263c000-7f77d2652000 r-xp 00000000 08:16 5246690                    /lib/x86_64-linux-gnu/libz.so.1.2.3.4
7f77d2652000-7f77d2851000 ---p 00016000 08:16 5246690                    /lib/x86_64-linux-gnu/libz.so.1.2.3.4
7f77d2851000-7f77d2852000 r--p 00015000 08:16 5246690                    /lib/x86_64-linux-gnu/libz.so.1.2.3.4
7f77d2852000-7f77d2853000 rw-p 00016000 08:16 5246690                    /lib/x86_64-linux-gnu/libz.so.1.2.3.4
7f77d2853000-7f77d2855000 r-xp 00000000 08:16 5246592                    /lib/x86_64-linux-gnu/libdl-2.15.so
7f77d2855000-7f77d2a55000 ---p 00002000 08:16 5246592                    /lib/x86_64-linux-gnu/libdl-2.15.so
7f77d2a55000-7f77d2a56000 r--p 00002000 08:16 5246592                    /lib/x86_64-linux-gnu/libdl-2.15.so
7f77d2a56000-7f77d2a57000 rw-p 00003000 08:16 5246592                    /lib/x86_64-linux-gnu/libdl-2.15.so
7f77d2a57000-7f77d2c0a000 r-xp 00000000 08:16 5246579                    /lib/x86_64-linux-gnu/libc-2.15.so
7f77d2c0a000-7f77d2e09000 ---p 001b3000 08:16 5246579                    /lib/x86_64-linux-gnu/libc-2.15.so
7f77d2e09000-7f77d2e0d000 r--p 001b2000 08:16 5246579                    /lib/x86_64-linux-gnu/libc-2.15.so
7f77d2e0d000-7f77d2e0f000 rw-p 001b6000 08:16 5246579                    /lib/x86_64-linux-gnu/libc-2.15.so
7f77d2e0f000-7f77d2e14000 rw-p 00000000 00:00 0 
7f77d2e14000-7f77d2e20000 r-xp 00000000 08:16 3544565                    /usr/lib/jvm/java-7-openjdk-amd64/jre/lib/amd64/jli/libjli.so
7f77d2e20000-7f77d3020000 ---p 0000c000 08:16 3544565                    /usr/lib/jvm/java-7-openjdk-amd64/jre/lib/amd64/jli/libjli.so
7f77d3020000-7f77d3021000 r--p 0000c000 08:16 3544565                    /usr/lib/jvm/java-7-openjdk-amd64/jre/lib/amd64/jli/libjli.so
7f77d3021000-7f77d3022000 rw-p 0000d000 08:16 3544565                    /usr/lib/jvm/java-7-openjdk-amd64/jre/lib/amd64/jli/libjli.so
7f77d3022000-7f77d3044000 r-xp 00000000 08:16 5246559                    /lib/x86_64-linux-gnu/ld-2.15.so
7f77d3044000-7f77d3045000 r--s 00009000 08:16 3677159                    /home/relissa/jmonkeyplatform/jmonkeyplatform/libs/j-ogg-vorbisd.jar
7f77d3045000-7f77d3060000 r--s 00228000 08:16 3677111                    /home/relissa/jmonkeyplatform/jmonkeyplatform/libs/jMonkeyEngine3.jar
7f77d3060000-7f77d306a000 rw-p 00000000 00:00 0 
7f77d306a000-7f77d3120000 rw-p 00000000 00:00 0 
7f77d3120000-7f77d3123000 ---p 00000000 00:00 0 
7f77d3123000-7f77d3226000 rw-p 00000000 00:00 0 
7f77d3226000-7f77d3228000 r--s 00005000 08:16 3677249                    /home/relissa/jmonkeyplatform/jmonkeyplatform/libs/j-ogg-oggd.jar
7f77d3228000-7f77d322b000 r--s 00032000 08:16 1050313                    /usr/lib/jvm/java-7-openjdk-common/jre/lib/ext/sunjce_provider.jar
7f77d322b000-7f77d322d000 r--s 00012000 08:16 1050314                    /usr/lib/jvm/java-7-openjdk-common/jre/lib/ext/zipfs.jar
7f77d322d000-7f77d322e000 r--s 00002000 08:16 1050311                    /usr/lib/jvm/java-7-openjdk-common/jre/lib/ext/dnsns.jar
7f77d322e000-7f77d3231000 r--s 00085000 08:16 1050312                    /usr/lib/jvm/java-7-openjdk-common/jre/lib/ext/localedata.jar
7f77d3231000-7f77d3234000 r--s 0000f000 08:16 1050315                    /usr/lib/jvm/java-7-openjdk-common/jre/lib/ext/pulse-java.jar
7f77d3234000-7f77d3235000 r--s 00007000 08:16 1453403                    /usr/share/java/java-atk-wrapper.jar
7f77d3235000-7f77d3238000 r--s 0003c000 08:16 1050310                    /usr/lib/jvm/java-7-openjdk-common/jre/lib/ext/sunpkcs11.jar
7f77d3238000-7f77d3240000 rw-s 00000000 08:16 4063324                    /tmp/hsperfdata_relissa/8351 (deleted)
7f77d3240000-7f77d3241000 rw-p 00000000 00:00 0 
7f77d3241000-7f77d3242000 ---p 00000000 00:00 0 
7f77d3242000-7f77d3244000 rw-p 00000000 00:00 0 
7f77d3244000-7f77d3245000 r--p 00022000 08:16 5246559                    /lib/x86_64-linux-gnu/ld-2.15.so
7f77d3245000-7f77d3247000 rw-p 00023000 08:16 5246559                    /lib/x86_64-linux-gnu/ld-2.15.so
7fffae14a000-7fffae16b000 rw-p 00000000 00:00 0                          [stack]
7fffae1ff000-7fffae200000 r-xp 00000000 00:00 0                          [vdso]
ffffffffff600000-ffffffffff601000 r-xp 00000000 00:00 0                  [vsyscall]

VM Arguments:
jvm_args: -Dfile.encoding=UTF-8 
java_command: OCLP.Main
Launcher Type: SUN_STANDARD

Environment Variables:
PATH=/usr/lib/lightdm/lightdm:/usr/local/sbin:/usr/local/bin:/usr/sbin:/usr/bin:/sbin:/bin:/usr/games
SHELL=/bin/bash
DISPLAY=:0

Signal Handlers:
SIGSEGV: [libjvm.so+0x8065e0], sa_mask[0]=0x7ffbfeff, sa_flags=0x10000004
SIGBUS: [libjvm.so+0x8065e0], sa_mask[0]=0x7ffbfeff, sa_flags=0x10000004
SIGFPE: [libjvm.so+0x6ac6d0], sa_mask[0]=0x7ffbfeff, sa_flags=0x10000004
SIGPIPE: [libjvm.so+0x6ac6d0], sa_mask[0]=0x7ffbfeff, sa_flags=0x10000004
SIGXFSZ: [libjvm.so+0x6ac6d0], sa_mask[0]=0x7ffbfeff, sa_flags=0x10000004
SIGILL: [libjvm.so+0x6ac6d0], sa_mask[0]=0x7ffbfeff, sa_flags=0x10000004
SIGUSR1: SIG_DFL, sa_mask[0]=0x00000000, sa_flags=0x00000000
SIGUSR2: [libjvm.so+0x6acaa0], sa_mask[0]=0x00000004, sa_flags=0x10000004
SIGHUP: [libjvm.so+0x6acbe0], sa_mask[0]=0x7ffbfeff, sa_flags=0x10000004
SIGINT: SIG_IGN, sa_mask[0]=0x00000000, sa_flags=0x00000000
SIGTERM: [libjvm.so+0x6acbe0], sa_mask[0]=0x7ffbfeff, sa_flags=0x10000004
SIGQUIT: [libjvm.so+0x6acbe0], sa_mask[0]=0x7ffbfeff, sa_flags=0x10000004


---------------  S Y S T E M  ---------------

OS:Ubuntu 12.04 (precise)
uname:Linux 3.2.0-24-generic #39-Ubuntu SMP Mon May 21 16:52:17 UTC 2012 x86_64
libc:glibc 2.15 NPTL 2.15 
rlimit: STACK 8192k, CORE 0k, NPROC 28916, NOFILE 4096, AS infinity
load average:1.97 1.64 1.47

/proc/meminfo:
MemTotal:        3791568 kB
MemFree:          853772 kB
Buffers:          132092 kB
Cached:          1272296 kB
SwapCached:          448 kB
Active:          1644732 kB
Inactive:         958212 kB
Active(anon):     979576 kB
Inactive(anon):   231448 kB
Active(file):     665156 kB
Inactive(file):   726764 kB
Unevictable:           0 kB
Mlocked:               0 kB
SwapTotal:        999420 kB
SwapFree:         997980 kB
Dirty:               408 kB
Writeback:             0 kB
AnonPages:       1198244 kB
Mapped:           215792 kB
Shmem:             12468 kB
Slab:             144320 kB
SReclaimable:     118284 kB
SUnreclaim:        26036 kB
KernelStack:        3056 kB
PageTables:        30996 kB
NFS_Unstable:          0 kB
Bounce:                0 kB
WritebackTmp:          0 kB
CommitLimit:     2895204 kB
Committed_AS:    2734796 kB
VmallocTotal:   34359738367 kB
VmallocUsed:      300648 kB
VmallocChunk:   34359435432 kB
HardwareCorrupted:     0 kB
AnonHugePages:         0 kB
HugePages_Total:       0
HugePages_Free:        0
HugePages_Rsvd:        0
HugePages_Surp:        0
Hugepagesize:       2048 kB
DirectMap4k:     3659264 kB
DirectMap2M:      272384 kB
DirectMap1G:           0 kB


CPU:total 2 (2 cores per cpu, 1 threads per core) family 16 model 6 stepping 2, cmov, cx8, fxsr, mmx, sse, sse2, sse3, popcnt, mmxext, 3dnowpref, lzcnt, sse4a

/proc/cpuinfo:
processor	: 0
vendor_id	: AuthenticAMD
cpu family	: 16
model		: 6
model name	: AMD Athlon(tm) II X2 215 Processor
stepping	: 2
microcode	: 0x100009f
cpu MHz		: 2700.000
cache size	: 512 KB
physical id	: 0
siblings	: 2
core id		: 0
cpu cores	: 2
apicid		: 0
initial apicid	: 0
fpu		: yes
fpu_exception	: yes
cpuid level	: 5
wp		: yes
flags		: fpu vme de pse tsc msr pae mce cx8 apic sep mtrr pge mca cmov pat pse36 clflush mmx fxsr sse sse2 ht syscall nx mmxext fxsr_opt pdpe1gb rdtscp lm 3dnowext 3dnow constant_tsc rep_good nopl nonstop_tsc extd_apicid pni monitor cx16 popcnt lahf_lm cmp_legacy svm extapic cr8_legacy abm sse4a misalignsse 3dnowprefetch osvw ibs skinit wdt npt lbrv svm_lock nrip_save
bogomips	: 5400.31
TLB size	: 1024 4K pages
clflush size	: 64
cache_alignment	: 64
address sizes	: 48 bits physical, 48 bits virtual
power management: ts ttp tm stc 100mhzsteps hwpstate

processor	: 1
vendor_id	: AuthenticAMD
cpu family	: 16
model		: 6
model name	: AMD Athlon(tm) II X2 215 Processor
stepping	: 2
microcode	: 0x100009f
cpu MHz		: 2700.000
cache size	: 512 KB
physical id	: 0
siblings	: 2
core id		: 1
cpu cores	: 2
apicid		: 1
initial apicid	: 1
fpu		: yes
fpu_exception	: yes
cpuid level	: 5
wp		: yes
flags		: fpu vme de pse tsc msr pae mce cx8 apic sep mtrr pge mca cmov pat pse36 clflush mmx fxsr sse sse2 ht syscall nx mmxext fxsr_opt pdpe1gb rdtscp lm 3dnowext 3dnow constant_tsc rep_good nopl nonstop_tsc extd_apicid pni monitor cx16 popcnt lahf_lm cmp_legacy svm extapic cr8_legacy abm sse4a misalignsse 3dnowprefetch osvw ibs skinit wdt npt lbrv svm_lock nrip_save
bogomips	: 5386.51
TLB size	: 1024 4K pages
clflush size	: 64
cache_alignment	: 64
address sizes	: 48 bits physical, 48 bits virtual
power management: ts ttp tm stc 100mhzsteps hwpstate



Memory: 4k page, physical 3791568k(853772k free), swap 999420k(997980k free)

vm_info: OpenJDK 64-Bit Server VM (22.0-b10) for linux-amd64 JRE (1.7.0_03-b147), built on May  2 2012 16:57:58 by "buildd" with gcc 4.6.3

time: Sat Jun  9 12:37:29 2012
elapsed time: 5 seconds

