#
# A fatal error has been detected by the Java Runtime Environment:
#
#  SIGSEGV (0xb) at pc=0x00007f5ba2bd0c58, pid=8561, tid=140031960323840
#
# JRE version: 7.0_03-b147
# Java VM: OpenJDK 64-Bit Server VM (22.0-b10 mixed mode linux-amd64 compressed oops)
# Derivative: IcedTea7 2.1.1pre
# Distribution: Ubuntu 12.04 LTS, package 7~u3-2.1.1~pre1-1ubuntu3
# Problematic frame:
# C  [libX11.so.6+0x33c58]  XQueryExtension+0x28
#
# Failed to write core dump. Core dumps have been disabled. To enable core dumping, try "ulimit -c unlimited" before starting Java again
#
# If you would like to submit a bug report, please include
# instructions on how to reproduce the bug and visit:
#   https://bugs.launchpad.net/ubuntu/+source/openjdk-7/
#

---------------  T H R E A D  ---------------

Current thread is native thread

siginfo:si_signo=SIGSEGV: si_errno=0, si_code=1 (SEGV_MAPERR), si_addr=0x000000006827c8b8

Registers:
RAX=0x000000000241fba0, RBX=0x000000006827bf50, RCX=0x00007ffff8bd4c98, RDX=0x00007ffff8bd4c94
RSP=0x00007ffff8bd4c30, RBP=0x00007f5b7e0d5932, RSI=0x00007f5b7e0d5932, RDI=0x000000006827bf50
R8 =0x00007ffff8bd4c9c, R9 =0x0000000000000000, R10=0x00007f5bbaff7fa8, R11=0x00007f5bbac79ca0
R12=0x0000000000000000, R13=0x00007f5b7e0d5932, R14=0x000000000241fba0, R15=0x0000000000000000
RIP=0x00007f5ba2bd0c58, EFLAGS=0x0000000000010206, CSGSFS=0x0000000000000033, ERR=0x0000000000000004
  TRAPNO=0x000000000000000e

Top of Stack: (sp=0x00007ffff8bd4c30)
0x00007ffff8bd4c30:   00007f5bbac4c790 00007f5bbb40c000
0x00007ffff8bd4c40:   00007f5bba608070 00007f5bbb40b000
0x00007ffff8bd4c50:   00000000ffffffff 000000006827bf50
0x00007ffff8bd4c60:   00007f5b7e0d5932 0000000000000000
0x00007ffff8bd4c70:   00007f5b7e0d5932 000000000241fba0
0x00007ffff8bd4c80:   0000000000000000 00007f5ba2bc4c55
0x00007ffff8bd4c90:   00007f5bbb42c048 00007f5b7e20e520
0x00007ffff8bd4ca0:   00007f5b7e20e520 000000006827bf50
0x00007ffff8bd4cb0:   00007f5b68118980 00007f5ba2ede02b
0x00007ffff8bd4cc0:   00007f5bbac4c790 0000001100000061
0x00007ffff8bd4cd0:   00007ffff8bd4d50 0000000000000000
0x00007ffff8bd4ce0:   00007ffff8bd4d50 000000006827bf50
0x00007ffff8bd4cf0:   0000000000000000 00007f5bbb42c048
0x00007ffff8bd4d00:   00007f5b7e227d50 00007f5b7e07c119
0x00007ffff8bd4d10:   0000000000000000 0000000000000061
0x00007ffff8bd4d20:   00007ffff8bd4d50 00007ffff8bd4d70
0x00007ffff8bd4d30:   0000000000000000 00007f5bbb42c048
0x00007ffff8bd4d40:   00007f5b6827eba0 00007f5b7e072b42
0x00007ffff8bd4d50:   00007ffff8bd50f0 00007f5b7e0d58b1
0x00007ffff8bd4d60:   0000000000000061 00007f5bbb21892d
0x00007ffff8bd4d70:   00007f5bbb42d2c8 00007f5bbb42d858
0x00007ffff8bd4d80:   00007f5bbb42a6a8 00007f5bb4006570
0x00007ffff8bd4d90:   00007f5bb4007080 00007f5bb4007580
0x00007ffff8bd4da0:   00007f5bb400c260 00007f5b681a1c00
0x00007ffff8bd4db0:   00007f5b68200ff0 00007f5b681c1c80
0x00007ffff8bd4dc0:   00007f5b6825af70 00007f5b6825c0b0
0x00007ffff8bd4dd0:   00007f5bb41cafb0 00007f5bb41cfe10
0x00007ffff8bd4de0:   00007f5bb41d7520 00007f5bb41d6ff0
0x00007ffff8bd4df0:   00007f5bb41d6ad0 00007f5bb41dbea0
0x00007ffff8bd4e00:   00007f5bb41db990 00007f5bb41dd1f0
0x00007ffff8bd4e10:   00007f5bb41db490 00007f5bb41d65a0
0x00007ffff8bd4e20:   00007f5bb41d9fc0 00007f5bb41dcb60 

Instructions: (pc=0x00007f5ba2bd0c58)
0x00007f5ba2bd0c38:   24 d8 48 89 fb 4c 89 64 24 e0 4c 89 6c 24 e8 48
0x00007f5ba2bd0c48:   89 f5 4c 89 74 24 f0 4c 89 7c 24 f8 48 83 ec 58
0x00007f5ba2bd0c58:   48 8b 87 68 09 00 00 49 89 d4 49 89 cd 4d 89 c6
0x00007f5ba2bd0c68:   48 85 c0 74 02 ff 10 ba 08 00 00 00 be 62 00 00 

Register to memory mapping:

RAX=0x000000000241fba0 is an unknown value
RBX=0x000000006827bf50 is an unknown value
RCX=0x00007ffff8bd4c98 is an unknown value
RDX=0x00007ffff8bd4c94 is an unknown value
RSP=0x00007ffff8bd4c30 is an unknown value
RBP=0x00007f5b7e0d5932: <offset 0x96932> in /usr/lib/fglrx/libGL.so.1 at 0x00007f5b7e03f000
RSI=0x00007f5b7e0d5932: <offset 0x96932> in /usr/lib/fglrx/libGL.so.1 at 0x00007f5b7e03f000
RDI=0x000000006827bf50 is an unknown value
R8 =0x00007ffff8bd4c9c is an unknown value
R9 =0x0000000000000000 is an unknown value
R10=0x00007f5bbaff7fa8: <offset 0x3b9fa8> in /lib/x86_64-linux-gnu/libc.so.6 at 0x00007f5bbac3e000
R11=0x00007f5bbac79ca0: __cxa_finalize+0 in /lib/x86_64-linux-gnu/libc.so.6 at 0x00007f5bbac3e000
R12=0x0000000000000000 is an unknown value
R13=0x00007f5b7e0d5932: <offset 0x96932> in /usr/lib/fglrx/libGL.so.1 at 0x00007f5b7e03f000
R14=0x000000000241fba0 is an unknown value
R15=0x0000000000000000 is an unknown value


Stack: [0x00007ffff8ad8000,0x00007ffff8bd8000],  sp=0x00007ffff8bd4c30,  free space=1011k
Native frames: (J=compiled Java code, j=interpreted, Vv=VM code, C=native code)
C  [libX11.so.6+0x33c58]  XQueryExtension+0x28


---------------  P R O C E S S  ---------------

VM state:at safepoint (shutting down)

VM Mutex/Monitor currently owned by a thread:  ([mutex/lock_event])
[0x00007f5bb4004940] Threads_lock - owner thread: 0x00007f5bb409b800

Heap
 PSYoungGen      total 17280K, used 16435K [0x00000000ecb60000, 0x00000000edea0000, 0x0000000100000000)
  eden space 14848K, 94% used [0x00000000ecb60000,0x00000000ed910f88,0x00000000ed9e0000)
  from space 2432K, 99% used [0x00000000ed9e0000,0x00000000edc3c020,0x00000000edc40000)
  to   space 2432K, 0% used [0x00000000edc40000,0x00000000edc40000,0x00000000edea0000)
 PSOldGen        total 39552K, used 2115K [0x00000000c6200000, 0x00000000c88a0000, 0x00000000ecb60000)
  object space 39552K, 5% used [0x00000000c6200000,0x00000000c6410c00,0x00000000c88a0000)
 PSPermGen       total 21248K, used 20761K [0x00000000bbc00000, 0x00000000bd0c0000, 0x00000000c6200000)
  object space 21248K, 97% used [0x00000000bbc00000,0x00000000bd0467a8,0x00000000bd0c0000)

Code Cache  [0x00007f5bb1000000, 0x00007f5bb1270000, 0x00007f5bb4000000)
 total_blobs=906 nmethods=280 adapters=579 free_code_cache=47949Kb largest_free_block=49065600

Dynamic libraries:
00400000-00401000 r-xp 00000000 08:16 3544606                            /usr/lib/jvm/java-7-openjdk-amd64/jre/bin/java
00600000-00601000 r--p 00000000 08:16 3544606                            /usr/lib/jvm/java-7-openjdk-amd64/jre/bin/java
00601000-00602000 rw-p 00001000 08:16 3544606                            /usr/lib/jvm/java-7-openjdk-amd64/jre/bin/java
0241d000-0243e000 rw-p 00000000 00:00 0                                  [heap]
bbc00000-bd0c0000 rw-p 00000000 00:00 0 
bd0c0000-c6200000 rw-p 00000000 00:00 0 
c6200000-c88a0000 rw-p 00000000 00:00 0 
c88a0000-ecb60000 rw-p 00000000 00:00 0 
ecb60000-edea0000 rw-p 00000000 00:00 0 
edea0000-100000000 rw-p 00000000 00:00 0 
7f5b62ffd000-7f5b62ffe000 ---p 00000000 00:00 0 
7f5b62ffe000-7f5b637fe000 rw-p 00000000 00:00 0 
7f5b637fe000-7f5b637ff000 ---p 00000000 00:00 0 
7f5b637ff000-7f5b63fff000 rw-p 00000000 00:00 0 
7f5b68000000-7f5b693d4000 rw-p 00000000 00:00 0 
7f5b693d4000-7f5b6c000000 ---p 00000000 00:00 0 
7f5b6c4a4000-7f5b6c4e2000 r-xp 00000000 08:16 1056348                    /usr/lib/x86_64-linux-gnu/libjpeg.so.8.0.2
7f5b6c4e2000-7f5b6c6e1000 ---p 0003e000 08:16 1056348                    /usr/lib/x86_64-linux-gnu/libjpeg.so.8.0.2
7f5b6c6e1000-7f5b6c6e2000 r--p 0003d000 08:16 1056348                    /usr/lib/x86_64-linux-gnu/libjpeg.so.8.0.2
7f5b6c6e2000-7f5b6c6e3000 rw-p 0003e000 08:16 1056348                    /usr/lib/x86_64-linux-gnu/libjpeg.so.8.0.2
7f5b6c6e3000-7f5b6c6f3000 rw-p 00000000 00:00 0 
7f5b6c6f3000-7f5b6c6fc000 r-xp 00000000 08:16 3544590                    /usr/lib/jvm/java-7-openjdk-amd64/jre/lib/amd64/libjavajpeg.so
7f5b6c6fc000-7f5b6c8fb000 ---p 00009000 08:16 3544590                    /usr/lib/jvm/java-7-openjdk-amd64/jre/lib/amd64/libjavajpeg.so
7f5b6c8fb000-7f5b6c8fc000 r--p 00008000 08:16 3544590                    /usr/lib/jvm/java-7-openjdk-amd64/jre/lib/amd64/libjavajpeg.so
7f5b6c8fc000-7f5b6c8fd000 rw-p 00009000 08:16 3544590                    /usr/lib/jvm/java-7-openjdk-amd64/jre/lib/amd64/libjavajpeg.so
7f5b6c8fd000-7f5b6c8fe000 ---p 00000000 00:00 0 
7f5b6c8fe000-7f5b6d0fe000 rw-p 00000000 00:00 0 
7f5b6d0fe000-7f5b6d0ff000 ---p 00000000 00:00 0 
7f5b6d0ff000-7f5b6d8ff000 rw-p 00000000 00:00 0 
7f5b6d8ff000-7f5b6d905000 r-xp 00000000 08:16 1056418                    /usr/lib/x86_64-linux-gnu/libogg.so.0.7.1
7f5b6d905000-7f5b6db04000 ---p 00006000 08:16 1056418                    /usr/lib/x86_64-linux-gnu/libogg.so.0.7.1
7f5b6db04000-7f5b6db05000 r--p 00005000 08:16 1056418                    /usr/lib/x86_64-linux-gnu/libogg.so.0.7.1
7f5b6db05000-7f5b6db06000 rw-p 00006000 08:16 1056418                    /usr/lib/x86_64-linux-gnu/libogg.so.0.7.1
7f5b6db06000-7f5b6db31000 r-xp 00000000 08:16 1056576                    /usr/lib/x86_64-linux-gnu/libvorbis.so.0.4.5
7f5b6db31000-7f5b6dd30000 ---p 0002b000 08:16 1056576                    /usr/lib/x86_64-linux-gnu/libvorbis.so.0.4.5
7f5b6dd30000-7f5b6dd31000 r--p 0002a000 08:16 1056576                    /usr/lib/x86_64-linux-gnu/libvorbis.so.0.4.5
7f5b6dd31000-7f5b6dd32000 rw-p 0002b000 08:16 1056576                    /usr/lib/x86_64-linux-gnu/libvorbis.so.0.4.5
7f5b6dd32000-7f5b6fc8c000 r-xp 00000000 08:16 1054642                    /usr/lib/fglrx/dri/fglrx_dri.so
7f5b6fc8c000-7f5b6fd8c000 ---p 01f5a000 08:16 1054642                    /usr/lib/fglrx/dri/fglrx_dri.so
7f5b6fd8c000-7f5b6feda000 rwxp 01f5a000 08:16 1054642                    /usr/lib/fglrx/dri/fglrx_dri.so
7f5b6feda000-7f5b70000000 rwxp 00000000 00:00 0 
7f5b70000000-7f5b70021000 rw-p 00000000 00:00 0 
7f5b70021000-7f5b74000000 ---p 00000000 00:00 0 
7f5b74000000-7f5b74021000 rw-p 00000000 00:00 0 
7f5b74021000-7f5b78000000 ---p 00000000 00:00 0 
7f5b78000000-7f5b780b4000 rw-p 00000000 00:00 0 
7f5b780b4000-7f5b7c000000 ---p 00000000 00:00 0 
7f5b7c04c000-7f5b7c2ff000 r-xp 00000000 08:16 1056578                    /usr/lib/x86_64-linux-gnu/libvorbisenc.so.2.0.8
7f5b7c2ff000-7f5b7c4fe000 ---p 002b3000 08:16 1056578                    /usr/lib/x86_64-linux-gnu/libvorbisenc.so.2.0.8
7f5b7c4fe000-7f5b7c51a000 r--p 002b2000 08:16 1056578                    /usr/lib/x86_64-linux-gnu/libvorbisenc.so.2.0.8
7f5b7c51a000-7f5b7c51b000 rw-p 002ce000 08:16 1056578                    /usr/lib/x86_64-linux-gnu/libvorbisenc.so.2.0.8
7f5b7c51b000-7f5b7c563000 r-xp 00000000 08:16 1055951                    /usr/lib/x86_64-linux-gnu/libFLAC.so.8.2.0
7f5b7c563000-7f5b7c763000 ---p 00048000 08:16 1055951                    /usr/lib/x86_64-linux-gnu/libFLAC.so.8.2.0
7f5b7c763000-7f5b7c764000 r--p 00048000 08:16 1055951                    /usr/lib/x86_64-linux-gnu/libFLAC.so.8.2.0
7f5b7c764000-7f5b7c765000 rw-p 00049000 08:16 1055951                    /usr/lib/x86_64-linux-gnu/libFLAC.so.8.2.0
7f5b7c765000-7f5b7c76a000 r-xp 00000000 08:16 1056065                    /usr/lib/x86_64-linux-gnu/libasyncns.so.0.3.1
7f5b7c76a000-7f5b7c969000 ---p 00005000 08:16 1056065                    /usr/lib/x86_64-linux-gnu/libasyncns.so.0.3.1
7f5b7c969000-7f5b7c96a000 r--p 00004000 08:16 1056065                    /usr/lib/x86_64-linux-gnu/libasyncns.so.0.3.1
7f5b7c96a000-7f5b7c96b000 rw-p 00005000 08:16 1056065                    /usr/lib/x86_64-linux-gnu/libasyncns.so.0.3.1
7f5b7c96b000-7f5b7c9cb000 r-xp 00000000 08:16 1056513                    /usr/lib/x86_64-linux-gnu/libsndfile.so.1.0.25
7f5b7c9cb000-7f5b7cbcb000 ---p 00060000 08:16 1056513                    /usr/lib/x86_64-linux-gnu/libsndfile.so.1.0.25
7f5b7cbcb000-7f5b7cbcd000 r--p 00060000 08:16 1056513                    /usr/lib/x86_64-linux-gnu/libsndfile.so.1.0.25
7f5b7cbcd000-7f5b7cbce000 rw-p 00062000 08:16 1056513                    /usr/lib/x86_64-linux-gnu/libsndfile.so.1.0.25
7f5b7cbce000-7f5b7cbd2000 rw-p 00000000 00:00 0 
7f5b7cbd2000-7f5b7cbda000 r-xp 00000000 08:16 5246688                    /lib/x86_64-linux-gnu/libwrap.so.0.7.6
7f5b7cbda000-7f5b7cdd9000 ---p 00008000 08:16 5246688                    /lib/x86_64-linux-gnu/libwrap.so.0.7.6
7f5b7cdd9000-7f5b7cdda000 r--p 00007000 08:16 5246688                    /lib/x86_64-linux-gnu/libwrap.so.0.7.6
7f5b7cdda000-7f5b7cddb000 rw-p 00008000 08:16 5246688                    /lib/x86_64-linux-gnu/libwrap.so.0.7.6
7f5b7cddb000-7f5b7ce37000 r-xp 00000000 08:16 1055773                    /usr/lib/x86_64-linux-gnu/libpulsecommon-1.1.so
7f5b7ce37000-7f5b7d037000 ---p 0005c000 08:16 1055773                    /usr/lib/x86_64-linux-gnu/libpulsecommon-1.1.so
7f5b7d037000-7f5b7d038000 r--p 0005c000 08:16 1055773                    /usr/lib/x86_64-linux-gnu/libpulsecommon-1.1.so
7f5b7d038000-7f5b7d039000 rw-p 0005d000 08:16 1055773                    /usr/lib/x86_64-linux-gnu/libpulsecommon-1.1.so
7f5b7d039000-7f5b7d040000 r-xp 00000000 08:16 1056352                    /usr/lib/x86_64-linux-gnu/libjson.so.0.0.1
7f5b7d040000-7f5b7d23f000 ---p 00007000 08:16 1056352                    /usr/lib/x86_64-linux-gnu/libjson.so.0.0.1
7f5b7d23f000-7f5b7d240000 r--p 00006000 08:16 1056352                    /usr/lib/x86_64-linux-gnu/libjson.so.0.0.1
7f5b7d240000-7f5b7d241000 rw-p 00007000 08:16 1056352                    /usr/lib/x86_64-linux-gnu/libjson.so.0.0.1
7f5b7d241000-7f5b7d287000 r-xp 00000000 08:16 1055774                    /usr/lib/x86_64-linux-gnu/libpulse.so.0.13.5
7f5b7d287000-7f5b7d487000 ---p 00046000 08:16 1055774                    /usr/lib/x86_64-linux-gnu/libpulse.so.0.13.5
7f5b7d487000-7f5b7d488000 r--p 00046000 08:16 1055774                    /usr/lib/x86_64-linux-gnu/libpulse.so.0.13.5
7f5b7d488000-7f5b7d489000 rw-p 00047000 08:16 1055774                    /usr/lib/x86_64-linux-gnu/libpulse.so.0.13.5
7f5b7d6e1000-7f5b7dde1000 rw-s 19078000 00:05 9165                       /dev/ati/card0
7f5b7dde1000-7f5b7de1c000 r-xp 00000000 08:16 1054638                    /usr/lib/fglrx/libatiadlxx.so
7f5b7de1c000-7f5b7df1c000 ---p 0003b000 08:16 1054638                    /usr/lib/fglrx/libatiadlxx.so
7f5b7df1c000-7f5b7df25000 rw-p 0003b000 08:16 1054638                    /usr/lib/fglrx/libatiadlxx.so
7f5b7df25000-7f5b7df36000 rw-p 00000000 00:00 0 
7f5b7df36000-7f5b7df3d000 r-xp 00000000 08:16 1054658                    /usr/lib/fglrx/libatiuki.so.1.0
7f5b7df3d000-7f5b7e03d000 ---p 00007000 08:16 1054658                    /usr/lib/fglrx/libatiuki.so.1.0
7f5b7e03d000-7f5b7e03e000 rw-p 00007000 08:16 1054658                    /usr/lib/fglrx/libatiuki.so.1.0
7f5b7e03e000-7f5b7e03f000 rw-p 00000000 00:00 0 
7f5b7e03f000-7f5b7e102000 r-xp 00000000 08:16 1054665                    /usr/lib/fglrx/libGL.so.1.2
7f5b7e102000-7f5b7e201000 ---p 000c3000 08:16 1054665                    /usr/lib/fglrx/libGL.so.1.2
7f5b7e201000-7f5b7e228000 rwxp 000c2000 08:16 1054665                    /usr/lib/fglrx/libGL.so.1.2
7f5b7e228000-7f5b7e248000 rwxp 00000000 00:00 0 
7f5b7e248000-7f5b7e24c000 r-xp 00000000 08:16 1056049                    /usr/lib/x86_64-linux-gnu/libXxf86vm.so.1.0.0
7f5b7e24c000-7f5b7e44b000 ---p 00004000 08:16 1056049                    /usr/lib/x86_64-linux-gnu/libXxf86vm.so.1.0.0
7f5b7e44b000-7f5b7e44c000 r--p 00003000 08:16 1056049                    /usr/lib/x86_64-linux-gnu/libXxf86vm.so.1.0.0
7f5b7e44c000-7f5b7e44d000 rw-p 00004000 08:16 1056049                    /usr/lib/x86_64-linux-gnu/libXxf86vm.so.1.0.0
7f5b7e44d000-7f5b7e4b3000 r-xp 00000000 08:16 3673310                    /home/relissa/.jme3/natives_9a0c8f4d/liblwjgl64.so
7f5b7e4b3000-7f5b7e6b3000 ---p 00066000 08:16 3673310                    /home/relissa/.jme3/natives_9a0c8f4d/liblwjgl64.so
7f5b7e6b3000-7f5b7e6b5000 r--p 00066000 08:16 3673310                    /home/relissa/.jme3/natives_9a0c8f4d/liblwjgl64.so
7f5b7e6b5000-7f5b7e6b6000 rw-p 00068000 08:16 3673310                    /home/relissa/.jme3/natives_9a0c8f4d/liblwjgl64.so
7f5b7e6b6000-7f5b7e6b7000 r-xp 00000000 08:16 3544578                    /usr/lib/jvm/java-7-openjdk-amd64/jre/lib/amd64/libjawt.so
7f5b7e6b7000-7f5b7e8b6000 ---p 00001000 08:16 3544578                    /usr/lib/jvm/java-7-openjdk-amd64/jre/lib/amd64/libjawt.so
7f5b7e8b6000-7f5b7e8b7000 r--p 00000000 08:16 3544578                    /usr/lib/jvm/java-7-openjdk-amd64/jre/lib/amd64/libjawt.so
7f5b7e8b7000-7f5b7e8b8000 rw-p 00001000 08:16 3544578                    /usr/lib/jvm/java-7-openjdk-amd64/jre/lib/amd64/libjawt.so
7f5b7e8b8000-7f5b7e8c8000 r-xp 00000000 08:16 3544571                    /usr/lib/jvm/java-7-openjdk-amd64/jre/lib/amd64/libnio.so
7f5b7e8c8000-7f5b7eac7000 ---p 00010000 08:16 3544571                    /usr/lib/jvm/java-7-openjdk-amd64/jre/lib/amd64/libnio.so
7f5b7eac7000-7f5b7eac8000 r--p 0000f000 08:16 3544571                    /usr/lib/jvm/java-7-openjdk-amd64/jre/lib/amd64/libnio.so
7f5b7eac8000-7f5b7eac9000 rw-p 00010000 08:16 3544571                    /usr/lib/jvm/java-7-openjdk-amd64/jre/lib/amd64/libnio.so
7f5b7eac9000-7f5b7eadf000 r-xp 00000000 08:16 3544572                    /usr/lib/jvm/java-7-openjdk-amd64/jre/lib/amd64/libnet.so
7f5b7eadf000-7f5b7ecdf000 ---p 00016000 08:16 3544572                    /usr/lib/jvm/java-7-openjdk-amd64/jre/lib/amd64/libnet.so
7f5b7ecdf000-7f5b7ece0000 r--p 00016000 08:16 3544572                    /usr/lib/jvm/java-7-openjdk-amd64/jre/lib/amd64/libnet.so
7f5b7ece0000-7f5b7ece1000 rw-p 00017000 08:16 3544572                    /usr/lib/jvm/java-7-openjdk-amd64/jre/lib/amd64/libnet.so
7f5b7ece1000-7f5b7ed1c000 r-xp 00000000 08:16 3544568                    /usr/lib/jvm/java-7-openjdk-amd64/jre/lib/amd64/libfontmanager.so
7f5b7ed1c000-7f5b7ef1b000 ---p 0003b000 08:16 3544568                    /usr/lib/jvm/java-7-openjdk-amd64/jre/lib/amd64/libfontmanager.so
7f5b7ef1b000-7f5b7ef1d000 r--p 0003a000 08:16 3544568                    /usr/lib/jvm/java-7-openjdk-amd64/jre/lib/amd64/libfontmanager.so
7f5b7ef1d000-7f5b7ef1e000 rw-p 0003c000 08:16 3544568                    /usr/lib/jvm/java-7-openjdk-amd64/jre/lib/amd64/libfontmanager.so
7f5b7ef1e000-7f5b7ef21000 ---p 00000000 00:00 0 
7f5b7ef21000-7f5b7f01f000 rw-p 00000000 00:00 0 
7f5b7f01f000-7f5b7f022000 ---p 00000000 00:00 0 
7f5b7f022000-7f5b7f120000 rw-p 00000000 00:00 0 
7f5b7f120000-7f5b7f123000 ---p 00000000 00:00 0 
7f5b7f123000-7f5b7f221000 rw-p 00000000 00:00 0 
7f5b7f221000-7f5b7f224000 ---p 00000000 00:00 0 
7f5b7f224000-7f5b7f322000 rw-p 00000000 00:00 0 
7f5b7f322000-7f5b7f325000 ---p 00000000 00:00 0 
7f5b7f325000-7f5b7f423000 rw-p 00000000 00:00 0 
7f5b7f423000-7f5b7f426000 ---p 00000000 00:00 0 
7f5b7f426000-7f5b7f524000 rw-p 00000000 00:00 0 
7f5b7f524000-7f5b7f527000 r-xp 00000000 08:16 5246606                    /lib/x86_64-linux-gnu/libgpg-error.so.0.8.0
7f5b7f527000-7f5b7f726000 ---p 00003000 08:16 5246606                    /lib/x86_64-linux-gnu/libgpg-error.so.0.8.0
7f5b7f726000-7f5b7f727000 r--p 00002000 08:16 5246606                    /lib/x86_64-linux-gnu/libgpg-error.so.0.8.0
7f5b7f727000-7f5b7f728000 rw-p 00003000 08:16 5246606                    /lib/x86_64-linux-gnu/libgpg-error.so.0.8.0
7f5b7f728000-7f5b7f72b000 r-xp 00000000 08:16 5246610                    /lib/x86_64-linux-gnu/libkeyutils.so.1.4
7f5b7f72b000-7f5b7f92a000 ---p 00003000 08:16 5246610                    /lib/x86_64-linux-gnu/libkeyutils.so.1.4
7f5b7f92a000-7f5b7f92b000 r--p 00002000 08:16 5246610                    /lib/x86_64-linux-gnu/libkeyutils.so.1.4
7f5b7f92b000-7f5b7f92c000 rw-p 00003000 08:16 5246610                    /lib/x86_64-linux-gnu/libkeyutils.so.1.4
7f5b7f92c000-7f5b7f96e000 r-xp 00000000 08:16 5246591                    /lib/x86_64-linux-gnu/libdbus-1.so.3.5.8
7f5b7f96e000-7f5b7fb6e000 ---p 00042000 08:16 5246591                    /lib/x86_64-linux-gnu/libdbus-1.so.3.5.8
7f5b7fb6e000-7f5b7fb6f000 r--p 00042000 08:16 5246591                    /lib/x86_64-linux-gnu/libdbus-1.so.3.5.8
7f5b7fb6f000-7f5b7fb70000 rw-p 00043000 08:16 5246591                    /lib/x86_64-linux-gnu/libdbus-1.so.3.5.8
7f5b7fb70000-7f5b7fb81000 r-xp 00000000 08:16 1056424                    /usr/lib/x86_64-linux-gnu/libp11-kit.so.0.0.0
7f5b7fb81000-7f5b7fd80000 ---p 00011000 08:16 1056424                    /usr/lib/x86_64-linux-gnu/libp11-kit.so.0.0.0
7f5b7fd80000-7f5b7fd81000 r--p 00010000 08:16 1056424                    /usr/lib/x86_64-linux-gnu/libp11-kit.so.0.0.0
7f5b7fd81000-7f5b7fd82000 rw-p 00011000 08:16 1056424                    /usr/lib/x86_64-linux-gnu/libp11-kit.so.0.0.0
7f5b7fd82000-7f5b7fdfc000 r-xp 00000000 08:16 5246882                    /lib/x86_64-linux-gnu/libgcrypt.so.11.7.0
7f5b7fdfc000-7f5b7fffc000 ---p 0007a000 08:16 5246882                    /lib/x86_64-linux-gnu/libgcrypt.so.11.7.0
7f5b7fffc000-7f5b7fffd000 r--p 0007a000 08:16 5246882                    /lib/x86_64-linux-gnu/libgcrypt.so.11.7.0
7f5b7fffd000-7f5b80000000 rw-p 0007b000 08:16 5246882                    /lib/x86_64-linux-gnu/libgcrypt.so.11.7.0
7f5b80000000-7f5b800ab000 rw-p 00000000 00:00 0 
7f5b800ab000-7f5b84000000 ---p 00000000 00:00 0 
7f5b840c3000-7f5b840d3000 r-xp 00000000 08:16 1061093                    /usr/lib/x86_64-linux-gnu/libtasn1.so.3.1.12
7f5b840d3000-7f5b842d2000 ---p 00010000 08:16 1061093                    /usr/lib/x86_64-linux-gnu/libtasn1.so.3.1.12
7f5b842d2000-7f5b842d3000 r--p 0000f000 08:16 1061093                    /usr/lib/x86_64-linux-gnu/libtasn1.so.3.1.12
7f5b842d3000-7f5b842d4000 rw-p 00010000 08:16 1061093                    /usr/lib/x86_64-linux-gnu/libtasn1.so.3.1.12
7f5b842d4000-7f5b842db000 r-xp 00000000 08:16 1052728                    /usr/lib/x86_64-linux-gnu/libkrb5support.so.0.1
7f5b842db000-7f5b844da000 ---p 00007000 08:16 1052728                    /usr/lib/x86_64-linux-gnu/libkrb5support.so.0.1
7f5b844da000-7f5b844db000 r--p 00006000 08:16 1052728                    /usr/lib/x86_64-linux-gnu/libkrb5support.so.0.1
7f5b844db000-7f5b844dc000 rw-p 00007000 08:16 1052728                    /usr/lib/x86_64-linux-gnu/libkrb5support.so.0.1
7f5b844dc000-7f5b844df000 r-xp 00000000 08:16 5246586                    /lib/x86_64-linux-gnu/libcom_err.so.2.1
7f5b844df000-7f5b846de000 ---p 00003000 08:16 5246586                    /lib/x86_64-linux-gnu/libcom_err.so.2.1
7f5b846de000-7f5b846df000 r--p 00002000 08:16 5246586                    /lib/x86_64-linux-gnu/libcom_err.so.2.1
7f5b846df000-7f5b846e0000 rw-p 00003000 08:16 5246586                    /lib/x86_64-linux-gnu/libcom_err.so.2.1
7f5b846e0000-7f5b84705000 r-xp 00000000 08:16 1052714                    /usr/lib/x86_64-linux-gnu/libk5crypto.so.3.1
7f5b84705000-7f5b84905000 ---p 00025000 08:16 1052714                    /usr/lib/x86_64-linux-gnu/libk5crypto.so.3.1
7f5b84905000-7f5b84906000 r--p 00025000 08:16 1052714                    /usr/lib/x86_64-linux-gnu/libk5crypto.so.3.1
7f5b84906000-7f5b84907000 rw-p 00026000 08:16 1052714                    /usr/lib/x86_64-linux-gnu/libk5crypto.so.3.1
7f5b84907000-7f5b84908000 rw-p 00000000 00:00 0 
7f5b84908000-7f5b849cc000 r-xp 00000000 08:16 1052724                    /usr/lib/x86_64-linux-gnu/libkrb5.so.3.3
7f5b849cc000-7f5b84bcb000 ---p 000c4000 08:16 1052724                    /usr/lib/x86_64-linux-gnu/libkrb5.so.3.3
7f5b84bcb000-7f5b84bd5000 r--p 000c3000 08:16 1052724                    /usr/lib/x86_64-linux-gnu/libkrb5.so.3.3
7f5b84bd5000-7f5b84bd6000 rw-p 000cd000 08:16 1052724                    /usr/lib/x86_64-linux-gnu/libkrb5.so.3.3
7f5b84bd6000-7f5b84bde000 r-xp 00000000 08:16 1056599                    /usr/lib/x86_64-linux-gnu/libxcb-render.so.0.0.0
7f5b84bde000-7f5b84dde000 ---p 00008000 08:16 1056599                    /usr/lib/x86_64-linux-gnu/libxcb-render.so.0.0.0
7f5b84dde000-7f5b84ddf000 r--p 00008000 08:16 1056599                    /usr/lib/x86_64-linux-gnu/libxcb-render.so.0.0.0
7f5b84ddf000-7f5b84de0000 rw-p 00009000 08:16 1056599                    /usr/lib/x86_64-linux-gnu/libxcb-render.so.0.0.0
7f5b84de0000-7f5b84de2000 r-xp 00000000 08:16 1056603                    /usr/lib/x86_64-linux-gnu/libxcb-shm.so.0.0.0
7f5b84de2000-7f5b84fe1000 ---p 00002000 08:16 1056603                    /usr/lib/x86_64-linux-gnu/libxcb-shm.so.0.0.0
7f5b84fe1000-7f5b84fe2000 r--p 00001000 08:16 1056603                    /usr/lib/x86_64-linux-gnu/libxcb-shm.so.0.0.0
7f5b84fe2000-7f5b84fe3000 rw-p 00002000 08:16 1056603                    /usr/lib/x86_64-linux-gnu/libxcb-shm.so.0.0.0
7f5b84fe3000-7f5b85009000 r-xp 00000000 08:16 5246656                    /lib/x86_64-linux-gnu/libpng12.so.0.46.0
7f5b85009000-7f5b85209000 ---p 00026000 08:16 5246656                    /lib/x86_64-linux-gnu/libpng12.so.0.46.0
7f5b85209000-7f5b8520a000 r--p 00026000 08:16 5246656                    /lib/x86_64-linux-gnu/libpng12.so.0.46.0
7f5b8520a000-7f5b8520b000 rw-p 00027000 08:16 5246656                    /lib/x86_64-linux-gnu/libpng12.so.0.46.0
7f5b8520b000-7f5b8528c000 r-xp 00000000 08:16 1056450                    /usr/lib/x86_64-linux-gnu/libpixman-1.so.0.24.4
7f5b8528c000-7f5b8548b000 ---p 00081000 08:16 1056450                    /usr/lib/x86_64-linux-gnu/libpixman-1.so.0.24.4
7f5b8548b000-7f5b85491000 r--p 00080000 08:16 1056450                    /usr/lib/x86_64-linux-gnu/libpixman-1.so.0.24.4
7f5b85491000-7f5b85492000 rw-p 00086000 08:16 1056450                    /usr/lib/x86_64-linux-gnu/libpixman-1.so.0.24.4
7f5b85492000-7f5b85497000 r-xp 00000000 08:16 1056019                    /usr/lib/x86_64-linux-gnu/libXdmcp.so.6.0.0
7f5b85497000-7f5b85696000 ---p 00005000 08:16 1056019                    /usr/lib/x86_64-linux-gnu/libXdmcp.so.6.0.0
7f5b85696000-7f5b85697000 r--p 00004000 08:16 1056019                    /usr/lib/x86_64-linux-gnu/libXdmcp.so.6.0.0
7f5b85697000-7f5b85698000 rw-p 00005000 08:16 1056019                    /usr/lib/x86_64-linux-gnu/libXdmcp.so.6.0.0
7f5b85698000-7f5b8569a000 r-xp 00000000 08:16 1056008                    /usr/lib/x86_64-linux-gnu/libXau.so.6.0.0
7f5b8569a000-7f5b85899000 ---p 00002000 08:16 1056008                    /usr/lib/x86_64-linux-gnu/libXau.so.6.0.0
7f5b85899000-7f5b8589a000 r--p 00001000 08:16 1056008                    /usr/lib/x86_64-linux-gnu/libXau.so.6.0.0
7f5b8589a000-7f5b8589b000 rw-p 00002000 08:16 1056008                    /usr/lib/x86_64-linux-gnu/libXau.so.6.0.0
7f5b8589b000-7f5b858ab000 r-xp 00000000 08:16 1056075                    /usr/lib/x86_64-linux-gnu/libavahi-client.so.3.2.9
7f5b858ab000-7f5b85aaa000 ---p 00010000 08:16 1056075                    /usr/lib/x86_64-linux-gnu/libavahi-client.so.3.2.9
7f5b85aaa000-7f5b85aab000 r--p 0000f000 08:16 1056075                    /usr/lib/x86_64-linux-gnu/libavahi-client.so.3.2.9
7f5b85aab000-7f5b85aac000 rw-p 00010000 08:16 1056075                    /usr/lib/x86_64-linux-gnu/libavahi-client.so.3.2.9
7f5b85aac000-7f5b85ab7000 r-xp 00000000 08:16 1056077                    /usr/lib/x86_64-linux-gnu/libavahi-common.so.3.5.3
7f5b85ab7000-7f5b85cb6000 ---p 0000b000 08:16 1056077                    /usr/lib/x86_64-linux-gnu/libavahi-common.so.3.5.3
7f5b85cb6000-7f5b85cb7000 r--p 0000a000 08:16 1056077                    /usr/lib/x86_64-linux-gnu/libavahi-common.so.3.5.3
7f5b85cb7000-7f5b85cb8000 rw-p 0000b000 08:16 1056077                    /usr/lib/x86_64-linux-gnu/libavahi-common.so.3.5.3
7f5b85cb8000-7f5b85d6c000 r-xp 00000000 08:16 1056248                    /usr/lib/x86_64-linux-gnu/libgnutls.so.26.21.8
7f5b85d6c000-7f5b85f6c000 ---p 000b4000 08:16 1056248                    /usr/lib/x86_64-linux-gnu/libgnutls.so.26.21.8
7f5b85f6c000-7f5b85f72000 r--p 000b4000 08:16 1056248                    /usr/lib/x86_64-linux-gnu/libgnutls.so.26.21.8
7f5b85f72000-7f5b85f73000 rw-p 000ba000 08:16 1056248                    /usr/lib/x86_64-linux-gnu/libgnutls.so.26.21.8
7f5b85f73000-7f5b85f74000 rw-p 00000000 00:00 0 
7f5b85f74000-7f5b85faf000 r-xp 00000000 08:16 1052718                    /usr/lib/x86_64-linux-gnu/libgssapi_krb5.so.2.2
7f5b85faf000-7f5b861af000 ---p 0003b000 08:16 1052718                    /usr/lib/x86_64-linux-gnu/libgssapi_krb5.so.2.2
7f5b861af000-7f5b861b0000 r--p 0003b000 08:16 1052718                    /usr/lib/x86_64-linux-gnu/libgssapi_krb5.so.2.2
7f5b861b0000-7f5b861b2000 rw-p 0003c000 08:16 1052718                    /usr/lib/x86_64-linux-gnu/libgssapi_krb5.so.2.2
7f5b861b2000-7f5b861ee000 r-xp 00000000 08:16 5246652                    /lib/x86_64-linux-gnu/libpcre.so.3.12.1
7f5b861ee000-7f5b863ed000 ---p 0003c000 08:16 5246652                    /lib/x86_64-linux-gnu/libpcre.so.3.12.1
7f5b863ed000-7f5b863ee000 r--p 0003b000 08:16 5246652                    /lib/x86_64-linux-gnu/libpcre.so.3.12.1
7f5b863ee000-7f5b863ef000 rw-p 0003c000 08:16 5246652                    /lib/x86_64-linux-gnu/libpcre.so.3.12.1
7f5b863ef000-7f5b863f6000 r-xp 00000000 08:16 1056193                    /usr/lib/x86_64-linux-gnu/libffi.so.6.0.0
7f5b863f6000-7f5b865f5000 ---p 00007000 08:16 1056193                    /usr/lib/x86_64-linux-gnu/libffi.so.6.0.0
7f5b865f5000-7f5b865f6000 r--p 00006000 08:16 1056193                    /usr/lib/x86_64-linux-gnu/libffi.so.6.0.0
7f5b865f6000-7f5b865f7000 rw-p 00007000 08:16 1056193                    /usr/lib/x86_64-linux-gnu/libffi.so.6.0.0
7f5b865f7000-7f5b8661e000 r-xp 00000000 08:16 5246597                    /lib/x86_64-linux-gnu/libexpat.so.1.5.2
7f5b8661e000-7f5b8681e000 ---p 00027000 08:16 5246597                    /lib/x86_64-linux-gnu/libexpat.so.1.5.2
7f5b8681e000-7f5b86820000 r--p 00027000 08:16 5246597                    /lib/x86_64-linux-gnu/libexpat.so.1.5.2
7f5b86820000-7f5b86821000 rw-p 00029000 08:16 5246597                    /lib/x86_64-linux-gnu/libexpat.so.1.5.2
7f5b86821000-7f5b868b7000 r-xp 00000000 08:16 1056201                    /usr/lib/x86_64-linux-gnu/libfreetype.so.6.8.0
7f5b868b7000-7f5b86ab6000 ---p 00096000 08:16 1056201                    /usr/lib/x86_64-linux-gnu/libfreetype.so.6.8.0
7f5b86ab6000-7f5b86abc000 r--p 00095000 08:16 1056201                    /usr/lib/x86_64-linux-gnu/libfreetype.so.6.8.0
7f5b86abc000-7f5b86abd000 rw-p 0009b000 08:16 1056201                    /usr/lib/x86_64-linux-gnu/libfreetype.so.6.8.0
7f5b86abd000-7f5b86ad5000 r-xp 00000000 08:16 5246663                    /lib/x86_64-linux-gnu/libresolv-2.15.so
7f5b86ad5000-7f5b86cd5000 ---p 00018000 08:16 5246663                    /lib/x86_64-linux-gnu/libresolv-2.15.so
7f5b86cd5000-7f5b86cd6000 r--p 00018000 08:16 5246663                    /lib/x86_64-linux-gnu/libresolv-2.15.so
7f5b86cd6000-7f5b86cd7000 rw-p 00019000 08:16 5246663                    /lib/x86_64-linux-gnu/libresolv-2.15.so
7f5b86cd7000-7f5b86cd9000 rw-p 00000000 00:00 0 
7f5b86cd9000-7f5b86cf6000 r-xp 00000000 08:16 5246667                    /lib/x86_64-linux-gnu/libselinux.so.1
7f5b86cf6000-7f5b86ef5000 ---p 0001d000 08:16 5246667                    /lib/x86_64-linux-gnu/libselinux.so.1
7f5b86ef5000-7f5b86ef6000 r--p 0001c000 08:16 5246667                    /lib/x86_64-linux-gnu/libselinux.so.1
7f5b86ef6000-7f5b86ef7000 rw-p 0001d000 08:16 5246667                    /lib/x86_64-linux-gnu/libselinux.so.1
7f5b86ef7000-7f5b86ef8000 rw-p 00000000 00:00 0 
7f5b86ef8000-7f5b86efb000 r-xp 00000000 08:16 1056240                    /usr/lib/x86_64-linux-gnu/libgmodule-2.0.so.0.3200.1
7f5b86efb000-7f5b870fa000 ---p 00003000 08:16 1056240                    /usr/lib/x86_64-linux-gnu/libgmodule-2.0.so.0.3200.1
7f5b870fa000-7f5b870fb000 r--p 00002000 08:16 1056240                    /usr/lib/x86_64-linux-gnu/libgmodule-2.0.so.0.3200.1
7f5b870fb000-7f5b870fc000 rw-p 00003000 08:16 1056240                    /usr/lib/x86_64-linux-gnu/libgmodule-2.0.so.0.3200.1
7f5b870fc000-7f5b870fe000 r-xp 00000000 08:16 1056017                    /usr/lib/x86_64-linux-gnu/libXdamage.so.1.1.0
7f5b870fe000-7f5b872fd000 ---p 00002000 08:16 1056017                    /usr/lib/x86_64-linux-gnu/libXdamage.so.1.1.0
7f5b872fd000-7f5b872fe000 r--p 00001000 08:16 1056017                    /usr/lib/x86_64-linux-gnu/libXdamage.so.1.1.0
7f5b872fe000-7f5b872ff000 rw-p 00002000 08:16 1056017                    /usr/lib/x86_64-linux-gnu/libXdamage.so.1.1.0
7f5b872ff000-7f5b87301000 r-xp 00000000 08:16 1056013                    /usr/lib/x86_64-linux-gnu/libXcomposite.so.1.0.0
7f5b87301000-7f5b87500000 ---p 00002000 08:16 1056013                    /usr/lib/x86_64-linux-gnu/libXcomposite.so.1.0.0
7f5b87500000-7f5b87501000 r--p 00001000 08:16 1056013                    /usr/lib/x86_64-linux-gnu/libXcomposite.so.1.0.0
7f5b87501000-7f5b87502000 rw-p 00002000 08:16 1056013                    /usr/lib/x86_64-linux-gnu/libXcomposite.so.1.0.0
7f5b87502000-7f5b8750b000 r-xp 00000000 08:16 1056015                    /usr/lib/x86_64-linux-gnu/libXcursor.so.1.0.2
7f5b8750b000-7f5b8770a000 ---p 00009000 08:16 1056015                    /usr/lib/x86_64-linux-gnu/libXcursor.so.1.0.2
7f5b8770a000-7f5b8770b000 r--p 00008000 08:16 1056015                    /usr/lib/x86_64-linux-gnu/libXcursor.so.1.0.2
7f5b8770b000-7f5b8770c000 rw-p 00009000 08:16 1056015                    /usr/lib/x86_64-linux-gnu/libXcursor.so.1.0.2
7f5b8770c000-7f5b87714000 r-xp 00000000 08:16 1056039                    /usr/lib/x86_64-linux-gnu/libXrandr.so.2.2.0
7f5b87714000-7f5b87913000 ---p 00008000 08:16 1056039                    /usr/lib/x86_64-linux-gnu/libXrandr.so.2.2.0
7f5b87913000-7f5b87914000 r--p 00007000 08:16 1056039                    /usr/lib/x86_64-linux-gnu/libXrandr.so.2.2.0
7f5b87914000-7f5b87915000 rw-p 00008000 08:16 1056039                    /usr/lib/x86_64-linux-gnu/libXrandr.so.2.2.0
7f5b87915000-7f5b87917000 r-xp 00000000 08:16 1056029                    /usr/lib/x86_64-linux-gnu/libXinerama.so.1.0.0
7f5b87917000-7f5b87b16000 ---p 00002000 08:16 1056029                    /usr/lib/x86_64-linux-gnu/libXinerama.so.1.0.0
7f5b87b16000-7f5b87b17000 r--p 00001000 08:16 1056029                    /usr/lib/x86_64-linux-gnu/libXinerama.so.1.0.0
7f5b87b17000-7f5b87b18000 rw-p 00002000 08:16 1056029                    /usr/lib/x86_64-linux-gnu/libXinerama.so.1.0.0
7f5b87b18000-7f5b87b41000 r-xp 00000000 08:16 1056434                    /usr/lib/x86_64-linux-gnu/libpangoft2-1.0.so.0.3000.0
7f5b87b41000-7f5b87d40000 ---p 00029000 08:16 1056434                    /usr/lib/x86_64-linux-gnu/libpangoft2-1.0.so.0.3000.0
7f5b87d40000-7f5b87d41000 r--p 00028000 08:16 1056434                    /usr/lib/x86_64-linux-gnu/libpangoft2-1.0.so.0.3000.0
7f5b87d41000-7f5b87d42000 rw-p 00029000 08:16 1056434                    /usr/lib/x86_64-linux-gnu/libpangoft2-1.0.so.0.3000.0
7f5b87d42000-7f5b87dfb000 r-xp 00000000 08:16 1055379                    /usr/lib/x86_64-linux-gnu/libcairo.so.2.11000.2
7f5b87dfb000-7f5b87ffa000 ---p 000b9000 08:16 1055379                    /usr/lib/x86_64-linux-gnu/libcairo.so.2.11000.2
7f5b87ffa000-7f5b87ffc000 r--p 000b8000 08:16 1055379                    /usr/lib/x86_64-linux-gnu/libcairo.so.2.11000.2
7f5b87ffc000-7f5b87ffd000 rw-p 000ba000 08:16 1055379                    /usr/lib/x86_64-linux-gnu/libcairo.so.2.11000.2
7f5b87ffd000-7f5b88000000 rw-p 00000000 00:00 0 
7f5b88000000-7f5b884ab000 rw-p 00000000 00:00 0 
7f5b884ab000-7f5b8c000000 ---p 00000000 00:00 0 
7f5b8c000000-7f5b8c021000 rw-p 00000000 00:00 0 
7f5b8c021000-7f5b90000000 ---p 00000000 00:00 0 
7f5b90000000-7f5b90021000 rw-p 00000000 00:00 0 
7f5b90021000-7f5b94000000 ---p 00000000 00:00 0 
7f5b94000000-7f5b94495000 rw-p 00000000 00:00 0 
7f5b94495000-7f5b98000000 ---p 00000000 00:00 0 
7f5b98000000-7f5b98021000 rw-p 00000000 00:00 0 
7f5b98021000-7f5b9c000000 ---p 00000000 00:00 0 
7f5b9c000000-7f5b9c021000 rw-p 00000000 00:00 0 
7f5b9c021000-7f5ba0000000 ---p 00000000 00:00 0 
7f5ba00b8000-7f5ba00d7000 r-xp 00000000 08:16 1056067                    /usr/lib/x86_64-linux-gnu/libatk-1.0.so.0.20409.1
7f5ba00d7000-7f5ba02d7000 ---p 0001f000 08:16 1056067                    /usr/lib/x86_64-linux-gnu/libatk-1.0.so.0.20409.1
7f5ba02d7000-7f5ba02d9000 r--p 0001f000 08:16 1056067                    /usr/lib/x86_64-linux-gnu/libatk-1.0.so.0.20409.1
7f5ba02d9000-7f5ba02da000 rw-p 00021000 08:16 1056067                    /usr/lib/x86_64-linux-gnu/libatk-1.0.so.0.20409.1
7f5ba02da000-7f5ba02df000 r-xp 00000000 08:16 1056023                    /usr/lib/x86_64-linux-gnu/libXfixes.so.3.1.0
7f5ba02df000-7f5ba04de000 ---p 00005000 08:16 1056023                    /usr/lib/x86_64-linux-gnu/libXfixes.so.3.1.0
7f5ba04de000-7f5ba04df000 r--p 00004000 08:16 1056023                    /usr/lib/x86_64-linux-gnu/libXfixes.so.3.1.0
7f5ba04df000-7f5ba04e0000 rw-p 00005000 08:16 1056023                    /usr/lib/x86_64-linux-gnu/libXfixes.so.3.1.0
7f5ba04e0000-7f5ba04eb000 r-xp 00000000 08:16 1056432                    /usr/lib/x86_64-linux-gnu/libpangocairo-1.0.so.0.3000.0
7f5ba04eb000-7f5ba06ea000 ---p 0000b000 08:16 1056432                    /usr/lib/x86_64-linux-gnu/libpangocairo-1.0.so.0.3000.0
7f5ba06ea000-7f5ba06eb000 r--p 0000a000 08:16 1056432                    /usr/lib/x86_64-linux-gnu/libpangocairo-1.0.so.0.3000.0
7f5ba06eb000-7f5ba06ec000 rw-p 0000b000 08:16 1056432                    /usr/lib/x86_64-linux-gnu/libpangocairo-1.0.so.0.3000.0
7f5ba06ec000-7f5ba0709000 r-xp 00000000 08:16 1056607                    /usr/lib/x86_64-linux-gnu/libxcb.so.1.1.0
7f5ba0709000-7f5ba0908000 ---p 0001d000 08:16 1056607                    /usr/lib/x86_64-linux-gnu/libxcb.so.1.1.0
7f5ba0908000-7f5ba0909000 r--p 0001c000 08:16 1056607                    /usr/lib/x86_64-linux-gnu/libxcb.so.1.1.0
7f5ba0909000-7f5ba090a000 rw-p 0001d000 08:16 1056607                    /usr/lib/x86_64-linux-gnu/libxcb.so.1.1.0
7f5ba090a000-7f5ba095a000 r-xp 00000000 08:16 1061164                    /usr/lib/x86_64-linux-gnu/libcups.so.2
7f5ba095a000-7f5ba0b59000 ---p 00050000 08:16 1061164                    /usr/lib/x86_64-linux-gnu/libcups.so.2
7f5ba0b59000-7f5ba0b5d000 r--p 0004f000 08:16 1061164                    /usr/lib/x86_64-linux-gnu/libcups.so.2
7f5ba0b5d000-7f5ba0b5e000 rw-p 00053000 08:16 1061164                    /usr/lib/x86_64-linux-gnu/libcups.so.2
7f5ba0b5e000-7f5ba0c50000 r-xp 00000000 08:16 5246604                    /lib/x86_64-linux-gnu/libglib-2.0.so.0.3200.1
7f5ba0c50000-7f5ba0e50000 ---p 000f2000 08:16 5246604                    /lib/x86_64-linux-gnu/libglib-2.0.so.0.3200.1
7f5ba0e50000-7f5ba0e51000 r--p 000f2000 08:16 5246604                    /lib/x86_64-linux-gnu/libglib-2.0.so.0.3200.1
7f5ba0e51000-7f5ba0e52000 rw-p 000f3000 08:16 5246604                    /lib/x86_64-linux-gnu/libglib-2.0.so.0.3200.1
7f5ba0e52000-7f5ba0e53000 rw-p 00000000 00:00 0 
7f5ba0e53000-7f5ba0e54000 r-xp 00000000 08:16 1056309                    /usr/lib/x86_64-linux-gnu/libgthread-2.0.so.0.3200.1
7f5ba0e54000-7f5ba1053000 ---p 00001000 08:16 1056309                    /usr/lib/x86_64-linux-gnu/libgthread-2.0.so.0.3200.1
7f5ba1053000-7f5ba1054000 r--p 00000000 08:16 1056309                    /usr/lib/x86_64-linux-gnu/libgthread-2.0.so.0.3200.1
7f5ba1054000-7f5ba1055000 rw-p 00001000 08:16 1056309                    /usr/lib/x86_64-linux-gnu/libgthread-2.0.so.0.3200.1
7f5ba1055000-7f5ba10a2000 r-xp 00000000 08:16 1056254                    /usr/lib/x86_64-linux-gnu/libgobject-2.0.so.0.3200.1
7f5ba10a2000-7f5ba12a2000 ---p 0004d000 08:16 1056254                    /usr/lib/x86_64-linux-gnu/libgobject-2.0.so.0.3200.1
7f5ba12a2000-7f5ba12a3000 r--p 0004d000 08:16 1056254                    /usr/lib/x86_64-linux-gnu/libgobject-2.0.so.0.3200.1
7f5ba12a3000-7f5ba12a4000 rw-p 0004e000 08:16 1056254                    /usr/lib/x86_64-linux-gnu/libgobject-2.0.so.0.3200.1
7f5ba12a4000-7f5ba12d8000 r-xp 00000000 08:16 1056195                    /usr/lib/x86_64-linux-gnu/libfontconfig.so.1.4.4
7f5ba12d8000-7f5ba14d8000 ---p 00034000 08:16 1056195                    /usr/lib/x86_64-linux-gnu/libfontconfig.so.1.4.4
7f5ba14d8000-7f5ba14d9000 r--p 00034000 08:16 1056195                    /usr/lib/x86_64-linux-gnu/libfontconfig.so.1.4.4
7f5ba14d9000-7f5ba14da000 rw-p 00035000 08:16 1056195                    /usr/lib/x86_64-linux-gnu/libfontconfig.so.1.4.4
7f5ba14da000-7f5ba1520000 r-xp 00000000 08:16 1056430                    /usr/lib/x86_64-linux-gnu/libpango-1.0.so.0.3000.0
7f5ba1520000-7f5ba1720000 ---p 00046000 08:16 1056430                    /usr/lib/x86_64-linux-gnu/libpango-1.0.so.0.3000.0
7f5ba1720000-7f5ba1722000 r--p 00046000 08:16 1056430                    /usr/lib/x86_64-linux-gnu/libpango-1.0.so.0.3000.0
7f5ba1722000-7f5ba1723000 rw-p 00048000 08:16 1056430                    /usr/lib/x86_64-linux-gnu/libpango-1.0.so.0.3000.0
7f5ba1723000-7f5ba1741000 r-xp 00000000 08:16 1056220                    /usr/lib/x86_64-linux-gnu/libgdk_pixbuf-2.0.so.0.2600.1
7f5ba1741000-7f5ba1941000 ---p 0001e000 08:16 1056220                    /usr/lib/x86_64-linux-gnu/libgdk_pixbuf-2.0.so.0.2600.1
7f5ba1941000-7f5ba1942000 r--p 0001e000 08:16 1056220                    /usr/lib/x86_64-linux-gnu/libgdk_pixbuf-2.0.so.0.2600.1
7f5ba1942000-7f5ba1943000 rw-p 0001f000 08:16 1056220                    /usr/lib/x86_64-linux-gnu/libgdk_pixbuf-2.0.so.0.2600.1
7f5ba1943000-7f5ba1a8b000 r-xp 00000000 08:16 1056230                    /usr/lib/x86_64-linux-gnu/libgio-2.0.so.0.3200.1
7f5ba1a8b000-7f5ba1c8a000 ---p 00148000 08:16 1056230                    /usr/lib/x86_64-linux-gnu/libgio-2.0.so.0.3200.1
7f5ba1c8a000-7f5ba1c8e000 r--p 00147000 08:16 1056230                    /usr/lib/x86_64-linux-gnu/libgio-2.0.so.0.3200.1
7f5ba1c8e000-7f5ba1c90000 rw-p 0014b000 08:16 1056230                    /usr/lib/x86_64-linux-gnu/libgio-2.0.so.0.3200.1
7f5ba1c90000-7f5ba1c92000 rw-p 00000000 00:00 0 
7f5ba1c92000-7f5ba1d3f000 r-xp 00000000 08:16 1056218                    /usr/lib/x86_64-linux-gnu/libgdk-x11-2.0.so.0.2400.10
7f5ba1d3f000-7f5ba1f3e000 ---p 000ad000 08:16 1056218                    /usr/lib/x86_64-linux-gnu/libgdk-x11-2.0.so.0.2400.10
7f5ba1f3e000-7f5ba1f42000 r--p 000ac000 08:16 1056218                    /usr/lib/x86_64-linux-gnu/libgdk-x11-2.0.so.0.2400.10
7f5ba1f42000-7f5ba1f44000 rw-p 000b0000 08:16 1056218                    /usr/lib/x86_64-linux-gnu/libgdk-x11-2.0.so.0.2400.10
7f5ba1f44000-7f5ba2371000 r-xp 00000000 08:16 1056313                    /usr/lib/x86_64-linux-gnu/libgtk-x11-2.0.so.0.2400.10
7f5ba2371000-7f5ba2571000 ---p 0042d000 08:16 1056313                    /usr/lib/x86_64-linux-gnu/libgtk-x11-2.0.so.0.2400.10
7f5ba2571000-7f5ba2578000 r--p 0042d000 08:16 1056313                    /usr/lib/x86_64-linux-gnu/libgtk-x11-2.0.so.0.2400.10
7f5ba2578000-7f5ba257c000 rw-p 00434000 08:16 1056313                    /usr/lib/x86_64-linux-gnu/libgtk-x11-2.0.so.0.2400.10
7f5ba257c000-7f5ba257e000 rw-p 00000000 00:00 0 
7f5ba257e000-7f5ba258c000 r-xp 00000000 08:16 1056027                    /usr/lib/x86_64-linux-gnu/libXi.so.6.1.0
7f5ba258c000-7f5ba278b000 ---p 0000e000 08:16 1056027                    /usr/lib/x86_64-linux-gnu/libXi.so.6.1.0
7f5ba278b000-7f5ba278c000 r--p 0000d000 08:16 1056027                    /usr/lib/x86_64-linux-gnu/libXi.so.6.1.0
7f5ba278c000-7f5ba278d000 rw-p 0000e000 08:16 1056027                    /usr/lib/x86_64-linux-gnu/libXi.so.6.1.0
7f5ba278d000-7f5ba2792000 r-xp 00000000 08:16 1056045                    /usr/lib/x86_64-linux-gnu/libXtst.so.6.1.0
7f5ba2792000-7f5ba2991000 ---p 00005000 08:16 1056045                    /usr/lib/x86_64-linux-gnu/libXtst.so.6.1.0
7f5ba2991000-7f5ba2992000 r--p 00004000 08:16 1056045                    /usr/lib/x86_64-linux-gnu/libXtst.so.6.1.0
7f5ba2992000-7f5ba2993000 rw-p 00005000 08:16 1056045                    /usr/lib/x86_64-linux-gnu/libXtst.so.6.1.0
7f5ba2993000-7f5ba299c000 r-xp 00000000 08:16 1056041                    /usr/lib/x86_64-linux-gnu/libXrender.so.1.3.0
7f5ba299c000-7f5ba2b9b000 ---p 00009000 08:16 1056041                    /usr/lib/x86_64-linux-gnu/libXrender.so.1.3.0
7f5ba2b9b000-7f5ba2b9c000 r--p 00008000 08:16 1056041                    /usr/lib/x86_64-linux-gnu/libXrender.so.1.3.0
7f5ba2b9c000-7f5ba2b9d000 rw-p 00009000 08:16 1056041                    /usr/lib/x86_64-linux-gnu/libXrender.so.1.3.0
7f5ba2b9d000-7f5ba2ccc000 r-xp 00000000 08:16 1056006                    /usr/lib/x86_64-linux-gnu/libX11.so.6.3.0
7f5ba2ccc000-7f5ba2ecc000 ---p 0012f000 08:16 1056006                    /usr/lib/x86_64-linux-gnu/libX11.so.6.3.0
7f5ba2ecc000-7f5ba2ecd000 r--p 0012f000 08:16 1056006                    /usr/lib/x86_64-linux-gnu/libX11.so.6.3.0
7f5ba2ecd000-7f5ba2ed1000 rw-p 00130000 08:16 1056006                    /usr/lib/x86_64-linux-gnu/libX11.so.6.3.0
7f5ba2ed1000-7f5ba2ee1000 r-xp 00000000 08:16 1056021                    /usr/lib/x86_64-linux-gnu/libXext.so.6.4.0
7f5ba2ee1000-7f5ba30e0000 ---p 00010000 08:16 1056021                    /usr/lib/x86_64-linux-gnu/libXext.so.6.4.0
7f5ba30e0000-7f5ba30e1000 r--p 0000f000 08:16 1056021                    /usr/lib/x86_64-linux-gnu/libXext.so.6.4.0
7f5ba30e1000-7f5ba30e2000 rw-p 00010000 08:16 1056021                    /usr/lib/x86_64-linux-gnu/libXext.so.6.4.0
7f5ba30e2000-7f5ba3138000 r-xp 00000000 08:16 3544819                    /usr/lib/jvm/java-7-openjdk-amd64/jre/lib/amd64/xawt/libmawt.so
7f5ba3138000-7f5ba3337000 ---p 00056000 08:16 3544819                    /usr/lib/jvm/java-7-openjdk-amd64/jre/lib/amd64/xawt/libmawt.so
7f5ba3337000-7f5ba3338000 r--p 00055000 08:16 3544819                    /usr/lib/jvm/java-7-openjdk-amd64/jre/lib/amd64/xawt/libmawt.so
7f5ba3338000-7f5ba333b000 rw-p 00056000 08:16 3544819                    /usr/lib/jvm/java-7-openjdk-amd64/jre/lib/amd64/xawt/libmawt.so
7f5ba333b000-7f5ba333c000 rw-p 00000000 00:00 0 
7f5ba333c000-7f5ba33ea000 r-xp 00000000 08:16 3544588                    /usr/lib/jvm/java-7-openjdk-amd64/jre/lib/amd64/libawt.so
7f5ba33ea000-7f5ba35e9000 ---p 000ae000 08:16 3544588                    /usr/lib/jvm/java-7-openjdk-amd64/jre/lib/amd64/libawt.so
7f5ba35e9000-7f5ba35ea000 r--p 000ad000 08:16 3544588                    /usr/lib/jvm/java-7-openjdk-amd64/jre/lib/amd64/libawt.so
7f5ba35ea000-7f5ba35f5000 rw-p 000ae000 08:16 3544588                    /usr/lib/jvm/java-7-openjdk-amd64/jre/lib/amd64/libawt.so
7f5ba35f5000-7f5ba361a000 rw-p 00000000 00:00 0 
7f5ba361a000-7f5ba361b000 ---p 00000000 00:00 0 
7f5ba361b000-7f5ba371b000 rw-p 00000000 00:00 0 
7f5ba371b000-7f5ba371e000 ---p 00000000 00:00 0 
7f5ba371e000-7f5ba381c000 rw-p 00000000 00:00 0 
7f5ba381c000-7f5ba381f000 ---p 00000000 00:00 0 
7f5ba381f000-7f5ba391d000 rw-p 00000000 00:00 0 
7f5ba391d000-7f5ba4000000 r--p 00000000 08:16 1055298                    /usr/lib/locale/locale-archive
7f5ba4000000-7f5ba4021000 rw-p 00000000 00:00 0 
7f5ba4021000-7f5ba8000000 ---p 00000000 00:00 0 
7f5ba8000000-7f5ba8021000 rw-p 00000000 00:00 0 
7f5ba8021000-7f5bac000000 ---p 00000000 00:00 0 
7f5bac000000-7f5bac021000 rw-p 00000000 00:00 0 
7f5bac021000-7f5bb0000000 ---p 00000000 00:00 0 
7f5bb0006000-7f5bb000d000 r--s 00000000 08:16 1314519                    /usr/lib/x86_64-linux-gnu/gconv/gconv-modules.cache
7f5bb000d000-7f5bb000e000 rw-s 19077000 00:05 9165                       /dev/ati/card0
7f5bb000e000-7f5bb001e000 rw-s fe9f0000 00:05 9165                       /dev/ati/card0
7f5bb001e000-7f5bb0020000 rw-s 19074000 00:05 9165                       /dev/ati/card0
7f5bb0020000-7f5bb0023000 ---p 00000000 00:00 0 
7f5bb0023000-7f5bb003a000 rw-p 00000000 00:00 0 
7f5bb003a000-7f5bb003b000 r--s 00000000 08:16 1843619                    /var/cache/fontconfig/c05880de57d1f5e948fdfacc138775d9-le64.cache-3
7f5bb003b000-7f5bb0044000 r--s 00000000 08:16 1843614                    /var/cache/fontconfig/945677eb7aeaf62f1d50efc3fb3ec7d8-le64.cache-3
7f5bb0044000-7f5bb0046000 r--s 00000000 08:16 1843615                    /var/cache/fontconfig/99e8ed0e538f840c565b6ed5dad60d56-le64.cache-3
7f5bb0046000-7f5bb004e000 r--s 00000000 08:16 1846703                    /var/cache/fontconfig/a6d8cf8e4ec09cdbc8633c31745a07dd-le64.cache-3
7f5bb004e000-7f5bb0052000 r--s 00000000 08:16 1843601                    /var/cache/fontconfig/2cd17615ca594fa2959ae173292e504c-le64.cache-3
7f5bb0052000-7f5bb0053000 r--s 00000000 08:16 1843626                    /var/cache/fontconfig/e7071f4a29fa870f4323321c154eba04-le64.cache-3
7f5bb0053000-7f5bb0054000 r--s 00000000 08:16 1843599                    /var/cache/fontconfig/0d8c3b2ac0904cb8a57a757ad11a4a08-le64.cache-3
7f5bb0054000-7f5bb005a000 r--s 00000000 08:16 1843616                    /var/cache/fontconfig/a755afe4a08bf5b97852ceb7400b47bc-le64.cache-3
7f5bb005a000-7f5bb005b000 r--s 00000000 08:16 1846509                    /var/cache/fontconfig/5a76b20910bc01daa5b6abd117531ab8-le64.cache-3
7f5bb005b000-7f5bb0064000 r--s 00000000 08:16 1847215                    /var/cache/fontconfig/6d41288fd70b0be22e8c3a91e032eec0-le64.cache-3
7f5bb0064000-7f5bb0074000 r--s 00000000 08:16 1843598                    /var/cache/fontconfig/04aabc0a78ac019cf9454389977116d2-le64.cache-3
7f5bb0074000-7f5bb0077000 r--s 00000000 08:16 1843604                    /var/cache/fontconfig/385c0604a188198f04d133e54aba7fe7-le64.cache-3
7f5bb0077000-7f5bb0078000 r--s 00000000 08:16 1841789                    /var/cache/fontconfig/4794a0821666d79190d59a36cb4f44b5-le64.cache-3
7f5bb0078000-7f5bb007b000 r--s 00000000 08:16 1843613                    /var/cache/fontconfig/8801497958630a81b71ace7c5f9b32a8-le64.cache-3
7f5bb007b000-7f5bb00a9000 r--s 00000000 08:16 1846701                    /var/cache/fontconfig/365b55f210c0a22e9a19e35191240f32-le64.cache-3
7f5bb00a9000-7f5bb00ae000 r--s 00000000 08:16 1843602                    /var/cache/fontconfig/3047814df9a2f067bd2d96a2b9c36e5a-le64.cache-3
7f5bb00ae000-7f5bb00af000 r--s 00000000 08:16 1843607                    /var/cache/fontconfig/56cf4f4769d0f4abc89a4895d7bd3ae1-le64.cache-3
7f5bb00af000-7f5bb00b0000 r--s 00000000 08:16 1843618                    /var/cache/fontconfig/b9d506c9ac06c20b433354fa67a72993-le64.cache-3
7f5bb00b0000-7f5bb00b5000 r--s 00000000 08:16 1843617                    /var/cache/fontconfig/b47c4e1ecd0709278f4910c18777a504-le64.cache-3
7f5bb00b5000-7f5bb00bd000 r--s 00000000 08:16 1846702                    /var/cache/fontconfig/52f7bdb7ce746bfd7eaa1985bd9cfa93-le64.cache-3
7f5bb00bd000-7f5bb00cd000 r--s 00000000 08:16 1843622                    /var/cache/fontconfig/d52a8644073d54c13679302ca1180695-le64.cache-3
7f5bb00cd000-7f5bb00d3000 r--s 00000000 08:16 1846508                    /var/cache/fontconfig/3f7329c5293ffd510edef78f73874cfd-le64.cache-3
7f5bb00d3000-7f5bb00d6000 r--s 00000000 08:16 1842402                    /var/cache/fontconfig/e13b20fdb08344e0e664864cc2ede53d-le64.cache-3
7f5bb00d6000-7f5bb00da000 r--s 00000000 08:16 1846742                    /var/cache/fontconfig/7ef2298fde41cc6eeb7af42e48b7d293-le64.cache-3
7f5bb00da000-7f5bb00e3000 r--s 00263000 08:16 1050329                    /usr/lib/jvm/java-7-openjdk-common/jre/lib/resources.jar
7f5bb00e3000-7f5bb00e4000 r--s 00006000 08:16 3676784                    /home/relissa/jmonkeyplatform/jmonkeyplatform/libs/noise-0.0.1-SNAPSHOT.jar
7f5bb00e4000-7f5bb00e7000 r--s 0001a000 08:16 3677188                    /home/relissa/jmonkeyplatform/jmonkeyplatform/libs/xmlpull-xpp3.jar
7f5bb00e7000-7f5bb00e9000 r--s 0003c000 08:16 3677429                    /home/relissa/jmonkeyplatform/jmonkeyplatform/libs/vecmath.jar
7f5bb00e9000-7f5bb00ef000 r--s 00030000 08:16 3676642                    /home/relissa/jmonkeyplatform/jmonkeyplatform/libs/nifty-default-controls.jar
7f5bb00ef000-7f5bb00f2000 ---p 00000000 00:00 0 
7f5bb00f2000-7f5bb01f0000 rw-p 00000000 00:00 0 
7f5bb01f0000-7f5bb01f3000 ---p 00000000 00:00 0 
7f5bb01f3000-7f5bb02f1000 rw-p 00000000 00:00 0 
7f5bb02f1000-7f5bb02f4000 ---p 00000000 00:00 0 
7f5bb02f4000-7f5bb03f2000 rw-p 00000000 00:00 0 
7f5bb03f2000-7f5bb03f5000 ---p 00000000 00:00 0 
7f5bb03f5000-7f5bb04f3000 rw-p 00000000 00:00 0 
7f5bb04f3000-7f5bb04f4000 ---p 00000000 00:00 0 
7f5bb04f4000-7f5bb08f7000 rw-p 00000000 00:00 0 
7f5bb08f7000-7f5bb0aa6000 r--s 03e91000 08:16 3544596                    /usr/lib/jvm/java-7-openjdk-amd64/jre/lib/rt.jar
7f5bb0aa6000-7f5bb0aa7000 ---p 00000000 00:00 0 
7f5bb0aa7000-7f5bb0ba7000 rw-p 00000000 00:00 0 
7f5bb0ba7000-7f5bb0ba8000 ---p 00000000 00:00 0 
7f5bb0ba8000-7f5bb0cbc000 rw-p 00000000 00:00 0 
7f5bb0cbc000-7f5bb0ddd000 rw-p 00000000 00:00 0 
7f5bb0ddd000-7f5bb0de8000 rw-p 00000000 00:00 0 
7f5bb0de8000-7f5bb0e30000 rw-p 00000000 00:00 0 
7f5bb0e30000-7f5bb0e44000 rw-p 00000000 00:00 0 
7f5bb0e44000-7f5bb0f64000 rw-p 00000000 00:00 0 
7f5bb0f64000-7f5bb0f6f000 rw-p 00000000 00:00 0 
7f5bb0f6f000-7f5bb0fff000 rw-p 00000000 00:00 0 
7f5bb0fff000-7f5bb1000000 rw-p 00000000 00:00 0 
7f5bb1000000-7f5bb1270000 rwxp 00000000 00:00 0 
7f5bb1270000-7f5bb4355000 rw-p 00000000 00:00 0 
7f5bb4355000-7f5bb8000000 ---p 00000000 00:00 0 
7f5bb8000000-7f5bb8001000 rw-p 00000000 00:00 0 
7f5bb8001000-7f5bb800b000 r--s 0006a000 08:16 3677370                    /home/relissa/jmonkeyplatform/jmonkeyplatform/libs/nifty.jar
7f5bb800b000-7f5bb800d000 r--s 00012000 08:16 3677292                    /home/relissa/jmonkeyplatform/jmonkeyplatform/libs/eventbus.jar
7f5bb800d000-7f5bb801a000 r--s 000d2000 08:16 3677369                    /home/relissa/jmonkeyplatform/jmonkeyplatform/libs/lwjgl.jar
7f5bb801a000-7f5bb801e000 r--s 00030000 08:16 3677346                    /home/relissa/jmonkeyplatform/jmonkeyplatform/libs/jinput.jar
7f5bb801e000-7f5bb8028000 r--s 00079000 08:16 3677317                    /home/relissa/jmonkeyplatform/jmonkeyplatform/libs/jbullet.jar
7f5bb8028000-7f5bb8029000 r--s 001f3000 08:16 3676914                    /home/relissa/jmonkeyplatform/jmonkeyplatform/libs/jME3-lwjgl-natives.jar
7f5bb8029000-7f5bb802a000 r--s 00009000 08:16 3677159                    /home/relissa/jmonkeyplatform/jmonkeyplatform/libs/j-ogg-vorbisd.jar
7f5bb802a000-7f5bb802c000 r--s 00005000 08:16 3677249                    /home/relissa/jmonkeyplatform/jmonkeyplatform/libs/j-ogg-oggd.jar
7f5bb802c000-7f5bb802f000 r--s 00020000 08:16 3677185                    /home/relissa/jmonkeyplatform/jmonkeyplatform/libs/jME3-jbullet.jar
7f5bb802f000-7f5bb80ce000 rw-p 00000000 00:00 0 
7f5bb80ce000-7f5bb8116000 rw-p 00000000 00:00 0 
7f5bb8116000-7f5bb811e000 r-xp 00000000 08:16 3544581                    /usr/lib/jvm/java-7-openjdk-amd64/jre/lib/amd64/libzip.so
7f5bb811e000-7f5bb831d000 ---p 00008000 08:16 3544581                    /usr/lib/jvm/java-7-openjdk-amd64/jre/lib/amd64/libzip.so
7f5bb831d000-7f5bb831e000 r--p 00007000 08:16 3544581                    /usr/lib/jvm/java-7-openjdk-amd64/jre/lib/amd64/libzip.so
7f5bb831e000-7f5bb831f000 rw-p 00008000 08:16 3544581                    /usr/lib/jvm/java-7-openjdk-amd64/jre/lib/amd64/libzip.so
7f5bb831f000-7f5bb832b000 r-xp 00000000 08:16 5246630                    /lib/x86_64-linux-gnu/libnss_files-2.15.so
7f5bb832b000-7f5bb852a000 ---p 0000c000 08:16 5246630                    /lib/x86_64-linux-gnu/libnss_files-2.15.so
7f5bb852a000-7f5bb852b000 r--p 0000b000 08:16 5246630                    /lib/x86_64-linux-gnu/libnss_files-2.15.so
7f5bb852b000-7f5bb852c000 rw-p 0000c000 08:16 5246630                    /lib/x86_64-linux-gnu/libnss_files-2.15.so
7f5bb852c000-7f5bb8536000 r-xp 00000000 08:16 5246634                    /lib/x86_64-linux-gnu/libnss_nis-2.15.so
7f5bb8536000-7f5bb8736000 ---p 0000a000 08:16 5246634                    /lib/x86_64-linux-gnu/libnss_nis-2.15.so
7f5bb8736000-7f5bb8737000 r--p 0000a000 08:16 5246634                    /lib/x86_64-linux-gnu/libnss_nis-2.15.so
7f5bb8737000-7f5bb8738000 rw-p 0000b000 08:16 5246634                    /lib/x86_64-linux-gnu/libnss_nis-2.15.so
7f5bb8738000-7f5bb874f000 r-xp 00000000 08:16 5246624                    /lib/x86_64-linux-gnu/libnsl-2.15.so
7f5bb874f000-7f5bb894e000 ---p 00017000 08:16 5246624                    /lib/x86_64-linux-gnu/libnsl-2.15.so
7f5bb894e000-7f5bb894f000 r--p 00016000 08:16 5246624                    /lib/x86_64-linux-gnu/libnsl-2.15.so
7f5bb894f000-7f5bb8950000 rw-p 00017000 08:16 5246624                    /lib/x86_64-linux-gnu/libnsl-2.15.so
7f5bb8950000-7f5bb8952000 rw-p 00000000 00:00 0 
7f5bb8952000-7f5bb895a000 r-xp 00000000 08:16 5246626                    /lib/x86_64-linux-gnu/libnss_compat-2.15.so
7f5bb895a000-7f5bb8b59000 ---p 00008000 08:16 5246626                    /lib/x86_64-linux-gnu/libnss_compat-2.15.so
7f5bb8b59000-7f5bb8b5a000 r--p 00007000 08:16 5246626                    /lib/x86_64-linux-gnu/libnss_compat-2.15.so
7f5bb8b5a000-7f5bb8b5b000 rw-p 00008000 08:16 5246626                    /lib/x86_64-linux-gnu/libnss_compat-2.15.so
7f5bb8b5b000-7f5bb8b82000 r-xp 00000000 08:16 3544563                    /usr/lib/jvm/java-7-openjdk-amd64/jre/lib/amd64/libjava.so
7f5bb8b82000-7f5bb8d81000 ---p 00027000 08:16 3544563                    /usr/lib/jvm/java-7-openjdk-amd64/jre/lib/amd64/libjava.so
7f5bb8d81000-7f5bb8d82000 r--p 00026000 08:16 3544563                    /usr/lib/jvm/java-7-openjdk-amd64/jre/lib/amd64/libjava.so
7f5bb8d82000-7f5bb8d84000 rw-p 00027000 08:16 3544563                    /usr/lib/jvm/java-7-openjdk-amd64/jre/lib/amd64/libjava.so
7f5bb8d84000-7f5bb8d92000 r-xp 00000000 08:16 3544574                    /usr/lib/jvm/java-7-openjdk-amd64/jre/lib/amd64/libverify.so
7f5bb8d92000-7f5bb8f91000 ---p 0000e000 08:16 3544574                    /usr/lib/jvm/java-7-openjdk-amd64/jre/lib/amd64/libverify.so
7f5bb8f91000-7f5bb8f93000 r--p 0000d000 08:16 3544574                    /usr/lib/jvm/java-7-openjdk-amd64/jre/lib/amd64/libverify.so
7f5bb8f93000-7f5bb8f94000 rw-p 0000f000 08:16 3544574                    /usr/lib/jvm/java-7-openjdk-amd64/jre/lib/amd64/libverify.so
7f5bb8f94000-7f5bb8f9b000 r-xp 00000000 08:16 5246665                    /lib/x86_64-linux-gnu/librt-2.15.so
7f5bb8f9b000-7f5bb919a000 ---p 00007000 08:16 5246665                    /lib/x86_64-linux-gnu/librt-2.15.so
7f5bb919a000-7f5bb919b000 r--p 00006000 08:16 5246665                    /lib/x86_64-linux-gnu/librt-2.15.so
7f5bb919b000-7f5bb919c000 rw-p 00007000 08:16 5246665                    /lib/x86_64-linux-gnu/librt-2.15.so
7f5bb919c000-7f5bb91b1000 r-xp 00000000 08:16 5246600                    /lib/x86_64-linux-gnu/libgcc_s.so.1
7f5bb91b1000-7f5bb93b0000 ---p 00015000 08:16 5246600                    /lib/x86_64-linux-gnu/libgcc_s.so.1
7f5bb93b0000-7f5bb93b1000 r--p 00014000 08:16 5246600                    /lib/x86_64-linux-gnu/libgcc_s.so.1
7f5bb93b1000-7f5bb93b2000 rw-p 00015000 08:16 5246600                    /lib/x86_64-linux-gnu/libgcc_s.so.1
7f5bb93b2000-7f5bb94ab000 r-xp 00000000 08:16 5246611                    /lib/x86_64-linux-gnu/libm-2.15.so
7f5bb94ab000-7f5bb96aa000 ---p 000f9000 08:16 5246611                    /lib/x86_64-linux-gnu/libm-2.15.so
7f5bb96aa000-7f5bb96ab000 r--p 000f8000 08:16 5246611                    /lib/x86_64-linux-gnu/libm-2.15.so
7f5bb96ab000-7f5bb96ac000 rw-p 000f9000 08:16 5246611                    /lib/x86_64-linux-gnu/libm-2.15.so
7f5bb96ac000-7f5bb978e000 r-xp 00000000 08:16 1056535                    /usr/lib/x86_64-linux-gnu/libstdc++.so.6.0.16
7f5bb978e000-7f5bb998d000 ---p 000e2000 08:16 1056535                    /usr/lib/x86_64-linux-gnu/libstdc++.so.6.0.16
7f5bb998d000-7f5bb9995000 r--p 000e1000 08:16 1056535                    /usr/lib/x86_64-linux-gnu/libstdc++.so.6.0.16
7f5bb9995000-7f5bb9997000 rw-p 000e9000 08:16 1056535                    /usr/lib/x86_64-linux-gnu/libstdc++.so.6.0.16
7f5bb9997000-7f5bb99ac000 rw-p 00000000 00:00 0 
7f5bb99ac000-7f5bba33f000 r-xp 00000000 08:16 3544559                    /usr/lib/jvm/java-7-openjdk-amd64/jre/lib/amd64/server/libjvm.so
7f5bba33f000-7f5bba53f000 ---p 00993000 08:16 3544559                    /usr/lib/jvm/java-7-openjdk-amd64/jre/lib/amd64/server/libjvm.so
7f5bba53f000-7f5bba5b9000 r--p 00993000 08:16 3544559                    /usr/lib/jvm/java-7-openjdk-amd64/jre/lib/amd64/server/libjvm.so
7f5bba5b9000-7f5bba5db000 rw-p 00a0d000 08:16 3544559                    /usr/lib/jvm/java-7-openjdk-amd64/jre/lib/amd64/server/libjvm.so
7f5bba5db000-7f5bba606000 rw-p 00000000 00:00 0 
7f5bba606000-7f5bba61e000 r-xp 00000000 08:16 5246659                    /lib/x86_64-linux-gnu/libpthread-2.15.so
7f5bba61e000-7f5bba81d000 ---p 00018000 08:16 5246659                    /lib/x86_64-linux-gnu/libpthread-2.15.so
7f5bba81d000-7f5bba81e000 r--p 00017000 08:16 5246659                    /lib/x86_64-linux-gnu/libpthread-2.15.so
7f5bba81e000-7f5bba81f000 rw-p 00018000 08:16 5246659                    /lib/x86_64-linux-gnu/libpthread-2.15.so
7f5bba81f000-7f5bba823000 rw-p 00000000 00:00 0 
7f5bba823000-7f5bba839000 r-xp 00000000 08:16 5246690                    /lib/x86_64-linux-gnu/libz.so.1.2.3.4
7f5bba839000-7f5bbaa38000 ---p 00016000 08:16 5246690                    /lib/x86_64-linux-gnu/libz.so.1.2.3.4
7f5bbaa38000-7f5bbaa39000 r--p 00015000 08:16 5246690                    /lib/x86_64-linux-gnu/libz.so.1.2.3.4
7f5bbaa39000-7f5bbaa3a000 rw-p 00016000 08:16 5246690                    /lib/x86_64-linux-gnu/libz.so.1.2.3.4
7f5bbaa3a000-7f5bbaa3c000 r-xp 00000000 08:16 5246592                    /lib/x86_64-linux-gnu/libdl-2.15.so
7f5bbaa3c000-7f5bbac3c000 ---p 00002000 08:16 5246592                    /lib/x86_64-linux-gnu/libdl-2.15.so
7f5bbac3c000-7f5bbac3d000 r--p 00002000 08:16 5246592                    /lib/x86_64-linux-gnu/libdl-2.15.so
7f5bbac3d000-7f5bbac3e000 rw-p 00003000 08:16 5246592                    /lib/x86_64-linux-gnu/libdl-2.15.so
7f5bbac3e000-7f5bbadf1000 r-xp 00000000 08:16 5246579                    /lib/x86_64-linux-gnu/libc-2.15.so
7f5bbadf1000-7f5bbaff0000 ---p 001b3000 08:16 5246579                    /lib/x86_64-linux-gnu/libc-2.15.so
7f5bbaff0000-7f5bbaff4000 r--p 001b2000 08:16 5246579                    /lib/x86_64-linux-gnu/libc-2.15.so
7f5bbaff4000-7f5bbaff6000 rw-p 001b6000 08:16 5246579                    /lib/x86_64-linux-gnu/libc-2.15.so
7f5bbaff6000-7f5bbaffb000 rw-p 00000000 00:00 0 
7f5bbaffb000-7f5bbb007000 r-xp 00000000 08:16 3544565                    /usr/lib/jvm/java-7-openjdk-amd64/jre/lib/amd64/jli/libjli.so
7f5bbb007000-7f5bbb207000 ---p 0000c000 08:16 3544565                    /usr/lib/jvm/java-7-openjdk-amd64/jre/lib/amd64/jli/libjli.so
7f5bbb207000-7f5bbb208000 r--p 0000c000 08:16 3544565                    /usr/lib/jvm/java-7-openjdk-amd64/jre/lib/amd64/jli/libjli.so
7f5bbb208000-7f5bbb209000 rw-p 0000d000 08:16 3544565                    /usr/lib/jvm/java-7-openjdk-amd64/jre/lib/amd64/jli/libjli.so
7f5bbb209000-7f5bbb22b000 r-xp 00000000 08:16 5246559                    /lib/x86_64-linux-gnu/ld-2.15.so
7f5bbb22b000-7f5bbb22c000 r--s 0000b000 08:16 3677222                    /home/relissa/jmonkeyplatform/jmonkeyplatform/libs/stack-alloc.jar
7f5bbb22c000-7f5bbb247000 r--s 00228000 08:16 3677111                    /home/relissa/jmonkeyplatform/jmonkeyplatform/libs/jMonkeyEngine3.jar
7f5bbb247000-7f5bbb251000 rw-p 00000000 00:00 0 
7f5bbb251000-7f5bbb307000 rw-p 00000000 00:00 0 
7f5bbb307000-7f5bbb30a000 ---p 00000000 00:00 0 
7f5bbb30a000-7f5bbb40d000 rw-p 00000000 00:00 0 
7f5bbb40d000-7f5bbb40f000 r--s 0000d000 08:16 3676956                    /home/relissa/jmonkeyplatform/jmonkeyplatform/libs/nifty-style-black.jar
7f5bbb40f000-7f5bbb412000 r--s 00032000 08:16 1050313                    /usr/lib/jvm/java-7-openjdk-common/jre/lib/ext/sunjce_provider.jar
7f5bbb412000-7f5bbb414000 r--s 00012000 08:16 1050314                    /usr/lib/jvm/java-7-openjdk-common/jre/lib/ext/zipfs.jar
7f5bbb414000-7f5bbb415000 r--s 00002000 08:16 1050311                    /usr/lib/jvm/java-7-openjdk-common/jre/lib/ext/dnsns.jar
7f5bbb415000-7f5bbb418000 r--s 00085000 08:16 1050312                    /usr/lib/jvm/java-7-openjdk-common/jre/lib/ext/localedata.jar
7f5bbb418000-7f5bbb41b000 r--s 0000f000 08:16 1050315                    /usr/lib/jvm/java-7-openjdk-common/jre/lib/ext/pulse-java.jar
7f5bbb41b000-7f5bbb41c000 r--s 00007000 08:16 1453403                    /usr/share/java/java-atk-wrapper.jar
7f5bbb41c000-7f5bbb41f000 r--s 0003c000 08:16 1050310                    /usr/lib/jvm/java-7-openjdk-common/jre/lib/ext/sunpkcs11.jar
7f5bbb41f000-7f5bbb427000 rw-s 00000000 08:16 4063329                    /tmp/hsperfdata_relissa/8561 (deleted)
7f5bbb427000-7f5bbb428000 rw-p 00000000 00:00 0 
7f5bbb428000-7f5bbb429000 ---p 00000000 00:00 0 
7f5bbb429000-7f5bbb42b000 rw-p 00000000 00:00 0 
7f5bbb42b000-7f5bbb42c000 r--p 00022000 08:16 5246559                    /lib/x86_64-linux-gnu/ld-2.15.so
7f5bbb42c000-7f5bbb42e000 rw-p 00023000 08:16 5246559                    /lib/x86_64-linux-gnu/ld-2.15.so
7ffff8bb7000-7ffff8bd8000 rw-p 00000000 00:00 0                          [stack]
7ffff8bff000-7ffff8c00000 r-xp 00000000 00:00 0                          [vdso]
ffffffffff600000-ffffffffff601000 r-xp 00000000 00:00 0                  [vsyscall]

VM Arguments:
jvm_args: -Dfile.encoding=UTF-8 
java_command: OCLP.Main
Launcher Type: SUN_STANDARD

Environment Variables:
PATH=/usr/lib/lightdm/lightdm:/usr/local/sbin:/usr/local/bin:/usr/sbin:/usr/bin:/sbin:/bin:/usr/games
SHELL=/bin/bash
DISPLAY=:0

Signal Handlers:
SIGSEGV: [libjvm.so+0x8065e0], sa_mask[0]=0x7ffbfeff, sa_flags=0x10000004
SIGBUS: [libjvm.so+0x8065e0], sa_mask[0]=0x7ffbfeff, sa_flags=0x10000004
SIGFPE: [libjvm.so+0x6ac6d0], sa_mask[0]=0x7ffbfeff, sa_flags=0x10000004
SIGPIPE: [libjvm.so+0x6ac6d0], sa_mask[0]=0x7ffbfeff, sa_flags=0x10000004
SIGXFSZ: [libjvm.so+0x6ac6d0], sa_mask[0]=0x7ffbfeff, sa_flags=0x10000004
SIGILL: [libjvm.so+0x6ac6d0], sa_mask[0]=0x7ffbfeff, sa_flags=0x10000004
SIGUSR1: SIG_DFL, sa_mask[0]=0x00000000, sa_flags=0x00000000
SIGUSR2: [libjvm.so+0x6acaa0], sa_mask[0]=0x00000004, sa_flags=0x10000004
SIGHUP: [libjvm.so+0x6acbe0], sa_mask[0]=0x7ffbfeff, sa_flags=0x10000004
SIGINT: SIG_IGN, sa_mask[0]=0x00000000, sa_flags=0x00000000
SIGTERM: [libjvm.so+0x6acbe0], sa_mask[0]=0x7ffbfeff, sa_flags=0x10000004
SIGQUIT: [libjvm.so+0x6acbe0], sa_mask[0]=0x7ffbfeff, sa_flags=0x10000004


---------------  S Y S T E M  ---------------

OS:Ubuntu 12.04 (precise)
uname:Linux 3.2.0-24-generic #39-Ubuntu SMP Mon May 21 16:52:17 UTC 2012 x86_64
libc:glibc 2.15 NPTL 2.15 
rlimit: STACK 8192k, CORE 0k, NPROC 28916, NOFILE 4096, AS infinity
load average:2.35 1.76 1.54

/proc/meminfo:
MemTotal:        3791568 kB
MemFree:          840276 kB
Buffers:          133688 kB
Cached:          1279496 kB
SwapCached:          448 kB
Active:          1669132 kB
Inactive:         963612 kB
Active(anon):    1000484 kB
Inactive(anon):   231532 kB
Active(file):     668648 kB
Inactive(file):   732080 kB
Unevictable:           0 kB
Mlocked:               0 kB
SwapTotal:        999420 kB
SwapFree:         997980 kB
Dirty:               388 kB
Writeback:             0 kB
AnonPages:       1219300 kB
Mapped:           220340 kB
Shmem:             12456 kB
Slab:             144600 kB
SReclaimable:     118516 kB
SUnreclaim:        26084 kB
KernelStack:        3120 kB
PageTables:        31116 kB
NFS_Unstable:          0 kB
Bounce:                0 kB
WritebackTmp:          0 kB
CommitLimit:     2895204 kB
Committed_AS:    2751044 kB
VmallocTotal:   34359738367 kB
VmallocUsed:      300648 kB
VmallocChunk:   34359435432 kB
HardwareCorrupted:     0 kB
AnonHugePages:         0 kB
HugePages_Total:       0
HugePages_Free:        0
HugePages_Rsvd:        0
HugePages_Surp:        0
Hugepagesize:       2048 kB
DirectMap4k:     3659264 kB
DirectMap2M:      272384 kB
DirectMap1G:           0 kB


CPU:total 2 (2 cores per cpu, 1 threads per core) family 16 model 6 stepping 2, cmov, cx8, fxsr, mmx, sse, sse2, sse3, popcnt, mmxext, 3dnowpref, lzcnt, sse4a

/proc/cpuinfo:
processor	: 0
vendor_id	: AuthenticAMD
cpu family	: 16
model		: 6
model name	: AMD Athlon(tm) II X2 215 Processor
stepping	: 2
microcode	: 0x100009f
cpu MHz		: 2700.000
cache size	: 512 KB
physical id	: 0
siblings	: 2
core id		: 0
cpu cores	: 2
apicid		: 0
initial apicid	: 0
fpu		: yes
fpu_exception	: yes
cpuid level	: 5
wp		: yes
flags		: fpu vme de pse tsc msr pae mce cx8 apic sep mtrr pge mca cmov pat pse36 clflush mmx fxsr sse sse2 ht syscall nx mmxext fxsr_opt pdpe1gb rdtscp lm 3dnowext 3dnow constant_tsc rep_good nopl nonstop_tsc extd_apicid pni monitor cx16 popcnt lahf_lm cmp_legacy svm extapic cr8_legacy abm sse4a misalignsse 3dnowprefetch osvw ibs skinit wdt npt lbrv svm_lock nrip_save
bogomips	: 5400.31
TLB size	: 1024 4K pages
clflush size	: 64
cache_alignment	: 64
address sizes	: 48 bits physical, 48 bits virtual
power management: ts ttp tm stc 100mhzsteps hwpstate

processor	: 1
vendor_id	: AuthenticAMD
cpu family	: 16
model		: 6
model name	: AMD Athlon(tm) II X2 215 Processor
stepping	: 2
microcode	: 0x100009f
cpu MHz		: 2700.000
cache size	: 512 KB
physical id	: 0
siblings	: 2
core id		: 1
cpu cores	: 2
apicid		: 1
initial apicid	: 1
fpu		: yes
fpu_exception	: yes
cpuid level	: 5
wp		: yes
flags		: fpu vme de pse tsc msr pae mce cx8 apic sep mtrr pge mca cmov pat pse36 clflush mmx fxsr sse sse2 ht syscall nx mmxext fxsr_opt pdpe1gb rdtscp lm 3dnowext 3dnow constant_tsc rep_good nopl nonstop_tsc extd_apicid pni monitor cx16 popcnt lahf_lm cmp_legacy svm extapic cr8_legacy abm sse4a misalignsse 3dnowprefetch osvw ibs skinit wdt npt lbrv svm_lock nrip_save
bogomips	: 5386.51
TLB size	: 1024 4K pages
clflush size	: 64
cache_alignment	: 64
address sizes	: 48 bits physical, 48 bits virtual
power management: ts ttp tm stc 100mhzsteps hwpstate



Memory: 4k page, physical 3791568k(840276k free), swap 999420k(997980k free)

vm_info: OpenJDK 64-Bit Server VM (22.0-b10) for linux-amd64 JRE (1.7.0_03-b147), built on May  2 2012 16:57:58 by "buildd" with gcc 4.6.3

time: Sat Jun  9 12:41:51 2012
elapsed time: 13 seconds

