#
# A fatal error has been detected by the Java Runtime Environment:
#
#  SIGSEGV (0xb) at pc=0x00007fe41b4b5c58, pid=6395, tid=140617963706112
#
# JRE version: 7.0_03-b147
# Java VM: OpenJDK 64-Bit Server VM (22.0-b10 mixed mode linux-amd64 compressed oops)
# Derivative: IcedTea7 2.1.1pre
# Distribution: Ubuntu 12.04 LTS, package 7~u3-2.1.1~pre1-1ubuntu3
# Problematic frame:
# C  [libX11.so.6+0x33c58]  XQueryExtension+0x28
#
# Failed to write core dump. Core dumps have been disabled. To enable core dumping, try "ulimit -c unlimited" before starting Java again
#
# If you would like to submit a bug report, please include
# instructions on how to reproduce the bug and visit:
#   https://bugs.launchpad.net/ubuntu/+source/openjdk-7/
#

---------------  T H R E A D  ---------------

Current thread is native thread

siginfo:si_signo=SIGSEGV: si_errno=0, si_code=1 (SEGV_MAPERR), si_addr=0xffffffffe401a048

Registers:
RAX=0x000000000135aba0, RBX=0xffffffffe40196e0, RCX=0x00007fffe8b43c58, RDX=0x00007fffe8b43c54
RSP=0x00007fffe8b43bf0, RBP=0x00007fe3ee98b932, RSI=0x00007fe3ee98b932, RDI=0xffffffffe40196e0
R8 =0x00007fffe8b43c5c, R9 =0x0000000000000000, R10=0x00007fe42b857fa8, R11=0x00007fe42b4d9ca0
R12=0x0000000000000000, R13=0x00007fe3ee98b932, R14=0x000000000135aba0, R15=0x0000000000000000
RIP=0x00007fe41b4b5c58, EFLAGS=0x0000000000010206, CSGSFS=0x0000000000000033, ERR=0x0000000000000005
  TRAPNO=0x000000000000000e

Top of Stack: (sp=0x00007fffe8b43bf0)
0x00007fffe8b43bf0:   00007fe42b4ac790 00007fe42bc6c000
0x00007fffe8b43c00:   00007fe42ae68070 00007fe42bc6b000
0x00007fffe8b43c10:   00000000ffffffff ffffffffe40196e0
0x00007fffe8b43c20:   00007fe3ee98b932 0000000000000000
0x00007fffe8b43c30:   00007fe3ee98b932 000000000135aba0
0x00007fffe8b43c40:   0000000000000000 00007fe41b4a9c55
0x00007fffe8b43c50:   00007fe42bc8c048 00007fe3eeac4520
0x00007fffe8b43c60:   00007fe3eeac4520 ffffffffe40196e0
0x00007fffe8b43c70:   00007fe3e4036f70 00007fe41b7c302b
0x00007fffe8b43c80:   00007fe42b4ac790 0000001100000061
0x00007fffe8b43c90:   00007fffe8b43d10 0000000000000000
0x00007fffe8b43ca0:   00007fffe8b43d10 ffffffffe40196e0
0x00007fffe8b43cb0:   0000000000000000 00007fe42bc8c048
0x00007fffe8b43cc0:   00007fe3eeaddd50 00007fe3ee932119
0x00007fffe8b43cd0:   0000000000000000 0000000000000061
0x00007fffe8b43ce0:   00007fffe8b43d10 00007fffe8b43d30
0x00007fffe8b43cf0:   0000000000000000 00007fe42bc8c048
0x00007fffe8b43d00:   00007fe3e401c3e0 00007fe3ee928b42
0x00007fffe8b43d10:   00007fffe8b440b0 00007fe3ee98b8b1
0x00007fffe8b43d20:   0000000000000061 00007fe42ba7892d
0x00007fffe8b43d30:   00007fe42bc8d2c8 00007fe42bc8d858
0x00007fffe8b43d40:   00007fe42bc8a6a8 00007fe424006570
0x00007fffe8b43d50:   00007fe424007080 00007fe424007580
0x00007fffe8b43d60:   00007fe42400c260 00007fe3d819d4a0
0x00007fffe8b43d70:   00007fe3d81fe9c0 00007fe3d81bd5b0
0x00007fffe8b43d80:   00007fe3e400b6e0 00007fe3e400a8e0
0x00007fffe8b43d90:   00007fe4241d9660 00007fe4241de400
0x00007fffe8b43da0:   00007fe4241e5b10 00007fe4241e55e0
0x00007fffe8b43db0:   00007fe4241e50c0 00007fe4241ea490
0x00007fffe8b43dc0:   00007fe4241e9f80 00007fe4241eb7e0
0x00007fffe8b43dd0:   00007fe4241e9a80 00007fe4241e4b90
0x00007fffe8b43de0:   00007fe4241e85b0 00007fe4241eb150 

Instructions: (pc=0x00007fe41b4b5c58)
0x00007fe41b4b5c38:   24 d8 48 89 fb 4c 89 64 24 e0 4c 89 6c 24 e8 48
0x00007fe41b4b5c48:   89 f5 4c 89 74 24 f0 4c 89 7c 24 f8 48 83 ec 58
0x00007fe41b4b5c58:   48 8b 87 68 09 00 00 49 89 d4 49 89 cd 4d 89 c6
0x00007fe41b4b5c68:   48 85 c0 74 02 ff 10 ba 08 00 00 00 be 62 00 00 

Register to memory mapping:

RAX=0x000000000135aba0 is an unknown value
RBX=0xffffffffe40196e0 is an unknown value
RCX=0x00007fffe8b43c58 is an unknown value
RDX=0x00007fffe8b43c54 is an unknown value
RSP=0x00007fffe8b43bf0 is an unknown value
RBP=0x00007fe3ee98b932: <offset 0x96932> in /usr/lib/fglrx/libGL.so.1 at 0x00007fe3ee8f5000
RSI=0x00007fe3ee98b932: <offset 0x96932> in /usr/lib/fglrx/libGL.so.1 at 0x00007fe3ee8f5000
RDI=0xffffffffe40196e0 is an unknown value
R8 =0x00007fffe8b43c5c is an unknown value
R9 =0x0000000000000000 is an unknown value
R10=0x00007fe42b857fa8: <offset 0x3b9fa8> in /lib/x86_64-linux-gnu/libc.so.6 at 0x00007fe42b49e000
R11=0x00007fe42b4d9ca0: __cxa_finalize+0 in /lib/x86_64-linux-gnu/libc.so.6 at 0x00007fe42b49e000
R12=0x0000000000000000 is an unknown value
R13=0x00007fe3ee98b932: <offset 0x96932> in /usr/lib/fglrx/libGL.so.1 at 0x00007fe3ee8f5000
R14=0x000000000135aba0 is an unknown value
R15=0x0000000000000000 is an unknown value


Stack: [0x00007fffe8a47000,0x00007fffe8b47000],  sp=0x00007fffe8b43bf0,  free space=1010k
Native frames: (J=compiled Java code, j=interpreted, Vv=VM code, C=native code)
C  [libX11.so.6+0x33c58]  XQueryExtension+0x28


---------------  P R O C E S S  ---------------

VM state:at safepoint (shutting down)

VM Mutex/Monitor currently owned by a thread:  ([mutex/lock_event])
[0x00007fe424004940] Threads_lock - owner thread: 0x00007fe42409b800

Heap
 PSYoungGen      total 17280K, used 15142K [0x00000000ecb60000, 0x00000000edea0000, 0x0000000100000000)
  eden space 14848K, 85% used [0x00000000ecb60000,0x00000000ed7d1818,0x00000000ed9e0000)
  from space 2432K, 98% used [0x00000000ed9e0000,0x00000000edc38010,0x00000000edc40000)
  to   space 2432K, 0% used [0x00000000edc40000,0x00000000edc40000,0x00000000edea0000)
 PSOldGen        total 39552K, used 2143K [0x00000000c6200000, 0x00000000c88a0000, 0x00000000ecb60000)
  object space 39552K, 5% used [0x00000000c6200000,0x00000000c6417d40,0x00000000c88a0000)
 PSPermGen       total 21248K, used 20738K [0x00000000bbc00000, 0x00000000bd0c0000, 0x00000000c6200000)
  object space 21248K, 97% used [0x00000000bbc00000,0x00000000bd040980,0x00000000bd0c0000)

Code Cache  [0x00007fe421000000, 0x00007fe421270000, 0x00007fe424000000)
 total_blobs=891 nmethods=265 adapters=579 free_code_cache=48036Kb largest_free_block=49157696

Dynamic libraries:
00400000-00401000 r-xp 00000000 08:16 3544606                            /usr/lib/jvm/java-7-openjdk-amd64/jre/bin/java
00600000-00601000 r--p 00000000 08:16 3544606                            /usr/lib/jvm/java-7-openjdk-amd64/jre/bin/java
00601000-00602000 rw-p 00001000 08:16 3544606                            /usr/lib/jvm/java-7-openjdk-amd64/jre/bin/java
01358000-01379000 rw-p 00000000 00:00 0                                  [heap]
bbc00000-bd0c0000 rw-p 00000000 00:00 0 
bd0c0000-c6200000 rw-p 00000000 00:00 0 
c6200000-c88a0000 rw-p 00000000 00:00 0 
c88a0000-ecb60000 rw-p 00000000 00:00 0 
ecb60000-edea0000 rw-p 00000000 00:00 0 
edea0000-100000000 rw-p 00000000 00:00 0 
7fe3d37fe000-7fe3d37ff000 ---p 00000000 00:00 0 
7fe3d37ff000-7fe3d3fff000 rw-p 00000000 00:00 0 
7fe3d8000000-7fe3d8406000 rw-p 00000000 00:00 0 
7fe3d8406000-7fe3dc000000 ---p 00000000 00:00 0 
7fe3dc233000-7fe3dc234000 ---p 00000000 00:00 0 
7fe3dc234000-7fe3dca34000 rw-p 00000000 00:00 0 
7fe3dcc35000-7fe3dcc73000 r-xp 00000000 08:16 1056348                    /usr/lib/x86_64-linux-gnu/libjpeg.so.8.0.2
7fe3dcc73000-7fe3dce72000 ---p 0003e000 08:16 1056348                    /usr/lib/x86_64-linux-gnu/libjpeg.so.8.0.2
7fe3dce72000-7fe3dce73000 r--p 0003d000 08:16 1056348                    /usr/lib/x86_64-linux-gnu/libjpeg.so.8.0.2
7fe3dce73000-7fe3dce74000 rw-p 0003e000 08:16 1056348                    /usr/lib/x86_64-linux-gnu/libjpeg.so.8.0.2
7fe3dce74000-7fe3dce84000 rw-p 00000000 00:00 0 
7fe3dce84000-7fe3dce8d000 r-xp 00000000 08:16 3544590                    /usr/lib/jvm/java-7-openjdk-amd64/jre/lib/amd64/libjavajpeg.so
7fe3dce8d000-7fe3dd08c000 ---p 00009000 08:16 3544590                    /usr/lib/jvm/java-7-openjdk-amd64/jre/lib/amd64/libjavajpeg.so
7fe3dd08c000-7fe3dd08d000 r--p 00008000 08:16 3544590                    /usr/lib/jvm/java-7-openjdk-amd64/jre/lib/amd64/libjavajpeg.so
7fe3dd08d000-7fe3dd08e000 rw-p 00009000 08:16 3544590                    /usr/lib/jvm/java-7-openjdk-amd64/jre/lib/amd64/libjavajpeg.so
7fe3dd08e000-7fe3dd08f000 ---p 00000000 00:00 0 
7fe3dd08f000-7fe3dd88f000 rw-p 00000000 00:00 0 
7fe3dd88f000-7fe3dd890000 ---p 00000000 00:00 0 
7fe3dd890000-7fe3de090000 rw-p 00000000 00:00 0 
7fe3de090000-7fe3de096000 r-xp 00000000 08:16 1056418                    /usr/lib/x86_64-linux-gnu/libogg.so.0.7.1
7fe3de096000-7fe3de295000 ---p 00006000 08:16 1056418                    /usr/lib/x86_64-linux-gnu/libogg.so.0.7.1
7fe3de295000-7fe3de296000 r--p 00005000 08:16 1056418                    /usr/lib/x86_64-linux-gnu/libogg.so.0.7.1
7fe3de296000-7fe3de297000 rw-p 00006000 08:16 1056418                    /usr/lib/x86_64-linux-gnu/libogg.so.0.7.1
7fe3de297000-7fe3de2c2000 r-xp 00000000 08:16 1056576                    /usr/lib/x86_64-linux-gnu/libvorbis.so.0.4.5
7fe3de2c2000-7fe3de4c1000 ---p 0002b000 08:16 1056576                    /usr/lib/x86_64-linux-gnu/libvorbis.so.0.4.5
7fe3de4c1000-7fe3de4c2000 r--p 0002a000 08:16 1056576                    /usr/lib/x86_64-linux-gnu/libvorbis.so.0.4.5
7fe3de4c2000-7fe3de4c3000 rw-p 0002b000 08:16 1056576                    /usr/lib/x86_64-linux-gnu/libvorbis.so.0.4.5
7fe3de4c3000-7fe3de776000 r-xp 00000000 08:16 1056578                    /usr/lib/x86_64-linux-gnu/libvorbisenc.so.2.0.8
7fe3de776000-7fe3de975000 ---p 002b3000 08:16 1056578                    /usr/lib/x86_64-linux-gnu/libvorbisenc.so.2.0.8
7fe3de975000-7fe3de991000 r--p 002b2000 08:16 1056578                    /usr/lib/x86_64-linux-gnu/libvorbisenc.so.2.0.8
7fe3de991000-7fe3de992000 rw-p 002ce000 08:16 1056578                    /usr/lib/x86_64-linux-gnu/libvorbisenc.so.2.0.8
7fe3de992000-7fe3de9da000 r-xp 00000000 08:16 1055951                    /usr/lib/x86_64-linux-gnu/libFLAC.so.8.2.0
7fe3de9da000-7fe3debda000 ---p 00048000 08:16 1055951                    /usr/lib/x86_64-linux-gnu/libFLAC.so.8.2.0
7fe3debda000-7fe3debdb000 r--p 00048000 08:16 1055951                    /usr/lib/x86_64-linux-gnu/libFLAC.so.8.2.0
7fe3debdb000-7fe3debdc000 rw-p 00049000 08:16 1055951                    /usr/lib/x86_64-linux-gnu/libFLAC.so.8.2.0
7fe3debdc000-7fe3debe1000 r-xp 00000000 08:16 1056065                    /usr/lib/x86_64-linux-gnu/libasyncns.so.0.3.1
7fe3debe1000-7fe3dede0000 ---p 00005000 08:16 1056065                    /usr/lib/x86_64-linux-gnu/libasyncns.so.0.3.1
7fe3dede0000-7fe3dede1000 r--p 00004000 08:16 1056065                    /usr/lib/x86_64-linux-gnu/libasyncns.so.0.3.1
7fe3dede1000-7fe3dede2000 rw-p 00005000 08:16 1056065                    /usr/lib/x86_64-linux-gnu/libasyncns.so.0.3.1
7fe3dede2000-7fe3dee42000 r-xp 00000000 08:16 1056513                    /usr/lib/x86_64-linux-gnu/libsndfile.so.1.0.25
7fe3dee42000-7fe3df042000 ---p 00060000 08:16 1056513                    /usr/lib/x86_64-linux-gnu/libsndfile.so.1.0.25
7fe3df042000-7fe3df044000 r--p 00060000 08:16 1056513                    /usr/lib/x86_64-linux-gnu/libsndfile.so.1.0.25
7fe3df044000-7fe3df045000 rw-p 00062000 08:16 1056513                    /usr/lib/x86_64-linux-gnu/libsndfile.so.1.0.25
7fe3df045000-7fe3df049000 rw-p 00000000 00:00 0 
7fe3df049000-7fe3df051000 r-xp 00000000 08:16 5246688                    /lib/x86_64-linux-gnu/libwrap.so.0.7.6
7fe3df051000-7fe3df250000 ---p 00008000 08:16 5246688                    /lib/x86_64-linux-gnu/libwrap.so.0.7.6
7fe3df250000-7fe3df251000 r--p 00007000 08:16 5246688                    /lib/x86_64-linux-gnu/libwrap.so.0.7.6
7fe3df251000-7fe3df252000 rw-p 00008000 08:16 5246688                    /lib/x86_64-linux-gnu/libwrap.so.0.7.6
7fe3df252000-7fe3df2ae000 r-xp 00000000 08:16 1055773                    /usr/lib/x86_64-linux-gnu/libpulsecommon-1.1.so
7fe3df2ae000-7fe3df4ae000 ---p 0005c000 08:16 1055773                    /usr/lib/x86_64-linux-gnu/libpulsecommon-1.1.so
7fe3df4ae000-7fe3df4af000 r--p 0005c000 08:16 1055773                    /usr/lib/x86_64-linux-gnu/libpulsecommon-1.1.so
7fe3df4af000-7fe3df4b0000 rw-p 0005d000 08:16 1055773                    /usr/lib/x86_64-linux-gnu/libpulsecommon-1.1.so
7fe3df4b0000-7fe3df4b7000 r-xp 00000000 08:16 1056352                    /usr/lib/x86_64-linux-gnu/libjson.so.0.0.1
7fe3df4b7000-7fe3df6b6000 ---p 00007000 08:16 1056352                    /usr/lib/x86_64-linux-gnu/libjson.so.0.0.1
7fe3df6b6000-7fe3df6b7000 r--p 00006000 08:16 1056352                    /usr/lib/x86_64-linux-gnu/libjson.so.0.0.1
7fe3df6b7000-7fe3df6b8000 rw-p 00007000 08:16 1056352                    /usr/lib/x86_64-linux-gnu/libjson.so.0.0.1
7fe3df6b8000-7fe3df6fe000 r-xp 00000000 08:16 1055774                    /usr/lib/x86_64-linux-gnu/libpulse.so.0.13.5
7fe3df6fe000-7fe3df8fe000 ---p 00046000 08:16 1055774                    /usr/lib/x86_64-linux-gnu/libpulse.so.0.13.5
7fe3df8fe000-7fe3df8ff000 r--p 00046000 08:16 1055774                    /usr/lib/x86_64-linux-gnu/libpulse.so.0.13.5
7fe3df8ff000-7fe3df900000 rw-p 00047000 08:16 1055774                    /usr/lib/x86_64-linux-gnu/libpulse.so.0.13.5
7fe3df900000-7fe3e0000000 rw-s 19078000 00:05 9165                       /dev/ati/card0
7fe3e0000000-7fe3e0021000 rw-p 00000000 00:00 0 
7fe3e0021000-7fe3e4000000 ---p 00000000 00:00 0 
7fe3e4000000-7fe3e4f61000 rw-p 00000000 00:00 0 
7fe3e4f61000-7fe3e8000000 ---p 00000000 00:00 0 
7fe3e8000000-7fe3e8021000 rw-p 00000000 00:00 0 
7fe3e8021000-7fe3ec000000 ---p 00000000 00:00 0 
7fe3ec3c9000-7fe3ec404000 r-xp 00000000 08:16 1054638                    /usr/lib/fglrx/libatiadlxx.so
7fe3ec404000-7fe3ec504000 ---p 0003b000 08:16 1054638                    /usr/lib/fglrx/libatiadlxx.so
7fe3ec504000-7fe3ec50d000 rw-p 0003b000 08:16 1054638                    /usr/lib/fglrx/libatiadlxx.so
7fe3ec50d000-7fe3ec51e000 rw-p 00000000 00:00 0 
7fe3ec51e000-7fe3ec525000 r-xp 00000000 08:16 1054658                    /usr/lib/fglrx/libatiuki.so.1.0
7fe3ec525000-7fe3ec625000 ---p 00007000 08:16 1054658                    /usr/lib/fglrx/libatiuki.so.1.0
7fe3ec625000-7fe3ec626000 rw-p 00007000 08:16 1054658                    /usr/lib/fglrx/libatiuki.so.1.0
7fe3ec626000-7fe3ec627000 rw-p 00000000 00:00 0 
7fe3ec627000-7fe3ee581000 r-xp 00000000 08:16 1054642                    /usr/lib/fglrx/dri/fglrx_dri.so
7fe3ee581000-7fe3ee681000 ---p 01f5a000 08:16 1054642                    /usr/lib/fglrx/dri/fglrx_dri.so
7fe3ee681000-7fe3ee7cf000 rwxp 01f5a000 08:16 1054642                    /usr/lib/fglrx/dri/fglrx_dri.so
7fe3ee7cf000-7fe3ee8f5000 rwxp 00000000 00:00 0 
7fe3ee8f5000-7fe3ee9b8000 r-xp 00000000 08:16 1054665                    /usr/lib/fglrx/libGL.so.1.2
7fe3ee9b8000-7fe3eeab7000 ---p 000c3000 08:16 1054665                    /usr/lib/fglrx/libGL.so.1.2
7fe3eeab7000-7fe3eeade000 rwxp 000c2000 08:16 1054665                    /usr/lib/fglrx/libGL.so.1.2
7fe3eeade000-7fe3eeafe000 rwxp 00000000 00:00 0 
7fe3eeafe000-7fe3eeb02000 r-xp 00000000 08:16 1056049                    /usr/lib/x86_64-linux-gnu/libXxf86vm.so.1.0.0
7fe3eeb02000-7fe3eed01000 ---p 00004000 08:16 1056049                    /usr/lib/x86_64-linux-gnu/libXxf86vm.so.1.0.0
7fe3eed01000-7fe3eed02000 r--p 00003000 08:16 1056049                    /usr/lib/x86_64-linux-gnu/libXxf86vm.so.1.0.0
7fe3eed02000-7fe3eed03000 rw-p 00004000 08:16 1056049                    /usr/lib/x86_64-linux-gnu/libXxf86vm.so.1.0.0
7fe3eed03000-7fe3eed69000 r-xp 00000000 08:16 3673310                    /home/relissa/.jme3/natives_9a0c8f4d/liblwjgl64.so
7fe3eed69000-7fe3eef69000 ---p 00066000 08:16 3673310                    /home/relissa/.jme3/natives_9a0c8f4d/liblwjgl64.so
7fe3eef69000-7fe3eef6b000 r--p 00066000 08:16 3673310                    /home/relissa/.jme3/natives_9a0c8f4d/liblwjgl64.so
7fe3eef6b000-7fe3eef6c000 rw-p 00068000 08:16 3673310                    /home/relissa/.jme3/natives_9a0c8f4d/liblwjgl64.so
7fe3eef6c000-7fe3eef6d000 r-xp 00000000 08:16 3544578                    /usr/lib/jvm/java-7-openjdk-amd64/jre/lib/amd64/libjawt.so
7fe3eef6d000-7fe3ef16c000 ---p 00001000 08:16 3544578                    /usr/lib/jvm/java-7-openjdk-amd64/jre/lib/amd64/libjawt.so
7fe3ef16c000-7fe3ef16d000 r--p 00000000 08:16 3544578                    /usr/lib/jvm/java-7-openjdk-amd64/jre/lib/amd64/libjawt.so
7fe3ef16d000-7fe3ef16e000 rw-p 00001000 08:16 3544578                    /usr/lib/jvm/java-7-openjdk-amd64/jre/lib/amd64/libjawt.so
7fe3ef16e000-7fe3ef171000 ---p 00000000 00:00 0 
7fe3ef171000-7fe3ef26f000 rw-p 00000000 00:00 0 
7fe3ef26f000-7fe3ef27f000 r-xp 00000000 08:16 3544571                    /usr/lib/jvm/java-7-openjdk-amd64/jre/lib/amd64/libnio.so
7fe3ef27f000-7fe3ef47e000 ---p 00010000 08:16 3544571                    /usr/lib/jvm/java-7-openjdk-amd64/jre/lib/amd64/libnio.so
7fe3ef47e000-7fe3ef47f000 r--p 0000f000 08:16 3544571                    /usr/lib/jvm/java-7-openjdk-amd64/jre/lib/amd64/libnio.so
7fe3ef47f000-7fe3ef480000 rw-p 00010000 08:16 3544571                    /usr/lib/jvm/java-7-openjdk-amd64/jre/lib/amd64/libnio.so
7fe3ef480000-7fe3ef496000 r-xp 00000000 08:16 3544572                    /usr/lib/jvm/java-7-openjdk-amd64/jre/lib/amd64/libnet.so
7fe3ef496000-7fe3ef696000 ---p 00016000 08:16 3544572                    /usr/lib/jvm/java-7-openjdk-amd64/jre/lib/amd64/libnet.so
7fe3ef696000-7fe3ef697000 r--p 00016000 08:16 3544572                    /usr/lib/jvm/java-7-openjdk-amd64/jre/lib/amd64/libnet.so
7fe3ef697000-7fe3ef698000 rw-p 00017000 08:16 3544572                    /usr/lib/jvm/java-7-openjdk-amd64/jre/lib/amd64/libnet.so
7fe3ef698000-7fe3ef6d3000 r-xp 00000000 08:16 3544568                    /usr/lib/jvm/java-7-openjdk-amd64/jre/lib/amd64/libfontmanager.so
7fe3ef6d3000-7fe3ef8d2000 ---p 0003b000 08:16 3544568                    /usr/lib/jvm/java-7-openjdk-amd64/jre/lib/amd64/libfontmanager.so
7fe3ef8d2000-7fe3ef8d4000 r--p 0003a000 08:16 3544568                    /usr/lib/jvm/java-7-openjdk-amd64/jre/lib/amd64/libfontmanager.so
7fe3ef8d4000-7fe3ef8d5000 rw-p 0003c000 08:16 3544568                    /usr/lib/jvm/java-7-openjdk-amd64/jre/lib/amd64/libfontmanager.so
7fe3ef8d5000-7fe3ef8d8000 ---p 00000000 00:00 0 
7fe3ef8d8000-7fe3ef9d6000 rw-p 00000000 00:00 0 
7fe3ef9d6000-7fe3ef9d9000 ---p 00000000 00:00 0 
7fe3ef9d9000-7fe3efad7000 rw-p 00000000 00:00 0 
7fe3efad7000-7fe3efada000 ---p 00000000 00:00 0 
7fe3efada000-7fe3efbd8000 rw-p 00000000 00:00 0 
7fe3efcd9000-7fe3efcdc000 ---p 00000000 00:00 0 
7fe3efcdc000-7fe3efdda000 rw-p 00000000 00:00 0 
7fe3efdda000-7fe3efddd000 ---p 00000000 00:00 0 
7fe3efddd000-7fe3efedb000 rw-p 00000000 00:00 0 
7fe3efedb000-7fe3efede000 r-xp 00000000 08:16 5246606                    /lib/x86_64-linux-gnu/libgpg-error.so.0.8.0
7fe3efede000-7fe3f00dd000 ---p 00003000 08:16 5246606                    /lib/x86_64-linux-gnu/libgpg-error.so.0.8.0
7fe3f00dd000-7fe3f00de000 r--p 00002000 08:16 5246606                    /lib/x86_64-linux-gnu/libgpg-error.so.0.8.0
7fe3f00de000-7fe3f00df000 rw-p 00003000 08:16 5246606                    /lib/x86_64-linux-gnu/libgpg-error.so.0.8.0
7fe3f00df000-7fe3f00e2000 r-xp 00000000 08:16 5246610                    /lib/x86_64-linux-gnu/libkeyutils.so.1.4
7fe3f00e2000-7fe3f02e1000 ---p 00003000 08:16 5246610                    /lib/x86_64-linux-gnu/libkeyutils.so.1.4
7fe3f02e1000-7fe3f02e2000 r--p 00002000 08:16 5246610                    /lib/x86_64-linux-gnu/libkeyutils.so.1.4
7fe3f02e2000-7fe3f02e3000 rw-p 00003000 08:16 5246610                    /lib/x86_64-linux-gnu/libkeyutils.so.1.4
7fe3f02e3000-7fe3f0325000 r-xp 00000000 08:16 5246591                    /lib/x86_64-linux-gnu/libdbus-1.so.3.5.8
7fe3f0325000-7fe3f0525000 ---p 00042000 08:16 5246591                    /lib/x86_64-linux-gnu/libdbus-1.so.3.5.8
7fe3f0525000-7fe3f0526000 r--p 00042000 08:16 5246591                    /lib/x86_64-linux-gnu/libdbus-1.so.3.5.8
7fe3f0526000-7fe3f0527000 rw-p 00043000 08:16 5246591                    /lib/x86_64-linux-gnu/libdbus-1.so.3.5.8
7fe3f0527000-7fe3f0538000 r-xp 00000000 08:16 1056424                    /usr/lib/x86_64-linux-gnu/libp11-kit.so.0.0.0
7fe3f0538000-7fe3f0737000 ---p 00011000 08:16 1056424                    /usr/lib/x86_64-linux-gnu/libp11-kit.so.0.0.0
7fe3f0737000-7fe3f0738000 r--p 00010000 08:16 1056424                    /usr/lib/x86_64-linux-gnu/libp11-kit.so.0.0.0
7fe3f0738000-7fe3f0739000 rw-p 00011000 08:16 1056424                    /usr/lib/x86_64-linux-gnu/libp11-kit.so.0.0.0
7fe3f0739000-7fe3f07b3000 r-xp 00000000 08:16 5246882                    /lib/x86_64-linux-gnu/libgcrypt.so.11.7.0
7fe3f07b3000-7fe3f09b3000 ---p 0007a000 08:16 5246882                    /lib/x86_64-linux-gnu/libgcrypt.so.11.7.0
7fe3f09b3000-7fe3f09b4000 r--p 0007a000 08:16 5246882                    /lib/x86_64-linux-gnu/libgcrypt.so.11.7.0
7fe3f09b4000-7fe3f09b7000 rw-p 0007b000 08:16 5246882                    /lib/x86_64-linux-gnu/libgcrypt.so.11.7.0
7fe3f09b7000-7fe3f09c7000 r-xp 00000000 08:16 1061093                    /usr/lib/x86_64-linux-gnu/libtasn1.so.3.1.12
7fe3f09c7000-7fe3f0bc6000 ---p 00010000 08:16 1061093                    /usr/lib/x86_64-linux-gnu/libtasn1.so.3.1.12
7fe3f0bc6000-7fe3f0bc7000 r--p 0000f000 08:16 1061093                    /usr/lib/x86_64-linux-gnu/libtasn1.so.3.1.12
7fe3f0bc7000-7fe3f0bc8000 rw-p 00010000 08:16 1061093                    /usr/lib/x86_64-linux-gnu/libtasn1.so.3.1.12
7fe3f0bc8000-7fe3f0bcf000 r-xp 00000000 08:16 1052728                    /usr/lib/x86_64-linux-gnu/libkrb5support.so.0.1
7fe3f0bcf000-7fe3f0dce000 ---p 00007000 08:16 1052728                    /usr/lib/x86_64-linux-gnu/libkrb5support.so.0.1
7fe3f0dce000-7fe3f0dcf000 r--p 00006000 08:16 1052728                    /usr/lib/x86_64-linux-gnu/libkrb5support.so.0.1
7fe3f0dcf000-7fe3f0dd0000 rw-p 00007000 08:16 1052728                    /usr/lib/x86_64-linux-gnu/libkrb5support.so.0.1
7fe3f0dd0000-7fe3f0dd3000 r-xp 00000000 08:16 5246586                    /lib/x86_64-linux-gnu/libcom_err.so.2.1
7fe3f0dd3000-7fe3f0fd2000 ---p 00003000 08:16 5246586                    /lib/x86_64-linux-gnu/libcom_err.so.2.1
7fe3f0fd2000-7fe3f0fd3000 r--p 00002000 08:16 5246586                    /lib/x86_64-linux-gnu/libcom_err.so.2.1
7fe3f0fd3000-7fe3f0fd4000 rw-p 00003000 08:16 5246586                    /lib/x86_64-linux-gnu/libcom_err.so.2.1
7fe3f0fd4000-7fe3f0ff9000 r-xp 00000000 08:16 1052714                    /usr/lib/x86_64-linux-gnu/libk5crypto.so.3.1
7fe3f0ff9000-7fe3f11f9000 ---p 00025000 08:16 1052714                    /usr/lib/x86_64-linux-gnu/libk5crypto.so.3.1
7fe3f11f9000-7fe3f11fa000 r--p 00025000 08:16 1052714                    /usr/lib/x86_64-linux-gnu/libk5crypto.so.3.1
7fe3f11fa000-7fe3f11fb000 rw-p 00026000 08:16 1052714                    /usr/lib/x86_64-linux-gnu/libk5crypto.so.3.1
7fe3f11fb000-7fe3f11fc000 rw-p 00000000 00:00 0 
7fe3f11fc000-7fe3f12c0000 r-xp 00000000 08:16 1052724                    /usr/lib/x86_64-linux-gnu/libkrb5.so.3.3
7fe3f12c0000-7fe3f14bf000 ---p 000c4000 08:16 1052724                    /usr/lib/x86_64-linux-gnu/libkrb5.so.3.3
7fe3f14bf000-7fe3f14c9000 r--p 000c3000 08:16 1052724                    /usr/lib/x86_64-linux-gnu/libkrb5.so.3.3
7fe3f14c9000-7fe3f14ca000 rw-p 000cd000 08:16 1052724                    /usr/lib/x86_64-linux-gnu/libkrb5.so.3.3
7fe3f14ca000-7fe3f14d2000 r-xp 00000000 08:16 1056599                    /usr/lib/x86_64-linux-gnu/libxcb-render.so.0.0.0
7fe3f14d2000-7fe3f16d2000 ---p 00008000 08:16 1056599                    /usr/lib/x86_64-linux-gnu/libxcb-render.so.0.0.0
7fe3f16d2000-7fe3f16d3000 r--p 00008000 08:16 1056599                    /usr/lib/x86_64-linux-gnu/libxcb-render.so.0.0.0
7fe3f16d3000-7fe3f16d4000 rw-p 00009000 08:16 1056599                    /usr/lib/x86_64-linux-gnu/libxcb-render.so.0.0.0
7fe3f16d4000-7fe3f16d6000 r-xp 00000000 08:16 1056603                    /usr/lib/x86_64-linux-gnu/libxcb-shm.so.0.0.0
7fe3f16d6000-7fe3f18d5000 ---p 00002000 08:16 1056603                    /usr/lib/x86_64-linux-gnu/libxcb-shm.so.0.0.0
7fe3f18d5000-7fe3f18d6000 r--p 00001000 08:16 1056603                    /usr/lib/x86_64-linux-gnu/libxcb-shm.so.0.0.0
7fe3f18d6000-7fe3f18d7000 rw-p 00002000 08:16 1056603                    /usr/lib/x86_64-linux-gnu/libxcb-shm.so.0.0.0
7fe3f18d7000-7fe3f18fd000 r-xp 00000000 08:16 5246656                    /lib/x86_64-linux-gnu/libpng12.so.0.46.0
7fe3f18fd000-7fe3f1afd000 ---p 00026000 08:16 5246656                    /lib/x86_64-linux-gnu/libpng12.so.0.46.0
7fe3f1afd000-7fe3f1afe000 r--p 00026000 08:16 5246656                    /lib/x86_64-linux-gnu/libpng12.so.0.46.0
7fe3f1afe000-7fe3f1aff000 rw-p 00027000 08:16 5246656                    /lib/x86_64-linux-gnu/libpng12.so.0.46.0
7fe3f1aff000-7fe3f1b80000 r-xp 00000000 08:16 1056450                    /usr/lib/x86_64-linux-gnu/libpixman-1.so.0.24.4
7fe3f1b80000-7fe3f1d7f000 ---p 00081000 08:16 1056450                    /usr/lib/x86_64-linux-gnu/libpixman-1.so.0.24.4
7fe3f1d7f000-7fe3f1d85000 r--p 00080000 08:16 1056450                    /usr/lib/x86_64-linux-gnu/libpixman-1.so.0.24.4
7fe3f1d85000-7fe3f1d86000 rw-p 00086000 08:16 1056450                    /usr/lib/x86_64-linux-gnu/libpixman-1.so.0.24.4
7fe3f1d86000-7fe3f1d8b000 r-xp 00000000 08:16 1056019                    /usr/lib/x86_64-linux-gnu/libXdmcp.so.6.0.0
7fe3f1d8b000-7fe3f1f8a000 ---p 00005000 08:16 1056019                    /usr/lib/x86_64-linux-gnu/libXdmcp.so.6.0.0
7fe3f1f8a000-7fe3f1f8b000 r--p 00004000 08:16 1056019                    /usr/lib/x86_64-linux-gnu/libXdmcp.so.6.0.0
7fe3f1f8b000-7fe3f1f8c000 rw-p 00005000 08:16 1056019                    /usr/lib/x86_64-linux-gnu/libXdmcp.so.6.0.0
7fe3f1f8c000-7fe3f1f8e000 r-xp 00000000 08:16 1056008                    /usr/lib/x86_64-linux-gnu/libXau.so.6.0.0
7fe3f1f8e000-7fe3f218d000 ---p 00002000 08:16 1056008                    /usr/lib/x86_64-linux-gnu/libXau.so.6.0.0
7fe3f218d000-7fe3f218e000 r--p 00001000 08:16 1056008                    /usr/lib/x86_64-linux-gnu/libXau.so.6.0.0
7fe3f218e000-7fe3f218f000 rw-p 00002000 08:16 1056008                    /usr/lib/x86_64-linux-gnu/libXau.so.6.0.0
7fe3f218f000-7fe3f219f000 r-xp 00000000 08:16 1056075                    /usr/lib/x86_64-linux-gnu/libavahi-client.so.3.2.9
7fe3f219f000-7fe3f239e000 ---p 00010000 08:16 1056075                    /usr/lib/x86_64-linux-gnu/libavahi-client.so.3.2.9
7fe3f239e000-7fe3f239f000 r--p 0000f000 08:16 1056075                    /usr/lib/x86_64-linux-gnu/libavahi-client.so.3.2.9
7fe3f239f000-7fe3f23a0000 rw-p 00010000 08:16 1056075                    /usr/lib/x86_64-linux-gnu/libavahi-client.so.3.2.9
7fe3f23a0000-7fe3f23ab000 r-xp 00000000 08:16 1056077                    /usr/lib/x86_64-linux-gnu/libavahi-common.so.3.5.3
7fe3f23ab000-7fe3f25aa000 ---p 0000b000 08:16 1056077                    /usr/lib/x86_64-linux-gnu/libavahi-common.so.3.5.3
7fe3f25aa000-7fe3f25ab000 r--p 0000a000 08:16 1056077                    /usr/lib/x86_64-linux-gnu/libavahi-common.so.3.5.3
7fe3f25ab000-7fe3f25ac000 rw-p 0000b000 08:16 1056077                    /usr/lib/x86_64-linux-gnu/libavahi-common.so.3.5.3
7fe3f25ac000-7fe3f2660000 r-xp 00000000 08:16 1056248                    /usr/lib/x86_64-linux-gnu/libgnutls.so.26.21.8
7fe3f2660000-7fe3f2860000 ---p 000b4000 08:16 1056248                    /usr/lib/x86_64-linux-gnu/libgnutls.so.26.21.8
7fe3f2860000-7fe3f2866000 r--p 000b4000 08:16 1056248                    /usr/lib/x86_64-linux-gnu/libgnutls.so.26.21.8
7fe3f2866000-7fe3f2867000 rw-p 000ba000 08:16 1056248                    /usr/lib/x86_64-linux-gnu/libgnutls.so.26.21.8
7fe3f2867000-7fe3f2868000 rw-p 00000000 00:00 0 
7fe3f2868000-7fe3f28a3000 r-xp 00000000 08:16 1052718                    /usr/lib/x86_64-linux-gnu/libgssapi_krb5.so.2.2
7fe3f28a3000-7fe3f2aa3000 ---p 0003b000 08:16 1052718                    /usr/lib/x86_64-linux-gnu/libgssapi_krb5.so.2.2
7fe3f2aa3000-7fe3f2aa4000 r--p 0003b000 08:16 1052718                    /usr/lib/x86_64-linux-gnu/libgssapi_krb5.so.2.2
7fe3f2aa4000-7fe3f2aa6000 rw-p 0003c000 08:16 1052718                    /usr/lib/x86_64-linux-gnu/libgssapi_krb5.so.2.2
7fe3f2aa6000-7fe3f2ae2000 r-xp 00000000 08:16 5246652                    /lib/x86_64-linux-gnu/libpcre.so.3.12.1
7fe3f2ae2000-7fe3f2ce1000 ---p 0003c000 08:16 5246652                    /lib/x86_64-linux-gnu/libpcre.so.3.12.1
7fe3f2ce1000-7fe3f2ce2000 r--p 0003b000 08:16 5246652                    /lib/x86_64-linux-gnu/libpcre.so.3.12.1
7fe3f2ce2000-7fe3f2ce3000 rw-p 0003c000 08:16 5246652                    /lib/x86_64-linux-gnu/libpcre.so.3.12.1
7fe3f2ce3000-7fe3f2cea000 r-xp 00000000 08:16 1056193                    /usr/lib/x86_64-linux-gnu/libffi.so.6.0.0
7fe3f2cea000-7fe3f2ee9000 ---p 00007000 08:16 1056193                    /usr/lib/x86_64-linux-gnu/libffi.so.6.0.0
7fe3f2ee9000-7fe3f2eea000 r--p 00006000 08:16 1056193                    /usr/lib/x86_64-linux-gnu/libffi.so.6.0.0
7fe3f2eea000-7fe3f2eeb000 rw-p 00007000 08:16 1056193                    /usr/lib/x86_64-linux-gnu/libffi.so.6.0.0
7fe3f2eeb000-7fe3f2f12000 r-xp 00000000 08:16 5246597                    /lib/x86_64-linux-gnu/libexpat.so.1.5.2
7fe3f2f12000-7fe3f3112000 ---p 00027000 08:16 5246597                    /lib/x86_64-linux-gnu/libexpat.so.1.5.2
7fe3f3112000-7fe3f3114000 r--p 00027000 08:16 5246597                    /lib/x86_64-linux-gnu/libexpat.so.1.5.2
7fe3f3114000-7fe3f3115000 rw-p 00029000 08:16 5246597                    /lib/x86_64-linux-gnu/libexpat.so.1.5.2
7fe3f3115000-7fe3f31ab000 r-xp 00000000 08:16 1056201                    /usr/lib/x86_64-linux-gnu/libfreetype.so.6.8.0
7fe3f31ab000-7fe3f33aa000 ---p 00096000 08:16 1056201                    /usr/lib/x86_64-linux-gnu/libfreetype.so.6.8.0
7fe3f33aa000-7fe3f33b0000 r--p 00095000 08:16 1056201                    /usr/lib/x86_64-linux-gnu/libfreetype.so.6.8.0
7fe3f33b0000-7fe3f33b1000 rw-p 0009b000 08:16 1056201                    /usr/lib/x86_64-linux-gnu/libfreetype.so.6.8.0
7fe3f33b1000-7fe3f33c9000 r-xp 00000000 08:16 5246663                    /lib/x86_64-linux-gnu/libresolv-2.15.so
7fe3f33c9000-7fe3f35c9000 ---p 00018000 08:16 5246663                    /lib/x86_64-linux-gnu/libresolv-2.15.so
7fe3f35c9000-7fe3f35ca000 r--p 00018000 08:16 5246663                    /lib/x86_64-linux-gnu/libresolv-2.15.so
7fe3f35ca000-7fe3f35cb000 rw-p 00019000 08:16 5246663                    /lib/x86_64-linux-gnu/libresolv-2.15.so
7fe3f35cb000-7fe3f35cd000 rw-p 00000000 00:00 0 
7fe3f35cd000-7fe3f35ea000 r-xp 00000000 08:16 5246667                    /lib/x86_64-linux-gnu/libselinux.so.1
7fe3f35ea000-7fe3f37e9000 ---p 0001d000 08:16 5246667                    /lib/x86_64-linux-gnu/libselinux.so.1
7fe3f37e9000-7fe3f37ea000 r--p 0001c000 08:16 5246667                    /lib/x86_64-linux-gnu/libselinux.so.1
7fe3f37ea000-7fe3f37eb000 rw-p 0001d000 08:16 5246667                    /lib/x86_64-linux-gnu/libselinux.so.1
7fe3f37eb000-7fe3f37ec000 rw-p 00000000 00:00 0 
7fe3f37ec000-7fe3f37ef000 r-xp 00000000 08:16 1056240                    /usr/lib/x86_64-linux-gnu/libgmodule-2.0.so.0.3200.1
7fe3f37ef000-7fe3f39ee000 ---p 00003000 08:16 1056240                    /usr/lib/x86_64-linux-gnu/libgmodule-2.0.so.0.3200.1
7fe3f39ee000-7fe3f39ef000 r--p 00002000 08:16 1056240                    /usr/lib/x86_64-linux-gnu/libgmodule-2.0.so.0.3200.1
7fe3f39ef000-7fe3f39f0000 rw-p 00003000 08:16 1056240                    /usr/lib/x86_64-linux-gnu/libgmodule-2.0.so.0.3200.1
7fe3f39f0000-7fe3f39f2000 r-xp 00000000 08:16 1056017                    /usr/lib/x86_64-linux-gnu/libXdamage.so.1.1.0
7fe3f39f2000-7fe3f3bf1000 ---p 00002000 08:16 1056017                    /usr/lib/x86_64-linux-gnu/libXdamage.so.1.1.0
7fe3f3bf1000-7fe3f3bf2000 r--p 00001000 08:16 1056017                    /usr/lib/x86_64-linux-gnu/libXdamage.so.1.1.0
7fe3f3bf2000-7fe3f3bf3000 rw-p 00002000 08:16 1056017                    /usr/lib/x86_64-linux-gnu/libXdamage.so.1.1.0
7fe3f3bf3000-7fe3f3bf5000 r-xp 00000000 08:16 1056013                    /usr/lib/x86_64-linux-gnu/libXcomposite.so.1.0.0
7fe3f3bf5000-7fe3f3df4000 ---p 00002000 08:16 1056013                    /usr/lib/x86_64-linux-gnu/libXcomposite.so.1.0.0
7fe3f3df4000-7fe3f3df5000 r--p 00001000 08:16 1056013                    /usr/lib/x86_64-linux-gnu/libXcomposite.so.1.0.0
7fe3f3df5000-7fe3f3df6000 rw-p 00002000 08:16 1056013                    /usr/lib/x86_64-linux-gnu/libXcomposite.so.1.0.0
7fe3f3df6000-7fe3f3dff000 r-xp 00000000 08:16 1056015                    /usr/lib/x86_64-linux-gnu/libXcursor.so.1.0.2
7fe3f3dff000-7fe3f3ffe000 ---p 00009000 08:16 1056015                    /usr/lib/x86_64-linux-gnu/libXcursor.so.1.0.2
7fe3f3ffe000-7fe3f3fff000 r--p 00008000 08:16 1056015                    /usr/lib/x86_64-linux-gnu/libXcursor.so.1.0.2
7fe3f3fff000-7fe3f4000000 rw-p 00009000 08:16 1056015                    /usr/lib/x86_64-linux-gnu/libXcursor.so.1.0.2
7fe3f4000000-7fe3f40ab000 rw-p 00000000 00:00 0 
7fe3f40ab000-7fe3f8000000 ---p 00000000 00:00 0 
7fe3f8000000-7fe3f80b4000 rw-p 00000000 00:00 0 
7fe3f80b4000-7fe3fc000000 ---p 00000000 00:00 0 
7fe3fc000000-7fe3fc45c000 rw-p 00000000 00:00 0 
7fe3fc45c000-7fe400000000 ---p 00000000 00:00 0 
7fe400000000-7fe4003f4000 rw-p 00000000 00:00 0 
7fe4003f4000-7fe404000000 ---p 00000000 00:00 0 
7fe404000000-7fe404021000 rw-p 00000000 00:00 0 
7fe404021000-7fe408000000 ---p 00000000 00:00 0 
7fe408000000-7fe408021000 rw-p 00000000 00:00 0 
7fe408021000-7fe40c000000 ---p 00000000 00:00 0 
7fe40c000000-7fe40c021000 rw-p 00000000 00:00 0 
7fe40c021000-7fe410000000 ---p 00000000 00:00 0 
7fe410000000-7fe410021000 rw-p 00000000 00:00 0 
7fe410021000-7fe414000000 ---p 00000000 00:00 0 
7fe414000000-7fe414021000 rw-p 00000000 00:00 0 
7fe414021000-7fe418000000 ---p 00000000 00:00 0 
7fe41802a000-7fe418031000 r--s 00000000 08:16 1314519                    /usr/lib/x86_64-linux-gnu/gconv/gconv-modules.cache
7fe418031000-7fe418032000 rw-s 19077000 00:05 9165                       /dev/ati/card0
7fe418032000-7fe418042000 rw-s fe9f0000 00:05 9165                       /dev/ati/card0
7fe418042000-7fe418044000 rw-s 19074000 00:05 9165                       /dev/ati/card0
7fe418044000-7fe418047000 ---p 00000000 00:00 0 
7fe418047000-7fe41805e000 rw-p 00000000 00:00 0 
7fe41805e000-7fe41805f000 r--s 00000000 08:16 1843619                    /var/cache/fontconfig/c05880de57d1f5e948fdfacc138775d9-le64.cache-3
7fe41805f000-7fe418068000 r--s 00000000 08:16 1843614                    /var/cache/fontconfig/945677eb7aeaf62f1d50efc3fb3ec7d8-le64.cache-3
7fe418068000-7fe41806a000 r--s 00000000 08:16 1843615                    /var/cache/fontconfig/99e8ed0e538f840c565b6ed5dad60d56-le64.cache-3
7fe41806a000-7fe418072000 r--s 00000000 08:16 1846703                    /var/cache/fontconfig/a6d8cf8e4ec09cdbc8633c31745a07dd-le64.cache-3
7fe418072000-7fe41807b000 r--s 00000000 08:16 1847215                    /var/cache/fontconfig/6d41288fd70b0be22e8c3a91e032eec0-le64.cache-3
7fe41807b000-7fe4180a9000 r--s 00000000 08:16 1846701                    /var/cache/fontconfig/365b55f210c0a22e9a19e35191240f32-le64.cache-3
7fe4180a9000-7fe4180b1000 r-xp 00000000 08:16 1056039                    /usr/lib/x86_64-linux-gnu/libXrandr.so.2.2.0
7fe4180b1000-7fe4182b0000 ---p 00008000 08:16 1056039                    /usr/lib/x86_64-linux-gnu/libXrandr.so.2.2.0
7fe4182b0000-7fe4182b1000 r--p 00007000 08:16 1056039                    /usr/lib/x86_64-linux-gnu/libXrandr.so.2.2.0
7fe4182b1000-7fe4182b2000 rw-p 00008000 08:16 1056039                    /usr/lib/x86_64-linux-gnu/libXrandr.so.2.2.0
7fe4182b2000-7fe4182b4000 r-xp 00000000 08:16 1056029                    /usr/lib/x86_64-linux-gnu/libXinerama.so.1.0.0
7fe4182b4000-7fe4184b3000 ---p 00002000 08:16 1056029                    /usr/lib/x86_64-linux-gnu/libXinerama.so.1.0.0
7fe4184b3000-7fe4184b4000 r--p 00001000 08:16 1056029                    /usr/lib/x86_64-linux-gnu/libXinerama.so.1.0.0
7fe4184b4000-7fe4184b5000 rw-p 00002000 08:16 1056029                    /usr/lib/x86_64-linux-gnu/libXinerama.so.1.0.0
7fe4184b5000-7fe4184de000 r-xp 00000000 08:16 1056434                    /usr/lib/x86_64-linux-gnu/libpangoft2-1.0.so.0.3000.0
7fe4184de000-7fe4186dd000 ---p 00029000 08:16 1056434                    /usr/lib/x86_64-linux-gnu/libpangoft2-1.0.so.0.3000.0
7fe4186dd000-7fe4186de000 r--p 00028000 08:16 1056434                    /usr/lib/x86_64-linux-gnu/libpangoft2-1.0.so.0.3000.0
7fe4186de000-7fe4186df000 rw-p 00029000 08:16 1056434                    /usr/lib/x86_64-linux-gnu/libpangoft2-1.0.so.0.3000.0
7fe4186df000-7fe418798000 r-xp 00000000 08:16 1055379                    /usr/lib/x86_64-linux-gnu/libcairo.so.2.11000.2
7fe418798000-7fe418997000 ---p 000b9000 08:16 1055379                    /usr/lib/x86_64-linux-gnu/libcairo.so.2.11000.2
7fe418997000-7fe418999000 r--p 000b8000 08:16 1055379                    /usr/lib/x86_64-linux-gnu/libcairo.so.2.11000.2
7fe418999000-7fe41899a000 rw-p 000ba000 08:16 1055379                    /usr/lib/x86_64-linux-gnu/libcairo.so.2.11000.2
7fe41899a000-7fe41899d000 rw-p 00000000 00:00 0 
7fe41899d000-7fe4189bc000 r-xp 00000000 08:16 1056067                    /usr/lib/x86_64-linux-gnu/libatk-1.0.so.0.20409.1
7fe4189bc000-7fe418bbc000 ---p 0001f000 08:16 1056067                    /usr/lib/x86_64-linux-gnu/libatk-1.0.so.0.20409.1
7fe418bbc000-7fe418bbe000 r--p 0001f000 08:16 1056067                    /usr/lib/x86_64-linux-gnu/libatk-1.0.so.0.20409.1
7fe418bbe000-7fe418bbf000 rw-p 00021000 08:16 1056067                    /usr/lib/x86_64-linux-gnu/libatk-1.0.so.0.20409.1
7fe418bbf000-7fe418bc4000 r-xp 00000000 08:16 1056023                    /usr/lib/x86_64-linux-gnu/libXfixes.so.3.1.0
7fe418bc4000-7fe418dc3000 ---p 00005000 08:16 1056023                    /usr/lib/x86_64-linux-gnu/libXfixes.so.3.1.0
7fe418dc3000-7fe418dc4000 r--p 00004000 08:16 1056023                    /usr/lib/x86_64-linux-gnu/libXfixes.so.3.1.0
7fe418dc4000-7fe418dc5000 rw-p 00005000 08:16 1056023                    /usr/lib/x86_64-linux-gnu/libXfixes.so.3.1.0
7fe418dc5000-7fe418dd0000 r-xp 00000000 08:16 1056432                    /usr/lib/x86_64-linux-gnu/libpangocairo-1.0.so.0.3000.0
7fe418dd0000-7fe418fcf000 ---p 0000b000 08:16 1056432                    /usr/lib/x86_64-linux-gnu/libpangocairo-1.0.so.0.3000.0
7fe418fcf000-7fe418fd0000 r--p 0000a000 08:16 1056432                    /usr/lib/x86_64-linux-gnu/libpangocairo-1.0.so.0.3000.0
7fe418fd0000-7fe418fd1000 rw-p 0000b000 08:16 1056432                    /usr/lib/x86_64-linux-gnu/libpangocairo-1.0.so.0.3000.0
7fe418fd1000-7fe418fee000 r-xp 00000000 08:16 1056607                    /usr/lib/x86_64-linux-gnu/libxcb.so.1.1.0
7fe418fee000-7fe4191ed000 ---p 0001d000 08:16 1056607                    /usr/lib/x86_64-linux-gnu/libxcb.so.1.1.0
7fe4191ed000-7fe4191ee000 r--p 0001c000 08:16 1056607                    /usr/lib/x86_64-linux-gnu/libxcb.so.1.1.0
7fe4191ee000-7fe4191ef000 rw-p 0001d000 08:16 1056607                    /usr/lib/x86_64-linux-gnu/libxcb.so.1.1.0
7fe4191ef000-7fe41923f000 r-xp 00000000 08:16 1061164                    /usr/lib/x86_64-linux-gnu/libcups.so.2
7fe41923f000-7fe41943e000 ---p 00050000 08:16 1061164                    /usr/lib/x86_64-linux-gnu/libcups.so.2
7fe41943e000-7fe419442000 r--p 0004f000 08:16 1061164                    /usr/lib/x86_64-linux-gnu/libcups.so.2
7fe419442000-7fe419443000 rw-p 00053000 08:16 1061164                    /usr/lib/x86_64-linux-gnu/libcups.so.2
7fe419443000-7fe419535000 r-xp 00000000 08:16 5246604                    /lib/x86_64-linux-gnu/libglib-2.0.so.0.3200.1
7fe419535000-7fe419735000 ---p 000f2000 08:16 5246604                    /lib/x86_64-linux-gnu/libglib-2.0.so.0.3200.1
7fe419735000-7fe419736000 r--p 000f2000 08:16 5246604                    /lib/x86_64-linux-gnu/libglib-2.0.so.0.3200.1
7fe419736000-7fe419737000 rw-p 000f3000 08:16 5246604                    /lib/x86_64-linux-gnu/libglib-2.0.so.0.3200.1
7fe419737000-7fe419738000 rw-p 00000000 00:00 0 
7fe419738000-7fe419739000 r-xp 00000000 08:16 1056309                    /usr/lib/x86_64-linux-gnu/libgthread-2.0.so.0.3200.1
7fe419739000-7fe419938000 ---p 00001000 08:16 1056309                    /usr/lib/x86_64-linux-gnu/libgthread-2.0.so.0.3200.1
7fe419938000-7fe419939000 r--p 00000000 08:16 1056309                    /usr/lib/x86_64-linux-gnu/libgthread-2.0.so.0.3200.1
7fe419939000-7fe41993a000 rw-p 00001000 08:16 1056309                    /usr/lib/x86_64-linux-gnu/libgthread-2.0.so.0.3200.1
7fe41993a000-7fe419987000 r-xp 00000000 08:16 1056254                    /usr/lib/x86_64-linux-gnu/libgobject-2.0.so.0.3200.1
7fe419987000-7fe419b87000 ---p 0004d000 08:16 1056254                    /usr/lib/x86_64-linux-gnu/libgobject-2.0.so.0.3200.1
7fe419b87000-7fe419b88000 r--p 0004d000 08:16 1056254                    /usr/lib/x86_64-linux-gnu/libgobject-2.0.so.0.3200.1
7fe419b88000-7fe419b89000 rw-p 0004e000 08:16 1056254                    /usr/lib/x86_64-linux-gnu/libgobject-2.0.so.0.3200.1
7fe419b89000-7fe419bbd000 r-xp 00000000 08:16 1056195                    /usr/lib/x86_64-linux-gnu/libfontconfig.so.1.4.4
7fe419bbd000-7fe419dbd000 ---p 00034000 08:16 1056195                    /usr/lib/x86_64-linux-gnu/libfontconfig.so.1.4.4
7fe419dbd000-7fe419dbe000 r--p 00034000 08:16 1056195                    /usr/lib/x86_64-linux-gnu/libfontconfig.so.1.4.4
7fe419dbe000-7fe419dbf000 rw-p 00035000 08:16 1056195                    /usr/lib/x86_64-linux-gnu/libfontconfig.so.1.4.4
7fe419dbf000-7fe419e05000 r-xp 00000000 08:16 1056430                    /usr/lib/x86_64-linux-gnu/libpango-1.0.so.0.3000.0
7fe419e05000-7fe41a005000 ---p 00046000 08:16 1056430                    /usr/lib/x86_64-linux-gnu/libpango-1.0.so.0.3000.0
7fe41a005000-7fe41a007000 r--p 00046000 08:16 1056430                    /usr/lib/x86_64-linux-gnu/libpango-1.0.so.0.3000.0
7fe41a007000-7fe41a008000 rw-p 00048000 08:16 1056430                    /usr/lib/x86_64-linux-gnu/libpango-1.0.so.0.3000.0
7fe41a008000-7fe41a026000 r-xp 00000000 08:16 1056220                    /usr/lib/x86_64-linux-gnu/libgdk_pixbuf-2.0.so.0.2600.1
7fe41a026000-7fe41a226000 ---p 0001e000 08:16 1056220                    /usr/lib/x86_64-linux-gnu/libgdk_pixbuf-2.0.so.0.2600.1
7fe41a226000-7fe41a227000 r--p 0001e000 08:16 1056220                    /usr/lib/x86_64-linux-gnu/libgdk_pixbuf-2.0.so.0.2600.1
7fe41a227000-7fe41a228000 rw-p 0001f000 08:16 1056220                    /usr/lib/x86_64-linux-gnu/libgdk_pixbuf-2.0.so.0.2600.1
7fe41a228000-7fe41a370000 r-xp 00000000 08:16 1056230                    /usr/lib/x86_64-linux-gnu/libgio-2.0.so.0.3200.1
7fe41a370000-7fe41a56f000 ---p 00148000 08:16 1056230                    /usr/lib/x86_64-linux-gnu/libgio-2.0.so.0.3200.1
7fe41a56f000-7fe41a573000 r--p 00147000 08:16 1056230                    /usr/lib/x86_64-linux-gnu/libgio-2.0.so.0.3200.1
7fe41a573000-7fe41a575000 rw-p 0014b000 08:16 1056230                    /usr/lib/x86_64-linux-gnu/libgio-2.0.so.0.3200.1
7fe41a575000-7fe41a577000 rw-p 00000000 00:00 0 
7fe41a577000-7fe41a624000 r-xp 00000000 08:16 1056218                    /usr/lib/x86_64-linux-gnu/libgdk-x11-2.0.so.0.2400.10
7fe41a624000-7fe41a823000 ---p 000ad000 08:16 1056218                    /usr/lib/x86_64-linux-gnu/libgdk-x11-2.0.so.0.2400.10
7fe41a823000-7fe41a827000 r--p 000ac000 08:16 1056218                    /usr/lib/x86_64-linux-gnu/libgdk-x11-2.0.so.0.2400.10
7fe41a827000-7fe41a829000 rw-p 000b0000 08:16 1056218                    /usr/lib/x86_64-linux-gnu/libgdk-x11-2.0.so.0.2400.10
7fe41a829000-7fe41ac56000 r-xp 00000000 08:16 1056313                    /usr/lib/x86_64-linux-gnu/libgtk-x11-2.0.so.0.2400.10
7fe41ac56000-7fe41ae56000 ---p 0042d000 08:16 1056313                    /usr/lib/x86_64-linux-gnu/libgtk-x11-2.0.so.0.2400.10
7fe41ae56000-7fe41ae5d000 r--p 0042d000 08:16 1056313                    /usr/lib/x86_64-linux-gnu/libgtk-x11-2.0.so.0.2400.10
7fe41ae5d000-7fe41ae61000 rw-p 00434000 08:16 1056313                    /usr/lib/x86_64-linux-gnu/libgtk-x11-2.0.so.0.2400.10
7fe41ae61000-7fe41ae63000 rw-p 00000000 00:00 0 
7fe41ae63000-7fe41ae71000 r-xp 00000000 08:16 1056027                    /usr/lib/x86_64-linux-gnu/libXi.so.6.1.0
7fe41ae71000-7fe41b070000 ---p 0000e000 08:16 1056027                    /usr/lib/x86_64-linux-gnu/libXi.so.6.1.0
7fe41b070000-7fe41b071000 r--p 0000d000 08:16 1056027                    /usr/lib/x86_64-linux-gnu/libXi.so.6.1.0
7fe41b071000-7fe41b072000 rw-p 0000e000 08:16 1056027                    /usr/lib/x86_64-linux-gnu/libXi.so.6.1.0
7fe41b072000-7fe41b077000 r-xp 00000000 08:16 1056045                    /usr/lib/x86_64-linux-gnu/libXtst.so.6.1.0
7fe41b077000-7fe41b276000 ---p 00005000 08:16 1056045                    /usr/lib/x86_64-linux-gnu/libXtst.so.6.1.0
7fe41b276000-7fe41b277000 r--p 00004000 08:16 1056045                    /usr/lib/x86_64-linux-gnu/libXtst.so.6.1.0
7fe41b277000-7fe41b278000 rw-p 00005000 08:16 1056045                    /usr/lib/x86_64-linux-gnu/libXtst.so.6.1.0
7fe41b278000-7fe41b281000 r-xp 00000000 08:16 1056041                    /usr/lib/x86_64-linux-gnu/libXrender.so.1.3.0
7fe41b281000-7fe41b480000 ---p 00009000 08:16 1056041                    /usr/lib/x86_64-linux-gnu/libXrender.so.1.3.0
7fe41b480000-7fe41b481000 r--p 00008000 08:16 1056041                    /usr/lib/x86_64-linux-gnu/libXrender.so.1.3.0
7fe41b481000-7fe41b482000 rw-p 00009000 08:16 1056041                    /usr/lib/x86_64-linux-gnu/libXrender.so.1.3.0
7fe41b482000-7fe41b5b1000 r-xp 00000000 08:16 1056006                    /usr/lib/x86_64-linux-gnu/libX11.so.6.3.0
7fe41b5b1000-7fe41b7b1000 ---p 0012f000 08:16 1056006                    /usr/lib/x86_64-linux-gnu/libX11.so.6.3.0
7fe41b7b1000-7fe41b7b2000 r--p 0012f000 08:16 1056006                    /usr/lib/x86_64-linux-gnu/libX11.so.6.3.0
7fe41b7b2000-7fe41b7b6000 rw-p 00130000 08:16 1056006                    /usr/lib/x86_64-linux-gnu/libX11.so.6.3.0
7fe41b7b6000-7fe41b7c6000 r-xp 00000000 08:16 1056021                    /usr/lib/x86_64-linux-gnu/libXext.so.6.4.0
7fe41b7c6000-7fe41b9c5000 ---p 00010000 08:16 1056021                    /usr/lib/x86_64-linux-gnu/libXext.so.6.4.0
7fe41b9c5000-7fe41b9c6000 r--p 0000f000 08:16 1056021                    /usr/lib/x86_64-linux-gnu/libXext.so.6.4.0
7fe41b9c6000-7fe41b9c7000 rw-p 00010000 08:16 1056021                    /usr/lib/x86_64-linux-gnu/libXext.so.6.4.0
7fe41b9c7000-7fe41ba1d000 r-xp 00000000 08:16 3544819                    /usr/lib/jvm/java-7-openjdk-amd64/jre/lib/amd64/xawt/libmawt.so
7fe41ba1d000-7fe41bc1c000 ---p 00056000 08:16 3544819                    /usr/lib/jvm/java-7-openjdk-amd64/jre/lib/amd64/xawt/libmawt.so
7fe41bc1c000-7fe41bc1d000 r--p 00055000 08:16 3544819                    /usr/lib/jvm/java-7-openjdk-amd64/jre/lib/amd64/xawt/libmawt.so
7fe41bc1d000-7fe41bc20000 rw-p 00056000 08:16 3544819                    /usr/lib/jvm/java-7-openjdk-amd64/jre/lib/amd64/xawt/libmawt.so
7fe41bc20000-7fe41bc21000 rw-p 00000000 00:00 0 
7fe41bc21000-7fe41bccf000 r-xp 00000000 08:16 3544588                    /usr/lib/jvm/java-7-openjdk-amd64/jre/lib/amd64/libawt.so
7fe41bccf000-7fe41bece000 ---p 000ae000 08:16 3544588                    /usr/lib/jvm/java-7-openjdk-amd64/jre/lib/amd64/libawt.so
7fe41bece000-7fe41becf000 r--p 000ad000 08:16 3544588                    /usr/lib/jvm/java-7-openjdk-amd64/jre/lib/amd64/libawt.so
7fe41becf000-7fe41beda000 rw-p 000ae000 08:16 3544588                    /usr/lib/jvm/java-7-openjdk-amd64/jre/lib/amd64/libawt.so
7fe41beda000-7fe41beff000 rw-p 00000000 00:00 0 
7fe41beff000-7fe41bf00000 ---p 00000000 00:00 0 
7fe41bf00000-7fe41c000000 rw-p 00000000 00:00 0 
7fe41c000000-7fe41c021000 rw-p 00000000 00:00 0 
7fe41c021000-7fe420000000 ---p 00000000 00:00 0 
7fe420000000-7fe420004000 r--s 00000000 08:16 1843601                    /var/cache/fontconfig/2cd17615ca594fa2959ae173292e504c-le64.cache-3
7fe420004000-7fe420014000 r--s 00000000 08:16 1843598                    /var/cache/fontconfig/04aabc0a78ac019cf9454389977116d2-le64.cache-3
7fe420014000-7fe420017000 ---p 00000000 00:00 0 
7fe420017000-7fe420115000 rw-p 00000000 00:00 0 
7fe420115000-7fe420118000 ---p 00000000 00:00 0 
7fe420118000-7fe420216000 rw-p 00000000 00:00 0 
7fe420216000-7fe420219000 ---p 00000000 00:00 0 
7fe420219000-7fe420317000 rw-p 00000000 00:00 0 
7fe420317000-7fe42031a000 ---p 00000000 00:00 0 
7fe42031a000-7fe420418000 rw-p 00000000 00:00 0 
7fe420418000-7fe420afb000 r--p 00000000 08:16 1055298                    /usr/lib/locale/locale-archive
7fe420afb000-7fe420afe000 ---p 00000000 00:00 0 
7fe420afe000-7fe420bfc000 rw-p 00000000 00:00 0 
7fe420bfc000-7fe420bff000 ---p 00000000 00:00 0 
7fe420bff000-7fe420cfd000 rw-p 00000000 00:00 0 
7fe420cfd000-7fe420cfe000 ---p 00000000 00:00 0 
7fe420cfe000-7fe421000000 rw-p 00000000 00:00 0 
7fe421000000-7fe421270000 rwxp 00000000 00:00 0 
7fe421270000-7fe424343000 rw-p 00000000 00:00 0 
7fe424343000-7fe428000000 ---p 00000000 00:00 0 
7fe428000000-7fe428001000 r--s 00000000 08:16 1843599                    /var/cache/fontconfig/0d8c3b2ac0904cb8a57a757ad11a4a08-le64.cache-3
7fe428001000-7fe428007000 r--s 00000000 08:16 1843616                    /var/cache/fontconfig/a755afe4a08bf5b97852ceb7400b47bc-le64.cache-3
7fe428007000-7fe42800a000 r--s 00000000 08:16 1843604                    /var/cache/fontconfig/385c0604a188198f04d133e54aba7fe7-le64.cache-3
7fe42800a000-7fe42800b000 r--s 00000000 08:16 1841789                    /var/cache/fontconfig/4794a0821666d79190d59a36cb4f44b5-le64.cache-3
7fe42800b000-7fe42800e000 r--s 00000000 08:16 1843613                    /var/cache/fontconfig/8801497958630a81b71ace7c5f9b32a8-le64.cache-3
7fe42800e000-7fe428013000 r--s 00000000 08:16 1843602                    /var/cache/fontconfig/3047814df9a2f067bd2d96a2b9c36e5a-le64.cache-3
7fe428013000-7fe428014000 r--s 00000000 08:16 1843607                    /var/cache/fontconfig/56cf4f4769d0f4abc89a4895d7bd3ae1-le64.cache-3
7fe428014000-7fe428015000 r--s 00000000 08:16 1843618                    /var/cache/fontconfig/b9d506c9ac06c20b433354fa67a72993-le64.cache-3
7fe428015000-7fe42801a000 r--s 00000000 08:16 1843617                    /var/cache/fontconfig/b47c4e1ecd0709278f4910c18777a504-le64.cache-3
7fe42801a000-7fe428022000 r--s 00000000 08:16 1846702                    /var/cache/fontconfig/52f7bdb7ce746bfd7eaa1985bd9cfa93-le64.cache-3
7fe428022000-7fe428032000 r--s 00000000 08:16 1843622                    /var/cache/fontconfig/d52a8644073d54c13679302ca1180695-le64.cache-3
7fe428032000-7fe428038000 r--s 00000000 08:16 1846508                    /var/cache/fontconfig/3f7329c5293ffd510edef78f73874cfd-le64.cache-3
7fe428038000-7fe42803b000 r--s 00000000 08:16 1842402                    /var/cache/fontconfig/e13b20fdb08344e0e664864cc2ede53d-le64.cache-3
7fe42803b000-7fe42803f000 r--s 00000000 08:16 1846742                    /var/cache/fontconfig/7ef2298fde41cc6eeb7af42e48b7d293-le64.cache-3
7fe42803f000-7fe428048000 r--s 00263000 08:16 1050329                    /usr/lib/jvm/java-7-openjdk-common/jre/lib/resources.jar
7fe428048000-7fe428049000 r--s 00006000 08:16 3676784                    /home/relissa/jmonkeyplatform/jmonkeyplatform/libs/noise-0.0.1-SNAPSHOT.jar
7fe428049000-7fe42804c000 r--s 0001a000 08:16 3677188                    /home/relissa/jmonkeyplatform/jmonkeyplatform/libs/xmlpull-xpp3.jar
7fe42804c000-7fe42804e000 r--s 0003c000 08:16 3677429                    /home/relissa/jmonkeyplatform/jmonkeyplatform/libs/vecmath.jar
7fe42804e000-7fe42804f000 r--s 0000b000 08:16 3677222                    /home/relissa/jmonkeyplatform/jmonkeyplatform/libs/stack-alloc.jar
7fe42804f000-7fe428051000 r--s 0000d000 08:16 3676956                    /home/relissa/jmonkeyplatform/jmonkeyplatform/libs/nifty-style-black.jar
7fe428051000-7fe428057000 r--s 00030000 08:16 3676642                    /home/relissa/jmonkeyplatform/jmonkeyplatform/libs/nifty-default-controls.jar
7fe428057000-7fe428061000 r--s 0006a000 08:16 3677370                    /home/relissa/jmonkeyplatform/jmonkeyplatform/libs/nifty.jar
7fe428061000-7fe428063000 r--s 00012000 08:16 3677292                    /home/relissa/jmonkeyplatform/jmonkeyplatform/libs/eventbus.jar
7fe428063000-7fe428070000 r--s 000d2000 08:16 3677369                    /home/relissa/jmonkeyplatform/jmonkeyplatform/libs/lwjgl.jar
7fe428070000-7fe428074000 r--s 00030000 08:16 3677346                    /home/relissa/jmonkeyplatform/jmonkeyplatform/libs/jinput.jar
7fe428074000-7fe42807e000 r--s 00079000 08:16 3677317                    /home/relissa/jmonkeyplatform/jmonkeyplatform/libs/jbullet.jar
7fe42807e000-7fe42807f000 r--s 001f3000 08:16 3676914                    /home/relissa/jmonkeyplatform/jmonkeyplatform/libs/jME3-lwjgl-natives.jar
7fe42807f000-7fe428080000 r--s 00009000 08:16 3677159                    /home/relissa/jmonkeyplatform/jmonkeyplatform/libs/j-ogg-vorbisd.jar
7fe428080000-7fe428082000 r--s 00005000 08:16 3677249                    /home/relissa/jmonkeyplatform/jmonkeyplatform/libs/j-ogg-oggd.jar
7fe428082000-7fe428085000 r--s 00020000 08:16 3677185                    /home/relissa/jmonkeyplatform/jmonkeyplatform/libs/jME3-jbullet.jar
7fe428085000-7fe4281f2000 rw-p 00000000 00:00 0 
7fe4281f2000-7fe4283a1000 r--s 03e91000 08:16 3544596                    /usr/lib/jvm/java-7-openjdk-amd64/jre/lib/rt.jar
7fe4283a1000-7fe4283c9000 rw-p 00000000 00:00 0 
7fe4283c9000-7fe4283ca000 ---p 00000000 00:00 0 
7fe4283ca000-7fe4284ca000 rw-p 00000000 00:00 0 
7fe4284ca000-7fe4284cb000 ---p 00000000 00:00 0 
7fe4284cb000-7fe4285d6000 rw-p 00000000 00:00 0 
7fe4285d6000-7fe42861e000 rw-p 00000000 00:00 0 
7fe42861e000-7fe428632000 rw-p 00000000 00:00 0 
7fe428632000-7fe428753000 rw-p 00000000 00:00 0 
7fe428753000-7fe42875e000 rw-p 00000000 00:00 0 
7fe42875e000-7fe4287a6000 rw-p 00000000 00:00 0 
7fe4287a6000-7fe4287ba000 rw-p 00000000 00:00 0 
7fe4287ba000-7fe4288da000 rw-p 00000000 00:00 0 
7fe4288da000-7fe4288e5000 rw-p 00000000 00:00 0 
7fe4288e5000-7fe428975000 rw-p 00000000 00:00 0 
7fe428975000-7fe428976000 rw-p 00000000 00:00 0 
7fe428976000-7fe42897e000 r-xp 00000000 08:16 3544581                    /usr/lib/jvm/java-7-openjdk-amd64/jre/lib/amd64/libzip.so
7fe42897e000-7fe428b7d000 ---p 00008000 08:16 3544581                    /usr/lib/jvm/java-7-openjdk-amd64/jre/lib/amd64/libzip.so
7fe428b7d000-7fe428b7e000 r--p 00007000 08:16 3544581                    /usr/lib/jvm/java-7-openjdk-amd64/jre/lib/amd64/libzip.so
7fe428b7e000-7fe428b7f000 rw-p 00008000 08:16 3544581                    /usr/lib/jvm/java-7-openjdk-amd64/jre/lib/amd64/libzip.so
7fe428b7f000-7fe428b8b000 r-xp 00000000 08:16 5246630                    /lib/x86_64-linux-gnu/libnss_files-2.15.so
7fe428b8b000-7fe428d8a000 ---p 0000c000 08:16 5246630                    /lib/x86_64-linux-gnu/libnss_files-2.15.so
7fe428d8a000-7fe428d8b000 r--p 0000b000 08:16 5246630                    /lib/x86_64-linux-gnu/libnss_files-2.15.so
7fe428d8b000-7fe428d8c000 rw-p 0000c000 08:16 5246630                    /lib/x86_64-linux-gnu/libnss_files-2.15.so
7fe428d8c000-7fe428d96000 r-xp 00000000 08:16 5246634                    /lib/x86_64-linux-gnu/libnss_nis-2.15.so
7fe428d96000-7fe428f96000 ---p 0000a000 08:16 5246634                    /lib/x86_64-linux-gnu/libnss_nis-2.15.so
7fe428f96000-7fe428f97000 r--p 0000a000 08:16 5246634                    /lib/x86_64-linux-gnu/libnss_nis-2.15.so
7fe428f97000-7fe428f98000 rw-p 0000b000 08:16 5246634                    /lib/x86_64-linux-gnu/libnss_nis-2.15.so
7fe428f98000-7fe428faf000 r-xp 00000000 08:16 5246624                    /lib/x86_64-linux-gnu/libnsl-2.15.so
7fe428faf000-7fe4291ae000 ---p 00017000 08:16 5246624                    /lib/x86_64-linux-gnu/libnsl-2.15.so
7fe4291ae000-7fe4291af000 r--p 00016000 08:16 5246624                    /lib/x86_64-linux-gnu/libnsl-2.15.so
7fe4291af000-7fe4291b0000 rw-p 00017000 08:16 5246624                    /lib/x86_64-linux-gnu/libnsl-2.15.so
7fe4291b0000-7fe4291b2000 rw-p 00000000 00:00 0 
7fe4291b2000-7fe4291ba000 r-xp 00000000 08:16 5246626                    /lib/x86_64-linux-gnu/libnss_compat-2.15.so
7fe4291ba000-7fe4293b9000 ---p 00008000 08:16 5246626                    /lib/x86_64-linux-gnu/libnss_compat-2.15.so
7fe4293b9000-7fe4293ba000 r--p 00007000 08:16 5246626                    /lib/x86_64-linux-gnu/libnss_compat-2.15.so
7fe4293ba000-7fe4293bb000 rw-p 00008000 08:16 5246626                    /lib/x86_64-linux-gnu/libnss_compat-2.15.so
7fe4293bb000-7fe4293e2000 r-xp 00000000 08:16 3544563                    /usr/lib/jvm/java-7-openjdk-amd64/jre/lib/amd64/libjava.so
7fe4293e2000-7fe4295e1000 ---p 00027000 08:16 3544563                    /usr/lib/jvm/java-7-openjdk-amd64/jre/lib/amd64/libjava.so
7fe4295e1000-7fe4295e2000 r--p 00026000 08:16 3544563                    /usr/lib/jvm/java-7-openjdk-amd64/jre/lib/amd64/libjava.so
7fe4295e2000-7fe4295e4000 rw-p 00027000 08:16 3544563                    /usr/lib/jvm/java-7-openjdk-amd64/jre/lib/amd64/libjava.so
7fe4295e4000-7fe4295f2000 r-xp 00000000 08:16 3544574                    /usr/lib/jvm/java-7-openjdk-amd64/jre/lib/amd64/libverify.so
7fe4295f2000-7fe4297f1000 ---p 0000e000 08:16 3544574                    /usr/lib/jvm/java-7-openjdk-amd64/jre/lib/amd64/libverify.so
7fe4297f1000-7fe4297f3000 r--p 0000d000 08:16 3544574                    /usr/lib/jvm/java-7-openjdk-amd64/jre/lib/amd64/libverify.so
7fe4297f3000-7fe4297f4000 rw-p 0000f000 08:16 3544574                    /usr/lib/jvm/java-7-openjdk-amd64/jre/lib/amd64/libverify.so
7fe4297f4000-7fe4297fb000 r-xp 00000000 08:16 5246665                    /lib/x86_64-linux-gnu/librt-2.15.so
7fe4297fb000-7fe4299fa000 ---p 00007000 08:16 5246665                    /lib/x86_64-linux-gnu/librt-2.15.so
7fe4299fa000-7fe4299fb000 r--p 00006000 08:16 5246665                    /lib/x86_64-linux-gnu/librt-2.15.so
7fe4299fb000-7fe4299fc000 rw-p 00007000 08:16 5246665                    /lib/x86_64-linux-gnu/librt-2.15.so
7fe4299fc000-7fe429a11000 r-xp 00000000 08:16 5246600                    /lib/x86_64-linux-gnu/libgcc_s.so.1
7fe429a11000-7fe429c10000 ---p 00015000 08:16 5246600                    /lib/x86_64-linux-gnu/libgcc_s.so.1
7fe429c10000-7fe429c11000 r--p 00014000 08:16 5246600                    /lib/x86_64-linux-gnu/libgcc_s.so.1
7fe429c11000-7fe429c12000 rw-p 00015000 08:16 5246600                    /lib/x86_64-linux-gnu/libgcc_s.so.1
7fe429c12000-7fe429d0b000 r-xp 00000000 08:16 5246611                    /lib/x86_64-linux-gnu/libm-2.15.so
7fe429d0b000-7fe429f0a000 ---p 000f9000 08:16 5246611                    /lib/x86_64-linux-gnu/libm-2.15.so
7fe429f0a000-7fe429f0b000 r--p 000f8000 08:16 5246611                    /lib/x86_64-linux-gnu/libm-2.15.so
7fe429f0b000-7fe429f0c000 rw-p 000f9000 08:16 5246611                    /lib/x86_64-linux-gnu/libm-2.15.so
7fe429f0c000-7fe429fee000 r-xp 00000000 08:16 1056535                    /usr/lib/x86_64-linux-gnu/libstdc++.so.6.0.16
7fe429fee000-7fe42a1ed000 ---p 000e2000 08:16 1056535                    /usr/lib/x86_64-linux-gnu/libstdc++.so.6.0.16
7fe42a1ed000-7fe42a1f5000 r--p 000e1000 08:16 1056535                    /usr/lib/x86_64-linux-gnu/libstdc++.so.6.0.16
7fe42a1f5000-7fe42a1f7000 rw-p 000e9000 08:16 1056535                    /usr/lib/x86_64-linux-gnu/libstdc++.so.6.0.16
7fe42a1f7000-7fe42a20c000 rw-p 00000000 00:00 0 
7fe42a20c000-7fe42ab9f000 r-xp 00000000 08:16 3544559                    /usr/lib/jvm/java-7-openjdk-amd64/jre/lib/amd64/server/libjvm.so
7fe42ab9f000-7fe42ad9f000 ---p 00993000 08:16 3544559                    /usr/lib/jvm/java-7-openjdk-amd64/jre/lib/amd64/server/libjvm.so
7fe42ad9f000-7fe42ae19000 r--p 00993000 08:16 3544559                    /usr/lib/jvm/java-7-openjdk-amd64/jre/lib/amd64/server/libjvm.so
7fe42ae19000-7fe42ae3b000 rw-p 00a0d000 08:16 3544559                    /usr/lib/jvm/java-7-openjdk-amd64/jre/lib/amd64/server/libjvm.so
7fe42ae3b000-7fe42ae66000 rw-p 00000000 00:00 0 
7fe42ae66000-7fe42ae7e000 r-xp 00000000 08:16 5246659                    /lib/x86_64-linux-gnu/libpthread-2.15.so
7fe42ae7e000-7fe42b07d000 ---p 00018000 08:16 5246659                    /lib/x86_64-linux-gnu/libpthread-2.15.so
7fe42b07d000-7fe42b07e000 r--p 00017000 08:16 5246659                    /lib/x86_64-linux-gnu/libpthread-2.15.so
7fe42b07e000-7fe42b07f000 rw-p 00018000 08:16 5246659                    /lib/x86_64-linux-gnu/libpthread-2.15.so
7fe42b07f000-7fe42b083000 rw-p 00000000 00:00 0 
7fe42b083000-7fe42b099000 r-xp 00000000 08:16 5246690                    /lib/x86_64-linux-gnu/libz.so.1.2.3.4
7fe42b099000-7fe42b298000 ---p 00016000 08:16 5246690                    /lib/x86_64-linux-gnu/libz.so.1.2.3.4
7fe42b298000-7fe42b299000 r--p 00015000 08:16 5246690                    /lib/x86_64-linux-gnu/libz.so.1.2.3.4
7fe42b299000-7fe42b29a000 rw-p 00016000 08:16 5246690                    /lib/x86_64-linux-gnu/libz.so.1.2.3.4
7fe42b29a000-7fe42b29c000 r-xp 00000000 08:16 5246592                    /lib/x86_64-linux-gnu/libdl-2.15.so
7fe42b29c000-7fe42b49c000 ---p 00002000 08:16 5246592                    /lib/x86_64-linux-gnu/libdl-2.15.so
7fe42b49c000-7fe42b49d000 r--p 00002000 08:16 5246592                    /lib/x86_64-linux-gnu/libdl-2.15.so
7fe42b49d000-7fe42b49e000 rw-p 00003000 08:16 5246592                    /lib/x86_64-linux-gnu/libdl-2.15.so
7fe42b49e000-7fe42b651000 r-xp 00000000 08:16 5246579                    /lib/x86_64-linux-gnu/libc-2.15.so
7fe42b651000-7fe42b850000 ---p 001b3000 08:16 5246579                    /lib/x86_64-linux-gnu/libc-2.15.so
7fe42b850000-7fe42b854000 r--p 001b2000 08:16 5246579                    /lib/x86_64-linux-gnu/libc-2.15.so
7fe42b854000-7fe42b856000 rw-p 001b6000 08:16 5246579                    /lib/x86_64-linux-gnu/libc-2.15.so
7fe42b856000-7fe42b85b000 rw-p 00000000 00:00 0 
7fe42b85b000-7fe42b867000 r-xp 00000000 08:16 3544565                    /usr/lib/jvm/java-7-openjdk-amd64/jre/lib/amd64/jli/libjli.so
7fe42b867000-7fe42ba67000 ---p 0000c000 08:16 3544565                    /usr/lib/jvm/java-7-openjdk-amd64/jre/lib/amd64/jli/libjli.so
7fe42ba67000-7fe42ba68000 r--p 0000c000 08:16 3544565                    /usr/lib/jvm/java-7-openjdk-amd64/jre/lib/amd64/jli/libjli.so
7fe42ba68000-7fe42ba69000 rw-p 0000d000 08:16 3544565                    /usr/lib/jvm/java-7-openjdk-amd64/jre/lib/amd64/jli/libjli.so
7fe42ba69000-7fe42ba8b000 r-xp 00000000 08:16 5246559                    /lib/x86_64-linux-gnu/ld-2.15.so
7fe42ba8b000-7fe42ba8c000 rw-p 00000000 00:00 0 
7fe42ba8c000-7fe42baa7000 r--s 00228000 08:16 3677111                    /home/relissa/jmonkeyplatform/jmonkeyplatform/libs/jMonkeyEngine3.jar
7fe42baa7000-7fe42bab1000 rw-p 00000000 00:00 0 
7fe42bab1000-7fe42bb67000 rw-p 00000000 00:00 0 
7fe42bb67000-7fe42bb6a000 ---p 00000000 00:00 0 
7fe42bb6a000-7fe42bc6d000 rw-p 00000000 00:00 0 
7fe42bc6d000-7fe42bc6e000 r--s 00000000 08:16 1843626                    /var/cache/fontconfig/e7071f4a29fa870f4323321c154eba04-le64.cache-3
7fe42bc6e000-7fe42bc6f000 r--s 00000000 08:16 1846509                    /var/cache/fontconfig/5a76b20910bc01daa5b6abd117531ab8-le64.cache-3
7fe42bc6f000-7fe42bc72000 r--s 00032000 08:16 1050313                    /usr/lib/jvm/java-7-openjdk-common/jre/lib/ext/sunjce_provider.jar
7fe42bc72000-7fe42bc74000 r--s 00012000 08:16 1050314                    /usr/lib/jvm/java-7-openjdk-common/jre/lib/ext/zipfs.jar
7fe42bc74000-7fe42bc75000 r--s 00002000 08:16 1050311                    /usr/lib/jvm/java-7-openjdk-common/jre/lib/ext/dnsns.jar
7fe42bc75000-7fe42bc78000 r--s 00085000 08:16 1050312                    /usr/lib/jvm/java-7-openjdk-common/jre/lib/ext/localedata.jar
7fe42bc78000-7fe42bc7b000 r--s 0000f000 08:16 1050315                    /usr/lib/jvm/java-7-openjdk-common/jre/lib/ext/pulse-java.jar
7fe42bc7b000-7fe42bc7c000 r--s 00007000 08:16 1453403                    /usr/share/java/java-atk-wrapper.jar
7fe42bc7c000-7fe42bc7f000 r--s 0003c000 08:16 1050310                    /usr/lib/jvm/java-7-openjdk-common/jre/lib/ext/sunpkcs11.jar
7fe42bc7f000-7fe42bc87000 rw-s 00000000 08:16 4063324                    /tmp/hsperfdata_relissa/6395 (deleted)
7fe42bc87000-7fe42bc88000 rw-p 00000000 00:00 0 
7fe42bc88000-7fe42bc89000 ---p 00000000 00:00 0 
7fe42bc89000-7fe42bc8b000 rw-p 00000000 00:00 0 
7fe42bc8b000-7fe42bc8c000 r--p 00022000 08:16 5246559                    /lib/x86_64-linux-gnu/ld-2.15.so
7fe42bc8c000-7fe42bc8e000 rw-p 00023000 08:16 5246559                    /lib/x86_64-linux-gnu/ld-2.15.so
7fffe8b26000-7fffe8b47000 rw-p 00000000 00:00 0                          [stack]
7fffe8b56000-7fffe8b57000 r-xp 00000000 00:00 0                          [vdso]
ffffffffff600000-ffffffffff601000 r-xp 00000000 00:00 0                  [vsyscall]

VM Arguments:
jvm_args: -Dfile.encoding=UTF-8 
java_command: OCLP.Main
Launcher Type: SUN_STANDARD

Environment Variables:
PATH=/usr/lib/lightdm/lightdm:/usr/local/sbin:/usr/local/bin:/usr/sbin:/usr/bin:/sbin:/bin:/usr/games
SHELL=/bin/bash
DISPLAY=:0

Signal Handlers:
SIGSEGV: [libjvm.so+0x8065e0], sa_mask[0]=0x7ffbfeff, sa_flags=0x10000004
SIGBUS: [libjvm.so+0x8065e0], sa_mask[0]=0x7ffbfeff, sa_flags=0x10000004
SIGFPE: [libjvm.so+0x6ac6d0], sa_mask[0]=0x7ffbfeff, sa_flags=0x10000004
SIGPIPE: [libjvm.so+0x6ac6d0], sa_mask[0]=0x7ffbfeff, sa_flags=0x10000004
SIGXFSZ: [libjvm.so+0x6ac6d0], sa_mask[0]=0x7ffbfeff, sa_flags=0x10000004
SIGILL: [libjvm.so+0x6ac6d0], sa_mask[0]=0x7ffbfeff, sa_flags=0x10000004
SIGUSR1: SIG_DFL, sa_mask[0]=0x00000000, sa_flags=0x00000000
SIGUSR2: [libjvm.so+0x6acaa0], sa_mask[0]=0x00000004, sa_flags=0x10000004
SIGHUP: [libjvm.so+0x6acbe0], sa_mask[0]=0x7ffbfeff, sa_flags=0x10000004
SIGINT: SIG_IGN, sa_mask[0]=0x00000000, sa_flags=0x00000000
SIGTERM: [libjvm.so+0x6acbe0], sa_mask[0]=0x7ffbfeff, sa_flags=0x10000004
SIGQUIT: [libjvm.so+0x6acbe0], sa_mask[0]=0x7ffbfeff, sa_flags=0x10000004


---------------  S Y S T E M  ---------------

OS:Ubuntu 12.04 (precise)
uname:Linux 3.2.0-24-generic #39-Ubuntu SMP Mon May 21 16:52:17 UTC 2012 x86_64
libc:glibc 2.15 NPTL 2.15 
rlimit: STACK 8192k, CORE 0k, NPROC 28916, NOFILE 4096, AS infinity
load average:2.72 1.69 1.42

/proc/meminfo:
MemTotal:        3791568 kB
MemFree:          796368 kB
Buffers:          116716 kB
Cached:          1268452 kB
SwapCached:          448 kB
Active:          1651572 kB
Inactive:         951176 kB
Active(anon):     998488 kB
Inactive(anon):   234428 kB
Active(file):     653084 kB
Inactive(file):   716748 kB
Unevictable:           0 kB
Mlocked:               0 kB
SwapTotal:        999420 kB
SwapFree:         997980 kB
Dirty:               204 kB
Writeback:             0 kB
AnonPages:       1217248 kB
Mapped:           225712 kB
Shmem:             15336 kB
Slab:             143436 kB
SReclaimable:     116888 kB
SUnreclaim:        26548 kB
KernelStack:        3144 kB
PageTables:        31668 kB
NFS_Unstable:          0 kB
Bounce:                0 kB
WritebackTmp:          0 kB
CommitLimit:     2895204 kB
Committed_AS:    2781716 kB
VmallocTotal:   34359738367 kB
VmallocUsed:      300648 kB
VmallocChunk:   34359435432 kB
HardwareCorrupted:     0 kB
AnonHugePages:         0 kB
HugePages_Total:       0
HugePages_Free:        0
HugePages_Rsvd:        0
HugePages_Surp:        0
Hugepagesize:       2048 kB
DirectMap4k:     3659264 kB
DirectMap2M:      272384 kB
DirectMap1G:           0 kB


CPU:total 2 (2 cores per cpu, 1 threads per core) family 16 model 6 stepping 2, cmov, cx8, fxsr, mmx, sse, sse2, sse3, popcnt, mmxext, 3dnowpref, lzcnt, sse4a

/proc/cpuinfo:
processor	: 0
vendor_id	: AuthenticAMD
cpu family	: 16
model		: 6
model name	: AMD Athlon(tm) II X2 215 Processor
stepping	: 2
microcode	: 0x100009f
cpu MHz		: 2700.000
cache size	: 512 KB
physical id	: 0
siblings	: 2
core id		: 0
cpu cores	: 2
apicid		: 0
initial apicid	: 0
fpu		: yes
fpu_exception	: yes
cpuid level	: 5
wp		: yes
flags		: fpu vme de pse tsc msr pae mce cx8 apic sep mtrr pge mca cmov pat pse36 clflush mmx fxsr sse sse2 ht syscall nx mmxext fxsr_opt pdpe1gb rdtscp lm 3dnowext 3dnow constant_tsc rep_good nopl nonstop_tsc extd_apicid pni monitor cx16 popcnt lahf_lm cmp_legacy svm extapic cr8_legacy abm sse4a misalignsse 3dnowprefetch osvw ibs skinit wdt npt lbrv svm_lock nrip_save
bogomips	: 5400.31
TLB size	: 1024 4K pages
clflush size	: 64
cache_alignment	: 64
address sizes	: 48 bits physical, 48 bits virtual
power management: ts ttp tm stc 100mhzsteps hwpstate

processor	: 1
vendor_id	: AuthenticAMD
cpu family	: 16
model		: 6
model name	: AMD Athlon(tm) II X2 215 Processor
stepping	: 2
microcode	: 0x100009f
cpu MHz		: 2700.000
cache size	: 512 KB
physical id	: 0
siblings	: 2
core id		: 1
cpu cores	: 2
apicid		: 1
initial apicid	: 1
fpu		: yes
fpu_exception	: yes
cpuid level	: 5
wp		: yes
flags		: fpu vme de pse tsc msr pae mce cx8 apic sep mtrr pge mca cmov pat pse36 clflush mmx fxsr sse sse2 ht syscall nx mmxext fxsr_opt pdpe1gb rdtscp lm 3dnowext 3dnow constant_tsc rep_good nopl nonstop_tsc extd_apicid pni monitor cx16 popcnt lahf_lm cmp_legacy svm extapic cr8_legacy abm sse4a misalignsse 3dnowprefetch osvw ibs skinit wdt npt lbrv svm_lock nrip_save
bogomips	: 5386.51
TLB size	: 1024 4K pages
clflush size	: 64
cache_alignment	: 64
address sizes	: 48 bits physical, 48 bits virtual
power management: ts ttp tm stc 100mhzsteps hwpstate



Memory: 4k page, physical 3791568k(796368k free), swap 999420k(997980k free)

vm_info: OpenJDK 64-Bit Server VM (22.0-b10) for linux-amd64 JRE (1.7.0_03-b147), built on May  2 2012 16:57:58 by "buildd" with gcc 4.6.3

time: Sat Jun  9 11:29:12 2012
elapsed time: 24 seconds

