#
# A fatal error has been detected by the Java Runtime Environment:
#
#  SIGSEGV (0xb) at pc=0x00007fd706bd0c58, pid=8207, tid=140561918215936
#
# JRE version: 7.0_03-b147
# Java VM: OpenJDK 64-Bit Server VM (22.0-b10 mixed mode linux-amd64 compressed oops)
# Derivative: IcedTea7 2.1.1pre
# Distribution: Ubuntu 12.04 LTS, package 7~u3-2.1.1~pre1-1ubuntu3
# Problematic frame:
# C  [libX11.so.6+0x33c58]  XQueryExtension+0x28
#
# Failed to write core dump. Core dumps have been disabled. To enable core dumping, try "ulimit -c unlimited" before starting Java again
#
# If you would like to submit a bug report, please include
# instructions on how to reproduce the bug and visit:
#   https://bugs.launchpad.net/ubuntu/+source/openjdk-7/
#

---------------  T H R E A D  ---------------

Current thread is native thread

siginfo:si_signo=SIGSEGV: si_errno=0, si_code=1 (SEGV_MAPERR), si_addr=0xffffffffd801a028

Registers:
RAX=0x00000000007c2ba0, RBX=0xffffffffd80196c0, RCX=0x00007fff7748c8d8, RDX=0x00007fff7748c8d4
RSP=0x00007fff7748c870, RBP=0x00007fd6e1fd4932, RSI=0x00007fd6e1fd4932, RDI=0xffffffffd80196c0
R8 =0x00007fff7748c8dc, R9 =0x0000000000000000, R10=0x00007fd71ef32fa8, R11=0x00007fd71ebb4ca0
R12=0x0000000000000000, R13=0x00007fd6e1fd4932, R14=0x00000000007c2ba0, R15=0x0000000000000000
RIP=0x00007fd706bd0c58, EFLAGS=0x0000000000010202, CSGSFS=0x0000000000000033, ERR=0x0000000000000005
  TRAPNO=0x000000000000000e

Top of Stack: (sp=0x00007fff7748c870)
0x00007fff7748c870:   00007fd71eb87790 00007fd71f347000
0x00007fff7748c880:   00007fd71e543070 00007fd71f346000
0x00007fff7748c890:   00000000ffffffff ffffffffd80196c0
0x00007fff7748c8a0:   00007fd6e1fd4932 0000000000000000
0x00007fff7748c8b0:   00007fd6e1fd4932 00000000007c2ba0
0x00007fff7748c8c0:   0000000000000000 00007fd706bc4c55
0x00007fff7748c8d0:   00007fd71f367048 00007fd6e210d520
0x00007fff7748c8e0:   00007fd6e210d520 ffffffffd80196c0
0x00007fff7748c8f0:   00007fd6d8036f10 00007fd706ede02b
0x00007fff7748c900:   00007fd71eb87790 0000001100000061
0x00007fff7748c910:   00007fff7748c990 0000000000000000
0x00007fff7748c920:   00007fff7748c990 ffffffffd80196c0
0x00007fff7748c930:   0000000000000000 00007fd71f367048
0x00007fff7748c940:   00007fd6e2126d50 00007fd6e1f7b119
0x00007fff7748c950:   0000000000000000 0000000000000061
0x00007fff7748c960:   00007fff7748c990 00007fff7748c9b0
0x00007fff7748c970:   0000000000000000 00007fd71f367048
0x00007fff7748c980:   00007fd6d801c360 00007fd6e1f71b42
0x00007fff7748c990:   00007fff7748cd30 00007fd6e1fd48b1
0x00007fff7748c9a0:   0000000000000061 00007fd71f15392d
0x00007fff7748c9b0:   00007fd71f3682c8 00007fd71f368858
0x00007fff7748c9c0:   00007fd71f3656a8 00007fd718006570
0x00007fff7748c9d0:   00007fd718007080 00007fd718007580
0x00007fff7748c9e0:   00007fd71800c260 00007fd6cc1a10b0
0x00007fff7748c9f0:   00007fd6cc2004e0 00007fd6cc1c1080
0x00007fff7748ca00:   00007fd6d800b6e0 00007fd6d800a8e0
0x00007fff7748ca10:   00007fd7181e3200 00007fd7181e8060
0x00007fff7748ca20:   00007fd7181ef770 00007fd7181ef240
0x00007fff7748ca30:   00007fd7181eed20 00007fd7181f40f0
0x00007fff7748ca40:   00007fd7181f3be0 00007fd7181f5440
0x00007fff7748ca50:   00007fd7181f36e0 00007fd7181ee7f0
0x00007fff7748ca60:   00007fd7181f2210 00007fd7181f4db0 

Instructions: (pc=0x00007fd706bd0c58)
0x00007fd706bd0c38:   24 d8 48 89 fb 4c 89 64 24 e0 4c 89 6c 24 e8 48
0x00007fd706bd0c48:   89 f5 4c 89 74 24 f0 4c 89 7c 24 f8 48 83 ec 58
0x00007fd706bd0c58:   48 8b 87 68 09 00 00 49 89 d4 49 89 cd 4d 89 c6
0x00007fd706bd0c68:   48 85 c0 74 02 ff 10 ba 08 00 00 00 be 62 00 00 

Register to memory mapping:

RAX=0x00000000007c2ba0 is an unknown value
RBX=0xffffffffd80196c0 is an unknown value
RCX=0x00007fff7748c8d8 is an unknown value
RDX=0x00007fff7748c8d4 is an unknown value
RSP=0x00007fff7748c870 is an unknown value
RBP=0x00007fd6e1fd4932: <offset 0x96932> in /usr/lib/fglrx/libGL.so.1 at 0x00007fd6e1f3e000
RSI=0x00007fd6e1fd4932: <offset 0x96932> in /usr/lib/fglrx/libGL.so.1 at 0x00007fd6e1f3e000
RDI=0xffffffffd80196c0 is an unknown value
R8 =0x00007fff7748c8dc is an unknown value
R9 =0x0000000000000000 is an unknown value
R10=0x00007fd71ef32fa8: <offset 0x3b9fa8> in /lib/x86_64-linux-gnu/libc.so.6 at 0x00007fd71eb79000
R11=0x00007fd71ebb4ca0: __cxa_finalize+0 in /lib/x86_64-linux-gnu/libc.so.6 at 0x00007fd71eb79000
R12=0x0000000000000000 is an unknown value
R13=0x00007fd6e1fd4932: <offset 0x96932> in /usr/lib/fglrx/libGL.so.1 at 0x00007fd6e1f3e000
R14=0x00000000007c2ba0 is an unknown value
R15=0x0000000000000000 is an unknown value


Stack: [0x00007fff7738f000,0x00007fff7748f000],  sp=0x00007fff7748c870,  free space=1014k
Native frames: (J=compiled Java code, j=interpreted, Vv=VM code, C=native code)
C  [libX11.so.6+0x33c58]  XQueryExtension+0x28


---------------  P R O C E S S  ---------------

VM state:at safepoint (shutting down)

VM Mutex/Monitor currently owned by a thread:  ([mutex/lock_event])
[0x00007fd718004940] Threads_lock - owner thread: 0x00007fd71809b800

Heap
 PSYoungGen      total 17280K, used 13858K [0x00000000ecb60000, 0x00000000edea0000, 0x0000000100000000)
  eden space 14848K, 77% used [0x00000000ecb60000,0x00000000ed68ca68,0x00000000ed9e0000)
  from space 2432K, 99% used [0x00000000ed9e0000,0x00000000edc3c020,0x00000000edc40000)
  to   space 2432K, 0% used [0x00000000edc40000,0x00000000edc40000,0x00000000edea0000)
 PSOldGen        total 39552K, used 2115K [0x00000000c6200000, 0x00000000c88a0000, 0x00000000ecb60000)
  object space 39552K, 5% used [0x00000000c6200000,0x00000000c6410c00,0x00000000c88a0000)
 PSPermGen       total 21248K, used 20423K [0x00000000bbc00000, 0x00000000bd0c0000, 0x00000000c6200000)
  object space 21248K, 96% used [0x00000000bbc00000,0x00000000bcff1de0,0x00000000bd0c0000)

Code Cache  [0x00007fd715000000, 0x00007fd715270000, 0x00007fd718000000)
 total_blobs=711 nmethods=108 adapters=556 free_code_cache=48309Kb largest_free_block=49432640

Dynamic libraries:
00400000-00401000 r-xp 00000000 08:16 3544606                            /usr/lib/jvm/java-7-openjdk-amd64/jre/bin/java
00600000-00601000 r--p 00000000 08:16 3544606                            /usr/lib/jvm/java-7-openjdk-amd64/jre/bin/java
00601000-00602000 rw-p 00001000 08:16 3544606                            /usr/lib/jvm/java-7-openjdk-amd64/jre/bin/java
007c0000-007e1000 rw-p 00000000 00:00 0                                  [heap]
bbc00000-bd0c0000 rw-p 00000000 00:00 0 
bd0c0000-c6200000 rw-p 00000000 00:00 0 
c6200000-c88a0000 rw-p 00000000 00:00 0 
c88a0000-ecb60000 rw-p 00000000 00:00 0 
ecb60000-edea0000 rw-p 00000000 00:00 0 
edea0000-100000000 rw-p 00000000 00:00 0 
7fd6cc000000-7fd6cc408000 rw-p 00000000 00:00 0 
7fd6cc408000-7fd6d0000000 ---p 00000000 00:00 0 
7fd6d0201000-7fd6d023f000 r-xp 00000000 08:16 1056348                    /usr/lib/x86_64-linux-gnu/libjpeg.so.8.0.2
7fd6d023f000-7fd6d043e000 ---p 0003e000 08:16 1056348                    /usr/lib/x86_64-linux-gnu/libjpeg.so.8.0.2
7fd6d043e000-7fd6d043f000 r--p 0003d000 08:16 1056348                    /usr/lib/x86_64-linux-gnu/libjpeg.so.8.0.2
7fd6d043f000-7fd6d0440000 rw-p 0003e000 08:16 1056348                    /usr/lib/x86_64-linux-gnu/libjpeg.so.8.0.2
7fd6d0440000-7fd6d0450000 rw-p 00000000 00:00 0 
7fd6d0450000-7fd6d0459000 r-xp 00000000 08:16 3544590                    /usr/lib/jvm/java-7-openjdk-amd64/jre/lib/amd64/libjavajpeg.so
7fd6d0459000-7fd6d0658000 ---p 00009000 08:16 3544590                    /usr/lib/jvm/java-7-openjdk-amd64/jre/lib/amd64/libjavajpeg.so
7fd6d0658000-7fd6d0659000 r--p 00008000 08:16 3544590                    /usr/lib/jvm/java-7-openjdk-amd64/jre/lib/amd64/libjavajpeg.so
7fd6d0659000-7fd6d065a000 rw-p 00009000 08:16 3544590                    /usr/lib/jvm/java-7-openjdk-amd64/jre/lib/amd64/libjavajpeg.so
7fd6d065a000-7fd6d065b000 ---p 00000000 00:00 0 
7fd6d065b000-7fd6d0e5b000 rw-p 00000000 00:00 0 
7fd6d0e5b000-7fd6d0e5c000 ---p 00000000 00:00 0 
7fd6d0e5c000-7fd6d165c000 rw-p 00000000 00:00 0 
7fd6d165c000-7fd6d1662000 r-xp 00000000 08:16 1056418                    /usr/lib/x86_64-linux-gnu/libogg.so.0.7.1
7fd6d1662000-7fd6d1861000 ---p 00006000 08:16 1056418                    /usr/lib/x86_64-linux-gnu/libogg.so.0.7.1
7fd6d1861000-7fd6d1862000 r--p 00005000 08:16 1056418                    /usr/lib/x86_64-linux-gnu/libogg.so.0.7.1
7fd6d1862000-7fd6d1863000 rw-p 00006000 08:16 1056418                    /usr/lib/x86_64-linux-gnu/libogg.so.0.7.1
7fd6d1863000-7fd6d1b16000 r-xp 00000000 08:16 1056578                    /usr/lib/x86_64-linux-gnu/libvorbisenc.so.2.0.8
7fd6d1b16000-7fd6d1d15000 ---p 002b3000 08:16 1056578                    /usr/lib/x86_64-linux-gnu/libvorbisenc.so.2.0.8
7fd6d1d15000-7fd6d1d31000 r--p 002b2000 08:16 1056578                    /usr/lib/x86_64-linux-gnu/libvorbisenc.so.2.0.8
7fd6d1d31000-7fd6d1d32000 rw-p 002ce000 08:16 1056578                    /usr/lib/x86_64-linux-gnu/libvorbisenc.so.2.0.8
7fd6d1d32000-7fd6d3c8c000 r-xp 00000000 08:16 1054642                    /usr/lib/fglrx/dri/fglrx_dri.so
7fd6d3c8c000-7fd6d3d8c000 ---p 01f5a000 08:16 1054642                    /usr/lib/fglrx/dri/fglrx_dri.so
7fd6d3d8c000-7fd6d3eda000 rwxp 01f5a000 08:16 1054642                    /usr/lib/fglrx/dri/fglrx_dri.so
7fd6d3eda000-7fd6d4000000 rwxp 00000000 00:00 0 
7fd6d4000000-7fd6d4021000 rw-p 00000000 00:00 0 
7fd6d4021000-7fd6d8000000 ---p 00000000 00:00 0 
7fd6d8000000-7fd6d8993000 rw-p 00000000 00:00 0 
7fd6d8993000-7fd6dc000000 ---p 00000000 00:00 0 
7fd6dc000000-7fd6dc021000 rw-p 00000000 00:00 0 
7fd6dc021000-7fd6e0000000 ---p 00000000 00:00 0 
7fd6e01ee000-7fd6e0219000 r-xp 00000000 08:16 1056576                    /usr/lib/x86_64-linux-gnu/libvorbis.so.0.4.5
7fd6e0219000-7fd6e0418000 ---p 0002b000 08:16 1056576                    /usr/lib/x86_64-linux-gnu/libvorbis.so.0.4.5
7fd6e0418000-7fd6e0419000 r--p 0002a000 08:16 1056576                    /usr/lib/x86_64-linux-gnu/libvorbis.so.0.4.5
7fd6e0419000-7fd6e041a000 rw-p 0002b000 08:16 1056576                    /usr/lib/x86_64-linux-gnu/libvorbis.so.0.4.5
7fd6e041a000-7fd6e0462000 r-xp 00000000 08:16 1055951                    /usr/lib/x86_64-linux-gnu/libFLAC.so.8.2.0
7fd6e0462000-7fd6e0662000 ---p 00048000 08:16 1055951                    /usr/lib/x86_64-linux-gnu/libFLAC.so.8.2.0
7fd6e0662000-7fd6e0663000 r--p 00048000 08:16 1055951                    /usr/lib/x86_64-linux-gnu/libFLAC.so.8.2.0
7fd6e0663000-7fd6e0664000 rw-p 00049000 08:16 1055951                    /usr/lib/x86_64-linux-gnu/libFLAC.so.8.2.0
7fd6e0664000-7fd6e0669000 r-xp 00000000 08:16 1056065                    /usr/lib/x86_64-linux-gnu/libasyncns.so.0.3.1
7fd6e0669000-7fd6e0868000 ---p 00005000 08:16 1056065                    /usr/lib/x86_64-linux-gnu/libasyncns.so.0.3.1
7fd6e0868000-7fd6e0869000 r--p 00004000 08:16 1056065                    /usr/lib/x86_64-linux-gnu/libasyncns.so.0.3.1
7fd6e0869000-7fd6e086a000 rw-p 00005000 08:16 1056065                    /usr/lib/x86_64-linux-gnu/libasyncns.so.0.3.1
7fd6e086a000-7fd6e08ca000 r-xp 00000000 08:16 1056513                    /usr/lib/x86_64-linux-gnu/libsndfile.so.1.0.25
7fd6e08ca000-7fd6e0aca000 ---p 00060000 08:16 1056513                    /usr/lib/x86_64-linux-gnu/libsndfile.so.1.0.25
7fd6e0aca000-7fd6e0acc000 r--p 00060000 08:16 1056513                    /usr/lib/x86_64-linux-gnu/libsndfile.so.1.0.25
7fd6e0acc000-7fd6e0acd000 rw-p 00062000 08:16 1056513                    /usr/lib/x86_64-linux-gnu/libsndfile.so.1.0.25
7fd6e0acd000-7fd6e0ad1000 rw-p 00000000 00:00 0 
7fd6e0ad1000-7fd6e0ad9000 r-xp 00000000 08:16 5246688                    /lib/x86_64-linux-gnu/libwrap.so.0.7.6
7fd6e0ad9000-7fd6e0cd8000 ---p 00008000 08:16 5246688                    /lib/x86_64-linux-gnu/libwrap.so.0.7.6
7fd6e0cd8000-7fd6e0cd9000 r--p 00007000 08:16 5246688                    /lib/x86_64-linux-gnu/libwrap.so.0.7.6
7fd6e0cd9000-7fd6e0cda000 rw-p 00008000 08:16 5246688                    /lib/x86_64-linux-gnu/libwrap.so.0.7.6
7fd6e0cda000-7fd6e0d36000 r-xp 00000000 08:16 1055773                    /usr/lib/x86_64-linux-gnu/libpulsecommon-1.1.so
7fd6e0d36000-7fd6e0f36000 ---p 0005c000 08:16 1055773                    /usr/lib/x86_64-linux-gnu/libpulsecommon-1.1.so
7fd6e0f36000-7fd6e0f37000 r--p 0005c000 08:16 1055773                    /usr/lib/x86_64-linux-gnu/libpulsecommon-1.1.so
7fd6e0f37000-7fd6e0f38000 rw-p 0005d000 08:16 1055773                    /usr/lib/x86_64-linux-gnu/libpulsecommon-1.1.so
7fd6e0f38000-7fd6e0f3f000 r-xp 00000000 08:16 1056352                    /usr/lib/x86_64-linux-gnu/libjson.so.0.0.1
7fd6e0f3f000-7fd6e113e000 ---p 00007000 08:16 1056352                    /usr/lib/x86_64-linux-gnu/libjson.so.0.0.1
7fd6e113e000-7fd6e113f000 r--p 00006000 08:16 1056352                    /usr/lib/x86_64-linux-gnu/libjson.so.0.0.1
7fd6e113f000-7fd6e1140000 rw-p 00007000 08:16 1056352                    /usr/lib/x86_64-linux-gnu/libjson.so.0.0.1
7fd6e1140000-7fd6e1186000 r-xp 00000000 08:16 1055774                    /usr/lib/x86_64-linux-gnu/libpulse.so.0.13.5
7fd6e1186000-7fd6e1386000 ---p 00046000 08:16 1055774                    /usr/lib/x86_64-linux-gnu/libpulse.so.0.13.5
7fd6e1386000-7fd6e1387000 r--p 00046000 08:16 1055774                    /usr/lib/x86_64-linux-gnu/libpulse.so.0.13.5
7fd6e1387000-7fd6e1388000 rw-p 00047000 08:16 1055774                    /usr/lib/x86_64-linux-gnu/libpulse.so.0.13.5
7fd6e15e0000-7fd6e1ce0000 rw-s 19078000 00:05 9165                       /dev/ati/card0
7fd6e1ce0000-7fd6e1d1b000 r-xp 00000000 08:16 1054638                    /usr/lib/fglrx/libatiadlxx.so
7fd6e1d1b000-7fd6e1e1b000 ---p 0003b000 08:16 1054638                    /usr/lib/fglrx/libatiadlxx.so
7fd6e1e1b000-7fd6e1e24000 rw-p 0003b000 08:16 1054638                    /usr/lib/fglrx/libatiadlxx.so
7fd6e1e24000-7fd6e1e35000 rw-p 00000000 00:00 0 
7fd6e1e35000-7fd6e1e3c000 r-xp 00000000 08:16 1054658                    /usr/lib/fglrx/libatiuki.so.1.0
7fd6e1e3c000-7fd6e1f3c000 ---p 00007000 08:16 1054658                    /usr/lib/fglrx/libatiuki.so.1.0
7fd6e1f3c000-7fd6e1f3d000 rw-p 00007000 08:16 1054658                    /usr/lib/fglrx/libatiuki.so.1.0
7fd6e1f3d000-7fd6e1f3e000 rw-p 00000000 00:00 0 
7fd6e1f3e000-7fd6e2001000 r-xp 00000000 08:16 1054665                    /usr/lib/fglrx/libGL.so.1.2
7fd6e2001000-7fd6e2100000 ---p 000c3000 08:16 1054665                    /usr/lib/fglrx/libGL.so.1.2
7fd6e2100000-7fd6e2127000 rwxp 000c2000 08:16 1054665                    /usr/lib/fglrx/libGL.so.1.2
7fd6e2127000-7fd6e2147000 rwxp 00000000 00:00 0 
7fd6e2147000-7fd6e214b000 r-xp 00000000 08:16 1056049                    /usr/lib/x86_64-linux-gnu/libXxf86vm.so.1.0.0
7fd6e214b000-7fd6e234a000 ---p 00004000 08:16 1056049                    /usr/lib/x86_64-linux-gnu/libXxf86vm.so.1.0.0
7fd6e234a000-7fd6e234b000 r--p 00003000 08:16 1056049                    /usr/lib/x86_64-linux-gnu/libXxf86vm.so.1.0.0
7fd6e234b000-7fd6e234c000 rw-p 00004000 08:16 1056049                    /usr/lib/x86_64-linux-gnu/libXxf86vm.so.1.0.0
7fd6e234c000-7fd6e23b2000 r-xp 00000000 08:16 3673310                    /home/relissa/.jme3/natives_9a0c8f4d/liblwjgl64.so
7fd6e23b2000-7fd6e25b2000 ---p 00066000 08:16 3673310                    /home/relissa/.jme3/natives_9a0c8f4d/liblwjgl64.so
7fd6e25b2000-7fd6e25b4000 r--p 00066000 08:16 3673310                    /home/relissa/.jme3/natives_9a0c8f4d/liblwjgl64.so
7fd6e25b4000-7fd6e25b5000 rw-p 00068000 08:16 3673310                    /home/relissa/.jme3/natives_9a0c8f4d/liblwjgl64.so
7fd6e25b5000-7fd6e25b6000 r-xp 00000000 08:16 3544578                    /usr/lib/jvm/java-7-openjdk-amd64/jre/lib/amd64/libjawt.so
7fd6e25b6000-7fd6e27b5000 ---p 00001000 08:16 3544578                    /usr/lib/jvm/java-7-openjdk-amd64/jre/lib/amd64/libjawt.so
7fd6e27b5000-7fd6e27b6000 r--p 00000000 08:16 3544578                    /usr/lib/jvm/java-7-openjdk-amd64/jre/lib/amd64/libjawt.so
7fd6e27b6000-7fd6e27b7000 rw-p 00001000 08:16 3544578                    /usr/lib/jvm/java-7-openjdk-amd64/jre/lib/amd64/libjawt.so
7fd6e27b7000-7fd6e27ba000 ---p 00000000 00:00 0 
7fd6e27ba000-7fd6e28b8000 rw-p 00000000 00:00 0 
7fd6e28b8000-7fd6e28c8000 r-xp 00000000 08:16 3544571                    /usr/lib/jvm/java-7-openjdk-amd64/jre/lib/amd64/libnio.so
7fd6e28c8000-7fd6e2ac7000 ---p 00010000 08:16 3544571                    /usr/lib/jvm/java-7-openjdk-amd64/jre/lib/amd64/libnio.so
7fd6e2ac7000-7fd6e2ac8000 r--p 0000f000 08:16 3544571                    /usr/lib/jvm/java-7-openjdk-amd64/jre/lib/amd64/libnio.so
7fd6e2ac8000-7fd6e2ac9000 rw-p 00010000 08:16 3544571                    /usr/lib/jvm/java-7-openjdk-amd64/jre/lib/amd64/libnio.so
7fd6e2ac9000-7fd6e2adf000 r-xp 00000000 08:16 3544572                    /usr/lib/jvm/java-7-openjdk-amd64/jre/lib/amd64/libnet.so
7fd6e2adf000-7fd6e2cdf000 ---p 00016000 08:16 3544572                    /usr/lib/jvm/java-7-openjdk-amd64/jre/lib/amd64/libnet.so
7fd6e2cdf000-7fd6e2ce0000 r--p 00016000 08:16 3544572                    /usr/lib/jvm/java-7-openjdk-amd64/jre/lib/amd64/libnet.so
7fd6e2ce0000-7fd6e2ce1000 rw-p 00017000 08:16 3544572                    /usr/lib/jvm/java-7-openjdk-amd64/jre/lib/amd64/libnet.so
7fd6e2ce1000-7fd6e2d1c000 r-xp 00000000 08:16 3544568                    /usr/lib/jvm/java-7-openjdk-amd64/jre/lib/amd64/libfontmanager.so
7fd6e2d1c000-7fd6e2f1b000 ---p 0003b000 08:16 3544568                    /usr/lib/jvm/java-7-openjdk-amd64/jre/lib/amd64/libfontmanager.so
7fd6e2f1b000-7fd6e2f1d000 r--p 0003a000 08:16 3544568                    /usr/lib/jvm/java-7-openjdk-amd64/jre/lib/amd64/libfontmanager.so
7fd6e2f1d000-7fd6e2f1e000 rw-p 0003c000 08:16 3544568                    /usr/lib/jvm/java-7-openjdk-amd64/jre/lib/amd64/libfontmanager.so
7fd6e2f1e000-7fd6e2f21000 ---p 00000000 00:00 0 
7fd6e2f21000-7fd6e301f000 rw-p 00000000 00:00 0 
7fd6e301f000-7fd6e3022000 ---p 00000000 00:00 0 
7fd6e3022000-7fd6e3120000 rw-p 00000000 00:00 0 
7fd6e3120000-7fd6e3123000 ---p 00000000 00:00 0 
7fd6e3123000-7fd6e3221000 rw-p 00000000 00:00 0 
7fd6e3221000-7fd6e3224000 ---p 00000000 00:00 0 
7fd6e3224000-7fd6e3322000 rw-p 00000000 00:00 0 
7fd6e3322000-7fd6e3325000 ---p 00000000 00:00 0 
7fd6e3325000-7fd6e3423000 rw-p 00000000 00:00 0 
7fd6e3423000-7fd6e3426000 ---p 00000000 00:00 0 
7fd6e3426000-7fd6e3524000 rw-p 00000000 00:00 0 
7fd6e3524000-7fd6e3527000 r-xp 00000000 08:16 5246606                    /lib/x86_64-linux-gnu/libgpg-error.so.0.8.0
7fd6e3527000-7fd6e3726000 ---p 00003000 08:16 5246606                    /lib/x86_64-linux-gnu/libgpg-error.so.0.8.0
7fd6e3726000-7fd6e3727000 r--p 00002000 08:16 5246606                    /lib/x86_64-linux-gnu/libgpg-error.so.0.8.0
7fd6e3727000-7fd6e3728000 rw-p 00003000 08:16 5246606                    /lib/x86_64-linux-gnu/libgpg-error.so.0.8.0
7fd6e3728000-7fd6e372b000 r-xp 00000000 08:16 5246610                    /lib/x86_64-linux-gnu/libkeyutils.so.1.4
7fd6e372b000-7fd6e392a000 ---p 00003000 08:16 5246610                    /lib/x86_64-linux-gnu/libkeyutils.so.1.4
7fd6e392a000-7fd6e392b000 r--p 00002000 08:16 5246610                    /lib/x86_64-linux-gnu/libkeyutils.so.1.4
7fd6e392b000-7fd6e392c000 rw-p 00003000 08:16 5246610                    /lib/x86_64-linux-gnu/libkeyutils.so.1.4
7fd6e392c000-7fd6e396e000 r-xp 00000000 08:16 5246591                    /lib/x86_64-linux-gnu/libdbus-1.so.3.5.8
7fd6e396e000-7fd6e3b6e000 ---p 00042000 08:16 5246591                    /lib/x86_64-linux-gnu/libdbus-1.so.3.5.8
7fd6e3b6e000-7fd6e3b6f000 r--p 00042000 08:16 5246591                    /lib/x86_64-linux-gnu/libdbus-1.so.3.5.8
7fd6e3b6f000-7fd6e3b70000 rw-p 00043000 08:16 5246591                    /lib/x86_64-linux-gnu/libdbus-1.so.3.5.8
7fd6e3b70000-7fd6e3b81000 r-xp 00000000 08:16 1056424                    /usr/lib/x86_64-linux-gnu/libp11-kit.so.0.0.0
7fd6e3b81000-7fd6e3d80000 ---p 00011000 08:16 1056424                    /usr/lib/x86_64-linux-gnu/libp11-kit.so.0.0.0
7fd6e3d80000-7fd6e3d81000 r--p 00010000 08:16 1056424                    /usr/lib/x86_64-linux-gnu/libp11-kit.so.0.0.0
7fd6e3d81000-7fd6e3d82000 rw-p 00011000 08:16 1056424                    /usr/lib/x86_64-linux-gnu/libp11-kit.so.0.0.0
7fd6e3d82000-7fd6e3dfc000 r-xp 00000000 08:16 5246882                    /lib/x86_64-linux-gnu/libgcrypt.so.11.7.0
7fd6e3dfc000-7fd6e3ffc000 ---p 0007a000 08:16 5246882                    /lib/x86_64-linux-gnu/libgcrypt.so.11.7.0
7fd6e3ffc000-7fd6e3ffd000 r--p 0007a000 08:16 5246882                    /lib/x86_64-linux-gnu/libgcrypt.so.11.7.0
7fd6e3ffd000-7fd6e4000000 rw-p 0007b000 08:16 5246882                    /lib/x86_64-linux-gnu/libgcrypt.so.11.7.0
7fd6e4000000-7fd6e4021000 rw-p 00000000 00:00 0 
7fd6e4021000-7fd6e8000000 ---p 00000000 00:00 0 
7fd6e80b3000-7fd6e80c3000 rw-s fe9f0000 00:05 9165                       /dev/ati/card0
7fd6e80c3000-7fd6e80d3000 r-xp 00000000 08:16 1061093                    /usr/lib/x86_64-linux-gnu/libtasn1.so.3.1.12
7fd6e80d3000-7fd6e82d2000 ---p 00010000 08:16 1061093                    /usr/lib/x86_64-linux-gnu/libtasn1.so.3.1.12
7fd6e82d2000-7fd6e82d3000 r--p 0000f000 08:16 1061093                    /usr/lib/x86_64-linux-gnu/libtasn1.so.3.1.12
7fd6e82d3000-7fd6e82d4000 rw-p 00010000 08:16 1061093                    /usr/lib/x86_64-linux-gnu/libtasn1.so.3.1.12
7fd6e82d4000-7fd6e82db000 r-xp 00000000 08:16 1052728                    /usr/lib/x86_64-linux-gnu/libkrb5support.so.0.1
7fd6e82db000-7fd6e84da000 ---p 00007000 08:16 1052728                    /usr/lib/x86_64-linux-gnu/libkrb5support.so.0.1
7fd6e84da000-7fd6e84db000 r--p 00006000 08:16 1052728                    /usr/lib/x86_64-linux-gnu/libkrb5support.so.0.1
7fd6e84db000-7fd6e84dc000 rw-p 00007000 08:16 1052728                    /usr/lib/x86_64-linux-gnu/libkrb5support.so.0.1
7fd6e84dc000-7fd6e84df000 r-xp 00000000 08:16 5246586                    /lib/x86_64-linux-gnu/libcom_err.so.2.1
7fd6e84df000-7fd6e86de000 ---p 00003000 08:16 5246586                    /lib/x86_64-linux-gnu/libcom_err.so.2.1
7fd6e86de000-7fd6e86df000 r--p 00002000 08:16 5246586                    /lib/x86_64-linux-gnu/libcom_err.so.2.1
7fd6e86df000-7fd6e86e0000 rw-p 00003000 08:16 5246586                    /lib/x86_64-linux-gnu/libcom_err.so.2.1
7fd6e86e0000-7fd6e8705000 r-xp 00000000 08:16 1052714                    /usr/lib/x86_64-linux-gnu/libk5crypto.so.3.1
7fd6e8705000-7fd6e8905000 ---p 00025000 08:16 1052714                    /usr/lib/x86_64-linux-gnu/libk5crypto.so.3.1
7fd6e8905000-7fd6e8906000 r--p 00025000 08:16 1052714                    /usr/lib/x86_64-linux-gnu/libk5crypto.so.3.1
7fd6e8906000-7fd6e8907000 rw-p 00026000 08:16 1052714                    /usr/lib/x86_64-linux-gnu/libk5crypto.so.3.1
7fd6e8907000-7fd6e8908000 rw-p 00000000 00:00 0 
7fd6e8908000-7fd6e89cc000 r-xp 00000000 08:16 1052724                    /usr/lib/x86_64-linux-gnu/libkrb5.so.3.3
7fd6e89cc000-7fd6e8bcb000 ---p 000c4000 08:16 1052724                    /usr/lib/x86_64-linux-gnu/libkrb5.so.3.3
7fd6e8bcb000-7fd6e8bd5000 r--p 000c3000 08:16 1052724                    /usr/lib/x86_64-linux-gnu/libkrb5.so.3.3
7fd6e8bd5000-7fd6e8bd6000 rw-p 000cd000 08:16 1052724                    /usr/lib/x86_64-linux-gnu/libkrb5.so.3.3
7fd6e8bd6000-7fd6e8bde000 r-xp 00000000 08:16 1056599                    /usr/lib/x86_64-linux-gnu/libxcb-render.so.0.0.0
7fd6e8bde000-7fd6e8dde000 ---p 00008000 08:16 1056599                    /usr/lib/x86_64-linux-gnu/libxcb-render.so.0.0.0
7fd6e8dde000-7fd6e8ddf000 r--p 00008000 08:16 1056599                    /usr/lib/x86_64-linux-gnu/libxcb-render.so.0.0.0
7fd6e8ddf000-7fd6e8de0000 rw-p 00009000 08:16 1056599                    /usr/lib/x86_64-linux-gnu/libxcb-render.so.0.0.0
7fd6e8de0000-7fd6e8de2000 r-xp 00000000 08:16 1056603                    /usr/lib/x86_64-linux-gnu/libxcb-shm.so.0.0.0
7fd6e8de2000-7fd6e8fe1000 ---p 00002000 08:16 1056603                    /usr/lib/x86_64-linux-gnu/libxcb-shm.so.0.0.0
7fd6e8fe1000-7fd6e8fe2000 r--p 00001000 08:16 1056603                    /usr/lib/x86_64-linux-gnu/libxcb-shm.so.0.0.0
7fd6e8fe2000-7fd6e8fe3000 rw-p 00002000 08:16 1056603                    /usr/lib/x86_64-linux-gnu/libxcb-shm.so.0.0.0
7fd6e8fe3000-7fd6e9009000 r-xp 00000000 08:16 5246656                    /lib/x86_64-linux-gnu/libpng12.so.0.46.0
7fd6e9009000-7fd6e9209000 ---p 00026000 08:16 5246656                    /lib/x86_64-linux-gnu/libpng12.so.0.46.0
7fd6e9209000-7fd6e920a000 r--p 00026000 08:16 5246656                    /lib/x86_64-linux-gnu/libpng12.so.0.46.0
7fd6e920a000-7fd6e920b000 rw-p 00027000 08:16 5246656                    /lib/x86_64-linux-gnu/libpng12.so.0.46.0
7fd6e920b000-7fd6e928c000 r-xp 00000000 08:16 1056450                    /usr/lib/x86_64-linux-gnu/libpixman-1.so.0.24.4
7fd6e928c000-7fd6e948b000 ---p 00081000 08:16 1056450                    /usr/lib/x86_64-linux-gnu/libpixman-1.so.0.24.4
7fd6e948b000-7fd6e9491000 r--p 00080000 08:16 1056450                    /usr/lib/x86_64-linux-gnu/libpixman-1.so.0.24.4
7fd6e9491000-7fd6e9492000 rw-p 00086000 08:16 1056450                    /usr/lib/x86_64-linux-gnu/libpixman-1.so.0.24.4
7fd6e9492000-7fd6e9497000 r-xp 00000000 08:16 1056019                    /usr/lib/x86_64-linux-gnu/libXdmcp.so.6.0.0
7fd6e9497000-7fd6e9696000 ---p 00005000 08:16 1056019                    /usr/lib/x86_64-linux-gnu/libXdmcp.so.6.0.0
7fd6e9696000-7fd6e9697000 r--p 00004000 08:16 1056019                    /usr/lib/x86_64-linux-gnu/libXdmcp.so.6.0.0
7fd6e9697000-7fd6e9698000 rw-p 00005000 08:16 1056019                    /usr/lib/x86_64-linux-gnu/libXdmcp.so.6.0.0
7fd6e9698000-7fd6e969a000 r-xp 00000000 08:16 1056008                    /usr/lib/x86_64-linux-gnu/libXau.so.6.0.0
7fd6e969a000-7fd6e9899000 ---p 00002000 08:16 1056008                    /usr/lib/x86_64-linux-gnu/libXau.so.6.0.0
7fd6e9899000-7fd6e989a000 r--p 00001000 08:16 1056008                    /usr/lib/x86_64-linux-gnu/libXau.so.6.0.0
7fd6e989a000-7fd6e989b000 rw-p 00002000 08:16 1056008                    /usr/lib/x86_64-linux-gnu/libXau.so.6.0.0
7fd6e989b000-7fd6e98ab000 r-xp 00000000 08:16 1056075                    /usr/lib/x86_64-linux-gnu/libavahi-client.so.3.2.9
7fd6e98ab000-7fd6e9aaa000 ---p 00010000 08:16 1056075                    /usr/lib/x86_64-linux-gnu/libavahi-client.so.3.2.9
7fd6e9aaa000-7fd6e9aab000 r--p 0000f000 08:16 1056075                    /usr/lib/x86_64-linux-gnu/libavahi-client.so.3.2.9
7fd6e9aab000-7fd6e9aac000 rw-p 00010000 08:16 1056075                    /usr/lib/x86_64-linux-gnu/libavahi-client.so.3.2.9
7fd6e9aac000-7fd6e9ab7000 r-xp 00000000 08:16 1056077                    /usr/lib/x86_64-linux-gnu/libavahi-common.so.3.5.3
7fd6e9ab7000-7fd6e9cb6000 ---p 0000b000 08:16 1056077                    /usr/lib/x86_64-linux-gnu/libavahi-common.so.3.5.3
7fd6e9cb6000-7fd6e9cb7000 r--p 0000a000 08:16 1056077                    /usr/lib/x86_64-linux-gnu/libavahi-common.so.3.5.3
7fd6e9cb7000-7fd6e9cb8000 rw-p 0000b000 08:16 1056077                    /usr/lib/x86_64-linux-gnu/libavahi-common.so.3.5.3
7fd6e9cb8000-7fd6e9d6c000 r-xp 00000000 08:16 1056248                    /usr/lib/x86_64-linux-gnu/libgnutls.so.26.21.8
7fd6e9d6c000-7fd6e9f6c000 ---p 000b4000 08:16 1056248                    /usr/lib/x86_64-linux-gnu/libgnutls.so.26.21.8
7fd6e9f6c000-7fd6e9f72000 r--p 000b4000 08:16 1056248                    /usr/lib/x86_64-linux-gnu/libgnutls.so.26.21.8
7fd6e9f72000-7fd6e9f73000 rw-p 000ba000 08:16 1056248                    /usr/lib/x86_64-linux-gnu/libgnutls.so.26.21.8
7fd6e9f73000-7fd6e9f74000 rw-p 00000000 00:00 0 
7fd6e9f74000-7fd6e9faf000 r-xp 00000000 08:16 1052718                    /usr/lib/x86_64-linux-gnu/libgssapi_krb5.so.2.2
7fd6e9faf000-7fd6ea1af000 ---p 0003b000 08:16 1052718                    /usr/lib/x86_64-linux-gnu/libgssapi_krb5.so.2.2
7fd6ea1af000-7fd6ea1b0000 r--p 0003b000 08:16 1052718                    /usr/lib/x86_64-linux-gnu/libgssapi_krb5.so.2.2
7fd6ea1b0000-7fd6ea1b2000 rw-p 0003c000 08:16 1052718                    /usr/lib/x86_64-linux-gnu/libgssapi_krb5.so.2.2
7fd6ea1b2000-7fd6ea1ee000 r-xp 00000000 08:16 5246652                    /lib/x86_64-linux-gnu/libpcre.so.3.12.1
7fd6ea1ee000-7fd6ea3ed000 ---p 0003c000 08:16 5246652                    /lib/x86_64-linux-gnu/libpcre.so.3.12.1
7fd6ea3ed000-7fd6ea3ee000 r--p 0003b000 08:16 5246652                    /lib/x86_64-linux-gnu/libpcre.so.3.12.1
7fd6ea3ee000-7fd6ea3ef000 rw-p 0003c000 08:16 5246652                    /lib/x86_64-linux-gnu/libpcre.so.3.12.1
7fd6ea3ef000-7fd6ea3f6000 r-xp 00000000 08:16 1056193                    /usr/lib/x86_64-linux-gnu/libffi.so.6.0.0
7fd6ea3f6000-7fd6ea5f5000 ---p 00007000 08:16 1056193                    /usr/lib/x86_64-linux-gnu/libffi.so.6.0.0
7fd6ea5f5000-7fd6ea5f6000 r--p 00006000 08:16 1056193                    /usr/lib/x86_64-linux-gnu/libffi.so.6.0.0
7fd6ea5f6000-7fd6ea5f7000 rw-p 00007000 08:16 1056193                    /usr/lib/x86_64-linux-gnu/libffi.so.6.0.0
7fd6ea5f7000-7fd6ea61e000 r-xp 00000000 08:16 5246597                    /lib/x86_64-linux-gnu/libexpat.so.1.5.2
7fd6ea61e000-7fd6ea81e000 ---p 00027000 08:16 5246597                    /lib/x86_64-linux-gnu/libexpat.so.1.5.2
7fd6ea81e000-7fd6ea820000 r--p 00027000 08:16 5246597                    /lib/x86_64-linux-gnu/libexpat.so.1.5.2
7fd6ea820000-7fd6ea821000 rw-p 00029000 08:16 5246597                    /lib/x86_64-linux-gnu/libexpat.so.1.5.2
7fd6ea821000-7fd6ea8b7000 r-xp 00000000 08:16 1056201                    /usr/lib/x86_64-linux-gnu/libfreetype.so.6.8.0
7fd6ea8b7000-7fd6eaab6000 ---p 00096000 08:16 1056201                    /usr/lib/x86_64-linux-gnu/libfreetype.so.6.8.0
7fd6eaab6000-7fd6eaabc000 r--p 00095000 08:16 1056201                    /usr/lib/x86_64-linux-gnu/libfreetype.so.6.8.0
7fd6eaabc000-7fd6eaabd000 rw-p 0009b000 08:16 1056201                    /usr/lib/x86_64-linux-gnu/libfreetype.so.6.8.0
7fd6eaabd000-7fd6eaad5000 r-xp 00000000 08:16 5246663                    /lib/x86_64-linux-gnu/libresolv-2.15.so
7fd6eaad5000-7fd6eacd5000 ---p 00018000 08:16 5246663                    /lib/x86_64-linux-gnu/libresolv-2.15.so
7fd6eacd5000-7fd6eacd6000 r--p 00018000 08:16 5246663                    /lib/x86_64-linux-gnu/libresolv-2.15.so
7fd6eacd6000-7fd6eacd7000 rw-p 00019000 08:16 5246663                    /lib/x86_64-linux-gnu/libresolv-2.15.so
7fd6eacd7000-7fd6eacd9000 rw-p 00000000 00:00 0 
7fd6eacd9000-7fd6eacf6000 r-xp 00000000 08:16 5246667                    /lib/x86_64-linux-gnu/libselinux.so.1
7fd6eacf6000-7fd6eaef5000 ---p 0001d000 08:16 5246667                    /lib/x86_64-linux-gnu/libselinux.so.1
7fd6eaef5000-7fd6eaef6000 r--p 0001c000 08:16 5246667                    /lib/x86_64-linux-gnu/libselinux.so.1
7fd6eaef6000-7fd6eaef7000 rw-p 0001d000 08:16 5246667                    /lib/x86_64-linux-gnu/libselinux.so.1
7fd6eaef7000-7fd6eaef8000 rw-p 00000000 00:00 0 
7fd6eaef8000-7fd6eaefb000 r-xp 00000000 08:16 1056240                    /usr/lib/x86_64-linux-gnu/libgmodule-2.0.so.0.3200.1
7fd6eaefb000-7fd6eb0fa000 ---p 00003000 08:16 1056240                    /usr/lib/x86_64-linux-gnu/libgmodule-2.0.so.0.3200.1
7fd6eb0fa000-7fd6eb0fb000 r--p 00002000 08:16 1056240                    /usr/lib/x86_64-linux-gnu/libgmodule-2.0.so.0.3200.1
7fd6eb0fb000-7fd6eb0fc000 rw-p 00003000 08:16 1056240                    /usr/lib/x86_64-linux-gnu/libgmodule-2.0.so.0.3200.1
7fd6eb0fc000-7fd6eb0fe000 r-xp 00000000 08:16 1056017                    /usr/lib/x86_64-linux-gnu/libXdamage.so.1.1.0
7fd6eb0fe000-7fd6eb2fd000 ---p 00002000 08:16 1056017                    /usr/lib/x86_64-linux-gnu/libXdamage.so.1.1.0
7fd6eb2fd000-7fd6eb2fe000 r--p 00001000 08:16 1056017                    /usr/lib/x86_64-linux-gnu/libXdamage.so.1.1.0
7fd6eb2fe000-7fd6eb2ff000 rw-p 00002000 08:16 1056017                    /usr/lib/x86_64-linux-gnu/libXdamage.so.1.1.0
7fd6eb2ff000-7fd6eb301000 r-xp 00000000 08:16 1056013                    /usr/lib/x86_64-linux-gnu/libXcomposite.so.1.0.0
7fd6eb301000-7fd6eb500000 ---p 00002000 08:16 1056013                    /usr/lib/x86_64-linux-gnu/libXcomposite.so.1.0.0
7fd6eb500000-7fd6eb501000 r--p 00001000 08:16 1056013                    /usr/lib/x86_64-linux-gnu/libXcomposite.so.1.0.0
7fd6eb501000-7fd6eb502000 rw-p 00002000 08:16 1056013                    /usr/lib/x86_64-linux-gnu/libXcomposite.so.1.0.0
7fd6eb502000-7fd6eb50b000 r-xp 00000000 08:16 1056015                    /usr/lib/x86_64-linux-gnu/libXcursor.so.1.0.2
7fd6eb50b000-7fd6eb70a000 ---p 00009000 08:16 1056015                    /usr/lib/x86_64-linux-gnu/libXcursor.so.1.0.2
7fd6eb70a000-7fd6eb70b000 r--p 00008000 08:16 1056015                    /usr/lib/x86_64-linux-gnu/libXcursor.so.1.0.2
7fd6eb70b000-7fd6eb70c000 rw-p 00009000 08:16 1056015                    /usr/lib/x86_64-linux-gnu/libXcursor.so.1.0.2
7fd6eb70c000-7fd6eb714000 r-xp 00000000 08:16 1056039                    /usr/lib/x86_64-linux-gnu/libXrandr.so.2.2.0
7fd6eb714000-7fd6eb913000 ---p 00008000 08:16 1056039                    /usr/lib/x86_64-linux-gnu/libXrandr.so.2.2.0
7fd6eb913000-7fd6eb914000 r--p 00007000 08:16 1056039                    /usr/lib/x86_64-linux-gnu/libXrandr.so.2.2.0
7fd6eb914000-7fd6eb915000 rw-p 00008000 08:16 1056039                    /usr/lib/x86_64-linux-gnu/libXrandr.so.2.2.0
7fd6eb915000-7fd6eb917000 r-xp 00000000 08:16 1056029                    /usr/lib/x86_64-linux-gnu/libXinerama.so.1.0.0
7fd6eb917000-7fd6ebb16000 ---p 00002000 08:16 1056029                    /usr/lib/x86_64-linux-gnu/libXinerama.so.1.0.0
7fd6ebb16000-7fd6ebb17000 r--p 00001000 08:16 1056029                    /usr/lib/x86_64-linux-gnu/libXinerama.so.1.0.0
7fd6ebb17000-7fd6ebb18000 rw-p 00002000 08:16 1056029                    /usr/lib/x86_64-linux-gnu/libXinerama.so.1.0.0
7fd6ebb18000-7fd6ebb41000 r-xp 00000000 08:16 1056434                    /usr/lib/x86_64-linux-gnu/libpangoft2-1.0.so.0.3000.0
7fd6ebb41000-7fd6ebd40000 ---p 00029000 08:16 1056434                    /usr/lib/x86_64-linux-gnu/libpangoft2-1.0.so.0.3000.0
7fd6ebd40000-7fd6ebd41000 r--p 00028000 08:16 1056434                    /usr/lib/x86_64-linux-gnu/libpangoft2-1.0.so.0.3000.0
7fd6ebd41000-7fd6ebd42000 rw-p 00029000 08:16 1056434                    /usr/lib/x86_64-linux-gnu/libpangoft2-1.0.so.0.3000.0
7fd6ebd42000-7fd6ebdfb000 r-xp 00000000 08:16 1055379                    /usr/lib/x86_64-linux-gnu/libcairo.so.2.11000.2
7fd6ebdfb000-7fd6ebffa000 ---p 000b9000 08:16 1055379                    /usr/lib/x86_64-linux-gnu/libcairo.so.2.11000.2
7fd6ebffa000-7fd6ebffc000 r--p 000b8000 08:16 1055379                    /usr/lib/x86_64-linux-gnu/libcairo.so.2.11000.2
7fd6ebffc000-7fd6ebffd000 rw-p 000ba000 08:16 1055379                    /usr/lib/x86_64-linux-gnu/libcairo.so.2.11000.2
7fd6ebffd000-7fd6ec000000 rw-p 00000000 00:00 0 
7fd6ec000000-7fd6ec3fd000 rw-p 00000000 00:00 0 
7fd6ec3fd000-7fd6f0000000 ---p 00000000 00:00 0 
7fd6f0000000-7fd6f0021000 rw-p 00000000 00:00 0 
7fd6f0021000-7fd6f4000000 ---p 00000000 00:00 0 
7fd6f4000000-7fd6f4021000 rw-p 00000000 00:00 0 
7fd6f4021000-7fd6f8000000 ---p 00000000 00:00 0 
7fd6f8000000-7fd6f841c000 rw-p 00000000 00:00 0 
7fd6f841c000-7fd6fc000000 ---p 00000000 00:00 0 
7fd6fc000000-7fd6fc021000 rw-p 00000000 00:00 0 
7fd6fc021000-7fd700000000 ---p 00000000 00:00 0 
7fd700000000-7fd700021000 rw-p 00000000 00:00 0 
7fd700021000-7fd704000000 ---p 00000000 00:00 0 
7fd704004000-7fd70400b000 r--s 00000000 08:16 1314519                    /usr/lib/x86_64-linux-gnu/gconv/gconv-modules.cache
7fd70400b000-7fd70400e000 ---p 00000000 00:00 0 
7fd70400e000-7fd704025000 rw-p 00000000 00:00 0 
7fd704025000-7fd704026000 r--s 00000000 08:16 1843619                    /var/cache/fontconfig/c05880de57d1f5e948fdfacc138775d9-le64.cache-3
7fd704026000-7fd70402f000 r--s 00000000 08:16 1843614                    /var/cache/fontconfig/945677eb7aeaf62f1d50efc3fb3ec7d8-le64.cache-3
7fd70402f000-7fd704031000 r--s 00000000 08:16 1843615                    /var/cache/fontconfig/99e8ed0e538f840c565b6ed5dad60d56-le64.cache-3
7fd704031000-7fd704039000 r--s 00000000 08:16 1846703                    /var/cache/fontconfig/a6d8cf8e4ec09cdbc8633c31745a07dd-le64.cache-3
7fd704039000-7fd70403d000 r--s 00000000 08:16 1843601                    /var/cache/fontconfig/2cd17615ca594fa2959ae173292e504c-le64.cache-3
7fd70403d000-7fd70403e000 r--s 00000000 08:16 1843626                    /var/cache/fontconfig/e7071f4a29fa870f4323321c154eba04-le64.cache-3
7fd70403e000-7fd70403f000 r--s 00000000 08:16 1843599                    /var/cache/fontconfig/0d8c3b2ac0904cb8a57a757ad11a4a08-le64.cache-3
7fd70403f000-7fd704045000 r--s 00000000 08:16 1843616                    /var/cache/fontconfig/a755afe4a08bf5b97852ceb7400b47bc-le64.cache-3
7fd704045000-7fd704046000 r--s 00000000 08:16 1846509                    /var/cache/fontconfig/5a76b20910bc01daa5b6abd117531ab8-le64.cache-3
7fd704046000-7fd70404f000 r--s 00000000 08:16 1847215                    /var/cache/fontconfig/6d41288fd70b0be22e8c3a91e032eec0-le64.cache-3
7fd70404f000-7fd70405f000 r--s 00000000 08:16 1843598                    /var/cache/fontconfig/04aabc0a78ac019cf9454389977116d2-le64.cache-3
7fd70405f000-7fd704062000 r--s 00000000 08:16 1843604                    /var/cache/fontconfig/385c0604a188198f04d133e54aba7fe7-le64.cache-3
7fd704062000-7fd704063000 r--s 00000000 08:16 1841789                    /var/cache/fontconfig/4794a0821666d79190d59a36cb4f44b5-le64.cache-3
7fd704063000-7fd704066000 r--s 00000000 08:16 1843613                    /var/cache/fontconfig/8801497958630a81b71ace7c5f9b32a8-le64.cache-3
7fd704066000-7fd704094000 r--s 00000000 08:16 1846701                    /var/cache/fontconfig/365b55f210c0a22e9a19e35191240f32-le64.cache-3
7fd704094000-7fd704099000 r--s 00000000 08:16 1843602                    /var/cache/fontconfig/3047814df9a2f067bd2d96a2b9c36e5a-le64.cache-3
7fd704099000-7fd70409a000 r--s 00000000 08:16 1843607                    /var/cache/fontconfig/56cf4f4769d0f4abc89a4895d7bd3ae1-le64.cache-3
7fd70409a000-7fd70409b000 r--s 00000000 08:16 1843618                    /var/cache/fontconfig/b9d506c9ac06c20b433354fa67a72993-le64.cache-3
7fd70409b000-7fd7040a0000 r--s 00000000 08:16 1843617                    /var/cache/fontconfig/b47c4e1ecd0709278f4910c18777a504-le64.cache-3
7fd7040a0000-7fd7040a8000 r--s 00000000 08:16 1846702                    /var/cache/fontconfig/52f7bdb7ce746bfd7eaa1985bd9cfa93-le64.cache-3
7fd7040a8000-7fd7040b8000 r--s 00000000 08:16 1843622                    /var/cache/fontconfig/d52a8644073d54c13679302ca1180695-le64.cache-3
7fd7040b8000-7fd7040d7000 r-xp 00000000 08:16 1056067                    /usr/lib/x86_64-linux-gnu/libatk-1.0.so.0.20409.1
7fd7040d7000-7fd7042d7000 ---p 0001f000 08:16 1056067                    /usr/lib/x86_64-linux-gnu/libatk-1.0.so.0.20409.1
7fd7042d7000-7fd7042d9000 r--p 0001f000 08:16 1056067                    /usr/lib/x86_64-linux-gnu/libatk-1.0.so.0.20409.1
7fd7042d9000-7fd7042da000 rw-p 00021000 08:16 1056067                    /usr/lib/x86_64-linux-gnu/libatk-1.0.so.0.20409.1
7fd7042da000-7fd7042df000 r-xp 00000000 08:16 1056023                    /usr/lib/x86_64-linux-gnu/libXfixes.so.3.1.0
7fd7042df000-7fd7044de000 ---p 00005000 08:16 1056023                    /usr/lib/x86_64-linux-gnu/libXfixes.so.3.1.0
7fd7044de000-7fd7044df000 r--p 00004000 08:16 1056023                    /usr/lib/x86_64-linux-gnu/libXfixes.so.3.1.0
7fd7044df000-7fd7044e0000 rw-p 00005000 08:16 1056023                    /usr/lib/x86_64-linux-gnu/libXfixes.so.3.1.0
7fd7044e0000-7fd7044eb000 r-xp 00000000 08:16 1056432                    /usr/lib/x86_64-linux-gnu/libpangocairo-1.0.so.0.3000.0
7fd7044eb000-7fd7046ea000 ---p 0000b000 08:16 1056432                    /usr/lib/x86_64-linux-gnu/libpangocairo-1.0.so.0.3000.0
7fd7046ea000-7fd7046eb000 r--p 0000a000 08:16 1056432                    /usr/lib/x86_64-linux-gnu/libpangocairo-1.0.so.0.3000.0
7fd7046eb000-7fd7046ec000 rw-p 0000b000 08:16 1056432                    /usr/lib/x86_64-linux-gnu/libpangocairo-1.0.so.0.3000.0
7fd7046ec000-7fd704709000 r-xp 00000000 08:16 1056607                    /usr/lib/x86_64-linux-gnu/libxcb.so.1.1.0
7fd704709000-7fd704908000 ---p 0001d000 08:16 1056607                    /usr/lib/x86_64-linux-gnu/libxcb.so.1.1.0
7fd704908000-7fd704909000 r--p 0001c000 08:16 1056607                    /usr/lib/x86_64-linux-gnu/libxcb.so.1.1.0
7fd704909000-7fd70490a000 rw-p 0001d000 08:16 1056607                    /usr/lib/x86_64-linux-gnu/libxcb.so.1.1.0
7fd70490a000-7fd70495a000 r-xp 00000000 08:16 1061164                    /usr/lib/x86_64-linux-gnu/libcups.so.2
7fd70495a000-7fd704b59000 ---p 00050000 08:16 1061164                    /usr/lib/x86_64-linux-gnu/libcups.so.2
7fd704b59000-7fd704b5d000 r--p 0004f000 08:16 1061164                    /usr/lib/x86_64-linux-gnu/libcups.so.2
7fd704b5d000-7fd704b5e000 rw-p 00053000 08:16 1061164                    /usr/lib/x86_64-linux-gnu/libcups.so.2
7fd704b5e000-7fd704c50000 r-xp 00000000 08:16 5246604                    /lib/x86_64-linux-gnu/libglib-2.0.so.0.3200.1
7fd704c50000-7fd704e50000 ---p 000f2000 08:16 5246604                    /lib/x86_64-linux-gnu/libglib-2.0.so.0.3200.1
7fd704e50000-7fd704e51000 r--p 000f2000 08:16 5246604                    /lib/x86_64-linux-gnu/libglib-2.0.so.0.3200.1
7fd704e51000-7fd704e52000 rw-p 000f3000 08:16 5246604                    /lib/x86_64-linux-gnu/libglib-2.0.so.0.3200.1
7fd704e52000-7fd704e53000 rw-p 00000000 00:00 0 
7fd704e53000-7fd704e54000 r-xp 00000000 08:16 1056309                    /usr/lib/x86_64-linux-gnu/libgthread-2.0.so.0.3200.1
7fd704e54000-7fd705053000 ---p 00001000 08:16 1056309                    /usr/lib/x86_64-linux-gnu/libgthread-2.0.so.0.3200.1
7fd705053000-7fd705054000 r--p 00000000 08:16 1056309                    /usr/lib/x86_64-linux-gnu/libgthread-2.0.so.0.3200.1
7fd705054000-7fd705055000 rw-p 00001000 08:16 1056309                    /usr/lib/x86_64-linux-gnu/libgthread-2.0.so.0.3200.1
7fd705055000-7fd7050a2000 r-xp 00000000 08:16 1056254                    /usr/lib/x86_64-linux-gnu/libgobject-2.0.so.0.3200.1
7fd7050a2000-7fd7052a2000 ---p 0004d000 08:16 1056254                    /usr/lib/x86_64-linux-gnu/libgobject-2.0.so.0.3200.1
7fd7052a2000-7fd7052a3000 r--p 0004d000 08:16 1056254                    /usr/lib/x86_64-linux-gnu/libgobject-2.0.so.0.3200.1
7fd7052a3000-7fd7052a4000 rw-p 0004e000 08:16 1056254                    /usr/lib/x86_64-linux-gnu/libgobject-2.0.so.0.3200.1
7fd7052a4000-7fd7052d8000 r-xp 00000000 08:16 1056195                    /usr/lib/x86_64-linux-gnu/libfontconfig.so.1.4.4
7fd7052d8000-7fd7054d8000 ---p 00034000 08:16 1056195                    /usr/lib/x86_64-linux-gnu/libfontconfig.so.1.4.4
7fd7054d8000-7fd7054d9000 r--p 00034000 08:16 1056195                    /usr/lib/x86_64-linux-gnu/libfontconfig.so.1.4.4
7fd7054d9000-7fd7054da000 rw-p 00035000 08:16 1056195                    /usr/lib/x86_64-linux-gnu/libfontconfig.so.1.4.4
7fd7054da000-7fd705520000 r-xp 00000000 08:16 1056430                    /usr/lib/x86_64-linux-gnu/libpango-1.0.so.0.3000.0
7fd705520000-7fd705720000 ---p 00046000 08:16 1056430                    /usr/lib/x86_64-linux-gnu/libpango-1.0.so.0.3000.0
7fd705720000-7fd705722000 r--p 00046000 08:16 1056430                    /usr/lib/x86_64-linux-gnu/libpango-1.0.so.0.3000.0
7fd705722000-7fd705723000 rw-p 00048000 08:16 1056430                    /usr/lib/x86_64-linux-gnu/libpango-1.0.so.0.3000.0
7fd705723000-7fd705741000 r-xp 00000000 08:16 1056220                    /usr/lib/x86_64-linux-gnu/libgdk_pixbuf-2.0.so.0.2600.1
7fd705741000-7fd705941000 ---p 0001e000 08:16 1056220                    /usr/lib/x86_64-linux-gnu/libgdk_pixbuf-2.0.so.0.2600.1
7fd705941000-7fd705942000 r--p 0001e000 08:16 1056220                    /usr/lib/x86_64-linux-gnu/libgdk_pixbuf-2.0.so.0.2600.1
7fd705942000-7fd705943000 rw-p 0001f000 08:16 1056220                    /usr/lib/x86_64-linux-gnu/libgdk_pixbuf-2.0.so.0.2600.1
7fd705943000-7fd705a8b000 r-xp 00000000 08:16 1056230                    /usr/lib/x86_64-linux-gnu/libgio-2.0.so.0.3200.1
7fd705a8b000-7fd705c8a000 ---p 00148000 08:16 1056230                    /usr/lib/x86_64-linux-gnu/libgio-2.0.so.0.3200.1
7fd705c8a000-7fd705c8e000 r--p 00147000 08:16 1056230                    /usr/lib/x86_64-linux-gnu/libgio-2.0.so.0.3200.1
7fd705c8e000-7fd705c90000 rw-p 0014b000 08:16 1056230                    /usr/lib/x86_64-linux-gnu/libgio-2.0.so.0.3200.1
7fd705c90000-7fd705c92000 rw-p 00000000 00:00 0 
7fd705c92000-7fd705d3f000 r-xp 00000000 08:16 1056218                    /usr/lib/x86_64-linux-gnu/libgdk-x11-2.0.so.0.2400.10
7fd705d3f000-7fd705f3e000 ---p 000ad000 08:16 1056218                    /usr/lib/x86_64-linux-gnu/libgdk-x11-2.0.so.0.2400.10
7fd705f3e000-7fd705f42000 r--p 000ac000 08:16 1056218                    /usr/lib/x86_64-linux-gnu/libgdk-x11-2.0.so.0.2400.10
7fd705f42000-7fd705f44000 rw-p 000b0000 08:16 1056218                    /usr/lib/x86_64-linux-gnu/libgdk-x11-2.0.so.0.2400.10
7fd705f44000-7fd706371000 r-xp 00000000 08:16 1056313                    /usr/lib/x86_64-linux-gnu/libgtk-x11-2.0.so.0.2400.10
7fd706371000-7fd706571000 ---p 0042d000 08:16 1056313                    /usr/lib/x86_64-linux-gnu/libgtk-x11-2.0.so.0.2400.10
7fd706571000-7fd706578000 r--p 0042d000 08:16 1056313                    /usr/lib/x86_64-linux-gnu/libgtk-x11-2.0.so.0.2400.10
7fd706578000-7fd70657c000 rw-p 00434000 08:16 1056313                    /usr/lib/x86_64-linux-gnu/libgtk-x11-2.0.so.0.2400.10
7fd70657c000-7fd70657e000 rw-p 00000000 00:00 0 
7fd70657e000-7fd70658c000 r-xp 00000000 08:16 1056027                    /usr/lib/x86_64-linux-gnu/libXi.so.6.1.0
7fd70658c000-7fd70678b000 ---p 0000e000 08:16 1056027                    /usr/lib/x86_64-linux-gnu/libXi.so.6.1.0
7fd70678b000-7fd70678c000 r--p 0000d000 08:16 1056027                    /usr/lib/x86_64-linux-gnu/libXi.so.6.1.0
7fd70678c000-7fd70678d000 rw-p 0000e000 08:16 1056027                    /usr/lib/x86_64-linux-gnu/libXi.so.6.1.0
7fd70678d000-7fd706792000 r-xp 00000000 08:16 1056045                    /usr/lib/x86_64-linux-gnu/libXtst.so.6.1.0
7fd706792000-7fd706991000 ---p 00005000 08:16 1056045                    /usr/lib/x86_64-linux-gnu/libXtst.so.6.1.0
7fd706991000-7fd706992000 r--p 00004000 08:16 1056045                    /usr/lib/x86_64-linux-gnu/libXtst.so.6.1.0
7fd706992000-7fd706993000 rw-p 00005000 08:16 1056045                    /usr/lib/x86_64-linux-gnu/libXtst.so.6.1.0
7fd706993000-7fd70699c000 r-xp 00000000 08:16 1056041                    /usr/lib/x86_64-linux-gnu/libXrender.so.1.3.0
7fd70699c000-7fd706b9b000 ---p 00009000 08:16 1056041                    /usr/lib/x86_64-linux-gnu/libXrender.so.1.3.0
7fd706b9b000-7fd706b9c000 r--p 00008000 08:16 1056041                    /usr/lib/x86_64-linux-gnu/libXrender.so.1.3.0
7fd706b9c000-7fd706b9d000 rw-p 00009000 08:16 1056041                    /usr/lib/x86_64-linux-gnu/libXrender.so.1.3.0
7fd706b9d000-7fd706ccc000 r-xp 00000000 08:16 1056006                    /usr/lib/x86_64-linux-gnu/libX11.so.6.3.0
7fd706ccc000-7fd706ecc000 ---p 0012f000 08:16 1056006                    /usr/lib/x86_64-linux-gnu/libX11.so.6.3.0
7fd706ecc000-7fd706ecd000 r--p 0012f000 08:16 1056006                    /usr/lib/x86_64-linux-gnu/libX11.so.6.3.0
7fd706ecd000-7fd706ed1000 rw-p 00130000 08:16 1056006                    /usr/lib/x86_64-linux-gnu/libX11.so.6.3.0
7fd706ed1000-7fd706ee1000 r-xp 00000000 08:16 1056021                    /usr/lib/x86_64-linux-gnu/libXext.so.6.4.0
7fd706ee1000-7fd7070e0000 ---p 00010000 08:16 1056021                    /usr/lib/x86_64-linux-gnu/libXext.so.6.4.0
7fd7070e0000-7fd7070e1000 r--p 0000f000 08:16 1056021                    /usr/lib/x86_64-linux-gnu/libXext.so.6.4.0
7fd7070e1000-7fd7070e2000 rw-p 00010000 08:16 1056021                    /usr/lib/x86_64-linux-gnu/libXext.so.6.4.0
7fd7070e2000-7fd707138000 r-xp 00000000 08:16 3544819                    /usr/lib/jvm/java-7-openjdk-amd64/jre/lib/amd64/xawt/libmawt.so
7fd707138000-7fd707337000 ---p 00056000 08:16 3544819                    /usr/lib/jvm/java-7-openjdk-amd64/jre/lib/amd64/xawt/libmawt.so
7fd707337000-7fd707338000 r--p 00055000 08:16 3544819                    /usr/lib/jvm/java-7-openjdk-amd64/jre/lib/amd64/xawt/libmawt.so
7fd707338000-7fd70733b000 rw-p 00056000 08:16 3544819                    /usr/lib/jvm/java-7-openjdk-amd64/jre/lib/amd64/xawt/libmawt.so
7fd70733b000-7fd70733c000 rw-p 00000000 00:00 0 
7fd70733c000-7fd7073ea000 r-xp 00000000 08:16 3544588                    /usr/lib/jvm/java-7-openjdk-amd64/jre/lib/amd64/libawt.so
7fd7073ea000-7fd7075e9000 ---p 000ae000 08:16 3544588                    /usr/lib/jvm/java-7-openjdk-amd64/jre/lib/amd64/libawt.so
7fd7075e9000-7fd7075ea000 r--p 000ad000 08:16 3544588                    /usr/lib/jvm/java-7-openjdk-amd64/jre/lib/amd64/libawt.so
7fd7075ea000-7fd7075f5000 rw-p 000ae000 08:16 3544588                    /usr/lib/jvm/java-7-openjdk-amd64/jre/lib/amd64/libawt.so
7fd7075f5000-7fd70761a000 rw-p 00000000 00:00 0 
7fd70761a000-7fd70761b000 ---p 00000000 00:00 0 
7fd70761b000-7fd70771b000 rw-p 00000000 00:00 0 
7fd70771b000-7fd70771e000 ---p 00000000 00:00 0 
7fd70771e000-7fd70781c000 rw-p 00000000 00:00 0 
7fd70781c000-7fd70781f000 ---p 00000000 00:00 0 
7fd70781f000-7fd70791d000 rw-p 00000000 00:00 0 
7fd70791d000-7fd708000000 r--p 00000000 08:16 1055298                    /usr/lib/locale/locale-archive
7fd708000000-7fd708021000 rw-p 00000000 00:00 0 
7fd708021000-7fd70c000000 ---p 00000000 00:00 0 
7fd70c000000-7fd70c021000 rw-p 00000000 00:00 0 
7fd70c021000-7fd710000000 ---p 00000000 00:00 0 
7fd710000000-7fd710021000 rw-p 00000000 00:00 0 
7fd710021000-7fd714000000 ---p 00000000 00:00 0 
7fd714005000-7fd714006000 rw-p 00000000 00:00 0 
7fd714006000-7fd714007000 rw-s 19077000 00:05 9165                       /dev/ati/card0
7fd714007000-7fd714009000 rw-s 19074000 00:05 9165                       /dev/ati/card0
7fd714009000-7fd71400f000 r--s 00000000 08:16 1846508                    /var/cache/fontconfig/3f7329c5293ffd510edef78f73874cfd-le64.cache-3
7fd71400f000-7fd714012000 r--s 00000000 08:16 1842402                    /var/cache/fontconfig/e13b20fdb08344e0e664864cc2ede53d-le64.cache-3
7fd714012000-7fd714016000 r--s 00000000 08:16 1846742                    /var/cache/fontconfig/7ef2298fde41cc6eeb7af42e48b7d293-le64.cache-3
7fd714016000-7fd71401f000 r--s 00263000 08:16 1050329                    /usr/lib/jvm/java-7-openjdk-common/jre/lib/resources.jar
7fd71401f000-7fd714020000 r--s 00006000 08:16 3676784                    /home/relissa/jmonkeyplatform/jmonkeyplatform/libs/noise-0.0.1-SNAPSHOT.jar
7fd714020000-7fd714026000 r--s 00030000 08:16 3676642                    /home/relissa/jmonkeyplatform/jmonkeyplatform/libs/nifty-default-controls.jar
7fd714026000-7fd714030000 r--s 0006a000 08:16 3677370                    /home/relissa/jmonkeyplatform/jmonkeyplatform/libs/nifty.jar
7fd714030000-7fd714033000 ---p 00000000 00:00 0 
7fd714033000-7fd714131000 rw-p 00000000 00:00 0 
7fd714131000-7fd714134000 ---p 00000000 00:00 0 
7fd714134000-7fd714232000 rw-p 00000000 00:00 0 
7fd714232000-7fd714235000 ---p 00000000 00:00 0 
7fd714235000-7fd714333000 rw-p 00000000 00:00 0 
7fd714333000-7fd714336000 ---p 00000000 00:00 0 
7fd714336000-7fd714434000 rw-p 00000000 00:00 0 
7fd714434000-7fd714435000 ---p 00000000 00:00 0 
7fd714435000-7fd7148a4000 rw-p 00000000 00:00 0 
7fd7148a4000-7fd714a53000 r--s 03e91000 08:16 3544596                    /usr/lib/jvm/java-7-openjdk-amd64/jre/lib/rt.jar
7fd714a53000-7fd714a54000 ---p 00000000 00:00 0 
7fd714a54000-7fd714b54000 rw-p 00000000 00:00 0 
7fd714b54000-7fd714b55000 ---p 00000000 00:00 0 
7fd714b55000-7fd714c60000 rw-p 00000000 00:00 0 
7fd714c60000-7fd714ca8000 rw-p 00000000 00:00 0 
7fd714ca8000-7fd714cbc000 rw-p 00000000 00:00 0 
7fd714cbc000-7fd714ddd000 rw-p 00000000 00:00 0 
7fd714ddd000-7fd714de8000 rw-p 00000000 00:00 0 
7fd714de8000-7fd714e30000 rw-p 00000000 00:00 0 
7fd714e30000-7fd714e44000 rw-p 00000000 00:00 0 
7fd714e44000-7fd714f64000 rw-p 00000000 00:00 0 
7fd714f64000-7fd714f6f000 rw-p 00000000 00:00 0 
7fd714f6f000-7fd714fff000 rw-p 00000000 00:00 0 
7fd714fff000-7fd715000000 rw-p 00000000 00:00 0 
7fd715000000-7fd715270000 rwxp 00000000 00:00 0 
7fd715270000-7fd71834d000 rw-p 00000000 00:00 0 
7fd71834d000-7fd71c000000 ---p 00000000 00:00 0 
7fd71c000000-7fd71c003000 r--s 0001a000 08:16 3677188                    /home/relissa/jmonkeyplatform/jmonkeyplatform/libs/xmlpull-xpp3.jar
7fd71c003000-7fd71c005000 r--s 0003c000 08:16 3677429                    /home/relissa/jmonkeyplatform/jmonkeyplatform/libs/vecmath.jar
7fd71c005000-7fd71c007000 r--s 00012000 08:16 3677292                    /home/relissa/jmonkeyplatform/jmonkeyplatform/libs/eventbus.jar
7fd71c007000-7fd71c014000 r--s 000d2000 08:16 3677369                    /home/relissa/jmonkeyplatform/jmonkeyplatform/libs/lwjgl.jar
7fd71c014000-7fd71c018000 r--s 00030000 08:16 3677346                    /home/relissa/jmonkeyplatform/jmonkeyplatform/libs/jinput.jar
7fd71c018000-7fd71c022000 r--s 00079000 08:16 3677317                    /home/relissa/jmonkeyplatform/jmonkeyplatform/libs/jbullet.jar
7fd71c022000-7fd71c023000 r--s 001f3000 08:16 3676914                    /home/relissa/jmonkeyplatform/jmonkeyplatform/libs/jME3-lwjgl-natives.jar
7fd71c023000-7fd71c024000 r--s 00009000 08:16 3677159                    /home/relissa/jmonkeyplatform/jmonkeyplatform/libs/j-ogg-vorbisd.jar
7fd71c024000-7fd71c026000 r--s 00005000 08:16 3677249                    /home/relissa/jmonkeyplatform/jmonkeyplatform/libs/j-ogg-oggd.jar
7fd71c026000-7fd71c029000 r--s 00020000 08:16 3677185                    /home/relissa/jmonkeyplatform/jmonkeyplatform/libs/jME3-jbullet.jar
7fd71c029000-7fd71c051000 rw-p 00000000 00:00 0 
7fd71c051000-7fd71c059000 r-xp 00000000 08:16 3544581                    /usr/lib/jvm/java-7-openjdk-amd64/jre/lib/amd64/libzip.so
7fd71c059000-7fd71c258000 ---p 00008000 08:16 3544581                    /usr/lib/jvm/java-7-openjdk-amd64/jre/lib/amd64/libzip.so
7fd71c258000-7fd71c259000 r--p 00007000 08:16 3544581                    /usr/lib/jvm/java-7-openjdk-amd64/jre/lib/amd64/libzip.so
7fd71c259000-7fd71c25a000 rw-p 00008000 08:16 3544581                    /usr/lib/jvm/java-7-openjdk-amd64/jre/lib/amd64/libzip.so
7fd71c25a000-7fd71c266000 r-xp 00000000 08:16 5246630                    /lib/x86_64-linux-gnu/libnss_files-2.15.so
7fd71c266000-7fd71c465000 ---p 0000c000 08:16 5246630                    /lib/x86_64-linux-gnu/libnss_files-2.15.so
7fd71c465000-7fd71c466000 r--p 0000b000 08:16 5246630                    /lib/x86_64-linux-gnu/libnss_files-2.15.so
7fd71c466000-7fd71c467000 rw-p 0000c000 08:16 5246630                    /lib/x86_64-linux-gnu/libnss_files-2.15.so
7fd71c467000-7fd71c471000 r-xp 00000000 08:16 5246634                    /lib/x86_64-linux-gnu/libnss_nis-2.15.so
7fd71c471000-7fd71c671000 ---p 0000a000 08:16 5246634                    /lib/x86_64-linux-gnu/libnss_nis-2.15.so
7fd71c671000-7fd71c672000 r--p 0000a000 08:16 5246634                    /lib/x86_64-linux-gnu/libnss_nis-2.15.so
7fd71c672000-7fd71c673000 rw-p 0000b000 08:16 5246634                    /lib/x86_64-linux-gnu/libnss_nis-2.15.so
7fd71c673000-7fd71c68a000 r-xp 00000000 08:16 5246624                    /lib/x86_64-linux-gnu/libnsl-2.15.so
7fd71c68a000-7fd71c889000 ---p 00017000 08:16 5246624                    /lib/x86_64-linux-gnu/libnsl-2.15.so
7fd71c889000-7fd71c88a000 r--p 00016000 08:16 5246624                    /lib/x86_64-linux-gnu/libnsl-2.15.so
7fd71c88a000-7fd71c88b000 rw-p 00017000 08:16 5246624                    /lib/x86_64-linux-gnu/libnsl-2.15.so
7fd71c88b000-7fd71c88d000 rw-p 00000000 00:00 0 
7fd71c88d000-7fd71c895000 r-xp 00000000 08:16 5246626                    /lib/x86_64-linux-gnu/libnss_compat-2.15.so
7fd71c895000-7fd71ca94000 ---p 00008000 08:16 5246626                    /lib/x86_64-linux-gnu/libnss_compat-2.15.so
7fd71ca94000-7fd71ca95000 r--p 00007000 08:16 5246626                    /lib/x86_64-linux-gnu/libnss_compat-2.15.so
7fd71ca95000-7fd71ca96000 rw-p 00008000 08:16 5246626                    /lib/x86_64-linux-gnu/libnss_compat-2.15.so
7fd71ca96000-7fd71cabd000 r-xp 00000000 08:16 3544563                    /usr/lib/jvm/java-7-openjdk-amd64/jre/lib/amd64/libjava.so
7fd71cabd000-7fd71ccbc000 ---p 00027000 08:16 3544563                    /usr/lib/jvm/java-7-openjdk-amd64/jre/lib/amd64/libjava.so
7fd71ccbc000-7fd71ccbd000 r--p 00026000 08:16 3544563                    /usr/lib/jvm/java-7-openjdk-amd64/jre/lib/amd64/libjava.so
7fd71ccbd000-7fd71ccbf000 rw-p 00027000 08:16 3544563                    /usr/lib/jvm/java-7-openjdk-amd64/jre/lib/amd64/libjava.so
7fd71ccbf000-7fd71cccd000 r-xp 00000000 08:16 3544574                    /usr/lib/jvm/java-7-openjdk-amd64/jre/lib/amd64/libverify.so
7fd71cccd000-7fd71cecc000 ---p 0000e000 08:16 3544574                    /usr/lib/jvm/java-7-openjdk-amd64/jre/lib/amd64/libverify.so
7fd71cecc000-7fd71cece000 r--p 0000d000 08:16 3544574                    /usr/lib/jvm/java-7-openjdk-amd64/jre/lib/amd64/libverify.so
7fd71cece000-7fd71cecf000 rw-p 0000f000 08:16 3544574                    /usr/lib/jvm/java-7-openjdk-amd64/jre/lib/amd64/libverify.so
7fd71cecf000-7fd71ced6000 r-xp 00000000 08:16 5246665                    /lib/x86_64-linux-gnu/librt-2.15.so
7fd71ced6000-7fd71d0d5000 ---p 00007000 08:16 5246665                    /lib/x86_64-linux-gnu/librt-2.15.so
7fd71d0d5000-7fd71d0d6000 r--p 00006000 08:16 5246665                    /lib/x86_64-linux-gnu/librt-2.15.so
7fd71d0d6000-7fd71d0d7000 rw-p 00007000 08:16 5246665                    /lib/x86_64-linux-gnu/librt-2.15.so
7fd71d0d7000-7fd71d0ec000 r-xp 00000000 08:16 5246600                    /lib/x86_64-linux-gnu/libgcc_s.so.1
7fd71d0ec000-7fd71d2eb000 ---p 00015000 08:16 5246600                    /lib/x86_64-linux-gnu/libgcc_s.so.1
7fd71d2eb000-7fd71d2ec000 r--p 00014000 08:16 5246600                    /lib/x86_64-linux-gnu/libgcc_s.so.1
7fd71d2ec000-7fd71d2ed000 rw-p 00015000 08:16 5246600                    /lib/x86_64-linux-gnu/libgcc_s.so.1
7fd71d2ed000-7fd71d3e6000 r-xp 00000000 08:16 5246611                    /lib/x86_64-linux-gnu/libm-2.15.so
7fd71d3e6000-7fd71d5e5000 ---p 000f9000 08:16 5246611                    /lib/x86_64-linux-gnu/libm-2.15.so
7fd71d5e5000-7fd71d5e6000 r--p 000f8000 08:16 5246611                    /lib/x86_64-linux-gnu/libm-2.15.so
7fd71d5e6000-7fd71d5e7000 rw-p 000f9000 08:16 5246611                    /lib/x86_64-linux-gnu/libm-2.15.so
7fd71d5e7000-7fd71d6c9000 r-xp 00000000 08:16 1056535                    /usr/lib/x86_64-linux-gnu/libstdc++.so.6.0.16
7fd71d6c9000-7fd71d8c8000 ---p 000e2000 08:16 1056535                    /usr/lib/x86_64-linux-gnu/libstdc++.so.6.0.16
7fd71d8c8000-7fd71d8d0000 r--p 000e1000 08:16 1056535                    /usr/lib/x86_64-linux-gnu/libstdc++.so.6.0.16
7fd71d8d0000-7fd71d8d2000 rw-p 000e9000 08:16 1056535                    /usr/lib/x86_64-linux-gnu/libstdc++.so.6.0.16
7fd71d8d2000-7fd71d8e7000 rw-p 00000000 00:00 0 
7fd71d8e7000-7fd71e27a000 r-xp 00000000 08:16 3544559                    /usr/lib/jvm/java-7-openjdk-amd64/jre/lib/amd64/server/libjvm.so
7fd71e27a000-7fd71e47a000 ---p 00993000 08:16 3544559                    /usr/lib/jvm/java-7-openjdk-amd64/jre/lib/amd64/server/libjvm.so
7fd71e47a000-7fd71e4f4000 r--p 00993000 08:16 3544559                    /usr/lib/jvm/java-7-openjdk-amd64/jre/lib/amd64/server/libjvm.so
7fd71e4f4000-7fd71e516000 rw-p 00a0d000 08:16 3544559                    /usr/lib/jvm/java-7-openjdk-amd64/jre/lib/amd64/server/libjvm.so
7fd71e516000-7fd71e541000 rw-p 00000000 00:00 0 
7fd71e541000-7fd71e559000 r-xp 00000000 08:16 5246659                    /lib/x86_64-linux-gnu/libpthread-2.15.so
7fd71e559000-7fd71e758000 ---p 00018000 08:16 5246659                    /lib/x86_64-linux-gnu/libpthread-2.15.so
7fd71e758000-7fd71e759000 r--p 00017000 08:16 5246659                    /lib/x86_64-linux-gnu/libpthread-2.15.so
7fd71e759000-7fd71e75a000 rw-p 00018000 08:16 5246659                    /lib/x86_64-linux-gnu/libpthread-2.15.so
7fd71e75a000-7fd71e75e000 rw-p 00000000 00:00 0 
7fd71e75e000-7fd71e774000 r-xp 00000000 08:16 5246690                    /lib/x86_64-linux-gnu/libz.so.1.2.3.4
7fd71e774000-7fd71e973000 ---p 00016000 08:16 5246690                    /lib/x86_64-linux-gnu/libz.so.1.2.3.4
7fd71e973000-7fd71e974000 r--p 00015000 08:16 5246690                    /lib/x86_64-linux-gnu/libz.so.1.2.3.4
7fd71e974000-7fd71e975000 rw-p 00016000 08:16 5246690                    /lib/x86_64-linux-gnu/libz.so.1.2.3.4
7fd71e975000-7fd71e977000 r-xp 00000000 08:16 5246592                    /lib/x86_64-linux-gnu/libdl-2.15.so
7fd71e977000-7fd71eb77000 ---p 00002000 08:16 5246592                    /lib/x86_64-linux-gnu/libdl-2.15.so
7fd71eb77000-7fd71eb78000 r--p 00002000 08:16 5246592                    /lib/x86_64-linux-gnu/libdl-2.15.so
7fd71eb78000-7fd71eb79000 rw-p 00003000 08:16 5246592                    /lib/x86_64-linux-gnu/libdl-2.15.so
7fd71eb79000-7fd71ed2c000 r-xp 00000000 08:16 5246579                    /lib/x86_64-linux-gnu/libc-2.15.so
7fd71ed2c000-7fd71ef2b000 ---p 001b3000 08:16 5246579                    /lib/x86_64-linux-gnu/libc-2.15.so
7fd71ef2b000-7fd71ef2f000 r--p 001b2000 08:16 5246579                    /lib/x86_64-linux-gnu/libc-2.15.so
7fd71ef2f000-7fd71ef31000 rw-p 001b6000 08:16 5246579                    /lib/x86_64-linux-gnu/libc-2.15.so
7fd71ef31000-7fd71ef36000 rw-p 00000000 00:00 0 
7fd71ef36000-7fd71ef42000 r-xp 00000000 08:16 3544565                    /usr/lib/jvm/java-7-openjdk-amd64/jre/lib/amd64/jli/libjli.so
7fd71ef42000-7fd71f142000 ---p 0000c000 08:16 3544565                    /usr/lib/jvm/java-7-openjdk-amd64/jre/lib/amd64/jli/libjli.so
7fd71f142000-7fd71f143000 r--p 0000c000 08:16 3544565                    /usr/lib/jvm/java-7-openjdk-amd64/jre/lib/amd64/jli/libjli.so
7fd71f143000-7fd71f144000 rw-p 0000d000 08:16 3544565                    /usr/lib/jvm/java-7-openjdk-amd64/jre/lib/amd64/jli/libjli.so
7fd71f144000-7fd71f166000 r-xp 00000000 08:16 5246559                    /lib/x86_64-linux-gnu/ld-2.15.so
7fd71f166000-7fd71f167000 r--s 0000b000 08:16 3677222                    /home/relissa/jmonkeyplatform/jmonkeyplatform/libs/stack-alloc.jar
7fd71f167000-7fd71f182000 r--s 00228000 08:16 3677111                    /home/relissa/jmonkeyplatform/jmonkeyplatform/libs/jMonkeyEngine3.jar
7fd71f182000-7fd71f18c000 rw-p 00000000 00:00 0 
7fd71f18c000-7fd71f242000 rw-p 00000000 00:00 0 
7fd71f242000-7fd71f245000 ---p 00000000 00:00 0 
7fd71f245000-7fd71f348000 rw-p 00000000 00:00 0 
7fd71f348000-7fd71f34a000 r--s 0000d000 08:16 3676956                    /home/relissa/jmonkeyplatform/jmonkeyplatform/libs/nifty-style-black.jar
7fd71f34a000-7fd71f34d000 r--s 00032000 08:16 1050313                    /usr/lib/jvm/java-7-openjdk-common/jre/lib/ext/sunjce_provider.jar
7fd71f34d000-7fd71f34f000 r--s 00012000 08:16 1050314                    /usr/lib/jvm/java-7-openjdk-common/jre/lib/ext/zipfs.jar
7fd71f34f000-7fd71f350000 r--s 00002000 08:16 1050311                    /usr/lib/jvm/java-7-openjdk-common/jre/lib/ext/dnsns.jar
7fd71f350000-7fd71f353000 r--s 00085000 08:16 1050312                    /usr/lib/jvm/java-7-openjdk-common/jre/lib/ext/localedata.jar
7fd71f353000-7fd71f356000 r--s 0000f000 08:16 1050315                    /usr/lib/jvm/java-7-openjdk-common/jre/lib/ext/pulse-java.jar
7fd71f356000-7fd71f357000 r--s 00007000 08:16 1453403                    /usr/share/java/java-atk-wrapper.jar
7fd71f357000-7fd71f35a000 r--s 0003c000 08:16 1050310                    /usr/lib/jvm/java-7-openjdk-common/jre/lib/ext/sunpkcs11.jar
7fd71f35a000-7fd71f362000 rw-s 00000000 08:16 4063324                    /tmp/hsperfdata_relissa/8207 (deleted)
7fd71f362000-7fd71f363000 rw-p 00000000 00:00 0 
7fd71f363000-7fd71f364000 ---p 00000000 00:00 0 
7fd71f364000-7fd71f366000 rw-p 00000000 00:00 0 
7fd71f366000-7fd71f367000 r--p 00022000 08:16 5246559                    /lib/x86_64-linux-gnu/ld-2.15.so
7fd71f367000-7fd71f369000 rw-p 00023000 08:16 5246559                    /lib/x86_64-linux-gnu/ld-2.15.so
7fff7746e000-7fff7748f000 rw-p 00000000 00:00 0                          [stack]
7fff77559000-7fff7755a000 r-xp 00000000 00:00 0                          [vdso]
ffffffffff600000-ffffffffff601000 r-xp 00000000 00:00 0                  [vsyscall]

VM Arguments:
jvm_args: -Dfile.encoding=UTF-8 
java_command: OCLP.Main
Launcher Type: SUN_STANDARD

Environment Variables:
PATH=/usr/lib/lightdm/lightdm:/usr/local/sbin:/usr/local/bin:/usr/sbin:/usr/bin:/sbin:/bin:/usr/games
SHELL=/bin/bash
DISPLAY=:0

Signal Handlers:
SIGSEGV: [libjvm.so+0x8065e0], sa_mask[0]=0x7ffbfeff, sa_flags=0x10000004
SIGBUS: [libjvm.so+0x8065e0], sa_mask[0]=0x7ffbfeff, sa_flags=0x10000004
SIGFPE: [libjvm.so+0x6ac6d0], sa_mask[0]=0x7ffbfeff, sa_flags=0x10000004
SIGPIPE: [libjvm.so+0x6ac6d0], sa_mask[0]=0x7ffbfeff, sa_flags=0x10000004
SIGXFSZ: [libjvm.so+0x6ac6d0], sa_mask[0]=0x7ffbfeff, sa_flags=0x10000004
SIGILL: [libjvm.so+0x6ac6d0], sa_mask[0]=0x7ffbfeff, sa_flags=0x10000004
SIGUSR1: SIG_DFL, sa_mask[0]=0x00000000, sa_flags=0x00000000
SIGUSR2: [libjvm.so+0x6acaa0], sa_mask[0]=0x00000004, sa_flags=0x10000004
SIGHUP: [libjvm.so+0x6acbe0], sa_mask[0]=0x7ffbfeff, sa_flags=0x10000004
SIGINT: SIG_IGN, sa_mask[0]=0x00000000, sa_flags=0x00000000
SIGTERM: [libjvm.so+0x6acbe0], sa_mask[0]=0x7ffbfeff, sa_flags=0x10000004
SIGQUIT: [libjvm.so+0x6acbe0], sa_mask[0]=0x7ffbfeff, sa_flags=0x10000004


---------------  S Y S T E M  ---------------

OS:Ubuntu 12.04 (precise)
uname:Linux 3.2.0-24-generic #39-Ubuntu SMP Mon May 21 16:52:17 UTC 2012 x86_64
libc:glibc 2.15 NPTL 2.15 
rlimit: STACK 8192k, CORE 0k, NPROC 28916, NOFILE 4096, AS infinity
load average:1.52 1.55 1.42

/proc/meminfo:
MemTotal:        3791568 kB
MemFree:          861152 kB
Buffers:          131020 kB
Cached:          1272060 kB
SwapCached:          448 kB
Active:          1646480 kB
Inactive:         957560 kB
Active(anon):     981936 kB
Inactive(anon):   231512 kB
Active(file):     664544 kB
Inactive(file):   726048 kB
Unevictable:           0 kB
Mlocked:               0 kB
SwapTotal:        999420 kB
SwapFree:         997980 kB
Dirty:               184 kB
Writeback:             0 kB
AnonPages:       1200496 kB
Mapped:           217444 kB
Shmem:             12488 kB
Slab:             144348 kB
SReclaimable:     118280 kB
SUnreclaim:        26068 kB
KernelStack:        3096 kB
PageTables:        31092 kB
NFS_Unstable:          0 kB
Bounce:                0 kB
WritebackTmp:          0 kB
CommitLimit:     2895204 kB
Committed_AS:    2734700 kB
VmallocTotal:   34359738367 kB
VmallocUsed:      300648 kB
VmallocChunk:   34359435432 kB
HardwareCorrupted:     0 kB
AnonHugePages:         0 kB
HugePages_Total:       0
HugePages_Free:        0
HugePages_Rsvd:        0
HugePages_Surp:        0
Hugepagesize:       2048 kB
DirectMap4k:     3659264 kB
DirectMap2M:      272384 kB
DirectMap1G:           0 kB


CPU:total 2 (2 cores per cpu, 1 threads per core) family 16 model 6 stepping 2, cmov, cx8, fxsr, mmx, sse, sse2, sse3, popcnt, mmxext, 3dnowpref, lzcnt, sse4a

/proc/cpuinfo:
processor	: 0
vendor_id	: AuthenticAMD
cpu family	: 16
model		: 6
model name	: AMD Athlon(tm) II X2 215 Processor
stepping	: 2
microcode	: 0x100009f
cpu MHz		: 2700.000
cache size	: 512 KB
physical id	: 0
siblings	: 2
core id		: 0
cpu cores	: 2
apicid		: 0
initial apicid	: 0
fpu		: yes
fpu_exception	: yes
cpuid level	: 5
wp		: yes
flags		: fpu vme de pse tsc msr pae mce cx8 apic sep mtrr pge mca cmov pat pse36 clflush mmx fxsr sse sse2 ht syscall nx mmxext fxsr_opt pdpe1gb rdtscp lm 3dnowext 3dnow constant_tsc rep_good nopl nonstop_tsc extd_apicid pni monitor cx16 popcnt lahf_lm cmp_legacy svm extapic cr8_legacy abm sse4a misalignsse 3dnowprefetch osvw ibs skinit wdt npt lbrv svm_lock nrip_save
bogomips	: 5400.31
TLB size	: 1024 4K pages
clflush size	: 64
cache_alignment	: 64
address sizes	: 48 bits physical, 48 bits virtual
power management: ts ttp tm stc 100mhzsteps hwpstate

processor	: 1
vendor_id	: AuthenticAMD
cpu family	: 16
model		: 6
model name	: AMD Athlon(tm) II X2 215 Processor
stepping	: 2
microcode	: 0x100009f
cpu MHz		: 2700.000
cache size	: 512 KB
physical id	: 0
siblings	: 2
core id		: 1
cpu cores	: 2
apicid		: 1
initial apicid	: 1
fpu		: yes
fpu_exception	: yes
cpuid level	: 5
wp		: yes
flags		: fpu vme de pse tsc msr pae mce cx8 apic sep mtrr pge mca cmov pat pse36 clflush mmx fxsr sse sse2 ht syscall nx mmxext fxsr_opt pdpe1gb rdtscp lm 3dnowext 3dnow constant_tsc rep_good nopl nonstop_tsc extd_apicid pni monitor cx16 popcnt lahf_lm cmp_legacy svm extapic cr8_legacy abm sse4a misalignsse 3dnowprefetch osvw ibs skinit wdt npt lbrv svm_lock nrip_save
bogomips	: 5386.51
TLB size	: 1024 4K pages
clflush size	: 64
cache_alignment	: 64
address sizes	: 48 bits physical, 48 bits virtual
power management: ts ttp tm stc 100mhzsteps hwpstate



Memory: 4k page, physical 3791568k(861152k free), swap 999420k(997980k free)

vm_info: OpenJDK 64-Bit Server VM (22.0-b10) for linux-amd64 JRE (1.7.0_03-b147), built on May  2 2012 16:57:58 by "buildd" with gcc 4.6.3

time: Sat Jun  9 12:35:27 2012
elapsed time: 7 seconds

