#
# A fatal error has been detected by the Java Runtime Environment:
#
#  SIGSEGV (0xb) at pc=0x00007f71cc416c58, pid=7317, tid=140126826559232
#
# JRE version: 7.0_03-b147
# Java VM: OpenJDK 64-Bit Server VM (22.0-b10 mixed mode linux-amd64 compressed oops)
# Derivative: IcedTea7 2.1.1pre
# Distribution: Ubuntu 12.04 LTS, package 7~u3-2.1.1~pre1-1ubuntu3
# Problematic frame:
# C  [libX11.so.6+0x33c58]  XQueryExtension+0x28
#
# Failed to write core dump. Core dumps have been disabled. To enable core dumping, try "ulimit -c unlimited" before starting Java again
#
# If you would like to submit a bug report, please include
# instructions on how to reproduce the bug and visit:
#   https://bugs.launchpad.net/ubuntu/+source/openjdk-7/
#

---------------  T H R E A D  ---------------

Current thread is native thread

siginfo:si_signo=SIGSEGV: si_errno=0, si_code=1 (SEGV_MAPERR), si_addr=0xffffffff8c035b48

Registers:
RAX=0x0000000001929ba0, RBX=0xffffffff8c0351e0, RCX=0x00007fffec5e3248, RDX=0x00007fffec5e3244
RSP=0x00007fffec5e31e0, RBP=0x00007f71945c1932, RSI=0x00007f71945c1932, RDI=0xffffffff8c0351e0
R8 =0x00007fffec5e324c, R9 =0x0000000000000000, R10=0x00007f71d1775fa8, R11=0x00007f71d13f7ca0
R12=0x0000000000000000, R13=0x00007f71945c1932, R14=0x0000000001929ba0, R15=0x0000000000000000
RIP=0x00007f71cc416c58, EFLAGS=0x0000000000010202, CSGSFS=0x0000000000000033, ERR=0x0000000000000005
  TRAPNO=0x000000000000000e

Top of Stack: (sp=0x00007fffec5e31e0)
0x00007fffec5e31e0:   00007f71d13ca790 00007f71d1b8a000
0x00007fffec5e31f0:   00007f71d0d86070 00007f71d1b89000
0x00007fffec5e3200:   00000000ffffffff ffffffff8c0351e0
0x00007fffec5e3210:   00007f71945c1932 0000000000000000
0x00007fffec5e3220:   00007f71945c1932 0000000001929ba0
0x00007fffec5e3230:   0000000000000000 00007f71cc40ac55
0x00007fffec5e3240:   00007f71d1baa048 00007f71946fa520
0x00007fffec5e3250:   00007f71946fa520 ffffffff8c0351e0
0x00007fffec5e3260:   00007f718c036f10 00007f71cc72402b
0x00007fffec5e3270:   00007f71d13ca790 0000001100000061
0x00007fffec5e3280:   00007fffec5e3300 0000000000000000
0x00007fffec5e3290:   00007fffec5e3300 ffffffff8c0351e0
0x00007fffec5e32a0:   0000000000000000 00007f71d1baa048
0x00007fffec5e32b0:   00007f7194713d50 00007f7194568119
0x00007fffec5e32c0:   0000000000000000 0000000000000061
0x00007fffec5e32d0:   00007fffec5e3300 00007fffec5e3320
0x00007fffec5e32e0:   0000000000000000 00007f71d1baa048
0x00007fffec5e32f0:   00007f718c0304d0 00007f719455eb42
0x00007fffec5e3300:   00007fffec5e36a0 00007f71945c18b1
0x00007fffec5e3310:   0000000000000061 00007f71d199692d
0x00007fffec5e3320:   00007f71d1bab2c8 00007f71d1bab858
0x00007fffec5e3330:   00007f71d1ba86a8 00007f71c8006570
0x00007fffec5e3340:   00007f71c8007080 00007f71c8007580
0x00007fffec5e3350:   00007f71c800c260 00007f718019d6b0
0x00007fffec5e3360:   00007f71801feb80 00007f71801bd730
0x00007fffec5e3370:   00007f718c017080 00007f718c015e20
0x00007fffec5e3380:   00007f71c81f12d0 00007f71c81f6070
0x00007fffec5e3390:   00007f71c81fd780 00007f71c81fd250
0x00007fffec5e33a0:   00007f71c81fcd30 00007f71c8202100
0x00007fffec5e33b0:   00007f71c8201bf0 00007f71c8203450
0x00007fffec5e33c0:   00007f71c82016f0 00007f71c81fc800
0x00007fffec5e33d0:   00007f71c8200220 00007f71c8202dc0 

Instructions: (pc=0x00007f71cc416c58)
0x00007f71cc416c38:   24 d8 48 89 fb 4c 89 64 24 e0 4c 89 6c 24 e8 48
0x00007f71cc416c48:   89 f5 4c 89 74 24 f0 4c 89 7c 24 f8 48 83 ec 58
0x00007f71cc416c58:   48 8b 87 68 09 00 00 49 89 d4 49 89 cd 4d 89 c6
0x00007f71cc416c68:   48 85 c0 74 02 ff 10 ba 08 00 00 00 be 62 00 00 

Register to memory mapping:

RAX=0x0000000001929ba0 is an unknown value
RBX=0xffffffff8c0351e0 is an unknown value
RCX=0x00007fffec5e3248 is an unknown value
RDX=0x00007fffec5e3244 is an unknown value
RSP=0x00007fffec5e31e0 is an unknown value
RBP=0x00007f71945c1932: <offset 0x96932> in /usr/lib/fglrx/libGL.so.1 at 0x00007f719452b000
RSI=0x00007f71945c1932: <offset 0x96932> in /usr/lib/fglrx/libGL.so.1 at 0x00007f719452b000
RDI=0xffffffff8c0351e0 is an unknown value
R8 =0x00007fffec5e324c is an unknown value
R9 =0x0000000000000000 is an unknown value
R10=0x00007f71d1775fa8: <offset 0x3b9fa8> in /lib/x86_64-linux-gnu/libc.so.6 at 0x00007f71d13bc000
R11=0x00007f71d13f7ca0: __cxa_finalize+0 in /lib/x86_64-linux-gnu/libc.so.6 at 0x00007f71d13bc000
R12=0x0000000000000000 is an unknown value
R13=0x00007f71945c1932: <offset 0x96932> in /usr/lib/fglrx/libGL.so.1 at 0x00007f719452b000
R14=0x0000000001929ba0 is an unknown value
R15=0x0000000000000000 is an unknown value


Stack: [0x00007fffec4e5000,0x00007fffec5e5000],  sp=0x00007fffec5e31e0,  free space=1016k
Native frames: (J=compiled Java code, j=interpreted, Vv=VM code, C=native code)
C  [libX11.so.6+0x33c58]  XQueryExtension+0x28


---------------  P R O C E S S  ---------------

VM state:at safepoint (shutting down)

VM Mutex/Monitor currently owned by a thread:  ([mutex/lock_event])
[0x00007f71c8004940] Threads_lock - owner thread: 0x00007f71c809b800

Heap
 PSYoungGen      total 17280K, used 2659K [0x00000000ecb60000, 0x00000000edea0000, 0x0000000100000000)
  eden space 14848K, 1% used [0x00000000ecb60000,0x00000000ecba0d08,0x00000000ed9e0000)
  from space 2432K, 98% used [0x00000000edc40000,0x00000000ede98030,0x00000000edea0000)
  to   space 2432K, 0% used [0x00000000ed9e0000,0x00000000ed9e0000,0x00000000edc40000)
 PSOldGen        total 39552K, used 3666K [0x00000000c6200000, 0x00000000c88a0000, 0x00000000ecb60000)
  object space 39552K, 9% used [0x00000000c6200000,0x00000000c6594bb8,0x00000000c88a0000)
 PSPermGen       total 21248K, used 20765K [0x00000000bbc00000, 0x00000000bd0c0000, 0x00000000c6200000)
  object space 21248K, 97% used [0x00000000bbc00000,0x00000000bd0477b8,0x00000000bd0c0000)

Code Cache  [0x00007f71c5000000, 0x00007f71c5270000, 0x00007f71c8000000)
 total_blobs=916 nmethods=290 adapters=579 free_code_cache=48020Kb largest_free_block=49147712

Dynamic libraries:
00400000-00401000 r-xp 00000000 08:16 3544606                            /usr/lib/jvm/java-7-openjdk-amd64/jre/bin/java
00600000-00601000 r--p 00000000 08:16 3544606                            /usr/lib/jvm/java-7-openjdk-amd64/jre/bin/java
00601000-00602000 rw-p 00001000 08:16 3544606                            /usr/lib/jvm/java-7-openjdk-amd64/jre/bin/java
01927000-01948000 rw-p 00000000 00:00 0                                  [heap]
bbc00000-bd0c0000 rw-p 00000000 00:00 0 
bd0c0000-c6200000 rw-p 00000000 00:00 0 
c6200000-c88a0000 rw-p 00000000 00:00 0 
c88a0000-ecb60000 rw-p 00000000 00:00 0 
ecb60000-edea0000 rw-p 00000000 00:00 0 
edea0000-100000000 rw-p 00000000 00:00 0 
7f717956f000-7f7179570000 ---p 00000000 00:00 0 
7f7179570000-7f7179d70000 rw-p 00000000 00:00 0 
7f717a771000-7f717a7af000 r-xp 00000000 08:16 1056348                    /usr/lib/x86_64-linux-gnu/libjpeg.so.8.0.2
7f717a7af000-7f717a9ae000 ---p 0003e000 08:16 1056348                    /usr/lib/x86_64-linux-gnu/libjpeg.so.8.0.2
7f717a9ae000-7f717a9af000 r--p 0003d000 08:16 1056348                    /usr/lib/x86_64-linux-gnu/libjpeg.so.8.0.2
7f717a9af000-7f717a9b0000 rw-p 0003e000 08:16 1056348                    /usr/lib/x86_64-linux-gnu/libjpeg.so.8.0.2
7f717a9b0000-7f717a9c0000 rw-p 00000000 00:00 0 
7f717a9c0000-7f717a9c9000 r-xp 00000000 08:16 3544590                    /usr/lib/jvm/java-7-openjdk-amd64/jre/lib/amd64/libjavajpeg.so
7f717a9c9000-7f717abc8000 ---p 00009000 08:16 3544590                    /usr/lib/jvm/java-7-openjdk-amd64/jre/lib/amd64/libjavajpeg.so
7f717abc8000-7f717abc9000 r--p 00008000 08:16 3544590                    /usr/lib/jvm/java-7-openjdk-amd64/jre/lib/amd64/libjavajpeg.so
7f717abc9000-7f717abca000 rw-p 00009000 08:16 3544590                    /usr/lib/jvm/java-7-openjdk-amd64/jre/lib/amd64/libjavajpeg.so
7f717abca000-7f717abcb000 ---p 00000000 00:00 0 
7f717abcb000-7f717b3cb000 rw-p 00000000 00:00 0 
7f717f3cc000-7f717f3cd000 ---p 00000000 00:00 0 
7f717f3cd000-7f717fbcd000 rw-p 00000000 00:00 0 
7f717fbcd000-7f717fbd3000 r-xp 00000000 08:16 1056418                    /usr/lib/x86_64-linux-gnu/libogg.so.0.7.1
7f717fbd3000-7f717fdd2000 ---p 00006000 08:16 1056418                    /usr/lib/x86_64-linux-gnu/libogg.so.0.7.1
7f717fdd2000-7f717fdd3000 r--p 00005000 08:16 1056418                    /usr/lib/x86_64-linux-gnu/libogg.so.0.7.1
7f717fdd3000-7f717fdd4000 rw-p 00006000 08:16 1056418                    /usr/lib/x86_64-linux-gnu/libogg.so.0.7.1
7f717fdd4000-7f717fdff000 r-xp 00000000 08:16 1056576                    /usr/lib/x86_64-linux-gnu/libvorbis.so.0.4.5
7f717fdff000-7f717fffe000 ---p 0002b000 08:16 1056576                    /usr/lib/x86_64-linux-gnu/libvorbis.so.0.4.5
7f717fffe000-7f717ffff000 r--p 0002a000 08:16 1056576                    /usr/lib/x86_64-linux-gnu/libvorbis.so.0.4.5
7f717ffff000-7f7180000000 rw-p 0002b000 08:16 1056576                    /usr/lib/x86_64-linux-gnu/libvorbis.so.0.4.5
7f7180000000-7f7180406000 rw-p 00000000 00:00 0 
7f7180406000-7f7184000000 ---p 00000000 00:00 0 
7f71841f5000-7f71844a8000 r-xp 00000000 08:16 1056578                    /usr/lib/x86_64-linux-gnu/libvorbisenc.so.2.0.8
7f71844a8000-7f71846a7000 ---p 002b3000 08:16 1056578                    /usr/lib/x86_64-linux-gnu/libvorbisenc.so.2.0.8
7f71846a7000-7f71846c3000 r--p 002b2000 08:16 1056578                    /usr/lib/x86_64-linux-gnu/libvorbisenc.so.2.0.8
7f71846c3000-7f71846c4000 rw-p 002ce000 08:16 1056578                    /usr/lib/x86_64-linux-gnu/libvorbisenc.so.2.0.8
7f71846c4000-7f718470c000 r-xp 00000000 08:16 1055951                    /usr/lib/x86_64-linux-gnu/libFLAC.so.8.2.0
7f718470c000-7f718490c000 ---p 00048000 08:16 1055951                    /usr/lib/x86_64-linux-gnu/libFLAC.so.8.2.0
7f718490c000-7f718490d000 r--p 00048000 08:16 1055951                    /usr/lib/x86_64-linux-gnu/libFLAC.so.8.2.0
7f718490d000-7f718490e000 rw-p 00049000 08:16 1055951                    /usr/lib/x86_64-linux-gnu/libFLAC.so.8.2.0
7f718490e000-7f7184913000 r-xp 00000000 08:16 1056065                    /usr/lib/x86_64-linux-gnu/libasyncns.so.0.3.1
7f7184913000-7f7184b12000 ---p 00005000 08:16 1056065                    /usr/lib/x86_64-linux-gnu/libasyncns.so.0.3.1
7f7184b12000-7f7184b13000 r--p 00004000 08:16 1056065                    /usr/lib/x86_64-linux-gnu/libasyncns.so.0.3.1
7f7184b13000-7f7184b14000 rw-p 00005000 08:16 1056065                    /usr/lib/x86_64-linux-gnu/libasyncns.so.0.3.1
7f7184b14000-7f7184b74000 r-xp 00000000 08:16 1056513                    /usr/lib/x86_64-linux-gnu/libsndfile.so.1.0.25
7f7184b74000-7f7184d74000 ---p 00060000 08:16 1056513                    /usr/lib/x86_64-linux-gnu/libsndfile.so.1.0.25
7f7184d74000-7f7184d76000 r--p 00060000 08:16 1056513                    /usr/lib/x86_64-linux-gnu/libsndfile.so.1.0.25
7f7184d76000-7f7184d77000 rw-p 00062000 08:16 1056513                    /usr/lib/x86_64-linux-gnu/libsndfile.so.1.0.25
7f7184d77000-7f7184d7b000 rw-p 00000000 00:00 0 
7f7184d7b000-7f7184d83000 r-xp 00000000 08:16 5246688                    /lib/x86_64-linux-gnu/libwrap.so.0.7.6
7f7184d83000-7f7184f82000 ---p 00008000 08:16 5246688                    /lib/x86_64-linux-gnu/libwrap.so.0.7.6
7f7184f82000-7f7184f83000 r--p 00007000 08:16 5246688                    /lib/x86_64-linux-gnu/libwrap.so.0.7.6
7f7184f83000-7f7184f84000 rw-p 00008000 08:16 5246688                    /lib/x86_64-linux-gnu/libwrap.so.0.7.6
7f7184f84000-7f7184fe0000 r-xp 00000000 08:16 1055773                    /usr/lib/x86_64-linux-gnu/libpulsecommon-1.1.so
7f7184fe0000-7f71851e0000 ---p 0005c000 08:16 1055773                    /usr/lib/x86_64-linux-gnu/libpulsecommon-1.1.so
7f71851e0000-7f71851e1000 r--p 0005c000 08:16 1055773                    /usr/lib/x86_64-linux-gnu/libpulsecommon-1.1.so
7f71851e1000-7f71851e2000 rw-p 0005d000 08:16 1055773                    /usr/lib/x86_64-linux-gnu/libpulsecommon-1.1.so
7f71851e2000-7f71851e9000 r-xp 00000000 08:16 1056352                    /usr/lib/x86_64-linux-gnu/libjson.so.0.0.1
7f71851e9000-7f71853e8000 ---p 00007000 08:16 1056352                    /usr/lib/x86_64-linux-gnu/libjson.so.0.0.1
7f71853e8000-7f71853e9000 r--p 00006000 08:16 1056352                    /usr/lib/x86_64-linux-gnu/libjson.so.0.0.1
7f71853e9000-7f71853ea000 rw-p 00007000 08:16 1056352                    /usr/lib/x86_64-linux-gnu/libjson.so.0.0.1
7f71853ea000-7f7185430000 r-xp 00000000 08:16 1055774                    /usr/lib/x86_64-linux-gnu/libpulse.so.0.13.5
7f7185430000-7f7185630000 ---p 00046000 08:16 1055774                    /usr/lib/x86_64-linux-gnu/libpulse.so.0.13.5
7f7185630000-7f7185631000 r--p 00046000 08:16 1055774                    /usr/lib/x86_64-linux-gnu/libpulse.so.0.13.5
7f7185631000-7f7185632000 rw-p 00047000 08:16 1055774                    /usr/lib/x86_64-linux-gnu/libpulse.so.0.13.5
7f7185632000-7f7185d32000 rw-s 19078000 00:05 9165                       /dev/ati/card0
7f7185d32000-7f7187c8c000 r-xp 00000000 08:16 1054642                    /usr/lib/fglrx/dri/fglrx_dri.so
7f7187c8c000-7f7187d8c000 ---p 01f5a000 08:16 1054642                    /usr/lib/fglrx/dri/fglrx_dri.so
7f7187d8c000-7f7187eda000 rwxp 01f5a000 08:16 1054642                    /usr/lib/fglrx/dri/fglrx_dri.so
7f7187eda000-7f7188000000 rwxp 00000000 00:00 0 
7f7188000000-7f7188021000 rw-p 00000000 00:00 0 
7f7188021000-7f718c000000 ---p 00000000 00:00 0 
7f718c000000-7f718cf72000 rw-p 00000000 00:00 0 
7f718cf72000-7f7190000000 ---p 00000000 00:00 0 
7f7190000000-7f7190021000 rw-p 00000000 00:00 0 
7f7190021000-7f7194000000 ---p 00000000 00:00 0 
7f71942cd000-7f7194308000 r-xp 00000000 08:16 1054638                    /usr/lib/fglrx/libatiadlxx.so
7f7194308000-7f7194408000 ---p 0003b000 08:16 1054638                    /usr/lib/fglrx/libatiadlxx.so
7f7194408000-7f7194411000 rw-p 0003b000 08:16 1054638                    /usr/lib/fglrx/libatiadlxx.so
7f7194411000-7f7194422000 rw-p 00000000 00:00 0 
7f7194422000-7f7194429000 r-xp 00000000 08:16 1054658                    /usr/lib/fglrx/libatiuki.so.1.0
7f7194429000-7f7194529000 ---p 00007000 08:16 1054658                    /usr/lib/fglrx/libatiuki.so.1.0
7f7194529000-7f719452a000 rw-p 00007000 08:16 1054658                    /usr/lib/fglrx/libatiuki.so.1.0
7f719452a000-7f719452b000 rw-p 00000000 00:00 0 
7f719452b000-7f71945ee000 r-xp 00000000 08:16 1054665                    /usr/lib/fglrx/libGL.so.1.2
7f71945ee000-7f71946ed000 ---p 000c3000 08:16 1054665                    /usr/lib/fglrx/libGL.so.1.2
7f71946ed000-7f7194714000 rwxp 000c2000 08:16 1054665                    /usr/lib/fglrx/libGL.so.1.2
7f7194714000-7f7194734000 rwxp 00000000 00:00 0 
7f7194734000-7f7194738000 r-xp 00000000 08:16 1056049                    /usr/lib/x86_64-linux-gnu/libXxf86vm.so.1.0.0
7f7194738000-7f7194937000 ---p 00004000 08:16 1056049                    /usr/lib/x86_64-linux-gnu/libXxf86vm.so.1.0.0
7f7194937000-7f7194938000 r--p 00003000 08:16 1056049                    /usr/lib/x86_64-linux-gnu/libXxf86vm.so.1.0.0
7f7194938000-7f7194939000 rw-p 00004000 08:16 1056049                    /usr/lib/x86_64-linux-gnu/libXxf86vm.so.1.0.0
7f7194939000-7f719499f000 r-xp 00000000 08:16 3673310                    /home/relissa/.jme3/natives_9a0c8f4d/liblwjgl64.so
7f719499f000-7f7194b9f000 ---p 00066000 08:16 3673310                    /home/relissa/.jme3/natives_9a0c8f4d/liblwjgl64.so
7f7194b9f000-7f7194ba1000 r--p 00066000 08:16 3673310                    /home/relissa/.jme3/natives_9a0c8f4d/liblwjgl64.so
7f7194ba1000-7f7194ba2000 rw-p 00068000 08:16 3673310                    /home/relissa/.jme3/natives_9a0c8f4d/liblwjgl64.so
7f7194ba2000-7f7194ba3000 r-xp 00000000 08:16 3544578                    /usr/lib/jvm/java-7-openjdk-amd64/jre/lib/amd64/libjawt.so
7f7194ba3000-7f7194da2000 ---p 00001000 08:16 3544578                    /usr/lib/jvm/java-7-openjdk-amd64/jre/lib/amd64/libjawt.so
7f7194da2000-7f7194da3000 r--p 00000000 08:16 3544578                    /usr/lib/jvm/java-7-openjdk-amd64/jre/lib/amd64/libjawt.so
7f7194da3000-7f7194da4000 rw-p 00001000 08:16 3544578                    /usr/lib/jvm/java-7-openjdk-amd64/jre/lib/amd64/libjawt.so
7f7194da4000-7f7194ea4000 rw-s 00000000 00:04 89096246                   /SYSV00000000 (deleted)
7f7194ecf000-7f7194ed2000 ---p 00000000 00:00 0 
7f7194ed2000-7f7194fd0000 rw-p 00000000 00:00 0 
7f7194fd0000-7f7194fe0000 r-xp 00000000 08:16 3544571                    /usr/lib/jvm/java-7-openjdk-amd64/jre/lib/amd64/libnio.so
7f7194fe0000-7f71951df000 ---p 00010000 08:16 3544571                    /usr/lib/jvm/java-7-openjdk-amd64/jre/lib/amd64/libnio.so
7f71951df000-7f71951e0000 r--p 0000f000 08:16 3544571                    /usr/lib/jvm/java-7-openjdk-amd64/jre/lib/amd64/libnio.so
7f71951e0000-7f71951e1000 rw-p 00010000 08:16 3544571                    /usr/lib/jvm/java-7-openjdk-amd64/jre/lib/amd64/libnio.so
7f71951e1000-7f71951f7000 r-xp 00000000 08:16 3544572                    /usr/lib/jvm/java-7-openjdk-amd64/jre/lib/amd64/libnet.so
7f71951f7000-7f71953f7000 ---p 00016000 08:16 3544572                    /usr/lib/jvm/java-7-openjdk-amd64/jre/lib/amd64/libnet.so
7f71953f7000-7f71953f8000 r--p 00016000 08:16 3544572                    /usr/lib/jvm/java-7-openjdk-amd64/jre/lib/amd64/libnet.so
7f71953f8000-7f71953f9000 rw-p 00017000 08:16 3544572                    /usr/lib/jvm/java-7-openjdk-amd64/jre/lib/amd64/libnet.so
7f71953f9000-7f7195434000 r-xp 00000000 08:16 3544568                    /usr/lib/jvm/java-7-openjdk-amd64/jre/lib/amd64/libfontmanager.so
7f7195434000-7f7195633000 ---p 0003b000 08:16 3544568                    /usr/lib/jvm/java-7-openjdk-amd64/jre/lib/amd64/libfontmanager.so
7f7195633000-7f7195635000 r--p 0003a000 08:16 3544568                    /usr/lib/jvm/java-7-openjdk-amd64/jre/lib/amd64/libfontmanager.so
7f7195635000-7f7195636000 rw-p 0003c000 08:16 3544568                    /usr/lib/jvm/java-7-openjdk-amd64/jre/lib/amd64/libfontmanager.so
7f7195636000-7f7195639000 ---p 00000000 00:00 0 
7f7195639000-7f7195737000 rw-p 00000000 00:00 0 
7f7195737000-7f719573a000 ---p 00000000 00:00 0 
7f719573a000-7f7195838000 rw-p 00000000 00:00 0 
7f7195838000-7f719583b000 ---p 00000000 00:00 0 
7f719583b000-7f7195939000 rw-p 00000000 00:00 0 
7f7195939000-7f719593c000 ---p 00000000 00:00 0 
7f719593c000-7f7195a3a000 rw-p 00000000 00:00 0 
7f7195a3a000-7f7195a3d000 ---p 00000000 00:00 0 
7f7195a3d000-7f7195b3b000 rw-p 00000000 00:00 0 
7f7195b3b000-7f7195b3e000 r-xp 00000000 08:16 5246606                    /lib/x86_64-linux-gnu/libgpg-error.so.0.8.0
7f7195b3e000-7f7195d3d000 ---p 00003000 08:16 5246606                    /lib/x86_64-linux-gnu/libgpg-error.so.0.8.0
7f7195d3d000-7f7195d3e000 r--p 00002000 08:16 5246606                    /lib/x86_64-linux-gnu/libgpg-error.so.0.8.0
7f7195d3e000-7f7195d3f000 rw-p 00003000 08:16 5246606                    /lib/x86_64-linux-gnu/libgpg-error.so.0.8.0
7f7195d3f000-7f7195d42000 r-xp 00000000 08:16 5246610                    /lib/x86_64-linux-gnu/libkeyutils.so.1.4
7f7195d42000-7f7195f41000 ---p 00003000 08:16 5246610                    /lib/x86_64-linux-gnu/libkeyutils.so.1.4
7f7195f41000-7f7195f42000 r--p 00002000 08:16 5246610                    /lib/x86_64-linux-gnu/libkeyutils.so.1.4
7f7195f42000-7f7195f43000 rw-p 00003000 08:16 5246610                    /lib/x86_64-linux-gnu/libkeyutils.so.1.4
7f7195f43000-7f7195f85000 r-xp 00000000 08:16 5246591                    /lib/x86_64-linux-gnu/libdbus-1.so.3.5.8
7f7195f85000-7f7196185000 ---p 00042000 08:16 5246591                    /lib/x86_64-linux-gnu/libdbus-1.so.3.5.8
7f7196185000-7f7196186000 r--p 00042000 08:16 5246591                    /lib/x86_64-linux-gnu/libdbus-1.so.3.5.8
7f7196186000-7f7196187000 rw-p 00043000 08:16 5246591                    /lib/x86_64-linux-gnu/libdbus-1.so.3.5.8
7f7196187000-7f7196198000 r-xp 00000000 08:16 1056424                    /usr/lib/x86_64-linux-gnu/libp11-kit.so.0.0.0
7f7196198000-7f7196397000 ---p 00011000 08:16 1056424                    /usr/lib/x86_64-linux-gnu/libp11-kit.so.0.0.0
7f7196397000-7f7196398000 r--p 00010000 08:16 1056424                    /usr/lib/x86_64-linux-gnu/libp11-kit.so.0.0.0
7f7196398000-7f7196399000 rw-p 00011000 08:16 1056424                    /usr/lib/x86_64-linux-gnu/libp11-kit.so.0.0.0
7f7196399000-7f7196413000 r-xp 00000000 08:16 5246882                    /lib/x86_64-linux-gnu/libgcrypt.so.11.7.0
7f7196413000-7f7196613000 ---p 0007a000 08:16 5246882                    /lib/x86_64-linux-gnu/libgcrypt.so.11.7.0
7f7196613000-7f7196614000 r--p 0007a000 08:16 5246882                    /lib/x86_64-linux-gnu/libgcrypt.so.11.7.0
7f7196614000-7f7196617000 rw-p 0007b000 08:16 5246882                    /lib/x86_64-linux-gnu/libgcrypt.so.11.7.0
7f7196617000-7f7196627000 r-xp 00000000 08:16 1061093                    /usr/lib/x86_64-linux-gnu/libtasn1.so.3.1.12
7f7196627000-7f7196826000 ---p 00010000 08:16 1061093                    /usr/lib/x86_64-linux-gnu/libtasn1.so.3.1.12
7f7196826000-7f7196827000 r--p 0000f000 08:16 1061093                    /usr/lib/x86_64-linux-gnu/libtasn1.so.3.1.12
7f7196827000-7f7196828000 rw-p 00010000 08:16 1061093                    /usr/lib/x86_64-linux-gnu/libtasn1.so.3.1.12
7f7196828000-7f719682f000 r-xp 00000000 08:16 1052728                    /usr/lib/x86_64-linux-gnu/libkrb5support.so.0.1
7f719682f000-7f7196a2e000 ---p 00007000 08:16 1052728                    /usr/lib/x86_64-linux-gnu/libkrb5support.so.0.1
7f7196a2e000-7f7196a2f000 r--p 00006000 08:16 1052728                    /usr/lib/x86_64-linux-gnu/libkrb5support.so.0.1
7f7196a2f000-7f7196a30000 rw-p 00007000 08:16 1052728                    /usr/lib/x86_64-linux-gnu/libkrb5support.so.0.1
7f7196a30000-7f7196a33000 r-xp 00000000 08:16 5246586                    /lib/x86_64-linux-gnu/libcom_err.so.2.1
7f7196a33000-7f7196c32000 ---p 00003000 08:16 5246586                    /lib/x86_64-linux-gnu/libcom_err.so.2.1
7f7196c32000-7f7196c33000 r--p 00002000 08:16 5246586                    /lib/x86_64-linux-gnu/libcom_err.so.2.1
7f7196c33000-7f7196c34000 rw-p 00003000 08:16 5246586                    /lib/x86_64-linux-gnu/libcom_err.so.2.1
7f7196c34000-7f7196c59000 r-xp 00000000 08:16 1052714                    /usr/lib/x86_64-linux-gnu/libk5crypto.so.3.1
7f7196c59000-7f7196e59000 ---p 00025000 08:16 1052714                    /usr/lib/x86_64-linux-gnu/libk5crypto.so.3.1
7f7196e59000-7f7196e5a000 r--p 00025000 08:16 1052714                    /usr/lib/x86_64-linux-gnu/libk5crypto.so.3.1
7f7196e5a000-7f7196e5b000 rw-p 00026000 08:16 1052714                    /usr/lib/x86_64-linux-gnu/libk5crypto.so.3.1
7f7196e5b000-7f7196e5c000 rw-p 00000000 00:00 0 
7f7196e5c000-7f7196f20000 r-xp 00000000 08:16 1052724                    /usr/lib/x86_64-linux-gnu/libkrb5.so.3.3
7f7196f20000-7f719711f000 ---p 000c4000 08:16 1052724                    /usr/lib/x86_64-linux-gnu/libkrb5.so.3.3
7f719711f000-7f7197129000 r--p 000c3000 08:16 1052724                    /usr/lib/x86_64-linux-gnu/libkrb5.so.3.3
7f7197129000-7f719712a000 rw-p 000cd000 08:16 1052724                    /usr/lib/x86_64-linux-gnu/libkrb5.so.3.3
7f719712a000-7f7197132000 r-xp 00000000 08:16 1056599                    /usr/lib/x86_64-linux-gnu/libxcb-render.so.0.0.0
7f7197132000-7f7197332000 ---p 00008000 08:16 1056599                    /usr/lib/x86_64-linux-gnu/libxcb-render.so.0.0.0
7f7197332000-7f7197333000 r--p 00008000 08:16 1056599                    /usr/lib/x86_64-linux-gnu/libxcb-render.so.0.0.0
7f7197333000-7f7197334000 rw-p 00009000 08:16 1056599                    /usr/lib/x86_64-linux-gnu/libxcb-render.so.0.0.0
7f7197334000-7f7197336000 r-xp 00000000 08:16 1056603                    /usr/lib/x86_64-linux-gnu/libxcb-shm.so.0.0.0
7f7197336000-7f7197535000 ---p 00002000 08:16 1056603                    /usr/lib/x86_64-linux-gnu/libxcb-shm.so.0.0.0
7f7197535000-7f7197536000 r--p 00001000 08:16 1056603                    /usr/lib/x86_64-linux-gnu/libxcb-shm.so.0.0.0
7f7197536000-7f7197537000 rw-p 00002000 08:16 1056603                    /usr/lib/x86_64-linux-gnu/libxcb-shm.so.0.0.0
7f7197537000-7f719755d000 r-xp 00000000 08:16 5246656                    /lib/x86_64-linux-gnu/libpng12.so.0.46.0
7f719755d000-7f719775d000 ---p 00026000 08:16 5246656                    /lib/x86_64-linux-gnu/libpng12.so.0.46.0
7f719775d000-7f719775e000 r--p 00026000 08:16 5246656                    /lib/x86_64-linux-gnu/libpng12.so.0.46.0
7f719775e000-7f719775f000 rw-p 00027000 08:16 5246656                    /lib/x86_64-linux-gnu/libpng12.so.0.46.0
7f719775f000-7f71977e0000 r-xp 00000000 08:16 1056450                    /usr/lib/x86_64-linux-gnu/libpixman-1.so.0.24.4
7f71977e0000-7f71979df000 ---p 00081000 08:16 1056450                    /usr/lib/x86_64-linux-gnu/libpixman-1.so.0.24.4
7f71979df000-7f71979e5000 r--p 00080000 08:16 1056450                    /usr/lib/x86_64-linux-gnu/libpixman-1.so.0.24.4
7f71979e5000-7f71979e6000 rw-p 00086000 08:16 1056450                    /usr/lib/x86_64-linux-gnu/libpixman-1.so.0.24.4
7f71979e6000-7f71979eb000 r-xp 00000000 08:16 1056019                    /usr/lib/x86_64-linux-gnu/libXdmcp.so.6.0.0
7f71979eb000-7f7197bea000 ---p 00005000 08:16 1056019                    /usr/lib/x86_64-linux-gnu/libXdmcp.so.6.0.0
7f7197bea000-7f7197beb000 r--p 00004000 08:16 1056019                    /usr/lib/x86_64-linux-gnu/libXdmcp.so.6.0.0
7f7197beb000-7f7197bec000 rw-p 00005000 08:16 1056019                    /usr/lib/x86_64-linux-gnu/libXdmcp.so.6.0.0
7f7197bec000-7f7197bee000 r-xp 00000000 08:16 1056008                    /usr/lib/x86_64-linux-gnu/libXau.so.6.0.0
7f7197bee000-7f7197ded000 ---p 00002000 08:16 1056008                    /usr/lib/x86_64-linux-gnu/libXau.so.6.0.0
7f7197ded000-7f7197dee000 r--p 00001000 08:16 1056008                    /usr/lib/x86_64-linux-gnu/libXau.so.6.0.0
7f7197dee000-7f7197def000 rw-p 00002000 08:16 1056008                    /usr/lib/x86_64-linux-gnu/libXau.so.6.0.0
7f7197def000-7f7197dff000 r-xp 00000000 08:16 1056075                    /usr/lib/x86_64-linux-gnu/libavahi-client.so.3.2.9
7f7197dff000-7f7197ffe000 ---p 00010000 08:16 1056075                    /usr/lib/x86_64-linux-gnu/libavahi-client.so.3.2.9
7f7197ffe000-7f7197fff000 r--p 0000f000 08:16 1056075                    /usr/lib/x86_64-linux-gnu/libavahi-client.so.3.2.9
7f7197fff000-7f7198000000 rw-p 00010000 08:16 1056075                    /usr/lib/x86_64-linux-gnu/libavahi-client.so.3.2.9
7f7198000000-7f71980b4000 rw-p 00000000 00:00 0 
7f71980b4000-7f719c000000 ---p 00000000 00:00 0 
7f719c0f2000-7f719c0fd000 r-xp 00000000 08:16 1056077                    /usr/lib/x86_64-linux-gnu/libavahi-common.so.3.5.3
7f719c0fd000-7f719c2fc000 ---p 0000b000 08:16 1056077                    /usr/lib/x86_64-linux-gnu/libavahi-common.so.3.5.3
7f719c2fc000-7f719c2fd000 r--p 0000a000 08:16 1056077                    /usr/lib/x86_64-linux-gnu/libavahi-common.so.3.5.3
7f719c2fd000-7f719c2fe000 rw-p 0000b000 08:16 1056077                    /usr/lib/x86_64-linux-gnu/libavahi-common.so.3.5.3
7f719c2fe000-7f719c3b2000 r-xp 00000000 08:16 1056248                    /usr/lib/x86_64-linux-gnu/libgnutls.so.26.21.8
7f719c3b2000-7f719c5b2000 ---p 000b4000 08:16 1056248                    /usr/lib/x86_64-linux-gnu/libgnutls.so.26.21.8
7f719c5b2000-7f719c5b8000 r--p 000b4000 08:16 1056248                    /usr/lib/x86_64-linux-gnu/libgnutls.so.26.21.8
7f719c5b8000-7f719c5b9000 rw-p 000ba000 08:16 1056248                    /usr/lib/x86_64-linux-gnu/libgnutls.so.26.21.8
7f719c5b9000-7f719c5ba000 rw-p 00000000 00:00 0 
7f719c5ba000-7f719c5f5000 r-xp 00000000 08:16 1052718                    /usr/lib/x86_64-linux-gnu/libgssapi_krb5.so.2.2
7f719c5f5000-7f719c7f5000 ---p 0003b000 08:16 1052718                    /usr/lib/x86_64-linux-gnu/libgssapi_krb5.so.2.2
7f719c7f5000-7f719c7f6000 r--p 0003b000 08:16 1052718                    /usr/lib/x86_64-linux-gnu/libgssapi_krb5.so.2.2
7f719c7f6000-7f719c7f8000 rw-p 0003c000 08:16 1052718                    /usr/lib/x86_64-linux-gnu/libgssapi_krb5.so.2.2
7f719c7f8000-7f719c834000 r-xp 00000000 08:16 5246652                    /lib/x86_64-linux-gnu/libpcre.so.3.12.1
7f719c834000-7f719ca33000 ---p 0003c000 08:16 5246652                    /lib/x86_64-linux-gnu/libpcre.so.3.12.1
7f719ca33000-7f719ca34000 r--p 0003b000 08:16 5246652                    /lib/x86_64-linux-gnu/libpcre.so.3.12.1
7f719ca34000-7f719ca35000 rw-p 0003c000 08:16 5246652                    /lib/x86_64-linux-gnu/libpcre.so.3.12.1
7f719ca35000-7f719ca3c000 r-xp 00000000 08:16 1056193                    /usr/lib/x86_64-linux-gnu/libffi.so.6.0.0
7f719ca3c000-7f719cc3b000 ---p 00007000 08:16 1056193                    /usr/lib/x86_64-linux-gnu/libffi.so.6.0.0
7f719cc3b000-7f719cc3c000 r--p 00006000 08:16 1056193                    /usr/lib/x86_64-linux-gnu/libffi.so.6.0.0
7f719cc3c000-7f719cc3d000 rw-p 00007000 08:16 1056193                    /usr/lib/x86_64-linux-gnu/libffi.so.6.0.0
7f719cc3d000-7f719cc64000 r-xp 00000000 08:16 5246597                    /lib/x86_64-linux-gnu/libexpat.so.1.5.2
7f719cc64000-7f719ce64000 ---p 00027000 08:16 5246597                    /lib/x86_64-linux-gnu/libexpat.so.1.5.2
7f719ce64000-7f719ce66000 r--p 00027000 08:16 5246597                    /lib/x86_64-linux-gnu/libexpat.so.1.5.2
7f719ce66000-7f719ce67000 rw-p 00029000 08:16 5246597                    /lib/x86_64-linux-gnu/libexpat.so.1.5.2
7f719ce67000-7f719cefd000 r-xp 00000000 08:16 1056201                    /usr/lib/x86_64-linux-gnu/libfreetype.so.6.8.0
7f719cefd000-7f719d0fc000 ---p 00096000 08:16 1056201                    /usr/lib/x86_64-linux-gnu/libfreetype.so.6.8.0
7f719d0fc000-7f719d102000 r--p 00095000 08:16 1056201                    /usr/lib/x86_64-linux-gnu/libfreetype.so.6.8.0
7f719d102000-7f719d103000 rw-p 0009b000 08:16 1056201                    /usr/lib/x86_64-linux-gnu/libfreetype.so.6.8.0
7f719d103000-7f719d11b000 r-xp 00000000 08:16 5246663                    /lib/x86_64-linux-gnu/libresolv-2.15.so
7f719d11b000-7f719d31b000 ---p 00018000 08:16 5246663                    /lib/x86_64-linux-gnu/libresolv-2.15.so
7f719d31b000-7f719d31c000 r--p 00018000 08:16 5246663                    /lib/x86_64-linux-gnu/libresolv-2.15.so
7f719d31c000-7f719d31d000 rw-p 00019000 08:16 5246663                    /lib/x86_64-linux-gnu/libresolv-2.15.so
7f719d31d000-7f719d31f000 rw-p 00000000 00:00 0 
7f719d31f000-7f719d33c000 r-xp 00000000 08:16 5246667                    /lib/x86_64-linux-gnu/libselinux.so.1
7f719d33c000-7f719d53b000 ---p 0001d000 08:16 5246667                    /lib/x86_64-linux-gnu/libselinux.so.1
7f719d53b000-7f719d53c000 r--p 0001c000 08:16 5246667                    /lib/x86_64-linux-gnu/libselinux.so.1
7f719d53c000-7f719d53d000 rw-p 0001d000 08:16 5246667                    /lib/x86_64-linux-gnu/libselinux.so.1
7f719d53d000-7f719d53e000 rw-p 00000000 00:00 0 
7f719d53e000-7f719d541000 r-xp 00000000 08:16 1056240                    /usr/lib/x86_64-linux-gnu/libgmodule-2.0.so.0.3200.1
7f719d541000-7f719d740000 ---p 00003000 08:16 1056240                    /usr/lib/x86_64-linux-gnu/libgmodule-2.0.so.0.3200.1
7f719d740000-7f719d741000 r--p 00002000 08:16 1056240                    /usr/lib/x86_64-linux-gnu/libgmodule-2.0.so.0.3200.1
7f719d741000-7f719d742000 rw-p 00003000 08:16 1056240                    /usr/lib/x86_64-linux-gnu/libgmodule-2.0.so.0.3200.1
7f719d742000-7f719d744000 r-xp 00000000 08:16 1056017                    /usr/lib/x86_64-linux-gnu/libXdamage.so.1.1.0
7f719d744000-7f719d943000 ---p 00002000 08:16 1056017                    /usr/lib/x86_64-linux-gnu/libXdamage.so.1.1.0
7f719d943000-7f719d944000 r--p 00001000 08:16 1056017                    /usr/lib/x86_64-linux-gnu/libXdamage.so.1.1.0
7f719d944000-7f719d945000 rw-p 00002000 08:16 1056017                    /usr/lib/x86_64-linux-gnu/libXdamage.so.1.1.0
7f719d945000-7f719d947000 r-xp 00000000 08:16 1056013                    /usr/lib/x86_64-linux-gnu/libXcomposite.so.1.0.0
7f719d947000-7f719db46000 ---p 00002000 08:16 1056013                    /usr/lib/x86_64-linux-gnu/libXcomposite.so.1.0.0
7f719db46000-7f719db47000 r--p 00001000 08:16 1056013                    /usr/lib/x86_64-linux-gnu/libXcomposite.so.1.0.0
7f719db47000-7f719db48000 rw-p 00002000 08:16 1056013                    /usr/lib/x86_64-linux-gnu/libXcomposite.so.1.0.0
7f719db48000-7f719db51000 r-xp 00000000 08:16 1056015                    /usr/lib/x86_64-linux-gnu/libXcursor.so.1.0.2
7f719db51000-7f719dd50000 ---p 00009000 08:16 1056015                    /usr/lib/x86_64-linux-gnu/libXcursor.so.1.0.2
7f719dd50000-7f719dd51000 r--p 00008000 08:16 1056015                    /usr/lib/x86_64-linux-gnu/libXcursor.so.1.0.2
7f719dd51000-7f719dd52000 rw-p 00009000 08:16 1056015                    /usr/lib/x86_64-linux-gnu/libXcursor.so.1.0.2
7f719dd52000-7f719dd5a000 r-xp 00000000 08:16 1056039                    /usr/lib/x86_64-linux-gnu/libXrandr.so.2.2.0
7f719dd5a000-7f719df59000 ---p 00008000 08:16 1056039                    /usr/lib/x86_64-linux-gnu/libXrandr.so.2.2.0
7f719df59000-7f719df5a000 r--p 00007000 08:16 1056039                    /usr/lib/x86_64-linux-gnu/libXrandr.so.2.2.0
7f719df5a000-7f719df5b000 rw-p 00008000 08:16 1056039                    /usr/lib/x86_64-linux-gnu/libXrandr.so.2.2.0
7f719df5b000-7f719df5d000 r-xp 00000000 08:16 1056029                    /usr/lib/x86_64-linux-gnu/libXinerama.so.1.0.0
7f719df5d000-7f719e15c000 ---p 00002000 08:16 1056029                    /usr/lib/x86_64-linux-gnu/libXinerama.so.1.0.0
7f719e15c000-7f719e15d000 r--p 00001000 08:16 1056029                    /usr/lib/x86_64-linux-gnu/libXinerama.so.1.0.0
7f719e15d000-7f719e15e000 rw-p 00002000 08:16 1056029                    /usr/lib/x86_64-linux-gnu/libXinerama.so.1.0.0
7f719e15e000-7f719e187000 r-xp 00000000 08:16 1056434                    /usr/lib/x86_64-linux-gnu/libpangoft2-1.0.so.0.3000.0
7f719e187000-7f719e386000 ---p 00029000 08:16 1056434                    /usr/lib/x86_64-linux-gnu/libpangoft2-1.0.so.0.3000.0
7f719e386000-7f719e387000 r--p 00028000 08:16 1056434                    /usr/lib/x86_64-linux-gnu/libpangoft2-1.0.so.0.3000.0
7f719e387000-7f719e388000 rw-p 00029000 08:16 1056434                    /usr/lib/x86_64-linux-gnu/libpangoft2-1.0.so.0.3000.0
7f719e388000-7f719e441000 r-xp 00000000 08:16 1055379                    /usr/lib/x86_64-linux-gnu/libcairo.so.2.11000.2
7f719e441000-7f719e640000 ---p 000b9000 08:16 1055379                    /usr/lib/x86_64-linux-gnu/libcairo.so.2.11000.2
7f719e640000-7f719e642000 r--p 000b8000 08:16 1055379                    /usr/lib/x86_64-linux-gnu/libcairo.so.2.11000.2
7f719e642000-7f719e643000 rw-p 000ba000 08:16 1055379                    /usr/lib/x86_64-linux-gnu/libcairo.so.2.11000.2
7f719e643000-7f719e646000 rw-p 00000000 00:00 0 
7f719e646000-7f719e665000 r-xp 00000000 08:16 1056067                    /usr/lib/x86_64-linux-gnu/libatk-1.0.so.0.20409.1
7f719e665000-7f719e865000 ---p 0001f000 08:16 1056067                    /usr/lib/x86_64-linux-gnu/libatk-1.0.so.0.20409.1
7f719e865000-7f719e867000 r--p 0001f000 08:16 1056067                    /usr/lib/x86_64-linux-gnu/libatk-1.0.so.0.20409.1
7f719e867000-7f719e868000 rw-p 00021000 08:16 1056067                    /usr/lib/x86_64-linux-gnu/libatk-1.0.so.0.20409.1
7f719e868000-7f719e86d000 r-xp 00000000 08:16 1056023                    /usr/lib/x86_64-linux-gnu/libXfixes.so.3.1.0
7f719e86d000-7f719ea6c000 ---p 00005000 08:16 1056023                    /usr/lib/x86_64-linux-gnu/libXfixes.so.3.1.0
7f719ea6c000-7f719ea6d000 r--p 00004000 08:16 1056023                    /usr/lib/x86_64-linux-gnu/libXfixes.so.3.1.0
7f719ea6d000-7f719ea6e000 rw-p 00005000 08:16 1056023                    /usr/lib/x86_64-linux-gnu/libXfixes.so.3.1.0
7f719ea6e000-7f719ea79000 r-xp 00000000 08:16 1056432                    /usr/lib/x86_64-linux-gnu/libpangocairo-1.0.so.0.3000.0
7f719ea79000-7f719ec78000 ---p 0000b000 08:16 1056432                    /usr/lib/x86_64-linux-gnu/libpangocairo-1.0.so.0.3000.0
7f719ec78000-7f719ec79000 r--p 0000a000 08:16 1056432                    /usr/lib/x86_64-linux-gnu/libpangocairo-1.0.so.0.3000.0
7f719ec79000-7f719ec7a000 rw-p 0000b000 08:16 1056432                    /usr/lib/x86_64-linux-gnu/libpangocairo-1.0.so.0.3000.0
7f719ec7a000-7f719ec97000 r-xp 00000000 08:16 1056607                    /usr/lib/x86_64-linux-gnu/libxcb.so.1.1.0
7f719ec97000-7f719ee96000 ---p 0001d000 08:16 1056607                    /usr/lib/x86_64-linux-gnu/libxcb.so.1.1.0
7f719ee96000-7f719ee97000 r--p 0001c000 08:16 1056607                    /usr/lib/x86_64-linux-gnu/libxcb.so.1.1.0
7f719ee97000-7f719ee98000 rw-p 0001d000 08:16 1056607                    /usr/lib/x86_64-linux-gnu/libxcb.so.1.1.0
7f719ee98000-7f719eee8000 r-xp 00000000 08:16 1061164                    /usr/lib/x86_64-linux-gnu/libcups.so.2
7f719eee8000-7f719f0e7000 ---p 00050000 08:16 1061164                    /usr/lib/x86_64-linux-gnu/libcups.so.2
7f719f0e7000-7f719f0eb000 r--p 0004f000 08:16 1061164                    /usr/lib/x86_64-linux-gnu/libcups.so.2
7f719f0eb000-7f719f0ec000 rw-p 00053000 08:16 1061164                    /usr/lib/x86_64-linux-gnu/libcups.so.2
7f719f0ec000-7f719f1de000 r-xp 00000000 08:16 5246604                    /lib/x86_64-linux-gnu/libglib-2.0.so.0.3200.1
7f719f1de000-7f719f3de000 ---p 000f2000 08:16 5246604                    /lib/x86_64-linux-gnu/libglib-2.0.so.0.3200.1
7f719f3de000-7f719f3df000 r--p 000f2000 08:16 5246604                    /lib/x86_64-linux-gnu/libglib-2.0.so.0.3200.1
7f719f3df000-7f719f3e0000 rw-p 000f3000 08:16 5246604                    /lib/x86_64-linux-gnu/libglib-2.0.so.0.3200.1
7f719f3e0000-7f719f3e1000 rw-p 00000000 00:00 0 
7f719f3e1000-7f719f3e2000 r-xp 00000000 08:16 1056309                    /usr/lib/x86_64-linux-gnu/libgthread-2.0.so.0.3200.1
7f719f3e2000-7f719f5e1000 ---p 00001000 08:16 1056309                    /usr/lib/x86_64-linux-gnu/libgthread-2.0.so.0.3200.1
7f719f5e1000-7f719f5e2000 r--p 00000000 08:16 1056309                    /usr/lib/x86_64-linux-gnu/libgthread-2.0.so.0.3200.1
7f719f5e2000-7f719f5e3000 rw-p 00001000 08:16 1056309                    /usr/lib/x86_64-linux-gnu/libgthread-2.0.so.0.3200.1
7f719f5e3000-7f719f630000 r-xp 00000000 08:16 1056254                    /usr/lib/x86_64-linux-gnu/libgobject-2.0.so.0.3200.1
7f719f630000-7f719f830000 ---p 0004d000 08:16 1056254                    /usr/lib/x86_64-linux-gnu/libgobject-2.0.so.0.3200.1
7f719f830000-7f719f831000 r--p 0004d000 08:16 1056254                    /usr/lib/x86_64-linux-gnu/libgobject-2.0.so.0.3200.1
7f719f831000-7f719f832000 rw-p 0004e000 08:16 1056254                    /usr/lib/x86_64-linux-gnu/libgobject-2.0.so.0.3200.1
7f719f832000-7f719f866000 r-xp 00000000 08:16 1056195                    /usr/lib/x86_64-linux-gnu/libfontconfig.so.1.4.4
7f719f866000-7f719fa66000 ---p 00034000 08:16 1056195                    /usr/lib/x86_64-linux-gnu/libfontconfig.so.1.4.4
7f719fa66000-7f719fa67000 r--p 00034000 08:16 1056195                    /usr/lib/x86_64-linux-gnu/libfontconfig.so.1.4.4
7f719fa67000-7f719fa68000 rw-p 00035000 08:16 1056195                    /usr/lib/x86_64-linux-gnu/libfontconfig.so.1.4.4
7f719fa68000-7f719faae000 r-xp 00000000 08:16 1056430                    /usr/lib/x86_64-linux-gnu/libpango-1.0.so.0.3000.0
7f719faae000-7f719fcae000 ---p 00046000 08:16 1056430                    /usr/lib/x86_64-linux-gnu/libpango-1.0.so.0.3000.0
7f719fcae000-7f719fcb0000 r--p 00046000 08:16 1056430                    /usr/lib/x86_64-linux-gnu/libpango-1.0.so.0.3000.0
7f719fcb0000-7f719fcb1000 rw-p 00048000 08:16 1056430                    /usr/lib/x86_64-linux-gnu/libpango-1.0.so.0.3000.0
7f719fcb1000-7f719fdf9000 r-xp 00000000 08:16 1056230                    /usr/lib/x86_64-linux-gnu/libgio-2.0.so.0.3200.1
7f719fdf9000-7f719fff8000 ---p 00148000 08:16 1056230                    /usr/lib/x86_64-linux-gnu/libgio-2.0.so.0.3200.1
7f719fff8000-7f719fffc000 r--p 00147000 08:16 1056230                    /usr/lib/x86_64-linux-gnu/libgio-2.0.so.0.3200.1
7f719fffc000-7f719fffe000 rw-p 0014b000 08:16 1056230                    /usr/lib/x86_64-linux-gnu/libgio-2.0.so.0.3200.1
7f719fffe000-7f71a0000000 rw-p 00000000 00:00 0 
7f71a0000000-7f71a0388000 rw-p 00000000 00:00 0 
7f71a0388000-7f71a4000000 ---p 00000000 00:00 0 
7f71a4000000-7f71a40ab000 rw-p 00000000 00:00 0 
7f71a40ab000-7f71a8000000 ---p 00000000 00:00 0 
7f71a8000000-7f71a8021000 rw-p 00000000 00:00 0 
7f71a8021000-7f71ac000000 ---p 00000000 00:00 0 
7f71ac000000-7f71ac3d4000 rw-p 00000000 00:00 0 
7f71ac3d4000-7f71b0000000 ---p 00000000 00:00 0 
7f71b0000000-7f71b0021000 rw-p 00000000 00:00 0 
7f71b0021000-7f71b4000000 ---p 00000000 00:00 0 
7f71b4000000-7f71b4021000 rw-p 00000000 00:00 0 
7f71b4021000-7f71b8000000 ---p 00000000 00:00 0 
7f71b8000000-7f71b8021000 rw-p 00000000 00:00 0 
7f71b8021000-7f71bc000000 ---p 00000000 00:00 0 
7f71bc000000-7f71bc021000 rw-p 00000000 00:00 0 
7f71bc021000-7f71c0000000 ---p 00000000 00:00 0 
7f71c0000000-7f71c0021000 rw-p 00000000 00:00 0 
7f71c0021000-7f71c4000000 ---p 00000000 00:00 0 
7f71c40df000-7f71c40fd000 r-xp 00000000 08:16 1056220                    /usr/lib/x86_64-linux-gnu/libgdk_pixbuf-2.0.so.0.2600.1
7f71c40fd000-7f71c42fd000 ---p 0001e000 08:16 1056220                    /usr/lib/x86_64-linux-gnu/libgdk_pixbuf-2.0.so.0.2600.1
7f71c42fd000-7f71c42fe000 r--p 0001e000 08:16 1056220                    /usr/lib/x86_64-linux-gnu/libgdk_pixbuf-2.0.so.0.2600.1
7f71c42fe000-7f71c42ff000 rw-p 0001f000 08:16 1056220                    /usr/lib/x86_64-linux-gnu/libgdk_pixbuf-2.0.so.0.2600.1
7f71c42ff000-7f71c43ac000 r-xp 00000000 08:16 1056218                    /usr/lib/x86_64-linux-gnu/libgdk-x11-2.0.so.0.2400.10
7f71c43ac000-7f71c45ab000 ---p 000ad000 08:16 1056218                    /usr/lib/x86_64-linux-gnu/libgdk-x11-2.0.so.0.2400.10
7f71c45ab000-7f71c45af000 r--p 000ac000 08:16 1056218                    /usr/lib/x86_64-linux-gnu/libgdk-x11-2.0.so.0.2400.10
7f71c45af000-7f71c45b1000 rw-p 000b0000 08:16 1056218                    /usr/lib/x86_64-linux-gnu/libgdk-x11-2.0.so.0.2400.10
7f71c45b1000-7f71c49de000 r-xp 00000000 08:16 1056313                    /usr/lib/x86_64-linux-gnu/libgtk-x11-2.0.so.0.2400.10
7f71c49de000-7f71c4bde000 ---p 0042d000 08:16 1056313                    /usr/lib/x86_64-linux-gnu/libgtk-x11-2.0.so.0.2400.10
7f71c4bde000-7f71c4be5000 r--p 0042d000 08:16 1056313                    /usr/lib/x86_64-linux-gnu/libgtk-x11-2.0.so.0.2400.10
7f71c4be5000-7f71c4be9000 rw-p 00434000 08:16 1056313                    /usr/lib/x86_64-linux-gnu/libgtk-x11-2.0.so.0.2400.10
7f71c4be9000-7f71c4beb000 rw-p 00000000 00:00 0 
7f71c4beb000-7f71c4bf9000 r-xp 00000000 08:16 1056027                    /usr/lib/x86_64-linux-gnu/libXi.so.6.1.0
7f71c4bf9000-7f71c4df8000 ---p 0000e000 08:16 1056027                    /usr/lib/x86_64-linux-gnu/libXi.so.6.1.0
7f71c4df8000-7f71c4df9000 r--p 0000d000 08:16 1056027                    /usr/lib/x86_64-linux-gnu/libXi.so.6.1.0
7f71c4df9000-7f71c4dfa000 rw-p 0000e000 08:16 1056027                    /usr/lib/x86_64-linux-gnu/libXi.so.6.1.0
7f71c4dfa000-7f71c4dff000 r-xp 00000000 08:16 1056045                    /usr/lib/x86_64-linux-gnu/libXtst.so.6.1.0
7f71c4dff000-7f71c4ffe000 ---p 00005000 08:16 1056045                    /usr/lib/x86_64-linux-gnu/libXtst.so.6.1.0
7f71c4ffe000-7f71c4fff000 r--p 00004000 08:16 1056045                    /usr/lib/x86_64-linux-gnu/libXtst.so.6.1.0
7f71c4fff000-7f71c5000000 rw-p 00005000 08:16 1056045                    /usr/lib/x86_64-linux-gnu/libXtst.so.6.1.0
7f71c5000000-7f71c5270000 rwxp 00000000 00:00 0 
7f71c5270000-7f71c835d000 rw-p 00000000 00:00 0 
7f71c835d000-7f71cc000000 ---p 00000000 00:00 0 
7f71cc014000-7f71cc01b000 r--s 00000000 08:16 1314519                    /usr/lib/x86_64-linux-gnu/gconv/gconv-modules.cache
7f71cc01b000-7f71cc02b000 rw-s fe9f0000 00:05 9165                       /dev/ati/card0
7f71cc02b000-7f71cc02e000 ---p 00000000 00:00 0 
7f71cc02e000-7f71cc045000 rw-p 00000000 00:00 0 
7f71cc045000-7f71cc046000 r--s 00000000 08:16 1843619                    /var/cache/fontconfig/c05880de57d1f5e948fdfacc138775d9-le64.cache-3
7f71cc046000-7f71cc04f000 r--s 00000000 08:16 1843614                    /var/cache/fontconfig/945677eb7aeaf62f1d50efc3fb3ec7d8-le64.cache-3
7f71cc04f000-7f71cc051000 r--s 00000000 08:16 1843615                    /var/cache/fontconfig/99e8ed0e538f840c565b6ed5dad60d56-le64.cache-3
7f71cc051000-7f71cc059000 r--s 00000000 08:16 1846703                    /var/cache/fontconfig/a6d8cf8e4ec09cdbc8633c31745a07dd-le64.cache-3
7f71cc059000-7f71cc05d000 r--s 00000000 08:16 1843601                    /var/cache/fontconfig/2cd17615ca594fa2959ae173292e504c-le64.cache-3
7f71cc05d000-7f71cc05e000 r--s 00000000 08:16 1843626                    /var/cache/fontconfig/e7071f4a29fa870f4323321c154eba04-le64.cache-3
7f71cc05e000-7f71cc05f000 r--s 00000000 08:16 1843599                    /var/cache/fontconfig/0d8c3b2ac0904cb8a57a757ad11a4a08-le64.cache-3
7f71cc05f000-7f71cc065000 r--s 00000000 08:16 1843616                    /var/cache/fontconfig/a755afe4a08bf5b97852ceb7400b47bc-le64.cache-3
7f71cc065000-7f71cc066000 r--s 00000000 08:16 1846509                    /var/cache/fontconfig/5a76b20910bc01daa5b6abd117531ab8-le64.cache-3
7f71cc066000-7f71cc06f000 r--s 00000000 08:16 1847215                    /var/cache/fontconfig/6d41288fd70b0be22e8c3a91e032eec0-le64.cache-3
7f71cc06f000-7f71cc07f000 r--s 00000000 08:16 1843598                    /var/cache/fontconfig/04aabc0a78ac019cf9454389977116d2-le64.cache-3
7f71cc07f000-7f71cc082000 r--s 00000000 08:16 1843604                    /var/cache/fontconfig/385c0604a188198f04d133e54aba7fe7-le64.cache-3
7f71cc082000-7f71cc083000 r--s 00000000 08:16 1841789                    /var/cache/fontconfig/4794a0821666d79190d59a36cb4f44b5-le64.cache-3
7f71cc083000-7f71cc086000 r--s 00000000 08:16 1843613                    /var/cache/fontconfig/8801497958630a81b71ace7c5f9b32a8-le64.cache-3
7f71cc086000-7f71cc0b4000 r--s 00000000 08:16 1846701                    /var/cache/fontconfig/365b55f210c0a22e9a19e35191240f32-le64.cache-3
7f71cc0b4000-7f71cc0b9000 r--s 00000000 08:16 1843602                    /var/cache/fontconfig/3047814df9a2f067bd2d96a2b9c36e5a-le64.cache-3
7f71cc0b9000-7f71cc0ba000 r--s 00000000 08:16 1843607                    /var/cache/fontconfig/56cf4f4769d0f4abc89a4895d7bd3ae1-le64.cache-3
7f71cc0ba000-7f71cc0bb000 r--s 00000000 08:16 1843618                    /var/cache/fontconfig/b9d506c9ac06c20b433354fa67a72993-le64.cache-3
7f71cc0bb000-7f71cc0c0000 r--s 00000000 08:16 1843617                    /var/cache/fontconfig/b47c4e1ecd0709278f4910c18777a504-le64.cache-3
7f71cc0c0000-7f71cc0c8000 r--s 00000000 08:16 1846702                    /var/cache/fontconfig/52f7bdb7ce746bfd7eaa1985bd9cfa93-le64.cache-3
7f71cc0c8000-7f71cc0d8000 r--s 00000000 08:16 1843622                    /var/cache/fontconfig/d52a8644073d54c13679302ca1180695-le64.cache-3
7f71cc0d8000-7f71cc0db000 ---p 00000000 00:00 0 
7f71cc0db000-7f71cc1d9000 rw-p 00000000 00:00 0 
7f71cc1d9000-7f71cc1e2000 r-xp 00000000 08:16 1056041                    /usr/lib/x86_64-linux-gnu/libXrender.so.1.3.0
7f71cc1e2000-7f71cc3e1000 ---p 00009000 08:16 1056041                    /usr/lib/x86_64-linux-gnu/libXrender.so.1.3.0
7f71cc3e1000-7f71cc3e2000 r--p 00008000 08:16 1056041                    /usr/lib/x86_64-linux-gnu/libXrender.so.1.3.0
7f71cc3e2000-7f71cc3e3000 rw-p 00009000 08:16 1056041                    /usr/lib/x86_64-linux-gnu/libXrender.so.1.3.0
7f71cc3e3000-7f71cc512000 r-xp 00000000 08:16 1056006                    /usr/lib/x86_64-linux-gnu/libX11.so.6.3.0
7f71cc512000-7f71cc712000 ---p 0012f000 08:16 1056006                    /usr/lib/x86_64-linux-gnu/libX11.so.6.3.0
7f71cc712000-7f71cc713000 r--p 0012f000 08:16 1056006                    /usr/lib/x86_64-linux-gnu/libX11.so.6.3.0
7f71cc713000-7f71cc717000 rw-p 00130000 08:16 1056006                    /usr/lib/x86_64-linux-gnu/libX11.so.6.3.0
7f71cc717000-7f71cc727000 r-xp 00000000 08:16 1056021                    /usr/lib/x86_64-linux-gnu/libXext.so.6.4.0
7f71cc727000-7f71cc926000 ---p 00010000 08:16 1056021                    /usr/lib/x86_64-linux-gnu/libXext.so.6.4.0
7f71cc926000-7f71cc927000 r--p 0000f000 08:16 1056021                    /usr/lib/x86_64-linux-gnu/libXext.so.6.4.0
7f71cc927000-7f71cc928000 rw-p 00010000 08:16 1056021                    /usr/lib/x86_64-linux-gnu/libXext.so.6.4.0
7f71cc92a000-7f71cc92b000 rw-p 00000000 00:00 0 
7f71cc92b000-7f71cc92c000 rw-s 19077000 00:05 9165                       /dev/ati/card0
7f71cc92c000-7f71cc92e000 rw-s 19074000 00:05 9165                       /dev/ati/card0
7f71cc92e000-7f71cc934000 r--s 00000000 08:16 1846508                    /var/cache/fontconfig/3f7329c5293ffd510edef78f73874cfd-le64.cache-3
7f71cc934000-7f71cc937000 r--s 00000000 08:16 1842402                    /var/cache/fontconfig/e13b20fdb08344e0e664864cc2ede53d-le64.cache-3
7f71cc937000-7f71cc93b000 r--s 00000000 08:16 1846742                    /var/cache/fontconfig/7ef2298fde41cc6eeb7af42e48b7d293-le64.cache-3
7f71cc93b000-7f71cc944000 r--s 00263000 08:16 1050329                    /usr/lib/jvm/java-7-openjdk-common/jre/lib/resources.jar
7f71cc944000-7f71cc99a000 r-xp 00000000 08:16 3544819                    /usr/lib/jvm/java-7-openjdk-amd64/jre/lib/amd64/xawt/libmawt.so
7f71cc99a000-7f71ccb99000 ---p 00056000 08:16 3544819                    /usr/lib/jvm/java-7-openjdk-amd64/jre/lib/amd64/xawt/libmawt.so
7f71ccb99000-7f71ccb9a000 r--p 00055000 08:16 3544819                    /usr/lib/jvm/java-7-openjdk-amd64/jre/lib/amd64/xawt/libmawt.so
7f71ccb9a000-7f71ccb9d000 rw-p 00056000 08:16 3544819                    /usr/lib/jvm/java-7-openjdk-amd64/jre/lib/amd64/xawt/libmawt.so
7f71ccb9d000-7f71ccb9e000 rw-p 00000000 00:00 0 
7f71ccb9e000-7f71ccc4c000 r-xp 00000000 08:16 3544588                    /usr/lib/jvm/java-7-openjdk-amd64/jre/lib/amd64/libawt.so
7f71ccc4c000-7f71cce4b000 ---p 000ae000 08:16 3544588                    /usr/lib/jvm/java-7-openjdk-amd64/jre/lib/amd64/libawt.so
7f71cce4b000-7f71cce4c000 r--p 000ad000 08:16 3544588                    /usr/lib/jvm/java-7-openjdk-amd64/jre/lib/amd64/libawt.so
7f71cce4c000-7f71cce57000 rw-p 000ae000 08:16 3544588                    /usr/lib/jvm/java-7-openjdk-amd64/jre/lib/amd64/libawt.so
7f71cce57000-7f71cce7c000 rw-p 00000000 00:00 0 
7f71cce7c000-7f71cce7d000 r--s 00006000 08:16 3676784                    /home/relissa/jmonkeyplatform/jmonkeyplatform/libs/noise-0.0.1-SNAPSHOT.jar
7f71cce7d000-7f71cce80000 r--s 0001a000 08:16 3677188                    /home/relissa/jmonkeyplatform/jmonkeyplatform/libs/xmlpull-xpp3.jar
7f71cce80000-7f71cce82000 r--s 0003c000 08:16 3677429                    /home/relissa/jmonkeyplatform/jmonkeyplatform/libs/vecmath.jar
7f71cce82000-7f71cce83000 r--s 0000b000 08:16 3677222                    /home/relissa/jmonkeyplatform/jmonkeyplatform/libs/stack-alloc.jar
7f71cce83000-7f71cce85000 r--s 0000d000 08:16 3676956                    /home/relissa/jmonkeyplatform/jmonkeyplatform/libs/nifty-style-black.jar
7f71cce85000-7f71cce8b000 r--s 00030000 08:16 3676642                    /home/relissa/jmonkeyplatform/jmonkeyplatform/libs/nifty-default-controls.jar
7f71cce8b000-7f71cce95000 r--s 0006a000 08:16 3677370                    /home/relissa/jmonkeyplatform/jmonkeyplatform/libs/nifty.jar
7f71cce95000-7f71cce97000 r--s 00012000 08:16 3677292                    /home/relissa/jmonkeyplatform/jmonkeyplatform/libs/eventbus.jar
7f71cce97000-7f71ccea4000 r--s 000d2000 08:16 3677369                    /home/relissa/jmonkeyplatform/jmonkeyplatform/libs/lwjgl.jar
7f71ccea4000-7f71ccea8000 r--s 00030000 08:16 3677346                    /home/relissa/jmonkeyplatform/jmonkeyplatform/libs/jinput.jar
7f71ccea8000-7f71cceb2000 r--s 00079000 08:16 3677317                    /home/relissa/jmonkeyplatform/jmonkeyplatform/libs/jbullet.jar
7f71cceb2000-7f71cceb3000 r--s 001f3000 08:16 3676914                    /home/relissa/jmonkeyplatform/jmonkeyplatform/libs/jME3-lwjgl-natives.jar
7f71cceb3000-7f71cceb6000 r--s 00020000 08:16 3677185                    /home/relissa/jmonkeyplatform/jmonkeyplatform/libs/jME3-jbullet.jar
7f71cceb6000-7f71cceb7000 ---p 00000000 00:00 0 
7f71cceb7000-7f71ccfb7000 rw-p 00000000 00:00 0 
7f71ccfb7000-7f71ccfba000 ---p 00000000 00:00 0 
7f71ccfba000-7f71cd0b8000 rw-p 00000000 00:00 0 
7f71cd0b8000-7f71cd0bb000 ---p 00000000 00:00 0 
7f71cd0bb000-7f71cd1b9000 rw-p 00000000 00:00 0 
7f71cd1b9000-7f71cd1bc000 ---p 00000000 00:00 0 
7f71cd1bc000-7f71cd2ba000 rw-p 00000000 00:00 0 
7f71cd2ba000-7f71cd2bd000 ---p 00000000 00:00 0 
7f71cd2bd000-7f71cd3bb000 rw-p 00000000 00:00 0 
7f71cd3bb000-7f71cda9e000 r--p 00000000 08:16 1055298                    /usr/lib/locale/locale-archive
7f71cda9e000-7f71cdaa1000 ---p 00000000 00:00 0 
7f71cdaa1000-7f71cdb9f000 rw-p 00000000 00:00 0 
7f71cdb9f000-7f71cdba2000 ---p 00000000 00:00 0 
7f71cdba2000-7f71cdca0000 rw-p 00000000 00:00 0 
7f71cdca0000-7f71cdca1000 ---p 00000000 00:00 0 
7f71cdca1000-7f71ce110000 rw-p 00000000 00:00 0 
7f71ce110000-7f71ce2bf000 r--s 03e91000 08:16 3544596                    /usr/lib/jvm/java-7-openjdk-amd64/jre/lib/rt.jar
7f71ce2bf000-7f71ce2e7000 rw-p 00000000 00:00 0 
7f71ce2e7000-7f71ce2e8000 ---p 00000000 00:00 0 
7f71ce2e8000-7f71ce3e8000 rw-p 00000000 00:00 0 
7f71ce3e8000-7f71ce3e9000 ---p 00000000 00:00 0 
7f71ce3e9000-7f71ce4f4000 rw-p 00000000 00:00 0 
7f71ce4f4000-7f71ce53c000 rw-p 00000000 00:00 0 
7f71ce53c000-7f71ce550000 rw-p 00000000 00:00 0 
7f71ce550000-7f71ce671000 rw-p 00000000 00:00 0 
7f71ce671000-7f71ce67c000 rw-p 00000000 00:00 0 
7f71ce67c000-7f71ce6c4000 rw-p 00000000 00:00 0 
7f71ce6c4000-7f71ce6d8000 rw-p 00000000 00:00 0 
7f71ce6d8000-7f71ce7f8000 rw-p 00000000 00:00 0 
7f71ce7f8000-7f71ce803000 rw-p 00000000 00:00 0 
7f71ce803000-7f71ce893000 rw-p 00000000 00:00 0 
7f71ce893000-7f71ce894000 rw-p 00000000 00:00 0 
7f71ce894000-7f71ce89c000 r-xp 00000000 08:16 3544581                    /usr/lib/jvm/java-7-openjdk-amd64/jre/lib/amd64/libzip.so
7f71ce89c000-7f71cea9b000 ---p 00008000 08:16 3544581                    /usr/lib/jvm/java-7-openjdk-amd64/jre/lib/amd64/libzip.so
7f71cea9b000-7f71cea9c000 r--p 00007000 08:16 3544581                    /usr/lib/jvm/java-7-openjdk-amd64/jre/lib/amd64/libzip.so
7f71cea9c000-7f71cea9d000 rw-p 00008000 08:16 3544581                    /usr/lib/jvm/java-7-openjdk-amd64/jre/lib/amd64/libzip.so
7f71cea9d000-7f71ceaa9000 r-xp 00000000 08:16 5246630                    /lib/x86_64-linux-gnu/libnss_files-2.15.so
7f71ceaa9000-7f71ceca8000 ---p 0000c000 08:16 5246630                    /lib/x86_64-linux-gnu/libnss_files-2.15.so
7f71ceca8000-7f71ceca9000 r--p 0000b000 08:16 5246630                    /lib/x86_64-linux-gnu/libnss_files-2.15.so
7f71ceca9000-7f71cecaa000 rw-p 0000c000 08:16 5246630                    /lib/x86_64-linux-gnu/libnss_files-2.15.so
7f71cecaa000-7f71cecb4000 r-xp 00000000 08:16 5246634                    /lib/x86_64-linux-gnu/libnss_nis-2.15.so
7f71cecb4000-7f71ceeb4000 ---p 0000a000 08:16 5246634                    /lib/x86_64-linux-gnu/libnss_nis-2.15.so
7f71ceeb4000-7f71ceeb5000 r--p 0000a000 08:16 5246634                    /lib/x86_64-linux-gnu/libnss_nis-2.15.so
7f71ceeb5000-7f71ceeb6000 rw-p 0000b000 08:16 5246634                    /lib/x86_64-linux-gnu/libnss_nis-2.15.so
7f71ceeb6000-7f71ceecd000 r-xp 00000000 08:16 5246624                    /lib/x86_64-linux-gnu/libnsl-2.15.so
7f71ceecd000-7f71cf0cc000 ---p 00017000 08:16 5246624                    /lib/x86_64-linux-gnu/libnsl-2.15.so
7f71cf0cc000-7f71cf0cd000 r--p 00016000 08:16 5246624                    /lib/x86_64-linux-gnu/libnsl-2.15.so
7f71cf0cd000-7f71cf0ce000 rw-p 00017000 08:16 5246624                    /lib/x86_64-linux-gnu/libnsl-2.15.so
7f71cf0ce000-7f71cf0d0000 rw-p 00000000 00:00 0 
7f71cf0d0000-7f71cf0d8000 r-xp 00000000 08:16 5246626                    /lib/x86_64-linux-gnu/libnss_compat-2.15.so
7f71cf0d8000-7f71cf2d7000 ---p 00008000 08:16 5246626                    /lib/x86_64-linux-gnu/libnss_compat-2.15.so
7f71cf2d7000-7f71cf2d8000 r--p 00007000 08:16 5246626                    /lib/x86_64-linux-gnu/libnss_compat-2.15.so
7f71cf2d8000-7f71cf2d9000 rw-p 00008000 08:16 5246626                    /lib/x86_64-linux-gnu/libnss_compat-2.15.so
7f71cf2d9000-7f71cf300000 r-xp 00000000 08:16 3544563                    /usr/lib/jvm/java-7-openjdk-amd64/jre/lib/amd64/libjava.so
7f71cf300000-7f71cf4ff000 ---p 00027000 08:16 3544563                    /usr/lib/jvm/java-7-openjdk-amd64/jre/lib/amd64/libjava.so
7f71cf4ff000-7f71cf500000 r--p 00026000 08:16 3544563                    /usr/lib/jvm/java-7-openjdk-amd64/jre/lib/amd64/libjava.so
7f71cf500000-7f71cf502000 rw-p 00027000 08:16 3544563                    /usr/lib/jvm/java-7-openjdk-amd64/jre/lib/amd64/libjava.so
7f71cf502000-7f71cf510000 r-xp 00000000 08:16 3544574                    /usr/lib/jvm/java-7-openjdk-amd64/jre/lib/amd64/libverify.so
7f71cf510000-7f71cf70f000 ---p 0000e000 08:16 3544574                    /usr/lib/jvm/java-7-openjdk-amd64/jre/lib/amd64/libverify.so
7f71cf70f000-7f71cf711000 r--p 0000d000 08:16 3544574                    /usr/lib/jvm/java-7-openjdk-amd64/jre/lib/amd64/libverify.so
7f71cf711000-7f71cf712000 rw-p 0000f000 08:16 3544574                    /usr/lib/jvm/java-7-openjdk-amd64/jre/lib/amd64/libverify.so
7f71cf712000-7f71cf719000 r-xp 00000000 08:16 5246665                    /lib/x86_64-linux-gnu/librt-2.15.so
7f71cf719000-7f71cf918000 ---p 00007000 08:16 5246665                    /lib/x86_64-linux-gnu/librt-2.15.so
7f71cf918000-7f71cf919000 r--p 00006000 08:16 5246665                    /lib/x86_64-linux-gnu/librt-2.15.so
7f71cf919000-7f71cf91a000 rw-p 00007000 08:16 5246665                    /lib/x86_64-linux-gnu/librt-2.15.so
7f71cf91a000-7f71cf92f000 r-xp 00000000 08:16 5246600                    /lib/x86_64-linux-gnu/libgcc_s.so.1
7f71cf92f000-7f71cfb2e000 ---p 00015000 08:16 5246600                    /lib/x86_64-linux-gnu/libgcc_s.so.1
7f71cfb2e000-7f71cfb2f000 r--p 00014000 08:16 5246600                    /lib/x86_64-linux-gnu/libgcc_s.so.1
7f71cfb2f000-7f71cfb30000 rw-p 00015000 08:16 5246600                    /lib/x86_64-linux-gnu/libgcc_s.so.1
7f71cfb30000-7f71cfc29000 r-xp 00000000 08:16 5246611                    /lib/x86_64-linux-gnu/libm-2.15.so
7f71cfc29000-7f71cfe28000 ---p 000f9000 08:16 5246611                    /lib/x86_64-linux-gnu/libm-2.15.so
7f71cfe28000-7f71cfe29000 r--p 000f8000 08:16 5246611                    /lib/x86_64-linux-gnu/libm-2.15.so
7f71cfe29000-7f71cfe2a000 rw-p 000f9000 08:16 5246611                    /lib/x86_64-linux-gnu/libm-2.15.so
7f71cfe2a000-7f71cff0c000 r-xp 00000000 08:16 1056535                    /usr/lib/x86_64-linux-gnu/libstdc++.so.6.0.16
7f71cff0c000-7f71d010b000 ---p 000e2000 08:16 1056535                    /usr/lib/x86_64-linux-gnu/libstdc++.so.6.0.16
7f71d010b000-7f71d0113000 r--p 000e1000 08:16 1056535                    /usr/lib/x86_64-linux-gnu/libstdc++.so.6.0.16
7f71d0113000-7f71d0115000 rw-p 000e9000 08:16 1056535                    /usr/lib/x86_64-linux-gnu/libstdc++.so.6.0.16
7f71d0115000-7f71d012a000 rw-p 00000000 00:00 0 
7f71d012a000-7f71d0abd000 r-xp 00000000 08:16 3544559                    /usr/lib/jvm/java-7-openjdk-amd64/jre/lib/amd64/server/libjvm.so
7f71d0abd000-7f71d0cbd000 ---p 00993000 08:16 3544559                    /usr/lib/jvm/java-7-openjdk-amd64/jre/lib/amd64/server/libjvm.so
7f71d0cbd000-7f71d0d37000 r--p 00993000 08:16 3544559                    /usr/lib/jvm/java-7-openjdk-amd64/jre/lib/amd64/server/libjvm.so
7f71d0d37000-7f71d0d59000 rw-p 00a0d000 08:16 3544559                    /usr/lib/jvm/java-7-openjdk-amd64/jre/lib/amd64/server/libjvm.so
7f71d0d59000-7f71d0d84000 rw-p 00000000 00:00 0 
7f71d0d84000-7f71d0d9c000 r-xp 00000000 08:16 5246659                    /lib/x86_64-linux-gnu/libpthread-2.15.so
7f71d0d9c000-7f71d0f9b000 ---p 00018000 08:16 5246659                    /lib/x86_64-linux-gnu/libpthread-2.15.so
7f71d0f9b000-7f71d0f9c000 r--p 00017000 08:16 5246659                    /lib/x86_64-linux-gnu/libpthread-2.15.so
7f71d0f9c000-7f71d0f9d000 rw-p 00018000 08:16 5246659                    /lib/x86_64-linux-gnu/libpthread-2.15.so
7f71d0f9d000-7f71d0fa1000 rw-p 00000000 00:00 0 
7f71d0fa1000-7f71d0fb7000 r-xp 00000000 08:16 5246690                    /lib/x86_64-linux-gnu/libz.so.1.2.3.4
7f71d0fb7000-7f71d11b6000 ---p 00016000 08:16 5246690                    /lib/x86_64-linux-gnu/libz.so.1.2.3.4
7f71d11b6000-7f71d11b7000 r--p 00015000 08:16 5246690                    /lib/x86_64-linux-gnu/libz.so.1.2.3.4
7f71d11b7000-7f71d11b8000 rw-p 00016000 08:16 5246690                    /lib/x86_64-linux-gnu/libz.so.1.2.3.4
7f71d11b8000-7f71d11ba000 r-xp 00000000 08:16 5246592                    /lib/x86_64-linux-gnu/libdl-2.15.so
7f71d11ba000-7f71d13ba000 ---p 00002000 08:16 5246592                    /lib/x86_64-linux-gnu/libdl-2.15.so
7f71d13ba000-7f71d13bb000 r--p 00002000 08:16 5246592                    /lib/x86_64-linux-gnu/libdl-2.15.so
7f71d13bb000-7f71d13bc000 rw-p 00003000 08:16 5246592                    /lib/x86_64-linux-gnu/libdl-2.15.so
7f71d13bc000-7f71d156f000 r-xp 00000000 08:16 5246579                    /lib/x86_64-linux-gnu/libc-2.15.so
7f71d156f000-7f71d176e000 ---p 001b3000 08:16 5246579                    /lib/x86_64-linux-gnu/libc-2.15.so
7f71d176e000-7f71d1772000 r--p 001b2000 08:16 5246579                    /lib/x86_64-linux-gnu/libc-2.15.so
7f71d1772000-7f71d1774000 rw-p 001b6000 08:16 5246579                    /lib/x86_64-linux-gnu/libc-2.15.so
7f71d1774000-7f71d1779000 rw-p 00000000 00:00 0 
7f71d1779000-7f71d1785000 r-xp 00000000 08:16 3544565                    /usr/lib/jvm/java-7-openjdk-amd64/jre/lib/amd64/jli/libjli.so
7f71d1785000-7f71d1985000 ---p 0000c000 08:16 3544565                    /usr/lib/jvm/java-7-openjdk-amd64/jre/lib/amd64/jli/libjli.so
7f71d1985000-7f71d1986000 r--p 0000c000 08:16 3544565                    /usr/lib/jvm/java-7-openjdk-amd64/jre/lib/amd64/jli/libjli.so
7f71d1986000-7f71d1987000 rw-p 0000d000 08:16 3544565                    /usr/lib/jvm/java-7-openjdk-amd64/jre/lib/amd64/jli/libjli.so
7f71d1987000-7f71d19a9000 r-xp 00000000 08:16 5246559                    /lib/x86_64-linux-gnu/ld-2.15.so
7f71d19a9000-7f71d19aa000 r--s 00009000 08:16 3677159                    /home/relissa/jmonkeyplatform/jmonkeyplatform/libs/j-ogg-vorbisd.jar
7f71d19aa000-7f71d19c5000 r--s 00228000 08:16 3677111                    /home/relissa/jmonkeyplatform/jmonkeyplatform/libs/jMonkeyEngine3.jar
7f71d19c5000-7f71d19cf000 rw-p 00000000 00:00 0 
7f71d19cf000-7f71d1a85000 rw-p 00000000 00:00 0 
7f71d1a85000-7f71d1a88000 ---p 00000000 00:00 0 
7f71d1a88000-7f71d1b8b000 rw-p 00000000 00:00 0 
7f71d1b8b000-7f71d1b8d000 r--s 00005000 08:16 3677249                    /home/relissa/jmonkeyplatform/jmonkeyplatform/libs/j-ogg-oggd.jar
7f71d1b8d000-7f71d1b90000 r--s 00032000 08:16 1050313                    /usr/lib/jvm/java-7-openjdk-common/jre/lib/ext/sunjce_provider.jar
7f71d1b90000-7f71d1b92000 r--s 00012000 08:16 1050314                    /usr/lib/jvm/java-7-openjdk-common/jre/lib/ext/zipfs.jar
7f71d1b92000-7f71d1b93000 r--s 00002000 08:16 1050311                    /usr/lib/jvm/java-7-openjdk-common/jre/lib/ext/dnsns.jar
7f71d1b93000-7f71d1b96000 r--s 00085000 08:16 1050312                    /usr/lib/jvm/java-7-openjdk-common/jre/lib/ext/localedata.jar
7f71d1b96000-7f71d1b99000 r--s 0000f000 08:16 1050315                    /usr/lib/jvm/java-7-openjdk-common/jre/lib/ext/pulse-java.jar
7f71d1b99000-7f71d1b9a000 r--s 00007000 08:16 1453403                    /usr/share/java/java-atk-wrapper.jar
7f71d1b9a000-7f71d1b9d000 r--s 0003c000 08:16 1050310                    /usr/lib/jvm/java-7-openjdk-common/jre/lib/ext/sunpkcs11.jar
7f71d1b9d000-7f71d1ba5000 rw-s 00000000 08:16 4063324                    /tmp/hsperfdata_relissa/7317 (deleted)
7f71d1ba5000-7f71d1ba6000 rw-p 00000000 00:00 0 
7f71d1ba6000-7f71d1ba7000 ---p 00000000 00:00 0 
7f71d1ba7000-7f71d1ba9000 rw-p 00000000 00:00 0 
7f71d1ba9000-7f71d1baa000 r--p 00022000 08:16 5246559                    /lib/x86_64-linux-gnu/ld-2.15.so
7f71d1baa000-7f71d1bac000 rw-p 00023000 08:16 5246559                    /lib/x86_64-linux-gnu/ld-2.15.so
7fffec5c4000-7fffec5e5000 rw-p 00000000 00:00 0                          [stack]
7fffec5ff000-7fffec600000 r-xp 00000000 00:00 0                          [vdso]
ffffffffff600000-ffffffffff601000 r-xp 00000000 00:00 0                  [vsyscall]

VM Arguments:
jvm_args: -Dfile.encoding=UTF-8 
java_command: OCLP.Main
Launcher Type: SUN_STANDARD

Environment Variables:
PATH=/usr/lib/lightdm/lightdm:/usr/local/sbin:/usr/local/bin:/usr/sbin:/usr/bin:/sbin:/bin:/usr/games
SHELL=/bin/bash
DISPLAY=:0

Signal Handlers:
SIGSEGV: [libjvm.so+0x8065e0], sa_mask[0]=0x7ffbfeff, sa_flags=0x10000004
SIGBUS: [libjvm.so+0x8065e0], sa_mask[0]=0x7ffbfeff, sa_flags=0x10000004
SIGFPE: [libjvm.so+0x6ac6d0], sa_mask[0]=0x7ffbfeff, sa_flags=0x10000004
SIGPIPE: [libjvm.so+0x6ac6d0], sa_mask[0]=0x7ffbfeff, sa_flags=0x10000004
SIGXFSZ: [libjvm.so+0x6ac6d0], sa_mask[0]=0x7ffbfeff, sa_flags=0x10000004
SIGILL: [libjvm.so+0x6ac6d0], sa_mask[0]=0x7ffbfeff, sa_flags=0x10000004
SIGUSR1: SIG_DFL, sa_mask[0]=0x00000000, sa_flags=0x00000000
SIGUSR2: [libjvm.so+0x6acaa0], sa_mask[0]=0x00000004, sa_flags=0x10000004
SIGHUP: [libjvm.so+0x6acbe0], sa_mask[0]=0x7ffbfeff, sa_flags=0x10000004
SIGINT: SIG_IGN, sa_mask[0]=0x00000000, sa_flags=0x00000000
SIGTERM: [libjvm.so+0x6acbe0], sa_mask[0]=0x7ffbfeff, sa_flags=0x10000004
SIGQUIT: [libjvm.so+0x6acbe0], sa_mask[0]=0x7ffbfeff, sa_flags=0x10000004


---------------  S Y S T E M  ---------------

OS:Ubuntu 12.04 (precise)
uname:Linux 3.2.0-24-generic #39-Ubuntu SMP Mon May 21 16:52:17 UTC 2012 x86_64
libc:glibc 2.15 NPTL 2.15 
rlimit: STACK 8192k, CORE 0k, NPROC 28916, NOFILE 4096, AS infinity
load average:1.68 1.59 1.51

/proc/meminfo:
MemTotal:        3791568 kB
MemFree:          715704 kB
Buffers:          124712 kB
Cached:          1271576 kB
SwapCached:          448 kB
Active:          1659408 kB
Inactive:         958060 kB
Active(anon):    1002112 kB
Inactive(anon):   235416 kB
Active(file):     657296 kB
Inactive(file):   722644 kB
Unevictable:           0 kB
Mlocked:               0 kB
SwapTotal:        999420 kB
SwapFree:         997980 kB
Dirty:               540 kB
Writeback:             0 kB
AnonPages:       1220764 kB
Mapped:           223896 kB
Shmem:             16348 kB
Slab:             143588 kB
SReclaimable:     117372 kB
SUnreclaim:        26216 kB
KernelStack:        3104 kB
PageTables:        31700 kB
NFS_Unstable:          0 kB
Bounce:                0 kB
WritebackTmp:          0 kB
CommitLimit:     2895204 kB
Committed_AS:    2821208 kB
VmallocTotal:   34359738367 kB
VmallocUsed:      300648 kB
VmallocChunk:   34359435432 kB
HardwareCorrupted:     0 kB
AnonHugePages:         0 kB
HugePages_Total:       0
HugePages_Free:        0
HugePages_Rsvd:        0
HugePages_Surp:        0
Hugepagesize:       2048 kB
DirectMap4k:     3659264 kB
DirectMap2M:      272384 kB
DirectMap1G:           0 kB


CPU:total 2 (2 cores per cpu, 1 threads per core) family 16 model 6 stepping 2, cmov, cx8, fxsr, mmx, sse, sse2, sse3, popcnt, mmxext, 3dnowpref, lzcnt, sse4a

/proc/cpuinfo:
processor	: 0
vendor_id	: AuthenticAMD
cpu family	: 16
model		: 6
model name	: AMD Athlon(tm) II X2 215 Processor
stepping	: 2
microcode	: 0x100009f
cpu MHz		: 2700.000
cache size	: 512 KB
physical id	: 0
siblings	: 2
core id		: 0
cpu cores	: 2
apicid		: 0
initial apicid	: 0
fpu		: yes
fpu_exception	: yes
cpuid level	: 5
wp		: yes
flags		: fpu vme de pse tsc msr pae mce cx8 apic sep mtrr pge mca cmov pat pse36 clflush mmx fxsr sse sse2 ht syscall nx mmxext fxsr_opt pdpe1gb rdtscp lm 3dnowext 3dnow constant_tsc rep_good nopl nonstop_tsc extd_apicid pni monitor cx16 popcnt lahf_lm cmp_legacy svm extapic cr8_legacy abm sse4a misalignsse 3dnowprefetch osvw ibs skinit wdt npt lbrv svm_lock nrip_save
bogomips	: 5400.31
TLB size	: 1024 4K pages
clflush size	: 64
cache_alignment	: 64
address sizes	: 48 bits physical, 48 bits virtual
power management: ts ttp tm stc 100mhzsteps hwpstate

processor	: 1
vendor_id	: AuthenticAMD
cpu family	: 16
model		: 6
model name	: AMD Athlon(tm) II X2 215 Processor
stepping	: 2
microcode	: 0x100009f
cpu MHz		: 2700.000
cache size	: 512 KB
physical id	: 0
siblings	: 2
core id		: 1
cpu cores	: 2
apicid		: 1
initial apicid	: 1
fpu		: yes
fpu_exception	: yes
cpuid level	: 5
wp		: yes
flags		: fpu vme de pse tsc msr pae mce cx8 apic sep mtrr pge mca cmov pat pse36 clflush mmx fxsr sse sse2 ht syscall nx mmxext fxsr_opt pdpe1gb rdtscp lm 3dnowext 3dnow constant_tsc rep_good nopl nonstop_tsc extd_apicid pni monitor cx16 popcnt lahf_lm cmp_legacy svm extapic cr8_legacy abm sse4a misalignsse 3dnowprefetch osvw ibs skinit wdt npt lbrv svm_lock nrip_save
bogomips	: 5386.51
TLB size	: 1024 4K pages
clflush size	: 64
cache_alignment	: 64
address sizes	: 48 bits physical, 48 bits virtual
power management: ts ttp tm stc 100mhzsteps hwpstate



Memory: 4k page, physical 3791568k(715704k free), swap 999420k(997980k free)

vm_info: OpenJDK 64-Bit Server VM (22.0-b10) for linux-amd64 JRE (1.7.0_03-b147), built on May  2 2012 16:57:58 by "buildd" with gcc 4.6.3

time: Sat Jun  9 12:08:51 2012
elapsed time: 14 seconds

