#
# A fatal error has been detected by the Java Runtime Environment:
#
#  SIGSEGV (0xb) at pc=0x00007f101494cc58, pid=8050, tid=139707133187840
#
# JRE version: 7.0_03-b147
# Java VM: OpenJDK 64-Bit Server VM (22.0-b10 mixed mode linux-amd64 compressed oops)
# Derivative: IcedTea7 2.1.1pre
# Distribution: Ubuntu 12.04 LTS, package 7~u3-2.1.1~pre1-1ubuntu3
# Problematic frame:
# C  [libX11.so.6+0x33c58]  XQueryExtension+0x28
#
# Failed to write core dump. Core dumps have been disabled. To enable core dumping, try "ulimit -c unlimited" before starting Java again
#
# If you would like to submit a bug report, please include
# instructions on how to reproduce the bug and visit:
#   https://bugs.launchpad.net/ubuntu/+source/openjdk-7/
#

---------------  T H R E A D  ---------------

Current thread is native thread

siginfo:si_signo=SIGSEGV: si_errno=0, si_code=1 (SEGV_MAPERR), si_addr=0xffffffffd40360c8

Registers:
RAX=0x000000000122eba0, RBX=0xffffffffd4035760, RCX=0x00007fffd12b5358, RDX=0x00007fffd12b5354
RSP=0x00007fffd12b52f0, RBP=0x00007f0fdcdf5932, RSI=0x00007f0fdcdf5932, RDI=0xffffffffd4035760
R8 =0x00007fffd12b535c, R9 =0x0000000000000000, R10=0x00007f1019cabfa8, R11=0x00007f101992dca0
R12=0x0000000000000000, R13=0x00007f0fdcdf5932, R14=0x000000000122eba0, R15=0x0000000000000000
RIP=0x00007f101494cc58, EFLAGS=0x0000000000010206, CSGSFS=0x0000000000000033, ERR=0x0000000000000005
  TRAPNO=0x000000000000000e

Top of Stack: (sp=0x00007fffd12b52f0)
0x00007fffd12b52f0:   00007f1019900790 00007f101a0c0000
0x00007fffd12b5300:   00007f10192bc070 00007f101a0bf000
0x00007fffd12b5310:   00000000ffffffff ffffffffd4035760
0x00007fffd12b5320:   00007f0fdcdf5932 0000000000000000
0x00007fffd12b5330:   00007f0fdcdf5932 000000000122eba0
0x00007fffd12b5340:   0000000000000000 00007f1014940c55
0x00007fffd12b5350:   00007f101a0e0048 00007f0fdcf2e520
0x00007fffd12b5360:   00007f0fdcf2e520 ffffffffd4035760
0x00007fffd12b5370:   00007f0fd4038740 00007f1014c5a02b
0x00007fffd12b5380:   00007f1019900790 0000001100000061
0x00007fffd12b5390:   00007fffd12b5410 0000000000000000
0x00007fffd12b53a0:   00007fffd12b5410 ffffffffd4035760
0x00007fffd12b53b0:   0000000000000000 00007f101a0e0048
0x00007fffd12b53c0:   00007f0fdcf47d50 00007f0fdcd9c119
0x00007fffd12b53d0:   0000000000000000 0000000000000061
0x00007fffd12b53e0:   00007fffd12b5410 00007fffd12b5430
0x00007fffd12b53f0:   0000000000000000 00007f101a0e0048
0x00007fffd12b5400:   00007f0fd4030b50 00007f0fdcd92b42
0x00007fffd12b5410:   00007fffd12b57b0 00007f0fdcdf58b1
0x00007fffd12b5420:   0000000000000061 00007f1019ecc92d
0x00007fffd12b5430:   00007f101a0e12c8 00007f101a0e1858
0x00007fffd12b5440:   00007f101a0de6a8 00007f1010006570
0x00007fffd12b5450:   00007f1010007080 00007f1010007580
0x00007fffd12b5460:   00007f101000c260 00007f0fc81a1af0
0x00007fffd12b5470:   00007f0fc8200f40 00007f0fc81c1b60
0x00007fffd12b5480:   00007f0fd4017f60 00007f0fd4017330
0x00007fffd12b5490:   00007f10101cb1e0 00007f10101d0040
0x00007fffd12b54a0:   00007f10101d7750 00007f10101d7220
0x00007fffd12b54b0:   00007f10101d6d00 00007f10101dc0d0
0x00007fffd12b54c0:   00007f10101dbbc0 00007f10101dd420
0x00007fffd12b54d0:   00007f10101db6c0 00007f10101d67d0
0x00007fffd12b54e0:   00007f10101da1f0 00007f10101dcd90 

Instructions: (pc=0x00007f101494cc58)
0x00007f101494cc38:   24 d8 48 89 fb 4c 89 64 24 e0 4c 89 6c 24 e8 48
0x00007f101494cc48:   89 f5 4c 89 74 24 f0 4c 89 7c 24 f8 48 83 ec 58
0x00007f101494cc58:   48 8b 87 68 09 00 00 49 89 d4 49 89 cd 4d 89 c6
0x00007f101494cc68:   48 85 c0 74 02 ff 10 ba 08 00 00 00 be 62 00 00 

Register to memory mapping:

RAX=0x000000000122eba0 is an unknown value
RBX=0xffffffffd4035760 is an unknown value
RCX=0x00007fffd12b5358 is an unknown value
RDX=0x00007fffd12b5354 is an unknown value
RSP=0x00007fffd12b52f0 is an unknown value
RBP=0x00007f0fdcdf5932: <offset 0x96932> in /usr/lib/fglrx/libGL.so.1 at 0x00007f0fdcd5f000
RSI=0x00007f0fdcdf5932: <offset 0x96932> in /usr/lib/fglrx/libGL.so.1 at 0x00007f0fdcd5f000
RDI=0xffffffffd4035760 is an unknown value
R8 =0x00007fffd12b535c is an unknown value
R9 =0x0000000000000000 is an unknown value
R10=0x00007f1019cabfa8: <offset 0x3b9fa8> in /lib/x86_64-linux-gnu/libc.so.6 at 0x00007f10198f2000
R11=0x00007f101992dca0: __cxa_finalize+0 in /lib/x86_64-linux-gnu/libc.so.6 at 0x00007f10198f2000
R12=0x0000000000000000 is an unknown value
R13=0x00007f0fdcdf5932: <offset 0x96932> in /usr/lib/fglrx/libGL.so.1 at 0x00007f0fdcd5f000
R14=0x000000000122eba0 is an unknown value
R15=0x0000000000000000 is an unknown value


Stack: [0x00007fffd11b7000,0x00007fffd12b7000],  sp=0x00007fffd12b52f0,  free space=1016k
Native frames: (J=compiled Java code, j=interpreted, Vv=VM code, C=native code)
C  [libX11.so.6+0x33c58]  XQueryExtension+0x28


---------------  P R O C E S S  ---------------

VM state:at safepoint (shutting down)

VM Mutex/Monitor currently owned by a thread:  ([mutex/lock_event])
[0x00007f1010004940] Threads_lock - owner thread: 0x00007f101009b800

Heap
 PSYoungGen      total 17280K, used 3681K [0x00000000ecb60000, 0x00000000edea0000, 0x0000000100000000)
  eden space 14848K, 8% used [0x00000000ecb60000,0x00000000ecc9ba88,0x00000000ed9e0000)
  from space 2432K, 99% used [0x00000000edc40000,0x00000000ede9ca00,0x00000000edea0000)
  to   space 2432K, 0% used [0x00000000ed9e0000,0x00000000ed9e0000,0x00000000edc40000)
 PSOldGen        total 39552K, used 3860K [0x00000000c6200000, 0x00000000c88a0000, 0x00000000ecb60000)
  object space 39552K, 9% used [0x00000000c6200000,0x00000000c65c5030,0x00000000c88a0000)
 PSPermGen       total 21248K, used 20794K [0x00000000bbc00000, 0x00000000bd0c0000, 0x00000000c6200000)
  object space 21248K, 97% used [0x00000000bbc00000,0x00000000bd04e9a0,0x00000000bd0c0000)

Code Cache  [0x00007f100d000000, 0x00007f100d270000, 0x00007f1010000000)
 total_blobs=920 nmethods=294 adapters=579 free_code_cache=47979Kb largest_free_block=49102976

Dynamic libraries:
00400000-00401000 r-xp 00000000 08:16 3544606                            /usr/lib/jvm/java-7-openjdk-amd64/jre/bin/java
00600000-00601000 r--p 00000000 08:16 3544606                            /usr/lib/jvm/java-7-openjdk-amd64/jre/bin/java
00601000-00602000 rw-p 00001000 08:16 3544606                            /usr/lib/jvm/java-7-openjdk-amd64/jre/bin/java
0122c000-0124d000 rw-p 00000000 00:00 0                                  [heap]
bbc00000-bd0c0000 rw-p 00000000 00:00 0 
bd0c0000-c6200000 rw-p 00000000 00:00 0 
c6200000-c88a0000 rw-p 00000000 00:00 0 
c88a0000-ecb60000 rw-p 00000000 00:00 0 
ecb60000-edea0000 rw-p 00000000 00:00 0 
edea0000-100000000 rw-p 00000000 00:00 0 
7f0fc1dfa000-7f0fc1dfb000 ---p 00000000 00:00 0 
7f0fc1dfb000-7f0fc25fb000 rw-p 00000000 00:00 0 
7f0fc2ffd000-7f0fc2ffe000 ---p 00000000 00:00 0 
7f0fc2ffe000-7f0fc37fe000 rw-p 00000000 00:00 0 
7f0fc77ff000-7f0fc7800000 ---p 00000000 00:00 0 
7f0fc7800000-7f0fc8000000 rw-p 00000000 00:00 0 
7f0fc8000000-7f0fc8406000 rw-p 00000000 00:00 0 
7f0fc8406000-7f0fcc000000 ---p 00000000 00:00 0 
7f0fcc069000-7f0fcc0a7000 r-xp 00000000 08:16 1056348                    /usr/lib/x86_64-linux-gnu/libjpeg.so.8.0.2
7f0fcc0a7000-7f0fcc2a6000 ---p 0003e000 08:16 1056348                    /usr/lib/x86_64-linux-gnu/libjpeg.so.8.0.2
7f0fcc2a6000-7f0fcc2a7000 r--p 0003d000 08:16 1056348                    /usr/lib/x86_64-linux-gnu/libjpeg.so.8.0.2
7f0fcc2a7000-7f0fcc2a8000 rw-p 0003e000 08:16 1056348                    /usr/lib/x86_64-linux-gnu/libjpeg.so.8.0.2
7f0fcc2a8000-7f0fcc2b8000 rw-p 00000000 00:00 0 
7f0fcc2b8000-7f0fcc2c1000 r-xp 00000000 08:16 3544590                    /usr/lib/jvm/java-7-openjdk-amd64/jre/lib/amd64/libjavajpeg.so
7f0fcc2c1000-7f0fcc4c0000 ---p 00009000 08:16 3544590                    /usr/lib/jvm/java-7-openjdk-amd64/jre/lib/amd64/libjavajpeg.so
7f0fcc4c0000-7f0fcc4c1000 r--p 00008000 08:16 3544590                    /usr/lib/jvm/java-7-openjdk-amd64/jre/lib/amd64/libjavajpeg.so
7f0fcc4c1000-7f0fcc4c2000 rw-p 00009000 08:16 3544590                    /usr/lib/jvm/java-7-openjdk-amd64/jre/lib/amd64/libjavajpeg.so
7f0fcc4c2000-7f0fcc4c8000 r-xp 00000000 08:16 1056418                    /usr/lib/x86_64-linux-gnu/libogg.so.0.7.1
7f0fcc4c8000-7f0fcc6c7000 ---p 00006000 08:16 1056418                    /usr/lib/x86_64-linux-gnu/libogg.so.0.7.1
7f0fcc6c7000-7f0fcc6c8000 r--p 00005000 08:16 1056418                    /usr/lib/x86_64-linux-gnu/libogg.so.0.7.1
7f0fcc6c8000-7f0fcc6c9000 rw-p 00006000 08:16 1056418                    /usr/lib/x86_64-linux-gnu/libogg.so.0.7.1
7f0fcc6c9000-7f0fcc6f4000 r-xp 00000000 08:16 1056576                    /usr/lib/x86_64-linux-gnu/libvorbis.so.0.4.5
7f0fcc6f4000-7f0fcc8f3000 ---p 0002b000 08:16 1056576                    /usr/lib/x86_64-linux-gnu/libvorbis.so.0.4.5
7f0fcc8f3000-7f0fcc8f4000 r--p 0002a000 08:16 1056576                    /usr/lib/x86_64-linux-gnu/libvorbis.so.0.4.5
7f0fcc8f4000-7f0fcc8f5000 rw-p 0002b000 08:16 1056576                    /usr/lib/x86_64-linux-gnu/libvorbis.so.0.4.5
7f0fcc8f5000-7f0fccba8000 r-xp 00000000 08:16 1056578                    /usr/lib/x86_64-linux-gnu/libvorbisenc.so.2.0.8
7f0fccba8000-7f0fccda7000 ---p 002b3000 08:16 1056578                    /usr/lib/x86_64-linux-gnu/libvorbisenc.so.2.0.8
7f0fccda7000-7f0fccdc3000 r--p 002b2000 08:16 1056578                    /usr/lib/x86_64-linux-gnu/libvorbisenc.so.2.0.8
7f0fccdc3000-7f0fccdc4000 rw-p 002ce000 08:16 1056578                    /usr/lib/x86_64-linux-gnu/libvorbisenc.so.2.0.8
7f0fccdc4000-7f0fcce0c000 r-xp 00000000 08:16 1055951                    /usr/lib/x86_64-linux-gnu/libFLAC.so.8.2.0
7f0fcce0c000-7f0fcd00c000 ---p 00048000 08:16 1055951                    /usr/lib/x86_64-linux-gnu/libFLAC.so.8.2.0
7f0fcd00c000-7f0fcd00d000 r--p 00048000 08:16 1055951                    /usr/lib/x86_64-linux-gnu/libFLAC.so.8.2.0
7f0fcd00d000-7f0fcd00e000 rw-p 00049000 08:16 1055951                    /usr/lib/x86_64-linux-gnu/libFLAC.so.8.2.0
7f0fcd00e000-7f0fcd013000 r-xp 00000000 08:16 1056065                    /usr/lib/x86_64-linux-gnu/libasyncns.so.0.3.1
7f0fcd013000-7f0fcd212000 ---p 00005000 08:16 1056065                    /usr/lib/x86_64-linux-gnu/libasyncns.so.0.3.1
7f0fcd212000-7f0fcd213000 r--p 00004000 08:16 1056065                    /usr/lib/x86_64-linux-gnu/libasyncns.so.0.3.1
7f0fcd213000-7f0fcd214000 rw-p 00005000 08:16 1056065                    /usr/lib/x86_64-linux-gnu/libasyncns.so.0.3.1
7f0fcd214000-7f0fcd274000 r-xp 00000000 08:16 1056513                    /usr/lib/x86_64-linux-gnu/libsndfile.so.1.0.25
7f0fcd274000-7f0fcd474000 ---p 00060000 08:16 1056513                    /usr/lib/x86_64-linux-gnu/libsndfile.so.1.0.25
7f0fcd474000-7f0fcd476000 r--p 00060000 08:16 1056513                    /usr/lib/x86_64-linux-gnu/libsndfile.so.1.0.25
7f0fcd476000-7f0fcd477000 rw-p 00062000 08:16 1056513                    /usr/lib/x86_64-linux-gnu/libsndfile.so.1.0.25
7f0fcd477000-7f0fcd47b000 rw-p 00000000 00:00 0 
7f0fcd47b000-7f0fcd483000 r-xp 00000000 08:16 5246688                    /lib/x86_64-linux-gnu/libwrap.so.0.7.6
7f0fcd483000-7f0fcd682000 ---p 00008000 08:16 5246688                    /lib/x86_64-linux-gnu/libwrap.so.0.7.6
7f0fcd682000-7f0fcd683000 r--p 00007000 08:16 5246688                    /lib/x86_64-linux-gnu/libwrap.so.0.7.6
7f0fcd683000-7f0fcd684000 rw-p 00008000 08:16 5246688                    /lib/x86_64-linux-gnu/libwrap.so.0.7.6
7f0fcd684000-7f0fcd6e0000 r-xp 00000000 08:16 1055773                    /usr/lib/x86_64-linux-gnu/libpulsecommon-1.1.so
7f0fcd6e0000-7f0fcd8e0000 ---p 0005c000 08:16 1055773                    /usr/lib/x86_64-linux-gnu/libpulsecommon-1.1.so
7f0fcd8e0000-7f0fcd8e1000 r--p 0005c000 08:16 1055773                    /usr/lib/x86_64-linux-gnu/libpulsecommon-1.1.so
7f0fcd8e1000-7f0fcd8e2000 rw-p 0005d000 08:16 1055773                    /usr/lib/x86_64-linux-gnu/libpulsecommon-1.1.so
7f0fcd8e2000-7f0fcd8e9000 r-xp 00000000 08:16 1056352                    /usr/lib/x86_64-linux-gnu/libjson.so.0.0.1
7f0fcd8e9000-7f0fcdae8000 ---p 00007000 08:16 1056352                    /usr/lib/x86_64-linux-gnu/libjson.so.0.0.1
7f0fcdae8000-7f0fcdae9000 r--p 00006000 08:16 1056352                    /usr/lib/x86_64-linux-gnu/libjson.so.0.0.1
7f0fcdae9000-7f0fcdaea000 rw-p 00007000 08:16 1056352                    /usr/lib/x86_64-linux-gnu/libjson.so.0.0.1
7f0fcdaea000-7f0fcdb30000 r-xp 00000000 08:16 1055774                    /usr/lib/x86_64-linux-gnu/libpulse.so.0.13.5
7f0fcdb30000-7f0fcdd30000 ---p 00046000 08:16 1055774                    /usr/lib/x86_64-linux-gnu/libpulse.so.0.13.5
7f0fcdd30000-7f0fcdd31000 r--p 00046000 08:16 1055774                    /usr/lib/x86_64-linux-gnu/libpulse.so.0.13.5
7f0fcdd31000-7f0fcdd32000 rw-p 00047000 08:16 1055774                    /usr/lib/x86_64-linux-gnu/libpulse.so.0.13.5
7f0fcdd32000-7f0fcfc8c000 r-xp 00000000 08:16 1054642                    /usr/lib/fglrx/dri/fglrx_dri.so
7f0fcfc8c000-7f0fcfd8c000 ---p 01f5a000 08:16 1054642                    /usr/lib/fglrx/dri/fglrx_dri.so
7f0fcfd8c000-7f0fcfeda000 rwxp 01f5a000 08:16 1054642                    /usr/lib/fglrx/dri/fglrx_dri.so
7f0fcfeda000-7f0fd0000000 rwxp 00000000 00:00 0 
7f0fd0000000-7f0fd0021000 rw-p 00000000 00:00 0 
7f0fd0021000-7f0fd4000000 ---p 00000000 00:00 0 
7f0fd4000000-7f0fd4f9b000 rw-p 00000000 00:00 0 
7f0fd4f9b000-7f0fd8000000 ---p 00000000 00:00 0 
7f0fd8000000-7f0fd8021000 rw-p 00000000 00:00 0 
7f0fd8021000-7f0fdc000000 ---p 00000000 00:00 0 
7f0fdc3e5000-7f0fdcae5000 rw-s 19078000 00:05 9165                       /dev/ati/card0
7f0fdcae5000-7f0fdcb20000 r-xp 00000000 08:16 1054638                    /usr/lib/fglrx/libatiadlxx.so
7f0fdcb20000-7f0fdcc20000 ---p 0003b000 08:16 1054638                    /usr/lib/fglrx/libatiadlxx.so
7f0fdcc20000-7f0fdcc29000 rw-p 0003b000 08:16 1054638                    /usr/lib/fglrx/libatiadlxx.so
7f0fdcc29000-7f0fdcc3a000 rw-p 00000000 00:00 0 
7f0fdcc56000-7f0fdcc5d000 r-xp 00000000 08:16 1054658                    /usr/lib/fglrx/libatiuki.so.1.0
7f0fdcc5d000-7f0fdcd5d000 ---p 00007000 08:16 1054658                    /usr/lib/fglrx/libatiuki.so.1.0
7f0fdcd5d000-7f0fdcd5e000 rw-p 00007000 08:16 1054658                    /usr/lib/fglrx/libatiuki.so.1.0
7f0fdcd5e000-7f0fdcd5f000 rw-p 00000000 00:00 0 
7f0fdcd5f000-7f0fdce22000 r-xp 00000000 08:16 1054665                    /usr/lib/fglrx/libGL.so.1.2
7f0fdce22000-7f0fdcf21000 ---p 000c3000 08:16 1054665                    /usr/lib/fglrx/libGL.so.1.2
7f0fdcf21000-7f0fdcf48000 rwxp 000c2000 08:16 1054665                    /usr/lib/fglrx/libGL.so.1.2
7f0fdcf48000-7f0fdcf68000 rwxp 00000000 00:00 0 
7f0fdcf74000-7f0fdcf84000 rw-s fe9f0000 00:05 9165                       /dev/ati/card0
7f0fdcf84000-7f0fdcf88000 r-xp 00000000 08:16 1056049                    /usr/lib/x86_64-linux-gnu/libXxf86vm.so.1.0.0
7f0fdcf88000-7f0fdd187000 ---p 00004000 08:16 1056049                    /usr/lib/x86_64-linux-gnu/libXxf86vm.so.1.0.0
7f0fdd187000-7f0fdd188000 r--p 00003000 08:16 1056049                    /usr/lib/x86_64-linux-gnu/libXxf86vm.so.1.0.0
7f0fdd188000-7f0fdd189000 rw-p 00004000 08:16 1056049                    /usr/lib/x86_64-linux-gnu/libXxf86vm.so.1.0.0
7f0fdd18b000-7f0fdd18e000 ---p 00000000 00:00 0 
7f0fdd18e000-7f0fdd1a5000 rw-p 00000000 00:00 0 
7f0fdd1a5000-7f0fdd20b000 r-xp 00000000 08:16 3673310                    /home/relissa/.jme3/natives_9a0c8f4d/liblwjgl64.so
7f0fdd20b000-7f0fdd40b000 ---p 00066000 08:16 3673310                    /home/relissa/.jme3/natives_9a0c8f4d/liblwjgl64.so
7f0fdd40b000-7f0fdd40d000 r--p 00066000 08:16 3673310                    /home/relissa/.jme3/natives_9a0c8f4d/liblwjgl64.so
7f0fdd40d000-7f0fdd40e000 rw-p 00068000 08:16 3673310                    /home/relissa/.jme3/natives_9a0c8f4d/liblwjgl64.so
7f0fdd40e000-7f0fdd40f000 r-xp 00000000 08:16 3544578                    /usr/lib/jvm/java-7-openjdk-amd64/jre/lib/amd64/libjawt.so
7f0fdd40f000-7f0fdd60e000 ---p 00001000 08:16 3544578                    /usr/lib/jvm/java-7-openjdk-amd64/jre/lib/amd64/libjawt.so
7f0fdd60e000-7f0fdd60f000 r--p 00000000 08:16 3544578                    /usr/lib/jvm/java-7-openjdk-amd64/jre/lib/amd64/libjawt.so
7f0fdd60f000-7f0fdd610000 rw-p 00001000 08:16 3544578                    /usr/lib/jvm/java-7-openjdk-amd64/jre/lib/amd64/libjawt.so
7f0fdd610000-7f0fdd613000 ---p 00000000 00:00 0 
7f0fdd613000-7f0fdd711000 rw-p 00000000 00:00 0 
7f0fdd711000-7f0fdd721000 r-xp 00000000 08:16 3544571                    /usr/lib/jvm/java-7-openjdk-amd64/jre/lib/amd64/libnio.so
7f0fdd721000-7f0fdd920000 ---p 00010000 08:16 3544571                    /usr/lib/jvm/java-7-openjdk-amd64/jre/lib/amd64/libnio.so
7f0fdd920000-7f0fdd921000 r--p 0000f000 08:16 3544571                    /usr/lib/jvm/java-7-openjdk-amd64/jre/lib/amd64/libnio.so
7f0fdd921000-7f0fdd922000 rw-p 00010000 08:16 3544571                    /usr/lib/jvm/java-7-openjdk-amd64/jre/lib/amd64/libnio.so
7f0fdd922000-7f0fdd938000 r-xp 00000000 08:16 3544572                    /usr/lib/jvm/java-7-openjdk-amd64/jre/lib/amd64/libnet.so
7f0fdd938000-7f0fddb38000 ---p 00016000 08:16 3544572                    /usr/lib/jvm/java-7-openjdk-amd64/jre/lib/amd64/libnet.so
7f0fddb38000-7f0fddb39000 r--p 00016000 08:16 3544572                    /usr/lib/jvm/java-7-openjdk-amd64/jre/lib/amd64/libnet.so
7f0fddb39000-7f0fddb3a000 rw-p 00017000 08:16 3544572                    /usr/lib/jvm/java-7-openjdk-amd64/jre/lib/amd64/libnet.so
7f0fddb3a000-7f0fddb75000 r-xp 00000000 08:16 3544568                    /usr/lib/jvm/java-7-openjdk-amd64/jre/lib/amd64/libfontmanager.so
7f0fddb75000-7f0fddd74000 ---p 0003b000 08:16 3544568                    /usr/lib/jvm/java-7-openjdk-amd64/jre/lib/amd64/libfontmanager.so
7f0fddd74000-7f0fddd76000 r--p 0003a000 08:16 3544568                    /usr/lib/jvm/java-7-openjdk-amd64/jre/lib/amd64/libfontmanager.so
7f0fddd76000-7f0fddd77000 rw-p 0003c000 08:16 3544568                    /usr/lib/jvm/java-7-openjdk-amd64/jre/lib/amd64/libfontmanager.so
7f0fddd77000-7f0fddd7a000 ---p 00000000 00:00 0 
7f0fddd7a000-7f0fdde78000 rw-p 00000000 00:00 0 
7f0fdde78000-7f0fdde7b000 ---p 00000000 00:00 0 
7f0fdde7b000-7f0fddf79000 rw-p 00000000 00:00 0 
7f0fddf79000-7f0fddf7c000 ---p 00000000 00:00 0 
7f0fddf7c000-7f0fde07a000 rw-p 00000000 00:00 0 
7f0fde07a000-7f0fde07d000 ---p 00000000 00:00 0 
7f0fde07d000-7f0fde17b000 rw-p 00000000 00:00 0 
7f0fde17b000-7f0fde17e000 ---p 00000000 00:00 0 
7f0fde17e000-7f0fde27c000 rw-p 00000000 00:00 0 
7f0fde27c000-7f0fde27f000 ---p 00000000 00:00 0 
7f0fde27f000-7f0fde37d000 rw-p 00000000 00:00 0 
7f0fde37d000-7f0fde380000 r-xp 00000000 08:16 5246606                    /lib/x86_64-linux-gnu/libgpg-error.so.0.8.0
7f0fde380000-7f0fde57f000 ---p 00003000 08:16 5246606                    /lib/x86_64-linux-gnu/libgpg-error.so.0.8.0
7f0fde57f000-7f0fde580000 r--p 00002000 08:16 5246606                    /lib/x86_64-linux-gnu/libgpg-error.so.0.8.0
7f0fde580000-7f0fde581000 rw-p 00003000 08:16 5246606                    /lib/x86_64-linux-gnu/libgpg-error.so.0.8.0
7f0fde581000-7f0fde584000 r-xp 00000000 08:16 5246610                    /lib/x86_64-linux-gnu/libkeyutils.so.1.4
7f0fde584000-7f0fde783000 ---p 00003000 08:16 5246610                    /lib/x86_64-linux-gnu/libkeyutils.so.1.4
7f0fde783000-7f0fde784000 r--p 00002000 08:16 5246610                    /lib/x86_64-linux-gnu/libkeyutils.so.1.4
7f0fde784000-7f0fde785000 rw-p 00003000 08:16 5246610                    /lib/x86_64-linux-gnu/libkeyutils.so.1.4
7f0fde785000-7f0fde7c7000 r-xp 00000000 08:16 5246591                    /lib/x86_64-linux-gnu/libdbus-1.so.3.5.8
7f0fde7c7000-7f0fde9c7000 ---p 00042000 08:16 5246591                    /lib/x86_64-linux-gnu/libdbus-1.so.3.5.8
7f0fde9c7000-7f0fde9c8000 r--p 00042000 08:16 5246591                    /lib/x86_64-linux-gnu/libdbus-1.so.3.5.8
7f0fde9c8000-7f0fde9c9000 rw-p 00043000 08:16 5246591                    /lib/x86_64-linux-gnu/libdbus-1.so.3.5.8
7f0fde9c9000-7f0fde9da000 r-xp 00000000 08:16 1056424                    /usr/lib/x86_64-linux-gnu/libp11-kit.so.0.0.0
7f0fde9da000-7f0fdebd9000 ---p 00011000 08:16 1056424                    /usr/lib/x86_64-linux-gnu/libp11-kit.so.0.0.0
7f0fdebd9000-7f0fdebda000 r--p 00010000 08:16 1056424                    /usr/lib/x86_64-linux-gnu/libp11-kit.so.0.0.0
7f0fdebda000-7f0fdebdb000 rw-p 00011000 08:16 1056424                    /usr/lib/x86_64-linux-gnu/libp11-kit.so.0.0.0
7f0fdebdb000-7f0fdec55000 r-xp 00000000 08:16 5246882                    /lib/x86_64-linux-gnu/libgcrypt.so.11.7.0
7f0fdec55000-7f0fdee55000 ---p 0007a000 08:16 5246882                    /lib/x86_64-linux-gnu/libgcrypt.so.11.7.0
7f0fdee55000-7f0fdee56000 r--p 0007a000 08:16 5246882                    /lib/x86_64-linux-gnu/libgcrypt.so.11.7.0
7f0fdee56000-7f0fdee59000 rw-p 0007b000 08:16 5246882                    /lib/x86_64-linux-gnu/libgcrypt.so.11.7.0
7f0fdee59000-7f0fdee69000 r-xp 00000000 08:16 1061093                    /usr/lib/x86_64-linux-gnu/libtasn1.so.3.1.12
7f0fdee69000-7f0fdf068000 ---p 00010000 08:16 1061093                    /usr/lib/x86_64-linux-gnu/libtasn1.so.3.1.12
7f0fdf068000-7f0fdf069000 r--p 0000f000 08:16 1061093                    /usr/lib/x86_64-linux-gnu/libtasn1.so.3.1.12
7f0fdf069000-7f0fdf06a000 rw-p 00010000 08:16 1061093                    /usr/lib/x86_64-linux-gnu/libtasn1.so.3.1.12
7f0fdf06a000-7f0fdf071000 r-xp 00000000 08:16 1052728                    /usr/lib/x86_64-linux-gnu/libkrb5support.so.0.1
7f0fdf071000-7f0fdf270000 ---p 00007000 08:16 1052728                    /usr/lib/x86_64-linux-gnu/libkrb5support.so.0.1
7f0fdf270000-7f0fdf271000 r--p 00006000 08:16 1052728                    /usr/lib/x86_64-linux-gnu/libkrb5support.so.0.1
7f0fdf271000-7f0fdf272000 rw-p 00007000 08:16 1052728                    /usr/lib/x86_64-linux-gnu/libkrb5support.so.0.1
7f0fdf272000-7f0fdf275000 r-xp 00000000 08:16 5246586                    /lib/x86_64-linux-gnu/libcom_err.so.2.1
7f0fdf275000-7f0fdf474000 ---p 00003000 08:16 5246586                    /lib/x86_64-linux-gnu/libcom_err.so.2.1
7f0fdf474000-7f0fdf475000 r--p 00002000 08:16 5246586                    /lib/x86_64-linux-gnu/libcom_err.so.2.1
7f0fdf475000-7f0fdf476000 rw-p 00003000 08:16 5246586                    /lib/x86_64-linux-gnu/libcom_err.so.2.1
7f0fdf476000-7f0fdf49b000 r-xp 00000000 08:16 1052714                    /usr/lib/x86_64-linux-gnu/libk5crypto.so.3.1
7f0fdf49b000-7f0fdf69b000 ---p 00025000 08:16 1052714                    /usr/lib/x86_64-linux-gnu/libk5crypto.so.3.1
7f0fdf69b000-7f0fdf69c000 r--p 00025000 08:16 1052714                    /usr/lib/x86_64-linux-gnu/libk5crypto.so.3.1
7f0fdf69c000-7f0fdf69d000 rw-p 00026000 08:16 1052714                    /usr/lib/x86_64-linux-gnu/libk5crypto.so.3.1
7f0fdf69d000-7f0fdf69e000 rw-p 00000000 00:00 0 
7f0fdf69e000-7f0fdf762000 r-xp 00000000 08:16 1052724                    /usr/lib/x86_64-linux-gnu/libkrb5.so.3.3
7f0fdf762000-7f0fdf961000 ---p 000c4000 08:16 1052724                    /usr/lib/x86_64-linux-gnu/libkrb5.so.3.3
7f0fdf961000-7f0fdf96b000 r--p 000c3000 08:16 1052724                    /usr/lib/x86_64-linux-gnu/libkrb5.so.3.3
7f0fdf96b000-7f0fdf96c000 rw-p 000cd000 08:16 1052724                    /usr/lib/x86_64-linux-gnu/libkrb5.so.3.3
7f0fdf96c000-7f0fdf974000 r-xp 00000000 08:16 1056599                    /usr/lib/x86_64-linux-gnu/libxcb-render.so.0.0.0
7f0fdf974000-7f0fdfb74000 ---p 00008000 08:16 1056599                    /usr/lib/x86_64-linux-gnu/libxcb-render.so.0.0.0
7f0fdfb74000-7f0fdfb75000 r--p 00008000 08:16 1056599                    /usr/lib/x86_64-linux-gnu/libxcb-render.so.0.0.0
7f0fdfb75000-7f0fdfb76000 rw-p 00009000 08:16 1056599                    /usr/lib/x86_64-linux-gnu/libxcb-render.so.0.0.0
7f0fdfb76000-7f0fdfb78000 r-xp 00000000 08:16 1056603                    /usr/lib/x86_64-linux-gnu/libxcb-shm.so.0.0.0
7f0fdfb78000-7f0fdfd77000 ---p 00002000 08:16 1056603                    /usr/lib/x86_64-linux-gnu/libxcb-shm.so.0.0.0
7f0fdfd77000-7f0fdfd78000 r--p 00001000 08:16 1056603                    /usr/lib/x86_64-linux-gnu/libxcb-shm.so.0.0.0
7f0fdfd78000-7f0fdfd79000 rw-p 00002000 08:16 1056603                    /usr/lib/x86_64-linux-gnu/libxcb-shm.so.0.0.0
7f0fdfd79000-7f0fdfdfa000 r-xp 00000000 08:16 1056450                    /usr/lib/x86_64-linux-gnu/libpixman-1.so.0.24.4
7f0fdfdfa000-7f0fdfff9000 ---p 00081000 08:16 1056450                    /usr/lib/x86_64-linux-gnu/libpixman-1.so.0.24.4
7f0fdfff9000-7f0fdffff000 r--p 00080000 08:16 1056450                    /usr/lib/x86_64-linux-gnu/libpixman-1.so.0.24.4
7f0fdffff000-7f0fe0000000 rw-p 00086000 08:16 1056450                    /usr/lib/x86_64-linux-gnu/libpixman-1.so.0.24.4
7f0fe0000000-7f0fe00b4000 rw-p 00000000 00:00 0 
7f0fe00b4000-7f0fe4000000 ---p 00000000 00:00 0 
7f0fe4006000-7f0fe4007000 rw-p 00000000 00:00 0 
7f0fe4007000-7f0fe400e000 r--s 00000000 08:16 1314519                    /usr/lib/x86_64-linux-gnu/gconv/gconv-modules.cache
7f0fe400e000-7f0fe400f000 rw-s 19077000 00:05 9165                       /dev/ati/card0
7f0fe400f000-7f0fe4011000 rw-s 19074000 00:05 9165                       /dev/ati/card0
7f0fe4011000-7f0fe401a000 r--s 00000000 08:16 1843614                    /var/cache/fontconfig/945677eb7aeaf62f1d50efc3fb3ec7d8-le64.cache-3
7f0fe401a000-7f0fe401c000 r--s 00000000 08:16 1843615                    /var/cache/fontconfig/99e8ed0e538f840c565b6ed5dad60d56-le64.cache-3
7f0fe401c000-7f0fe404a000 r--s 00000000 08:16 1846701                    /var/cache/fontconfig/365b55f210c0a22e9a19e35191240f32-le64.cache-3
7f0fe404a000-7f0fe4070000 r-xp 00000000 08:16 5246656                    /lib/x86_64-linux-gnu/libpng12.so.0.46.0
7f0fe4070000-7f0fe4270000 ---p 00026000 08:16 5246656                    /lib/x86_64-linux-gnu/libpng12.so.0.46.0
7f0fe4270000-7f0fe4271000 r--p 00026000 08:16 5246656                    /lib/x86_64-linux-gnu/libpng12.so.0.46.0
7f0fe4271000-7f0fe4272000 rw-p 00027000 08:16 5246656                    /lib/x86_64-linux-gnu/libpng12.so.0.46.0
7f0fe4272000-7f0fe4277000 r-xp 00000000 08:16 1056019                    /usr/lib/x86_64-linux-gnu/libXdmcp.so.6.0.0
7f0fe4277000-7f0fe4476000 ---p 00005000 08:16 1056019                    /usr/lib/x86_64-linux-gnu/libXdmcp.so.6.0.0
7f0fe4476000-7f0fe4477000 r--p 00004000 08:16 1056019                    /usr/lib/x86_64-linux-gnu/libXdmcp.so.6.0.0
7f0fe4477000-7f0fe4478000 rw-p 00005000 08:16 1056019                    /usr/lib/x86_64-linux-gnu/libXdmcp.so.6.0.0
7f0fe4478000-7f0fe447a000 r-xp 00000000 08:16 1056008                    /usr/lib/x86_64-linux-gnu/libXau.so.6.0.0
7f0fe447a000-7f0fe4679000 ---p 00002000 08:16 1056008                    /usr/lib/x86_64-linux-gnu/libXau.so.6.0.0
7f0fe4679000-7f0fe467a000 r--p 00001000 08:16 1056008                    /usr/lib/x86_64-linux-gnu/libXau.so.6.0.0
7f0fe467a000-7f0fe467b000 rw-p 00002000 08:16 1056008                    /usr/lib/x86_64-linux-gnu/libXau.so.6.0.0
7f0fe467b000-7f0fe468b000 r-xp 00000000 08:16 1056075                    /usr/lib/x86_64-linux-gnu/libavahi-client.so.3.2.9
7f0fe468b000-7f0fe488a000 ---p 00010000 08:16 1056075                    /usr/lib/x86_64-linux-gnu/libavahi-client.so.3.2.9
7f0fe488a000-7f0fe488b000 r--p 0000f000 08:16 1056075                    /usr/lib/x86_64-linux-gnu/libavahi-client.so.3.2.9
7f0fe488b000-7f0fe488c000 rw-p 00010000 08:16 1056075                    /usr/lib/x86_64-linux-gnu/libavahi-client.so.3.2.9
7f0fe488c000-7f0fe4897000 r-xp 00000000 08:16 1056077                    /usr/lib/x86_64-linux-gnu/libavahi-common.so.3.5.3
7f0fe4897000-7f0fe4a96000 ---p 0000b000 08:16 1056077                    /usr/lib/x86_64-linux-gnu/libavahi-common.so.3.5.3
7f0fe4a96000-7f0fe4a97000 r--p 0000a000 08:16 1056077                    /usr/lib/x86_64-linux-gnu/libavahi-common.so.3.5.3
7f0fe4a97000-7f0fe4a98000 rw-p 0000b000 08:16 1056077                    /usr/lib/x86_64-linux-gnu/libavahi-common.so.3.5.3
7f0fe4a98000-7f0fe4b4c000 r-xp 00000000 08:16 1056248                    /usr/lib/x86_64-linux-gnu/libgnutls.so.26.21.8
7f0fe4b4c000-7f0fe4d4c000 ---p 000b4000 08:16 1056248                    /usr/lib/x86_64-linux-gnu/libgnutls.so.26.21.8
7f0fe4d4c000-7f0fe4d52000 r--p 000b4000 08:16 1056248                    /usr/lib/x86_64-linux-gnu/libgnutls.so.26.21.8
7f0fe4d52000-7f0fe4d53000 rw-p 000ba000 08:16 1056248                    /usr/lib/x86_64-linux-gnu/libgnutls.so.26.21.8
7f0fe4d53000-7f0fe4d54000 rw-p 00000000 00:00 0 
7f0fe4d54000-7f0fe4d8f000 r-xp 00000000 08:16 1052718                    /usr/lib/x86_64-linux-gnu/libgssapi_krb5.so.2.2
7f0fe4d8f000-7f0fe4f8f000 ---p 0003b000 08:16 1052718                    /usr/lib/x86_64-linux-gnu/libgssapi_krb5.so.2.2
7f0fe4f8f000-7f0fe4f90000 r--p 0003b000 08:16 1052718                    /usr/lib/x86_64-linux-gnu/libgssapi_krb5.so.2.2
7f0fe4f90000-7f0fe4f92000 rw-p 0003c000 08:16 1052718                    /usr/lib/x86_64-linux-gnu/libgssapi_krb5.so.2.2
7f0fe4f92000-7f0fe4fce000 r-xp 00000000 08:16 5246652                    /lib/x86_64-linux-gnu/libpcre.so.3.12.1
7f0fe4fce000-7f0fe51cd000 ---p 0003c000 08:16 5246652                    /lib/x86_64-linux-gnu/libpcre.so.3.12.1
7f0fe51cd000-7f0fe51ce000 r--p 0003b000 08:16 5246652                    /lib/x86_64-linux-gnu/libpcre.so.3.12.1
7f0fe51ce000-7f0fe51cf000 rw-p 0003c000 08:16 5246652                    /lib/x86_64-linux-gnu/libpcre.so.3.12.1
7f0fe51cf000-7f0fe51d6000 r-xp 00000000 08:16 1056193                    /usr/lib/x86_64-linux-gnu/libffi.so.6.0.0
7f0fe51d6000-7f0fe53d5000 ---p 00007000 08:16 1056193                    /usr/lib/x86_64-linux-gnu/libffi.so.6.0.0
7f0fe53d5000-7f0fe53d6000 r--p 00006000 08:16 1056193                    /usr/lib/x86_64-linux-gnu/libffi.so.6.0.0
7f0fe53d6000-7f0fe53d7000 rw-p 00007000 08:16 1056193                    /usr/lib/x86_64-linux-gnu/libffi.so.6.0.0
7f0fe53d7000-7f0fe53fe000 r-xp 00000000 08:16 5246597                    /lib/x86_64-linux-gnu/libexpat.so.1.5.2
7f0fe53fe000-7f0fe55fe000 ---p 00027000 08:16 5246597                    /lib/x86_64-linux-gnu/libexpat.so.1.5.2
7f0fe55fe000-7f0fe5600000 r--p 00027000 08:16 5246597                    /lib/x86_64-linux-gnu/libexpat.so.1.5.2
7f0fe5600000-7f0fe5601000 rw-p 00029000 08:16 5246597                    /lib/x86_64-linux-gnu/libexpat.so.1.5.2
7f0fe5601000-7f0fe5697000 r-xp 00000000 08:16 1056201                    /usr/lib/x86_64-linux-gnu/libfreetype.so.6.8.0
7f0fe5697000-7f0fe5896000 ---p 00096000 08:16 1056201                    /usr/lib/x86_64-linux-gnu/libfreetype.so.6.8.0
7f0fe5896000-7f0fe589c000 r--p 00095000 08:16 1056201                    /usr/lib/x86_64-linux-gnu/libfreetype.so.6.8.0
7f0fe589c000-7f0fe589d000 rw-p 0009b000 08:16 1056201                    /usr/lib/x86_64-linux-gnu/libfreetype.so.6.8.0
7f0fe589d000-7f0fe58b5000 r-xp 00000000 08:16 5246663                    /lib/x86_64-linux-gnu/libresolv-2.15.so
7f0fe58b5000-7f0fe5ab5000 ---p 00018000 08:16 5246663                    /lib/x86_64-linux-gnu/libresolv-2.15.so
7f0fe5ab5000-7f0fe5ab6000 r--p 00018000 08:16 5246663                    /lib/x86_64-linux-gnu/libresolv-2.15.so
7f0fe5ab6000-7f0fe5ab7000 rw-p 00019000 08:16 5246663                    /lib/x86_64-linux-gnu/libresolv-2.15.so
7f0fe5ab7000-7f0fe5ab9000 rw-p 00000000 00:00 0 
7f0fe5ab9000-7f0fe5ad6000 r-xp 00000000 08:16 5246667                    /lib/x86_64-linux-gnu/libselinux.so.1
7f0fe5ad6000-7f0fe5cd5000 ---p 0001d000 08:16 5246667                    /lib/x86_64-linux-gnu/libselinux.so.1
7f0fe5cd5000-7f0fe5cd6000 r--p 0001c000 08:16 5246667                    /lib/x86_64-linux-gnu/libselinux.so.1
7f0fe5cd6000-7f0fe5cd7000 rw-p 0001d000 08:16 5246667                    /lib/x86_64-linux-gnu/libselinux.so.1
7f0fe5cd7000-7f0fe5cd8000 rw-p 00000000 00:00 0 
7f0fe5cd8000-7f0fe5cdb000 r-xp 00000000 08:16 1056240                    /usr/lib/x86_64-linux-gnu/libgmodule-2.0.so.0.3200.1
7f0fe5cdb000-7f0fe5eda000 ---p 00003000 08:16 1056240                    /usr/lib/x86_64-linux-gnu/libgmodule-2.0.so.0.3200.1
7f0fe5eda000-7f0fe5edb000 r--p 00002000 08:16 1056240                    /usr/lib/x86_64-linux-gnu/libgmodule-2.0.so.0.3200.1
7f0fe5edb000-7f0fe5edc000 rw-p 00003000 08:16 1056240                    /usr/lib/x86_64-linux-gnu/libgmodule-2.0.so.0.3200.1
7f0fe5edc000-7f0fe5ede000 r-xp 00000000 08:16 1056017                    /usr/lib/x86_64-linux-gnu/libXdamage.so.1.1.0
7f0fe5ede000-7f0fe60dd000 ---p 00002000 08:16 1056017                    /usr/lib/x86_64-linux-gnu/libXdamage.so.1.1.0
7f0fe60dd000-7f0fe60de000 r--p 00001000 08:16 1056017                    /usr/lib/x86_64-linux-gnu/libXdamage.so.1.1.0
7f0fe60de000-7f0fe60df000 rw-p 00002000 08:16 1056017                    /usr/lib/x86_64-linux-gnu/libXdamage.so.1.1.0
7f0fe60df000-7f0fe60e1000 r-xp 00000000 08:16 1056013                    /usr/lib/x86_64-linux-gnu/libXcomposite.so.1.0.0
7f0fe60e1000-7f0fe62e0000 ---p 00002000 08:16 1056013                    /usr/lib/x86_64-linux-gnu/libXcomposite.so.1.0.0
7f0fe62e0000-7f0fe62e1000 r--p 00001000 08:16 1056013                    /usr/lib/x86_64-linux-gnu/libXcomposite.so.1.0.0
7f0fe62e1000-7f0fe62e2000 rw-p 00002000 08:16 1056013                    /usr/lib/x86_64-linux-gnu/libXcomposite.so.1.0.0
7f0fe62e2000-7f0fe62eb000 r-xp 00000000 08:16 1056015                    /usr/lib/x86_64-linux-gnu/libXcursor.so.1.0.2
7f0fe62eb000-7f0fe64ea000 ---p 00009000 08:16 1056015                    /usr/lib/x86_64-linux-gnu/libXcursor.so.1.0.2
7f0fe64ea000-7f0fe64eb000 r--p 00008000 08:16 1056015                    /usr/lib/x86_64-linux-gnu/libXcursor.so.1.0.2
7f0fe64eb000-7f0fe64ec000 rw-p 00009000 08:16 1056015                    /usr/lib/x86_64-linux-gnu/libXcursor.so.1.0.2
7f0fe64ec000-7f0fe64f4000 r-xp 00000000 08:16 1056039                    /usr/lib/x86_64-linux-gnu/libXrandr.so.2.2.0
7f0fe64f4000-7f0fe66f3000 ---p 00008000 08:16 1056039                    /usr/lib/x86_64-linux-gnu/libXrandr.so.2.2.0
7f0fe66f3000-7f0fe66f4000 r--p 00007000 08:16 1056039                    /usr/lib/x86_64-linux-gnu/libXrandr.so.2.2.0
7f0fe66f4000-7f0fe66f5000 rw-p 00008000 08:16 1056039                    /usr/lib/x86_64-linux-gnu/libXrandr.so.2.2.0
7f0fe66f5000-7f0fe66f7000 r-xp 00000000 08:16 1056029                    /usr/lib/x86_64-linux-gnu/libXinerama.so.1.0.0
7f0fe66f7000-7f0fe68f6000 ---p 00002000 08:16 1056029                    /usr/lib/x86_64-linux-gnu/libXinerama.so.1.0.0
7f0fe68f6000-7f0fe68f7000 r--p 00001000 08:16 1056029                    /usr/lib/x86_64-linux-gnu/libXinerama.so.1.0.0
7f0fe68f7000-7f0fe68f8000 rw-p 00002000 08:16 1056029                    /usr/lib/x86_64-linux-gnu/libXinerama.so.1.0.0
7f0fe68f8000-7f0fe6921000 r-xp 00000000 08:16 1056434                    /usr/lib/x86_64-linux-gnu/libpangoft2-1.0.so.0.3000.0
7f0fe6921000-7f0fe6b20000 ---p 00029000 08:16 1056434                    /usr/lib/x86_64-linux-gnu/libpangoft2-1.0.so.0.3000.0
7f0fe6b20000-7f0fe6b21000 r--p 00028000 08:16 1056434                    /usr/lib/x86_64-linux-gnu/libpangoft2-1.0.so.0.3000.0
7f0fe6b21000-7f0fe6b22000 rw-p 00029000 08:16 1056434                    /usr/lib/x86_64-linux-gnu/libpangoft2-1.0.so.0.3000.0
7f0fe6b22000-7f0fe6bdb000 r-xp 00000000 08:16 1055379                    /usr/lib/x86_64-linux-gnu/libcairo.so.2.11000.2
7f0fe6bdb000-7f0fe6dda000 ---p 000b9000 08:16 1055379                    /usr/lib/x86_64-linux-gnu/libcairo.so.2.11000.2
7f0fe6dda000-7f0fe6ddc000 r--p 000b8000 08:16 1055379                    /usr/lib/x86_64-linux-gnu/libcairo.so.2.11000.2
7f0fe6ddc000-7f0fe6ddd000 rw-p 000ba000 08:16 1055379                    /usr/lib/x86_64-linux-gnu/libcairo.so.2.11000.2
7f0fe6ddd000-7f0fe6de0000 rw-p 00000000 00:00 0 
7f0fe6de0000-7f0fe6dff000 r-xp 00000000 08:16 1056067                    /usr/lib/x86_64-linux-gnu/libatk-1.0.so.0.20409.1
7f0fe6dff000-7f0fe6fff000 ---p 0001f000 08:16 1056067                    /usr/lib/x86_64-linux-gnu/libatk-1.0.so.0.20409.1
7f0fe6fff000-7f0fe7001000 r--p 0001f000 08:16 1056067                    /usr/lib/x86_64-linux-gnu/libatk-1.0.so.0.20409.1
7f0fe7001000-7f0fe7002000 rw-p 00021000 08:16 1056067                    /usr/lib/x86_64-linux-gnu/libatk-1.0.so.0.20409.1
7f0fe7002000-7f0fe7007000 r-xp 00000000 08:16 1056023                    /usr/lib/x86_64-linux-gnu/libXfixes.so.3.1.0
7f0fe7007000-7f0fe7206000 ---p 00005000 08:16 1056023                    /usr/lib/x86_64-linux-gnu/libXfixes.so.3.1.0
7f0fe7206000-7f0fe7207000 r--p 00004000 08:16 1056023                    /usr/lib/x86_64-linux-gnu/libXfixes.so.3.1.0
7f0fe7207000-7f0fe7208000 rw-p 00005000 08:16 1056023                    /usr/lib/x86_64-linux-gnu/libXfixes.so.3.1.0
7f0fe7208000-7f0fe7213000 r-xp 00000000 08:16 1056432                    /usr/lib/x86_64-linux-gnu/libpangocairo-1.0.so.0.3000.0
7f0fe7213000-7f0fe7412000 ---p 0000b000 08:16 1056432                    /usr/lib/x86_64-linux-gnu/libpangocairo-1.0.so.0.3000.0
7f0fe7412000-7f0fe7413000 r--p 0000a000 08:16 1056432                    /usr/lib/x86_64-linux-gnu/libpangocairo-1.0.so.0.3000.0
7f0fe7413000-7f0fe7414000 rw-p 0000b000 08:16 1056432                    /usr/lib/x86_64-linux-gnu/libpangocairo-1.0.so.0.3000.0
7f0fe7414000-7f0fe7431000 r-xp 00000000 08:16 1056607                    /usr/lib/x86_64-linux-gnu/libxcb.so.1.1.0
7f0fe7431000-7f0fe7630000 ---p 0001d000 08:16 1056607                    /usr/lib/x86_64-linux-gnu/libxcb.so.1.1.0
7f0fe7630000-7f0fe7631000 r--p 0001c000 08:16 1056607                    /usr/lib/x86_64-linux-gnu/libxcb.so.1.1.0
7f0fe7631000-7f0fe7632000 rw-p 0001d000 08:16 1056607                    /usr/lib/x86_64-linux-gnu/libxcb.so.1.1.0
7f0fe7632000-7f0fe7682000 r-xp 00000000 08:16 1061164                    /usr/lib/x86_64-linux-gnu/libcups.so.2
7f0fe7682000-7f0fe7881000 ---p 00050000 08:16 1061164                    /usr/lib/x86_64-linux-gnu/libcups.so.2
7f0fe7881000-7f0fe7885000 r--p 0004f000 08:16 1061164                    /usr/lib/x86_64-linux-gnu/libcups.so.2
7f0fe7885000-7f0fe7886000 rw-p 00053000 08:16 1061164                    /usr/lib/x86_64-linux-gnu/libcups.so.2
7f0fe7886000-7f0fe7978000 r-xp 00000000 08:16 5246604                    /lib/x86_64-linux-gnu/libglib-2.0.so.0.3200.1
7f0fe7978000-7f0fe7b78000 ---p 000f2000 08:16 5246604                    /lib/x86_64-linux-gnu/libglib-2.0.so.0.3200.1
7f0fe7b78000-7f0fe7b79000 r--p 000f2000 08:16 5246604                    /lib/x86_64-linux-gnu/libglib-2.0.so.0.3200.1
7f0fe7b79000-7f0fe7b7a000 rw-p 000f3000 08:16 5246604                    /lib/x86_64-linux-gnu/libglib-2.0.so.0.3200.1
7f0fe7b7a000-7f0fe7b7b000 rw-p 00000000 00:00 0 
7f0fe7b7b000-7f0fe7bc8000 r-xp 00000000 08:16 1056254                    /usr/lib/x86_64-linux-gnu/libgobject-2.0.so.0.3200.1
7f0fe7bc8000-7f0fe7dc8000 ---p 0004d000 08:16 1056254                    /usr/lib/x86_64-linux-gnu/libgobject-2.0.so.0.3200.1
7f0fe7dc8000-7f0fe7dc9000 r--p 0004d000 08:16 1056254                    /usr/lib/x86_64-linux-gnu/libgobject-2.0.so.0.3200.1
7f0fe7dc9000-7f0fe7dca000 rw-p 0004e000 08:16 1056254                    /usr/lib/x86_64-linux-gnu/libgobject-2.0.so.0.3200.1
7f0fe7dca000-7f0fe7dfe000 r-xp 00000000 08:16 1056195                    /usr/lib/x86_64-linux-gnu/libfontconfig.so.1.4.4
7f0fe7dfe000-7f0fe7ffe000 ---p 00034000 08:16 1056195                    /usr/lib/x86_64-linux-gnu/libfontconfig.so.1.4.4
7f0fe7ffe000-7f0fe7fff000 r--p 00034000 08:16 1056195                    /usr/lib/x86_64-linux-gnu/libfontconfig.so.1.4.4
7f0fe7fff000-7f0fe8000000 rw-p 00035000 08:16 1056195                    /usr/lib/x86_64-linux-gnu/libfontconfig.so.1.4.4
7f0fe8000000-7f0fe84f8000 rw-p 00000000 00:00 0 
7f0fe84f8000-7f0fec000000 ---p 00000000 00:00 0 
7f0fec000000-7f0fec0ab000 rw-p 00000000 00:00 0 
7f0fec0ab000-7f0ff0000000 ---p 00000000 00:00 0 
7f0ff0000000-7f0ff0021000 rw-p 00000000 00:00 0 
7f0ff0021000-7f0ff4000000 ---p 00000000 00:00 0 
7f0ff4000000-7f0ff4479000 rw-p 00000000 00:00 0 
7f0ff4479000-7f0ff8000000 ---p 00000000 00:00 0 
7f0ff8000000-7f0ff8021000 rw-p 00000000 00:00 0 
7f0ff8021000-7f0ffc000000 ---p 00000000 00:00 0 
7f0ffc000000-7f0ffc021000 rw-p 00000000 00:00 0 
7f0ffc021000-7f1000000000 ---p 00000000 00:00 0 
7f1000000000-7f1000021000 rw-p 00000000 00:00 0 
7f1000021000-7f1004000000 ---p 00000000 00:00 0 
7f1004000000-7f1004021000 rw-p 00000000 00:00 0 
7f1004021000-7f1008000000 ---p 00000000 00:00 0 
7f1008000000-7f1008021000 rw-p 00000000 00:00 0 
7f1008021000-7f100c000000 ---p 00000000 00:00 0 
7f100c000000-7f100c008000 r--s 00000000 08:16 1846703                    /var/cache/fontconfig/a6d8cf8e4ec09cdbc8633c31745a07dd-le64.cache-3
7f100c008000-7f100c00c000 r--s 00000000 08:16 1843601                    /var/cache/fontconfig/2cd17615ca594fa2959ae173292e504c-le64.cache-3
7f100c00c000-7f100c00d000 r-xp 00000000 08:16 1056309                    /usr/lib/x86_64-linux-gnu/libgthread-2.0.so.0.3200.1
7f100c00d000-7f100c20c000 ---p 00001000 08:16 1056309                    /usr/lib/x86_64-linux-gnu/libgthread-2.0.so.0.3200.1
7f100c20c000-7f100c20d000 r--p 00000000 08:16 1056309                    /usr/lib/x86_64-linux-gnu/libgthread-2.0.so.0.3200.1
7f100c20d000-7f100c20e000 rw-p 00001000 08:16 1056309                    /usr/lib/x86_64-linux-gnu/libgthread-2.0.so.0.3200.1
7f100c20e000-7f100c254000 r-xp 00000000 08:16 1056430                    /usr/lib/x86_64-linux-gnu/libpango-1.0.so.0.3000.0
7f100c254000-7f100c454000 ---p 00046000 08:16 1056430                    /usr/lib/x86_64-linux-gnu/libpango-1.0.so.0.3000.0
7f100c454000-7f100c456000 r--p 00046000 08:16 1056430                    /usr/lib/x86_64-linux-gnu/libpango-1.0.so.0.3000.0
7f100c456000-7f100c457000 rw-p 00048000 08:16 1056430                    /usr/lib/x86_64-linux-gnu/libpango-1.0.so.0.3000.0
7f100c457000-7f100c475000 r-xp 00000000 08:16 1056220                    /usr/lib/x86_64-linux-gnu/libgdk_pixbuf-2.0.so.0.2600.1
7f100c475000-7f100c675000 ---p 0001e000 08:16 1056220                    /usr/lib/x86_64-linux-gnu/libgdk_pixbuf-2.0.so.0.2600.1
7f100c675000-7f100c676000 r--p 0001e000 08:16 1056220                    /usr/lib/x86_64-linux-gnu/libgdk_pixbuf-2.0.so.0.2600.1
7f100c676000-7f100c677000 rw-p 0001f000 08:16 1056220                    /usr/lib/x86_64-linux-gnu/libgdk_pixbuf-2.0.so.0.2600.1
7f100c677000-7f100c7bf000 r-xp 00000000 08:16 1056230                    /usr/lib/x86_64-linux-gnu/libgio-2.0.so.0.3200.1
7f100c7bf000-7f100c9be000 ---p 00148000 08:16 1056230                    /usr/lib/x86_64-linux-gnu/libgio-2.0.so.0.3200.1
7f100c9be000-7f100c9c2000 r--p 00147000 08:16 1056230                    /usr/lib/x86_64-linux-gnu/libgio-2.0.so.0.3200.1
7f100c9c2000-7f100c9c4000 rw-p 0014b000 08:16 1056230                    /usr/lib/x86_64-linux-gnu/libgio-2.0.so.0.3200.1
7f100c9c4000-7f100c9c6000 rw-p 00000000 00:00 0 
7f100c9c6000-7f100cdf3000 r-xp 00000000 08:16 1056313                    /usr/lib/x86_64-linux-gnu/libgtk-x11-2.0.so.0.2400.10
7f100cdf3000-7f100cff3000 ---p 0042d000 08:16 1056313                    /usr/lib/x86_64-linux-gnu/libgtk-x11-2.0.so.0.2400.10
7f100cff3000-7f100cffa000 r--p 0042d000 08:16 1056313                    /usr/lib/x86_64-linux-gnu/libgtk-x11-2.0.so.0.2400.10
7f100cffa000-7f100cffe000 rw-p 00434000 08:16 1056313                    /usr/lib/x86_64-linux-gnu/libgtk-x11-2.0.so.0.2400.10
7f100cffe000-7f100d000000 rw-p 00000000 00:00 0 
7f100d000000-7f100d270000 rwxp 00000000 00:00 0 
7f100d270000-7f1010335000 rw-p 00000000 00:00 0 
7f1010335000-7f1014000000 ---p 00000000 00:00 0 
7f1014000000-7f1014001000 r--s 00000000 08:16 1843619                    /var/cache/fontconfig/c05880de57d1f5e948fdfacc138775d9-le64.cache-3
7f1014001000-7f1014002000 r--s 00000000 08:16 1843626                    /var/cache/fontconfig/e7071f4a29fa870f4323321c154eba04-le64.cache-3
7f1014002000-7f1014008000 r--s 00000000 08:16 1843616                    /var/cache/fontconfig/a755afe4a08bf5b97852ceb7400b47bc-le64.cache-3
7f1014008000-7f1014011000 r--s 00000000 08:16 1847215                    /var/cache/fontconfig/6d41288fd70b0be22e8c3a91e032eec0-le64.cache-3
7f1014011000-7f1014021000 r--s 00000000 08:16 1843598                    /var/cache/fontconfig/04aabc0a78ac019cf9454389977116d2-le64.cache-3
7f1014021000-7f1014024000 r--s 00000000 08:16 1843604                    /var/cache/fontconfig/385c0604a188198f04d133e54aba7fe7-le64.cache-3
7f1014024000-7f1014029000 r--s 00000000 08:16 1843602                    /var/cache/fontconfig/3047814df9a2f067bd2d96a2b9c36e5a-le64.cache-3
7f1014029000-7f101402a000 r--s 00000000 08:16 1843607                    /var/cache/fontconfig/56cf4f4769d0f4abc89a4895d7bd3ae1-le64.cache-3
7f101402a000-7f101402b000 r--s 00000000 08:16 1843618                    /var/cache/fontconfig/b9d506c9ac06c20b433354fa67a72993-le64.cache-3
7f101402b000-7f1014030000 r--s 00000000 08:16 1843617                    /var/cache/fontconfig/b47c4e1ecd0709278f4910c18777a504-le64.cache-3
7f1014030000-7f1014038000 r--s 00000000 08:16 1846702                    /var/cache/fontconfig/52f7bdb7ce746bfd7eaa1985bd9cfa93-le64.cache-3
7f1014038000-7f1014048000 r--s 00000000 08:16 1843622                    /var/cache/fontconfig/d52a8644073d54c13679302ca1180695-le64.cache-3
7f1014048000-7f10140f5000 r-xp 00000000 08:16 1056218                    /usr/lib/x86_64-linux-gnu/libgdk-x11-2.0.so.0.2400.10
7f10140f5000-7f10142f4000 ---p 000ad000 08:16 1056218                    /usr/lib/x86_64-linux-gnu/libgdk-x11-2.0.so.0.2400.10
7f10142f4000-7f10142f8000 r--p 000ac000 08:16 1056218                    /usr/lib/x86_64-linux-gnu/libgdk-x11-2.0.so.0.2400.10
7f10142f8000-7f10142fa000 rw-p 000b0000 08:16 1056218                    /usr/lib/x86_64-linux-gnu/libgdk-x11-2.0.so.0.2400.10
7f10142fa000-7f1014308000 r-xp 00000000 08:16 1056027                    /usr/lib/x86_64-linux-gnu/libXi.so.6.1.0
7f1014308000-7f1014507000 ---p 0000e000 08:16 1056027                    /usr/lib/x86_64-linux-gnu/libXi.so.6.1.0
7f1014507000-7f1014508000 r--p 0000d000 08:16 1056027                    /usr/lib/x86_64-linux-gnu/libXi.so.6.1.0
7f1014508000-7f1014509000 rw-p 0000e000 08:16 1056027                    /usr/lib/x86_64-linux-gnu/libXi.so.6.1.0
7f1014509000-7f101450e000 r-xp 00000000 08:16 1056045                    /usr/lib/x86_64-linux-gnu/libXtst.so.6.1.0
7f101450e000-7f101470d000 ---p 00005000 08:16 1056045                    /usr/lib/x86_64-linux-gnu/libXtst.so.6.1.0
7f101470d000-7f101470e000 r--p 00004000 08:16 1056045                    /usr/lib/x86_64-linux-gnu/libXtst.so.6.1.0
7f101470e000-7f101470f000 rw-p 00005000 08:16 1056045                    /usr/lib/x86_64-linux-gnu/libXtst.so.6.1.0
7f101470f000-7f1014718000 r-xp 00000000 08:16 1056041                    /usr/lib/x86_64-linux-gnu/libXrender.so.1.3.0
7f1014718000-7f1014917000 ---p 00009000 08:16 1056041                    /usr/lib/x86_64-linux-gnu/libXrender.so.1.3.0
7f1014917000-7f1014918000 r--p 00008000 08:16 1056041                    /usr/lib/x86_64-linux-gnu/libXrender.so.1.3.0
7f1014918000-7f1014919000 rw-p 00009000 08:16 1056041                    /usr/lib/x86_64-linux-gnu/libXrender.so.1.3.0
7f1014919000-7f1014a48000 r-xp 00000000 08:16 1056006                    /usr/lib/x86_64-linux-gnu/libX11.so.6.3.0
7f1014a48000-7f1014c48000 ---p 0012f000 08:16 1056006                    /usr/lib/x86_64-linux-gnu/libX11.so.6.3.0
7f1014c48000-7f1014c49000 r--p 0012f000 08:16 1056006                    /usr/lib/x86_64-linux-gnu/libX11.so.6.3.0
7f1014c49000-7f1014c4d000 rw-p 00130000 08:16 1056006                    /usr/lib/x86_64-linux-gnu/libX11.so.6.3.0
7f1014c4d000-7f1014c5d000 r-xp 00000000 08:16 1056021                    /usr/lib/x86_64-linux-gnu/libXext.so.6.4.0
7f1014c5d000-7f1014e5c000 ---p 00010000 08:16 1056021                    /usr/lib/x86_64-linux-gnu/libXext.so.6.4.0
7f1014e5c000-7f1014e5d000 r--p 0000f000 08:16 1056021                    /usr/lib/x86_64-linux-gnu/libXext.so.6.4.0
7f1014e5d000-7f1014e5e000 rw-p 00010000 08:16 1056021                    /usr/lib/x86_64-linux-gnu/libXext.so.6.4.0
7f1014e5e000-7f1014e5f000 r--s 00000000 08:16 1843599                    /var/cache/fontconfig/0d8c3b2ac0904cb8a57a757ad11a4a08-le64.cache-3
7f1014e5f000-7f1014e60000 r--s 00000000 08:16 1846509                    /var/cache/fontconfig/5a76b20910bc01daa5b6abd117531ab8-le64.cache-3
7f1014e60000-7f1014e61000 r--s 00000000 08:16 1841789                    /var/cache/fontconfig/4794a0821666d79190d59a36cb4f44b5-le64.cache-3
7f1014e61000-7f1014e64000 r--s 00000000 08:16 1843613                    /var/cache/fontconfig/8801497958630a81b71ace7c5f9b32a8-le64.cache-3
7f1014e64000-7f1014e6a000 r--s 00000000 08:16 1846508                    /var/cache/fontconfig/3f7329c5293ffd510edef78f73874cfd-le64.cache-3
7f1014e6a000-7f1014e6d000 r--s 00000000 08:16 1842402                    /var/cache/fontconfig/e13b20fdb08344e0e664864cc2ede53d-le64.cache-3
7f1014e6d000-7f1014e71000 r--s 00000000 08:16 1846742                    /var/cache/fontconfig/7ef2298fde41cc6eeb7af42e48b7d293-le64.cache-3
7f1014e71000-7f1014e7a000 r--s 00263000 08:16 1050329                    /usr/lib/jvm/java-7-openjdk-common/jre/lib/resources.jar
7f1014e7a000-7f1014ed0000 r-xp 00000000 08:16 3544819                    /usr/lib/jvm/java-7-openjdk-amd64/jre/lib/amd64/xawt/libmawt.so
7f1014ed0000-7f10150cf000 ---p 00056000 08:16 3544819                    /usr/lib/jvm/java-7-openjdk-amd64/jre/lib/amd64/xawt/libmawt.so
7f10150cf000-7f10150d0000 r--p 00055000 08:16 3544819                    /usr/lib/jvm/java-7-openjdk-amd64/jre/lib/amd64/xawt/libmawt.so
7f10150d0000-7f10150d3000 rw-p 00056000 08:16 3544819                    /usr/lib/jvm/java-7-openjdk-amd64/jre/lib/amd64/xawt/libmawt.so
7f10150d3000-7f10150d4000 rw-p 00000000 00:00 0 
7f10150d4000-7f1015182000 r-xp 00000000 08:16 3544588                    /usr/lib/jvm/java-7-openjdk-amd64/jre/lib/amd64/libawt.so
7f1015182000-7f1015381000 ---p 000ae000 08:16 3544588                    /usr/lib/jvm/java-7-openjdk-amd64/jre/lib/amd64/libawt.so
7f1015381000-7f1015382000 r--p 000ad000 08:16 3544588                    /usr/lib/jvm/java-7-openjdk-amd64/jre/lib/amd64/libawt.so
7f1015382000-7f101538d000 rw-p 000ae000 08:16 3544588                    /usr/lib/jvm/java-7-openjdk-amd64/jre/lib/amd64/libawt.so
7f101538d000-7f10153b2000 rw-p 00000000 00:00 0 
7f10153b2000-7f10153b3000 r--s 00006000 08:16 3676784                    /home/relissa/jmonkeyplatform/jmonkeyplatform/libs/noise-0.0.1-SNAPSHOT.jar
7f10153b3000-7f10153b6000 r--s 0001a000 08:16 3677188                    /home/relissa/jmonkeyplatform/jmonkeyplatform/libs/xmlpull-xpp3.jar
7f10153b6000-7f10153b8000 r--s 0003c000 08:16 3677429                    /home/relissa/jmonkeyplatform/jmonkeyplatform/libs/vecmath.jar
7f10153b8000-7f10153b9000 r--s 0000b000 08:16 3677222                    /home/relissa/jmonkeyplatform/jmonkeyplatform/libs/stack-alloc.jar
7f10153b9000-7f10153bb000 r--s 0000d000 08:16 3676956                    /home/relissa/jmonkeyplatform/jmonkeyplatform/libs/nifty-style-black.jar
7f10153bb000-7f10153c1000 r--s 00030000 08:16 3676642                    /home/relissa/jmonkeyplatform/jmonkeyplatform/libs/nifty-default-controls.jar
7f10153c1000-7f10153cb000 r--s 0006a000 08:16 3677370                    /home/relissa/jmonkeyplatform/jmonkeyplatform/libs/nifty.jar
7f10153cb000-7f10153cd000 r--s 00012000 08:16 3677292                    /home/relissa/jmonkeyplatform/jmonkeyplatform/libs/eventbus.jar
7f10153cd000-7f10153da000 r--s 000d2000 08:16 3677369                    /home/relissa/jmonkeyplatform/jmonkeyplatform/libs/lwjgl.jar
7f10153da000-7f10153de000 r--s 00030000 08:16 3677346                    /home/relissa/jmonkeyplatform/jmonkeyplatform/libs/jinput.jar
7f10153de000-7f10153e8000 r--s 00079000 08:16 3677317                    /home/relissa/jmonkeyplatform/jmonkeyplatform/libs/jbullet.jar
7f10153e8000-7f10153e9000 r--s 001f3000 08:16 3676914                    /home/relissa/jmonkeyplatform/jmonkeyplatform/libs/jME3-lwjgl-natives.jar
7f10153e9000-7f10153ec000 r--s 00020000 08:16 3677185                    /home/relissa/jmonkeyplatform/jmonkeyplatform/libs/jME3-jbullet.jar
7f10153ec000-7f10153ed000 ---p 00000000 00:00 0 
7f10153ed000-7f10154ed000 rw-p 00000000 00:00 0 
7f10154ed000-7f10154f0000 ---p 00000000 00:00 0 
7f10154f0000-7f10155ee000 rw-p 00000000 00:00 0 
7f10155ee000-7f10155f1000 ---p 00000000 00:00 0 
7f10155f1000-7f10156ef000 rw-p 00000000 00:00 0 
7f10156ef000-7f10156f2000 ---p 00000000 00:00 0 
7f10156f2000-7f10157f0000 rw-p 00000000 00:00 0 
7f10157f0000-7f10157f3000 ---p 00000000 00:00 0 
7f10157f3000-7f10158f1000 rw-p 00000000 00:00 0 
7f10158f1000-7f1015fd4000 r--p 00000000 08:16 1055298                    /usr/lib/locale/locale-archive
7f1015fd4000-7f1015fd7000 ---p 00000000 00:00 0 
7f1015fd7000-7f10160d5000 rw-p 00000000 00:00 0 
7f10160d5000-7f10160d8000 ---p 00000000 00:00 0 
7f10160d8000-7f10161d6000 rw-p 00000000 00:00 0 
7f10161d6000-7f10161d7000 ---p 00000000 00:00 0 
7f10161d7000-7f1016646000 rw-p 00000000 00:00 0 
7f1016646000-7f10167f5000 r--s 03e91000 08:16 3544596                    /usr/lib/jvm/java-7-openjdk-amd64/jre/lib/rt.jar
7f10167f5000-7f101681d000 rw-p 00000000 00:00 0 
7f101681d000-7f101681e000 ---p 00000000 00:00 0 
7f101681e000-7f101691e000 rw-p 00000000 00:00 0 
7f101691e000-7f101691f000 ---p 00000000 00:00 0 
7f101691f000-7f1016a2a000 rw-p 00000000 00:00 0 
7f1016a2a000-7f1016a72000 rw-p 00000000 00:00 0 
7f1016a72000-7f1016a86000 rw-p 00000000 00:00 0 
7f1016a86000-7f1016ba7000 rw-p 00000000 00:00 0 
7f1016ba7000-7f1016bb2000 rw-p 00000000 00:00 0 
7f1016bb2000-7f1016bfa000 rw-p 00000000 00:00 0 
7f1016bfa000-7f1016c0e000 rw-p 00000000 00:00 0 
7f1016c0e000-7f1016d2e000 rw-p 00000000 00:00 0 
7f1016d2e000-7f1016d39000 rw-p 00000000 00:00 0 
7f1016d39000-7f1016dc9000 rw-p 00000000 00:00 0 
7f1016dc9000-7f1016dca000 rw-p 00000000 00:00 0 
7f1016dca000-7f1016dd2000 r-xp 00000000 08:16 3544581                    /usr/lib/jvm/java-7-openjdk-amd64/jre/lib/amd64/libzip.so
7f1016dd2000-7f1016fd1000 ---p 00008000 08:16 3544581                    /usr/lib/jvm/java-7-openjdk-amd64/jre/lib/amd64/libzip.so
7f1016fd1000-7f1016fd2000 r--p 00007000 08:16 3544581                    /usr/lib/jvm/java-7-openjdk-amd64/jre/lib/amd64/libzip.so
7f1016fd2000-7f1016fd3000 rw-p 00008000 08:16 3544581                    /usr/lib/jvm/java-7-openjdk-amd64/jre/lib/amd64/libzip.so
7f1016fd3000-7f1016fdf000 r-xp 00000000 08:16 5246630                    /lib/x86_64-linux-gnu/libnss_files-2.15.so
7f1016fdf000-7f10171de000 ---p 0000c000 08:16 5246630                    /lib/x86_64-linux-gnu/libnss_files-2.15.so
7f10171de000-7f10171df000 r--p 0000b000 08:16 5246630                    /lib/x86_64-linux-gnu/libnss_files-2.15.so
7f10171df000-7f10171e0000 rw-p 0000c000 08:16 5246630                    /lib/x86_64-linux-gnu/libnss_files-2.15.so
7f10171e0000-7f10171ea000 r-xp 00000000 08:16 5246634                    /lib/x86_64-linux-gnu/libnss_nis-2.15.so
7f10171ea000-7f10173ea000 ---p 0000a000 08:16 5246634                    /lib/x86_64-linux-gnu/libnss_nis-2.15.so
7f10173ea000-7f10173eb000 r--p 0000a000 08:16 5246634                    /lib/x86_64-linux-gnu/libnss_nis-2.15.so
7f10173eb000-7f10173ec000 rw-p 0000b000 08:16 5246634                    /lib/x86_64-linux-gnu/libnss_nis-2.15.so
7f10173ec000-7f1017403000 r-xp 00000000 08:16 5246624                    /lib/x86_64-linux-gnu/libnsl-2.15.so
7f1017403000-7f1017602000 ---p 00017000 08:16 5246624                    /lib/x86_64-linux-gnu/libnsl-2.15.so
7f1017602000-7f1017603000 r--p 00016000 08:16 5246624                    /lib/x86_64-linux-gnu/libnsl-2.15.so
7f1017603000-7f1017604000 rw-p 00017000 08:16 5246624                    /lib/x86_64-linux-gnu/libnsl-2.15.so
7f1017604000-7f1017606000 rw-p 00000000 00:00 0 
7f1017606000-7f101760e000 r-xp 00000000 08:16 5246626                    /lib/x86_64-linux-gnu/libnss_compat-2.15.so
7f101760e000-7f101780d000 ---p 00008000 08:16 5246626                    /lib/x86_64-linux-gnu/libnss_compat-2.15.so
7f101780d000-7f101780e000 r--p 00007000 08:16 5246626                    /lib/x86_64-linux-gnu/libnss_compat-2.15.so
7f101780e000-7f101780f000 rw-p 00008000 08:16 5246626                    /lib/x86_64-linux-gnu/libnss_compat-2.15.so
7f101780f000-7f1017836000 r-xp 00000000 08:16 3544563                    /usr/lib/jvm/java-7-openjdk-amd64/jre/lib/amd64/libjava.so
7f1017836000-7f1017a35000 ---p 00027000 08:16 3544563                    /usr/lib/jvm/java-7-openjdk-amd64/jre/lib/amd64/libjava.so
7f1017a35000-7f1017a36000 r--p 00026000 08:16 3544563                    /usr/lib/jvm/java-7-openjdk-amd64/jre/lib/amd64/libjava.so
7f1017a36000-7f1017a38000 rw-p 00027000 08:16 3544563                    /usr/lib/jvm/java-7-openjdk-amd64/jre/lib/amd64/libjava.so
7f1017a38000-7f1017a46000 r-xp 00000000 08:16 3544574                    /usr/lib/jvm/java-7-openjdk-amd64/jre/lib/amd64/libverify.so
7f1017a46000-7f1017c45000 ---p 0000e000 08:16 3544574                    /usr/lib/jvm/java-7-openjdk-amd64/jre/lib/amd64/libverify.so
7f1017c45000-7f1017c47000 r--p 0000d000 08:16 3544574                    /usr/lib/jvm/java-7-openjdk-amd64/jre/lib/amd64/libverify.so
7f1017c47000-7f1017c48000 rw-p 0000f000 08:16 3544574                    /usr/lib/jvm/java-7-openjdk-amd64/jre/lib/amd64/libverify.so
7f1017c48000-7f1017c4f000 r-xp 00000000 08:16 5246665                    /lib/x86_64-linux-gnu/librt-2.15.so
7f1017c4f000-7f1017e4e000 ---p 00007000 08:16 5246665                    /lib/x86_64-linux-gnu/librt-2.15.so
7f1017e4e000-7f1017e4f000 r--p 00006000 08:16 5246665                    /lib/x86_64-linux-gnu/librt-2.15.so
7f1017e4f000-7f1017e50000 rw-p 00007000 08:16 5246665                    /lib/x86_64-linux-gnu/librt-2.15.so
7f1017e50000-7f1017e65000 r-xp 00000000 08:16 5246600                    /lib/x86_64-linux-gnu/libgcc_s.so.1
7f1017e65000-7f1018064000 ---p 00015000 08:16 5246600                    /lib/x86_64-linux-gnu/libgcc_s.so.1
7f1018064000-7f1018065000 r--p 00014000 08:16 5246600                    /lib/x86_64-linux-gnu/libgcc_s.so.1
7f1018065000-7f1018066000 rw-p 00015000 08:16 5246600                    /lib/x86_64-linux-gnu/libgcc_s.so.1
7f1018066000-7f101815f000 r-xp 00000000 08:16 5246611                    /lib/x86_64-linux-gnu/libm-2.15.so
7f101815f000-7f101835e000 ---p 000f9000 08:16 5246611                    /lib/x86_64-linux-gnu/libm-2.15.so
7f101835e000-7f101835f000 r--p 000f8000 08:16 5246611                    /lib/x86_64-linux-gnu/libm-2.15.so
7f101835f000-7f1018360000 rw-p 000f9000 08:16 5246611                    /lib/x86_64-linux-gnu/libm-2.15.so
7f1018360000-7f1018442000 r-xp 00000000 08:16 1056535                    /usr/lib/x86_64-linux-gnu/libstdc++.so.6.0.16
7f1018442000-7f1018641000 ---p 000e2000 08:16 1056535                    /usr/lib/x86_64-linux-gnu/libstdc++.so.6.0.16
7f1018641000-7f1018649000 r--p 000e1000 08:16 1056535                    /usr/lib/x86_64-linux-gnu/libstdc++.so.6.0.16
7f1018649000-7f101864b000 rw-p 000e9000 08:16 1056535                    /usr/lib/x86_64-linux-gnu/libstdc++.so.6.0.16
7f101864b000-7f1018660000 rw-p 00000000 00:00 0 
7f1018660000-7f1018ff3000 r-xp 00000000 08:16 3544559                    /usr/lib/jvm/java-7-openjdk-amd64/jre/lib/amd64/server/libjvm.so
7f1018ff3000-7f10191f3000 ---p 00993000 08:16 3544559                    /usr/lib/jvm/java-7-openjdk-amd64/jre/lib/amd64/server/libjvm.so
7f10191f3000-7f101926d000 r--p 00993000 08:16 3544559                    /usr/lib/jvm/java-7-openjdk-amd64/jre/lib/amd64/server/libjvm.so
7f101926d000-7f101928f000 rw-p 00a0d000 08:16 3544559                    /usr/lib/jvm/java-7-openjdk-amd64/jre/lib/amd64/server/libjvm.so
7f101928f000-7f10192ba000 rw-p 00000000 00:00 0 
7f10192ba000-7f10192d2000 r-xp 00000000 08:16 5246659                    /lib/x86_64-linux-gnu/libpthread-2.15.so
7f10192d2000-7f10194d1000 ---p 00018000 08:16 5246659                    /lib/x86_64-linux-gnu/libpthread-2.15.so
7f10194d1000-7f10194d2000 r--p 00017000 08:16 5246659                    /lib/x86_64-linux-gnu/libpthread-2.15.so
7f10194d2000-7f10194d3000 rw-p 00018000 08:16 5246659                    /lib/x86_64-linux-gnu/libpthread-2.15.so
7f10194d3000-7f10194d7000 rw-p 00000000 00:00 0 
7f10194d7000-7f10194ed000 r-xp 00000000 08:16 5246690                    /lib/x86_64-linux-gnu/libz.so.1.2.3.4
7f10194ed000-7f10196ec000 ---p 00016000 08:16 5246690                    /lib/x86_64-linux-gnu/libz.so.1.2.3.4
7f10196ec000-7f10196ed000 r--p 00015000 08:16 5246690                    /lib/x86_64-linux-gnu/libz.so.1.2.3.4
7f10196ed000-7f10196ee000 rw-p 00016000 08:16 5246690                    /lib/x86_64-linux-gnu/libz.so.1.2.3.4
7f10196ee000-7f10196f0000 r-xp 00000000 08:16 5246592                    /lib/x86_64-linux-gnu/libdl-2.15.so
7f10196f0000-7f10198f0000 ---p 00002000 08:16 5246592                    /lib/x86_64-linux-gnu/libdl-2.15.so
7f10198f0000-7f10198f1000 r--p 00002000 08:16 5246592                    /lib/x86_64-linux-gnu/libdl-2.15.so
7f10198f1000-7f10198f2000 rw-p 00003000 08:16 5246592                    /lib/x86_64-linux-gnu/libdl-2.15.so
7f10198f2000-7f1019aa5000 r-xp 00000000 08:16 5246579                    /lib/x86_64-linux-gnu/libc-2.15.so
7f1019aa5000-7f1019ca4000 ---p 001b3000 08:16 5246579                    /lib/x86_64-linux-gnu/libc-2.15.so
7f1019ca4000-7f1019ca8000 r--p 001b2000 08:16 5246579                    /lib/x86_64-linux-gnu/libc-2.15.so
7f1019ca8000-7f1019caa000 rw-p 001b6000 08:16 5246579                    /lib/x86_64-linux-gnu/libc-2.15.so
7f1019caa000-7f1019caf000 rw-p 00000000 00:00 0 
7f1019caf000-7f1019cbb000 r-xp 00000000 08:16 3544565                    /usr/lib/jvm/java-7-openjdk-amd64/jre/lib/amd64/jli/libjli.so
7f1019cbb000-7f1019ebb000 ---p 0000c000 08:16 3544565                    /usr/lib/jvm/java-7-openjdk-amd64/jre/lib/amd64/jli/libjli.so
7f1019ebb000-7f1019ebc000 r--p 0000c000 08:16 3544565                    /usr/lib/jvm/java-7-openjdk-amd64/jre/lib/amd64/jli/libjli.so
7f1019ebc000-7f1019ebd000 rw-p 0000d000 08:16 3544565                    /usr/lib/jvm/java-7-openjdk-amd64/jre/lib/amd64/jli/libjli.so
7f1019ebd000-7f1019edf000 r-xp 00000000 08:16 5246559                    /lib/x86_64-linux-gnu/ld-2.15.so
7f1019edf000-7f1019ee0000 r--s 00009000 08:16 3677159                    /home/relissa/jmonkeyplatform/jmonkeyplatform/libs/j-ogg-vorbisd.jar
7f1019ee0000-7f1019efb000 r--s 00228000 08:16 3677111                    /home/relissa/jmonkeyplatform/jmonkeyplatform/libs/jMonkeyEngine3.jar
7f1019efb000-7f1019f05000 rw-p 00000000 00:00 0 
7f1019f05000-7f1019fbb000 rw-p 00000000 00:00 0 
7f1019fbb000-7f1019fbe000 ---p 00000000 00:00 0 
7f1019fbe000-7f101a0c1000 rw-p 00000000 00:00 0 
7f101a0c1000-7f101a0c3000 r--s 00005000 08:16 3677249                    /home/relissa/jmonkeyplatform/jmonkeyplatform/libs/j-ogg-oggd.jar
7f101a0c3000-7f101a0c6000 r--s 00032000 08:16 1050313                    /usr/lib/jvm/java-7-openjdk-common/jre/lib/ext/sunjce_provider.jar
7f101a0c6000-7f101a0c8000 r--s 00012000 08:16 1050314                    /usr/lib/jvm/java-7-openjdk-common/jre/lib/ext/zipfs.jar
7f101a0c8000-7f101a0c9000 r--s 00002000 08:16 1050311                    /usr/lib/jvm/java-7-openjdk-common/jre/lib/ext/dnsns.jar
7f101a0c9000-7f101a0cc000 r--s 00085000 08:16 1050312                    /usr/lib/jvm/java-7-openjdk-common/jre/lib/ext/localedata.jar
7f101a0cc000-7f101a0cf000 r--s 0000f000 08:16 1050315                    /usr/lib/jvm/java-7-openjdk-common/jre/lib/ext/pulse-java.jar
7f101a0cf000-7f101a0d0000 r--s 00007000 08:16 1453403                    /usr/share/java/java-atk-wrapper.jar
7f101a0d0000-7f101a0d3000 r--s 0003c000 08:16 1050310                    /usr/lib/jvm/java-7-openjdk-common/jre/lib/ext/sunpkcs11.jar
7f101a0d3000-7f101a0db000 rw-s 00000000 08:16 4063325                    /tmp/hsperfdata_relissa/8050 (deleted)
7f101a0db000-7f101a0dc000 rw-p 00000000 00:00 0 
7f101a0dc000-7f101a0dd000 ---p 00000000 00:00 0 
7f101a0dd000-7f101a0df000 rw-p 00000000 00:00 0 
7f101a0df000-7f101a0e0000 r--p 00022000 08:16 5246559                    /lib/x86_64-linux-gnu/ld-2.15.so
7f101a0e0000-7f101a0e2000 rw-p 00023000 08:16 5246559                    /lib/x86_64-linux-gnu/ld-2.15.so
7fffd1296000-7fffd12b7000 rw-p 00000000 00:00 0                          [stack]
7fffd1316000-7fffd1317000 r-xp 00000000 00:00 0                          [vdso]
ffffffffff600000-ffffffffff601000 r-xp 00000000 00:00 0                  [vsyscall]

VM Arguments:
jvm_args: -Dfile.encoding=UTF-8 
java_command: OCLP.Main
Launcher Type: SUN_STANDARD

Environment Variables:
PATH=/usr/lib/lightdm/lightdm:/usr/local/sbin:/usr/local/bin:/usr/sbin:/usr/bin:/sbin:/bin:/usr/games
SHELL=/bin/bash
DISPLAY=:0

Signal Handlers:
SIGSEGV: [libjvm.so+0x8065e0], sa_mask[0]=0x7ffbfeff, sa_flags=0x10000004
SIGBUS: [libjvm.so+0x8065e0], sa_mask[0]=0x7ffbfeff, sa_flags=0x10000004
SIGFPE: [libjvm.so+0x6ac6d0], sa_mask[0]=0x7ffbfeff, sa_flags=0x10000004
SIGPIPE: [libjvm.so+0x6ac6d0], sa_mask[0]=0x7ffbfeff, sa_flags=0x10000004
SIGXFSZ: [libjvm.so+0x6ac6d0], sa_mask[0]=0x7ffbfeff, sa_flags=0x10000004
SIGILL: [libjvm.so+0x6ac6d0], sa_mask[0]=0x7ffbfeff, sa_flags=0x10000004
SIGUSR1: SIG_DFL, sa_mask[0]=0x00000000, sa_flags=0x00000000
SIGUSR2: [libjvm.so+0x6acaa0], sa_mask[0]=0x00000004, sa_flags=0x10000004
SIGHUP: [libjvm.so+0x6acbe0], sa_mask[0]=0x7ffbfeff, sa_flags=0x10000004
SIGINT: SIG_IGN, sa_mask[0]=0x00000000, sa_flags=0x00000000
SIGTERM: [libjvm.so+0x6acbe0], sa_mask[0]=0x7ffbfeff, sa_flags=0x10000004
SIGQUIT: [libjvm.so+0x6acbe0], sa_mask[0]=0x7ffbfeff, sa_flags=0x10000004


---------------  S Y S T E M  ---------------

OS:Ubuntu 12.04 (precise)
uname:Linux 3.2.0-24-generic #39-Ubuntu SMP Mon May 21 16:52:17 UTC 2012 x86_64
libc:glibc 2.15 NPTL 2.15 
rlimit: STACK 8192k, CORE 0k, NPROC 28916, NOFILE 4096, AS infinity
load average:2.14 1.49 1.38

/proc/meminfo:
MemTotal:        3791568 kB
MemFree:          838472 kB
Buffers:          129724 kB
Cached:          1271716 kB
SwapCached:          448 kB
Active:          1654012 kB
Inactive:         956880 kB
Active(anon):     990376 kB
Inactive(anon):   231532 kB
Active(file):     663636 kB
Inactive(file):   725348 kB
Unevictable:           0 kB
Mlocked:               0 kB
SwapTotal:        999420 kB
SwapFree:         997980 kB
Dirty:               380 kB
Writeback:             0 kB
AnonPages:       1209100 kB
Mapped:           218700 kB
Shmem:             12456 kB
Slab:             144188 kB
SReclaimable:     118088 kB
SUnreclaim:        26100 kB
KernelStack:        3088 kB
PageTables:        31108 kB
NFS_Unstable:          0 kB
Bounce:                0 kB
WritebackTmp:          0 kB
CommitLimit:     2895204 kB
Committed_AS:    2742368 kB
VmallocTotal:   34359738367 kB
VmallocUsed:      300648 kB
VmallocChunk:   34359435432 kB
HardwareCorrupted:     0 kB
AnonHugePages:         0 kB
HugePages_Total:       0
HugePages_Free:        0
HugePages_Rsvd:        0
HugePages_Surp:        0
Hugepagesize:       2048 kB
DirectMap4k:     3659264 kB
DirectMap2M:      272384 kB
DirectMap1G:           0 kB


CPU:total 2 (2 cores per cpu, 1 threads per core) family 16 model 6 stepping 2, cmov, cx8, fxsr, mmx, sse, sse2, sse3, popcnt, mmxext, 3dnowpref, lzcnt, sse4a

/proc/cpuinfo:
processor	: 0
vendor_id	: AuthenticAMD
cpu family	: 16
model		: 6
model name	: AMD Athlon(tm) II X2 215 Processor
stepping	: 2
microcode	: 0x100009f
cpu MHz		: 2700.000
cache size	: 512 KB
physical id	: 0
siblings	: 2
core id		: 0
cpu cores	: 2
apicid		: 0
initial apicid	: 0
fpu		: yes
fpu_exception	: yes
cpuid level	: 5
wp		: yes
flags		: fpu vme de pse tsc msr pae mce cx8 apic sep mtrr pge mca cmov pat pse36 clflush mmx fxsr sse sse2 ht syscall nx mmxext fxsr_opt pdpe1gb rdtscp lm 3dnowext 3dnow constant_tsc rep_good nopl nonstop_tsc extd_apicid pni monitor cx16 popcnt lahf_lm cmp_legacy svm extapic cr8_legacy abm sse4a misalignsse 3dnowprefetch osvw ibs skinit wdt npt lbrv svm_lock nrip_save
bogomips	: 5400.31
TLB size	: 1024 4K pages
clflush size	: 64
cache_alignment	: 64
address sizes	: 48 bits physical, 48 bits virtual
power management: ts ttp tm stc 100mhzsteps hwpstate

processor	: 1
vendor_id	: AuthenticAMD
cpu family	: 16
model		: 6
model name	: AMD Athlon(tm) II X2 215 Processor
stepping	: 2
microcode	: 0x100009f
cpu MHz		: 2700.000
cache size	: 512 KB
physical id	: 0
siblings	: 2
core id		: 1
cpu cores	: 2
apicid		: 1
initial apicid	: 1
fpu		: yes
fpu_exception	: yes
cpuid level	: 5
wp		: yes
flags		: fpu vme de pse tsc msr pae mce cx8 apic sep mtrr pge mca cmov pat pse36 clflush mmx fxsr sse sse2 ht syscall nx mmxext fxsr_opt pdpe1gb rdtscp lm 3dnowext 3dnow constant_tsc rep_good nopl nonstop_tsc extd_apicid pni monitor cx16 popcnt lahf_lm cmp_legacy svm extapic cr8_legacy abm sse4a misalignsse 3dnowprefetch osvw ibs skinit wdt npt lbrv svm_lock nrip_save
bogomips	: 5386.51
TLB size	: 1024 4K pages
clflush size	: 64
cache_alignment	: 64
address sizes	: 48 bits physical, 48 bits virtual
power management: ts ttp tm stc 100mhzsteps hwpstate



Memory: 4k page, physical 3791568k(838472k free), swap 999420k(997980k free)

vm_info: OpenJDK 64-Bit Server VM (22.0-b10) for linux-amd64 JRE (1.7.0_03-b147), built on May  2 2012 16:57:58 by "buildd" with gcc 4.6.3

time: Sat Jun  9 12:32:06 2012
elapsed time: 12 seconds

