#
# A fatal error has been detected by the Java Runtime Environment:
#
#  SIGSEGV (0xb) at pc=0x00007f9d5ccffc58, pid=9201, tid=140314054092544
#
# JRE version: 7.0_03-b147
# Java VM: OpenJDK 64-Bit Server VM (22.0-b10 mixed mode linux-amd64 compressed oops)
# Derivative: IcedTea7 2.1.1pre
# Distribution: Ubuntu 12.04 LTS, package 7~u3-2.1.1~pre1-1ubuntu3
# Problematic frame:
# C  [libX11.so.6+0x33c58]  XQueryExtension+0x28
#
# Failed to write core dump. Core dumps have been disabled. To enable core dumping, try "ulimit -c unlimited" before starting Java again
#
# If you would like to submit a bug report, please include
# instructions on how to reproduce the bug and visit:
#   https://bugs.launchpad.net/ubuntu/+source/openjdk-7/
#

---------------  T H R E A D  ---------------

Current thread is native thread

siginfo:si_signo=SIGSEGV: si_errno=0, si_code=1 (SEGV_MAPERR), si_addr=0x000000002401a028

Registers:
RAX=0x0000000000bdcba0, RBX=0x00000000240196c0, RCX=0x00007fff9a4eabd8, RDX=0x00007fff9a4eabd4
RSP=0x00007fff9a4eab70, RBP=0x00007f9d2c224932, RSI=0x00007f9d2c224932, RDI=0x00000000240196c0
R8 =0x00007fff9a4eabdc, R9 =0x0000000000000000, R10=0x00007f9d6918cfa8, R11=0x00007f9d68e0eca0
R12=0x0000000000000000, R13=0x00007f9d2c224932, R14=0x0000000000bdcba0, R15=0x0000000000000000
RIP=0x00007f9d5ccffc58, EFLAGS=0x0000000000010202, CSGSFS=0x0000000000000033, ERR=0x0000000000000004
  TRAPNO=0x000000000000000e

Top of Stack: (sp=0x00007fff9a4eab70)
0x00007fff9a4eab70:   00007f9d68de1790 00007f9d695a1000
0x00007fff9a4eab80:   00007f9d6879d070 00007f9d695a0000
0x00007fff9a4eab90:   00000000ffffffff 00000000240196c0
0x00007fff9a4eaba0:   00007f9d2c224932 0000000000000000
0x00007fff9a4eabb0:   00007f9d2c224932 0000000000bdcba0
0x00007fff9a4eabc0:   0000000000000000 00007f9d5ccf3c55
0x00007fff9a4eabd0:   00007f9d695c1048 00007f9d2c35d520
0x00007fff9a4eabe0:   00007f9d2c35d520 00000000240196c0
0x00007fff9a4eabf0:   00007f9d24036f10 00007f9d6413b02b
0x00007fff9a4eac00:   00007f9d68de1790 0000001100000061
0x00007fff9a4eac10:   00007fff9a4eac90 0000000000000000
0x00007fff9a4eac20:   00007fff9a4eac90 00000000240196c0
0x00007fff9a4eac30:   0000000000000000 00007f9d695c1048
0x00007fff9a4eac40:   00007f9d2c376d50 00007f9d2c1cb119
0x00007fff9a4eac50:   0000000000000000 0000000000000061
0x00007fff9a4eac60:   00007fff9a4eac90 00007fff9a4eacb0
0x00007fff9a4eac70:   0000000000000000 00007f9d695c1048
0x00007fff9a4eac80:   00007f9d2401c360 00007f9d2c1c1b42
0x00007fff9a4eac90:   00007fff9a4eb030 00007f9d2c2248b1
0x00007fff9a4eaca0:   0000000000000061 00007f9d693ad92d
0x00007fff9a4eacb0:   00007f9d695c22c8 00007f9d695c2858
0x00007fff9a4eacc0:   00007f9d695bf6a8 00007f9d60006570
0x00007fff9a4eacd0:   00007f9d60007080 00007f9d60007580
0x00007fff9a4eace0:   00007f9d6000c260 00007f9d181a1d10
0x00007fff9a4eacf0:   00007f9d182012e0 00007f9d181c1d30
0x00007fff9a4ead00:   00007f9d2400b6e0 00007f9d2400a8e0
0x00007fff9a4ead10:   00007f9d601d3250 00007f9d601d80b0
0x00007fff9a4ead20:   00007f9d601df7c0 00007f9d601df290
0x00007fff9a4ead30:   00007f9d601ded70 00007f9d601e4140
0x00007fff9a4ead40:   00007f9d601e3c30 00007f9d601e5490
0x00007fff9a4ead50:   00007f9d601e3730 00007f9d601de840
0x00007fff9a4ead60:   00007f9d601e2260 00007f9d601e4e00 

Instructions: (pc=0x00007f9d5ccffc58)
0x00007f9d5ccffc38:   24 d8 48 89 fb 4c 89 64 24 e0 4c 89 6c 24 e8 48
0x00007f9d5ccffc48:   89 f5 4c 89 74 24 f0 4c 89 7c 24 f8 48 83 ec 58
0x00007f9d5ccffc58:   48 8b 87 68 09 00 00 49 89 d4 49 89 cd 4d 89 c6
0x00007f9d5ccffc68:   48 85 c0 74 02 ff 10 ba 08 00 00 00 be 62 00 00 

Register to memory mapping:

RAX=0x0000000000bdcba0 is an unknown value
RBX=0x00000000240196c0 is an unknown value
RCX=0x00007fff9a4eabd8 is an unknown value
RDX=0x00007fff9a4eabd4 is an unknown value
RSP=0x00007fff9a4eab70 is an unknown value
RBP=0x00007f9d2c224932: <offset 0x96932> in /usr/lib/fglrx/libGL.so.1 at 0x00007f9d2c18e000
RSI=0x00007f9d2c224932: <offset 0x96932> in /usr/lib/fglrx/libGL.so.1 at 0x00007f9d2c18e000
RDI=0x00000000240196c0 is an unknown value
R8 =0x00007fff9a4eabdc is an unknown value
R9 =0x0000000000000000 is an unknown value
R10=0x00007f9d6918cfa8: <offset 0x3b9fa8> in /lib/x86_64-linux-gnu/libc.so.6 at 0x00007f9d68dd3000
R11=0x00007f9d68e0eca0: __cxa_finalize+0 in /lib/x86_64-linux-gnu/libc.so.6 at 0x00007f9d68dd3000
R12=0x0000000000000000 is an unknown value
R13=0x00007f9d2c224932: <offset 0x96932> in /usr/lib/fglrx/libGL.so.1 at 0x00007f9d2c18e000
R14=0x0000000000bdcba0 is an unknown value
R15=0x0000000000000000 is an unknown value


Stack: [0x00007fff9a3ed000,0x00007fff9a4ed000],  sp=0x00007fff9a4eab70,  free space=1014k
Native frames: (J=compiled Java code, j=interpreted, Vv=VM code, C=native code)
C  [libX11.so.6+0x33c58]  XQueryExtension+0x28


---------------  P R O C E S S  ---------------

VM state:at safepoint (shutting down)

VM Mutex/Monitor currently owned by a thread:  ([mutex/lock_event])
[0x00007f9d60004940] Threads_lock - owner thread: 0x00007f9d6009b800

Heap
 PSYoungGen      total 17280K, used 3176K [0x00000000ecb60000, 0x00000000edea0000, 0x0000000100000000)
  eden space 14848K, 5% used [0x00000000ecb60000,0x00000000ecc1d820,0x00000000ed9e0000)
  from space 2432K, 99% used [0x00000000edc40000,0x00000000ede9ca00,0x00000000edea0000)
  to   space 2432K, 0% used [0x00000000ed9e0000,0x00000000ed9e0000,0x00000000edc40000)
 PSOldGen        total 39552K, used 3627K [0x00000000c6200000, 0x00000000c88a0000, 0x00000000ecb60000)
  object space 39552K, 9% used [0x00000000c6200000,0x00000000c658adf0,0x00000000c88a0000)
 PSPermGen       total 21248K, used 20796K [0x00000000bbc00000, 0x00000000bd0c0000, 0x00000000c6200000)
  object space 21248K, 97% used [0x00000000bbc00000,0x00000000bd04f050,0x00000000bd0c0000)

Code Cache  [0x00007f9d5d000000, 0x00007f9d5d270000, 0x00007f9d60000000)
 total_blobs=930 nmethods=304 adapters=579 free_code_cache=47945Kb largest_free_block=49064128

Dynamic libraries:
00400000-00401000 r-xp 00000000 08:16 3544606                            /usr/lib/jvm/java-7-openjdk-amd64/jre/bin/java
00600000-00601000 r--p 00000000 08:16 3544606                            /usr/lib/jvm/java-7-openjdk-amd64/jre/bin/java
00601000-00602000 rw-p 00001000 08:16 3544606                            /usr/lib/jvm/java-7-openjdk-amd64/jre/bin/java
00bda000-00bfb000 rw-p 00000000 00:00 0                                  [heap]
bbc00000-bd0c0000 rw-p 00000000 00:00 0 
bd0c0000-c6200000 rw-p 00000000 00:00 0 
c6200000-c88a0000 rw-p 00000000 00:00 0 
c88a0000-ecb60000 rw-p 00000000 00:00 0 
ecb60000-edea0000 rw-p 00000000 00:00 0 
edea0000-100000000 rw-p 00000000 00:00 0 
7f9d112cb000-7f9d112cc000 ---p 00000000 00:00 0 
7f9d112cc000-7f9d11acc000 rw-p 00000000 00:00 0 
7f9d124ce000-7f9d1250c000 r-xp 00000000 08:16 1056348                    /usr/lib/x86_64-linux-gnu/libjpeg.so.8.0.2
7f9d1250c000-7f9d1270b000 ---p 0003e000 08:16 1056348                    /usr/lib/x86_64-linux-gnu/libjpeg.so.8.0.2
7f9d1270b000-7f9d1270c000 r--p 0003d000 08:16 1056348                    /usr/lib/x86_64-linux-gnu/libjpeg.so.8.0.2
7f9d1270c000-7f9d1270d000 rw-p 0003e000 08:16 1056348                    /usr/lib/x86_64-linux-gnu/libjpeg.so.8.0.2
7f9d1270d000-7f9d1271d000 rw-p 00000000 00:00 0 
7f9d1271d000-7f9d12726000 r-xp 00000000 08:16 3544590                    /usr/lib/jvm/java-7-openjdk-amd64/jre/lib/amd64/libjavajpeg.so
7f9d12726000-7f9d12925000 ---p 00009000 08:16 3544590                    /usr/lib/jvm/java-7-openjdk-amd64/jre/lib/amd64/libjavajpeg.so
7f9d12925000-7f9d12926000 r--p 00008000 08:16 3544590                    /usr/lib/jvm/java-7-openjdk-amd64/jre/lib/amd64/libjavajpeg.so
7f9d12926000-7f9d12927000 rw-p 00009000 08:16 3544590                    /usr/lib/jvm/java-7-openjdk-amd64/jre/lib/amd64/libjavajpeg.so
7f9d12927000-7f9d12928000 ---p 00000000 00:00 0 
7f9d12928000-7f9d13128000 rw-p 00000000 00:00 0 
7f9d17129000-7f9d1712a000 ---p 00000000 00:00 0 
7f9d1712a000-7f9d1792a000 rw-p 00000000 00:00 0 
7f9d1792a000-7f9d17930000 r-xp 00000000 08:16 1056418                    /usr/lib/x86_64-linux-gnu/libogg.so.0.7.1
7f9d17930000-7f9d17b2f000 ---p 00006000 08:16 1056418                    /usr/lib/x86_64-linux-gnu/libogg.so.0.7.1
7f9d17b2f000-7f9d17b30000 r--p 00005000 08:16 1056418                    /usr/lib/x86_64-linux-gnu/libogg.so.0.7.1
7f9d17b30000-7f9d17b31000 rw-p 00006000 08:16 1056418                    /usr/lib/x86_64-linux-gnu/libogg.so.0.7.1
7f9d17b31000-7f9d17de4000 r-xp 00000000 08:16 1056578                    /usr/lib/x86_64-linux-gnu/libvorbisenc.so.2.0.8
7f9d17de4000-7f9d17fe3000 ---p 002b3000 08:16 1056578                    /usr/lib/x86_64-linux-gnu/libvorbisenc.so.2.0.8
7f9d17fe3000-7f9d17fff000 r--p 002b2000 08:16 1056578                    /usr/lib/x86_64-linux-gnu/libvorbisenc.so.2.0.8
7f9d17fff000-7f9d18000000 rw-p 002ce000 08:16 1056578                    /usr/lib/x86_64-linux-gnu/libvorbisenc.so.2.0.8
7f9d18000000-7f9d18403000 rw-p 00000000 00:00 0 
7f9d18403000-7f9d1c000000 ---p 00000000 00:00 0 
7f9d1c0eb000-7f9d1c116000 r-xp 00000000 08:16 1056576                    /usr/lib/x86_64-linux-gnu/libvorbis.so.0.4.5
7f9d1c116000-7f9d1c315000 ---p 0002b000 08:16 1056576                    /usr/lib/x86_64-linux-gnu/libvorbis.so.0.4.5
7f9d1c315000-7f9d1c316000 r--p 0002a000 08:16 1056576                    /usr/lib/x86_64-linux-gnu/libvorbis.so.0.4.5
7f9d1c316000-7f9d1c317000 rw-p 0002b000 08:16 1056576                    /usr/lib/x86_64-linux-gnu/libvorbis.so.0.4.5
7f9d1c317000-7f9d1c35f000 r-xp 00000000 08:16 1055951                    /usr/lib/x86_64-linux-gnu/libFLAC.so.8.2.0
7f9d1c35f000-7f9d1c55f000 ---p 00048000 08:16 1055951                    /usr/lib/x86_64-linux-gnu/libFLAC.so.8.2.0
7f9d1c55f000-7f9d1c560000 r--p 00048000 08:16 1055951                    /usr/lib/x86_64-linux-gnu/libFLAC.so.8.2.0
7f9d1c560000-7f9d1c561000 rw-p 00049000 08:16 1055951                    /usr/lib/x86_64-linux-gnu/libFLAC.so.8.2.0
7f9d1c561000-7f9d1c566000 r-xp 00000000 08:16 1056065                    /usr/lib/x86_64-linux-gnu/libasyncns.so.0.3.1
7f9d1c566000-7f9d1c765000 ---p 00005000 08:16 1056065                    /usr/lib/x86_64-linux-gnu/libasyncns.so.0.3.1
7f9d1c765000-7f9d1c766000 r--p 00004000 08:16 1056065                    /usr/lib/x86_64-linux-gnu/libasyncns.so.0.3.1
7f9d1c766000-7f9d1c767000 rw-p 00005000 08:16 1056065                    /usr/lib/x86_64-linux-gnu/libasyncns.so.0.3.1
7f9d1c767000-7f9d1c7c7000 r-xp 00000000 08:16 1056513                    /usr/lib/x86_64-linux-gnu/libsndfile.so.1.0.25
7f9d1c7c7000-7f9d1c9c7000 ---p 00060000 08:16 1056513                    /usr/lib/x86_64-linux-gnu/libsndfile.so.1.0.25
7f9d1c9c7000-7f9d1c9c9000 r--p 00060000 08:16 1056513                    /usr/lib/x86_64-linux-gnu/libsndfile.so.1.0.25
7f9d1c9c9000-7f9d1c9ca000 rw-p 00062000 08:16 1056513                    /usr/lib/x86_64-linux-gnu/libsndfile.so.1.0.25
7f9d1c9ca000-7f9d1c9ce000 rw-p 00000000 00:00 0 
7f9d1c9ce000-7f9d1c9d6000 r-xp 00000000 08:16 5246688                    /lib/x86_64-linux-gnu/libwrap.so.0.7.6
7f9d1c9d6000-7f9d1cbd5000 ---p 00008000 08:16 5246688                    /lib/x86_64-linux-gnu/libwrap.so.0.7.6
7f9d1cbd5000-7f9d1cbd6000 r--p 00007000 08:16 5246688                    /lib/x86_64-linux-gnu/libwrap.so.0.7.6
7f9d1cbd6000-7f9d1cbd7000 rw-p 00008000 08:16 5246688                    /lib/x86_64-linux-gnu/libwrap.so.0.7.6
7f9d1cbd7000-7f9d1cc33000 r-xp 00000000 08:16 1055773                    /usr/lib/x86_64-linux-gnu/libpulsecommon-1.1.so
7f9d1cc33000-7f9d1ce33000 ---p 0005c000 08:16 1055773                    /usr/lib/x86_64-linux-gnu/libpulsecommon-1.1.so
7f9d1ce33000-7f9d1ce34000 r--p 0005c000 08:16 1055773                    /usr/lib/x86_64-linux-gnu/libpulsecommon-1.1.so
7f9d1ce34000-7f9d1ce35000 rw-p 0005d000 08:16 1055773                    /usr/lib/x86_64-linux-gnu/libpulsecommon-1.1.so
7f9d1ce35000-7f9d1ce3c000 r-xp 00000000 08:16 1056352                    /usr/lib/x86_64-linux-gnu/libjson.so.0.0.1
7f9d1ce3c000-7f9d1d03b000 ---p 00007000 08:16 1056352                    /usr/lib/x86_64-linux-gnu/libjson.so.0.0.1
7f9d1d03b000-7f9d1d03c000 r--p 00006000 08:16 1056352                    /usr/lib/x86_64-linux-gnu/libjson.so.0.0.1
7f9d1d03c000-7f9d1d03d000 rw-p 00007000 08:16 1056352                    /usr/lib/x86_64-linux-gnu/libjson.so.0.0.1
7f9d1d03d000-7f9d1d083000 r-xp 00000000 08:16 1055774                    /usr/lib/x86_64-linux-gnu/libpulse.so.0.13.5
7f9d1d083000-7f9d1d283000 ---p 00046000 08:16 1055774                    /usr/lib/x86_64-linux-gnu/libpulse.so.0.13.5
7f9d1d283000-7f9d1d284000 r--p 00046000 08:16 1055774                    /usr/lib/x86_64-linux-gnu/libpulse.so.0.13.5
7f9d1d284000-7f9d1d285000 rw-p 00047000 08:16 1055774                    /usr/lib/x86_64-linux-gnu/libpulse.so.0.13.5
7f9d1d4dd000-7f9d1dbdd000 rw-s 19078000 00:05 9165                       /dev/ati/card0
7f9d1dbdd000-7f9d1dc18000 r-xp 00000000 08:16 1054638                    /usr/lib/fglrx/libatiadlxx.so
7f9d1dc18000-7f9d1dd18000 ---p 0003b000 08:16 1054638                    /usr/lib/fglrx/libatiadlxx.so
7f9d1dd18000-7f9d1dd21000 rw-p 0003b000 08:16 1054638                    /usr/lib/fglrx/libatiadlxx.so
7f9d1dd21000-7f9d1dd32000 rw-p 00000000 00:00 0 
7f9d1dd32000-7f9d1fc8c000 r-xp 00000000 08:16 1054642                    /usr/lib/fglrx/dri/fglrx_dri.so
7f9d1fc8c000-7f9d1fd8c000 ---p 01f5a000 08:16 1054642                    /usr/lib/fglrx/dri/fglrx_dri.so
7f9d1fd8c000-7f9d1feda000 rwxp 01f5a000 08:16 1054642                    /usr/lib/fglrx/dri/fglrx_dri.so
7f9d1feda000-7f9d20000000 rwxp 00000000 00:00 0 
7f9d20000000-7f9d20021000 rw-p 00000000 00:00 0 
7f9d20021000-7f9d24000000 ---p 00000000 00:00 0 
7f9d24000000-7f9d24fa3000 rw-p 00000000 00:00 0 
7f9d24fa3000-7f9d28000000 ---p 00000000 00:00 0 
7f9d28000000-7f9d28021000 rw-p 00000000 00:00 0 
7f9d28021000-7f9d2c000000 ---p 00000000 00:00 0 
7f9d2c085000-7f9d2c08c000 r-xp 00000000 08:16 1054658                    /usr/lib/fglrx/libatiuki.so.1.0
7f9d2c08c000-7f9d2c18c000 ---p 00007000 08:16 1054658                    /usr/lib/fglrx/libatiuki.so.1.0
7f9d2c18c000-7f9d2c18d000 rw-p 00007000 08:16 1054658                    /usr/lib/fglrx/libatiuki.so.1.0
7f9d2c18d000-7f9d2c18e000 rw-p 00000000 00:00 0 
7f9d2c18e000-7f9d2c251000 r-xp 00000000 08:16 1054665                    /usr/lib/fglrx/libGL.so.1.2
7f9d2c251000-7f9d2c350000 ---p 000c3000 08:16 1054665                    /usr/lib/fglrx/libGL.so.1.2
7f9d2c350000-7f9d2c377000 rwxp 000c2000 08:16 1054665                    /usr/lib/fglrx/libGL.so.1.2
7f9d2c377000-7f9d2c397000 rwxp 00000000 00:00 0 
7f9d2c397000-7f9d2c39b000 r-xp 00000000 08:16 1056049                    /usr/lib/x86_64-linux-gnu/libXxf86vm.so.1.0.0
7f9d2c39b000-7f9d2c59a000 ---p 00004000 08:16 1056049                    /usr/lib/x86_64-linux-gnu/libXxf86vm.so.1.0.0
7f9d2c59a000-7f9d2c59b000 r--p 00003000 08:16 1056049                    /usr/lib/x86_64-linux-gnu/libXxf86vm.so.1.0.0
7f9d2c59b000-7f9d2c59c000 rw-p 00004000 08:16 1056049                    /usr/lib/x86_64-linux-gnu/libXxf86vm.so.1.0.0
7f9d2c59c000-7f9d2c602000 r-xp 00000000 08:16 3673310                    /home/relissa/.jme3/natives_9a0c8f4d/liblwjgl64.so
7f9d2c602000-7f9d2c802000 ---p 00066000 08:16 3673310                    /home/relissa/.jme3/natives_9a0c8f4d/liblwjgl64.so
7f9d2c802000-7f9d2c804000 r--p 00066000 08:16 3673310                    /home/relissa/.jme3/natives_9a0c8f4d/liblwjgl64.so
7f9d2c804000-7f9d2c805000 rw-p 00068000 08:16 3673310                    /home/relissa/.jme3/natives_9a0c8f4d/liblwjgl64.so
7f9d2c805000-7f9d2c806000 r-xp 00000000 08:16 3544578                    /usr/lib/jvm/java-7-openjdk-amd64/jre/lib/amd64/libjawt.so
7f9d2c806000-7f9d2ca05000 ---p 00001000 08:16 3544578                    /usr/lib/jvm/java-7-openjdk-amd64/jre/lib/amd64/libjawt.so
7f9d2ca05000-7f9d2ca06000 r--p 00000000 08:16 3544578                    /usr/lib/jvm/java-7-openjdk-amd64/jre/lib/amd64/libjawt.so
7f9d2ca06000-7f9d2ca07000 rw-p 00001000 08:16 3544578                    /usr/lib/jvm/java-7-openjdk-amd64/jre/lib/amd64/libjawt.so
7f9d2ca07000-7f9d2ca0a000 ---p 00000000 00:00 0 
7f9d2ca0a000-7f9d2cb08000 rw-p 00000000 00:00 0 
7f9d2cb08000-7f9d2cb18000 r-xp 00000000 08:16 3544571                    /usr/lib/jvm/java-7-openjdk-amd64/jre/lib/amd64/libnio.so
7f9d2cb18000-7f9d2cd17000 ---p 00010000 08:16 3544571                    /usr/lib/jvm/java-7-openjdk-amd64/jre/lib/amd64/libnio.so
7f9d2cd17000-7f9d2cd18000 r--p 0000f000 08:16 3544571                    /usr/lib/jvm/java-7-openjdk-amd64/jre/lib/amd64/libnio.so
7f9d2cd18000-7f9d2cd19000 rw-p 00010000 08:16 3544571                    /usr/lib/jvm/java-7-openjdk-amd64/jre/lib/amd64/libnio.so
7f9d2cd19000-7f9d2cd2f000 r-xp 00000000 08:16 3544572                    /usr/lib/jvm/java-7-openjdk-amd64/jre/lib/amd64/libnet.so
7f9d2cd2f000-7f9d2cf2f000 ---p 00016000 08:16 3544572                    /usr/lib/jvm/java-7-openjdk-amd64/jre/lib/amd64/libnet.so
7f9d2cf2f000-7f9d2cf30000 r--p 00016000 08:16 3544572                    /usr/lib/jvm/java-7-openjdk-amd64/jre/lib/amd64/libnet.so
7f9d2cf30000-7f9d2cf31000 rw-p 00017000 08:16 3544572                    /usr/lib/jvm/java-7-openjdk-amd64/jre/lib/amd64/libnet.so
7f9d2cf31000-7f9d2cf6c000 r-xp 00000000 08:16 3544568                    /usr/lib/jvm/java-7-openjdk-amd64/jre/lib/amd64/libfontmanager.so
7f9d2cf6c000-7f9d2d16b000 ---p 0003b000 08:16 3544568                    /usr/lib/jvm/java-7-openjdk-amd64/jre/lib/amd64/libfontmanager.so
7f9d2d16b000-7f9d2d16d000 r--p 0003a000 08:16 3544568                    /usr/lib/jvm/java-7-openjdk-amd64/jre/lib/amd64/libfontmanager.so
7f9d2d16d000-7f9d2d16e000 rw-p 0003c000 08:16 3544568                    /usr/lib/jvm/java-7-openjdk-amd64/jre/lib/amd64/libfontmanager.so
7f9d2d16e000-7f9d2d171000 ---p 00000000 00:00 0 
7f9d2d171000-7f9d2d26f000 rw-p 00000000 00:00 0 
7f9d2d26f000-7f9d2d272000 ---p 00000000 00:00 0 
7f9d2d272000-7f9d2d370000 rw-p 00000000 00:00 0 
7f9d2d370000-7f9d2d373000 ---p 00000000 00:00 0 
7f9d2d373000-7f9d2d471000 rw-p 00000000 00:00 0 
7f9d2d471000-7f9d2d474000 ---p 00000000 00:00 0 
7f9d2d474000-7f9d2d572000 rw-p 00000000 00:00 0 
7f9d2d572000-7f9d2d575000 ---p 00000000 00:00 0 
7f9d2d575000-7f9d2d673000 rw-p 00000000 00:00 0 
7f9d2d673000-7f9d2d676000 r-xp 00000000 08:16 5246606                    /lib/x86_64-linux-gnu/libgpg-error.so.0.8.0
7f9d2d676000-7f9d2d875000 ---p 00003000 08:16 5246606                    /lib/x86_64-linux-gnu/libgpg-error.so.0.8.0
7f9d2d875000-7f9d2d876000 r--p 00002000 08:16 5246606                    /lib/x86_64-linux-gnu/libgpg-error.so.0.8.0
7f9d2d876000-7f9d2d877000 rw-p 00003000 08:16 5246606                    /lib/x86_64-linux-gnu/libgpg-error.so.0.8.0
7f9d2d877000-7f9d2d87a000 r-xp 00000000 08:16 5246610                    /lib/x86_64-linux-gnu/libkeyutils.so.1.4
7f9d2d87a000-7f9d2da79000 ---p 00003000 08:16 5246610                    /lib/x86_64-linux-gnu/libkeyutils.so.1.4
7f9d2da79000-7f9d2da7a000 r--p 00002000 08:16 5246610                    /lib/x86_64-linux-gnu/libkeyutils.so.1.4
7f9d2da7a000-7f9d2da7b000 rw-p 00003000 08:16 5246610                    /lib/x86_64-linux-gnu/libkeyutils.so.1.4
7f9d2da7b000-7f9d2dabd000 r-xp 00000000 08:16 5246591                    /lib/x86_64-linux-gnu/libdbus-1.so.3.5.8
7f9d2dabd000-7f9d2dcbd000 ---p 00042000 08:16 5246591                    /lib/x86_64-linux-gnu/libdbus-1.so.3.5.8
7f9d2dcbd000-7f9d2dcbe000 r--p 00042000 08:16 5246591                    /lib/x86_64-linux-gnu/libdbus-1.so.3.5.8
7f9d2dcbe000-7f9d2dcbf000 rw-p 00043000 08:16 5246591                    /lib/x86_64-linux-gnu/libdbus-1.so.3.5.8
7f9d2dcbf000-7f9d2dcd0000 r-xp 00000000 08:16 1056424                    /usr/lib/x86_64-linux-gnu/libp11-kit.so.0.0.0
7f9d2dcd0000-7f9d2decf000 ---p 00011000 08:16 1056424                    /usr/lib/x86_64-linux-gnu/libp11-kit.so.0.0.0
7f9d2decf000-7f9d2ded0000 r--p 00010000 08:16 1056424                    /usr/lib/x86_64-linux-gnu/libp11-kit.so.0.0.0
7f9d2ded0000-7f9d2ded1000 rw-p 00011000 08:16 1056424                    /usr/lib/x86_64-linux-gnu/libp11-kit.so.0.0.0
7f9d2ded1000-7f9d2df4b000 r-xp 00000000 08:16 5246882                    /lib/x86_64-linux-gnu/libgcrypt.so.11.7.0
7f9d2df4b000-7f9d2e14b000 ---p 0007a000 08:16 5246882                    /lib/x86_64-linux-gnu/libgcrypt.so.11.7.0
7f9d2e14b000-7f9d2e14c000 r--p 0007a000 08:16 5246882                    /lib/x86_64-linux-gnu/libgcrypt.so.11.7.0
7f9d2e14c000-7f9d2e14f000 rw-p 0007b000 08:16 5246882                    /lib/x86_64-linux-gnu/libgcrypt.so.11.7.0
7f9d2e14f000-7f9d2e15f000 r-xp 00000000 08:16 1061093                    /usr/lib/x86_64-linux-gnu/libtasn1.so.3.1.12
7f9d2e15f000-7f9d2e35e000 ---p 00010000 08:16 1061093                    /usr/lib/x86_64-linux-gnu/libtasn1.so.3.1.12
7f9d2e35e000-7f9d2e35f000 r--p 0000f000 08:16 1061093                    /usr/lib/x86_64-linux-gnu/libtasn1.so.3.1.12
7f9d2e35f000-7f9d2e360000 rw-p 00010000 08:16 1061093                    /usr/lib/x86_64-linux-gnu/libtasn1.so.3.1.12
7f9d2e360000-7f9d2e367000 r-xp 00000000 08:16 1052728                    /usr/lib/x86_64-linux-gnu/libkrb5support.so.0.1
7f9d2e367000-7f9d2e566000 ---p 00007000 08:16 1052728                    /usr/lib/x86_64-linux-gnu/libkrb5support.so.0.1
7f9d2e566000-7f9d2e567000 r--p 00006000 08:16 1052728                    /usr/lib/x86_64-linux-gnu/libkrb5support.so.0.1
7f9d2e567000-7f9d2e568000 rw-p 00007000 08:16 1052728                    /usr/lib/x86_64-linux-gnu/libkrb5support.so.0.1
7f9d2e568000-7f9d2e56b000 r-xp 00000000 08:16 5246586                    /lib/x86_64-linux-gnu/libcom_err.so.2.1
7f9d2e56b000-7f9d2e76a000 ---p 00003000 08:16 5246586                    /lib/x86_64-linux-gnu/libcom_err.so.2.1
7f9d2e76a000-7f9d2e76b000 r--p 00002000 08:16 5246586                    /lib/x86_64-linux-gnu/libcom_err.so.2.1
7f9d2e76b000-7f9d2e76c000 rw-p 00003000 08:16 5246586                    /lib/x86_64-linux-gnu/libcom_err.so.2.1
7f9d2e76c000-7f9d2e791000 r-xp 00000000 08:16 1052714                    /usr/lib/x86_64-linux-gnu/libk5crypto.so.3.1
7f9d2e791000-7f9d2e991000 ---p 00025000 08:16 1052714                    /usr/lib/x86_64-linux-gnu/libk5crypto.so.3.1
7f9d2e991000-7f9d2e992000 r--p 00025000 08:16 1052714                    /usr/lib/x86_64-linux-gnu/libk5crypto.so.3.1
7f9d2e992000-7f9d2e993000 rw-p 00026000 08:16 1052714                    /usr/lib/x86_64-linux-gnu/libk5crypto.so.3.1
7f9d2e993000-7f9d2e994000 rw-p 00000000 00:00 0 
7f9d2e994000-7f9d2ea58000 r-xp 00000000 08:16 1052724                    /usr/lib/x86_64-linux-gnu/libkrb5.so.3.3
7f9d2ea58000-7f9d2ec57000 ---p 000c4000 08:16 1052724                    /usr/lib/x86_64-linux-gnu/libkrb5.so.3.3
7f9d2ec57000-7f9d2ec61000 r--p 000c3000 08:16 1052724                    /usr/lib/x86_64-linux-gnu/libkrb5.so.3.3
7f9d2ec61000-7f9d2ec62000 rw-p 000cd000 08:16 1052724                    /usr/lib/x86_64-linux-gnu/libkrb5.so.3.3
7f9d2ec62000-7f9d2ec6a000 r-xp 00000000 08:16 1056599                    /usr/lib/x86_64-linux-gnu/libxcb-render.so.0.0.0
7f9d2ec6a000-7f9d2ee6a000 ---p 00008000 08:16 1056599                    /usr/lib/x86_64-linux-gnu/libxcb-render.so.0.0.0
7f9d2ee6a000-7f9d2ee6b000 r--p 00008000 08:16 1056599                    /usr/lib/x86_64-linux-gnu/libxcb-render.so.0.0.0
7f9d2ee6b000-7f9d2ee6c000 rw-p 00009000 08:16 1056599                    /usr/lib/x86_64-linux-gnu/libxcb-render.so.0.0.0
7f9d2ee6c000-7f9d2ee6e000 r-xp 00000000 08:16 1056603                    /usr/lib/x86_64-linux-gnu/libxcb-shm.so.0.0.0
7f9d2ee6e000-7f9d2f06d000 ---p 00002000 08:16 1056603                    /usr/lib/x86_64-linux-gnu/libxcb-shm.so.0.0.0
7f9d2f06d000-7f9d2f06e000 r--p 00001000 08:16 1056603                    /usr/lib/x86_64-linux-gnu/libxcb-shm.so.0.0.0
7f9d2f06e000-7f9d2f06f000 rw-p 00002000 08:16 1056603                    /usr/lib/x86_64-linux-gnu/libxcb-shm.so.0.0.0
7f9d2f06f000-7f9d2f095000 r-xp 00000000 08:16 5246656                    /lib/x86_64-linux-gnu/libpng12.so.0.46.0
7f9d2f095000-7f9d2f295000 ---p 00026000 08:16 5246656                    /lib/x86_64-linux-gnu/libpng12.so.0.46.0
7f9d2f295000-7f9d2f296000 r--p 00026000 08:16 5246656                    /lib/x86_64-linux-gnu/libpng12.so.0.46.0
7f9d2f296000-7f9d2f297000 rw-p 00027000 08:16 5246656                    /lib/x86_64-linux-gnu/libpng12.so.0.46.0
7f9d2f297000-7f9d2f318000 r-xp 00000000 08:16 1056450                    /usr/lib/x86_64-linux-gnu/libpixman-1.so.0.24.4
7f9d2f318000-7f9d2f517000 ---p 00081000 08:16 1056450                    /usr/lib/x86_64-linux-gnu/libpixman-1.so.0.24.4
7f9d2f517000-7f9d2f51d000 r--p 00080000 08:16 1056450                    /usr/lib/x86_64-linux-gnu/libpixman-1.so.0.24.4
7f9d2f51d000-7f9d2f51e000 rw-p 00086000 08:16 1056450                    /usr/lib/x86_64-linux-gnu/libpixman-1.so.0.24.4
7f9d2f51e000-7f9d2f523000 r-xp 00000000 08:16 1056019                    /usr/lib/x86_64-linux-gnu/libXdmcp.so.6.0.0
7f9d2f523000-7f9d2f722000 ---p 00005000 08:16 1056019                    /usr/lib/x86_64-linux-gnu/libXdmcp.so.6.0.0
7f9d2f722000-7f9d2f723000 r--p 00004000 08:16 1056019                    /usr/lib/x86_64-linux-gnu/libXdmcp.so.6.0.0
7f9d2f723000-7f9d2f724000 rw-p 00005000 08:16 1056019                    /usr/lib/x86_64-linux-gnu/libXdmcp.so.6.0.0
7f9d2f724000-7f9d2f726000 r-xp 00000000 08:16 1056008                    /usr/lib/x86_64-linux-gnu/libXau.so.6.0.0
7f9d2f726000-7f9d2f925000 ---p 00002000 08:16 1056008                    /usr/lib/x86_64-linux-gnu/libXau.so.6.0.0
7f9d2f925000-7f9d2f926000 r--p 00001000 08:16 1056008                    /usr/lib/x86_64-linux-gnu/libXau.so.6.0.0
7f9d2f926000-7f9d2f927000 rw-p 00002000 08:16 1056008                    /usr/lib/x86_64-linux-gnu/libXau.so.6.0.0
7f9d2f927000-7f9d2f937000 r-xp 00000000 08:16 1056075                    /usr/lib/x86_64-linux-gnu/libavahi-client.so.3.2.9
7f9d2f937000-7f9d2fb36000 ---p 00010000 08:16 1056075                    /usr/lib/x86_64-linux-gnu/libavahi-client.so.3.2.9
7f9d2fb36000-7f9d2fb37000 r--p 0000f000 08:16 1056075                    /usr/lib/x86_64-linux-gnu/libavahi-client.so.3.2.9
7f9d2fb37000-7f9d2fb38000 rw-p 00010000 08:16 1056075                    /usr/lib/x86_64-linux-gnu/libavahi-client.so.3.2.9
7f9d2fb38000-7f9d2fb43000 r-xp 00000000 08:16 1056077                    /usr/lib/x86_64-linux-gnu/libavahi-common.so.3.5.3
7f9d2fb43000-7f9d2fd42000 ---p 0000b000 08:16 1056077                    /usr/lib/x86_64-linux-gnu/libavahi-common.so.3.5.3
7f9d2fd42000-7f9d2fd43000 r--p 0000a000 08:16 1056077                    /usr/lib/x86_64-linux-gnu/libavahi-common.so.3.5.3
7f9d2fd43000-7f9d2fd44000 rw-p 0000b000 08:16 1056077                    /usr/lib/x86_64-linux-gnu/libavahi-common.so.3.5.3
7f9d2fd44000-7f9d2fdf8000 r-xp 00000000 08:16 1056248                    /usr/lib/x86_64-linux-gnu/libgnutls.so.26.21.8
7f9d2fdf8000-7f9d2fff8000 ---p 000b4000 08:16 1056248                    /usr/lib/x86_64-linux-gnu/libgnutls.so.26.21.8
7f9d2fff8000-7f9d2fffe000 r--p 000b4000 08:16 1056248                    /usr/lib/x86_64-linux-gnu/libgnutls.so.26.21.8
7f9d2fffe000-7f9d2ffff000 rw-p 000ba000 08:16 1056248                    /usr/lib/x86_64-linux-gnu/libgnutls.so.26.21.8
7f9d2ffff000-7f9d30000000 rw-p 00000000 00:00 0 
7f9d30000000-7f9d300b4000 rw-p 00000000 00:00 0 
7f9d300b4000-7f9d34000000 ---p 00000000 00:00 0 
7f9d340aa000-7f9d340ab000 rw-p 00000000 00:00 0 
7f9d340c7000-7f9d340ce000 r--s 00000000 08:16 1314519                    /usr/lib/x86_64-linux-gnu/gconv/gconv-modules.cache
7f9d340ce000-7f9d340d1000 ---p 00000000 00:00 0 
7f9d340d1000-7f9d340e8000 rw-p 00000000 00:00 0 
7f9d340e8000-7f9d34123000 r-xp 00000000 08:16 1052718                    /usr/lib/x86_64-linux-gnu/libgssapi_krb5.so.2.2
7f9d34123000-7f9d34323000 ---p 0003b000 08:16 1052718                    /usr/lib/x86_64-linux-gnu/libgssapi_krb5.so.2.2
7f9d34323000-7f9d34324000 r--p 0003b000 08:16 1052718                    /usr/lib/x86_64-linux-gnu/libgssapi_krb5.so.2.2
7f9d34324000-7f9d34326000 rw-p 0003c000 08:16 1052718                    /usr/lib/x86_64-linux-gnu/libgssapi_krb5.so.2.2
7f9d34326000-7f9d34362000 r-xp 00000000 08:16 5246652                    /lib/x86_64-linux-gnu/libpcre.so.3.12.1
7f9d34362000-7f9d34561000 ---p 0003c000 08:16 5246652                    /lib/x86_64-linux-gnu/libpcre.so.3.12.1
7f9d34561000-7f9d34562000 r--p 0003b000 08:16 5246652                    /lib/x86_64-linux-gnu/libpcre.so.3.12.1
7f9d34562000-7f9d34563000 rw-p 0003c000 08:16 5246652                    /lib/x86_64-linux-gnu/libpcre.so.3.12.1
7f9d34563000-7f9d3456a000 r-xp 00000000 08:16 1056193                    /usr/lib/x86_64-linux-gnu/libffi.so.6.0.0
7f9d3456a000-7f9d34769000 ---p 00007000 08:16 1056193                    /usr/lib/x86_64-linux-gnu/libffi.so.6.0.0
7f9d34769000-7f9d3476a000 r--p 00006000 08:16 1056193                    /usr/lib/x86_64-linux-gnu/libffi.so.6.0.0
7f9d3476a000-7f9d3476b000 rw-p 00007000 08:16 1056193                    /usr/lib/x86_64-linux-gnu/libffi.so.6.0.0
7f9d3476b000-7f9d34792000 r-xp 00000000 08:16 5246597                    /lib/x86_64-linux-gnu/libexpat.so.1.5.2
7f9d34792000-7f9d34992000 ---p 00027000 08:16 5246597                    /lib/x86_64-linux-gnu/libexpat.so.1.5.2
7f9d34992000-7f9d34994000 r--p 00027000 08:16 5246597                    /lib/x86_64-linux-gnu/libexpat.so.1.5.2
7f9d34994000-7f9d34995000 rw-p 00029000 08:16 5246597                    /lib/x86_64-linux-gnu/libexpat.so.1.5.2
7f9d34995000-7f9d34a2b000 r-xp 00000000 08:16 1056201                    /usr/lib/x86_64-linux-gnu/libfreetype.so.6.8.0
7f9d34a2b000-7f9d34c2a000 ---p 00096000 08:16 1056201                    /usr/lib/x86_64-linux-gnu/libfreetype.so.6.8.0
7f9d34c2a000-7f9d34c30000 r--p 00095000 08:16 1056201                    /usr/lib/x86_64-linux-gnu/libfreetype.so.6.8.0
7f9d34c30000-7f9d34c31000 rw-p 0009b000 08:16 1056201                    /usr/lib/x86_64-linux-gnu/libfreetype.so.6.8.0
7f9d34c31000-7f9d34c49000 r-xp 00000000 08:16 5246663                    /lib/x86_64-linux-gnu/libresolv-2.15.so
7f9d34c49000-7f9d34e49000 ---p 00018000 08:16 5246663                    /lib/x86_64-linux-gnu/libresolv-2.15.so
7f9d34e49000-7f9d34e4a000 r--p 00018000 08:16 5246663                    /lib/x86_64-linux-gnu/libresolv-2.15.so
7f9d34e4a000-7f9d34e4b000 rw-p 00019000 08:16 5246663                    /lib/x86_64-linux-gnu/libresolv-2.15.so
7f9d34e4b000-7f9d34e4d000 rw-p 00000000 00:00 0 
7f9d34e4d000-7f9d34e6a000 r-xp 00000000 08:16 5246667                    /lib/x86_64-linux-gnu/libselinux.so.1
7f9d34e6a000-7f9d35069000 ---p 0001d000 08:16 5246667                    /lib/x86_64-linux-gnu/libselinux.so.1
7f9d35069000-7f9d3506a000 r--p 0001c000 08:16 5246667                    /lib/x86_64-linux-gnu/libselinux.so.1
7f9d3506a000-7f9d3506b000 rw-p 0001d000 08:16 5246667                    /lib/x86_64-linux-gnu/libselinux.so.1
7f9d3506b000-7f9d3506c000 rw-p 00000000 00:00 0 
7f9d3506c000-7f9d3506f000 r-xp 00000000 08:16 1056240                    /usr/lib/x86_64-linux-gnu/libgmodule-2.0.so.0.3200.1
7f9d3506f000-7f9d3526e000 ---p 00003000 08:16 1056240                    /usr/lib/x86_64-linux-gnu/libgmodule-2.0.so.0.3200.1
7f9d3526e000-7f9d3526f000 r--p 00002000 08:16 1056240                    /usr/lib/x86_64-linux-gnu/libgmodule-2.0.so.0.3200.1
7f9d3526f000-7f9d35270000 rw-p 00003000 08:16 1056240                    /usr/lib/x86_64-linux-gnu/libgmodule-2.0.so.0.3200.1
7f9d35270000-7f9d35272000 r-xp 00000000 08:16 1056017                    /usr/lib/x86_64-linux-gnu/libXdamage.so.1.1.0
7f9d35272000-7f9d35471000 ---p 00002000 08:16 1056017                    /usr/lib/x86_64-linux-gnu/libXdamage.so.1.1.0
7f9d35471000-7f9d35472000 r--p 00001000 08:16 1056017                    /usr/lib/x86_64-linux-gnu/libXdamage.so.1.1.0
7f9d35472000-7f9d35473000 rw-p 00002000 08:16 1056017                    /usr/lib/x86_64-linux-gnu/libXdamage.so.1.1.0
7f9d35473000-7f9d35475000 r-xp 00000000 08:16 1056013                    /usr/lib/x86_64-linux-gnu/libXcomposite.so.1.0.0
7f9d35475000-7f9d35674000 ---p 00002000 08:16 1056013                    /usr/lib/x86_64-linux-gnu/libXcomposite.so.1.0.0
7f9d35674000-7f9d35675000 r--p 00001000 08:16 1056013                    /usr/lib/x86_64-linux-gnu/libXcomposite.so.1.0.0
7f9d35675000-7f9d35676000 rw-p 00002000 08:16 1056013                    /usr/lib/x86_64-linux-gnu/libXcomposite.so.1.0.0
7f9d35676000-7f9d3567f000 r-xp 00000000 08:16 1056015                    /usr/lib/x86_64-linux-gnu/libXcursor.so.1.0.2
7f9d3567f000-7f9d3587e000 ---p 00009000 08:16 1056015                    /usr/lib/x86_64-linux-gnu/libXcursor.so.1.0.2
7f9d3587e000-7f9d3587f000 r--p 00008000 08:16 1056015                    /usr/lib/x86_64-linux-gnu/libXcursor.so.1.0.2
7f9d3587f000-7f9d35880000 rw-p 00009000 08:16 1056015                    /usr/lib/x86_64-linux-gnu/libXcursor.so.1.0.2
7f9d35880000-7f9d35888000 r-xp 00000000 08:16 1056039                    /usr/lib/x86_64-linux-gnu/libXrandr.so.2.2.0
7f9d35888000-7f9d35a87000 ---p 00008000 08:16 1056039                    /usr/lib/x86_64-linux-gnu/libXrandr.so.2.2.0
7f9d35a87000-7f9d35a88000 r--p 00007000 08:16 1056039                    /usr/lib/x86_64-linux-gnu/libXrandr.so.2.2.0
7f9d35a88000-7f9d35a89000 rw-p 00008000 08:16 1056039                    /usr/lib/x86_64-linux-gnu/libXrandr.so.2.2.0
7f9d35a89000-7f9d35a8b000 r-xp 00000000 08:16 1056029                    /usr/lib/x86_64-linux-gnu/libXinerama.so.1.0.0
7f9d35a8b000-7f9d35c8a000 ---p 00002000 08:16 1056029                    /usr/lib/x86_64-linux-gnu/libXinerama.so.1.0.0
7f9d35c8a000-7f9d35c8b000 r--p 00001000 08:16 1056029                    /usr/lib/x86_64-linux-gnu/libXinerama.so.1.0.0
7f9d35c8b000-7f9d35c8c000 rw-p 00002000 08:16 1056029                    /usr/lib/x86_64-linux-gnu/libXinerama.so.1.0.0
7f9d35c8c000-7f9d35cb5000 r-xp 00000000 08:16 1056434                    /usr/lib/x86_64-linux-gnu/libpangoft2-1.0.so.0.3000.0
7f9d35cb5000-7f9d35eb4000 ---p 00029000 08:16 1056434                    /usr/lib/x86_64-linux-gnu/libpangoft2-1.0.so.0.3000.0
7f9d35eb4000-7f9d35eb5000 r--p 00028000 08:16 1056434                    /usr/lib/x86_64-linux-gnu/libpangoft2-1.0.so.0.3000.0
7f9d35eb5000-7f9d35eb6000 rw-p 00029000 08:16 1056434                    /usr/lib/x86_64-linux-gnu/libpangoft2-1.0.so.0.3000.0
7f9d35eb6000-7f9d35f6f000 r-xp 00000000 08:16 1055379                    /usr/lib/x86_64-linux-gnu/libcairo.so.2.11000.2
7f9d35f6f000-7f9d3616e000 ---p 000b9000 08:16 1055379                    /usr/lib/x86_64-linux-gnu/libcairo.so.2.11000.2
7f9d3616e000-7f9d36170000 r--p 000b8000 08:16 1055379                    /usr/lib/x86_64-linux-gnu/libcairo.so.2.11000.2
7f9d36170000-7f9d36171000 rw-p 000ba000 08:16 1055379                    /usr/lib/x86_64-linux-gnu/libcairo.so.2.11000.2
7f9d36171000-7f9d36174000 rw-p 00000000 00:00 0 
7f9d36174000-7f9d36193000 r-xp 00000000 08:16 1056067                    /usr/lib/x86_64-linux-gnu/libatk-1.0.so.0.20409.1
7f9d36193000-7f9d36393000 ---p 0001f000 08:16 1056067                    /usr/lib/x86_64-linux-gnu/libatk-1.0.so.0.20409.1
7f9d36393000-7f9d36395000 r--p 0001f000 08:16 1056067                    /usr/lib/x86_64-linux-gnu/libatk-1.0.so.0.20409.1
7f9d36395000-7f9d36396000 rw-p 00021000 08:16 1056067                    /usr/lib/x86_64-linux-gnu/libatk-1.0.so.0.20409.1
7f9d36396000-7f9d3639b000 r-xp 00000000 08:16 1056023                    /usr/lib/x86_64-linux-gnu/libXfixes.so.3.1.0
7f9d3639b000-7f9d3659a000 ---p 00005000 08:16 1056023                    /usr/lib/x86_64-linux-gnu/libXfixes.so.3.1.0
7f9d3659a000-7f9d3659b000 r--p 00004000 08:16 1056023                    /usr/lib/x86_64-linux-gnu/libXfixes.so.3.1.0
7f9d3659b000-7f9d3659c000 rw-p 00005000 08:16 1056023                    /usr/lib/x86_64-linux-gnu/libXfixes.so.3.1.0
7f9d3659c000-7f9d365a7000 r-xp 00000000 08:16 1056432                    /usr/lib/x86_64-linux-gnu/libpangocairo-1.0.so.0.3000.0
7f9d365a7000-7f9d367a6000 ---p 0000b000 08:16 1056432                    /usr/lib/x86_64-linux-gnu/libpangocairo-1.0.so.0.3000.0
7f9d367a6000-7f9d367a7000 r--p 0000a000 08:16 1056432                    /usr/lib/x86_64-linux-gnu/libpangocairo-1.0.so.0.3000.0
7f9d367a7000-7f9d367a8000 rw-p 0000b000 08:16 1056432                    /usr/lib/x86_64-linux-gnu/libpangocairo-1.0.so.0.3000.0
7f9d367a8000-7f9d367c5000 r-xp 00000000 08:16 1056607                    /usr/lib/x86_64-linux-gnu/libxcb.so.1.1.0
7f9d367c5000-7f9d369c4000 ---p 0001d000 08:16 1056607                    /usr/lib/x86_64-linux-gnu/libxcb.so.1.1.0
7f9d369c4000-7f9d369c5000 r--p 0001c000 08:16 1056607                    /usr/lib/x86_64-linux-gnu/libxcb.so.1.1.0
7f9d369c5000-7f9d369c6000 rw-p 0001d000 08:16 1056607                    /usr/lib/x86_64-linux-gnu/libxcb.so.1.1.0
7f9d369c6000-7f9d36a16000 r-xp 00000000 08:16 1061164                    /usr/lib/x86_64-linux-gnu/libcups.so.2
7f9d36a16000-7f9d36c15000 ---p 00050000 08:16 1061164                    /usr/lib/x86_64-linux-gnu/libcups.so.2
7f9d36c15000-7f9d36c19000 r--p 0004f000 08:16 1061164                    /usr/lib/x86_64-linux-gnu/libcups.so.2
7f9d36c19000-7f9d36c1a000 rw-p 00053000 08:16 1061164                    /usr/lib/x86_64-linux-gnu/libcups.so.2
7f9d36c1a000-7f9d36d0c000 r-xp 00000000 08:16 5246604                    /lib/x86_64-linux-gnu/libglib-2.0.so.0.3200.1
7f9d36d0c000-7f9d36f0c000 ---p 000f2000 08:16 5246604                    /lib/x86_64-linux-gnu/libglib-2.0.so.0.3200.1
7f9d36f0c000-7f9d36f0d000 r--p 000f2000 08:16 5246604                    /lib/x86_64-linux-gnu/libglib-2.0.so.0.3200.1
7f9d36f0d000-7f9d36f0e000 rw-p 000f3000 08:16 5246604                    /lib/x86_64-linux-gnu/libglib-2.0.so.0.3200.1
7f9d36f0e000-7f9d36f0f000 rw-p 00000000 00:00 0 
7f9d36f0f000-7f9d36f10000 r-xp 00000000 08:16 1056309                    /usr/lib/x86_64-linux-gnu/libgthread-2.0.so.0.3200.1
7f9d36f10000-7f9d3710f000 ---p 00001000 08:16 1056309                    /usr/lib/x86_64-linux-gnu/libgthread-2.0.so.0.3200.1
7f9d3710f000-7f9d37110000 r--p 00000000 08:16 1056309                    /usr/lib/x86_64-linux-gnu/libgthread-2.0.so.0.3200.1
7f9d37110000-7f9d37111000 rw-p 00001000 08:16 1056309                    /usr/lib/x86_64-linux-gnu/libgthread-2.0.so.0.3200.1
7f9d37111000-7f9d3715e000 r-xp 00000000 08:16 1056254                    /usr/lib/x86_64-linux-gnu/libgobject-2.0.so.0.3200.1
7f9d3715e000-7f9d3735e000 ---p 0004d000 08:16 1056254                    /usr/lib/x86_64-linux-gnu/libgobject-2.0.so.0.3200.1
7f9d3735e000-7f9d3735f000 r--p 0004d000 08:16 1056254                    /usr/lib/x86_64-linux-gnu/libgobject-2.0.so.0.3200.1
7f9d3735f000-7f9d37360000 rw-p 0004e000 08:16 1056254                    /usr/lib/x86_64-linux-gnu/libgobject-2.0.so.0.3200.1
7f9d37360000-7f9d37394000 r-xp 00000000 08:16 1056195                    /usr/lib/x86_64-linux-gnu/libfontconfig.so.1.4.4
7f9d37394000-7f9d37594000 ---p 00034000 08:16 1056195                    /usr/lib/x86_64-linux-gnu/libfontconfig.so.1.4.4
7f9d37594000-7f9d37595000 r--p 00034000 08:16 1056195                    /usr/lib/x86_64-linux-gnu/libfontconfig.so.1.4.4
7f9d37595000-7f9d37596000 rw-p 00035000 08:16 1056195                    /usr/lib/x86_64-linux-gnu/libfontconfig.so.1.4.4
7f9d37596000-7f9d375dc000 r-xp 00000000 08:16 1056430                    /usr/lib/x86_64-linux-gnu/libpango-1.0.so.0.3000.0
7f9d375dc000-7f9d377dc000 ---p 00046000 08:16 1056430                    /usr/lib/x86_64-linux-gnu/libpango-1.0.so.0.3000.0
7f9d377dc000-7f9d377de000 r--p 00046000 08:16 1056430                    /usr/lib/x86_64-linux-gnu/libpango-1.0.so.0.3000.0
7f9d377de000-7f9d377df000 rw-p 00048000 08:16 1056430                    /usr/lib/x86_64-linux-gnu/libpango-1.0.so.0.3000.0
7f9d377df000-7f9d377fd000 r-xp 00000000 08:16 1056220                    /usr/lib/x86_64-linux-gnu/libgdk_pixbuf-2.0.so.0.2600.1
7f9d377fd000-7f9d379fd000 ---p 0001e000 08:16 1056220                    /usr/lib/x86_64-linux-gnu/libgdk_pixbuf-2.0.so.0.2600.1
7f9d379fd000-7f9d379fe000 r--p 0001e000 08:16 1056220                    /usr/lib/x86_64-linux-gnu/libgdk_pixbuf-2.0.so.0.2600.1
7f9d379fe000-7f9d379ff000 rw-p 0001f000 08:16 1056220                    /usr/lib/x86_64-linux-gnu/libgdk_pixbuf-2.0.so.0.2600.1
7f9d379ff000-7f9d37b47000 r-xp 00000000 08:16 1056230                    /usr/lib/x86_64-linux-gnu/libgio-2.0.so.0.3200.1
7f9d37b47000-7f9d37d46000 ---p 00148000 08:16 1056230                    /usr/lib/x86_64-linux-gnu/libgio-2.0.so.0.3200.1
7f9d37d46000-7f9d37d4a000 r--p 00147000 08:16 1056230                    /usr/lib/x86_64-linux-gnu/libgio-2.0.so.0.3200.1
7f9d37d4a000-7f9d37d4c000 rw-p 0014b000 08:16 1056230                    /usr/lib/x86_64-linux-gnu/libgio-2.0.so.0.3200.1
7f9d37d4c000-7f9d37d4e000 rw-p 00000000 00:00 0 
7f9d37d4e000-7f9d37dfb000 r-xp 00000000 08:16 1056218                    /usr/lib/x86_64-linux-gnu/libgdk-x11-2.0.so.0.2400.10
7f9d37dfb000-7f9d37ffa000 ---p 000ad000 08:16 1056218                    /usr/lib/x86_64-linux-gnu/libgdk-x11-2.0.so.0.2400.10
7f9d37ffa000-7f9d37ffe000 r--p 000ac000 08:16 1056218                    /usr/lib/x86_64-linux-gnu/libgdk-x11-2.0.so.0.2400.10
7f9d37ffe000-7f9d38000000 rw-p 000b0000 08:16 1056218                    /usr/lib/x86_64-linux-gnu/libgdk-x11-2.0.so.0.2400.10
7f9d38000000-7f9d38555000 rw-p 00000000 00:00 0 
7f9d38555000-7f9d3c000000 ---p 00000000 00:00 0 
7f9d3c000000-7f9d3c0ab000 rw-p 00000000 00:00 0 
7f9d3c0ab000-7f9d40000000 ---p 00000000 00:00 0 
7f9d40000000-7f9d40021000 rw-p 00000000 00:00 0 
7f9d40021000-7f9d44000000 ---p 00000000 00:00 0 
7f9d44000000-7f9d444df000 rw-p 00000000 00:00 0 
7f9d444df000-7f9d48000000 ---p 00000000 00:00 0 
7f9d48000000-7f9d48021000 rw-p 00000000 00:00 0 
7f9d48021000-7f9d4c000000 ---p 00000000 00:00 0 
7f9d4c000000-7f9d4c021000 rw-p 00000000 00:00 0 
7f9d4c021000-7f9d50000000 ---p 00000000 00:00 0 
7f9d50000000-7f9d50021000 rw-p 00000000 00:00 0 
7f9d50021000-7f9d54000000 ---p 00000000 00:00 0 
7f9d54000000-7f9d54021000 rw-p 00000000 00:00 0 
7f9d54021000-7f9d58000000 ---p 00000000 00:00 0 
7f9d58000000-7f9d58021000 rw-p 00000000 00:00 0 
7f9d58021000-7f9d5c000000 ---p 00000000 00:00 0 
7f9d5c000000-7f9d5c001000 rw-s 19077000 00:05 9165                       /dev/ati/card0
7f9d5c001000-7f9d5c011000 rw-s fe9f0000 00:05 9165                       /dev/ati/card0
7f9d5c011000-7f9d5c013000 rw-s 19074000 00:05 9165                       /dev/ati/card0
7f9d5c013000-7f9d5c014000 r--s 00000000 08:16 1843619                    /var/cache/fontconfig/c05880de57d1f5e948fdfacc138775d9-le64.cache-3
7f9d5c014000-7f9d5c01d000 r--s 00000000 08:16 1843614                    /var/cache/fontconfig/945677eb7aeaf62f1d50efc3fb3ec7d8-le64.cache-3
7f9d5c01d000-7f9d5c01f000 r--s 00000000 08:16 1843615                    /var/cache/fontconfig/99e8ed0e538f840c565b6ed5dad60d56-le64.cache-3
7f9d5c01f000-7f9d5c027000 r--s 00000000 08:16 1846703                    /var/cache/fontconfig/a6d8cf8e4ec09cdbc8633c31745a07dd-le64.cache-3
7f9d5c027000-7f9d5c02b000 r--s 00000000 08:16 1843601                    /var/cache/fontconfig/2cd17615ca594fa2959ae173292e504c-le64.cache-3
7f9d5c02b000-7f9d5c02c000 r--s 00000000 08:16 1843626                    /var/cache/fontconfig/e7071f4a29fa870f4323321c154eba04-le64.cache-3
7f9d5c02c000-7f9d5c035000 r--s 00000000 08:16 1847215                    /var/cache/fontconfig/6d41288fd70b0be22e8c3a91e032eec0-le64.cache-3
7f9d5c035000-7f9d5c045000 r--s 00000000 08:16 1843598                    /var/cache/fontconfig/04aabc0a78ac019cf9454389977116d2-le64.cache-3
7f9d5c045000-7f9d5c073000 r--s 00000000 08:16 1846701                    /var/cache/fontconfig/365b55f210c0a22e9a19e35191240f32-le64.cache-3
7f9d5c073000-7f9d5c4a0000 r-xp 00000000 08:16 1056313                    /usr/lib/x86_64-linux-gnu/libgtk-x11-2.0.so.0.2400.10
7f9d5c4a0000-7f9d5c6a0000 ---p 0042d000 08:16 1056313                    /usr/lib/x86_64-linux-gnu/libgtk-x11-2.0.so.0.2400.10
7f9d5c6a0000-7f9d5c6a7000 r--p 0042d000 08:16 1056313                    /usr/lib/x86_64-linux-gnu/libgtk-x11-2.0.so.0.2400.10
7f9d5c6a7000-7f9d5c6ab000 rw-p 00434000 08:16 1056313                    /usr/lib/x86_64-linux-gnu/libgtk-x11-2.0.so.0.2400.10
7f9d5c6ab000-7f9d5c6ad000 rw-p 00000000 00:00 0 
7f9d5c6ad000-7f9d5c6bb000 r-xp 00000000 08:16 1056027                    /usr/lib/x86_64-linux-gnu/libXi.so.6.1.0
7f9d5c6bb000-7f9d5c8ba000 ---p 0000e000 08:16 1056027                    /usr/lib/x86_64-linux-gnu/libXi.so.6.1.0
7f9d5c8ba000-7f9d5c8bb000 r--p 0000d000 08:16 1056027                    /usr/lib/x86_64-linux-gnu/libXi.so.6.1.0
7f9d5c8bb000-7f9d5c8bc000 rw-p 0000e000 08:16 1056027                    /usr/lib/x86_64-linux-gnu/libXi.so.6.1.0
7f9d5c8bc000-7f9d5c8c1000 r-xp 00000000 08:16 1056045                    /usr/lib/x86_64-linux-gnu/libXtst.so.6.1.0
7f9d5c8c1000-7f9d5cac0000 ---p 00005000 08:16 1056045                    /usr/lib/x86_64-linux-gnu/libXtst.so.6.1.0
7f9d5cac0000-7f9d5cac1000 r--p 00004000 08:16 1056045                    /usr/lib/x86_64-linux-gnu/libXtst.so.6.1.0
7f9d5cac1000-7f9d5cac2000 rw-p 00005000 08:16 1056045                    /usr/lib/x86_64-linux-gnu/libXtst.so.6.1.0
7f9d5cac2000-7f9d5cacb000 r-xp 00000000 08:16 1056041                    /usr/lib/x86_64-linux-gnu/libXrender.so.1.3.0
7f9d5cacb000-7f9d5ccca000 ---p 00009000 08:16 1056041                    /usr/lib/x86_64-linux-gnu/libXrender.so.1.3.0
7f9d5ccca000-7f9d5cccb000 r--p 00008000 08:16 1056041                    /usr/lib/x86_64-linux-gnu/libXrender.so.1.3.0
7f9d5cccb000-7f9d5cccc000 rw-p 00009000 08:16 1056041                    /usr/lib/x86_64-linux-gnu/libXrender.so.1.3.0
7f9d5cccc000-7f9d5cdfb000 r-xp 00000000 08:16 1056006                    /usr/lib/x86_64-linux-gnu/libX11.so.6.3.0
7f9d5cdfb000-7f9d5cffb000 ---p 0012f000 08:16 1056006                    /usr/lib/x86_64-linux-gnu/libX11.so.6.3.0
7f9d5cffb000-7f9d5cffc000 r--p 0012f000 08:16 1056006                    /usr/lib/x86_64-linux-gnu/libX11.so.6.3.0
7f9d5cffc000-7f9d5d000000 rw-p 00130000 08:16 1056006                    /usr/lib/x86_64-linux-gnu/libX11.so.6.3.0
7f9d5d000000-7f9d5d270000 rwxp 00000000 00:00 0 
7f9d5d270000-7f9d6033e000 rw-p 00000000 00:00 0 
7f9d6033e000-7f9d64000000 ---p 00000000 00:00 0 
7f9d64000000-7f9d64006000 r--s 00000000 08:16 1843616                    /var/cache/fontconfig/a755afe4a08bf5b97852ceb7400b47bc-le64.cache-3
7f9d64006000-7f9d64009000 r--s 00000000 08:16 1843604                    /var/cache/fontconfig/385c0604a188198f04d133e54aba7fe7-le64.cache-3
7f9d64009000-7f9d6400e000 r--s 00000000 08:16 1843602                    /var/cache/fontconfig/3047814df9a2f067bd2d96a2b9c36e5a-le64.cache-3
7f9d6400e000-7f9d6400f000 r--s 00000000 08:16 1843607                    /var/cache/fontconfig/56cf4f4769d0f4abc89a4895d7bd3ae1-le64.cache-3
7f9d6400f000-7f9d64010000 r--s 00000000 08:16 1843618                    /var/cache/fontconfig/b9d506c9ac06c20b433354fa67a72993-le64.cache-3
7f9d64010000-7f9d64015000 r--s 00000000 08:16 1843617                    /var/cache/fontconfig/b47c4e1ecd0709278f4910c18777a504-le64.cache-3
7f9d64015000-7f9d6401d000 r--s 00000000 08:16 1846702                    /var/cache/fontconfig/52f7bdb7ce746bfd7eaa1985bd9cfa93-le64.cache-3
7f9d6401d000-7f9d6402d000 r--s 00000000 08:16 1843622                    /var/cache/fontconfig/d52a8644073d54c13679302ca1180695-le64.cache-3
7f9d6402d000-7f9d64030000 ---p 00000000 00:00 0 
7f9d64030000-7f9d6412e000 rw-p 00000000 00:00 0 
7f9d6412e000-7f9d6413e000 r-xp 00000000 08:16 1056021                    /usr/lib/x86_64-linux-gnu/libXext.so.6.4.0
7f9d6413e000-7f9d6433d000 ---p 00010000 08:16 1056021                    /usr/lib/x86_64-linux-gnu/libXext.so.6.4.0
7f9d6433d000-7f9d6433e000 r--p 0000f000 08:16 1056021                    /usr/lib/x86_64-linux-gnu/libXext.so.6.4.0
7f9d6433e000-7f9d6433f000 rw-p 00010000 08:16 1056021                    /usr/lib/x86_64-linux-gnu/libXext.so.6.4.0
7f9d6433f000-7f9d64340000 r--s 00000000 08:16 1843599                    /var/cache/fontconfig/0d8c3b2ac0904cb8a57a757ad11a4a08-le64.cache-3
7f9d64340000-7f9d64341000 r--s 00000000 08:16 1846509                    /var/cache/fontconfig/5a76b20910bc01daa5b6abd117531ab8-le64.cache-3
7f9d64341000-7f9d64342000 r--s 00000000 08:16 1841789                    /var/cache/fontconfig/4794a0821666d79190d59a36cb4f44b5-le64.cache-3
7f9d64342000-7f9d64345000 r--s 00000000 08:16 1843613                    /var/cache/fontconfig/8801497958630a81b71ace7c5f9b32a8-le64.cache-3
7f9d64345000-7f9d6434b000 r--s 00000000 08:16 1846508                    /var/cache/fontconfig/3f7329c5293ffd510edef78f73874cfd-le64.cache-3
7f9d6434b000-7f9d6434e000 r--s 00000000 08:16 1842402                    /var/cache/fontconfig/e13b20fdb08344e0e664864cc2ede53d-le64.cache-3
7f9d6434e000-7f9d64352000 r--s 00000000 08:16 1846742                    /var/cache/fontconfig/7ef2298fde41cc6eeb7af42e48b7d293-le64.cache-3
7f9d64352000-7f9d6435b000 r--s 00263000 08:16 1050329                    /usr/lib/jvm/java-7-openjdk-common/jre/lib/resources.jar
7f9d6435b000-7f9d643b1000 r-xp 00000000 08:16 3544819                    /usr/lib/jvm/java-7-openjdk-amd64/jre/lib/amd64/xawt/libmawt.so
7f9d643b1000-7f9d645b0000 ---p 00056000 08:16 3544819                    /usr/lib/jvm/java-7-openjdk-amd64/jre/lib/amd64/xawt/libmawt.so
7f9d645b0000-7f9d645b1000 r--p 00055000 08:16 3544819                    /usr/lib/jvm/java-7-openjdk-amd64/jre/lib/amd64/xawt/libmawt.so
7f9d645b1000-7f9d645b4000 rw-p 00056000 08:16 3544819                    /usr/lib/jvm/java-7-openjdk-amd64/jre/lib/amd64/xawt/libmawt.so
7f9d645b4000-7f9d645b5000 rw-p 00000000 00:00 0 
7f9d645b5000-7f9d64663000 r-xp 00000000 08:16 3544588                    /usr/lib/jvm/java-7-openjdk-amd64/jre/lib/amd64/libawt.so
7f9d64663000-7f9d64862000 ---p 000ae000 08:16 3544588                    /usr/lib/jvm/java-7-openjdk-amd64/jre/lib/amd64/libawt.so
7f9d64862000-7f9d64863000 r--p 000ad000 08:16 3544588                    /usr/lib/jvm/java-7-openjdk-amd64/jre/lib/amd64/libawt.so
7f9d64863000-7f9d6486e000 rw-p 000ae000 08:16 3544588                    /usr/lib/jvm/java-7-openjdk-amd64/jre/lib/amd64/libawt.so
7f9d6486e000-7f9d64893000 rw-p 00000000 00:00 0 
7f9d64893000-7f9d64894000 r--s 00006000 08:16 3676784                    /home/relissa/jmonkeyplatform/jmonkeyplatform/libs/noise-0.0.1-SNAPSHOT.jar
7f9d64894000-7f9d64897000 r--s 0001a000 08:16 3677188                    /home/relissa/jmonkeyplatform/jmonkeyplatform/libs/xmlpull-xpp3.jar
7f9d64897000-7f9d64899000 r--s 0003c000 08:16 3677429                    /home/relissa/jmonkeyplatform/jmonkeyplatform/libs/vecmath.jar
7f9d64899000-7f9d6489a000 r--s 0000b000 08:16 3677222                    /home/relissa/jmonkeyplatform/jmonkeyplatform/libs/stack-alloc.jar
7f9d6489a000-7f9d6489c000 r--s 0000d000 08:16 3676956                    /home/relissa/jmonkeyplatform/jmonkeyplatform/libs/nifty-style-black.jar
7f9d6489c000-7f9d648a2000 r--s 00030000 08:16 3676642                    /home/relissa/jmonkeyplatform/jmonkeyplatform/libs/nifty-default-controls.jar
7f9d648a2000-7f9d648ac000 r--s 0006a000 08:16 3677370                    /home/relissa/jmonkeyplatform/jmonkeyplatform/libs/nifty.jar
7f9d648ac000-7f9d648ae000 r--s 00012000 08:16 3677292                    /home/relissa/jmonkeyplatform/jmonkeyplatform/libs/eventbus.jar
7f9d648ae000-7f9d648bb000 r--s 000d2000 08:16 3677369                    /home/relissa/jmonkeyplatform/jmonkeyplatform/libs/lwjgl.jar
7f9d648bb000-7f9d648bf000 r--s 00030000 08:16 3677346                    /home/relissa/jmonkeyplatform/jmonkeyplatform/libs/jinput.jar
7f9d648bf000-7f9d648c9000 r--s 00079000 08:16 3677317                    /home/relissa/jmonkeyplatform/jmonkeyplatform/libs/jbullet.jar
7f9d648c9000-7f9d648ca000 r--s 001f3000 08:16 3676914                    /home/relissa/jmonkeyplatform/jmonkeyplatform/libs/jME3-lwjgl-natives.jar
7f9d648ca000-7f9d648cd000 r--s 00020000 08:16 3677185                    /home/relissa/jmonkeyplatform/jmonkeyplatform/libs/jME3-jbullet.jar
7f9d648cd000-7f9d648ce000 ---p 00000000 00:00 0 
7f9d648ce000-7f9d649ce000 rw-p 00000000 00:00 0 
7f9d649ce000-7f9d649d1000 ---p 00000000 00:00 0 
7f9d649d1000-7f9d64acf000 rw-p 00000000 00:00 0 
7f9d64acf000-7f9d64ad2000 ---p 00000000 00:00 0 
7f9d64ad2000-7f9d64bd0000 rw-p 00000000 00:00 0 
7f9d64bd0000-7f9d64bd3000 ---p 00000000 00:00 0 
7f9d64bd3000-7f9d64cd1000 rw-p 00000000 00:00 0 
7f9d64cd1000-7f9d64cd4000 ---p 00000000 00:00 0 
7f9d64cd4000-7f9d64dd2000 rw-p 00000000 00:00 0 
7f9d64dd2000-7f9d654b5000 r--p 00000000 08:16 1055298                    /usr/lib/locale/locale-archive
7f9d654b5000-7f9d654b8000 ---p 00000000 00:00 0 
7f9d654b8000-7f9d655b6000 rw-p 00000000 00:00 0 
7f9d655b6000-7f9d655b9000 ---p 00000000 00:00 0 
7f9d655b9000-7f9d656b7000 rw-p 00000000 00:00 0 
7f9d656b7000-7f9d656b8000 ---p 00000000 00:00 0 
7f9d656b8000-7f9d65b27000 rw-p 00000000 00:00 0 
7f9d65b27000-7f9d65cd6000 r--s 03e91000 08:16 3544596                    /usr/lib/jvm/java-7-openjdk-amd64/jre/lib/rt.jar
7f9d65cd6000-7f9d65cfe000 rw-p 00000000 00:00 0 
7f9d65cfe000-7f9d65cff000 ---p 00000000 00:00 0 
7f9d65cff000-7f9d65dff000 rw-p 00000000 00:00 0 
7f9d65dff000-7f9d65e00000 ---p 00000000 00:00 0 
7f9d65e00000-7f9d65f0b000 rw-p 00000000 00:00 0 
7f9d65f0b000-7f9d65f53000 rw-p 00000000 00:00 0 
7f9d65f53000-7f9d65f67000 rw-p 00000000 00:00 0 
7f9d65f67000-7f9d66088000 rw-p 00000000 00:00 0 
7f9d66088000-7f9d66093000 rw-p 00000000 00:00 0 
7f9d66093000-7f9d660db000 rw-p 00000000 00:00 0 
7f9d660db000-7f9d660ef000 rw-p 00000000 00:00 0 
7f9d660ef000-7f9d6620f000 rw-p 00000000 00:00 0 
7f9d6620f000-7f9d6621a000 rw-p 00000000 00:00 0 
7f9d6621a000-7f9d662aa000 rw-p 00000000 00:00 0 
7f9d662aa000-7f9d662ab000 rw-p 00000000 00:00 0 
7f9d662ab000-7f9d662b3000 r-xp 00000000 08:16 3544581                    /usr/lib/jvm/java-7-openjdk-amd64/jre/lib/amd64/libzip.so
7f9d662b3000-7f9d664b2000 ---p 00008000 08:16 3544581                    /usr/lib/jvm/java-7-openjdk-amd64/jre/lib/amd64/libzip.so
7f9d664b2000-7f9d664b3000 r--p 00007000 08:16 3544581                    /usr/lib/jvm/java-7-openjdk-amd64/jre/lib/amd64/libzip.so
7f9d664b3000-7f9d664b4000 rw-p 00008000 08:16 3544581                    /usr/lib/jvm/java-7-openjdk-amd64/jre/lib/amd64/libzip.so
7f9d664b4000-7f9d664c0000 r-xp 00000000 08:16 5246630                    /lib/x86_64-linux-gnu/libnss_files-2.15.so
7f9d664c0000-7f9d666bf000 ---p 0000c000 08:16 5246630                    /lib/x86_64-linux-gnu/libnss_files-2.15.so
7f9d666bf000-7f9d666c0000 r--p 0000b000 08:16 5246630                    /lib/x86_64-linux-gnu/libnss_files-2.15.so
7f9d666c0000-7f9d666c1000 rw-p 0000c000 08:16 5246630                    /lib/x86_64-linux-gnu/libnss_files-2.15.so
7f9d666c1000-7f9d666cb000 r-xp 00000000 08:16 5246634                    /lib/x86_64-linux-gnu/libnss_nis-2.15.so
7f9d666cb000-7f9d668cb000 ---p 0000a000 08:16 5246634                    /lib/x86_64-linux-gnu/libnss_nis-2.15.so
7f9d668cb000-7f9d668cc000 r--p 0000a000 08:16 5246634                    /lib/x86_64-linux-gnu/libnss_nis-2.15.so
7f9d668cc000-7f9d668cd000 rw-p 0000b000 08:16 5246634                    /lib/x86_64-linux-gnu/libnss_nis-2.15.so
7f9d668cd000-7f9d668e4000 r-xp 00000000 08:16 5246624                    /lib/x86_64-linux-gnu/libnsl-2.15.so
7f9d668e4000-7f9d66ae3000 ---p 00017000 08:16 5246624                    /lib/x86_64-linux-gnu/libnsl-2.15.so
7f9d66ae3000-7f9d66ae4000 r--p 00016000 08:16 5246624                    /lib/x86_64-linux-gnu/libnsl-2.15.so
7f9d66ae4000-7f9d66ae5000 rw-p 00017000 08:16 5246624                    /lib/x86_64-linux-gnu/libnsl-2.15.so
7f9d66ae5000-7f9d66ae7000 rw-p 00000000 00:00 0 
7f9d66ae7000-7f9d66aef000 r-xp 00000000 08:16 5246626                    /lib/x86_64-linux-gnu/libnss_compat-2.15.so
7f9d66aef000-7f9d66cee000 ---p 00008000 08:16 5246626                    /lib/x86_64-linux-gnu/libnss_compat-2.15.so
7f9d66cee000-7f9d66cef000 r--p 00007000 08:16 5246626                    /lib/x86_64-linux-gnu/libnss_compat-2.15.so
7f9d66cef000-7f9d66cf0000 rw-p 00008000 08:16 5246626                    /lib/x86_64-linux-gnu/libnss_compat-2.15.so
7f9d66cf0000-7f9d66d17000 r-xp 00000000 08:16 3544563                    /usr/lib/jvm/java-7-openjdk-amd64/jre/lib/amd64/libjava.so
7f9d66d17000-7f9d66f16000 ---p 00027000 08:16 3544563                    /usr/lib/jvm/java-7-openjdk-amd64/jre/lib/amd64/libjava.so
7f9d66f16000-7f9d66f17000 r--p 00026000 08:16 3544563                    /usr/lib/jvm/java-7-openjdk-amd64/jre/lib/amd64/libjava.so
7f9d66f17000-7f9d66f19000 rw-p 00027000 08:16 3544563                    /usr/lib/jvm/java-7-openjdk-amd64/jre/lib/amd64/libjava.so
7f9d66f19000-7f9d66f27000 r-xp 00000000 08:16 3544574                    /usr/lib/jvm/java-7-openjdk-amd64/jre/lib/amd64/libverify.so
7f9d66f27000-7f9d67126000 ---p 0000e000 08:16 3544574                    /usr/lib/jvm/java-7-openjdk-amd64/jre/lib/amd64/libverify.so
7f9d67126000-7f9d67128000 r--p 0000d000 08:16 3544574                    /usr/lib/jvm/java-7-openjdk-amd64/jre/lib/amd64/libverify.so
7f9d67128000-7f9d67129000 rw-p 0000f000 08:16 3544574                    /usr/lib/jvm/java-7-openjdk-amd64/jre/lib/amd64/libverify.so
7f9d67129000-7f9d67130000 r-xp 00000000 08:16 5246665                    /lib/x86_64-linux-gnu/librt-2.15.so
7f9d67130000-7f9d6732f000 ---p 00007000 08:16 5246665                    /lib/x86_64-linux-gnu/librt-2.15.so
7f9d6732f000-7f9d67330000 r--p 00006000 08:16 5246665                    /lib/x86_64-linux-gnu/librt-2.15.so
7f9d67330000-7f9d67331000 rw-p 00007000 08:16 5246665                    /lib/x86_64-linux-gnu/librt-2.15.so
7f9d67331000-7f9d67346000 r-xp 00000000 08:16 5246600                    /lib/x86_64-linux-gnu/libgcc_s.so.1
7f9d67346000-7f9d67545000 ---p 00015000 08:16 5246600                    /lib/x86_64-linux-gnu/libgcc_s.so.1
7f9d67545000-7f9d67546000 r--p 00014000 08:16 5246600                    /lib/x86_64-linux-gnu/libgcc_s.so.1
7f9d67546000-7f9d67547000 rw-p 00015000 08:16 5246600                    /lib/x86_64-linux-gnu/libgcc_s.so.1
7f9d67547000-7f9d67640000 r-xp 00000000 08:16 5246611                    /lib/x86_64-linux-gnu/libm-2.15.so
7f9d67640000-7f9d6783f000 ---p 000f9000 08:16 5246611                    /lib/x86_64-linux-gnu/libm-2.15.so
7f9d6783f000-7f9d67840000 r--p 000f8000 08:16 5246611                    /lib/x86_64-linux-gnu/libm-2.15.so
7f9d67840000-7f9d67841000 rw-p 000f9000 08:16 5246611                    /lib/x86_64-linux-gnu/libm-2.15.so
7f9d67841000-7f9d67923000 r-xp 00000000 08:16 1056535                    /usr/lib/x86_64-linux-gnu/libstdc++.so.6.0.16
7f9d67923000-7f9d67b22000 ---p 000e2000 08:16 1056535                    /usr/lib/x86_64-linux-gnu/libstdc++.so.6.0.16
7f9d67b22000-7f9d67b2a000 r--p 000e1000 08:16 1056535                    /usr/lib/x86_64-linux-gnu/libstdc++.so.6.0.16
7f9d67b2a000-7f9d67b2c000 rw-p 000e9000 08:16 1056535                    /usr/lib/x86_64-linux-gnu/libstdc++.so.6.0.16
7f9d67b2c000-7f9d67b41000 rw-p 00000000 00:00 0 
7f9d67b41000-7f9d684d4000 r-xp 00000000 08:16 3544559                    /usr/lib/jvm/java-7-openjdk-amd64/jre/lib/amd64/server/libjvm.so
7f9d684d4000-7f9d686d4000 ---p 00993000 08:16 3544559                    /usr/lib/jvm/java-7-openjdk-amd64/jre/lib/amd64/server/libjvm.so
7f9d686d4000-7f9d6874e000 r--p 00993000 08:16 3544559                    /usr/lib/jvm/java-7-openjdk-amd64/jre/lib/amd64/server/libjvm.so
7f9d6874e000-7f9d68770000 rw-p 00a0d000 08:16 3544559                    /usr/lib/jvm/java-7-openjdk-amd64/jre/lib/amd64/server/libjvm.so
7f9d68770000-7f9d6879b000 rw-p 00000000 00:00 0 
7f9d6879b000-7f9d687b3000 r-xp 00000000 08:16 5246659                    /lib/x86_64-linux-gnu/libpthread-2.15.so
7f9d687b3000-7f9d689b2000 ---p 00018000 08:16 5246659                    /lib/x86_64-linux-gnu/libpthread-2.15.so
7f9d689b2000-7f9d689b3000 r--p 00017000 08:16 5246659                    /lib/x86_64-linux-gnu/libpthread-2.15.so
7f9d689b3000-7f9d689b4000 rw-p 00018000 08:16 5246659                    /lib/x86_64-linux-gnu/libpthread-2.15.so
7f9d689b4000-7f9d689b8000 rw-p 00000000 00:00 0 
7f9d689b8000-7f9d689ce000 r-xp 00000000 08:16 5246690                    /lib/x86_64-linux-gnu/libz.so.1.2.3.4
7f9d689ce000-7f9d68bcd000 ---p 00016000 08:16 5246690                    /lib/x86_64-linux-gnu/libz.so.1.2.3.4
7f9d68bcd000-7f9d68bce000 r--p 00015000 08:16 5246690                    /lib/x86_64-linux-gnu/libz.so.1.2.3.4
7f9d68bce000-7f9d68bcf000 rw-p 00016000 08:16 5246690                    /lib/x86_64-linux-gnu/libz.so.1.2.3.4
7f9d68bcf000-7f9d68bd1000 r-xp 00000000 08:16 5246592                    /lib/x86_64-linux-gnu/libdl-2.15.so
7f9d68bd1000-7f9d68dd1000 ---p 00002000 08:16 5246592                    /lib/x86_64-linux-gnu/libdl-2.15.so
7f9d68dd1000-7f9d68dd2000 r--p 00002000 08:16 5246592                    /lib/x86_64-linux-gnu/libdl-2.15.so
7f9d68dd2000-7f9d68dd3000 rw-p 00003000 08:16 5246592                    /lib/x86_64-linux-gnu/libdl-2.15.so
7f9d68dd3000-7f9d68f86000 r-xp 00000000 08:16 5246579                    /lib/x86_64-linux-gnu/libc-2.15.so
7f9d68f86000-7f9d69185000 ---p 001b3000 08:16 5246579                    /lib/x86_64-linux-gnu/libc-2.15.so
7f9d69185000-7f9d69189000 r--p 001b2000 08:16 5246579                    /lib/x86_64-linux-gnu/libc-2.15.so
7f9d69189000-7f9d6918b000 rw-p 001b6000 08:16 5246579                    /lib/x86_64-linux-gnu/libc-2.15.so
7f9d6918b000-7f9d69190000 rw-p 00000000 00:00 0 
7f9d69190000-7f9d6919c000 r-xp 00000000 08:16 3544565                    /usr/lib/jvm/java-7-openjdk-amd64/jre/lib/amd64/jli/libjli.so
7f9d6919c000-7f9d6939c000 ---p 0000c000 08:16 3544565                    /usr/lib/jvm/java-7-openjdk-amd64/jre/lib/amd64/jli/libjli.so
7f9d6939c000-7f9d6939d000 r--p 0000c000 08:16 3544565                    /usr/lib/jvm/java-7-openjdk-amd64/jre/lib/amd64/jli/libjli.so
7f9d6939d000-7f9d6939e000 rw-p 0000d000 08:16 3544565                    /usr/lib/jvm/java-7-openjdk-amd64/jre/lib/amd64/jli/libjli.so
7f9d6939e000-7f9d693c0000 r-xp 00000000 08:16 5246559                    /lib/x86_64-linux-gnu/ld-2.15.so
7f9d693c0000-7f9d693c1000 r--s 00009000 08:16 3677159                    /home/relissa/jmonkeyplatform/jmonkeyplatform/libs/j-ogg-vorbisd.jar
7f9d693c1000-7f9d693dc000 r--s 00228000 08:16 3677111                    /home/relissa/jmonkeyplatform/jmonkeyplatform/libs/jMonkeyEngine3.jar
7f9d693dc000-7f9d693e6000 rw-p 00000000 00:00 0 
7f9d693e6000-7f9d6949c000 rw-p 00000000 00:00 0 
7f9d6949c000-7f9d6949f000 ---p 00000000 00:00 0 
7f9d6949f000-7f9d695a2000 rw-p 00000000 00:00 0 
7f9d695a2000-7f9d695a4000 r--s 00005000 08:16 3677249                    /home/relissa/jmonkeyplatform/jmonkeyplatform/libs/j-ogg-oggd.jar
7f9d695a4000-7f9d695a7000 r--s 00032000 08:16 1050313                    /usr/lib/jvm/java-7-openjdk-common/jre/lib/ext/sunjce_provider.jar
7f9d695a7000-7f9d695a9000 r--s 00012000 08:16 1050314                    /usr/lib/jvm/java-7-openjdk-common/jre/lib/ext/zipfs.jar
7f9d695a9000-7f9d695aa000 r--s 00002000 08:16 1050311                    /usr/lib/jvm/java-7-openjdk-common/jre/lib/ext/dnsns.jar
7f9d695aa000-7f9d695ad000 r--s 00085000 08:16 1050312                    /usr/lib/jvm/java-7-openjdk-common/jre/lib/ext/localedata.jar
7f9d695ad000-7f9d695b0000 r--s 0000f000 08:16 1050315                    /usr/lib/jvm/java-7-openjdk-common/jre/lib/ext/pulse-java.jar
7f9d695b0000-7f9d695b1000 r--s 00007000 08:16 1453403                    /usr/share/java/java-atk-wrapper.jar
7f9d695b1000-7f9d695b4000 r--s 0003c000 08:16 1050310                    /usr/lib/jvm/java-7-openjdk-common/jre/lib/ext/sunpkcs11.jar
7f9d695b4000-7f9d695bc000 rw-s 00000000 08:16 4063325                    /tmp/hsperfdata_relissa/9201 (deleted)
7f9d695bc000-7f9d695bd000 rw-p 00000000 00:00 0 
7f9d695bd000-7f9d695be000 ---p 00000000 00:00 0 
7f9d695be000-7f9d695c0000 rw-p 00000000 00:00 0 
7f9d695c0000-7f9d695c1000 r--p 00022000 08:16 5246559                    /lib/x86_64-linux-gnu/ld-2.15.so
7f9d695c1000-7f9d695c3000 rw-p 00023000 08:16 5246559                    /lib/x86_64-linux-gnu/ld-2.15.so
7fff9a4cc000-7fff9a4ed000 rw-p 00000000 00:00 0                          [stack]
7fff9a5ff000-7fff9a600000 r-xp 00000000 00:00 0                          [vdso]
ffffffffff600000-ffffffffff601000 r-xp 00000000 00:00 0                  [vsyscall]

VM Arguments:
jvm_args: -Dfile.encoding=UTF-8 
java_command: OCLP.Main
Launcher Type: SUN_STANDARD

Environment Variables:
PATH=/usr/lib/lightdm/lightdm:/usr/local/sbin:/usr/local/bin:/usr/sbin:/usr/bin:/sbin:/bin:/usr/games
SHELL=/bin/bash
DISPLAY=:0

Signal Handlers:
SIGSEGV: [libjvm.so+0x8065e0], sa_mask[0]=0x7ffbfeff, sa_flags=0x10000004
SIGBUS: [libjvm.so+0x8065e0], sa_mask[0]=0x7ffbfeff, sa_flags=0x10000004
SIGFPE: [libjvm.so+0x6ac6d0], sa_mask[0]=0x7ffbfeff, sa_flags=0x10000004
SIGPIPE: [libjvm.so+0x6ac6d0], sa_mask[0]=0x7ffbfeff, sa_flags=0x10000004
SIGXFSZ: [libjvm.so+0x6ac6d0], sa_mask[0]=0x7ffbfeff, sa_flags=0x10000004
SIGILL: [libjvm.so+0x6ac6d0], sa_mask[0]=0x7ffbfeff, sa_flags=0x10000004
SIGUSR1: SIG_DFL, sa_mask[0]=0x00000000, sa_flags=0x00000000
SIGUSR2: [libjvm.so+0x6acaa0], sa_mask[0]=0x00000004, sa_flags=0x10000004
SIGHUP: [libjvm.so+0x6acbe0], sa_mask[0]=0x7ffbfeff, sa_flags=0x10000004
SIGINT: SIG_IGN, sa_mask[0]=0x00000000, sa_flags=0x00000000
SIGTERM: [libjvm.so+0x6acbe0], sa_mask[0]=0x7ffbfeff, sa_flags=0x10000004
SIGQUIT: [libjvm.so+0x6acbe0], sa_mask[0]=0x7ffbfeff, sa_flags=0x10000004


---------------  S Y S T E M  ---------------

OS:Ubuntu 12.04 (precise)
uname:Linux 3.2.0-24-generic #39-Ubuntu SMP Mon May 21 16:52:17 UTC 2012 x86_64
libc:glibc 2.15 NPTL 2.15 
rlimit: STACK 8192k, CORE 0k, NPROC 28916, NOFILE 4096, AS infinity
load average:2.39 1.76 1.58

/proc/meminfo:
MemTotal:        3791568 kB
MemFree:          743928 kB
Buffers:          137896 kB
Cached:          1284168 kB
SwapCached:          448 kB
Active:          1710580 kB
Inactive:         967748 kB
Active(anon):    1037208 kB
Inactive(anon):   231840 kB
Active(file):     673372 kB
Inactive(file):   735908 kB
Unevictable:           0 kB
Mlocked:               0 kB
SwapTotal:        999420 kB
SwapFree:         997980 kB
Dirty:               388 kB
Writeback:             0 kB
AnonPages:       1255692 kB
Mapped:           219608 kB
Shmem:             12776 kB
Slab:             145336 kB
SReclaimable:     119264 kB
SUnreclaim:        26072 kB
KernelStack:        3112 kB
PageTables:        31120 kB
NFS_Unstable:          0 kB
Bounce:                0 kB
WritebackTmp:          0 kB
CommitLimit:     2895204 kB
Committed_AS:    2791236 kB
VmallocTotal:   34359738367 kB
VmallocUsed:      300648 kB
VmallocChunk:   34359435432 kB
HardwareCorrupted:     0 kB
AnonHugePages:         0 kB
HugePages_Total:       0
HugePages_Free:        0
HugePages_Rsvd:        0
HugePages_Surp:        0
Hugepagesize:       2048 kB
DirectMap4k:     3659264 kB
DirectMap2M:      272384 kB
DirectMap1G:           0 kB


CPU:total 2 (2 cores per cpu, 1 threads per core) family 16 model 6 stepping 2, cmov, cx8, fxsr, mmx, sse, sse2, sse3, popcnt, mmxext, 3dnowpref, lzcnt, sse4a

/proc/cpuinfo:
processor	: 0
vendor_id	: AuthenticAMD
cpu family	: 16
model		: 6
model name	: AMD Athlon(tm) II X2 215 Processor
stepping	: 2
microcode	: 0x100009f
cpu MHz		: 2700.000
cache size	: 512 KB
physical id	: 0
siblings	: 2
core id		: 0
cpu cores	: 2
apicid		: 0
initial apicid	: 0
fpu		: yes
fpu_exception	: yes
cpuid level	: 5
wp		: yes
flags		: fpu vme de pse tsc msr pae mce cx8 apic sep mtrr pge mca cmov pat pse36 clflush mmx fxsr sse sse2 ht syscall nx mmxext fxsr_opt pdpe1gb rdtscp lm 3dnowext 3dnow constant_tsc rep_good nopl nonstop_tsc extd_apicid pni monitor cx16 popcnt lahf_lm cmp_legacy svm extapic cr8_legacy abm sse4a misalignsse 3dnowprefetch osvw ibs skinit wdt npt lbrv svm_lock nrip_save
bogomips	: 5400.31
TLB size	: 1024 4K pages
clflush size	: 64
cache_alignment	: 64
address sizes	: 48 bits physical, 48 bits virtual
power management: ts ttp tm stc 100mhzsteps hwpstate

processor	: 1
vendor_id	: AuthenticAMD
cpu family	: 16
model		: 6
model name	: AMD Athlon(tm) II X2 215 Processor
stepping	: 2
microcode	: 0x100009f
cpu MHz		: 2700.000
cache size	: 512 KB
physical id	: 0
siblings	: 2
core id		: 1
cpu cores	: 2
apicid		: 1
initial apicid	: 1
fpu		: yes
fpu_exception	: yes
cpuid level	: 5
wp		: yes
flags		: fpu vme de pse tsc msr pae mce cx8 apic sep mtrr pge mca cmov pat pse36 clflush mmx fxsr sse sse2 ht syscall nx mmxext fxsr_opt pdpe1gb rdtscp lm 3dnowext 3dnow constant_tsc rep_good nopl nonstop_tsc extd_apicid pni monitor cx16 popcnt lahf_lm cmp_legacy svm extapic cr8_legacy abm sse4a misalignsse 3dnowprefetch osvw ibs skinit wdt npt lbrv svm_lock nrip_save
bogomips	: 5386.51
TLB size	: 1024 4K pages
clflush size	: 64
cache_alignment	: 64
address sizes	: 48 bits physical, 48 bits virtual
power management: ts ttp tm stc 100mhzsteps hwpstate



Memory: 4k page, physical 3791568k(743928k free), swap 999420k(997980k free)

vm_info: OpenJDK 64-Bit Server VM (22.0-b10) for linux-amd64 JRE (1.7.0_03-b147), built on May  2 2012 16:57:58 by "buildd" with gcc 4.6.3

time: Sat Jun  9 12:55:57 2012
elapsed time: 13 seconds

