#
# A fatal error has been detected by the Java Runtime Environment:
#
#  SIGSEGV (0xb) at pc=0x00007fb806c69c58, pid=8801, tid=140428910053120
#
# JRE version: 7.0_03-b147
# Java VM: OpenJDK 64-Bit Server VM (22.0-b10 mixed mode linux-amd64 compressed oops)
# Derivative: IcedTea7 2.1.1pre
# Distribution: Ubuntu 12.04 LTS, package 7~u3-2.1.1~pre1-1ubuntu3
# Problematic frame:
# C  [libX11.so.6+0x33c58]  XQueryExtension+0x28
#
# Failed to write core dump. Core dumps have been disabled. To enable core dumping, try "ulimit -c unlimited" before starting Java again
#
# If you would like to submit a bug report, please include
# instructions on how to reproduce the bug and visit:
#   https://bugs.launchpad.net/ubuntu/+source/openjdk-7/
#

---------------  T H R E A D  ---------------

Current thread is native thread

siginfo:si_signo=SIGSEGV: si_errno=0, si_code=1 (SEGV_MAPERR), si_addr=0xffffffffe001a048

Registers:
RAX=0x0000000000a7fba0, RBX=0xffffffffe00196e0, RCX=0x00007fffe78c4798, RDX=0x00007fffe78c4794
RSP=0x00007fffe78c4730, RBP=0x00007fb7ea198932, RSI=0x00007fb7ea198932, RDI=0xffffffffe00196e0
R8 =0x00007fffe78c479c, R9 =0x0000000000000000, R10=0x00007fb8270bafa8, R11=0x00007fb826d3cca0
R12=0x0000000000000000, R13=0x00007fb7ea198932, R14=0x0000000000a7fba0, R15=0x0000000000000000
RIP=0x00007fb806c69c58, EFLAGS=0x0000000000010206, CSGSFS=0x0000000000000033, ERR=0x0000000000000005
  TRAPNO=0x000000000000000e

Top of Stack: (sp=0x00007fffe78c4730)
0x00007fffe78c4730:   00007fb826d0f790 00007fb8274cf000
0x00007fffe78c4740:   00007fb8266cb070 00007fb8274ce000
0x00007fffe78c4750:   00000000ffffffff ffffffffe00196e0
0x00007fffe78c4760:   00007fb7ea198932 0000000000000000
0x00007fffe78c4770:   00007fb7ea198932 0000000000a7fba0
0x00007fffe78c4780:   0000000000000000 00007fb806c5dc55
0x00007fffe78c4790:   00007fb8274ef048 00007fb7ea2d1520
0x00007fffe78c47a0:   00007fb7ea2d1520 ffffffffe00196e0
0x00007fffe78c47b0:   00007fb7e0036f70 00007fb806f7702b
0x00007fffe78c47c0:   00007fb826d0f790 0000001100000061
0x00007fffe78c47d0:   00007fffe78c4850 0000000000000000
0x00007fffe78c47e0:   00007fffe78c4850 ffffffffe00196e0
0x00007fffe78c47f0:   0000000000000000 00007fb8274ef048
0x00007fffe78c4800:   00007fb7ea2ead50 00007fb7ea13f119
0x00007fffe78c4810:   0000000000000000 0000000000000061
0x00007fffe78c4820:   00007fffe78c4850 00007fffe78c4870
0x00007fffe78c4830:   0000000000000000 00007fb8274ef048
0x00007fffe78c4840:   00007fb7e001c3e0 00007fb7ea135b42
0x00007fffe78c4850:   00007fffe78c4bf0 00007fb7ea1988b1
0x00007fffe78c4860:   0000000000000061 00007fb8272db92d
0x00007fffe78c4870:   00007fb8274f02c8 00007fb8274f0858
0x00007fffe78c4880:   00007fb8274ed6a8 00007fb820006570
0x00007fffe78c4890:   00007fb820007080 00007fb820007580
0x00007fffe78c48a0:   00007fb82000c260 00007fb7d41a1d10
0x00007fffe78c48b0:   00007fb7d4201ad0 00007fb7d41c1d30
0x00007fffe78c48c0:   00007fb7e000b6e0 00007fb7e000a8e0
0x00007fffe78c48d0:   00007fb8201eb180 00007fb8201effe0
0x00007fffe78c48e0:   00007fb8201f76f0 00007fb8201f71c0
0x00007fffe78c48f0:   00007fb8201f6ca0 00007fb8201fc070
0x00007fffe78c4900:   00007fb8201fbb60 00007fb8201fd3c0
0x00007fffe78c4910:   00007fb8201fb660 00007fb8201f6770
0x00007fffe78c4920:   00007fb8201fa190 00007fb8201fcd30 

Instructions: (pc=0x00007fb806c69c58)
0x00007fb806c69c38:   24 d8 48 89 fb 4c 89 64 24 e0 4c 89 6c 24 e8 48
0x00007fb806c69c48:   89 f5 4c 89 74 24 f0 4c 89 7c 24 f8 48 83 ec 58
0x00007fb806c69c58:   48 8b 87 68 09 00 00 49 89 d4 49 89 cd 4d 89 c6
0x00007fb806c69c68:   48 85 c0 74 02 ff 10 ba 08 00 00 00 be 62 00 00 

Register to memory mapping:

RAX=0x0000000000a7fba0 is an unknown value
RBX=0xffffffffe00196e0 is an unknown value
RCX=0x00007fffe78c4798 is an unknown value
RDX=0x00007fffe78c4794 is an unknown value
RSP=0x00007fffe78c4730 is an unknown value
RBP=0x00007fb7ea198932: <offset 0x96932> in /usr/lib/fglrx/libGL.so.1 at 0x00007fb7ea102000
RSI=0x00007fb7ea198932: <offset 0x96932> in /usr/lib/fglrx/libGL.so.1 at 0x00007fb7ea102000
RDI=0xffffffffe00196e0 is an unknown value
R8 =0x00007fffe78c479c is an unknown value
R9 =0x0000000000000000 is an unknown value
R10=0x00007fb8270bafa8: <offset 0x3b9fa8> in /lib/x86_64-linux-gnu/libc.so.6 at 0x00007fb826d01000
R11=0x00007fb826d3cca0: __cxa_finalize+0 in /lib/x86_64-linux-gnu/libc.so.6 at 0x00007fb826d01000
R12=0x0000000000000000 is an unknown value
R13=0x00007fb7ea198932: <offset 0x96932> in /usr/lib/fglrx/libGL.so.1 at 0x00007fb7ea102000
R14=0x0000000000a7fba0 is an unknown value
R15=0x0000000000000000 is an unknown value


Stack: [0x00007fffe77c7000,0x00007fffe78c7000],  sp=0x00007fffe78c4730,  free space=1013k
Native frames: (J=compiled Java code, j=interpreted, Vv=VM code, C=native code)
C  [libX11.so.6+0x33c58]  XQueryExtension+0x28


---------------  P R O C E S S  ---------------

VM state:at safepoint (shutting down)

VM Mutex/Monitor currently owned by a thread:  ([mutex/lock_event])
[0x00007fb820004940] Threads_lock - owner thread: 0x00007fb82009b800

Heap
 PSYoungGen      total 17280K, used 3135K [0x00000000ecb60000, 0x00000000edea0000, 0x0000000100000000)
  eden space 14848K, 4% used [0x00000000ecb60000,0x00000000ecc13480,0x00000000ed9e0000)
  from space 2432K, 99% used [0x00000000edc40000,0x00000000ede9ca00,0x00000000edea0000)
  to   space 2432K, 0% used [0x00000000ed9e0000,0x00000000ed9e0000,0x00000000edc40000)
 PSOldGen        total 39552K, used 3642K [0x00000000c6200000, 0x00000000c88a0000, 0x00000000ecb60000)
  object space 39552K, 9% used [0x00000000c6200000,0x00000000c658eb70,0x00000000c88a0000)
 PSPermGen       total 21248K, used 20791K [0x00000000bbc00000, 0x00000000bd0c0000, 0x00000000c6200000)
  object space 21248K, 97% used [0x00000000bbc00000,0x00000000bd04deb8,0x00000000bd0c0000)

Code Cache  [0x00007fb81d000000, 0x00007fb81d270000, 0x00007fb820000000)
 total_blobs=925 nmethods=299 adapters=579 free_code_cache=47951Kb largest_free_block=49073600

Dynamic libraries:
00400000-00401000 r-xp 00000000 08:16 3544606                            /usr/lib/jvm/java-7-openjdk-amd64/jre/bin/java
00600000-00601000 r--p 00000000 08:16 3544606                            /usr/lib/jvm/java-7-openjdk-amd64/jre/bin/java
00601000-00602000 rw-p 00001000 08:16 3544606                            /usr/lib/jvm/java-7-openjdk-amd64/jre/bin/java
00a7d000-00a9e000 rw-p 00000000 00:00 0                                  [heap]
bbc00000-bd0c0000 rw-p 00000000 00:00 0 
bd0c0000-c6200000 rw-p 00000000 00:00 0 
c6200000-c88a0000 rw-p 00000000 00:00 0 
c88a0000-ecb60000 rw-p 00000000 00:00 0 
ecb60000-edea0000 rw-p 00000000 00:00 0 
edea0000-100000000 rw-p 00000000 00:00 0 
7fb7ceffd000-7fb7ceffe000 ---p 00000000 00:00 0 
7fb7ceffe000-7fb7cf7fe000 rw-p 00000000 00:00 0 
7fb7cf7fe000-7fb7cf7ff000 ---p 00000000 00:00 0 
7fb7cf7ff000-7fb7cffff000 rw-p 00000000 00:00 0 
7fb7d4000000-7fb7d4405000 rw-p 00000000 00:00 0 
7fb7d4405000-7fb7d8000000 ---p 00000000 00:00 0 
7fb7d84a4000-7fb7d84e2000 r-xp 00000000 08:16 1056348                    /usr/lib/x86_64-linux-gnu/libjpeg.so.8.0.2
7fb7d84e2000-7fb7d86e1000 ---p 0003e000 08:16 1056348                    /usr/lib/x86_64-linux-gnu/libjpeg.so.8.0.2
7fb7d86e1000-7fb7d86e2000 r--p 0003d000 08:16 1056348                    /usr/lib/x86_64-linux-gnu/libjpeg.so.8.0.2
7fb7d86e2000-7fb7d86e3000 rw-p 0003e000 08:16 1056348                    /usr/lib/x86_64-linux-gnu/libjpeg.so.8.0.2
7fb7d86e3000-7fb7d86f3000 rw-p 00000000 00:00 0 
7fb7d86f3000-7fb7d86fc000 r-xp 00000000 08:16 3544590                    /usr/lib/jvm/java-7-openjdk-amd64/jre/lib/amd64/libjavajpeg.so
7fb7d86fc000-7fb7d88fb000 ---p 00009000 08:16 3544590                    /usr/lib/jvm/java-7-openjdk-amd64/jre/lib/amd64/libjavajpeg.so
7fb7d88fb000-7fb7d88fc000 r--p 00008000 08:16 3544590                    /usr/lib/jvm/java-7-openjdk-amd64/jre/lib/amd64/libjavajpeg.so
7fb7d88fc000-7fb7d88fd000 rw-p 00009000 08:16 3544590                    /usr/lib/jvm/java-7-openjdk-amd64/jre/lib/amd64/libjavajpeg.so
7fb7d88fd000-7fb7d88fe000 ---p 00000000 00:00 0 
7fb7d88fe000-7fb7d90fe000 rw-p 00000000 00:00 0 
7fb7d90fe000-7fb7d90ff000 ---p 00000000 00:00 0 
7fb7d90ff000-7fb7d98ff000 rw-p 00000000 00:00 0 
7fb7d98ff000-7fb7d9905000 r-xp 00000000 08:16 1056418                    /usr/lib/x86_64-linux-gnu/libogg.so.0.7.1
7fb7d9905000-7fb7d9b04000 ---p 00006000 08:16 1056418                    /usr/lib/x86_64-linux-gnu/libogg.so.0.7.1
7fb7d9b04000-7fb7d9b05000 r--p 00005000 08:16 1056418                    /usr/lib/x86_64-linux-gnu/libogg.so.0.7.1
7fb7d9b05000-7fb7d9b06000 rw-p 00006000 08:16 1056418                    /usr/lib/x86_64-linux-gnu/libogg.so.0.7.1
7fb7d9b06000-7fb7d9b31000 r-xp 00000000 08:16 1056576                    /usr/lib/x86_64-linux-gnu/libvorbis.so.0.4.5
7fb7d9b31000-7fb7d9d30000 ---p 0002b000 08:16 1056576                    /usr/lib/x86_64-linux-gnu/libvorbis.so.0.4.5
7fb7d9d30000-7fb7d9d31000 r--p 0002a000 08:16 1056576                    /usr/lib/x86_64-linux-gnu/libvorbis.so.0.4.5
7fb7d9d31000-7fb7d9d32000 rw-p 0002b000 08:16 1056576                    /usr/lib/x86_64-linux-gnu/libvorbis.so.0.4.5
7fb7d9d32000-7fb7dbc8c000 r-xp 00000000 08:16 1054642                    /usr/lib/fglrx/dri/fglrx_dri.so
7fb7dbc8c000-7fb7dbd8c000 ---p 01f5a000 08:16 1054642                    /usr/lib/fglrx/dri/fglrx_dri.so
7fb7dbd8c000-7fb7dbeda000 rwxp 01f5a000 08:16 1054642                    /usr/lib/fglrx/dri/fglrx_dri.so
7fb7dbeda000-7fb7dc000000 rwxp 00000000 00:00 0 
7fb7dc000000-7fb7dc021000 rw-p 00000000 00:00 0 
7fb7dc021000-7fb7e0000000 ---p 00000000 00:00 0 
7fb7e0000000-7fb7e101c000 rw-p 00000000 00:00 0 
7fb7e101c000-7fb7e4000000 ---p 00000000 00:00 0 
7fb7e4000000-7fb7e4021000 rw-p 00000000 00:00 0 
7fb7e4021000-7fb7e8000000 ---p 00000000 00:00 0 
7fb7e810f000-7fb7e83c2000 r-xp 00000000 08:16 1056578                    /usr/lib/x86_64-linux-gnu/libvorbisenc.so.2.0.8
7fb7e83c2000-7fb7e85c1000 ---p 002b3000 08:16 1056578                    /usr/lib/x86_64-linux-gnu/libvorbisenc.so.2.0.8
7fb7e85c1000-7fb7e85dd000 r--p 002b2000 08:16 1056578                    /usr/lib/x86_64-linux-gnu/libvorbisenc.so.2.0.8
7fb7e85dd000-7fb7e85de000 rw-p 002ce000 08:16 1056578                    /usr/lib/x86_64-linux-gnu/libvorbisenc.so.2.0.8
7fb7e85de000-7fb7e8626000 r-xp 00000000 08:16 1055951                    /usr/lib/x86_64-linux-gnu/libFLAC.so.8.2.0
7fb7e8626000-7fb7e8826000 ---p 00048000 08:16 1055951                    /usr/lib/x86_64-linux-gnu/libFLAC.so.8.2.0
7fb7e8826000-7fb7e8827000 r--p 00048000 08:16 1055951                    /usr/lib/x86_64-linux-gnu/libFLAC.so.8.2.0
7fb7e8827000-7fb7e8828000 rw-p 00049000 08:16 1055951                    /usr/lib/x86_64-linux-gnu/libFLAC.so.8.2.0
7fb7e8828000-7fb7e882d000 r-xp 00000000 08:16 1056065                    /usr/lib/x86_64-linux-gnu/libasyncns.so.0.3.1
7fb7e882d000-7fb7e8a2c000 ---p 00005000 08:16 1056065                    /usr/lib/x86_64-linux-gnu/libasyncns.so.0.3.1
7fb7e8a2c000-7fb7e8a2d000 r--p 00004000 08:16 1056065                    /usr/lib/x86_64-linux-gnu/libasyncns.so.0.3.1
7fb7e8a2d000-7fb7e8a2e000 rw-p 00005000 08:16 1056065                    /usr/lib/x86_64-linux-gnu/libasyncns.so.0.3.1
7fb7e8a2e000-7fb7e8a8e000 r-xp 00000000 08:16 1056513                    /usr/lib/x86_64-linux-gnu/libsndfile.so.1.0.25
7fb7e8a8e000-7fb7e8c8e000 ---p 00060000 08:16 1056513                    /usr/lib/x86_64-linux-gnu/libsndfile.so.1.0.25
7fb7e8c8e000-7fb7e8c90000 r--p 00060000 08:16 1056513                    /usr/lib/x86_64-linux-gnu/libsndfile.so.1.0.25
7fb7e8c90000-7fb7e8c91000 rw-p 00062000 08:16 1056513                    /usr/lib/x86_64-linux-gnu/libsndfile.so.1.0.25
7fb7e8c91000-7fb7e8c95000 rw-p 00000000 00:00 0 
7fb7e8c95000-7fb7e8c9d000 r-xp 00000000 08:16 5246688                    /lib/x86_64-linux-gnu/libwrap.so.0.7.6
7fb7e8c9d000-7fb7e8e9c000 ---p 00008000 08:16 5246688                    /lib/x86_64-linux-gnu/libwrap.so.0.7.6
7fb7e8e9c000-7fb7e8e9d000 r--p 00007000 08:16 5246688                    /lib/x86_64-linux-gnu/libwrap.so.0.7.6
7fb7e8e9d000-7fb7e8e9e000 rw-p 00008000 08:16 5246688                    /lib/x86_64-linux-gnu/libwrap.so.0.7.6
7fb7e8e9e000-7fb7e8efa000 r-xp 00000000 08:16 1055773                    /usr/lib/x86_64-linux-gnu/libpulsecommon-1.1.so
7fb7e8efa000-7fb7e90fa000 ---p 0005c000 08:16 1055773                    /usr/lib/x86_64-linux-gnu/libpulsecommon-1.1.so
7fb7e90fa000-7fb7e90fb000 r--p 0005c000 08:16 1055773                    /usr/lib/x86_64-linux-gnu/libpulsecommon-1.1.so
7fb7e90fb000-7fb7e90fc000 rw-p 0005d000 08:16 1055773                    /usr/lib/x86_64-linux-gnu/libpulsecommon-1.1.so
7fb7e90fc000-7fb7e9103000 r-xp 00000000 08:16 1056352                    /usr/lib/x86_64-linux-gnu/libjson.so.0.0.1
7fb7e9103000-7fb7e9302000 ---p 00007000 08:16 1056352                    /usr/lib/x86_64-linux-gnu/libjson.so.0.0.1
7fb7e9302000-7fb7e9303000 r--p 00006000 08:16 1056352                    /usr/lib/x86_64-linux-gnu/libjson.so.0.0.1
7fb7e9303000-7fb7e9304000 rw-p 00007000 08:16 1056352                    /usr/lib/x86_64-linux-gnu/libjson.so.0.0.1
7fb7e9304000-7fb7e934a000 r-xp 00000000 08:16 1055774                    /usr/lib/x86_64-linux-gnu/libpulse.so.0.13.5
7fb7e934a000-7fb7e954a000 ---p 00046000 08:16 1055774                    /usr/lib/x86_64-linux-gnu/libpulse.so.0.13.5
7fb7e954a000-7fb7e954b000 r--p 00046000 08:16 1055774                    /usr/lib/x86_64-linux-gnu/libpulse.so.0.13.5
7fb7e954b000-7fb7e954c000 rw-p 00047000 08:16 1055774                    /usr/lib/x86_64-linux-gnu/libpulse.so.0.13.5
7fb7e97a4000-7fb7e9ea4000 rw-s 19078000 00:05 9165                       /dev/ati/card0
7fb7e9ea4000-7fb7e9edf000 r-xp 00000000 08:16 1054638                    /usr/lib/fglrx/libatiadlxx.so
7fb7e9edf000-7fb7e9fdf000 ---p 0003b000 08:16 1054638                    /usr/lib/fglrx/libatiadlxx.so
7fb7e9fdf000-7fb7e9fe8000 rw-p 0003b000 08:16 1054638                    /usr/lib/fglrx/libatiadlxx.so
7fb7e9fe8000-7fb7e9ff9000 rw-p 00000000 00:00 0 
7fb7e9ff9000-7fb7ea000000 r-xp 00000000 08:16 1054658                    /usr/lib/fglrx/libatiuki.so.1.0
7fb7ea000000-7fb7ea100000 ---p 00007000 08:16 1054658                    /usr/lib/fglrx/libatiuki.so.1.0
7fb7ea100000-7fb7ea101000 rw-p 00007000 08:16 1054658                    /usr/lib/fglrx/libatiuki.so.1.0
7fb7ea101000-7fb7ea102000 rw-p 00000000 00:00 0 
7fb7ea102000-7fb7ea1c5000 r-xp 00000000 08:16 1054665                    /usr/lib/fglrx/libGL.so.1.2
7fb7ea1c5000-7fb7ea2c4000 ---p 000c3000 08:16 1054665                    /usr/lib/fglrx/libGL.so.1.2
7fb7ea2c4000-7fb7ea2eb000 rwxp 000c2000 08:16 1054665                    /usr/lib/fglrx/libGL.so.1.2
7fb7ea2eb000-7fb7ea30b000 rwxp 00000000 00:00 0 
7fb7ea30b000-7fb7ea30f000 r-xp 00000000 08:16 1056049                    /usr/lib/x86_64-linux-gnu/libXxf86vm.so.1.0.0
7fb7ea30f000-7fb7ea50e000 ---p 00004000 08:16 1056049                    /usr/lib/x86_64-linux-gnu/libXxf86vm.so.1.0.0
7fb7ea50e000-7fb7ea50f000 r--p 00003000 08:16 1056049                    /usr/lib/x86_64-linux-gnu/libXxf86vm.so.1.0.0
7fb7ea50f000-7fb7ea510000 rw-p 00004000 08:16 1056049                    /usr/lib/x86_64-linux-gnu/libXxf86vm.so.1.0.0
7fb7ea510000-7fb7ea576000 r-xp 00000000 08:16 3673310                    /home/relissa/.jme3/natives_9a0c8f4d/liblwjgl64.so
7fb7ea576000-7fb7ea776000 ---p 00066000 08:16 3673310                    /home/relissa/.jme3/natives_9a0c8f4d/liblwjgl64.so
7fb7ea776000-7fb7ea778000 r--p 00066000 08:16 3673310                    /home/relissa/.jme3/natives_9a0c8f4d/liblwjgl64.so
7fb7ea778000-7fb7ea779000 rw-p 00068000 08:16 3673310                    /home/relissa/.jme3/natives_9a0c8f4d/liblwjgl64.so
7fb7ea779000-7fb7ea77a000 r-xp 00000000 08:16 3544578                    /usr/lib/jvm/java-7-openjdk-amd64/jre/lib/amd64/libjawt.so
7fb7ea77a000-7fb7ea979000 ---p 00001000 08:16 3544578                    /usr/lib/jvm/java-7-openjdk-amd64/jre/lib/amd64/libjawt.so
7fb7ea979000-7fb7ea97a000 r--p 00000000 08:16 3544578                    /usr/lib/jvm/java-7-openjdk-amd64/jre/lib/amd64/libjawt.so
7fb7ea97a000-7fb7ea97b000 rw-p 00001000 08:16 3544578                    /usr/lib/jvm/java-7-openjdk-amd64/jre/lib/amd64/libjawt.so
7fb7ea97b000-7fb7ea97e000 ---p 00000000 00:00 0 
7fb7ea97e000-7fb7eaa7c000 rw-p 00000000 00:00 0 
7fb7eaa7c000-7fb7eaa8c000 r-xp 00000000 08:16 3544571                    /usr/lib/jvm/java-7-openjdk-amd64/jre/lib/amd64/libnio.so
7fb7eaa8c000-7fb7eac8b000 ---p 00010000 08:16 3544571                    /usr/lib/jvm/java-7-openjdk-amd64/jre/lib/amd64/libnio.so
7fb7eac8b000-7fb7eac8c000 r--p 0000f000 08:16 3544571                    /usr/lib/jvm/java-7-openjdk-amd64/jre/lib/amd64/libnio.so
7fb7eac8c000-7fb7eac8d000 rw-p 00010000 08:16 3544571                    /usr/lib/jvm/java-7-openjdk-amd64/jre/lib/amd64/libnio.so
7fb7eac8d000-7fb7eaca3000 r-xp 00000000 08:16 3544572                    /usr/lib/jvm/java-7-openjdk-amd64/jre/lib/amd64/libnet.so
7fb7eaca3000-7fb7eaea3000 ---p 00016000 08:16 3544572                    /usr/lib/jvm/java-7-openjdk-amd64/jre/lib/amd64/libnet.so
7fb7eaea3000-7fb7eaea4000 r--p 00016000 08:16 3544572                    /usr/lib/jvm/java-7-openjdk-amd64/jre/lib/amd64/libnet.so
7fb7eaea4000-7fb7eaea5000 rw-p 00017000 08:16 3544572                    /usr/lib/jvm/java-7-openjdk-amd64/jre/lib/amd64/libnet.so
7fb7eaea5000-7fb7eaee0000 r-xp 00000000 08:16 3544568                    /usr/lib/jvm/java-7-openjdk-amd64/jre/lib/amd64/libfontmanager.so
7fb7eaee0000-7fb7eb0df000 ---p 0003b000 08:16 3544568                    /usr/lib/jvm/java-7-openjdk-amd64/jre/lib/amd64/libfontmanager.so
7fb7eb0df000-7fb7eb0e1000 r--p 0003a000 08:16 3544568                    /usr/lib/jvm/java-7-openjdk-amd64/jre/lib/amd64/libfontmanager.so
7fb7eb0e1000-7fb7eb0e2000 rw-p 0003c000 08:16 3544568                    /usr/lib/jvm/java-7-openjdk-amd64/jre/lib/amd64/libfontmanager.so
7fb7eb0e2000-7fb7eb0e5000 ---p 00000000 00:00 0 
7fb7eb0e5000-7fb7eb1e3000 rw-p 00000000 00:00 0 
7fb7eb1e3000-7fb7eb1e6000 ---p 00000000 00:00 0 
7fb7eb1e6000-7fb7eb2e4000 rw-p 00000000 00:00 0 
7fb7eb2e4000-7fb7eb2e7000 ---p 00000000 00:00 0 
7fb7eb2e7000-7fb7eb3e5000 rw-p 00000000 00:00 0 
7fb7eb3e5000-7fb7eb3e8000 ---p 00000000 00:00 0 
7fb7eb3e8000-7fb7eb4e6000 rw-p 00000000 00:00 0 
7fb7eb4e6000-7fb7eb4e9000 ---p 00000000 00:00 0 
7fb7eb4e9000-7fb7eb5e7000 rw-p 00000000 00:00 0 
7fb7eb5e7000-7fb7eb5ea000 r-xp 00000000 08:16 5246606                    /lib/x86_64-linux-gnu/libgpg-error.so.0.8.0
7fb7eb5ea000-7fb7eb7e9000 ---p 00003000 08:16 5246606                    /lib/x86_64-linux-gnu/libgpg-error.so.0.8.0
7fb7eb7e9000-7fb7eb7ea000 r--p 00002000 08:16 5246606                    /lib/x86_64-linux-gnu/libgpg-error.so.0.8.0
7fb7eb7ea000-7fb7eb7eb000 rw-p 00003000 08:16 5246606                    /lib/x86_64-linux-gnu/libgpg-error.so.0.8.0
7fb7eb7eb000-7fb7eb7ee000 r-xp 00000000 08:16 5246610                    /lib/x86_64-linux-gnu/libkeyutils.so.1.4
7fb7eb7ee000-7fb7eb9ed000 ---p 00003000 08:16 5246610                    /lib/x86_64-linux-gnu/libkeyutils.so.1.4
7fb7eb9ed000-7fb7eb9ee000 r--p 00002000 08:16 5246610                    /lib/x86_64-linux-gnu/libkeyutils.so.1.4
7fb7eb9ee000-7fb7eb9ef000 rw-p 00003000 08:16 5246610                    /lib/x86_64-linux-gnu/libkeyutils.so.1.4
7fb7eb9ef000-7fb7eba31000 r-xp 00000000 08:16 5246591                    /lib/x86_64-linux-gnu/libdbus-1.so.3.5.8
7fb7eba31000-7fb7ebc31000 ---p 00042000 08:16 5246591                    /lib/x86_64-linux-gnu/libdbus-1.so.3.5.8
7fb7ebc31000-7fb7ebc32000 r--p 00042000 08:16 5246591                    /lib/x86_64-linux-gnu/libdbus-1.so.3.5.8
7fb7ebc32000-7fb7ebc33000 rw-p 00043000 08:16 5246591                    /lib/x86_64-linux-gnu/libdbus-1.so.3.5.8
7fb7ebc33000-7fb7ebc44000 r-xp 00000000 08:16 1056424                    /usr/lib/x86_64-linux-gnu/libp11-kit.so.0.0.0
7fb7ebc44000-7fb7ebe43000 ---p 00011000 08:16 1056424                    /usr/lib/x86_64-linux-gnu/libp11-kit.so.0.0.0
7fb7ebe43000-7fb7ebe44000 r--p 00010000 08:16 1056424                    /usr/lib/x86_64-linux-gnu/libp11-kit.so.0.0.0
7fb7ebe44000-7fb7ebe45000 rw-p 00011000 08:16 1056424                    /usr/lib/x86_64-linux-gnu/libp11-kit.so.0.0.0
7fb7ebe45000-7fb7ebebf000 r-xp 00000000 08:16 5246882                    /lib/x86_64-linux-gnu/libgcrypt.so.11.7.0
7fb7ebebf000-7fb7ec0bf000 ---p 0007a000 08:16 5246882                    /lib/x86_64-linux-gnu/libgcrypt.so.11.7.0
7fb7ec0bf000-7fb7ec0c0000 r--p 0007a000 08:16 5246882                    /lib/x86_64-linux-gnu/libgcrypt.so.11.7.0
7fb7ec0c0000-7fb7ec0c3000 rw-p 0007b000 08:16 5246882                    /lib/x86_64-linux-gnu/libgcrypt.so.11.7.0
7fb7ec0c3000-7fb7ec0d3000 r-xp 00000000 08:16 1061093                    /usr/lib/x86_64-linux-gnu/libtasn1.so.3.1.12
7fb7ec0d3000-7fb7ec2d2000 ---p 00010000 08:16 1061093                    /usr/lib/x86_64-linux-gnu/libtasn1.so.3.1.12
7fb7ec2d2000-7fb7ec2d3000 r--p 0000f000 08:16 1061093                    /usr/lib/x86_64-linux-gnu/libtasn1.so.3.1.12
7fb7ec2d3000-7fb7ec2d4000 rw-p 00010000 08:16 1061093                    /usr/lib/x86_64-linux-gnu/libtasn1.so.3.1.12
7fb7ec2d4000-7fb7ec2db000 r-xp 00000000 08:16 1052728                    /usr/lib/x86_64-linux-gnu/libkrb5support.so.0.1
7fb7ec2db000-7fb7ec4da000 ---p 00007000 08:16 1052728                    /usr/lib/x86_64-linux-gnu/libkrb5support.so.0.1
7fb7ec4da000-7fb7ec4db000 r--p 00006000 08:16 1052728                    /usr/lib/x86_64-linux-gnu/libkrb5support.so.0.1
7fb7ec4db000-7fb7ec4dc000 rw-p 00007000 08:16 1052728                    /usr/lib/x86_64-linux-gnu/libkrb5support.so.0.1
7fb7ec4dc000-7fb7ec4df000 r-xp 00000000 08:16 5246586                    /lib/x86_64-linux-gnu/libcom_err.so.2.1
7fb7ec4df000-7fb7ec6de000 ---p 00003000 08:16 5246586                    /lib/x86_64-linux-gnu/libcom_err.so.2.1
7fb7ec6de000-7fb7ec6df000 r--p 00002000 08:16 5246586                    /lib/x86_64-linux-gnu/libcom_err.so.2.1
7fb7ec6df000-7fb7ec6e0000 rw-p 00003000 08:16 5246586                    /lib/x86_64-linux-gnu/libcom_err.so.2.1
7fb7ec6e0000-7fb7ec705000 r-xp 00000000 08:16 1052714                    /usr/lib/x86_64-linux-gnu/libk5crypto.so.3.1
7fb7ec705000-7fb7ec905000 ---p 00025000 08:16 1052714                    /usr/lib/x86_64-linux-gnu/libk5crypto.so.3.1
7fb7ec905000-7fb7ec906000 r--p 00025000 08:16 1052714                    /usr/lib/x86_64-linux-gnu/libk5crypto.so.3.1
7fb7ec906000-7fb7ec907000 rw-p 00026000 08:16 1052714                    /usr/lib/x86_64-linux-gnu/libk5crypto.so.3.1
7fb7ec907000-7fb7ec908000 rw-p 00000000 00:00 0 
7fb7ec908000-7fb7ec9cc000 r-xp 00000000 08:16 1052724                    /usr/lib/x86_64-linux-gnu/libkrb5.so.3.3
7fb7ec9cc000-7fb7ecbcb000 ---p 000c4000 08:16 1052724                    /usr/lib/x86_64-linux-gnu/libkrb5.so.3.3
7fb7ecbcb000-7fb7ecbd5000 r--p 000c3000 08:16 1052724                    /usr/lib/x86_64-linux-gnu/libkrb5.so.3.3
7fb7ecbd5000-7fb7ecbd6000 rw-p 000cd000 08:16 1052724                    /usr/lib/x86_64-linux-gnu/libkrb5.so.3.3
7fb7ecbd6000-7fb7ecbde000 r-xp 00000000 08:16 1056599                    /usr/lib/x86_64-linux-gnu/libxcb-render.so.0.0.0
7fb7ecbde000-7fb7ecdde000 ---p 00008000 08:16 1056599                    /usr/lib/x86_64-linux-gnu/libxcb-render.so.0.0.0
7fb7ecdde000-7fb7ecddf000 r--p 00008000 08:16 1056599                    /usr/lib/x86_64-linux-gnu/libxcb-render.so.0.0.0
7fb7ecddf000-7fb7ecde0000 rw-p 00009000 08:16 1056599                    /usr/lib/x86_64-linux-gnu/libxcb-render.so.0.0.0
7fb7ecde0000-7fb7ecde2000 r-xp 00000000 08:16 1056603                    /usr/lib/x86_64-linux-gnu/libxcb-shm.so.0.0.0
7fb7ecde2000-7fb7ecfe1000 ---p 00002000 08:16 1056603                    /usr/lib/x86_64-linux-gnu/libxcb-shm.so.0.0.0
7fb7ecfe1000-7fb7ecfe2000 r--p 00001000 08:16 1056603                    /usr/lib/x86_64-linux-gnu/libxcb-shm.so.0.0.0
7fb7ecfe2000-7fb7ecfe3000 rw-p 00002000 08:16 1056603                    /usr/lib/x86_64-linux-gnu/libxcb-shm.so.0.0.0
7fb7ecfe3000-7fb7ed009000 r-xp 00000000 08:16 5246656                    /lib/x86_64-linux-gnu/libpng12.so.0.46.0
7fb7ed009000-7fb7ed209000 ---p 00026000 08:16 5246656                    /lib/x86_64-linux-gnu/libpng12.so.0.46.0
7fb7ed209000-7fb7ed20a000 r--p 00026000 08:16 5246656                    /lib/x86_64-linux-gnu/libpng12.so.0.46.0
7fb7ed20a000-7fb7ed20b000 rw-p 00027000 08:16 5246656                    /lib/x86_64-linux-gnu/libpng12.so.0.46.0
7fb7ed20b000-7fb7ed28c000 r-xp 00000000 08:16 1056450                    /usr/lib/x86_64-linux-gnu/libpixman-1.so.0.24.4
7fb7ed28c000-7fb7ed48b000 ---p 00081000 08:16 1056450                    /usr/lib/x86_64-linux-gnu/libpixman-1.so.0.24.4
7fb7ed48b000-7fb7ed491000 r--p 00080000 08:16 1056450                    /usr/lib/x86_64-linux-gnu/libpixman-1.so.0.24.4
7fb7ed491000-7fb7ed492000 rw-p 00086000 08:16 1056450                    /usr/lib/x86_64-linux-gnu/libpixman-1.so.0.24.4
7fb7ed492000-7fb7ed497000 r-xp 00000000 08:16 1056019                    /usr/lib/x86_64-linux-gnu/libXdmcp.so.6.0.0
7fb7ed497000-7fb7ed696000 ---p 00005000 08:16 1056019                    /usr/lib/x86_64-linux-gnu/libXdmcp.so.6.0.0
7fb7ed696000-7fb7ed697000 r--p 00004000 08:16 1056019                    /usr/lib/x86_64-linux-gnu/libXdmcp.so.6.0.0
7fb7ed697000-7fb7ed698000 rw-p 00005000 08:16 1056019                    /usr/lib/x86_64-linux-gnu/libXdmcp.so.6.0.0
7fb7ed698000-7fb7ed69a000 r-xp 00000000 08:16 1056008                    /usr/lib/x86_64-linux-gnu/libXau.so.6.0.0
7fb7ed69a000-7fb7ed899000 ---p 00002000 08:16 1056008                    /usr/lib/x86_64-linux-gnu/libXau.so.6.0.0
7fb7ed899000-7fb7ed89a000 r--p 00001000 08:16 1056008                    /usr/lib/x86_64-linux-gnu/libXau.so.6.0.0
7fb7ed89a000-7fb7ed89b000 rw-p 00002000 08:16 1056008                    /usr/lib/x86_64-linux-gnu/libXau.so.6.0.0
7fb7ed89b000-7fb7ed8ab000 r-xp 00000000 08:16 1056075                    /usr/lib/x86_64-linux-gnu/libavahi-client.so.3.2.9
7fb7ed8ab000-7fb7edaaa000 ---p 00010000 08:16 1056075                    /usr/lib/x86_64-linux-gnu/libavahi-client.so.3.2.9
7fb7edaaa000-7fb7edaab000 r--p 0000f000 08:16 1056075                    /usr/lib/x86_64-linux-gnu/libavahi-client.so.3.2.9
7fb7edaab000-7fb7edaac000 rw-p 00010000 08:16 1056075                    /usr/lib/x86_64-linux-gnu/libavahi-client.so.3.2.9
7fb7edaac000-7fb7edab7000 r-xp 00000000 08:16 1056077                    /usr/lib/x86_64-linux-gnu/libavahi-common.so.3.5.3
7fb7edab7000-7fb7edcb6000 ---p 0000b000 08:16 1056077                    /usr/lib/x86_64-linux-gnu/libavahi-common.so.3.5.3
7fb7edcb6000-7fb7edcb7000 r--p 0000a000 08:16 1056077                    /usr/lib/x86_64-linux-gnu/libavahi-common.so.3.5.3
7fb7edcb7000-7fb7edcb8000 rw-p 0000b000 08:16 1056077                    /usr/lib/x86_64-linux-gnu/libavahi-common.so.3.5.3
7fb7edcb8000-7fb7edd6c000 r-xp 00000000 08:16 1056248                    /usr/lib/x86_64-linux-gnu/libgnutls.so.26.21.8
7fb7edd6c000-7fb7edf6c000 ---p 000b4000 08:16 1056248                    /usr/lib/x86_64-linux-gnu/libgnutls.so.26.21.8
7fb7edf6c000-7fb7edf72000 r--p 000b4000 08:16 1056248                    /usr/lib/x86_64-linux-gnu/libgnutls.so.26.21.8
7fb7edf72000-7fb7edf73000 rw-p 000ba000 08:16 1056248                    /usr/lib/x86_64-linux-gnu/libgnutls.so.26.21.8
7fb7edf73000-7fb7edf74000 rw-p 00000000 00:00 0 
7fb7edf74000-7fb7edfaf000 r-xp 00000000 08:16 1052718                    /usr/lib/x86_64-linux-gnu/libgssapi_krb5.so.2.2
7fb7edfaf000-7fb7ee1af000 ---p 0003b000 08:16 1052718                    /usr/lib/x86_64-linux-gnu/libgssapi_krb5.so.2.2
7fb7ee1af000-7fb7ee1b0000 r--p 0003b000 08:16 1052718                    /usr/lib/x86_64-linux-gnu/libgssapi_krb5.so.2.2
7fb7ee1b0000-7fb7ee1b2000 rw-p 0003c000 08:16 1052718                    /usr/lib/x86_64-linux-gnu/libgssapi_krb5.so.2.2
7fb7ee1b2000-7fb7ee1ee000 r-xp 00000000 08:16 5246652                    /lib/x86_64-linux-gnu/libpcre.so.3.12.1
7fb7ee1ee000-7fb7ee3ed000 ---p 0003c000 08:16 5246652                    /lib/x86_64-linux-gnu/libpcre.so.3.12.1
7fb7ee3ed000-7fb7ee3ee000 r--p 0003b000 08:16 5246652                    /lib/x86_64-linux-gnu/libpcre.so.3.12.1
7fb7ee3ee000-7fb7ee3ef000 rw-p 0003c000 08:16 5246652                    /lib/x86_64-linux-gnu/libpcre.so.3.12.1
7fb7ee3ef000-7fb7ee3f6000 r-xp 00000000 08:16 1056193                    /usr/lib/x86_64-linux-gnu/libffi.so.6.0.0
7fb7ee3f6000-7fb7ee5f5000 ---p 00007000 08:16 1056193                    /usr/lib/x86_64-linux-gnu/libffi.so.6.0.0
7fb7ee5f5000-7fb7ee5f6000 r--p 00006000 08:16 1056193                    /usr/lib/x86_64-linux-gnu/libffi.so.6.0.0
7fb7ee5f6000-7fb7ee5f7000 rw-p 00007000 08:16 1056193                    /usr/lib/x86_64-linux-gnu/libffi.so.6.0.0
7fb7ee5f7000-7fb7ee61e000 r-xp 00000000 08:16 5246597                    /lib/x86_64-linux-gnu/libexpat.so.1.5.2
7fb7ee61e000-7fb7ee81e000 ---p 00027000 08:16 5246597                    /lib/x86_64-linux-gnu/libexpat.so.1.5.2
7fb7ee81e000-7fb7ee820000 r--p 00027000 08:16 5246597                    /lib/x86_64-linux-gnu/libexpat.so.1.5.2
7fb7ee820000-7fb7ee821000 rw-p 00029000 08:16 5246597                    /lib/x86_64-linux-gnu/libexpat.so.1.5.2
7fb7ee821000-7fb7ee8b7000 r-xp 00000000 08:16 1056201                    /usr/lib/x86_64-linux-gnu/libfreetype.so.6.8.0
7fb7ee8b7000-7fb7eeab6000 ---p 00096000 08:16 1056201                    /usr/lib/x86_64-linux-gnu/libfreetype.so.6.8.0
7fb7eeab6000-7fb7eeabc000 r--p 00095000 08:16 1056201                    /usr/lib/x86_64-linux-gnu/libfreetype.so.6.8.0
7fb7eeabc000-7fb7eeabd000 rw-p 0009b000 08:16 1056201                    /usr/lib/x86_64-linux-gnu/libfreetype.so.6.8.0
7fb7eeabd000-7fb7eead5000 r-xp 00000000 08:16 5246663                    /lib/x86_64-linux-gnu/libresolv-2.15.so
7fb7eead5000-7fb7eecd5000 ---p 00018000 08:16 5246663                    /lib/x86_64-linux-gnu/libresolv-2.15.so
7fb7eecd5000-7fb7eecd6000 r--p 00018000 08:16 5246663                    /lib/x86_64-linux-gnu/libresolv-2.15.so
7fb7eecd6000-7fb7eecd7000 rw-p 00019000 08:16 5246663                    /lib/x86_64-linux-gnu/libresolv-2.15.so
7fb7eecd7000-7fb7eecd9000 rw-p 00000000 00:00 0 
7fb7eecd9000-7fb7eecf6000 r-xp 00000000 08:16 5246667                    /lib/x86_64-linux-gnu/libselinux.so.1
7fb7eecf6000-7fb7eeef5000 ---p 0001d000 08:16 5246667                    /lib/x86_64-linux-gnu/libselinux.so.1
7fb7eeef5000-7fb7eeef6000 r--p 0001c000 08:16 5246667                    /lib/x86_64-linux-gnu/libselinux.so.1
7fb7eeef6000-7fb7eeef7000 rw-p 0001d000 08:16 5246667                    /lib/x86_64-linux-gnu/libselinux.so.1
7fb7eeef7000-7fb7eeef8000 rw-p 00000000 00:00 0 
7fb7eeef8000-7fb7eeefb000 r-xp 00000000 08:16 1056240                    /usr/lib/x86_64-linux-gnu/libgmodule-2.0.so.0.3200.1
7fb7eeefb000-7fb7ef0fa000 ---p 00003000 08:16 1056240                    /usr/lib/x86_64-linux-gnu/libgmodule-2.0.so.0.3200.1
7fb7ef0fa000-7fb7ef0fb000 r--p 00002000 08:16 1056240                    /usr/lib/x86_64-linux-gnu/libgmodule-2.0.so.0.3200.1
7fb7ef0fb000-7fb7ef0fc000 rw-p 00003000 08:16 1056240                    /usr/lib/x86_64-linux-gnu/libgmodule-2.0.so.0.3200.1
7fb7ef0fc000-7fb7ef0fe000 r-xp 00000000 08:16 1056017                    /usr/lib/x86_64-linux-gnu/libXdamage.so.1.1.0
7fb7ef0fe000-7fb7ef2fd000 ---p 00002000 08:16 1056017                    /usr/lib/x86_64-linux-gnu/libXdamage.so.1.1.0
7fb7ef2fd000-7fb7ef2fe000 r--p 00001000 08:16 1056017                    /usr/lib/x86_64-linux-gnu/libXdamage.so.1.1.0
7fb7ef2fe000-7fb7ef2ff000 rw-p 00002000 08:16 1056017                    /usr/lib/x86_64-linux-gnu/libXdamage.so.1.1.0
7fb7ef2ff000-7fb7ef301000 r-xp 00000000 08:16 1056013                    /usr/lib/x86_64-linux-gnu/libXcomposite.so.1.0.0
7fb7ef301000-7fb7ef500000 ---p 00002000 08:16 1056013                    /usr/lib/x86_64-linux-gnu/libXcomposite.so.1.0.0
7fb7ef500000-7fb7ef501000 r--p 00001000 08:16 1056013                    /usr/lib/x86_64-linux-gnu/libXcomposite.so.1.0.0
7fb7ef501000-7fb7ef502000 rw-p 00002000 08:16 1056013                    /usr/lib/x86_64-linux-gnu/libXcomposite.so.1.0.0
7fb7ef502000-7fb7ef50b000 r-xp 00000000 08:16 1056015                    /usr/lib/x86_64-linux-gnu/libXcursor.so.1.0.2
7fb7ef50b000-7fb7ef70a000 ---p 00009000 08:16 1056015                    /usr/lib/x86_64-linux-gnu/libXcursor.so.1.0.2
7fb7ef70a000-7fb7ef70b000 r--p 00008000 08:16 1056015                    /usr/lib/x86_64-linux-gnu/libXcursor.so.1.0.2
7fb7ef70b000-7fb7ef70c000 rw-p 00009000 08:16 1056015                    /usr/lib/x86_64-linux-gnu/libXcursor.so.1.0.2
7fb7ef70c000-7fb7ef714000 r-xp 00000000 08:16 1056039                    /usr/lib/x86_64-linux-gnu/libXrandr.so.2.2.0
7fb7ef714000-7fb7ef913000 ---p 00008000 08:16 1056039                    /usr/lib/x86_64-linux-gnu/libXrandr.so.2.2.0
7fb7ef913000-7fb7ef914000 r--p 00007000 08:16 1056039                    /usr/lib/x86_64-linux-gnu/libXrandr.so.2.2.0
7fb7ef914000-7fb7ef915000 rw-p 00008000 08:16 1056039                    /usr/lib/x86_64-linux-gnu/libXrandr.so.2.2.0
7fb7ef915000-7fb7ef917000 r-xp 00000000 08:16 1056029                    /usr/lib/x86_64-linux-gnu/libXinerama.so.1.0.0
7fb7ef917000-7fb7efb16000 ---p 00002000 08:16 1056029                    /usr/lib/x86_64-linux-gnu/libXinerama.so.1.0.0
7fb7efb16000-7fb7efb17000 r--p 00001000 08:16 1056029                    /usr/lib/x86_64-linux-gnu/libXinerama.so.1.0.0
7fb7efb17000-7fb7efb18000 rw-p 00002000 08:16 1056029                    /usr/lib/x86_64-linux-gnu/libXinerama.so.1.0.0
7fb7efb18000-7fb7efb41000 r-xp 00000000 08:16 1056434                    /usr/lib/x86_64-linux-gnu/libpangoft2-1.0.so.0.3000.0
7fb7efb41000-7fb7efd40000 ---p 00029000 08:16 1056434                    /usr/lib/x86_64-linux-gnu/libpangoft2-1.0.so.0.3000.0
7fb7efd40000-7fb7efd41000 r--p 00028000 08:16 1056434                    /usr/lib/x86_64-linux-gnu/libpangoft2-1.0.so.0.3000.0
7fb7efd41000-7fb7efd42000 rw-p 00029000 08:16 1056434                    /usr/lib/x86_64-linux-gnu/libpangoft2-1.0.so.0.3000.0
7fb7efd42000-7fb7efdfb000 r-xp 00000000 08:16 1055379                    /usr/lib/x86_64-linux-gnu/libcairo.so.2.11000.2
7fb7efdfb000-7fb7efffa000 ---p 000b9000 08:16 1055379                    /usr/lib/x86_64-linux-gnu/libcairo.so.2.11000.2
7fb7efffa000-7fb7efffc000 r--p 000b8000 08:16 1055379                    /usr/lib/x86_64-linux-gnu/libcairo.so.2.11000.2
7fb7efffc000-7fb7efffd000 rw-p 000ba000 08:16 1055379                    /usr/lib/x86_64-linux-gnu/libcairo.so.2.11000.2
7fb7efffd000-7fb7f0000000 rw-p 00000000 00:00 0 
7fb7f0000000-7fb7f00ab000 rw-p 00000000 00:00 0 
7fb7f00ab000-7fb7f4000000 ---p 00000000 00:00 0 
7fb7f4000000-7fb7f40b4000 rw-p 00000000 00:00 0 
7fb7f40b4000-7fb7f8000000 ---p 00000000 00:00 0 
7fb7f8000000-7fb7f84b1000 rw-p 00000000 00:00 0 
7fb7f84b1000-7fb7fc000000 ---p 00000000 00:00 0 
7fb7fc000000-7fb7fc4af000 rw-p 00000000 00:00 0 
7fb7fc4af000-7fb800000000 ---p 00000000 00:00 0 
7fb800000000-7fb800021000 rw-p 00000000 00:00 0 
7fb800021000-7fb804000000 ---p 00000000 00:00 0 
7fb804050000-7fb804053000 ---p 00000000 00:00 0 
7fb804053000-7fb804151000 rw-p 00000000 00:00 0 
7fb804151000-7fb804170000 r-xp 00000000 08:16 1056067                    /usr/lib/x86_64-linux-gnu/libatk-1.0.so.0.20409.1
7fb804170000-7fb804370000 ---p 0001f000 08:16 1056067                    /usr/lib/x86_64-linux-gnu/libatk-1.0.so.0.20409.1
7fb804370000-7fb804372000 r--p 0001f000 08:16 1056067                    /usr/lib/x86_64-linux-gnu/libatk-1.0.so.0.20409.1
7fb804372000-7fb804373000 rw-p 00021000 08:16 1056067                    /usr/lib/x86_64-linux-gnu/libatk-1.0.so.0.20409.1
7fb804373000-7fb804378000 r-xp 00000000 08:16 1056023                    /usr/lib/x86_64-linux-gnu/libXfixes.so.3.1.0
7fb804378000-7fb804577000 ---p 00005000 08:16 1056023                    /usr/lib/x86_64-linux-gnu/libXfixes.so.3.1.0
7fb804577000-7fb804578000 r--p 00004000 08:16 1056023                    /usr/lib/x86_64-linux-gnu/libXfixes.so.3.1.0
7fb804578000-7fb804579000 rw-p 00005000 08:16 1056023                    /usr/lib/x86_64-linux-gnu/libXfixes.so.3.1.0
7fb804579000-7fb804584000 r-xp 00000000 08:16 1056432                    /usr/lib/x86_64-linux-gnu/libpangocairo-1.0.so.0.3000.0
7fb804584000-7fb804783000 ---p 0000b000 08:16 1056432                    /usr/lib/x86_64-linux-gnu/libpangocairo-1.0.so.0.3000.0
7fb804783000-7fb804784000 r--p 0000a000 08:16 1056432                    /usr/lib/x86_64-linux-gnu/libpangocairo-1.0.so.0.3000.0
7fb804784000-7fb804785000 rw-p 0000b000 08:16 1056432                    /usr/lib/x86_64-linux-gnu/libpangocairo-1.0.so.0.3000.0
7fb804785000-7fb8047a2000 r-xp 00000000 08:16 1056607                    /usr/lib/x86_64-linux-gnu/libxcb.so.1.1.0
7fb8047a2000-7fb8049a1000 ---p 0001d000 08:16 1056607                    /usr/lib/x86_64-linux-gnu/libxcb.so.1.1.0
7fb8049a1000-7fb8049a2000 r--p 0001c000 08:16 1056607                    /usr/lib/x86_64-linux-gnu/libxcb.so.1.1.0
7fb8049a2000-7fb8049a3000 rw-p 0001d000 08:16 1056607                    /usr/lib/x86_64-linux-gnu/libxcb.so.1.1.0
7fb8049a3000-7fb8049f3000 r-xp 00000000 08:16 1061164                    /usr/lib/x86_64-linux-gnu/libcups.so.2
7fb8049f3000-7fb804bf2000 ---p 00050000 08:16 1061164                    /usr/lib/x86_64-linux-gnu/libcups.so.2
7fb804bf2000-7fb804bf6000 r--p 0004f000 08:16 1061164                    /usr/lib/x86_64-linux-gnu/libcups.so.2
7fb804bf6000-7fb804bf7000 rw-p 00053000 08:16 1061164                    /usr/lib/x86_64-linux-gnu/libcups.so.2
7fb804bf7000-7fb804ce9000 r-xp 00000000 08:16 5246604                    /lib/x86_64-linux-gnu/libglib-2.0.so.0.3200.1
7fb804ce9000-7fb804ee9000 ---p 000f2000 08:16 5246604                    /lib/x86_64-linux-gnu/libglib-2.0.so.0.3200.1
7fb804ee9000-7fb804eea000 r--p 000f2000 08:16 5246604                    /lib/x86_64-linux-gnu/libglib-2.0.so.0.3200.1
7fb804eea000-7fb804eeb000 rw-p 000f3000 08:16 5246604                    /lib/x86_64-linux-gnu/libglib-2.0.so.0.3200.1
7fb804eeb000-7fb804eec000 rw-p 00000000 00:00 0 
7fb804eec000-7fb804eed000 r-xp 00000000 08:16 1056309                    /usr/lib/x86_64-linux-gnu/libgthread-2.0.so.0.3200.1
7fb804eed000-7fb8050ec000 ---p 00001000 08:16 1056309                    /usr/lib/x86_64-linux-gnu/libgthread-2.0.so.0.3200.1
7fb8050ec000-7fb8050ed000 r--p 00000000 08:16 1056309                    /usr/lib/x86_64-linux-gnu/libgthread-2.0.so.0.3200.1
7fb8050ed000-7fb8050ee000 rw-p 00001000 08:16 1056309                    /usr/lib/x86_64-linux-gnu/libgthread-2.0.so.0.3200.1
7fb8050ee000-7fb80513b000 r-xp 00000000 08:16 1056254                    /usr/lib/x86_64-linux-gnu/libgobject-2.0.so.0.3200.1
7fb80513b000-7fb80533b000 ---p 0004d000 08:16 1056254                    /usr/lib/x86_64-linux-gnu/libgobject-2.0.so.0.3200.1
7fb80533b000-7fb80533c000 r--p 0004d000 08:16 1056254                    /usr/lib/x86_64-linux-gnu/libgobject-2.0.so.0.3200.1
7fb80533c000-7fb80533d000 rw-p 0004e000 08:16 1056254                    /usr/lib/x86_64-linux-gnu/libgobject-2.0.so.0.3200.1
7fb80533d000-7fb805371000 r-xp 00000000 08:16 1056195                    /usr/lib/x86_64-linux-gnu/libfontconfig.so.1.4.4
7fb805371000-7fb805571000 ---p 00034000 08:16 1056195                    /usr/lib/x86_64-linux-gnu/libfontconfig.so.1.4.4
7fb805571000-7fb805572000 r--p 00034000 08:16 1056195                    /usr/lib/x86_64-linux-gnu/libfontconfig.so.1.4.4
7fb805572000-7fb805573000 rw-p 00035000 08:16 1056195                    /usr/lib/x86_64-linux-gnu/libfontconfig.so.1.4.4
7fb805573000-7fb8055b9000 r-xp 00000000 08:16 1056430                    /usr/lib/x86_64-linux-gnu/libpango-1.0.so.0.3000.0
7fb8055b9000-7fb8057b9000 ---p 00046000 08:16 1056430                    /usr/lib/x86_64-linux-gnu/libpango-1.0.so.0.3000.0
7fb8057b9000-7fb8057bb000 r--p 00046000 08:16 1056430                    /usr/lib/x86_64-linux-gnu/libpango-1.0.so.0.3000.0
7fb8057bb000-7fb8057bc000 rw-p 00048000 08:16 1056430                    /usr/lib/x86_64-linux-gnu/libpango-1.0.so.0.3000.0
7fb8057bc000-7fb8057da000 r-xp 00000000 08:16 1056220                    /usr/lib/x86_64-linux-gnu/libgdk_pixbuf-2.0.so.0.2600.1
7fb8057da000-7fb8059da000 ---p 0001e000 08:16 1056220                    /usr/lib/x86_64-linux-gnu/libgdk_pixbuf-2.0.so.0.2600.1
7fb8059da000-7fb8059db000 r--p 0001e000 08:16 1056220                    /usr/lib/x86_64-linux-gnu/libgdk_pixbuf-2.0.so.0.2600.1
7fb8059db000-7fb8059dc000 rw-p 0001f000 08:16 1056220                    /usr/lib/x86_64-linux-gnu/libgdk_pixbuf-2.0.so.0.2600.1
7fb8059dc000-7fb805b24000 r-xp 00000000 08:16 1056230                    /usr/lib/x86_64-linux-gnu/libgio-2.0.so.0.3200.1
7fb805b24000-7fb805d23000 ---p 00148000 08:16 1056230                    /usr/lib/x86_64-linux-gnu/libgio-2.0.so.0.3200.1
7fb805d23000-7fb805d27000 r--p 00147000 08:16 1056230                    /usr/lib/x86_64-linux-gnu/libgio-2.0.so.0.3200.1
7fb805d27000-7fb805d29000 rw-p 0014b000 08:16 1056230                    /usr/lib/x86_64-linux-gnu/libgio-2.0.so.0.3200.1
7fb805d29000-7fb805d2b000 rw-p 00000000 00:00 0 
7fb805d2b000-7fb805dd8000 r-xp 00000000 08:16 1056218                    /usr/lib/x86_64-linux-gnu/libgdk-x11-2.0.so.0.2400.10
7fb805dd8000-7fb805fd7000 ---p 000ad000 08:16 1056218                    /usr/lib/x86_64-linux-gnu/libgdk-x11-2.0.so.0.2400.10
7fb805fd7000-7fb805fdb000 r--p 000ac000 08:16 1056218                    /usr/lib/x86_64-linux-gnu/libgdk-x11-2.0.so.0.2400.10
7fb805fdb000-7fb805fdd000 rw-p 000b0000 08:16 1056218                    /usr/lib/x86_64-linux-gnu/libgdk-x11-2.0.so.0.2400.10
7fb805fdd000-7fb80640a000 r-xp 00000000 08:16 1056313                    /usr/lib/x86_64-linux-gnu/libgtk-x11-2.0.so.0.2400.10
7fb80640a000-7fb80660a000 ---p 0042d000 08:16 1056313                    /usr/lib/x86_64-linux-gnu/libgtk-x11-2.0.so.0.2400.10
7fb80660a000-7fb806611000 r--p 0042d000 08:16 1056313                    /usr/lib/x86_64-linux-gnu/libgtk-x11-2.0.so.0.2400.10
7fb806611000-7fb806615000 rw-p 00434000 08:16 1056313                    /usr/lib/x86_64-linux-gnu/libgtk-x11-2.0.so.0.2400.10
7fb806615000-7fb806617000 rw-p 00000000 00:00 0 
7fb806617000-7fb806625000 r-xp 00000000 08:16 1056027                    /usr/lib/x86_64-linux-gnu/libXi.so.6.1.0
7fb806625000-7fb806824000 ---p 0000e000 08:16 1056027                    /usr/lib/x86_64-linux-gnu/libXi.so.6.1.0
7fb806824000-7fb806825000 r--p 0000d000 08:16 1056027                    /usr/lib/x86_64-linux-gnu/libXi.so.6.1.0
7fb806825000-7fb806826000 rw-p 0000e000 08:16 1056027                    /usr/lib/x86_64-linux-gnu/libXi.so.6.1.0
7fb806826000-7fb80682b000 r-xp 00000000 08:16 1056045                    /usr/lib/x86_64-linux-gnu/libXtst.so.6.1.0
7fb80682b000-7fb806a2a000 ---p 00005000 08:16 1056045                    /usr/lib/x86_64-linux-gnu/libXtst.so.6.1.0
7fb806a2a000-7fb806a2b000 r--p 00004000 08:16 1056045                    /usr/lib/x86_64-linux-gnu/libXtst.so.6.1.0
7fb806a2b000-7fb806a2c000 rw-p 00005000 08:16 1056045                    /usr/lib/x86_64-linux-gnu/libXtst.so.6.1.0
7fb806a2c000-7fb806a35000 r-xp 00000000 08:16 1056041                    /usr/lib/x86_64-linux-gnu/libXrender.so.1.3.0
7fb806a35000-7fb806c34000 ---p 00009000 08:16 1056041                    /usr/lib/x86_64-linux-gnu/libXrender.so.1.3.0
7fb806c34000-7fb806c35000 r--p 00008000 08:16 1056041                    /usr/lib/x86_64-linux-gnu/libXrender.so.1.3.0
7fb806c35000-7fb806c36000 rw-p 00009000 08:16 1056041                    /usr/lib/x86_64-linux-gnu/libXrender.so.1.3.0
7fb806c36000-7fb806d65000 r-xp 00000000 08:16 1056006                    /usr/lib/x86_64-linux-gnu/libX11.so.6.3.0
7fb806d65000-7fb806f65000 ---p 0012f000 08:16 1056006                    /usr/lib/x86_64-linux-gnu/libX11.so.6.3.0
7fb806f65000-7fb806f66000 r--p 0012f000 08:16 1056006                    /usr/lib/x86_64-linux-gnu/libX11.so.6.3.0
7fb806f66000-7fb806f6a000 rw-p 00130000 08:16 1056006                    /usr/lib/x86_64-linux-gnu/libX11.so.6.3.0
7fb806f6a000-7fb806f7a000 r-xp 00000000 08:16 1056021                    /usr/lib/x86_64-linux-gnu/libXext.so.6.4.0
7fb806f7a000-7fb807179000 ---p 00010000 08:16 1056021                    /usr/lib/x86_64-linux-gnu/libXext.so.6.4.0
7fb807179000-7fb80717a000 r--p 0000f000 08:16 1056021                    /usr/lib/x86_64-linux-gnu/libXext.so.6.4.0
7fb80717a000-7fb80717b000 rw-p 00010000 08:16 1056021                    /usr/lib/x86_64-linux-gnu/libXext.so.6.4.0
7fb80717b000-7fb8071d1000 r-xp 00000000 08:16 3544819                    /usr/lib/jvm/java-7-openjdk-amd64/jre/lib/amd64/xawt/libmawt.so
7fb8071d1000-7fb8073d0000 ---p 00056000 08:16 3544819                    /usr/lib/jvm/java-7-openjdk-amd64/jre/lib/amd64/xawt/libmawt.so
7fb8073d0000-7fb8073d1000 r--p 00055000 08:16 3544819                    /usr/lib/jvm/java-7-openjdk-amd64/jre/lib/amd64/xawt/libmawt.so
7fb8073d1000-7fb8073d4000 rw-p 00056000 08:16 3544819                    /usr/lib/jvm/java-7-openjdk-amd64/jre/lib/amd64/xawt/libmawt.so
7fb8073d4000-7fb8073d5000 rw-p 00000000 00:00 0 
7fb8073d5000-7fb807483000 r-xp 00000000 08:16 3544588                    /usr/lib/jvm/java-7-openjdk-amd64/jre/lib/amd64/libawt.so
7fb807483000-7fb807682000 ---p 000ae000 08:16 3544588                    /usr/lib/jvm/java-7-openjdk-amd64/jre/lib/amd64/libawt.so
7fb807682000-7fb807683000 r--p 000ad000 08:16 3544588                    /usr/lib/jvm/java-7-openjdk-amd64/jre/lib/amd64/libawt.so
7fb807683000-7fb80768e000 rw-p 000ae000 08:16 3544588                    /usr/lib/jvm/java-7-openjdk-amd64/jre/lib/amd64/libawt.so
7fb80768e000-7fb8076b3000 rw-p 00000000 00:00 0 
7fb8076b3000-7fb8076b4000 r--s 00006000 08:16 3676784                    /home/relissa/jmonkeyplatform/jmonkeyplatform/libs/noise-0.0.1-SNAPSHOT.jar
7fb8076b4000-7fb8076b7000 r--s 0001a000 08:16 3677188                    /home/relissa/jmonkeyplatform/jmonkeyplatform/libs/xmlpull-xpp3.jar
7fb8076b7000-7fb8076b9000 r--s 0003c000 08:16 3677429                    /home/relissa/jmonkeyplatform/jmonkeyplatform/libs/vecmath.jar
7fb8076b9000-7fb8076ba000 r--s 0000b000 08:16 3677222                    /home/relissa/jmonkeyplatform/jmonkeyplatform/libs/stack-alloc.jar
7fb8076ba000-7fb8076bc000 r--s 0000d000 08:16 3676956                    /home/relissa/jmonkeyplatform/jmonkeyplatform/libs/nifty-style-black.jar
7fb8076bc000-7fb8076c2000 r--s 00030000 08:16 3676642                    /home/relissa/jmonkeyplatform/jmonkeyplatform/libs/nifty-default-controls.jar
7fb8076c2000-7fb8076cc000 r--s 0006a000 08:16 3677370                    /home/relissa/jmonkeyplatform/jmonkeyplatform/libs/nifty.jar
7fb8076cc000-7fb8076ce000 r--s 00012000 08:16 3677292                    /home/relissa/jmonkeyplatform/jmonkeyplatform/libs/eventbus.jar
7fb8076ce000-7fb8076db000 r--s 000d2000 08:16 3677369                    /home/relissa/jmonkeyplatform/jmonkeyplatform/libs/lwjgl.jar
7fb8076db000-7fb8076df000 r--s 00030000 08:16 3677346                    /home/relissa/jmonkeyplatform/jmonkeyplatform/libs/jinput.jar
7fb8076df000-7fb8076e9000 r--s 00079000 08:16 3677317                    /home/relissa/jmonkeyplatform/jmonkeyplatform/libs/jbullet.jar
7fb8076e9000-7fb8076ea000 r--s 001f3000 08:16 3676914                    /home/relissa/jmonkeyplatform/jmonkeyplatform/libs/jME3-lwjgl-natives.jar
7fb8076ea000-7fb8076eb000 r--s 00009000 08:16 3677159                    /home/relissa/jmonkeyplatform/jmonkeyplatform/libs/j-ogg-vorbisd.jar
7fb8076eb000-7fb8076ed000 r--s 00005000 08:16 3677249                    /home/relissa/jmonkeyplatform/jmonkeyplatform/libs/j-ogg-oggd.jar
7fb8076ed000-7fb8076f0000 r--s 00020000 08:16 3677185                    /home/relissa/jmonkeyplatform/jmonkeyplatform/libs/jME3-jbullet.jar
7fb8076f0000-7fb80770b000 r--s 00228000 08:16 3677111                    /home/relissa/jmonkeyplatform/jmonkeyplatform/libs/jMonkeyEngine3.jar
7fb80770b000-7fb80770e000 r--s 00032000 08:16 1050313                    /usr/lib/jvm/java-7-openjdk-common/jre/lib/ext/sunjce_provider.jar
7fb80770e000-7fb807710000 r--s 00012000 08:16 1050314                    /usr/lib/jvm/java-7-openjdk-common/jre/lib/ext/zipfs.jar
7fb807710000-7fb807711000 r--s 00002000 08:16 1050311                    /usr/lib/jvm/java-7-openjdk-common/jre/lib/ext/dnsns.jar
7fb807711000-7fb807714000 r--s 00085000 08:16 1050312                    /usr/lib/jvm/java-7-openjdk-common/jre/lib/ext/localedata.jar
7fb807714000-7fb807717000 r--s 0000f000 08:16 1050315                    /usr/lib/jvm/java-7-openjdk-common/jre/lib/ext/pulse-java.jar
7fb807717000-7fb807718000 r--s 00007000 08:16 1453403                    /usr/share/java/java-atk-wrapper.jar
7fb807718000-7fb80771b000 r--s 0003c000 08:16 1050310                    /usr/lib/jvm/java-7-openjdk-common/jre/lib/ext/sunpkcs11.jar
7fb80771b000-7fb80771c000 ---p 00000000 00:00 0 
7fb80771c000-7fb80781c000 rw-p 00000000 00:00 0 
7fb80781c000-7fb80781f000 ---p 00000000 00:00 0 
7fb80781f000-7fb80791d000 rw-p 00000000 00:00 0 
7fb80791d000-7fb808000000 r--p 00000000 08:16 1055298                    /usr/lib/locale/locale-archive
7fb808000000-7fb808021000 rw-p 00000000 00:00 0 
7fb808021000-7fb80c000000 ---p 00000000 00:00 0 
7fb80c000000-7fb80c021000 rw-p 00000000 00:00 0 
7fb80c021000-7fb810000000 ---p 00000000 00:00 0 
7fb810000000-7fb810021000 rw-p 00000000 00:00 0 
7fb810021000-7fb814000000 ---p 00000000 00:00 0 
7fb814000000-7fb814021000 rw-p 00000000 00:00 0 
7fb814021000-7fb818000000 ---p 00000000 00:00 0 
7fb818000000-7fb818021000 rw-p 00000000 00:00 0 
7fb818021000-7fb81c000000 ---p 00000000 00:00 0 
7fb81c02e000-7fb81c035000 r--s 00000000 08:16 1314519                    /usr/lib/x86_64-linux-gnu/gconv/gconv-modules.cache
7fb81c035000-7fb81c045000 rw-s fe9f0000 00:05 9165                       /dev/ati/card0
7fb81c045000-7fb81c048000 ---p 00000000 00:00 0 
7fb81c048000-7fb81c05f000 rw-p 00000000 00:00 0 
7fb81c05f000-7fb81c060000 r--s 00000000 08:16 1843619                    /var/cache/fontconfig/c05880de57d1f5e948fdfacc138775d9-le64.cache-3
7fb81c060000-7fb81c069000 r--s 00000000 08:16 1843614                    /var/cache/fontconfig/945677eb7aeaf62f1d50efc3fb3ec7d8-le64.cache-3
7fb81c069000-7fb81c06b000 r--s 00000000 08:16 1843615                    /var/cache/fontconfig/99e8ed0e538f840c565b6ed5dad60d56-le64.cache-3
7fb81c06b000-7fb81c073000 r--s 00000000 08:16 1846703                    /var/cache/fontconfig/a6d8cf8e4ec09cdbc8633c31745a07dd-le64.cache-3
7fb81c073000-7fb81c077000 r--s 00000000 08:16 1843601                    /var/cache/fontconfig/2cd17615ca594fa2959ae173292e504c-le64.cache-3
7fb81c077000-7fb81c078000 r--s 00000000 08:16 1843626                    /var/cache/fontconfig/e7071f4a29fa870f4323321c154eba04-le64.cache-3
7fb81c078000-7fb81c079000 r--s 00000000 08:16 1843599                    /var/cache/fontconfig/0d8c3b2ac0904cb8a57a757ad11a4a08-le64.cache-3
7fb81c079000-7fb81c07f000 r--s 00000000 08:16 1843616                    /var/cache/fontconfig/a755afe4a08bf5b97852ceb7400b47bc-le64.cache-3
7fb81c07f000-7fb81c080000 r--s 00000000 08:16 1846509                    /var/cache/fontconfig/5a76b20910bc01daa5b6abd117531ab8-le64.cache-3
7fb81c080000-7fb81c089000 r--s 00000000 08:16 1847215                    /var/cache/fontconfig/6d41288fd70b0be22e8c3a91e032eec0-le64.cache-3
7fb81c089000-7fb81c0b7000 r--s 00000000 08:16 1846701                    /var/cache/fontconfig/365b55f210c0a22e9a19e35191240f32-le64.cache-3
7fb81c0b7000-7fb81c0ba000 ---p 00000000 00:00 0 
7fb81c0ba000-7fb81c1b8000 rw-p 00000000 00:00 0 
7fb81c1b8000-7fb81c1bb000 ---p 00000000 00:00 0 
7fb81c1bb000-7fb81c2b9000 rw-p 00000000 00:00 0 
7fb81c2b9000-7fb81c2bc000 ---p 00000000 00:00 0 
7fb81c2bc000-7fb81c3ba000 rw-p 00000000 00:00 0 
7fb81c3ba000-7fb81c3bd000 ---p 00000000 00:00 0 
7fb81c3bd000-7fb81c4bb000 rw-p 00000000 00:00 0 
7fb81c4bb000-7fb81c4be000 ---p 00000000 00:00 0 
7fb81c4be000-7fb81c5bc000 rw-p 00000000 00:00 0 
7fb81c5bc000-7fb81c5bd000 ---p 00000000 00:00 0 
7fb81c5bd000-7fb81ca2c000 rw-p 00000000 00:00 0 
7fb81ca2c000-7fb81cbdb000 r--s 03e91000 08:16 3544596                    /usr/lib/jvm/java-7-openjdk-amd64/jre/lib/rt.jar
7fb81cbdb000-7fb81cbdc000 ---p 00000000 00:00 0 
7fb81cbdc000-7fb81ccdc000 rw-p 00000000 00:00 0 
7fb81ccdc000-7fb81ccdd000 ---p 00000000 00:00 0 
7fb81ccdd000-7fb81cde8000 rw-p 00000000 00:00 0 
7fb81cde8000-7fb81ce30000 rw-p 00000000 00:00 0 
7fb81ce30000-7fb81ce44000 rw-p 00000000 00:00 0 
7fb81ce44000-7fb81cf64000 rw-p 00000000 00:00 0 
7fb81cf64000-7fb81cf6f000 rw-p 00000000 00:00 0 
7fb81cf6f000-7fb81cfff000 rw-p 00000000 00:00 0 
7fb81cfff000-7fb81d000000 rw-p 00000000 00:00 0 
7fb81d000000-7fb81d270000 rwxp 00000000 00:00 0 
7fb81d270000-7fb820353000 rw-p 00000000 00:00 0 
7fb820353000-7fb824000000 ---p 00000000 00:00 0 
7fb824002000-7fb824003000 rw-p 00000000 00:00 0 
7fb824003000-7fb824005000 rw-s 19074000 00:05 9165                       /dev/ati/card0
7fb824005000-7fb824015000 r--s 00000000 08:16 1843598                    /var/cache/fontconfig/04aabc0a78ac019cf9454389977116d2-le64.cache-3
7fb824015000-7fb824018000 r--s 00000000 08:16 1843604                    /var/cache/fontconfig/385c0604a188198f04d133e54aba7fe7-le64.cache-3
7fb824018000-7fb824019000 r--s 00000000 08:16 1841789                    /var/cache/fontconfig/4794a0821666d79190d59a36cb4f44b5-le64.cache-3
7fb824019000-7fb82401c000 r--s 00000000 08:16 1843613                    /var/cache/fontconfig/8801497958630a81b71ace7c5f9b32a8-le64.cache-3
7fb82401c000-7fb824021000 r--s 00000000 08:16 1843617                    /var/cache/fontconfig/b47c4e1ecd0709278f4910c18777a504-le64.cache-3
7fb824021000-7fb824029000 r--s 00000000 08:16 1846702                    /var/cache/fontconfig/52f7bdb7ce746bfd7eaa1985bd9cfa93-le64.cache-3
7fb824029000-7fb82405c000 rw-p 00000000 00:00 0 
7fb82405c000-7fb8240a4000 rw-p 00000000 00:00 0 
7fb8240a4000-7fb8240b8000 rw-p 00000000 00:00 0 
7fb8240b8000-7fb8241d9000 rw-p 00000000 00:00 0 
7fb8241d9000-7fb8241e1000 r-xp 00000000 08:16 3544581                    /usr/lib/jvm/java-7-openjdk-amd64/jre/lib/amd64/libzip.so
7fb8241e1000-7fb8243e0000 ---p 00008000 08:16 3544581                    /usr/lib/jvm/java-7-openjdk-amd64/jre/lib/amd64/libzip.so
7fb8243e0000-7fb8243e1000 r--p 00007000 08:16 3544581                    /usr/lib/jvm/java-7-openjdk-amd64/jre/lib/amd64/libzip.so
7fb8243e1000-7fb8243e2000 rw-p 00008000 08:16 3544581                    /usr/lib/jvm/java-7-openjdk-amd64/jre/lib/amd64/libzip.so
7fb8243e2000-7fb8243ee000 r-xp 00000000 08:16 5246630                    /lib/x86_64-linux-gnu/libnss_files-2.15.so
7fb8243ee000-7fb8245ed000 ---p 0000c000 08:16 5246630                    /lib/x86_64-linux-gnu/libnss_files-2.15.so
7fb8245ed000-7fb8245ee000 r--p 0000b000 08:16 5246630                    /lib/x86_64-linux-gnu/libnss_files-2.15.so
7fb8245ee000-7fb8245ef000 rw-p 0000c000 08:16 5246630                    /lib/x86_64-linux-gnu/libnss_files-2.15.so
7fb8245ef000-7fb8245f9000 r-xp 00000000 08:16 5246634                    /lib/x86_64-linux-gnu/libnss_nis-2.15.so
7fb8245f9000-7fb8247f9000 ---p 0000a000 08:16 5246634                    /lib/x86_64-linux-gnu/libnss_nis-2.15.so
7fb8247f9000-7fb8247fa000 r--p 0000a000 08:16 5246634                    /lib/x86_64-linux-gnu/libnss_nis-2.15.so
7fb8247fa000-7fb8247fb000 rw-p 0000b000 08:16 5246634                    /lib/x86_64-linux-gnu/libnss_nis-2.15.so
7fb8247fb000-7fb824812000 r-xp 00000000 08:16 5246624                    /lib/x86_64-linux-gnu/libnsl-2.15.so
7fb824812000-7fb824a11000 ---p 00017000 08:16 5246624                    /lib/x86_64-linux-gnu/libnsl-2.15.so
7fb824a11000-7fb824a12000 r--p 00016000 08:16 5246624                    /lib/x86_64-linux-gnu/libnsl-2.15.so
7fb824a12000-7fb824a13000 rw-p 00017000 08:16 5246624                    /lib/x86_64-linux-gnu/libnsl-2.15.so
7fb824a13000-7fb824a15000 rw-p 00000000 00:00 0 
7fb824a15000-7fb824a1d000 r-xp 00000000 08:16 5246626                    /lib/x86_64-linux-gnu/libnss_compat-2.15.so
7fb824a1d000-7fb824c1c000 ---p 00008000 08:16 5246626                    /lib/x86_64-linux-gnu/libnss_compat-2.15.so
7fb824c1c000-7fb824c1d000 r--p 00007000 08:16 5246626                    /lib/x86_64-linux-gnu/libnss_compat-2.15.so
7fb824c1d000-7fb824c1e000 rw-p 00008000 08:16 5246626                    /lib/x86_64-linux-gnu/libnss_compat-2.15.so
7fb824c1e000-7fb824c45000 r-xp 00000000 08:16 3544563                    /usr/lib/jvm/java-7-openjdk-amd64/jre/lib/amd64/libjava.so
7fb824c45000-7fb824e44000 ---p 00027000 08:16 3544563                    /usr/lib/jvm/java-7-openjdk-amd64/jre/lib/amd64/libjava.so
7fb824e44000-7fb824e45000 r--p 00026000 08:16 3544563                    /usr/lib/jvm/java-7-openjdk-amd64/jre/lib/amd64/libjava.so
7fb824e45000-7fb824e47000 rw-p 00027000 08:16 3544563                    /usr/lib/jvm/java-7-openjdk-amd64/jre/lib/amd64/libjava.so
7fb824e47000-7fb824e55000 r-xp 00000000 08:16 3544574                    /usr/lib/jvm/java-7-openjdk-amd64/jre/lib/amd64/libverify.so
7fb824e55000-7fb825054000 ---p 0000e000 08:16 3544574                    /usr/lib/jvm/java-7-openjdk-amd64/jre/lib/amd64/libverify.so
7fb825054000-7fb825056000 r--p 0000d000 08:16 3544574                    /usr/lib/jvm/java-7-openjdk-amd64/jre/lib/amd64/libverify.so
7fb825056000-7fb825057000 rw-p 0000f000 08:16 3544574                    /usr/lib/jvm/java-7-openjdk-amd64/jre/lib/amd64/libverify.so
7fb825057000-7fb82505e000 r-xp 00000000 08:16 5246665                    /lib/x86_64-linux-gnu/librt-2.15.so
7fb82505e000-7fb82525d000 ---p 00007000 08:16 5246665                    /lib/x86_64-linux-gnu/librt-2.15.so
7fb82525d000-7fb82525e000 r--p 00006000 08:16 5246665                    /lib/x86_64-linux-gnu/librt-2.15.so
7fb82525e000-7fb82525f000 rw-p 00007000 08:16 5246665                    /lib/x86_64-linux-gnu/librt-2.15.so
7fb82525f000-7fb825274000 r-xp 00000000 08:16 5246600                    /lib/x86_64-linux-gnu/libgcc_s.so.1
7fb825274000-7fb825473000 ---p 00015000 08:16 5246600                    /lib/x86_64-linux-gnu/libgcc_s.so.1
7fb825473000-7fb825474000 r--p 00014000 08:16 5246600                    /lib/x86_64-linux-gnu/libgcc_s.so.1
7fb825474000-7fb825475000 rw-p 00015000 08:16 5246600                    /lib/x86_64-linux-gnu/libgcc_s.so.1
7fb825475000-7fb82556e000 r-xp 00000000 08:16 5246611                    /lib/x86_64-linux-gnu/libm-2.15.so
7fb82556e000-7fb82576d000 ---p 000f9000 08:16 5246611                    /lib/x86_64-linux-gnu/libm-2.15.so
7fb82576d000-7fb82576e000 r--p 000f8000 08:16 5246611                    /lib/x86_64-linux-gnu/libm-2.15.so
7fb82576e000-7fb82576f000 rw-p 000f9000 08:16 5246611                    /lib/x86_64-linux-gnu/libm-2.15.so
7fb82576f000-7fb825851000 r-xp 00000000 08:16 1056535                    /usr/lib/x86_64-linux-gnu/libstdc++.so.6.0.16
7fb825851000-7fb825a50000 ---p 000e2000 08:16 1056535                    /usr/lib/x86_64-linux-gnu/libstdc++.so.6.0.16
7fb825a50000-7fb825a58000 r--p 000e1000 08:16 1056535                    /usr/lib/x86_64-linux-gnu/libstdc++.so.6.0.16
7fb825a58000-7fb825a5a000 rw-p 000e9000 08:16 1056535                    /usr/lib/x86_64-linux-gnu/libstdc++.so.6.0.16
7fb825a5a000-7fb825a6f000 rw-p 00000000 00:00 0 
7fb825a6f000-7fb826402000 r-xp 00000000 08:16 3544559                    /usr/lib/jvm/java-7-openjdk-amd64/jre/lib/amd64/server/libjvm.so
7fb826402000-7fb826602000 ---p 00993000 08:16 3544559                    /usr/lib/jvm/java-7-openjdk-amd64/jre/lib/amd64/server/libjvm.so
7fb826602000-7fb82667c000 r--p 00993000 08:16 3544559                    /usr/lib/jvm/java-7-openjdk-amd64/jre/lib/amd64/server/libjvm.so
7fb82667c000-7fb82669e000 rw-p 00a0d000 08:16 3544559                    /usr/lib/jvm/java-7-openjdk-amd64/jre/lib/amd64/server/libjvm.so
7fb82669e000-7fb8266c9000 rw-p 00000000 00:00 0 
7fb8266c9000-7fb8266e1000 r-xp 00000000 08:16 5246659                    /lib/x86_64-linux-gnu/libpthread-2.15.so
7fb8266e1000-7fb8268e0000 ---p 00018000 08:16 5246659                    /lib/x86_64-linux-gnu/libpthread-2.15.so
7fb8268e0000-7fb8268e1000 r--p 00017000 08:16 5246659                    /lib/x86_64-linux-gnu/libpthread-2.15.so
7fb8268e1000-7fb8268e2000 rw-p 00018000 08:16 5246659                    /lib/x86_64-linux-gnu/libpthread-2.15.so
7fb8268e2000-7fb8268e6000 rw-p 00000000 00:00 0 
7fb8268e6000-7fb8268fc000 r-xp 00000000 08:16 5246690                    /lib/x86_64-linux-gnu/libz.so.1.2.3.4
7fb8268fc000-7fb826afb000 ---p 00016000 08:16 5246690                    /lib/x86_64-linux-gnu/libz.so.1.2.3.4
7fb826afb000-7fb826afc000 r--p 00015000 08:16 5246690                    /lib/x86_64-linux-gnu/libz.so.1.2.3.4
7fb826afc000-7fb826afd000 rw-p 00016000 08:16 5246690                    /lib/x86_64-linux-gnu/libz.so.1.2.3.4
7fb826afd000-7fb826aff000 r-xp 00000000 08:16 5246592                    /lib/x86_64-linux-gnu/libdl-2.15.so
7fb826aff000-7fb826cff000 ---p 00002000 08:16 5246592                    /lib/x86_64-linux-gnu/libdl-2.15.so
7fb826cff000-7fb826d00000 r--p 00002000 08:16 5246592                    /lib/x86_64-linux-gnu/libdl-2.15.so
7fb826d00000-7fb826d01000 rw-p 00003000 08:16 5246592                    /lib/x86_64-linux-gnu/libdl-2.15.so
7fb826d01000-7fb826eb4000 r-xp 00000000 08:16 5246579                    /lib/x86_64-linux-gnu/libc-2.15.so
7fb826eb4000-7fb8270b3000 ---p 001b3000 08:16 5246579                    /lib/x86_64-linux-gnu/libc-2.15.so
7fb8270b3000-7fb8270b7000 r--p 001b2000 08:16 5246579                    /lib/x86_64-linux-gnu/libc-2.15.so
7fb8270b7000-7fb8270b9000 rw-p 001b6000 08:16 5246579                    /lib/x86_64-linux-gnu/libc-2.15.so
7fb8270b9000-7fb8270be000 rw-p 00000000 00:00 0 
7fb8270be000-7fb8270ca000 r-xp 00000000 08:16 3544565                    /usr/lib/jvm/java-7-openjdk-amd64/jre/lib/amd64/jli/libjli.so
7fb8270ca000-7fb8272ca000 ---p 0000c000 08:16 3544565                    /usr/lib/jvm/java-7-openjdk-amd64/jre/lib/amd64/jli/libjli.so
7fb8272ca000-7fb8272cb000 r--p 0000c000 08:16 3544565                    /usr/lib/jvm/java-7-openjdk-amd64/jre/lib/amd64/jli/libjli.so
7fb8272cb000-7fb8272cc000 rw-p 0000d000 08:16 3544565                    /usr/lib/jvm/java-7-openjdk-amd64/jre/lib/amd64/jli/libjli.so
7fb8272cc000-7fb8272ee000 r-xp 00000000 08:16 5246559                    /lib/x86_64-linux-gnu/ld-2.15.so
7fb8272ee000-7fb8272ef000 rw-s 19077000 00:05 9165                       /dev/ati/card0
7fb8272ef000-7fb8272f4000 r--s 00000000 08:16 1843602                    /var/cache/fontconfig/3047814df9a2f067bd2d96a2b9c36e5a-le64.cache-3
7fb8272f4000-7fb827304000 r--s 00000000 08:16 1843622                    /var/cache/fontconfig/d52a8644073d54c13679302ca1180695-le64.cache-3
7fb827304000-7fb82730a000 r--s 00000000 08:16 1846508                    /var/cache/fontconfig/3f7329c5293ffd510edef78f73874cfd-le64.cache-3
7fb82730a000-7fb827314000 rw-p 00000000 00:00 0 
7fb827314000-7fb8273ca000 rw-p 00000000 00:00 0 
7fb8273ca000-7fb8273cd000 ---p 00000000 00:00 0 
7fb8273cd000-7fb8274d0000 rw-p 00000000 00:00 0 
7fb8274d0000-7fb8274d1000 r--s 00000000 08:16 1843607                    /var/cache/fontconfig/56cf4f4769d0f4abc89a4895d7bd3ae1-le64.cache-3
7fb8274d1000-7fb8274d2000 r--s 00000000 08:16 1843618                    /var/cache/fontconfig/b9d506c9ac06c20b433354fa67a72993-le64.cache-3
7fb8274d2000-7fb8274d5000 r--s 00000000 08:16 1842402                    /var/cache/fontconfig/e13b20fdb08344e0e664864cc2ede53d-le64.cache-3
7fb8274d5000-7fb8274d9000 r--s 00000000 08:16 1846742                    /var/cache/fontconfig/7ef2298fde41cc6eeb7af42e48b7d293-le64.cache-3
7fb8274d9000-7fb8274e2000 r--s 00263000 08:16 1050329                    /usr/lib/jvm/java-7-openjdk-common/jre/lib/resources.jar
7fb8274e2000-7fb8274ea000 rw-s 00000000 08:16 4063325                    /tmp/hsperfdata_relissa/8801 (deleted)
7fb8274ea000-7fb8274eb000 rw-p 00000000 00:00 0 
7fb8274eb000-7fb8274ec000 ---p 00000000 00:00 0 
7fb8274ec000-7fb8274ee000 rw-p 00000000 00:00 0 
7fb8274ee000-7fb8274ef000 r--p 00022000 08:16 5246559                    /lib/x86_64-linux-gnu/ld-2.15.so
7fb8274ef000-7fb8274f1000 rw-p 00023000 08:16 5246559                    /lib/x86_64-linux-gnu/ld-2.15.so
7fffe78a6000-7fffe78c7000 rw-p 00000000 00:00 0                          [stack]
7fffe7962000-7fffe7963000 r-xp 00000000 00:00 0                          [vdso]
ffffffffff600000-ffffffffff601000 r-xp 00000000 00:00 0                  [vsyscall]

VM Arguments:
jvm_args: -Dfile.encoding=UTF-8 
java_command: OCLP.Main
Launcher Type: SUN_STANDARD

Environment Variables:
PATH=/usr/lib/lightdm/lightdm:/usr/local/sbin:/usr/local/bin:/usr/sbin:/usr/bin:/sbin:/bin:/usr/games
SHELL=/bin/bash
DISPLAY=:0

Signal Handlers:
SIGSEGV: [libjvm.so+0x8065e0], sa_mask[0]=0x7ffbfeff, sa_flags=0x10000004
SIGBUS: [libjvm.so+0x8065e0], sa_mask[0]=0x7ffbfeff, sa_flags=0x10000004
SIGFPE: [libjvm.so+0x6ac6d0], sa_mask[0]=0x7ffbfeff, sa_flags=0x10000004
SIGPIPE: [libjvm.so+0x6ac6d0], sa_mask[0]=0x7ffbfeff, sa_flags=0x10000004
SIGXFSZ: [libjvm.so+0x6ac6d0], sa_mask[0]=0x7ffbfeff, sa_flags=0x10000004
SIGILL: [libjvm.so+0x6ac6d0], sa_mask[0]=0x7ffbfeff, sa_flags=0x10000004
SIGUSR1: SIG_DFL, sa_mask[0]=0x00000000, sa_flags=0x00000000
SIGUSR2: [libjvm.so+0x6acaa0], sa_mask[0]=0x00000004, sa_flags=0x10000004
SIGHUP: [libjvm.so+0x6acbe0], sa_mask[0]=0x7ffbfeff, sa_flags=0x10000004
SIGINT: SIG_IGN, sa_mask[0]=0x00000000, sa_flags=0x00000000
SIGTERM: [libjvm.so+0x6acbe0], sa_mask[0]=0x7ffbfeff, sa_flags=0x10000004
SIGQUIT: [libjvm.so+0x6acbe0], sa_mask[0]=0x7ffbfeff, sa_flags=0x10000004


---------------  S Y S T E M  ---------------

OS:Ubuntu 12.04 (precise)
uname:Linux 3.2.0-24-generic #39-Ubuntu SMP Mon May 21 16:52:17 UTC 2012 x86_64
libc:glibc 2.15 NPTL 2.15 
rlimit: STACK 8192k, CORE 0k, NPROC 28916, NOFILE 4096, AS infinity
load average:2.66 1.68 1.52

/proc/meminfo:
MemTotal:        3791568 kB
MemFree:          829920 kB
Buffers:          135320 kB
Cached:          1279932 kB
SwapCached:          448 kB
Active:          1670436 kB
Inactive:         964436 kB
Active(anon):    1000544 kB
Inactive(anon):   231508 kB
Active(file):     669892 kB
Inactive(file):   732928 kB
Unevictable:           0 kB
Mlocked:               0 kB
SwapTotal:        999420 kB
SwapFree:         997980 kB
Dirty:               316 kB
Writeback:             0 kB
AnonPages:       1219212 kB
Mapped:           218836 kB
Shmem:             12432 kB
Slab:             144768 kB
SReclaimable:     118740 kB
SUnreclaim:        26028 kB
KernelStack:        3088 kB
PageTables:        31116 kB
NFS_Unstable:          0 kB
Bounce:                0 kB
WritebackTmp:          0 kB
CommitLimit:     2895204 kB
Committed_AS:    2752252 kB
VmallocTotal:   34359738367 kB
VmallocUsed:      300648 kB
VmallocChunk:   34359435432 kB
HardwareCorrupted:     0 kB
AnonHugePages:         0 kB
HugePages_Total:       0
HugePages_Free:        0
HugePages_Rsvd:        0
HugePages_Surp:        0
Hugepagesize:       2048 kB
DirectMap4k:     3659264 kB
DirectMap2M:      272384 kB
DirectMap1G:           0 kB


CPU:total 2 (2 cores per cpu, 1 threads per core) family 16 model 6 stepping 2, cmov, cx8, fxsr, mmx, sse, sse2, sse3, popcnt, mmxext, 3dnowpref, lzcnt, sse4a

/proc/cpuinfo:
processor	: 0
vendor_id	: AuthenticAMD
cpu family	: 16
model		: 6
model name	: AMD Athlon(tm) II X2 215 Processor
stepping	: 2
microcode	: 0x100009f
cpu MHz		: 2700.000
cache size	: 512 KB
physical id	: 0
siblings	: 2
core id		: 0
cpu cores	: 2
apicid		: 0
initial apicid	: 0
fpu		: yes
fpu_exception	: yes
cpuid level	: 5
wp		: yes
flags		: fpu vme de pse tsc msr pae mce cx8 apic sep mtrr pge mca cmov pat pse36 clflush mmx fxsr sse sse2 ht syscall nx mmxext fxsr_opt pdpe1gb rdtscp lm 3dnowext 3dnow constant_tsc rep_good nopl nonstop_tsc extd_apicid pni monitor cx16 popcnt lahf_lm cmp_legacy svm extapic cr8_legacy abm sse4a misalignsse 3dnowprefetch osvw ibs skinit wdt npt lbrv svm_lock nrip_save
bogomips	: 5400.31
TLB size	: 1024 4K pages
clflush size	: 64
cache_alignment	: 64
address sizes	: 48 bits physical, 48 bits virtual
power management: ts ttp tm stc 100mhzsteps hwpstate

processor	: 1
vendor_id	: AuthenticAMD
cpu family	: 16
model		: 6
model name	: AMD Athlon(tm) II X2 215 Processor
stepping	: 2
microcode	: 0x100009f
cpu MHz		: 2700.000
cache size	: 512 KB
physical id	: 0
siblings	: 2
core id		: 1
cpu cores	: 2
apicid		: 1
initial apicid	: 1
fpu		: yes
fpu_exception	: yes
cpuid level	: 5
wp		: yes
flags		: fpu vme de pse tsc msr pae mce cx8 apic sep mtrr pge mca cmov pat pse36 clflush mmx fxsr sse sse2 ht syscall nx mmxext fxsr_opt pdpe1gb rdtscp lm 3dnowext 3dnow constant_tsc rep_good nopl nonstop_tsc extd_apicid pni monitor cx16 popcnt lahf_lm cmp_legacy svm extapic cr8_legacy abm sse4a misalignsse 3dnowprefetch osvw ibs skinit wdt npt lbrv svm_lock nrip_save
bogomips	: 5386.51
TLB size	: 1024 4K pages
clflush size	: 64
cache_alignment	: 64
address sizes	: 48 bits physical, 48 bits virtual
power management: ts ttp tm stc 100mhzsteps hwpstate



Memory: 4k page, physical 3791568k(829920k free), swap 999420k(997980k free)

vm_info: OpenJDK 64-Bit Server VM (22.0-b10) for linux-amd64 JRE (1.7.0_03-b147), built on May  2 2012 16:57:58 by "buildd" with gcc 4.6.3

time: Sat Jun  9 12:48:16 2012
elapsed time: 14 seconds

