#
# A fatal error has been detected by the Java Runtime Environment:
#
#  SIGSEGV (0xb) at pc=0x00007f804b5b6c58, pid=7810, tid=140189810534144
#
# JRE version: 7.0_03-b147
# Java VM: OpenJDK 64-Bit Server VM (22.0-b10 mixed mode linux-amd64 compressed oops)
# Derivative: IcedTea7 2.1.1pre
# Distribution: Ubuntu 12.04 LTS, package 7~u3-2.1.1~pre1-1ubuntu3
# Problematic frame:
# C  [libX11.so.6+0x33c58]  XQueryExtension+0x28
#
# Failed to write core dump. Core dumps have been disabled. To enable core dumping, try "ulimit -c unlimited" before starting Java again
#
# If you would like to submit a bug report, please include
# instructions on how to reproduce the bug and visit:
#   https://bugs.launchpad.net/ubuntu/+source/openjdk-7/
#

---------------  T H R E A D  ---------------

Current thread is native thread

siginfo:si_signo=SIGSEGV: si_errno=0, si_code=1 (SEGV_MAPERR), si_addr=0x000000003402a4a8

Registers:
RAX=0x000000000218cba0, RBX=0x0000000034029b40, RCX=0x00007fff054b8828, RDX=0x00007fff054b8824
RSP=0x00007fff054b87c0, RBP=0x00007f803ea8c932, RSI=0x00007f803ea8c932, RDI=0x0000000034029b40
R8 =0x00007fff054b882c, R9 =0x0000000000000000, R10=0x00007f807b9a8fa8, R11=0x00007f807b62aca0
R12=0x0000000000000000, R13=0x00007f803ea8c932, R14=0x000000000218cba0, R15=0x0000000000000000
RIP=0x00007f804b5b6c58, EFLAGS=0x0000000000010206, CSGSFS=0x0000000000000033, ERR=0x0000000000000004
  TRAPNO=0x000000000000000e

Top of Stack: (sp=0x00007fff054b87c0)
0x00007fff054b87c0:   00007f807b5fd790 00007f807bdbd000
0x00007fff054b87d0:   00007f807afb9070 00007f807bdbc000
0x00007fff054b87e0:   00000000ffffffff 0000000034029b40
0x00007fff054b87f0:   00007f803ea8c932 0000000000000000
0x00007fff054b8800:   00007f803ea8c932 000000000218cba0
0x00007fff054b8810:   0000000000000000 00007f804b5aac55
0x00007fff054b8820:   00007f807bddd048 00007f803ebc5520
0x00007fff054b8830:   00007f803ebc5520 0000000034029b40
0x00007fff054b8840:   00007f8034037940 00007f804b8c402b
0x00007fff054b8850:   00007f807b5fd790 0000001100000061
0x00007fff054b8860:   00007fff054b88e0 0000000000000000
0x00007fff054b8870:   00007fff054b88e0 0000000034029b40
0x00007fff054b8880:   0000000000000000 00007f807bddd048
0x00007fff054b8890:   00007f803ebded50 00007f803ea33119
0x00007fff054b88a0:   0000000000000000 0000000000000061
0x00007fff054b88b0:   00007fff054b88e0 00007fff054b8900
0x00007fff054b88c0:   0000000000000000 00007f807bddd048
0x00007fff054b88d0:   00007f80340188a0 00007f803ea29b42
0x00007fff054b88e0:   00007fff054b8c80 00007f803ea8c8b1
0x00007fff054b88f0:   0000000000000061 00007f807bbc992d
0x00007fff054b8900:   00007f807bdde2c8 00007f807bdde858
0x00007fff054b8910:   00007f807bddb6a8 00007f8074006570
0x00007fff054b8920:   00007f8074007080 00007f8074007580
0x00007fff054b8930:   00007f807400c260 00007f80281a1d10
0x00007fff054b8940:   00007f8028201c10 00007f80281bfd20
0x00007fff054b8950:   00007f803400b860 00007f8034007ee0
0x00007fff054b8960:   00007f80741c8fa0 00007f80741cdd40
0x00007fff054b8970:   00007f80741d5450 00007f80741d4f20
0x00007fff054b8980:   00007f80741d4a00 00007f80741d9dd0
0x00007fff054b8990:   00007f80741d98c0 00007f80741db120
0x00007fff054b89a0:   00007f80741d93c0 00007f80741d44d0
0x00007fff054b89b0:   00007f80741d7ef0 00007f80741daa90 

Instructions: (pc=0x00007f804b5b6c58)
0x00007f804b5b6c38:   24 d8 48 89 fb 4c 89 64 24 e0 4c 89 6c 24 e8 48
0x00007f804b5b6c48:   89 f5 4c 89 74 24 f0 4c 89 7c 24 f8 48 83 ec 58
0x00007f804b5b6c58:   48 8b 87 68 09 00 00 49 89 d4 49 89 cd 4d 89 c6
0x00007f804b5b6c68:   48 85 c0 74 02 ff 10 ba 08 00 00 00 be 62 00 00 

Register to memory mapping:

RAX=0x000000000218cba0 is an unknown value
RBX=0x0000000034029b40 is an unknown value
RCX=0x00007fff054b8828 is an unknown value
RDX=0x00007fff054b8824 is an unknown value
RSP=0x00007fff054b87c0 is an unknown value
RBP=0x00007f803ea8c932: <offset 0x96932> in /usr/lib/fglrx/libGL.so.1 at 0x00007f803e9f6000
RSI=0x00007f803ea8c932: <offset 0x96932> in /usr/lib/fglrx/libGL.so.1 at 0x00007f803e9f6000
RDI=0x0000000034029b40 is an unknown value
R8 =0x00007fff054b882c is an unknown value
R9 =0x0000000000000000 is an unknown value
R10=0x00007f807b9a8fa8: <offset 0x3b9fa8> in /lib/x86_64-linux-gnu/libc.so.6 at 0x00007f807b5ef000
R11=0x00007f807b62aca0: __cxa_finalize+0 in /lib/x86_64-linux-gnu/libc.so.6 at 0x00007f807b5ef000
R12=0x0000000000000000 is an unknown value
R13=0x00007f803ea8c932: <offset 0x96932> in /usr/lib/fglrx/libGL.so.1 at 0x00007f803e9f6000
R14=0x000000000218cba0 is an unknown value
R15=0x0000000000000000 is an unknown value


Stack: [0x00007fff053bb000,0x00007fff054bb000],  sp=0x00007fff054b87c0,  free space=1013k
Native frames: (J=compiled Java code, j=interpreted, Vv=VM code, C=native code)
C  [libX11.so.6+0x33c58]  XQueryExtension+0x28


---------------  P R O C E S S  ---------------

VM state:at safepoint (shutting down)

VM Mutex/Monitor currently owned by a thread:  ([mutex/lock_event])
[0x00007f8074004940] Threads_lock - owner thread: 0x00007f807409b800

Heap
 PSYoungGen      total 17280K, used 14066K [0x00000000ecb60000, 0x00000000edea0000, 0x0000000100000000)
  eden space 14848K, 78% used [0x00000000ecb60000,0x00000000ed6c0820,0x00000000ed9e0000)
  from space 2432K, 99% used [0x00000000ed9e0000,0x00000000edc3c020,0x00000000edc40000)
  to   space 2432K, 0% used [0x00000000edc40000,0x00000000edc40000,0x00000000edea0000)
 PSOldGen        total 39552K, used 2137K [0x00000000c6200000, 0x00000000c88a0000, 0x00000000ecb60000)
  object space 39552K, 5% used [0x00000000c6200000,0x00000000c64166a8,0x00000000c88a0000)
 PSPermGen       total 21248K, used 20421K [0x00000000bbc00000, 0x00000000bd0c0000, 0x00000000c6200000)
  object space 21248K, 96% used [0x00000000bbc00000,0x00000000bcff17d8,0x00000000bd0c0000)

Code Cache  [0x00007f8071000000, 0x00007f8071270000, 0x00007f8074000000)
 total_blobs=700 nmethods=97 adapters=556 free_code_cache=48308Kb largest_free_block=49443904

Dynamic libraries:
00400000-00401000 r-xp 00000000 08:16 3544606                            /usr/lib/jvm/java-7-openjdk-amd64/jre/bin/java
00600000-00601000 r--p 00000000 08:16 3544606                            /usr/lib/jvm/java-7-openjdk-amd64/jre/bin/java
00601000-00602000 rw-p 00001000 08:16 3544606                            /usr/lib/jvm/java-7-openjdk-amd64/jre/bin/java
0218a000-021ab000 rw-p 00000000 00:00 0                                  [heap]
bbc00000-bd0c0000 rw-p 00000000 00:00 0 
bd0c0000-c6200000 rw-p 00000000 00:00 0 
c6200000-c88a0000 rw-p 00000000 00:00 0 
c88a0000-ecb60000 rw-p 00000000 00:00 0 
ecb60000-edea0000 rw-p 00000000 00:00 0 
edea0000-100000000 rw-p 00000000 00:00 0 
7f8028000000-7f8028405000 rw-p 00000000 00:00 0 
7f8028405000-7f802c000000 ---p 00000000 00:00 0 
7f802cdc0000-7f802cdfe000 r-xp 00000000 08:16 1056348                    /usr/lib/x86_64-linux-gnu/libjpeg.so.8.0.2
7f802cdfe000-7f802cffd000 ---p 0003e000 08:16 1056348                    /usr/lib/x86_64-linux-gnu/libjpeg.so.8.0.2
7f802cffd000-7f802cffe000 r--p 0003d000 08:16 1056348                    /usr/lib/x86_64-linux-gnu/libjpeg.so.8.0.2
7f802cffe000-7f802cfff000 rw-p 0003e000 08:16 1056348                    /usr/lib/x86_64-linux-gnu/libjpeg.so.8.0.2
7f802cfff000-7f802d00f000 rw-p 00000000 00:00 0 
7f802d00f000-7f802d018000 r-xp 00000000 08:16 3544590                    /usr/lib/jvm/java-7-openjdk-amd64/jre/lib/amd64/libjavajpeg.so
7f802d018000-7f802d217000 ---p 00009000 08:16 3544590                    /usr/lib/jvm/java-7-openjdk-amd64/jre/lib/amd64/libjavajpeg.so
7f802d217000-7f802d218000 r--p 00008000 08:16 3544590                    /usr/lib/jvm/java-7-openjdk-amd64/jre/lib/amd64/libjavajpeg.so
7f802d218000-7f802d219000 rw-p 00009000 08:16 3544590                    /usr/lib/jvm/java-7-openjdk-amd64/jre/lib/amd64/libjavajpeg.so
7f802d2d6000-7f802d2d7000 ---p 00000000 00:00 0 
7f802d2d7000-7f802dad7000 rw-p 00000000 00:00 0 
7f802dad7000-7f802dad8000 ---p 00000000 00:00 0 
7f802dad8000-7f802e2d8000 rw-p 00000000 00:00 0 
7f802e2d8000-7f802e2de000 r-xp 00000000 08:16 1056418                    /usr/lib/x86_64-linux-gnu/libogg.so.0.7.1
7f802e2de000-7f802e4dd000 ---p 00006000 08:16 1056418                    /usr/lib/x86_64-linux-gnu/libogg.so.0.7.1
7f802e4dd000-7f802e4de000 r--p 00005000 08:16 1056418                    /usr/lib/x86_64-linux-gnu/libogg.so.0.7.1
7f802e4de000-7f802e4df000 rw-p 00006000 08:16 1056418                    /usr/lib/x86_64-linux-gnu/libogg.so.0.7.1
7f802e4df000-7f802e50a000 r-xp 00000000 08:16 1056576                    /usr/lib/x86_64-linux-gnu/libvorbis.so.0.4.5
7f802e50a000-7f802e709000 ---p 0002b000 08:16 1056576                    /usr/lib/x86_64-linux-gnu/libvorbis.so.0.4.5
7f802e709000-7f802e70a000 r--p 0002a000 08:16 1056576                    /usr/lib/x86_64-linux-gnu/libvorbis.so.0.4.5
7f802e70a000-7f802e70b000 rw-p 0002b000 08:16 1056576                    /usr/lib/x86_64-linux-gnu/libvorbis.so.0.4.5
7f802e70b000-7f802e9be000 r-xp 00000000 08:16 1056578                    /usr/lib/x86_64-linux-gnu/libvorbisenc.so.2.0.8
7f802e9be000-7f802ebbd000 ---p 002b3000 08:16 1056578                    /usr/lib/x86_64-linux-gnu/libvorbisenc.so.2.0.8
7f802ebbd000-7f802ebd9000 r--p 002b2000 08:16 1056578                    /usr/lib/x86_64-linux-gnu/libvorbisenc.so.2.0.8
7f802ebd9000-7f802ebda000 rw-p 002ce000 08:16 1056578                    /usr/lib/x86_64-linux-gnu/libvorbisenc.so.2.0.8
7f802ebda000-7f802ec22000 r-xp 00000000 08:16 1055951                    /usr/lib/x86_64-linux-gnu/libFLAC.so.8.2.0
7f802ec22000-7f802ee22000 ---p 00048000 08:16 1055951                    /usr/lib/x86_64-linux-gnu/libFLAC.so.8.2.0
7f802ee22000-7f802ee23000 r--p 00048000 08:16 1055951                    /usr/lib/x86_64-linux-gnu/libFLAC.so.8.2.0
7f802ee23000-7f802ee24000 rw-p 00049000 08:16 1055951                    /usr/lib/x86_64-linux-gnu/libFLAC.so.8.2.0
7f802ee24000-7f802ee29000 r-xp 00000000 08:16 1056065                    /usr/lib/x86_64-linux-gnu/libasyncns.so.0.3.1
7f802ee29000-7f802f028000 ---p 00005000 08:16 1056065                    /usr/lib/x86_64-linux-gnu/libasyncns.so.0.3.1
7f802f028000-7f802f029000 r--p 00004000 08:16 1056065                    /usr/lib/x86_64-linux-gnu/libasyncns.so.0.3.1
7f802f029000-7f802f02a000 rw-p 00005000 08:16 1056065                    /usr/lib/x86_64-linux-gnu/libasyncns.so.0.3.1
7f802f02a000-7f802f08a000 r-xp 00000000 08:16 1056513                    /usr/lib/x86_64-linux-gnu/libsndfile.so.1.0.25
7f802f08a000-7f802f28a000 ---p 00060000 08:16 1056513                    /usr/lib/x86_64-linux-gnu/libsndfile.so.1.0.25
7f802f28a000-7f802f28c000 r--p 00060000 08:16 1056513                    /usr/lib/x86_64-linux-gnu/libsndfile.so.1.0.25
7f802f28c000-7f802f28d000 rw-p 00062000 08:16 1056513                    /usr/lib/x86_64-linux-gnu/libsndfile.so.1.0.25
7f802f28d000-7f802f291000 rw-p 00000000 00:00 0 
7f802f291000-7f802f299000 r-xp 00000000 08:16 5246688                    /lib/x86_64-linux-gnu/libwrap.so.0.7.6
7f802f299000-7f802f498000 ---p 00008000 08:16 5246688                    /lib/x86_64-linux-gnu/libwrap.so.0.7.6
7f802f498000-7f802f499000 r--p 00007000 08:16 5246688                    /lib/x86_64-linux-gnu/libwrap.so.0.7.6
7f802f499000-7f802f49a000 rw-p 00008000 08:16 5246688                    /lib/x86_64-linux-gnu/libwrap.so.0.7.6
7f802f49a000-7f802f4f6000 r-xp 00000000 08:16 1055773                    /usr/lib/x86_64-linux-gnu/libpulsecommon-1.1.so
7f802f4f6000-7f802f6f6000 ---p 0005c000 08:16 1055773                    /usr/lib/x86_64-linux-gnu/libpulsecommon-1.1.so
7f802f6f6000-7f802f6f7000 r--p 0005c000 08:16 1055773                    /usr/lib/x86_64-linux-gnu/libpulsecommon-1.1.so
7f802f6f7000-7f802f6f8000 rw-p 0005d000 08:16 1055773                    /usr/lib/x86_64-linux-gnu/libpulsecommon-1.1.so
7f802f6f8000-7f802f6ff000 r-xp 00000000 08:16 1056352                    /usr/lib/x86_64-linux-gnu/libjson.so.0.0.1
7f802f6ff000-7f802f8fe000 ---p 00007000 08:16 1056352                    /usr/lib/x86_64-linux-gnu/libjson.so.0.0.1
7f802f8fe000-7f802f8ff000 r--p 00006000 08:16 1056352                    /usr/lib/x86_64-linux-gnu/libjson.so.0.0.1
7f802f8ff000-7f802f900000 rw-p 00007000 08:16 1056352                    /usr/lib/x86_64-linux-gnu/libjson.so.0.0.1
7f802f900000-7f8030000000 rw-s 19078000 00:05 9165                       /dev/ati/card0
7f8030000000-7f8030021000 rw-p 00000000 00:00 0 
7f8030021000-7f8034000000 ---p 00000000 00:00 0 
7f8034000000-7f80348d3000 rw-p 00000000 00:00 0 
7f80348d3000-7f8038000000 ---p 00000000 00:00 0 
7f8038000000-7f8038021000 rw-p 00000000 00:00 0 
7f8038021000-7f803c000000 ---p 00000000 00:00 0 
7f803c02a000-7f803c070000 r-xp 00000000 08:16 1055774                    /usr/lib/x86_64-linux-gnu/libpulse.so.0.13.5
7f803c070000-7f803c270000 ---p 00046000 08:16 1055774                    /usr/lib/x86_64-linux-gnu/libpulse.so.0.13.5
7f803c270000-7f803c271000 r--p 00046000 08:16 1055774                    /usr/lib/x86_64-linux-gnu/libpulse.so.0.13.5
7f803c271000-7f803c272000 rw-p 00047000 08:16 1055774                    /usr/lib/x86_64-linux-gnu/libpulse.so.0.13.5
7f803c3c9000-7f803c3cc000 ---p 00000000 00:00 0 
7f803c3cc000-7f803c4ca000 rw-p 00000000 00:00 0 
7f803c4ca000-7f803c505000 r-xp 00000000 08:16 1054638                    /usr/lib/fglrx/libatiadlxx.so
7f803c505000-7f803c605000 ---p 0003b000 08:16 1054638                    /usr/lib/fglrx/libatiadlxx.so
7f803c605000-7f803c60e000 rw-p 0003b000 08:16 1054638                    /usr/lib/fglrx/libatiadlxx.so
7f803c60e000-7f803c61f000 rw-p 00000000 00:00 0 
7f803c61f000-7f803c626000 r-xp 00000000 08:16 1054658                    /usr/lib/fglrx/libatiuki.so.1.0
7f803c626000-7f803c726000 ---p 00007000 08:16 1054658                    /usr/lib/fglrx/libatiuki.so.1.0
7f803c726000-7f803c727000 rw-p 00007000 08:16 1054658                    /usr/lib/fglrx/libatiuki.so.1.0
7f803c727000-7f803c728000 rw-p 00000000 00:00 0 
7f803c728000-7f803e682000 r-xp 00000000 08:16 1054642                    /usr/lib/fglrx/dri/fglrx_dri.so
7f803e682000-7f803e782000 ---p 01f5a000 08:16 1054642                    /usr/lib/fglrx/dri/fglrx_dri.so
7f803e782000-7f803e8d0000 rwxp 01f5a000 08:16 1054642                    /usr/lib/fglrx/dri/fglrx_dri.so
7f803e8d0000-7f803e9f6000 rwxp 00000000 00:00 0 
7f803e9f6000-7f803eab9000 r-xp 00000000 08:16 1054665                    /usr/lib/fglrx/libGL.so.1.2
7f803eab9000-7f803ebb8000 ---p 000c3000 08:16 1054665                    /usr/lib/fglrx/libGL.so.1.2
7f803ebb8000-7f803ebdf000 rwxp 000c2000 08:16 1054665                    /usr/lib/fglrx/libGL.so.1.2
7f803ebdf000-7f803ebff000 rwxp 00000000 00:00 0 
7f803ebff000-7f803ec03000 r-xp 00000000 08:16 1056049                    /usr/lib/x86_64-linux-gnu/libXxf86vm.so.1.0.0
7f803ec03000-7f803ee02000 ---p 00004000 08:16 1056049                    /usr/lib/x86_64-linux-gnu/libXxf86vm.so.1.0.0
7f803ee02000-7f803ee03000 r--p 00003000 08:16 1056049                    /usr/lib/x86_64-linux-gnu/libXxf86vm.so.1.0.0
7f803ee03000-7f803ee04000 rw-p 00004000 08:16 1056049                    /usr/lib/x86_64-linux-gnu/libXxf86vm.so.1.0.0
7f803ee04000-7f803ee6a000 r-xp 00000000 08:16 3673310                    /home/relissa/.jme3/natives_9a0c8f4d/liblwjgl64.so
7f803ee6a000-7f803f06a000 ---p 00066000 08:16 3673310                    /home/relissa/.jme3/natives_9a0c8f4d/liblwjgl64.so
7f803f06a000-7f803f06c000 r--p 00066000 08:16 3673310                    /home/relissa/.jme3/natives_9a0c8f4d/liblwjgl64.so
7f803f06c000-7f803f06d000 rw-p 00068000 08:16 3673310                    /home/relissa/.jme3/natives_9a0c8f4d/liblwjgl64.so
7f803f06d000-7f803f06e000 r-xp 00000000 08:16 3544578                    /usr/lib/jvm/java-7-openjdk-amd64/jre/lib/amd64/libjawt.so
7f803f06e000-7f803f26d000 ---p 00001000 08:16 3544578                    /usr/lib/jvm/java-7-openjdk-amd64/jre/lib/amd64/libjawt.so
7f803f26d000-7f803f26e000 r--p 00000000 08:16 3544578                    /usr/lib/jvm/java-7-openjdk-amd64/jre/lib/amd64/libjawt.so
7f803f26e000-7f803f26f000 rw-p 00001000 08:16 3544578                    /usr/lib/jvm/java-7-openjdk-amd64/jre/lib/amd64/libjawt.so
7f803f26f000-7f803f272000 ---p 00000000 00:00 0 
7f803f272000-7f803f370000 rw-p 00000000 00:00 0 
7f803f370000-7f803f380000 r-xp 00000000 08:16 3544571                    /usr/lib/jvm/java-7-openjdk-amd64/jre/lib/amd64/libnio.so
7f803f380000-7f803f57f000 ---p 00010000 08:16 3544571                    /usr/lib/jvm/java-7-openjdk-amd64/jre/lib/amd64/libnio.so
7f803f57f000-7f803f580000 r--p 0000f000 08:16 3544571                    /usr/lib/jvm/java-7-openjdk-amd64/jre/lib/amd64/libnio.so
7f803f580000-7f803f581000 rw-p 00010000 08:16 3544571                    /usr/lib/jvm/java-7-openjdk-amd64/jre/lib/amd64/libnio.so
7f803f581000-7f803f597000 r-xp 00000000 08:16 3544572                    /usr/lib/jvm/java-7-openjdk-amd64/jre/lib/amd64/libnet.so
7f803f597000-7f803f797000 ---p 00016000 08:16 3544572                    /usr/lib/jvm/java-7-openjdk-amd64/jre/lib/amd64/libnet.so
7f803f797000-7f803f798000 r--p 00016000 08:16 3544572                    /usr/lib/jvm/java-7-openjdk-amd64/jre/lib/amd64/libnet.so
7f803f798000-7f803f799000 rw-p 00017000 08:16 3544572                    /usr/lib/jvm/java-7-openjdk-amd64/jre/lib/amd64/libnet.so
7f803f799000-7f803f7d4000 r-xp 00000000 08:16 3544568                    /usr/lib/jvm/java-7-openjdk-amd64/jre/lib/amd64/libfontmanager.so
7f803f7d4000-7f803f9d3000 ---p 0003b000 08:16 3544568                    /usr/lib/jvm/java-7-openjdk-amd64/jre/lib/amd64/libfontmanager.so
7f803f9d3000-7f803f9d5000 r--p 0003a000 08:16 3544568                    /usr/lib/jvm/java-7-openjdk-amd64/jre/lib/amd64/libfontmanager.so
7f803f9d5000-7f803f9d6000 rw-p 0003c000 08:16 3544568                    /usr/lib/jvm/java-7-openjdk-amd64/jre/lib/amd64/libfontmanager.so
7f803f9d6000-7f803f9d9000 ---p 00000000 00:00 0 
7f803f9d9000-7f803fad7000 rw-p 00000000 00:00 0 
7f803fad7000-7f803fada000 ---p 00000000 00:00 0 
7f803fada000-7f803fbd8000 rw-p 00000000 00:00 0 
7f803fbd8000-7f803fbdb000 ---p 00000000 00:00 0 
7f803fbdb000-7f803fcd9000 rw-p 00000000 00:00 0 
7f803fcd9000-7f803fcdc000 ---p 00000000 00:00 0 
7f803fcdc000-7f803fdda000 rw-p 00000000 00:00 0 
7f803fdda000-7f803fddd000 ---p 00000000 00:00 0 
7f803fddd000-7f803fedb000 rw-p 00000000 00:00 0 
7f803fedb000-7f803fede000 r-xp 00000000 08:16 5246606                    /lib/x86_64-linux-gnu/libgpg-error.so.0.8.0
7f803fede000-7f80400dd000 ---p 00003000 08:16 5246606                    /lib/x86_64-linux-gnu/libgpg-error.so.0.8.0
7f80400dd000-7f80400de000 r--p 00002000 08:16 5246606                    /lib/x86_64-linux-gnu/libgpg-error.so.0.8.0
7f80400de000-7f80400df000 rw-p 00003000 08:16 5246606                    /lib/x86_64-linux-gnu/libgpg-error.so.0.8.0
7f80400df000-7f80400e2000 r-xp 00000000 08:16 5246610                    /lib/x86_64-linux-gnu/libkeyutils.so.1.4
7f80400e2000-7f80402e1000 ---p 00003000 08:16 5246610                    /lib/x86_64-linux-gnu/libkeyutils.so.1.4
7f80402e1000-7f80402e2000 r--p 00002000 08:16 5246610                    /lib/x86_64-linux-gnu/libkeyutils.so.1.4
7f80402e2000-7f80402e3000 rw-p 00003000 08:16 5246610                    /lib/x86_64-linux-gnu/libkeyutils.so.1.4
7f80402e3000-7f8040325000 r-xp 00000000 08:16 5246591                    /lib/x86_64-linux-gnu/libdbus-1.so.3.5.8
7f8040325000-7f8040525000 ---p 00042000 08:16 5246591                    /lib/x86_64-linux-gnu/libdbus-1.so.3.5.8
7f8040525000-7f8040526000 r--p 00042000 08:16 5246591                    /lib/x86_64-linux-gnu/libdbus-1.so.3.5.8
7f8040526000-7f8040527000 rw-p 00043000 08:16 5246591                    /lib/x86_64-linux-gnu/libdbus-1.so.3.5.8
7f8040527000-7f8040538000 r-xp 00000000 08:16 1056424                    /usr/lib/x86_64-linux-gnu/libp11-kit.so.0.0.0
7f8040538000-7f8040737000 ---p 00011000 08:16 1056424                    /usr/lib/x86_64-linux-gnu/libp11-kit.so.0.0.0
7f8040737000-7f8040738000 r--p 00010000 08:16 1056424                    /usr/lib/x86_64-linux-gnu/libp11-kit.so.0.0.0
7f8040738000-7f8040739000 rw-p 00011000 08:16 1056424                    /usr/lib/x86_64-linux-gnu/libp11-kit.so.0.0.0
7f8040739000-7f80407b3000 r-xp 00000000 08:16 5246882                    /lib/x86_64-linux-gnu/libgcrypt.so.11.7.0
7f80407b3000-7f80409b3000 ---p 0007a000 08:16 5246882                    /lib/x86_64-linux-gnu/libgcrypt.so.11.7.0
7f80409b3000-7f80409b4000 r--p 0007a000 08:16 5246882                    /lib/x86_64-linux-gnu/libgcrypt.so.11.7.0
7f80409b4000-7f80409b7000 rw-p 0007b000 08:16 5246882                    /lib/x86_64-linux-gnu/libgcrypt.so.11.7.0
7f80409b7000-7f80409c7000 r-xp 00000000 08:16 1061093                    /usr/lib/x86_64-linux-gnu/libtasn1.so.3.1.12
7f80409c7000-7f8040bc6000 ---p 00010000 08:16 1061093                    /usr/lib/x86_64-linux-gnu/libtasn1.so.3.1.12
7f8040bc6000-7f8040bc7000 r--p 0000f000 08:16 1061093                    /usr/lib/x86_64-linux-gnu/libtasn1.so.3.1.12
7f8040bc7000-7f8040bc8000 rw-p 00010000 08:16 1061093                    /usr/lib/x86_64-linux-gnu/libtasn1.so.3.1.12
7f8040bc8000-7f8040bcf000 r-xp 00000000 08:16 1052728                    /usr/lib/x86_64-linux-gnu/libkrb5support.so.0.1
7f8040bcf000-7f8040dce000 ---p 00007000 08:16 1052728                    /usr/lib/x86_64-linux-gnu/libkrb5support.so.0.1
7f8040dce000-7f8040dcf000 r--p 00006000 08:16 1052728                    /usr/lib/x86_64-linux-gnu/libkrb5support.so.0.1
7f8040dcf000-7f8040dd0000 rw-p 00007000 08:16 1052728                    /usr/lib/x86_64-linux-gnu/libkrb5support.so.0.1
7f8040dd0000-7f8040dd3000 r-xp 00000000 08:16 5246586                    /lib/x86_64-linux-gnu/libcom_err.so.2.1
7f8040dd3000-7f8040fd2000 ---p 00003000 08:16 5246586                    /lib/x86_64-linux-gnu/libcom_err.so.2.1
7f8040fd2000-7f8040fd3000 r--p 00002000 08:16 5246586                    /lib/x86_64-linux-gnu/libcom_err.so.2.1
7f8040fd3000-7f8040fd4000 rw-p 00003000 08:16 5246586                    /lib/x86_64-linux-gnu/libcom_err.so.2.1
7f8040fd4000-7f8040ff9000 r-xp 00000000 08:16 1052714                    /usr/lib/x86_64-linux-gnu/libk5crypto.so.3.1
7f8040ff9000-7f80411f9000 ---p 00025000 08:16 1052714                    /usr/lib/x86_64-linux-gnu/libk5crypto.so.3.1
7f80411f9000-7f80411fa000 r--p 00025000 08:16 1052714                    /usr/lib/x86_64-linux-gnu/libk5crypto.so.3.1
7f80411fa000-7f80411fb000 rw-p 00026000 08:16 1052714                    /usr/lib/x86_64-linux-gnu/libk5crypto.so.3.1
7f80411fb000-7f80411fc000 rw-p 00000000 00:00 0 
7f80411fc000-7f80412c0000 r-xp 00000000 08:16 1052724                    /usr/lib/x86_64-linux-gnu/libkrb5.so.3.3
7f80412c0000-7f80414bf000 ---p 000c4000 08:16 1052724                    /usr/lib/x86_64-linux-gnu/libkrb5.so.3.3
7f80414bf000-7f80414c9000 r--p 000c3000 08:16 1052724                    /usr/lib/x86_64-linux-gnu/libkrb5.so.3.3
7f80414c9000-7f80414ca000 rw-p 000cd000 08:16 1052724                    /usr/lib/x86_64-linux-gnu/libkrb5.so.3.3
7f80414ca000-7f80414d2000 r-xp 00000000 08:16 1056599                    /usr/lib/x86_64-linux-gnu/libxcb-render.so.0.0.0
7f80414d2000-7f80416d2000 ---p 00008000 08:16 1056599                    /usr/lib/x86_64-linux-gnu/libxcb-render.so.0.0.0
7f80416d2000-7f80416d3000 r--p 00008000 08:16 1056599                    /usr/lib/x86_64-linux-gnu/libxcb-render.so.0.0.0
7f80416d3000-7f80416d4000 rw-p 00009000 08:16 1056599                    /usr/lib/x86_64-linux-gnu/libxcb-render.so.0.0.0
7f80416d4000-7f80416d6000 r-xp 00000000 08:16 1056603                    /usr/lib/x86_64-linux-gnu/libxcb-shm.so.0.0.0
7f80416d6000-7f80418d5000 ---p 00002000 08:16 1056603                    /usr/lib/x86_64-linux-gnu/libxcb-shm.so.0.0.0
7f80418d5000-7f80418d6000 r--p 00001000 08:16 1056603                    /usr/lib/x86_64-linux-gnu/libxcb-shm.so.0.0.0
7f80418d6000-7f80418d7000 rw-p 00002000 08:16 1056603                    /usr/lib/x86_64-linux-gnu/libxcb-shm.so.0.0.0
7f80418d7000-7f80418fd000 r-xp 00000000 08:16 5246656                    /lib/x86_64-linux-gnu/libpng12.so.0.46.0
7f80418fd000-7f8041afd000 ---p 00026000 08:16 5246656                    /lib/x86_64-linux-gnu/libpng12.so.0.46.0
7f8041afd000-7f8041afe000 r--p 00026000 08:16 5246656                    /lib/x86_64-linux-gnu/libpng12.so.0.46.0
7f8041afe000-7f8041aff000 rw-p 00027000 08:16 5246656                    /lib/x86_64-linux-gnu/libpng12.so.0.46.0
7f8041aff000-7f8041b80000 r-xp 00000000 08:16 1056450                    /usr/lib/x86_64-linux-gnu/libpixman-1.so.0.24.4
7f8041b80000-7f8041d7f000 ---p 00081000 08:16 1056450                    /usr/lib/x86_64-linux-gnu/libpixman-1.so.0.24.4
7f8041d7f000-7f8041d85000 r--p 00080000 08:16 1056450                    /usr/lib/x86_64-linux-gnu/libpixman-1.so.0.24.4
7f8041d85000-7f8041d86000 rw-p 00086000 08:16 1056450                    /usr/lib/x86_64-linux-gnu/libpixman-1.so.0.24.4
7f8041d86000-7f8041d8b000 r-xp 00000000 08:16 1056019                    /usr/lib/x86_64-linux-gnu/libXdmcp.so.6.0.0
7f8041d8b000-7f8041f8a000 ---p 00005000 08:16 1056019                    /usr/lib/x86_64-linux-gnu/libXdmcp.so.6.0.0
7f8041f8a000-7f8041f8b000 r--p 00004000 08:16 1056019                    /usr/lib/x86_64-linux-gnu/libXdmcp.so.6.0.0
7f8041f8b000-7f8041f8c000 rw-p 00005000 08:16 1056019                    /usr/lib/x86_64-linux-gnu/libXdmcp.so.6.0.0
7f8041f8c000-7f8041f8e000 r-xp 00000000 08:16 1056008                    /usr/lib/x86_64-linux-gnu/libXau.so.6.0.0
7f8041f8e000-7f804218d000 ---p 00002000 08:16 1056008                    /usr/lib/x86_64-linux-gnu/libXau.so.6.0.0
7f804218d000-7f804218e000 r--p 00001000 08:16 1056008                    /usr/lib/x86_64-linux-gnu/libXau.so.6.0.0
7f804218e000-7f804218f000 rw-p 00002000 08:16 1056008                    /usr/lib/x86_64-linux-gnu/libXau.so.6.0.0
7f804218f000-7f804219f000 r-xp 00000000 08:16 1056075                    /usr/lib/x86_64-linux-gnu/libavahi-client.so.3.2.9
7f804219f000-7f804239e000 ---p 00010000 08:16 1056075                    /usr/lib/x86_64-linux-gnu/libavahi-client.so.3.2.9
7f804239e000-7f804239f000 r--p 0000f000 08:16 1056075                    /usr/lib/x86_64-linux-gnu/libavahi-client.so.3.2.9
7f804239f000-7f80423a0000 rw-p 00010000 08:16 1056075                    /usr/lib/x86_64-linux-gnu/libavahi-client.so.3.2.9
7f80423a0000-7f80423ab000 r-xp 00000000 08:16 1056077                    /usr/lib/x86_64-linux-gnu/libavahi-common.so.3.5.3
7f80423ab000-7f80425aa000 ---p 0000b000 08:16 1056077                    /usr/lib/x86_64-linux-gnu/libavahi-common.so.3.5.3
7f80425aa000-7f80425ab000 r--p 0000a000 08:16 1056077                    /usr/lib/x86_64-linux-gnu/libavahi-common.so.3.5.3
7f80425ab000-7f80425ac000 rw-p 0000b000 08:16 1056077                    /usr/lib/x86_64-linux-gnu/libavahi-common.so.3.5.3
7f80425ac000-7f8042660000 r-xp 00000000 08:16 1056248                    /usr/lib/x86_64-linux-gnu/libgnutls.so.26.21.8
7f8042660000-7f8042860000 ---p 000b4000 08:16 1056248                    /usr/lib/x86_64-linux-gnu/libgnutls.so.26.21.8
7f8042860000-7f8042866000 r--p 000b4000 08:16 1056248                    /usr/lib/x86_64-linux-gnu/libgnutls.so.26.21.8
7f8042866000-7f8042867000 rw-p 000ba000 08:16 1056248                    /usr/lib/x86_64-linux-gnu/libgnutls.so.26.21.8
7f8042867000-7f8042868000 rw-p 00000000 00:00 0 
7f8042868000-7f80428a3000 r-xp 00000000 08:16 1052718                    /usr/lib/x86_64-linux-gnu/libgssapi_krb5.so.2.2
7f80428a3000-7f8042aa3000 ---p 0003b000 08:16 1052718                    /usr/lib/x86_64-linux-gnu/libgssapi_krb5.so.2.2
7f8042aa3000-7f8042aa4000 r--p 0003b000 08:16 1052718                    /usr/lib/x86_64-linux-gnu/libgssapi_krb5.so.2.2
7f8042aa4000-7f8042aa6000 rw-p 0003c000 08:16 1052718                    /usr/lib/x86_64-linux-gnu/libgssapi_krb5.so.2.2
7f8042aa6000-7f8042ae2000 r-xp 00000000 08:16 5246652                    /lib/x86_64-linux-gnu/libpcre.so.3.12.1
7f8042ae2000-7f8042ce1000 ---p 0003c000 08:16 5246652                    /lib/x86_64-linux-gnu/libpcre.so.3.12.1
7f8042ce1000-7f8042ce2000 r--p 0003b000 08:16 5246652                    /lib/x86_64-linux-gnu/libpcre.so.3.12.1
7f8042ce2000-7f8042ce3000 rw-p 0003c000 08:16 5246652                    /lib/x86_64-linux-gnu/libpcre.so.3.12.1
7f8042ce3000-7f8042cea000 r-xp 00000000 08:16 1056193                    /usr/lib/x86_64-linux-gnu/libffi.so.6.0.0
7f8042cea000-7f8042ee9000 ---p 00007000 08:16 1056193                    /usr/lib/x86_64-linux-gnu/libffi.so.6.0.0
7f8042ee9000-7f8042eea000 r--p 00006000 08:16 1056193                    /usr/lib/x86_64-linux-gnu/libffi.so.6.0.0
7f8042eea000-7f8042eeb000 rw-p 00007000 08:16 1056193                    /usr/lib/x86_64-linux-gnu/libffi.so.6.0.0
7f8042eeb000-7f8042f12000 r-xp 00000000 08:16 5246597                    /lib/x86_64-linux-gnu/libexpat.so.1.5.2
7f8042f12000-7f8043112000 ---p 00027000 08:16 5246597                    /lib/x86_64-linux-gnu/libexpat.so.1.5.2
7f8043112000-7f8043114000 r--p 00027000 08:16 5246597                    /lib/x86_64-linux-gnu/libexpat.so.1.5.2
7f8043114000-7f8043115000 rw-p 00029000 08:16 5246597                    /lib/x86_64-linux-gnu/libexpat.so.1.5.2
7f8043115000-7f80431ab000 r-xp 00000000 08:16 1056201                    /usr/lib/x86_64-linux-gnu/libfreetype.so.6.8.0
7f80431ab000-7f80433aa000 ---p 00096000 08:16 1056201                    /usr/lib/x86_64-linux-gnu/libfreetype.so.6.8.0
7f80433aa000-7f80433b0000 r--p 00095000 08:16 1056201                    /usr/lib/x86_64-linux-gnu/libfreetype.so.6.8.0
7f80433b0000-7f80433b1000 rw-p 0009b000 08:16 1056201                    /usr/lib/x86_64-linux-gnu/libfreetype.so.6.8.0
7f80433b1000-7f80433c9000 r-xp 00000000 08:16 5246663                    /lib/x86_64-linux-gnu/libresolv-2.15.so
7f80433c9000-7f80435c9000 ---p 00018000 08:16 5246663                    /lib/x86_64-linux-gnu/libresolv-2.15.so
7f80435c9000-7f80435ca000 r--p 00018000 08:16 5246663                    /lib/x86_64-linux-gnu/libresolv-2.15.so
7f80435ca000-7f80435cb000 rw-p 00019000 08:16 5246663                    /lib/x86_64-linux-gnu/libresolv-2.15.so
7f80435cb000-7f80435cd000 rw-p 00000000 00:00 0 
7f80435cd000-7f80435ea000 r-xp 00000000 08:16 5246667                    /lib/x86_64-linux-gnu/libselinux.so.1
7f80435ea000-7f80437e9000 ---p 0001d000 08:16 5246667                    /lib/x86_64-linux-gnu/libselinux.so.1
7f80437e9000-7f80437ea000 r--p 0001c000 08:16 5246667                    /lib/x86_64-linux-gnu/libselinux.so.1
7f80437ea000-7f80437eb000 rw-p 0001d000 08:16 5246667                    /lib/x86_64-linux-gnu/libselinux.so.1
7f80437eb000-7f80437ec000 rw-p 00000000 00:00 0 
7f80437ec000-7f80437ef000 r-xp 00000000 08:16 1056240                    /usr/lib/x86_64-linux-gnu/libgmodule-2.0.so.0.3200.1
7f80437ef000-7f80439ee000 ---p 00003000 08:16 1056240                    /usr/lib/x86_64-linux-gnu/libgmodule-2.0.so.0.3200.1
7f80439ee000-7f80439ef000 r--p 00002000 08:16 1056240                    /usr/lib/x86_64-linux-gnu/libgmodule-2.0.so.0.3200.1
7f80439ef000-7f80439f0000 rw-p 00003000 08:16 1056240                    /usr/lib/x86_64-linux-gnu/libgmodule-2.0.so.0.3200.1
7f80439f0000-7f80439f2000 r-xp 00000000 08:16 1056017                    /usr/lib/x86_64-linux-gnu/libXdamage.so.1.1.0
7f80439f2000-7f8043bf1000 ---p 00002000 08:16 1056017                    /usr/lib/x86_64-linux-gnu/libXdamage.so.1.1.0
7f8043bf1000-7f8043bf2000 r--p 00001000 08:16 1056017                    /usr/lib/x86_64-linux-gnu/libXdamage.so.1.1.0
7f8043bf2000-7f8043bf3000 rw-p 00002000 08:16 1056017                    /usr/lib/x86_64-linux-gnu/libXdamage.so.1.1.0
7f8043bf3000-7f8043bf5000 r-xp 00000000 08:16 1056013                    /usr/lib/x86_64-linux-gnu/libXcomposite.so.1.0.0
7f8043bf5000-7f8043df4000 ---p 00002000 08:16 1056013                    /usr/lib/x86_64-linux-gnu/libXcomposite.so.1.0.0
7f8043df4000-7f8043df5000 r--p 00001000 08:16 1056013                    /usr/lib/x86_64-linux-gnu/libXcomposite.so.1.0.0
7f8043df5000-7f8043df6000 rw-p 00002000 08:16 1056013                    /usr/lib/x86_64-linux-gnu/libXcomposite.so.1.0.0
7f8043df6000-7f8043dff000 r-xp 00000000 08:16 1056015                    /usr/lib/x86_64-linux-gnu/libXcursor.so.1.0.2
7f8043dff000-7f8043ffe000 ---p 00009000 08:16 1056015                    /usr/lib/x86_64-linux-gnu/libXcursor.so.1.0.2
7f8043ffe000-7f8043fff000 r--p 00008000 08:16 1056015                    /usr/lib/x86_64-linux-gnu/libXcursor.so.1.0.2
7f8043fff000-7f8044000000 rw-p 00009000 08:16 1056015                    /usr/lib/x86_64-linux-gnu/libXcursor.so.1.0.2
7f8044000000-7f8044021000 rw-p 00000000 00:00 0 
7f8044021000-7f8048000000 ---p 00000000 00:00 0 
7f8048075000-7f804807c000 r--s 00000000 08:16 1314519                    /usr/lib/x86_64-linux-gnu/gconv/gconv-modules.cache
7f804807c000-7f804807d000 rw-s 19077000 00:05 9165                       /dev/ati/card0
7f804807d000-7f804808d000 rw-s fe9f0000 00:05 9165                       /dev/ati/card0
7f804808d000-7f804808f000 rw-s 19074000 00:05 9165                       /dev/ati/card0
7f804808f000-7f8048092000 ---p 00000000 00:00 0 
7f8048092000-7f80480a9000 rw-p 00000000 00:00 0 
7f80480a9000-7f80480ac000 ---p 00000000 00:00 0 
7f80480ac000-7f80481aa000 rw-p 00000000 00:00 0 
7f80481aa000-7f80481b2000 r-xp 00000000 08:16 1056039                    /usr/lib/x86_64-linux-gnu/libXrandr.so.2.2.0
7f80481b2000-7f80483b1000 ---p 00008000 08:16 1056039                    /usr/lib/x86_64-linux-gnu/libXrandr.so.2.2.0
7f80483b1000-7f80483b2000 r--p 00007000 08:16 1056039                    /usr/lib/x86_64-linux-gnu/libXrandr.so.2.2.0
7f80483b2000-7f80483b3000 rw-p 00008000 08:16 1056039                    /usr/lib/x86_64-linux-gnu/libXrandr.so.2.2.0
7f80483b3000-7f80483b5000 r-xp 00000000 08:16 1056029                    /usr/lib/x86_64-linux-gnu/libXinerama.so.1.0.0
7f80483b5000-7f80485b4000 ---p 00002000 08:16 1056029                    /usr/lib/x86_64-linux-gnu/libXinerama.so.1.0.0
7f80485b4000-7f80485b5000 r--p 00001000 08:16 1056029                    /usr/lib/x86_64-linux-gnu/libXinerama.so.1.0.0
7f80485b5000-7f80485b6000 rw-p 00002000 08:16 1056029                    /usr/lib/x86_64-linux-gnu/libXinerama.so.1.0.0
7f80485b6000-7f80485df000 r-xp 00000000 08:16 1056434                    /usr/lib/x86_64-linux-gnu/libpangoft2-1.0.so.0.3000.0
7f80485df000-7f80487de000 ---p 00029000 08:16 1056434                    /usr/lib/x86_64-linux-gnu/libpangoft2-1.0.so.0.3000.0
7f80487de000-7f80487df000 r--p 00028000 08:16 1056434                    /usr/lib/x86_64-linux-gnu/libpangoft2-1.0.so.0.3000.0
7f80487df000-7f80487e0000 rw-p 00029000 08:16 1056434                    /usr/lib/x86_64-linux-gnu/libpangoft2-1.0.so.0.3000.0
7f80487e0000-7f8048899000 r-xp 00000000 08:16 1055379                    /usr/lib/x86_64-linux-gnu/libcairo.so.2.11000.2
7f8048899000-7f8048a98000 ---p 000b9000 08:16 1055379                    /usr/lib/x86_64-linux-gnu/libcairo.so.2.11000.2
7f8048a98000-7f8048a9a000 r--p 000b8000 08:16 1055379                    /usr/lib/x86_64-linux-gnu/libcairo.so.2.11000.2
7f8048a9a000-7f8048a9b000 rw-p 000ba000 08:16 1055379                    /usr/lib/x86_64-linux-gnu/libcairo.so.2.11000.2
7f8048a9b000-7f8048a9e000 rw-p 00000000 00:00 0 
7f8048a9e000-7f8048abd000 r-xp 00000000 08:16 1056067                    /usr/lib/x86_64-linux-gnu/libatk-1.0.so.0.20409.1
7f8048abd000-7f8048cbd000 ---p 0001f000 08:16 1056067                    /usr/lib/x86_64-linux-gnu/libatk-1.0.so.0.20409.1
7f8048cbd000-7f8048cbf000 r--p 0001f000 08:16 1056067                    /usr/lib/x86_64-linux-gnu/libatk-1.0.so.0.20409.1
7f8048cbf000-7f8048cc0000 rw-p 00021000 08:16 1056067                    /usr/lib/x86_64-linux-gnu/libatk-1.0.so.0.20409.1
7f8048cc0000-7f8048cc5000 r-xp 00000000 08:16 1056023                    /usr/lib/x86_64-linux-gnu/libXfixes.so.3.1.0
7f8048cc5000-7f8048ec4000 ---p 00005000 08:16 1056023                    /usr/lib/x86_64-linux-gnu/libXfixes.so.3.1.0
7f8048ec4000-7f8048ec5000 r--p 00004000 08:16 1056023                    /usr/lib/x86_64-linux-gnu/libXfixes.so.3.1.0
7f8048ec5000-7f8048ec6000 rw-p 00005000 08:16 1056023                    /usr/lib/x86_64-linux-gnu/libXfixes.so.3.1.0
7f8048ec6000-7f8048ed1000 r-xp 00000000 08:16 1056432                    /usr/lib/x86_64-linux-gnu/libpangocairo-1.0.so.0.3000.0
7f8048ed1000-7f80490d0000 ---p 0000b000 08:16 1056432                    /usr/lib/x86_64-linux-gnu/libpangocairo-1.0.so.0.3000.0
7f80490d0000-7f80490d1000 r--p 0000a000 08:16 1056432                    /usr/lib/x86_64-linux-gnu/libpangocairo-1.0.so.0.3000.0
7f80490d1000-7f80490d2000 rw-p 0000b000 08:16 1056432                    /usr/lib/x86_64-linux-gnu/libpangocairo-1.0.so.0.3000.0
7f80490d2000-7f80490ef000 r-xp 00000000 08:16 1056607                    /usr/lib/x86_64-linux-gnu/libxcb.so.1.1.0
7f80490ef000-7f80492ee000 ---p 0001d000 08:16 1056607                    /usr/lib/x86_64-linux-gnu/libxcb.so.1.1.0
7f80492ee000-7f80492ef000 r--p 0001c000 08:16 1056607                    /usr/lib/x86_64-linux-gnu/libxcb.so.1.1.0
7f80492ef000-7f80492f0000 rw-p 0001d000 08:16 1056607                    /usr/lib/x86_64-linux-gnu/libxcb.so.1.1.0
7f80492f0000-7f8049340000 r-xp 00000000 08:16 1061164                    /usr/lib/x86_64-linux-gnu/libcups.so.2
7f8049340000-7f804953f000 ---p 00050000 08:16 1061164                    /usr/lib/x86_64-linux-gnu/libcups.so.2
7f804953f000-7f8049543000 r--p 0004f000 08:16 1061164                    /usr/lib/x86_64-linux-gnu/libcups.so.2
7f8049543000-7f8049544000 rw-p 00053000 08:16 1061164                    /usr/lib/x86_64-linux-gnu/libcups.so.2
7f8049544000-7f8049636000 r-xp 00000000 08:16 5246604                    /lib/x86_64-linux-gnu/libglib-2.0.so.0.3200.1
7f8049636000-7f8049836000 ---p 000f2000 08:16 5246604                    /lib/x86_64-linux-gnu/libglib-2.0.so.0.3200.1
7f8049836000-7f8049837000 r--p 000f2000 08:16 5246604                    /lib/x86_64-linux-gnu/libglib-2.0.so.0.3200.1
7f8049837000-7f8049838000 rw-p 000f3000 08:16 5246604                    /lib/x86_64-linux-gnu/libglib-2.0.so.0.3200.1
7f8049838000-7f8049839000 rw-p 00000000 00:00 0 
7f8049839000-7f804983a000 r-xp 00000000 08:16 1056309                    /usr/lib/x86_64-linux-gnu/libgthread-2.0.so.0.3200.1
7f804983a000-7f8049a39000 ---p 00001000 08:16 1056309                    /usr/lib/x86_64-linux-gnu/libgthread-2.0.so.0.3200.1
7f8049a39000-7f8049a3a000 r--p 00000000 08:16 1056309                    /usr/lib/x86_64-linux-gnu/libgthread-2.0.so.0.3200.1
7f8049a3a000-7f8049a3b000 rw-p 00001000 08:16 1056309                    /usr/lib/x86_64-linux-gnu/libgthread-2.0.so.0.3200.1
7f8049a3b000-7f8049a88000 r-xp 00000000 08:16 1056254                    /usr/lib/x86_64-linux-gnu/libgobject-2.0.so.0.3200.1
7f8049a88000-7f8049c88000 ---p 0004d000 08:16 1056254                    /usr/lib/x86_64-linux-gnu/libgobject-2.0.so.0.3200.1
7f8049c88000-7f8049c89000 r--p 0004d000 08:16 1056254                    /usr/lib/x86_64-linux-gnu/libgobject-2.0.so.0.3200.1
7f8049c89000-7f8049c8a000 rw-p 0004e000 08:16 1056254                    /usr/lib/x86_64-linux-gnu/libgobject-2.0.so.0.3200.1
7f8049c8a000-7f8049cbe000 r-xp 00000000 08:16 1056195                    /usr/lib/x86_64-linux-gnu/libfontconfig.so.1.4.4
7f8049cbe000-7f8049ebe000 ---p 00034000 08:16 1056195                    /usr/lib/x86_64-linux-gnu/libfontconfig.so.1.4.4
7f8049ebe000-7f8049ebf000 r--p 00034000 08:16 1056195                    /usr/lib/x86_64-linux-gnu/libfontconfig.so.1.4.4
7f8049ebf000-7f8049ec0000 rw-p 00035000 08:16 1056195                    /usr/lib/x86_64-linux-gnu/libfontconfig.so.1.4.4
7f8049ec0000-7f8049f06000 r-xp 00000000 08:16 1056430                    /usr/lib/x86_64-linux-gnu/libpango-1.0.so.0.3000.0
7f8049f06000-7f804a106000 ---p 00046000 08:16 1056430                    /usr/lib/x86_64-linux-gnu/libpango-1.0.so.0.3000.0
7f804a106000-7f804a108000 r--p 00046000 08:16 1056430                    /usr/lib/x86_64-linux-gnu/libpango-1.0.so.0.3000.0
7f804a108000-7f804a109000 rw-p 00048000 08:16 1056430                    /usr/lib/x86_64-linux-gnu/libpango-1.0.so.0.3000.0
7f804a109000-7f804a127000 r-xp 00000000 08:16 1056220                    /usr/lib/x86_64-linux-gnu/libgdk_pixbuf-2.0.so.0.2600.1
7f804a127000-7f804a327000 ---p 0001e000 08:16 1056220                    /usr/lib/x86_64-linux-gnu/libgdk_pixbuf-2.0.so.0.2600.1
7f804a327000-7f804a328000 r--p 0001e000 08:16 1056220                    /usr/lib/x86_64-linux-gnu/libgdk_pixbuf-2.0.so.0.2600.1
7f804a328000-7f804a329000 rw-p 0001f000 08:16 1056220                    /usr/lib/x86_64-linux-gnu/libgdk_pixbuf-2.0.so.0.2600.1
7f804a329000-7f804a471000 r-xp 00000000 08:16 1056230                    /usr/lib/x86_64-linux-gnu/libgio-2.0.so.0.3200.1
7f804a471000-7f804a670000 ---p 00148000 08:16 1056230                    /usr/lib/x86_64-linux-gnu/libgio-2.0.so.0.3200.1
7f804a670000-7f804a674000 r--p 00147000 08:16 1056230                    /usr/lib/x86_64-linux-gnu/libgio-2.0.so.0.3200.1
7f804a674000-7f804a676000 rw-p 0014b000 08:16 1056230                    /usr/lib/x86_64-linux-gnu/libgio-2.0.so.0.3200.1
7f804a676000-7f804a678000 rw-p 00000000 00:00 0 
7f804a678000-7f804a725000 r-xp 00000000 08:16 1056218                    /usr/lib/x86_64-linux-gnu/libgdk-x11-2.0.so.0.2400.10
7f804a725000-7f804a924000 ---p 000ad000 08:16 1056218                    /usr/lib/x86_64-linux-gnu/libgdk-x11-2.0.so.0.2400.10
7f804a924000-7f804a928000 r--p 000ac000 08:16 1056218                    /usr/lib/x86_64-linux-gnu/libgdk-x11-2.0.so.0.2400.10
7f804a928000-7f804a92a000 rw-p 000b0000 08:16 1056218                    /usr/lib/x86_64-linux-gnu/libgdk-x11-2.0.so.0.2400.10
7f804a92a000-7f804ad57000 r-xp 00000000 08:16 1056313                    /usr/lib/x86_64-linux-gnu/libgtk-x11-2.0.so.0.2400.10
7f804ad57000-7f804af57000 ---p 0042d000 08:16 1056313                    /usr/lib/x86_64-linux-gnu/libgtk-x11-2.0.so.0.2400.10
7f804af57000-7f804af5e000 r--p 0042d000 08:16 1056313                    /usr/lib/x86_64-linux-gnu/libgtk-x11-2.0.so.0.2400.10
7f804af5e000-7f804af62000 rw-p 00434000 08:16 1056313                    /usr/lib/x86_64-linux-gnu/libgtk-x11-2.0.so.0.2400.10
7f804af62000-7f804af64000 rw-p 00000000 00:00 0 
7f804af64000-7f804af72000 r-xp 00000000 08:16 1056027                    /usr/lib/x86_64-linux-gnu/libXi.so.6.1.0
7f804af72000-7f804b171000 ---p 0000e000 08:16 1056027                    /usr/lib/x86_64-linux-gnu/libXi.so.6.1.0
7f804b171000-7f804b172000 r--p 0000d000 08:16 1056027                    /usr/lib/x86_64-linux-gnu/libXi.so.6.1.0
7f804b172000-7f804b173000 rw-p 0000e000 08:16 1056027                    /usr/lib/x86_64-linux-gnu/libXi.so.6.1.0
7f804b173000-7f804b178000 r-xp 00000000 08:16 1056045                    /usr/lib/x86_64-linux-gnu/libXtst.so.6.1.0
7f804b178000-7f804b377000 ---p 00005000 08:16 1056045                    /usr/lib/x86_64-linux-gnu/libXtst.so.6.1.0
7f804b377000-7f804b378000 r--p 00004000 08:16 1056045                    /usr/lib/x86_64-linux-gnu/libXtst.so.6.1.0
7f804b378000-7f804b379000 rw-p 00005000 08:16 1056045                    /usr/lib/x86_64-linux-gnu/libXtst.so.6.1.0
7f804b379000-7f804b382000 r-xp 00000000 08:16 1056041                    /usr/lib/x86_64-linux-gnu/libXrender.so.1.3.0
7f804b382000-7f804b581000 ---p 00009000 08:16 1056041                    /usr/lib/x86_64-linux-gnu/libXrender.so.1.3.0
7f804b581000-7f804b582000 r--p 00008000 08:16 1056041                    /usr/lib/x86_64-linux-gnu/libXrender.so.1.3.0
7f804b582000-7f804b583000 rw-p 00009000 08:16 1056041                    /usr/lib/x86_64-linux-gnu/libXrender.so.1.3.0
7f804b583000-7f804b6b2000 r-xp 00000000 08:16 1056006                    /usr/lib/x86_64-linux-gnu/libX11.so.6.3.0
7f804b6b2000-7f804b8b2000 ---p 0012f000 08:16 1056006                    /usr/lib/x86_64-linux-gnu/libX11.so.6.3.0
7f804b8b2000-7f804b8b3000 r--p 0012f000 08:16 1056006                    /usr/lib/x86_64-linux-gnu/libX11.so.6.3.0
7f804b8b3000-7f804b8b7000 rw-p 00130000 08:16 1056006                    /usr/lib/x86_64-linux-gnu/libX11.so.6.3.0
7f804b8b7000-7f804b8c7000 r-xp 00000000 08:16 1056021                    /usr/lib/x86_64-linux-gnu/libXext.so.6.4.0
7f804b8c7000-7f804bac6000 ---p 00010000 08:16 1056021                    /usr/lib/x86_64-linux-gnu/libXext.so.6.4.0
7f804bac6000-7f804bac7000 r--p 0000f000 08:16 1056021                    /usr/lib/x86_64-linux-gnu/libXext.so.6.4.0
7f804bac7000-7f804bac8000 rw-p 00010000 08:16 1056021                    /usr/lib/x86_64-linux-gnu/libXext.so.6.4.0
7f804bac8000-7f804bb1e000 r-xp 00000000 08:16 3544819                    /usr/lib/jvm/java-7-openjdk-amd64/jre/lib/amd64/xawt/libmawt.so
7f804bb1e000-7f804bd1d000 ---p 00056000 08:16 3544819                    /usr/lib/jvm/java-7-openjdk-amd64/jre/lib/amd64/xawt/libmawt.so
7f804bd1d000-7f804bd1e000 r--p 00055000 08:16 3544819                    /usr/lib/jvm/java-7-openjdk-amd64/jre/lib/amd64/xawt/libmawt.so
7f804bd1e000-7f804bd21000 rw-p 00056000 08:16 3544819                    /usr/lib/jvm/java-7-openjdk-amd64/jre/lib/amd64/xawt/libmawt.so
7f804bd21000-7f804bd22000 rw-p 00000000 00:00 0 
7f804bd22000-7f804bdd0000 r-xp 00000000 08:16 3544588                    /usr/lib/jvm/java-7-openjdk-amd64/jre/lib/amd64/libawt.so
7f804bdd0000-7f804bfcf000 ---p 000ae000 08:16 3544588                    /usr/lib/jvm/java-7-openjdk-amd64/jre/lib/amd64/libawt.so
7f804bfcf000-7f804bfd0000 r--p 000ad000 08:16 3544588                    /usr/lib/jvm/java-7-openjdk-amd64/jre/lib/amd64/libawt.so
7f804bfd0000-7f804bfdb000 rw-p 000ae000 08:16 3544588                    /usr/lib/jvm/java-7-openjdk-amd64/jre/lib/amd64/libawt.so
7f804bfdb000-7f804c000000 rw-p 00000000 00:00 0 
7f804c000000-7f804c408000 rw-p 00000000 00:00 0 
7f804c408000-7f8050000000 ---p 00000000 00:00 0 
7f8050000000-7f8050021000 rw-p 00000000 00:00 0 
7f8050021000-7f8054000000 ---p 00000000 00:00 0 
7f8054000000-7f8054021000 rw-p 00000000 00:00 0 
7f8054021000-7f8058000000 ---p 00000000 00:00 0 
7f8058000000-7f80584b2000 rw-p 00000000 00:00 0 
7f80584b2000-7f805c000000 ---p 00000000 00:00 0 
7f805c000000-7f805c021000 rw-p 00000000 00:00 0 
7f805c021000-7f8060000000 ---p 00000000 00:00 0 
7f8060000000-7f8060021000 rw-p 00000000 00:00 0 
7f8060021000-7f8064000000 ---p 00000000 00:00 0 
7f8064000000-7f8064021000 rw-p 00000000 00:00 0 
7f8064021000-7f8068000000 ---p 00000000 00:00 0 
7f8068000000-7f8068021000 rw-p 00000000 00:00 0 
7f8068021000-7f806c000000 ---p 00000000 00:00 0 
7f806c000000-7f806c021000 rw-p 00000000 00:00 0 
7f806c021000-7f8070000000 ---p 00000000 00:00 0 
7f8070002000-7f8070003000 r--s 00000000 08:16 1843619                    /var/cache/fontconfig/c05880de57d1f5e948fdfacc138775d9-le64.cache-3
7f8070003000-7f807000c000 r--s 00000000 08:16 1843614                    /var/cache/fontconfig/945677eb7aeaf62f1d50efc3fb3ec7d8-le64.cache-3
7f807000c000-7f8070014000 r--s 00000000 08:16 1846703                    /var/cache/fontconfig/a6d8cf8e4ec09cdbc8633c31745a07dd-le64.cache-3
7f8070014000-7f8070015000 ---p 00000000 00:00 0 
7f8070015000-7f8070115000 rw-p 00000000 00:00 0 
7f8070115000-7f8070118000 ---p 00000000 00:00 0 
7f8070118000-7f8070216000 rw-p 00000000 00:00 0 
7f8070216000-7f8070219000 ---p 00000000 00:00 0 
7f8070219000-7f8070317000 rw-p 00000000 00:00 0 
7f8070317000-7f807031a000 ---p 00000000 00:00 0 
7f807031a000-7f8070418000 rw-p 00000000 00:00 0 
7f8070418000-7f807041b000 ---p 00000000 00:00 0 
7f807041b000-7f8070519000 rw-p 00000000 00:00 0 
7f8070519000-7f8070bfc000 r--p 00000000 08:16 1055298                    /usr/lib/locale/locale-archive
7f8070bfc000-7f8070bff000 ---p 00000000 00:00 0 
7f8070bff000-7f8070cfd000 rw-p 00000000 00:00 0 
7f8070cfd000-7f8070d00000 ---p 00000000 00:00 0 
7f8070d00000-7f8070dfe000 rw-p 00000000 00:00 0 
7f8070dfe000-7f8070dff000 ---p 00000000 00:00 0 
7f8070dff000-7f8071000000 rw-p 00000000 00:00 0 
7f8071000000-7f8071270000 rwxp 00000000 00:00 0 
7f8071270000-7f8074335000 rw-p 00000000 00:00 0 
7f8074335000-7f8078000000 ---p 00000000 00:00 0 
7f8078003000-7f8078007000 r--s 00000000 08:16 1843601                    /var/cache/fontconfig/2cd17615ca594fa2959ae173292e504c-le64.cache-3
7f8078007000-7f8078008000 r--s 00000000 08:16 1843626                    /var/cache/fontconfig/e7071f4a29fa870f4323321c154eba04-le64.cache-3
7f8078008000-7f8078009000 r--s 00000000 08:16 1843599                    /var/cache/fontconfig/0d8c3b2ac0904cb8a57a757ad11a4a08-le64.cache-3
7f8078009000-7f807800f000 r--s 00000000 08:16 1843616                    /var/cache/fontconfig/a755afe4a08bf5b97852ceb7400b47bc-le64.cache-3
7f807800f000-7f8078010000 r--s 00000000 08:16 1846509                    /var/cache/fontconfig/5a76b20910bc01daa5b6abd117531ab8-le64.cache-3
7f8078010000-7f8078019000 r--s 00000000 08:16 1847215                    /var/cache/fontconfig/6d41288fd70b0be22e8c3a91e032eec0-le64.cache-3
7f8078019000-7f8078029000 r--s 00000000 08:16 1843598                    /var/cache/fontconfig/04aabc0a78ac019cf9454389977116d2-le64.cache-3
7f8078029000-7f807802c000 r--s 00000000 08:16 1843604                    /var/cache/fontconfig/385c0604a188198f04d133e54aba7fe7-le64.cache-3
7f807802c000-7f807802d000 r--s 00000000 08:16 1841789                    /var/cache/fontconfig/4794a0821666d79190d59a36cb4f44b5-le64.cache-3
7f807802d000-7f8078030000 r--s 00000000 08:16 1843613                    /var/cache/fontconfig/8801497958630a81b71ace7c5f9b32a8-le64.cache-3
7f8078030000-7f807805e000 r--s 00000000 08:16 1846701                    /var/cache/fontconfig/365b55f210c0a22e9a19e35191240f32-le64.cache-3
7f807805e000-7f8078063000 r--s 00000000 08:16 1843602                    /var/cache/fontconfig/3047814df9a2f067bd2d96a2b9c36e5a-le64.cache-3
7f8078063000-7f8078064000 r--s 00000000 08:16 1843607                    /var/cache/fontconfig/56cf4f4769d0f4abc89a4895d7bd3ae1-le64.cache-3
7f8078064000-7f8078065000 r--s 00000000 08:16 1843618                    /var/cache/fontconfig/b9d506c9ac06c20b433354fa67a72993-le64.cache-3
7f8078065000-7f807806a000 r--s 00000000 08:16 1843617                    /var/cache/fontconfig/b47c4e1ecd0709278f4910c18777a504-le64.cache-3
7f807806a000-7f8078072000 r--s 00000000 08:16 1846702                    /var/cache/fontconfig/52f7bdb7ce746bfd7eaa1985bd9cfa93-le64.cache-3
7f8078072000-7f8078082000 r--s 00000000 08:16 1843622                    /var/cache/fontconfig/d52a8644073d54c13679302ca1180695-le64.cache-3
7f8078082000-7f8078088000 r--s 00000000 08:16 1846508                    /var/cache/fontconfig/3f7329c5293ffd510edef78f73874cfd-le64.cache-3
7f8078088000-7f807808b000 r--s 00000000 08:16 1842402                    /var/cache/fontconfig/e13b20fdb08344e0e664864cc2ede53d-le64.cache-3
7f807808b000-7f807808f000 r--s 00000000 08:16 1846742                    /var/cache/fontconfig/7ef2298fde41cc6eeb7af42e48b7d293-le64.cache-3
7f807808f000-7f8078098000 r--s 00263000 08:16 1050329                    /usr/lib/jvm/java-7-openjdk-common/jre/lib/resources.jar
7f8078098000-7f8078099000 r--s 00006000 08:16 3676784                    /home/relissa/jmonkeyplatform/jmonkeyplatform/libs/noise-0.0.1-SNAPSHOT.jar
7f8078099000-7f807809c000 r--s 0001a000 08:16 3677188                    /home/relissa/jmonkeyplatform/jmonkeyplatform/libs/xmlpull-xpp3.jar
7f807809c000-7f807809e000 r--s 0003c000 08:16 3677429                    /home/relissa/jmonkeyplatform/jmonkeyplatform/libs/vecmath.jar
7f807809e000-7f807809f000 r--s 0000b000 08:16 3677222                    /home/relissa/jmonkeyplatform/jmonkeyplatform/libs/stack-alloc.jar
7f807809f000-7f80780a1000 r--s 0000d000 08:16 3676956                    /home/relissa/jmonkeyplatform/jmonkeyplatform/libs/nifty-style-black.jar
7f80780a1000-7f80780a7000 r--s 00030000 08:16 3676642                    /home/relissa/jmonkeyplatform/jmonkeyplatform/libs/nifty-default-controls.jar
7f80780a7000-7f80780b1000 r--s 0006a000 08:16 3677370                    /home/relissa/jmonkeyplatform/jmonkeyplatform/libs/nifty.jar
7f80780b1000-7f80780b3000 r--s 00012000 08:16 3677292                    /home/relissa/jmonkeyplatform/jmonkeyplatform/libs/eventbus.jar
7f80780b3000-7f80780c0000 r--s 000d2000 08:16 3677369                    /home/relissa/jmonkeyplatform/jmonkeyplatform/libs/lwjgl.jar
7f80780c0000-7f80780c4000 r--s 00030000 08:16 3677346                    /home/relissa/jmonkeyplatform/jmonkeyplatform/libs/jinput.jar
7f80780c4000-7f80780ce000 r--s 00079000 08:16 3677317                    /home/relissa/jmonkeyplatform/jmonkeyplatform/libs/jbullet.jar
7f80780ce000-7f80780cf000 r--s 001f3000 08:16 3676914                    /home/relissa/jmonkeyplatform/jmonkeyplatform/libs/jME3-lwjgl-natives.jar
7f80780cf000-7f80780d0000 r--s 00009000 08:16 3677159                    /home/relissa/jmonkeyplatform/jmonkeyplatform/libs/j-ogg-vorbisd.jar
7f80780d0000-7f80780d2000 r--s 00005000 08:16 3677249                    /home/relissa/jmonkeyplatform/jmonkeyplatform/libs/j-ogg-oggd.jar
7f80780d2000-7f80780d5000 r--s 00020000 08:16 3677185                    /home/relissa/jmonkeyplatform/jmonkeyplatform/libs/jME3-jbullet.jar
7f80780d5000-7f8078343000 rw-p 00000000 00:00 0 
7f8078343000-7f80784f2000 r--s 03e91000 08:16 3544596                    /usr/lib/jvm/java-7-openjdk-amd64/jre/lib/rt.jar
7f80784f2000-7f807851a000 rw-p 00000000 00:00 0 
7f807851a000-7f807851b000 ---p 00000000 00:00 0 
7f807851b000-7f807861b000 rw-p 00000000 00:00 0 
7f807861b000-7f807861c000 ---p 00000000 00:00 0 
7f807861c000-7f8078727000 rw-p 00000000 00:00 0 
7f8078727000-7f807876f000 rw-p 00000000 00:00 0 
7f807876f000-7f8078783000 rw-p 00000000 00:00 0 
7f8078783000-7f80788a4000 rw-p 00000000 00:00 0 
7f80788a4000-7f80788af000 rw-p 00000000 00:00 0 
7f80788af000-7f80788f7000 rw-p 00000000 00:00 0 
7f80788f7000-7f807890b000 rw-p 00000000 00:00 0 
7f807890b000-7f8078a2b000 rw-p 00000000 00:00 0 
7f8078a2b000-7f8078a36000 rw-p 00000000 00:00 0 
7f8078a36000-7f8078ac6000 rw-p 00000000 00:00 0 
7f8078ac6000-7f8078ac7000 rw-p 00000000 00:00 0 
7f8078ac7000-7f8078acf000 r-xp 00000000 08:16 3544581                    /usr/lib/jvm/java-7-openjdk-amd64/jre/lib/amd64/libzip.so
7f8078acf000-7f8078cce000 ---p 00008000 08:16 3544581                    /usr/lib/jvm/java-7-openjdk-amd64/jre/lib/amd64/libzip.so
7f8078cce000-7f8078ccf000 r--p 00007000 08:16 3544581                    /usr/lib/jvm/java-7-openjdk-amd64/jre/lib/amd64/libzip.so
7f8078ccf000-7f8078cd0000 rw-p 00008000 08:16 3544581                    /usr/lib/jvm/java-7-openjdk-amd64/jre/lib/amd64/libzip.so
7f8078cd0000-7f8078cdc000 r-xp 00000000 08:16 5246630                    /lib/x86_64-linux-gnu/libnss_files-2.15.so
7f8078cdc000-7f8078edb000 ---p 0000c000 08:16 5246630                    /lib/x86_64-linux-gnu/libnss_files-2.15.so
7f8078edb000-7f8078edc000 r--p 0000b000 08:16 5246630                    /lib/x86_64-linux-gnu/libnss_files-2.15.so
7f8078edc000-7f8078edd000 rw-p 0000c000 08:16 5246630                    /lib/x86_64-linux-gnu/libnss_files-2.15.so
7f8078edd000-7f8078ee7000 r-xp 00000000 08:16 5246634                    /lib/x86_64-linux-gnu/libnss_nis-2.15.so
7f8078ee7000-7f80790e7000 ---p 0000a000 08:16 5246634                    /lib/x86_64-linux-gnu/libnss_nis-2.15.so
7f80790e7000-7f80790e8000 r--p 0000a000 08:16 5246634                    /lib/x86_64-linux-gnu/libnss_nis-2.15.so
7f80790e8000-7f80790e9000 rw-p 0000b000 08:16 5246634                    /lib/x86_64-linux-gnu/libnss_nis-2.15.so
7f80790e9000-7f8079100000 r-xp 00000000 08:16 5246624                    /lib/x86_64-linux-gnu/libnsl-2.15.so
7f8079100000-7f80792ff000 ---p 00017000 08:16 5246624                    /lib/x86_64-linux-gnu/libnsl-2.15.so
7f80792ff000-7f8079300000 r--p 00016000 08:16 5246624                    /lib/x86_64-linux-gnu/libnsl-2.15.so
7f8079300000-7f8079301000 rw-p 00017000 08:16 5246624                    /lib/x86_64-linux-gnu/libnsl-2.15.so
7f8079301000-7f8079303000 rw-p 00000000 00:00 0 
7f8079303000-7f807930b000 r-xp 00000000 08:16 5246626                    /lib/x86_64-linux-gnu/libnss_compat-2.15.so
7f807930b000-7f807950a000 ---p 00008000 08:16 5246626                    /lib/x86_64-linux-gnu/libnss_compat-2.15.so
7f807950a000-7f807950b000 r--p 00007000 08:16 5246626                    /lib/x86_64-linux-gnu/libnss_compat-2.15.so
7f807950b000-7f807950c000 rw-p 00008000 08:16 5246626                    /lib/x86_64-linux-gnu/libnss_compat-2.15.so
7f807950c000-7f8079533000 r-xp 00000000 08:16 3544563                    /usr/lib/jvm/java-7-openjdk-amd64/jre/lib/amd64/libjava.so
7f8079533000-7f8079732000 ---p 00027000 08:16 3544563                    /usr/lib/jvm/java-7-openjdk-amd64/jre/lib/amd64/libjava.so
7f8079732000-7f8079733000 r--p 00026000 08:16 3544563                    /usr/lib/jvm/java-7-openjdk-amd64/jre/lib/amd64/libjava.so
7f8079733000-7f8079735000 rw-p 00027000 08:16 3544563                    /usr/lib/jvm/java-7-openjdk-amd64/jre/lib/amd64/libjava.so
7f8079735000-7f8079743000 r-xp 00000000 08:16 3544574                    /usr/lib/jvm/java-7-openjdk-amd64/jre/lib/amd64/libverify.so
7f8079743000-7f8079942000 ---p 0000e000 08:16 3544574                    /usr/lib/jvm/java-7-openjdk-amd64/jre/lib/amd64/libverify.so
7f8079942000-7f8079944000 r--p 0000d000 08:16 3544574                    /usr/lib/jvm/java-7-openjdk-amd64/jre/lib/amd64/libverify.so
7f8079944000-7f8079945000 rw-p 0000f000 08:16 3544574                    /usr/lib/jvm/java-7-openjdk-amd64/jre/lib/amd64/libverify.so
7f8079945000-7f807994c000 r-xp 00000000 08:16 5246665                    /lib/x86_64-linux-gnu/librt-2.15.so
7f807994c000-7f8079b4b000 ---p 00007000 08:16 5246665                    /lib/x86_64-linux-gnu/librt-2.15.so
7f8079b4b000-7f8079b4c000 r--p 00006000 08:16 5246665                    /lib/x86_64-linux-gnu/librt-2.15.so
7f8079b4c000-7f8079b4d000 rw-p 00007000 08:16 5246665                    /lib/x86_64-linux-gnu/librt-2.15.so
7f8079b4d000-7f8079b62000 r-xp 00000000 08:16 5246600                    /lib/x86_64-linux-gnu/libgcc_s.so.1
7f8079b62000-7f8079d61000 ---p 00015000 08:16 5246600                    /lib/x86_64-linux-gnu/libgcc_s.so.1
7f8079d61000-7f8079d62000 r--p 00014000 08:16 5246600                    /lib/x86_64-linux-gnu/libgcc_s.so.1
7f8079d62000-7f8079d63000 rw-p 00015000 08:16 5246600                    /lib/x86_64-linux-gnu/libgcc_s.so.1
7f8079d63000-7f8079e5c000 r-xp 00000000 08:16 5246611                    /lib/x86_64-linux-gnu/libm-2.15.so
7f8079e5c000-7f807a05b000 ---p 000f9000 08:16 5246611                    /lib/x86_64-linux-gnu/libm-2.15.so
7f807a05b000-7f807a05c000 r--p 000f8000 08:16 5246611                    /lib/x86_64-linux-gnu/libm-2.15.so
7f807a05c000-7f807a05d000 rw-p 000f9000 08:16 5246611                    /lib/x86_64-linux-gnu/libm-2.15.so
7f807a05d000-7f807a13f000 r-xp 00000000 08:16 1056535                    /usr/lib/x86_64-linux-gnu/libstdc++.so.6.0.16
7f807a13f000-7f807a33e000 ---p 000e2000 08:16 1056535                    /usr/lib/x86_64-linux-gnu/libstdc++.so.6.0.16
7f807a33e000-7f807a346000 r--p 000e1000 08:16 1056535                    /usr/lib/x86_64-linux-gnu/libstdc++.so.6.0.16
7f807a346000-7f807a348000 rw-p 000e9000 08:16 1056535                    /usr/lib/x86_64-linux-gnu/libstdc++.so.6.0.16
7f807a348000-7f807a35d000 rw-p 00000000 00:00 0 
7f807a35d000-7f807acf0000 r-xp 00000000 08:16 3544559                    /usr/lib/jvm/java-7-openjdk-amd64/jre/lib/amd64/server/libjvm.so
7f807acf0000-7f807aef0000 ---p 00993000 08:16 3544559                    /usr/lib/jvm/java-7-openjdk-amd64/jre/lib/amd64/server/libjvm.so
7f807aef0000-7f807af6a000 r--p 00993000 08:16 3544559                    /usr/lib/jvm/java-7-openjdk-amd64/jre/lib/amd64/server/libjvm.so
7f807af6a000-7f807af8c000 rw-p 00a0d000 08:16 3544559                    /usr/lib/jvm/java-7-openjdk-amd64/jre/lib/amd64/server/libjvm.so
7f807af8c000-7f807afb7000 rw-p 00000000 00:00 0 
7f807afb7000-7f807afcf000 r-xp 00000000 08:16 5246659                    /lib/x86_64-linux-gnu/libpthread-2.15.so
7f807afcf000-7f807b1ce000 ---p 00018000 08:16 5246659                    /lib/x86_64-linux-gnu/libpthread-2.15.so
7f807b1ce000-7f807b1cf000 r--p 00017000 08:16 5246659                    /lib/x86_64-linux-gnu/libpthread-2.15.so
7f807b1cf000-7f807b1d0000 rw-p 00018000 08:16 5246659                    /lib/x86_64-linux-gnu/libpthread-2.15.so
7f807b1d0000-7f807b1d4000 rw-p 00000000 00:00 0 
7f807b1d4000-7f807b1ea000 r-xp 00000000 08:16 5246690                    /lib/x86_64-linux-gnu/libz.so.1.2.3.4
7f807b1ea000-7f807b3e9000 ---p 00016000 08:16 5246690                    /lib/x86_64-linux-gnu/libz.so.1.2.3.4
7f807b3e9000-7f807b3ea000 r--p 00015000 08:16 5246690                    /lib/x86_64-linux-gnu/libz.so.1.2.3.4
7f807b3ea000-7f807b3eb000 rw-p 00016000 08:16 5246690                    /lib/x86_64-linux-gnu/libz.so.1.2.3.4
7f807b3eb000-7f807b3ed000 r-xp 00000000 08:16 5246592                    /lib/x86_64-linux-gnu/libdl-2.15.so
7f807b3ed000-7f807b5ed000 ---p 00002000 08:16 5246592                    /lib/x86_64-linux-gnu/libdl-2.15.so
7f807b5ed000-7f807b5ee000 r--p 00002000 08:16 5246592                    /lib/x86_64-linux-gnu/libdl-2.15.so
7f807b5ee000-7f807b5ef000 rw-p 00003000 08:16 5246592                    /lib/x86_64-linux-gnu/libdl-2.15.so
7f807b5ef000-7f807b7a2000 r-xp 00000000 08:16 5246579                    /lib/x86_64-linux-gnu/libc-2.15.so
7f807b7a2000-7f807b9a1000 ---p 001b3000 08:16 5246579                    /lib/x86_64-linux-gnu/libc-2.15.so
7f807b9a1000-7f807b9a5000 r--p 001b2000 08:16 5246579                    /lib/x86_64-linux-gnu/libc-2.15.so
7f807b9a5000-7f807b9a7000 rw-p 001b6000 08:16 5246579                    /lib/x86_64-linux-gnu/libc-2.15.so
7f807b9a7000-7f807b9ac000 rw-p 00000000 00:00 0 
7f807b9ac000-7f807b9b8000 r-xp 00000000 08:16 3544565                    /usr/lib/jvm/java-7-openjdk-amd64/jre/lib/amd64/jli/libjli.so
7f807b9b8000-7f807bbb8000 ---p 0000c000 08:16 3544565                    /usr/lib/jvm/java-7-openjdk-amd64/jre/lib/amd64/jli/libjli.so
7f807bbb8000-7f807bbb9000 r--p 0000c000 08:16 3544565                    /usr/lib/jvm/java-7-openjdk-amd64/jre/lib/amd64/jli/libjli.so
7f807bbb9000-7f807bbba000 rw-p 0000d000 08:16 3544565                    /usr/lib/jvm/java-7-openjdk-amd64/jre/lib/amd64/jli/libjli.so
7f807bbba000-7f807bbdc000 r-xp 00000000 08:16 5246559                    /lib/x86_64-linux-gnu/ld-2.15.so
7f807bbdc000-7f807bbdd000 rw-p 00000000 00:00 0 
7f807bbdd000-7f807bbf8000 r--s 00228000 08:16 3677111                    /home/relissa/jmonkeyplatform/jmonkeyplatform/libs/jMonkeyEngine3.jar
7f807bbf8000-7f807bc02000 rw-p 00000000 00:00 0 
7f807bc02000-7f807bcb8000 rw-p 00000000 00:00 0 
7f807bcb8000-7f807bcbb000 ---p 00000000 00:00 0 
7f807bcbb000-7f807bdbe000 rw-p 00000000 00:00 0 
7f807bdbe000-7f807bdc0000 r--s 00000000 08:16 1843615                    /var/cache/fontconfig/99e8ed0e538f840c565b6ed5dad60d56-le64.cache-3
7f807bdc0000-7f807bdc3000 r--s 00032000 08:16 1050313                    /usr/lib/jvm/java-7-openjdk-common/jre/lib/ext/sunjce_provider.jar
7f807bdc3000-7f807bdc5000 r--s 00012000 08:16 1050314                    /usr/lib/jvm/java-7-openjdk-common/jre/lib/ext/zipfs.jar
7f807bdc5000-7f807bdc6000 r--s 00002000 08:16 1050311                    /usr/lib/jvm/java-7-openjdk-common/jre/lib/ext/dnsns.jar
7f807bdc6000-7f807bdc9000 r--s 00085000 08:16 1050312                    /usr/lib/jvm/java-7-openjdk-common/jre/lib/ext/localedata.jar
7f807bdc9000-7f807bdcc000 r--s 0000f000 08:16 1050315                    /usr/lib/jvm/java-7-openjdk-common/jre/lib/ext/pulse-java.jar
7f807bdcc000-7f807bdcd000 r--s 00007000 08:16 1453403                    /usr/share/java/java-atk-wrapper.jar
7f807bdcd000-7f807bdd0000 r--s 0003c000 08:16 1050310                    /usr/lib/jvm/java-7-openjdk-common/jre/lib/ext/sunpkcs11.jar
7f807bdd0000-7f807bdd8000 rw-s 00000000 08:16 4063324                    /tmp/hsperfdata_relissa/7810 (deleted)
7f807bdd8000-7f807bdd9000 rw-p 00000000 00:00 0 
7f807bdd9000-7f807bdda000 ---p 00000000 00:00 0 
7f807bdda000-7f807bddc000 rw-p 00000000 00:00 0 
7f807bddc000-7f807bddd000 r--p 00022000 08:16 5246559                    /lib/x86_64-linux-gnu/ld-2.15.so
7f807bddd000-7f807bddf000 rw-p 00023000 08:16 5246559                    /lib/x86_64-linux-gnu/ld-2.15.so
7fff0549a000-7fff054bb000 rw-p 00000000 00:00 0                          [stack]
7fff055ff000-7fff05600000 r-xp 00000000 00:00 0                          [vdso]
ffffffffff600000-ffffffffff601000 r-xp 00000000 00:00 0                  [vsyscall]

VM Arguments:
jvm_args: -Dfile.encoding=UTF-8 
java_command: OCLP.Main
Launcher Type: SUN_STANDARD

Environment Variables:
PATH=/usr/lib/lightdm/lightdm:/usr/local/sbin:/usr/local/bin:/usr/sbin:/usr/bin:/sbin:/bin:/usr/games
SHELL=/bin/bash
DISPLAY=:0

Signal Handlers:
SIGSEGV: [libjvm.so+0x8065e0], sa_mask[0]=0x7ffbfeff, sa_flags=0x10000004
SIGBUS: [libjvm.so+0x8065e0], sa_mask[0]=0x7ffbfeff, sa_flags=0x10000004
SIGFPE: [libjvm.so+0x6ac6d0], sa_mask[0]=0x7ffbfeff, sa_flags=0x10000004
SIGPIPE: [libjvm.so+0x6ac6d0], sa_mask[0]=0x7ffbfeff, sa_flags=0x10000004
SIGXFSZ: [libjvm.so+0x6ac6d0], sa_mask[0]=0x7ffbfeff, sa_flags=0x10000004
SIGILL: [libjvm.so+0x6ac6d0], sa_mask[0]=0x7ffbfeff, sa_flags=0x10000004
SIGUSR1: SIG_DFL, sa_mask[0]=0x00000000, sa_flags=0x00000000
SIGUSR2: [libjvm.so+0x6acaa0], sa_mask[0]=0x00000004, sa_flags=0x10000004
SIGHUP: [libjvm.so+0x6acbe0], sa_mask[0]=0x7ffbfeff, sa_flags=0x10000004
SIGINT: SIG_IGN, sa_mask[0]=0x00000000, sa_flags=0x00000000
SIGTERM: [libjvm.so+0x6acbe0], sa_mask[0]=0x7ffbfeff, sa_flags=0x10000004
SIGQUIT: [libjvm.so+0x6acbe0], sa_mask[0]=0x7ffbfeff, sa_flags=0x10000004


---------------  S Y S T E M  ---------------

OS:Ubuntu 12.04 (precise)
uname:Linux 3.2.0-24-generic #39-Ubuntu SMP Mon May 21 16:52:17 UTC 2012 x86_64
libc:glibc 2.15 NPTL 2.15 
rlimit: STACK 8192k, CORE 0k, NPROC 28916, NOFILE 4096, AS infinity
load average:1.20 1.24 1.30

/proc/meminfo:
MemTotal:        3791568 kB
MemFree:          865408 kB
Buffers:          128456 kB
Cached:          1271392 kB
SwapCached:          448 kB
Active:          1643520 kB
Inactive:         955988 kB
Active(anon):     980700 kB
Inactive(anon):   231448 kB
Active(file):     662820 kB
Inactive(file):   724540 kB
Unevictable:           0 kB
Mlocked:               0 kB
SwapTotal:        999420 kB
SwapFree:         997980 kB
Dirty:               424 kB
Writeback:             4 kB
AnonPages:       1199348 kB
Mapped:           217308 kB
Shmem:             12468 kB
Slab:             144100 kB
SReclaimable:     118036 kB
SUnreclaim:        26064 kB
KernelStack:        3016 kB
PageTables:        30976 kB
NFS_Unstable:          0 kB
Bounce:                0 kB
WritebackTmp:          0 kB
CommitLimit:     2895204 kB
Committed_AS:    2735656 kB
VmallocTotal:   34359738367 kB
VmallocUsed:      300648 kB
VmallocChunk:   34359435432 kB
HardwareCorrupted:     0 kB
AnonHugePages:         0 kB
HugePages_Total:       0
HugePages_Free:        0
HugePages_Rsvd:        0
HugePages_Surp:        0
Hugepagesize:       2048 kB
DirectMap4k:     3659264 kB
DirectMap2M:      272384 kB
DirectMap1G:           0 kB


CPU:total 2 (2 cores per cpu, 1 threads per core) family 16 model 6 stepping 2, cmov, cx8, fxsr, mmx, sse, sse2, sse3, popcnt, mmxext, 3dnowpref, lzcnt, sse4a

/proc/cpuinfo:
processor	: 0
vendor_id	: AuthenticAMD
cpu family	: 16
model		: 6
model name	: AMD Athlon(tm) II X2 215 Processor
stepping	: 2
microcode	: 0x100009f
cpu MHz		: 2700.000
cache size	: 512 KB
physical id	: 0
siblings	: 2
core id		: 0
cpu cores	: 2
apicid		: 0
initial apicid	: 0
fpu		: yes
fpu_exception	: yes
cpuid level	: 5
wp		: yes
flags		: fpu vme de pse tsc msr pae mce cx8 apic sep mtrr pge mca cmov pat pse36 clflush mmx fxsr sse sse2 ht syscall nx mmxext fxsr_opt pdpe1gb rdtscp lm 3dnowext 3dnow constant_tsc rep_good nopl nonstop_tsc extd_apicid pni monitor cx16 popcnt lahf_lm cmp_legacy svm extapic cr8_legacy abm sse4a misalignsse 3dnowprefetch osvw ibs skinit wdt npt lbrv svm_lock nrip_save
bogomips	: 5400.31
TLB size	: 1024 4K pages
clflush size	: 64
cache_alignment	: 64
address sizes	: 48 bits physical, 48 bits virtual
power management: ts ttp tm stc 100mhzsteps hwpstate

processor	: 1
vendor_id	: AuthenticAMD
cpu family	: 16
model		: 6
model name	: AMD Athlon(tm) II X2 215 Processor
stepping	: 2
microcode	: 0x100009f
cpu MHz		: 2700.000
cache size	: 512 KB
physical id	: 0
siblings	: 2
core id		: 1
cpu cores	: 2
apicid		: 1
initial apicid	: 1
fpu		: yes
fpu_exception	: yes
cpuid level	: 5
wp		: yes
flags		: fpu vme de pse tsc msr pae mce cx8 apic sep mtrr pge mca cmov pat pse36 clflush mmx fxsr sse sse2 ht syscall nx mmxext fxsr_opt pdpe1gb rdtscp lm 3dnowext 3dnow constant_tsc rep_good nopl nonstop_tsc extd_apicid pni monitor cx16 popcnt lahf_lm cmp_legacy svm extapic cr8_legacy abm sse4a misalignsse 3dnowprefetch osvw ibs skinit wdt npt lbrv svm_lock nrip_save
bogomips	: 5386.51
TLB size	: 1024 4K pages
clflush size	: 64
cache_alignment	: 64
address sizes	: 48 bits physical, 48 bits virtual
power management: ts ttp tm stc 100mhzsteps hwpstate



Memory: 4k page, physical 3791568k(865408k free), swap 999420k(997980k free)

vm_info: OpenJDK 64-Bit Server VM (22.0-b10) for linux-amd64 JRE (1.7.0_03-b147), built on May  2 2012 16:57:58 by "buildd" with gcc 4.6.3

time: Sat Jun  9 12:28:30 2012
elapsed time: 5 seconds

